
       ╔════════════════════════════════════════════════╗
       ║                                                ║
       ║     ██████╗██████╗ ███████╗███████╗████████╗   ║
       ║    ██╔════╝██╔══██╗██╔════╝██╔════╝╚══██╔══╝   ║
       ║    ██║     ██████╔╝█████╗  ███████╗   ██║      ║
       ║    ██║     ██╔══██╗██╔══╝  ╚════██║   ██║      ║
       ║    ╚██████╗██║  ██║███████╗███████║   ██║      ║
       ║     ╚═════╝╚═╝  ╚═╝╚══════╝╚══════╝   ╚═╝      ║
       ║                                                ║
       ║    Conformer-Rotamer Ensemble Sampling Tool    ║
       ║            based on the xTB methods            ║
       ║                                                ║
       ╚════════════════════════════════════════════════╝
        Version 3.0.2, Mon, 29 September 16:25:59, 09/29/2025
        commit (c39758d) compiled by 'andrey@PC1'

   Cite work conducted with this code as

   • P.Pracht, F.Bohle, S.Grimme, PCCP, 2020, 22, 7169-7192.
   • S.Grimme, JCTC, 2019, 15, 2847-2862.
   • P.Pracht, S.Grimme, C.Bannwarth, F.Bohle, S.Ehlert,
     G.Feldmann, J.Gorges, M.Müller, T.Neudecker, C.Plett,
     S.Spicher, P.Steinbach, P.Wesołowski, F.Zeller,
     J. Chem. Phys., 2024, 160, 114110.

   for works involving QCG cite

   • S.Spicher, C.Plett, P.Pracht, A.Hansen, S.Grimme,
     JCTC, 2022, 18 (5), 3174-3189.
   • C.Plett, S. Grimme,
     Angew. Chem. Int. Ed. 2023, 62, e202214477.

   for works involving MECP screening cite

   • P.Pracht, C.Bannwarth, JCTC, 2022, 18 (10), 6370-6385.

   Original code
     P.Pracht, S.Grimme, Universität Bonn, MCTC
   with help from (alphabetical order):
     C.Bannwarth, F.Bohle, S.Ehlert, G.Feldmann, J.Gorges,
     S.Grimme, C.Plett, P.Pracht, S.Spicher, P.Steinbach,
     P.Wesolowski, F.Zeller

   Online documentation is available at
   https://crest-lab.github.io/crest-docs/

   This program is distributed in the hope that it will be useful,
   but WITHOUT ANY WARRANTY; without even the implied warranty of
   MERCHANTABILITY or FITNESS FOR A PARTICULAR PURPOSE. See the
   GNU Lesser General Public License (LGPL) for more details.

 Command line input:
 $ ./crest m1_01_Vitamin_B1-uni_conformers-CLUST_2_gfn1_opt.xyz --T 16 --gfn1 --chrg 1

  --T 16 (CPUs/Threads selected)
  --gfn1               : Use of GFN1-xTB requested.
  --chrg 1

> Setting up backup calculator ... done.
 ----------------
 Calculation info
 ----------------
> User-defined calculation level:
 : xTB calculation via tblite lib
 : GFN1-xTB level
 :   Molecular charge    : 1
 :   Fermi temperature   : 300.00000
 :   Accuracy            : 1.00000
 :   max SCC cycles      : 500


 -----------------------------
 Initial Geometry Optimization
 -----------------------------
 Geometry successfully optimized.

          ┍━━━━━━━━━━━━━━━━━━━━━━━━━━━━━━━━━━━━━━━━━━━━━━━━━┑
          │              CREST iMTD-GC SAMPLING             │
          ┕━━━━━━━━━━━━━━━━━━━━━━━━━━━━━━━━━━━━━━━━━━━━━━━━━┙

 Input structure:
  35

 S          2.1370419118       -1.0147488165       -0.7698468302
 O          4.5725499997       -1.5246438184       -0.6835417564
 N          0.5248879343        0.8229866285       -0.2053209952
 N         -4.0032207863       -0.2123674591       -0.5483888125
 N         -2.8969985309       -0.9644199476        1.3892261668
 N         -3.1768498535        1.4055198031       -1.9247894740
 C          1.6326272435        1.0980781498        0.5740878615
 C         -0.7160728127        1.6220056361       -0.2214305987
 C          2.6176266972        0.1763784099        0.3809582112
 C          3.9664889801        0.0858121319        1.0157926504
 C         -1.8994966241        0.7218719646        0.0432216137
 C          0.6372860977       -0.2620242581       -0.9486704447
 C          1.6568674838        2.2761171254        1.4910256513
 C          5.0135071726       -0.3648848151       -0.0225369214
 C         -3.0246276533        0.6575245509       -0.7957323939
 C         -1.9071149520       -0.1237215632        1.1463288405
 C         -3.9138626585       -0.9856663324        0.5226047049
 C         -5.0263369363       -1.9416174033        0.7911984298
 H         -0.7815093031        2.0997630681       -1.2029522647
 H         -0.6270918899        2.4001624271        0.5390168965
 H          3.9307792241       -0.6490685823        1.8267047980
 H          4.2575488607        1.0482199944        1.4414926358
 H         -0.1526597899       -0.5927254148       -1.6047348535
 H          0.8773466910        2.1900755577        2.2492278462
 H          2.6193606831        2.3346535497        1.9953748011
 H          1.5006297664        3.2018177497        0.9360631952
 H          5.9770976876       -0.5304785988        0.4761984112
 H          5.1342184074        0.4126603762       -0.7851786583
 H         -1.0741757110       -0.1253469514        1.8452565942
 H         -2.7434273987        2.3105891682       -1.9773431389
 H         -4.1021740437        1.3505286131       -2.3217044231
 H          4.7413763997       -2.3209839620       -0.1617078094
 H         -4.6242307465       -2.9331761743        0.9968172538
 H         -5.5777253241       -1.6165484221        1.6747367697
 H         -5.7047266194       -1.9831142766       -0.0580779125

 ------------------------------------------------
 Generating MTD length from a flexibility measure
 ------------------------------------------------
 Calculating GFN0-xTB WBOs   ... done.
 Calculating NCI flexibility ... done.
     covalent flexibility measure :   0.322
 non-covalent flexibility measure :   0.739
 flexibility measure :   0.370
 t(MTD) / ps    :     8.0
 Σ(t(MTD)) / ps :   112.0 (14 MTDs)

 -----------------------------------
 Starting trial MTD to test settings
 -----------------------------------
 Trial MTD 1 runtime (1.0 ps) ...        0 min,  6.499 sec
 Estimated runtime for one MTD (8.0 ps) on a single thread: 52 sec
 Estimated runtime for a batch of 14 MTDs on 16 threads: 52 sec

********************************************************************************
**                    N E W   I T E R A T I O N  C Y C L E                    **
********************************************************************************

 ------------------------------
 Meta-Dynamics Iteration 1
 ------------------------------
 list of applied metadynamics Vbias parameters:
$metadyn    0.10500   1.300
$metadyn    0.05250   1.300
$metadyn    0.02625   1.300
$metadyn    0.10500   0.780
$metadyn    0.05250   0.780
$metadyn    0.02625   0.780
$metadyn    0.10500   0.468
$metadyn    0.05250   0.468
$metadyn    0.02625   0.468
$metadyn    0.10500   0.281
$metadyn    0.05250   0.281
$metadyn    0.02625   0.281
$metadyn    0.03500   0.100
$metadyn    0.17500   0.800

  ::::::::::::: starting MTD    1 :::::::::::::
  |   MD simulation time   :     8.0 ps       |
  |   target T             :   300.0 K        |
  |   timestep dt          :     5.0 fs       |
  |   dump interval(trj)   :   100.0 fs       |
  |   SHAKE algorithm      : true (all bonds) |
  |   dump interval(Vbias) :    1.00 ps       |
  |   Vbias prefactor (k)  :  0.1050 Eh       |
  |   Vbias exponent (α)   :  1.3000 bohr⁻²   |
  ::::::::::::: starting MTD    3 :::::::::::::
  |   MD simulation time   :     8.0 ps       |
  |   target T             :   300.0 K        |
  |   timestep dt          :     5.0 fs       |
  |   dump interval(trj)   :   100.0 fs       |
  |   SHAKE algorithm      : true (all bonds) |
  |   dump interval(Vbias) :    1.00 ps       |
  |   Vbias prefactor (k)  :  0.0262 Eh       |
  |   Vbias exponent (α)   :  1.3000 bohr⁻²   |
  ::::::::::::: starting MTD    9 :::::::::::::
  |   MD simulation time   :     8.0 ps       |
  |   target T             :   300.0 K        |
  |   timestep dt          :     5.0 fs       |
  |   dump interval(trj)   :   100.0 fs       |
  |   SHAKE algorithm      : true (all bonds) |
  |   dump interval(Vbias) :    1.00 ps       |
  |   Vbias prefactor (k)  :  0.0262 Eh       |
  |   Vbias exponent (α)   :  0.4680 bohr⁻²   |
  ::::::::::::: starting MTD    2 :::::::::::::
  |   MD simulation time   :     8.0 ps       |
  |   target T             :   300.0 K        |
  |   timestep dt          :     5.0 fs       |
  |   dump interval(trj)   :   100.0 fs       |
  |   SHAKE algorithm      : true (all bonds) |
  |   dump interval(Vbias) :    1.00 ps       |
  |   Vbias prefactor (k)  :  0.0525 Eh       |
  |   Vbias exponent (α)   :  1.3000 bohr⁻²   |
  ::::::::::::: starting MTD   12 :::::::::::::
  |   MD simulation time   :     8.0 ps       |
  |   target T             :   300.0 K        |
  |   timestep dt          :     5.0 fs       |
  |   dump interval(trj)   :   100.0 fs       |
  |   SHAKE algorithm      : true (all bonds) |
  |   dump interval(Vbias) :    1.00 ps       |
  |   Vbias prefactor (k)  :  0.0262 Eh       |
  |   Vbias exponent (α)   :  0.2808 bohr⁻²   |
  ::::::::::::: starting MTD   10 :::::::::::::
  |   MD simulation time   :     8.0 ps       |
  |   target T             :   300.0 K        |
  |   timestep dt          :     5.0 fs       |
  |   dump interval(trj)   :   100.0 fs       |
  |   SHAKE algorithm      : true (all bonds) |
  |   dump interval(Vbias) :    1.00 ps       |
  |   Vbias prefactor (k)  :  0.1050 Eh       |
  |   Vbias exponent (α)   :  0.2808 bohr⁻²   |
  ::::::::::::: starting MTD    6 :::::::::::::
  |   MD simulation time   :     8.0 ps       |
  |   target T             :   300.0 K        |
  |   timestep dt          :     5.0 fs       |
  |   dump interval(trj)   :   100.0 fs       |
  |   SHAKE algorithm      : true (all bonds) |
  |   dump interval(Vbias) :    1.00 ps       |
  |   Vbias prefactor (k)  :  0.0262 Eh       |
  |   Vbias exponent (α)   :  0.7800 bohr⁻²   |
  ::::::::::::: starting MTD    7 :::::::::::::
  |   MD simulation time   :     8.0 ps       |
  |   target T             :   300.0 K        |
  |   timestep dt          :     5.0 fs       |
  |   dump interval(trj)   :   100.0 fs       |
  |   SHAKE algorithm      : true (all bonds) |
  |   dump interval(Vbias) :    1.00 ps       |
  |   Vbias prefactor (k)  :  0.1050 Eh       |
  |   Vbias exponent (α)   :  0.4680 bohr⁻²   |
  ::::::::::::: starting MTD   13 :::::::::::::
  |   MD simulation time   :     8.0 ps       |
  |   target T             :   300.0 K        |
  |   timestep dt          :     5.0 fs       |
  |   dump interval(trj)   :   100.0 fs       |
  |   SHAKE algorithm      : true (all bonds) |
  |   dump interval(Vbias) :    1.00 ps       |
  |   Vbias prefactor (k)  :  0.0350 Eh       |
  |   Vbias exponent (α)   :  0.1000 bohr⁻²   |
  ::::::::::::: starting MTD   14 :::::::::::::
  |   MD simulation time   :     8.0 ps       |
  |   target T             :   300.0 K        |
  |   timestep dt          :     5.0 fs       |
  |   dump interval(trj)   :   100.0 fs       |
  |   SHAKE algorithm      : true (all bonds) |
  |   dump interval(Vbias) :    1.00 ps       |
  |   Vbias prefactor (k)  :  0.1750 Eh       |
  |   Vbias exponent (α)   :  0.8000 bohr⁻²   |
  ::::::::::::: starting MTD    5 :::::::::::::
  |   MD simulation time   :     8.0 ps       |
  |   target T             :   300.0 K        |
  |   timestep dt          :     5.0 fs       |
  |   dump interval(trj)   :   100.0 fs       |
  |   SHAKE algorithm      : true (all bonds) |
  |   dump interval(Vbias) :    1.00 ps       |
  |   Vbias prefactor (k)  :  0.0525 Eh       |
  |   Vbias exponent (α)   :  0.7800 bohr⁻²   |
  ::::::::::::: starting MTD    8 :::::::::::::
  |   MD simulation time   :     8.0 ps       |
  |   target T             :   300.0 K        |
  |   timestep dt          :     5.0 fs       |
  |   dump interval(trj)   :   100.0 fs       |
  |   SHAKE algorithm      : true (all bonds) |
  |   dump interval(Vbias) :    1.00 ps       |
  |   Vbias prefactor (k)  :  0.0525 Eh       |
  |   Vbias exponent (α)   :  0.4680 bohr⁻²   |
  ::::::::::::: starting MTD    4 :::::::::::::
  |   MD simulation time   :     8.0 ps       |
  |   target T             :   300.0 K        |
  |   timestep dt          :     5.0 fs       |
  |   dump interval(trj)   :   100.0 fs       |
  |   SHAKE algorithm      : true (all bonds) |
  |   dump interval(Vbias) :    1.00 ps       |
  |   Vbias prefactor (k)  :  0.1050 Eh       |
  |   Vbias exponent (α)   :  0.7800 bohr⁻²   |
  ::::::::::::: starting MTD   11 :::::::::::::
  |   MD simulation time   :     8.0 ps       |
  |   target T             :   300.0 K        |
  |   timestep dt          :     5.0 fs       |
  |   dump interval(trj)   :   100.0 fs       |
  |   SHAKE algorithm      : true (all bonds) |
  |   dump interval(Vbias) :    1.00 ps       |
  |   Vbias prefactor (k)  :  0.0525 Eh       |
  |   Vbias exponent (α)   :  0.2808 bohr⁻²   |
*MTD   9 completed successfully ...        1 min,  3.987 sec
*MTD   7 completed successfully ...        1 min,  4.154 sec
*MTD   2 completed successfully ...        1 min,  4.214 sec
*MTD   4 completed successfully ...        1 min,  4.324 sec
*MTD   3 completed successfully ...        1 min,  4.367 sec
*MTD  14 completed successfully ...        1 min,  4.389 sec
*MTD   1 completed successfully ...        1 min,  4.398 sec
*MTD   6 completed successfully ...        1 min,  4.421 sec
*MTD   5 completed successfully ...        1 min,  4.431 sec
*MTD  10 completed successfully ...        1 min,  4.534 sec
*MTD   8 completed successfully ...        1 min,  4.632 sec
*MTD  11 completed successfully ...        1 min,  4.632 sec
*MTD  12 completed successfully ...        1 min,  4.742 sec
*MTD  13 completed successfully ...        1 min,  4.912 sec

 ======================================
 |  Multilevel Ensemble Optimization  |
 ======================================
 Optimizing all 1106 structures from file "crest_dynamics.trj" ...
 ----------------------
 crude pre-optimization
 ----------------------
 Optimization engine: ANCOPT
 Hessian update type: BFGS
 E/G convergence criteria:  0.500E-03 Eh, 0.100E-01 Eh/a0
 maximum optimization steps: 200
 |>0.1% |>7.5% |>15.0% |>22.5% |>30.0% |>37.5% |>45.0% |>52.5% |>60.0% |>67.5% |>75.0% |>82.5% |>90.1% |>97.6% |>100.0%
 done.
> 1106 of 1106 structures successfully optimized (100.0% success)
> Total runtime for 1106 optimizations:
 * wall-time:     0 d,  0 h,  0 min, 34.887 sec
 *  cpu-time:     0 d,  0 h,  9 min,  3.883 sec
 * ratio c/w:    15.590 speedup
> Corresponding to approximately 0.032 sec per processed structure

CREGEN> running RMSDs ... done.
CREGEN> E lowest :   -55.29798
 1103 structures remain within    12.00 kcal/mol window
 ----------------------------------
 optimization with tight thresholds
 ----------------------------------
 Optimization engine: ANCOPT
 Hessian update type: BFGS
 E/G convergence criteria:  0.100E-05 Eh, 0.800E-03 Eh/a0
 maximum optimization steps: 200
 |>0.1% |>7.5% |>15.0% |>22.6% |>30.0% |>37.5% |>45.1% |>52.6% |>60.0% |>67.5% |>75.1% |>82.5% |>90.0% |>97.6% |>100.0%
 done.
> 1103 of 1103 structures successfully optimized (100.0% success)
> Total runtime for 1103 optimizations:
 * wall-time:     0 d,  0 h,  2 min, 39.099 sec
 *  cpu-time:     0 d,  0 h, 41 min, 46.880 sec
 * ratio c/w:    15.757 speedup
> Corresponding to approximately 0.144 sec per processed structure

CREGEN> running RMSDs ... done.
CREGEN> E lowest :   -55.29851
 563 structures remain within     6.00 kcal/mol window

 ------------------------------
 Meta-Dynamics Iteration 2
 ------------------------------
 list of applied metadynamics Vbias parameters:
$metadyn    0.10500   1.300
$metadyn    0.05250   1.300
$metadyn    0.02625   1.300
$metadyn    0.10500   0.780
$metadyn    0.05250   0.780
$metadyn    0.02625   0.780
$metadyn    0.10500   0.468
$metadyn    0.05250   0.468
$metadyn    0.02625   0.468
$metadyn    0.10500   0.281
$metadyn    0.05250   0.281
$metadyn    0.02625   0.281
$metadyn    0.03500   0.100
$metadyn    0.17500   0.800

  ::::::::::::: starting MTD   14 :::::::::::::
  |   MD simulation time   :     8.0 ps       |
  |   target T             :   300.0 K        |
  |   timestep dt          :     5.0 fs       |
  |   dump interval(trj)   :   100.0 fs       |
  |   SHAKE algorithm      : true (all bonds) |
  |   dump interval(Vbias) :    1.00 ps       |
  |   Vbias prefactor (k)  :  0.1750 Eh       |
  |   Vbias exponent (α)   :  0.8000 bohr⁻²   |
  ::::::::::::: starting MTD   10 :::::::::::::
  |   MD simulation time   :     8.0 ps       |
  |   target T             :   300.0 K        |
  |   timestep dt          :     5.0 fs       |
  |   dump interval(trj)   :   100.0 fs       |
  |   SHAKE algorithm      : true (all bonds) |
  |   dump interval(Vbias) :    1.00 ps       |
  |   Vbias prefactor (k)  :  0.1050 Eh       |
  |   Vbias exponent (α)   :  0.2808 bohr⁻²   |
  ::::::::::::: starting MTD    5 :::::::::::::
  |   MD simulation time   :     8.0 ps       |
  |   target T             :   300.0 K        |
  |   timestep dt          :     5.0 fs       |
  |   dump interval(trj)   :   100.0 fs       |
  |   SHAKE algorithm      : true (all bonds) |
  |   dump interval(Vbias) :    1.00 ps       |
  |   Vbias prefactor (k)  :  0.0525 Eh       |
  |   Vbias exponent (α)   :  0.7800 bohr⁻²   |
  ::::::::::::: starting MTD    1 :::::::::::::
  |   MD simulation time   :     8.0 ps       |
  |   target T             :   300.0 K        |
  |   timestep dt          :     5.0 fs       |
  |   dump interval(trj)   :   100.0 fs       |
  |   SHAKE algorithm      : true (all bonds) |
  |   dump interval(Vbias) :    1.00 ps       |
  |   Vbias prefactor (k)  :  0.1050 Eh       |
  |   Vbias exponent (α)   :  1.3000 bohr⁻²   |
  ::::::::::::: starting MTD   13 :::::::::::::
  |   MD simulation time   :     8.0 ps       |
  |   target T             :   300.0 K        |
  |   timestep dt          :     5.0 fs       |
  |   dump interval(trj)   :   100.0 fs       |
  |   SHAKE algorithm      : true (all bonds) |
  |   dump interval(Vbias) :    1.00 ps       |
  |   Vbias prefactor (k)  :  0.0350 Eh       |
  |   Vbias exponent (α)   :  0.1000 bohr⁻²   |
  ::::::::::::: starting MTD   12 :::::::::::::
  |   MD simulation time   :     8.0 ps       |
  |   target T             :   300.0 K        |
  |   timestep dt          :     5.0 fs       |
  |   dump interval(trj)   :   100.0 fs       |
  |   SHAKE algorithm      : true (all bonds) |
  |   dump interval(Vbias) :    1.00 ps       |
  |   Vbias prefactor (k)  :  0.0262 Eh       |
  |   Vbias exponent (α)   :  0.2808 bohr⁻²   |
  ::::::::::::: starting MTD    7 :::::::::::::
  |   MD simulation time   :     8.0 ps       |
  |   target T             :   300.0 K        |
  |   timestep dt          :     5.0 fs       |
  |   dump interval(trj)   :   100.0 fs       |
  |   SHAKE algorithm      : true (all bonds) |
  |   dump interval(Vbias) :    1.00 ps       |
  |   Vbias prefactor (k)  :  0.1050 Eh       |
  |   Vbias exponent (α)   :  0.4680 bohr⁻²   |
  ::::::::::::: starting MTD    2 :::::::::::::
  |   MD simulation time   :     8.0 ps       |
  |   target T             :   300.0 K        |
  |   timestep dt          :     5.0 fs       |
  |   dump interval(trj)   :   100.0 fs       |
  |   SHAKE algorithm      : true (all bonds) |
  |   dump interval(Vbias) :    1.00 ps       |
  |   Vbias prefactor (k)  :  0.0525 Eh       |
  |   Vbias exponent (α)   :  1.3000 bohr⁻²   |
  ::::::::::::: starting MTD    4 :::::::::::::
  |   MD simulation time   :     8.0 ps       |
  |   target T             :   300.0 K        |
  |   timestep dt          :     5.0 fs       |
  |   dump interval(trj)   :   100.0 fs       |
  |   SHAKE algorithm      : true (all bonds) |
  |   dump interval(Vbias) :    1.00 ps       |
  |   Vbias prefactor (k)  :  0.1050 Eh       |
  |   Vbias exponent (α)   :  0.7800 bohr⁻²   |
  ::::::::::::: starting MTD   11 :::::::::::::
  |   MD simulation time   :     8.0 ps       |
  |   target T             :   300.0 K        |
  |   timestep dt          :     5.0 fs       |
  |   dump interval(trj)   :   100.0 fs       |
  |   SHAKE algorithm      : true (all bonds) |
  |   dump interval(Vbias) :    1.00 ps       |
  |   Vbias prefactor (k)  :  0.0525 Eh       |
  |   Vbias exponent (α)   :  0.2808 bohr⁻²   |
  ::::::::::::: starting MTD    3 :::::::::::::
  |   MD simulation time   :     8.0 ps       |
  |   target T             :   300.0 K        |
  |   timestep dt          :     5.0 fs       |
  |   dump interval(trj)   :   100.0 fs       |
  |   SHAKE algorithm      : true (all bonds) |
  |   dump interval(Vbias) :    1.00 ps       |
  |   Vbias prefactor (k)  :  0.0262 Eh       |
  |   Vbias exponent (α)   :  1.3000 bohr⁻²   |
  ::::::::::::: starting MTD    6 :::::::::::::
  |   MD simulation time   :     8.0 ps       |
  |   target T             :   300.0 K        |
  |   timestep dt          :     5.0 fs       |
  |   dump interval(trj)   :   100.0 fs       |
  |   SHAKE algorithm      : true (all bonds) |
  |   dump interval(Vbias) :    1.00 ps       |
  |   Vbias prefactor (k)  :  0.0262 Eh       |
  |   Vbias exponent (α)   :  0.7800 bohr⁻²   |
  ::::::::::::: starting MTD    9 :::::::::::::
  |   MD simulation time   :     8.0 ps       |
  |   target T             :   300.0 K        |
  |   timestep dt          :     5.0 fs       |
  |   dump interval(trj)   :   100.0 fs       |
  |   SHAKE algorithm      : true (all bonds) |
  |   dump interval(Vbias) :    1.00 ps       |
  |   Vbias prefactor (k)  :  0.0262 Eh       |
  |   Vbias exponent (α)   :  0.4680 bohr⁻²   |
  ::::::::::::: starting MTD    8 :::::::::::::
  |   MD simulation time   :     8.0 ps       |
  |   target T             :   300.0 K        |
  |   timestep dt          :     5.0 fs       |
  |   dump interval(trj)   :   100.0 fs       |
  |   SHAKE algorithm      : true (all bonds) |
  |   dump interval(Vbias) :    1.00 ps       |
  |   Vbias prefactor (k)  :  0.0525 Eh       |
  |   Vbias exponent (α)   :  0.4680 bohr⁻²   |
*MTD   9 completed successfully ...        1 min,  3.991 sec
*MTD   3 completed successfully ...        1 min,  4.221 sec
*MTD  14 completed successfully ...        1 min,  4.279 sec
*MTD   2 completed successfully ...        1 min,  4.314 sec
*MTD   5 completed successfully ...        1 min,  4.538 sec
*MTD   4 completed successfully ...        1 min,  4.650 sec
*MTD   1 completed successfully ...        1 min,  4.670 sec
*MTD   7 completed successfully ...        1 min,  4.716 sec
*MTD  12 completed successfully ...        1 min,  4.719 sec
*MTD   6 completed successfully ...        1 min,  4.780 sec
*MTD  10 completed successfully ...        1 min,  4.949 sec
*MTD   8 completed successfully ...        1 min,  5.056 sec
*MTD  11 completed successfully ...        1 min,  5.158 sec
*MTD  13 completed successfully ...        1 min,  5.452 sec

 ======================================
 |  Multilevel Ensemble Optimization  |
 ======================================
 Optimizing all 1106 structures from file "crest_dynamics.trj" ...
 ----------------------
 crude pre-optimization
 ----------------------
 Optimization engine: ANCOPT
 Hessian update type: BFGS
 E/G convergence criteria:  0.500E-03 Eh, 0.100E-01 Eh/a0
 maximum optimization steps: 200
 |>0.1% |>7.5% |>15.0% |>22.5% |>30.0% |>37.5% |>45.0% |>52.5% |>60.0% |>67.5% |>75.0% |>82.5% |>90.1% |>97.6% |>100.0%
 done.
> 1106 of 1106 structures successfully optimized (100.0% success)
> Total runtime for 1106 optimizations:
 * wall-time:     0 d,  0 h,  0 min, 35.213 sec
 *  cpu-time:     0 d,  0 h,  9 min, 10.361 sec
 * ratio c/w:    15.629 speedup
> Corresponding to approximately 0.032 sec per processed structure

CREGEN> running RMSDs ... done.
CREGEN> E lowest :   -55.29788
 1101 structures remain within    12.00 kcal/mol window
 ----------------------------------
 optimization with tight thresholds
 ----------------------------------
 Optimization engine: ANCOPT
 Hessian update type: BFGS
 E/G convergence criteria:  0.100E-05 Eh, 0.800E-03 Eh/a0
 maximum optimization steps: 200
 |>0.1% |>7.5% |>15.1% |>22.5% |>30.1% |>37.5% |>45.0% |>52.6% |>60.0% |>67.6% |>75.0% |>82.6% |>90.0% |>97.5% |>100.0%
 done.
> 1101 of 1101 structures successfully optimized (100.0% success)
> Total runtime for 1101 optimizations:
 * wall-time:     0 d,  0 h,  2 min, 42.488 sec
 *  cpu-time:     0 d,  0 h, 42 min, 33.023 sec
 * ratio c/w:    15.712 speedup
> Corresponding to approximately 0.148 sec per processed structure

CREGEN> running RMSDs ... done.
CREGEN> E lowest :   -55.29851
 570 structures remain within     6.00 kcal/mol window

========================================
           MTD Simulations done         
========================================
 Collecting ensmbles.
CREGEN> running RMSDs ... done.
CREGEN> E lowest :   -55.29851
 883 structures remain within     6.00 kcal/mol window


 ===============================================
 Additional regular MDs on lowest 4 conformer(s)
 ===============================================
  :::::::::::::: starting MD   1 ::::::::::::::
  |   MD simulation time   :     4.0 ps       |
  |   target T             :   400.0 K        |
  |   timestep dt          :     5.0 fs       |
  |   dump interval(trj)   :   100.0 fs       |
  |   SHAKE algorithm      : true (all bonds) |
  :::::::::::::: starting MD   2 ::::::::::::::
  |   MD simulation time   :     4.0 ps       |
  |   target T             :   400.0 K        |
  |   timestep dt          :     5.0 fs       |
  |   dump interval(trj)   :   100.0 fs       |
  |   SHAKE algorithm      : true (all bonds) |
  :::::::::::::: starting MD   3 ::::::::::::::
  |   MD simulation time   :     4.0 ps       |
  |   target T             :   400.0 K        |
  |   timestep dt          :     5.0 fs       |
  |   dump interval(trj)   :   100.0 fs       |
  |   SHAKE algorithm      : true (all bonds) |
  :::::::::::::: starting MD   8 ::::::::::::::
  |   MD simulation time   :     4.0 ps       |
  |   target T             :   500.0 K        |
  |   timestep dt          :     5.0 fs       |
  |   dump interval(trj)   :   100.0 fs       |
  |   SHAKE algorithm      : true (all bonds) |
  :::::::::::::: starting MD   5 ::::::::::::::
  |   MD simulation time   :     4.0 ps       |
  |   target T             :   500.0 K        |
  |   timestep dt          :     5.0 fs       |
  |   dump interval(trj)   :   100.0 fs       |
  |   SHAKE algorithm      : true (all bonds) |
  :::::::::::::: starting MD   7 ::::::::::::::
  |   MD simulation time   :     4.0 ps       |
  |   target T             :   500.0 K        |
  |   timestep dt          :     5.0 fs       |
  |   dump interval(trj)   :   100.0 fs       |
  |   SHAKE algorithm      : true (all bonds) |
  :::::::::::::: starting MD   4 ::::::::::::::
  |   MD simulation time   :     4.0 ps       |
  |   target T             :   400.0 K        |
  |   timestep dt          :     5.0 fs       |
  |   dump interval(trj)   :   100.0 fs       |
  |   SHAKE algorithm      : true (all bonds) |
  :::::::::::::: starting MD   6 ::::::::::::::
  |   MD simulation time   :     4.0 ps       |
  |   target T             :   500.0 K        |
  |   timestep dt          :     5.0 fs       |
  |   dump interval(trj)   :   100.0 fs       |
  |   SHAKE algorithm      : true (all bonds) |
*MD   3 completed successfully ...        0 min, 37.620 sec
*MD   1 completed successfully ...        0 min, 37.774 sec
*MD   2 completed successfully ...        0 min, 37.907 sec
*MD   5 completed successfully ...        0 min, 38.139 sec
*MD   8 completed successfully ...        0 min, 38.410 sec
*MD   6 completed successfully ...        0 min, 38.412 sec
*MD   4 completed successfully ...        0 min, 38.491 sec
*MD   7 completed successfully ...        0 min, 38.535 sec
 Appending file crest_rotamers_1.xyz with new structures
 Optimizing all 1195 structures from file "crest_rotamers_1.xyz" ...
 ----------------------------------
 optimization with tight thresholds
 ----------------------------------
 Optimization engine: ANCOPT
 Hessian update type: BFGS
 E/G convergence criteria:  0.100E-05 Eh, 0.800E-03 Eh/a0
 maximum optimization steps: 200
 |>0.1% |>7.5% |>15.1% |>22.5% |>30.0% |>37.6% |>45.0% |>52.6% |>60.0% |>67.5% |>75.1% |>82.5% |>90.0% |>97.6% |>100.0%
 done.
> 1195 of 1195 structures successfully optimized (100.0% success)
> Total runtime for 1195 optimizations:
 * wall-time:     0 d,  0 h,  0 min, 57.583 sec
 *  cpu-time:     0 d,  0 h, 14 min, 58.826 sec
 * ratio c/w:    15.609 speedup
> Corresponding to approximately 0.048 sec per processed structure

CREGEN> running RMSDs ... done.
CREGEN> E lowest :   -55.29851
 911 structures remain within     6.00 kcal/mol window

     ========================================
     |        Structure Crossing (GC)       |
     ========================================

 =============================
  # threads =          16
 =============================
input  file name : crest_rotamers_2.xyz
number of atoms                :      35
number of points on xyz files  :     911
conformer energy window  /kcal :    6.00
CN per atom difference cut-off :  0.3000
RMSD threshold (Ang, Bohr)     :  0.2500  0.4724
max. # of generated structures :      400
 # in E window         911
  11.0 % done
  35.2 % done
  60.0 % done
 finished.
 average rmsd w.r.t input     :     1.58709
 number of clash discarded    :      409637
 removed identical structures :        3550

 400 structures written to confcross.xyz


 ======================================
 |  Multilevel Ensemble Optimization  |
 ======================================
 Optimizing all 400 structures from file "confcross.xyz" ...
 ----------------------
 crude pre-optimization
 ----------------------
 Optimization engine: ANCOPT
 Hessian update type: BFGS
 E/G convergence criteria:  0.500E-03 Eh, 0.100E-01 Eh/a0
 maximum optimization steps: 200
 |>0.2% |>10.0% |>20.0% |>30.0% |>40.0% |>50.0% |>60.0% |>70.2% |>80.0% |>90.2% |>100.0%
 done.
> 400 of 400 structures successfully optimized (100.0% success)
> Total runtime for 400 optimizations:
 * wall-time:     0 d,  0 h,  0 min,  5.062 sec
 *  cpu-time:     0 d,  0 h,  1 min, 18.095 sec
 * ratio c/w:    15.428 speedup
> Corresponding to approximately 0.013 sec per processed structure

CREGEN> running RMSDs ... done.
CREGEN> E lowest :   -55.29851
 55 structures remain within    12.00 kcal/mol window
 ----------------------------------
 optimization with tight thresholds
 ----------------------------------
 Optimization engine: ANCOPT
 Hessian update type: BFGS
 E/G convergence criteria:  0.100E-05 Eh, 0.800E-03 Eh/a0
 maximum optimization steps: 200
 |>1.8% |>10.9% |>20.0% |>30.9% |>40.0% |>50.9% |>60.0% |>70.9% |>80.0% |>90.9% |>100.0%
 done.
> 55 of 55 structures successfully optimized (100.0% success)
> Total runtime for 55 optimizations:
 * wall-time:     0 d,  0 h,  0 min,  3.856 sec
 *  cpu-time:     0 d,  0 h,  0 min, 39.133 sec
 * ratio c/w:    10.148 speedup
> Corresponding to approximately 0.070 sec per processed structure

CREGEN> running RMSDs ... done.
CREGEN> E lowest :   -55.29851
 38 structures remain within     6.00 kcal/mol window
appending new structures to crest_rotamers_2.xyz
CREGEN> running RMSDs ... done.
CREGEN> E lowest :   -55.29851


   ================================================
   |           Final Geometry Optimization        |
   ================================================
 Optimizing all 915 structures from file "crest_rotamers_3.xyz" ...
 ---------------------------------------
 optimization with very tight thresholds
 ---------------------------------------
 Optimization engine: ANCOPT
 Hessian update type: BFGS
 E/G convergence criteria:  0.100E-06 Eh, 0.200E-03 Eh/a0
 maximum optimization steps: 200
 |>0.1% |>10.1% |>20.0% |>30.1% |>40.0% |>50.1% |>60.0% |>70.1% |>80.0% |>90.1% |>100.0%
 done.
> 913 of 915 structures successfully optimized (99.8% success)
> Total runtime for 915 optimizations:
 * wall-time:     0 d,  0 h,  1 min, 10.389 sec
 *  cpu-time:     0 d,  0 h, 18 min, 28.964 sec
 * ratio c/w:    15.755 speedup
> Corresponding to approximately 0.077 sec per processed structure

CREGEN> running RMSDs ... done.
CREGEN> E lowest :   -55.29851
 672 structures remain within     6.00 kcal/mol window


 --------------------------
 Final Ensemble Information
 --------------------------
 input  file name : crest_rotamers_3.xyz
 output file name : crest_rotamers_4.xyz
 number of atoms                :   35
 number of points on xyz files  :   913
 RMSD threshold                 :   0.1250
 Bconst threshold               :   0.0100
 population threshold           :   0.0500
 # fragment in coord            :     1
 # bonds in reference structure :    36
 number of reliable points      :   913
 sorting energy window (EWIN)   :    6.0000 / kcal*mol⁻¹
 reference state Etot           :  -55.298514609999998
 number of doubles removed by rot/RMSD         :         241
 total number unique points considered further :         672
       Erel/kcal        Etot weight/tot  conformer     set   degen     origin
       1   0.000   -55.29851    0.00653    0.11751       1      18
       2   0.000   -55.29851    0.00653
       3   0.000   -55.29851    0.00653
       4   0.000   -55.29851    0.00653
       5   0.000   -55.29851    0.00653
       6   0.000   -55.29851    0.00653
       7   0.000   -55.29851    0.00653
       8   0.000   -55.29851    0.00653
       9   0.000   -55.29851    0.00653
      10   0.000   -55.29851    0.00653
      11   0.000   -55.29851    0.00653
      12   0.000   -55.29851    0.00653
      13   0.000   -55.29851    0.00653
      14   0.000   -55.29851    0.00653
      15   0.000   -55.29851    0.00653
      16   0.000   -55.29851    0.00653
      17   0.000   -55.29851    0.00653
      18   0.001   -55.29851    0.00652
      19   0.126   -55.29831    0.00528    0.09498       2      18
      20   0.126   -55.29831    0.00528
      21   0.126   -55.29831    0.00528
      22   0.126   -55.29831    0.00528
      23   0.126   -55.29831    0.00528
      24   0.126   -55.29831    0.00528
      25   0.126   -55.29831    0.00528
      26   0.126   -55.29831    0.00528
      27   0.126   -55.29831    0.00528
      28   0.126   -55.29831    0.00528
      29   0.126   -55.29831    0.00528
      30   0.126   -55.29831    0.00528
      31   0.126   -55.29831    0.00528
      32   0.127   -55.29831    0.00528
      33   0.127   -55.29831    0.00528
      34   0.127   -55.29831    0.00527
      35   0.127   -55.29831    0.00527
      36   0.127   -55.29831    0.00527
      37   0.171   -55.29824    0.00490    0.04391       3       9
      38   0.172   -55.29824    0.00489
      39   0.172   -55.29824    0.00489
      40   0.173   -55.29824    0.00488
      41   0.173   -55.29824    0.00488
      42   0.173   -55.29824    0.00488
      43   0.174   -55.29824    0.00487
      44   0.174   -55.29824    0.00487
      45   0.174   -55.29824    0.00487
      46   0.175   -55.29824    0.00486    0.03886       4       8
      47   0.175   -55.29824    0.00486
      48   0.175   -55.29824    0.00486
      49   0.175   -55.29824    0.00486
      50   0.175   -55.29824    0.00486
      51   0.176   -55.29823    0.00486
      52   0.176   -55.29823    0.00486
      53   0.177   -55.29823    0.00484
      54   0.230   -55.29815    0.00443    0.00443       5       1
      55   0.242   -55.29813    0.00434    0.07816       6      18
      56   0.242   -55.29813    0.00434
      57   0.242   -55.29813    0.00434
      58   0.242   -55.29813    0.00434
      59   0.242   -55.29813    0.00434
      60   0.242   -55.29813    0.00434
      61   0.242   -55.29813    0.00434
      62   0.242   -55.29813    0.00434
      63   0.242   -55.29813    0.00434
      64   0.242   -55.29813    0.00434
      65   0.242   -55.29813    0.00434
      66   0.242   -55.29813    0.00434
      67   0.242   -55.29813    0.00434
      68   0.242   -55.29813    0.00434
      69   0.242   -55.29813    0.00434
      70   0.242   -55.29813    0.00434
      71   0.242   -55.29813    0.00434
      72   0.242   -55.29813    0.00434
      73   0.317   -55.29801    0.00383    0.07651       7      20
      74   0.317   -55.29801    0.00383
      75   0.317   -55.29801    0.00383
      76   0.317   -55.29801    0.00383
      77   0.317   -55.29801    0.00383
      78   0.317   -55.29801    0.00383
      79   0.317   -55.29801    0.00383
      80   0.317   -55.29801    0.00383
      81   0.317   -55.29801    0.00383
      82   0.317   -55.29801    0.00383
      83   0.317   -55.29801    0.00383
      84   0.317   -55.29801    0.00383
      85   0.317   -55.29801    0.00383
      86   0.317   -55.29801    0.00382
      87   0.317   -55.29801    0.00382
      88   0.317   -55.29801    0.00382
      89   0.317   -55.29801    0.00382
      90   0.317   -55.29801    0.00382
      91   0.317   -55.29801    0.00382
      92   0.318   -55.29801    0.00382
      93   0.591   -55.29757    0.00241    0.05510       8      23
      94   0.591   -55.29757    0.00241
      95   0.592   -55.29757    0.00241
      96   0.592   -55.29757    0.00241
      97   0.592   -55.29757    0.00241
      98   0.592   -55.29757    0.00241
      99   0.592   -55.29757    0.00241
     100   0.592   -55.29757    0.00241
     101   0.592   -55.29757    0.00241
     102   0.592   -55.29757    0.00240
     103   0.592   -55.29757    0.00240
     104   0.593   -55.29757    0.00240
     105   0.593   -55.29757    0.00240
     106   0.594   -55.29757    0.00240
     107   0.601   -55.29756    0.00237
     108   0.602   -55.29756    0.00237
     109   0.594   -55.29757    0.00240
     110   0.595   -55.29757    0.00240
     111   0.597   -55.29756    0.00238
     112   0.603   -55.29755    0.00236
     113   0.598   -55.29756    0.00238
     114   0.598   -55.29756    0.00238
     115   0.599   -55.29756    0.00238
     116   0.599   -55.29756    0.00238    0.00475       9       2
     117   0.601   -55.29756    0.00237
     118   0.604   -55.29755    0.00236    0.00473      10       2
     119   0.601   -55.29756    0.00237
     120   0.653   -55.29747    0.00217    0.03903      11      18
     121   0.653   -55.29747    0.00217
     122   0.653   -55.29747    0.00217
     123   0.653   -55.29747    0.00217
     124   0.653   -55.29747    0.00217
     125   0.653   -55.29747    0.00217
     126   0.654   -55.29747    0.00217
     127   0.654   -55.29747    0.00217
     128   0.654   -55.29747    0.00217
     129   0.654   -55.29747    0.00217
     130   0.654   -55.29747    0.00217
     131   0.654   -55.29747    0.00217
     132   0.654   -55.29747    0.00217
     133   0.654   -55.29747    0.00217
     134   0.654   -55.29747    0.00217
     135   0.654   -55.29747    0.00217
     136   0.655   -55.29747    0.00217
     137   0.655   -55.29747    0.00216
     138   0.682   -55.29743    0.00207    0.03300      12      16
     139   0.683   -55.29743    0.00207
     140   0.683   -55.29743    0.00207
     141   0.683   -55.29743    0.00207
     142   0.683   -55.29743    0.00206
     143   0.683   -55.29743    0.00206
     144   0.683   -55.29743    0.00206
     145   0.683   -55.29743    0.00206
     146   0.683   -55.29743    0.00206
     147   0.683   -55.29743    0.00206
     148   0.683   -55.29743    0.00206
     149   0.683   -55.29743    0.00206
     150   0.684   -55.29743    0.00206
     151   0.684   -55.29742    0.00206
     152   0.684   -55.29742    0.00206
     153   0.687   -55.29742    0.00205
     154   0.690   -55.29741    0.00204    0.00204      13       1
     155   0.691   -55.29741    0.00204    0.03257      14      16
     156   0.691   -55.29741    0.00204
     157   0.691   -55.29741    0.00204
     158   0.691   -55.29741    0.00204
     159   0.691   -55.29741    0.00204
     160   0.691   -55.29741    0.00204
     161   0.691   -55.29741    0.00204
     162   0.691   -55.29741    0.00204
     163   0.691   -55.29741    0.00204
     164   0.691   -55.29741    0.00204
     165   0.691   -55.29741    0.00204
     166   0.691   -55.29741    0.00204
     167   0.691   -55.29741    0.00204
     168   0.691   -55.29741    0.00203
     169   0.691   -55.29741    0.00203
     170   0.692   -55.29741    0.00203
     171   0.703   -55.29739    0.00199    0.02192      15      11
     172   0.703   -55.29739    0.00199
     173   0.703   -55.29739    0.00199
     174   0.704   -55.29739    0.00199
     175   0.704   -55.29739    0.00199
     176   0.704   -55.29739    0.00199
     177   0.704   -55.29739    0.00199
     178   0.704   -55.29739    0.00199
     179   0.704   -55.29739    0.00199
     180   0.704   -55.29739    0.00199
     181   0.705   -55.29739    0.00199
     182   0.705   -55.29739    0.00199    0.02586      16      13
     183   0.705   -55.29739    0.00199
     184   0.705   -55.29739    0.00199
     185   0.705   -55.29739    0.00199
     186   0.705   -55.29739    0.00199
     187   0.705   -55.29739    0.00199
     188   0.704   -55.29739    0.00199
     189   0.704   -55.29739    0.00199
     190   0.705   -55.29739    0.00199
     191   0.705   -55.29739    0.00199
     192   0.705   -55.29739    0.00199
     193   0.706   -55.29739    0.00199
     194   0.706   -55.29739    0.00199
     195   0.706   -55.29739    0.00199    0.03173      17      16
     196   0.706   -55.29739    0.00199
     197   0.706   -55.29739    0.00199
     198   0.706   -55.29739    0.00199
     199   0.706   -55.29739    0.00199
     200   0.706   -55.29739    0.00198
     201   0.706   -55.29739    0.00198
     202   0.706   -55.29739    0.00199
     203   0.707   -55.29739    0.00198
     204   0.707   -55.29739    0.00198
     205   0.707   -55.29739    0.00198
     206   0.707   -55.29739    0.00198
     207   0.707   -55.29739    0.00198
     208   0.708   -55.29739    0.00198
     209   0.707   -55.29739    0.00198
     210   0.708   -55.29739    0.00198
     211   0.706   -55.29739    0.00199    0.00593      18       3
     212   0.709   -55.29738    0.00198
     213   0.710   -55.29738    0.00197
     214   0.715   -55.29738    0.00196    0.00196      19       1
     215   0.716   -55.29737    0.00195    0.00195      20       1
     216   0.740   -55.29733    0.00187    0.03368      21      18
     217   0.740   -55.29733    0.00187
     218   0.741   -55.29733    0.00187
     219   0.741   -55.29733    0.00187
     220   0.741   -55.29733    0.00187
     221   0.741   -55.29733    0.00187
     222   0.741   -55.29733    0.00187
     223   0.741   -55.29733    0.00187
     224   0.741   -55.29733    0.00187
     225   0.741   -55.29733    0.00187
     226   0.741   -55.29733    0.00187
     227   0.741   -55.29733    0.00187
     228   0.741   -55.29733    0.00187
     229   0.741   -55.29733    0.00187
     230   0.742   -55.29733    0.00187
     231   0.742   -55.29733    0.00187
     232   0.742   -55.29733    0.00187
     233   0.743   -55.29733    0.00187
     234   0.768   -55.29729    0.00179    0.00179      22       1
     235   0.785   -55.29726    0.00174    0.00347      23       2
     236   0.787   -55.29726    0.00173
     237   0.790   -55.29726    0.00172    0.00512      24       3
     238   0.797   -55.29724    0.00170
     239   0.801   -55.29724    0.00169
     240   0.816   -55.29721    0.00165    0.00811      25       5
     241   0.817   -55.29721    0.00165
     242   0.825   -55.29720    0.00162
     243   0.832   -55.29719    0.00160
     244   0.838   -55.29718    0.00159
     245   0.888   -55.29710    0.00146    0.01896      26      13
     246   0.888   -55.29710    0.00146
     247   0.888   -55.29710    0.00146
     248   0.888   -55.29710    0.00146
     249   0.889   -55.29710    0.00146
     250   0.889   -55.29710    0.00146
     251   0.889   -55.29710    0.00146
     252   0.889   -55.29710    0.00146
     253   0.889   -55.29710    0.00146
     254   0.889   -55.29710    0.00146
     255   0.889   -55.29710    0.00146
     256   0.889   -55.29710    0.00146
     257   0.891   -55.29710    0.00145
     258   0.901   -55.29708    0.00143    0.02285      27      16
     259   0.901   -55.29708    0.00143
     260   0.901   -55.29708    0.00143
     261   0.901   -55.29708    0.00143
     262   0.901   -55.29708    0.00143
     263   0.901   -55.29708    0.00143
     264   0.901   -55.29708    0.00143
     265   0.901   -55.29708    0.00143
     266   0.901   -55.29708    0.00143
     267   0.901   -55.29708    0.00143
     268   0.901   -55.29708    0.00143
     269   0.901   -55.29708    0.00143
     270   0.901   -55.29708    0.00143
     271   0.902   -55.29708    0.00143
     272   0.902   -55.29708    0.00143
     273   0.903   -55.29708    0.00143
     274   0.906   -55.29707    0.00142    0.00283      28       2
     275   0.907   -55.29707    0.00141
     276   0.943   -55.29701    0.00133    0.02128      29      16
     277   0.943   -55.29701    0.00133
     278   0.943   -55.29701    0.00133
     279   0.943   -55.29701    0.00133
     280   0.943   -55.29701    0.00133
     281   0.943   -55.29701    0.00133
     282   0.943   -55.29701    0.00133
     283   0.943   -55.29701    0.00133
     284   0.943   -55.29701    0.00133
     285   0.943   -55.29701    0.00133
     286   0.944   -55.29701    0.00133
     287   0.944   -55.29701    0.00133
     288   0.944   -55.29701    0.00133
     289   0.944   -55.29701    0.00133
     290   0.944   -55.29701    0.00133
     291   0.944   -55.29701    0.00133
     292   0.973   -55.29696    0.00127    0.00127      30       1
     293   0.978   -55.29696    0.00126    0.00251      31       2
     294   0.978   -55.29696    0.00125
     295   0.979   -55.29695    0.00125    0.01877      32      15
     296   0.979   -55.29695    0.00125
     297   0.979   -55.29695    0.00125
     298   0.979   -55.29695    0.00125
     299   0.979   -55.29695    0.00125
     300   0.979   -55.29695    0.00125
     301   0.979   -55.29695    0.00125
     302   0.979   -55.29695    0.00125
     303   0.980   -55.29695    0.00125
     304   0.980   -55.29695    0.00125
     305   0.980   -55.29695    0.00125
     306   0.980   -55.29695    0.00125
     307   0.980   -55.29695    0.00125
     308   0.981   -55.29695    0.00125
     309   0.982   -55.29695    0.00125
     310   0.997   -55.29693    0.00122    0.01337      33      11
     311   0.997   -55.29693    0.00122
     312   0.997   -55.29693    0.00122
     313   0.997   -55.29693    0.00122
     314   0.997   -55.29693    0.00122
     315   0.997   -55.29693    0.00122
     316   0.997   -55.29693    0.00122
     317   0.997   -55.29693    0.00122
     318   0.997   -55.29693    0.00121
     319   0.997   -55.29693    0.00121
     320   0.998   -55.29692    0.00121
     321   1.016   -55.29690    0.00118    0.01765      34      15
     322   1.016   -55.29690    0.00118
     323   1.016   -55.29690    0.00118
     324   1.016   -55.29690    0.00118
     325   1.016   -55.29690    0.00118
     326   1.016   -55.29690    0.00118
     327   1.016   -55.29690    0.00118
     328   1.016   -55.29690    0.00118
     329   1.016   -55.29690    0.00118
     330   1.016   -55.29690    0.00118
     331   1.016   -55.29690    0.00118
     332   1.016   -55.29690    0.00118
     333   1.016   -55.29690    0.00118
     334   1.016   -55.29689    0.00118
     335   1.016   -55.29689    0.00118
     336   1.033   -55.29687    0.00114    0.00114      35       1
     337   1.234   -55.29655    0.00082    0.01059      36      13
     338   1.234   -55.29655    0.00082
     339   1.234   -55.29655    0.00082
     340   1.234   -55.29655    0.00082
     341   1.234   -55.29655    0.00082
     342   1.234   -55.29655    0.00082
     343   1.234   -55.29655    0.00082
     344   1.234   -55.29655    0.00081
     345   1.234   -55.29655    0.00081
     346   1.234   -55.29655    0.00081
     347   1.234   -55.29655    0.00081
     348   1.235   -55.29655    0.00081
     349   1.235   -55.29655    0.00081
     350   1.267   -55.29649    0.00077    0.00847      37      11
     351   1.268   -55.29649    0.00077
     352   1.268   -55.29649    0.00077
     353   1.268   -55.29649    0.00077
     354   1.268   -55.29649    0.00077
     355   1.268   -55.29649    0.00077
     356   1.268   -55.29649    0.00077
     357   1.268   -55.29649    0.00077
     358   1.268   -55.29649    0.00077
     359   1.269   -55.29649    0.00077
     360   1.269   -55.29649    0.00077
     361   1.281   -55.29647    0.00075    0.01277      38      17
     362   1.281   -55.29647    0.00075
     363   1.281   -55.29647    0.00075
     364   1.281   -55.29647    0.00075
     365   1.281   -55.29647    0.00075
     366   1.281   -55.29647    0.00075
     367   1.281   -55.29647    0.00075
     368   1.281   -55.29647    0.00075
     369   1.282   -55.29647    0.00075
     370   1.282   -55.29647    0.00075
     371   1.282   -55.29647    0.00075
     372   1.283   -55.29647    0.00075
     373   1.283   -55.29647    0.00075
     374   1.283   -55.29647    0.00075
     375   1.284   -55.29647    0.00075
     376   1.286   -55.29646    0.00075
     377   1.287   -55.29646    0.00075
     378   1.298   -55.29645    0.00073    0.01244      39      17
     379   1.298   -55.29645    0.00073
     380   1.298   -55.29645    0.00073
     381   1.298   -55.29645    0.00073
     382   1.298   -55.29645    0.00073
     383   1.298   -55.29645    0.00073
     384   1.298   -55.29645    0.00073
     385   1.298   -55.29645    0.00073
     386   1.298   -55.29645    0.00073
     387   1.298   -55.29645    0.00073
     388   1.298   -55.29645    0.00073
     389   1.298   -55.29645    0.00073
     390   1.298   -55.29645    0.00073
     391   1.298   -55.29645    0.00073
     392   1.298   -55.29645    0.00073
     393   1.298   -55.29645    0.00073
     394   1.299   -55.29645    0.00073
     395   1.373   -55.29633    0.00065    0.00065      40       1
     396   1.431   -55.29623    0.00059    0.00526      41       9
     397   1.431   -55.29623    0.00059
     398   1.431   -55.29623    0.00058
     399   1.431   -55.29623    0.00058
     400   1.431   -55.29623    0.00058
     401   1.431   -55.29623    0.00058
     402   1.432   -55.29623    0.00058
     403   1.432   -55.29623    0.00058
     404   1.434   -55.29623    0.00058
     405   1.460   -55.29619    0.00056    0.01728      42      32
     406   1.460   -55.29619    0.00056
     407   1.460   -55.29619    0.00056
     408   1.460   -55.29619    0.00056
     409   1.460   -55.29619    0.00056
     410   1.460   -55.29619    0.00056
     411   1.460   -55.29619    0.00056
     412   1.461   -55.29619    0.00056
     413   1.461   -55.29619    0.00056
     414   1.461   -55.29619    0.00056
     415   1.461   -55.29619    0.00056
     416   1.461   -55.29619    0.00056
     417   1.461   -55.29619    0.00056
     418   1.461   -55.29619    0.00056
     419   1.461   -55.29619    0.00056
     420   1.461   -55.29619    0.00056
     421   1.461   -55.29619    0.00056
     422   1.461   -55.29619    0.00056
     423   1.503   -55.29612    0.00052
     424   1.503   -55.29612    0.00052
     425   1.504   -55.29612    0.00052
     426   1.504   -55.29612    0.00052
     427   1.504   -55.29612    0.00052
     428   1.504   -55.29612    0.00052
     429   1.504   -55.29612    0.00052
     430   1.504   -55.29612    0.00052
     431   1.504   -55.29612    0.00052
     432   1.504   -55.29612    0.00052
     433   1.505   -55.29612    0.00052
     434   1.505   -55.29612    0.00052
     435   1.506   -55.29611    0.00052
     436   1.463   -55.29618    0.00055
     437   1.463   -55.29618    0.00055    0.00496      43       9
     438   1.463   -55.29618    0.00055
     439   1.463   -55.29618    0.00055
     440   1.463   -55.29618    0.00055
     441   1.463   -55.29618    0.00055
     442   1.463   -55.29618    0.00055
     443   1.463   -55.29618    0.00055
     444   1.464   -55.29618    0.00055
     445   1.489   -55.29614    0.00053
     446   1.489   -55.29614    0.00053    0.00159      44       3
     447   1.489   -55.29614    0.00053
     448   1.494   -55.29613    0.00053
     449   1.503   -55.29612    0.00052    0.00052      45       1
     450   1.511   -55.29611    0.00051    0.00101      46       2
     451   1.521   -55.29609    0.00050
     452   1.533   -55.29607    0.00049    0.00049      47       1
     453   1.514   -55.29610    0.00051    0.00051      48       1
     454   1.564   -55.29602    0.00047    0.00606      49      13
     455   1.565   -55.29602    0.00047
     456   1.565   -55.29602    0.00047
     457   1.565   -55.29602    0.00047
     458   1.565   -55.29602    0.00047
     459   1.565   -55.29602    0.00047
     460   1.565   -55.29602    0.00047
     461   1.565   -55.29602    0.00047
     462   1.565   -55.29602    0.00047
     463   1.566   -55.29602    0.00047
     464   1.566   -55.29602    0.00047
     465   1.566   -55.29602    0.00047
     466   1.568   -55.29602    0.00046
     467   1.659   -55.29587    0.00040    0.00716      50      18
     468   1.659   -55.29587    0.00040
     469   1.659   -55.29587    0.00040
     470   1.659   -55.29587    0.00040
     471   1.659   -55.29587    0.00040
     472   1.659   -55.29587    0.00040
     473   1.659   -55.29587    0.00040
     474   1.659   -55.29587    0.00040
     475   1.659   -55.29587    0.00040
     476   1.659   -55.29587    0.00040
     477   1.659   -55.29587    0.00040
     478   1.659   -55.29587    0.00040
     479   1.659   -55.29587    0.00040
     480   1.659   -55.29587    0.00040
     481   1.659   -55.29587    0.00040
     482   1.660   -55.29587    0.00040
     483   1.660   -55.29587    0.00040
     484   1.660   -55.29587    0.00040
     485   1.718   -55.29578    0.00036    0.00252      51       7
     486   1.718   -55.29578    0.00036
     487   1.718   -55.29578    0.00036
     488   1.718   -55.29578    0.00036
     489   1.718   -55.29578    0.00036
     490   1.718   -55.29578    0.00036
     491   1.718   -55.29578    0.00036
     492   1.738   -55.29574    0.00035    0.00313      52       9
     493   1.738   -55.29574    0.00035
     494   1.738   -55.29574    0.00035
     495   1.738   -55.29574    0.00035
     496   1.738   -55.29574    0.00035
     497   1.738   -55.29574    0.00035
     498   1.739   -55.29574    0.00035
     499   1.739   -55.29574    0.00035
     500   1.740   -55.29574    0.00035
     501   1.743   -55.29574    0.00035    0.00035      53       1
     502   1.745   -55.29573    0.00034    0.00069      54       2
     503   1.746   -55.29573    0.00034
     504   1.758   -55.29571    0.00034    0.00605      55      18
     505   1.758   -55.29571    0.00034
     506   1.758   -55.29571    0.00034
     507   1.758   -55.29571    0.00034
     508   1.759   -55.29571    0.00034
     509   1.759   -55.29571    0.00034
     510   1.759   -55.29571    0.00034
     511   1.759   -55.29571    0.00034
     512   1.759   -55.29571    0.00034
     513   1.759   -55.29571    0.00034
     514   1.759   -55.29571    0.00034
     515   1.759   -55.29571    0.00034
     516   1.759   -55.29571    0.00034
     517   1.759   -55.29571    0.00034
     518   1.759   -55.29571    0.00034
     519   1.759   -55.29571    0.00034
     520   1.760   -55.29571    0.00034
     521   1.761   -55.29571    0.00034
     522   1.763   -55.29571    0.00033    0.00033      56       1
     523   2.094   -55.29518    0.00019    0.00019      57       1
     524   2.115   -55.29514    0.00018    0.00018      58       1
     525   2.128   -55.29512    0.00018    0.00217      59      12
     526   2.128   -55.29512    0.00018
     527   2.128   -55.29512    0.00018
     528   2.128   -55.29512    0.00018
     529   2.128   -55.29512    0.00018
     530   2.128   -55.29512    0.00018
     531   2.128   -55.29512    0.00018
     532   2.128   -55.29512    0.00018
     533   2.128   -55.29512    0.00018
     534   2.128   -55.29512    0.00018
     535   2.128   -55.29512    0.00018
     536   2.129   -55.29512    0.00018
     537   2.179   -55.29504    0.00017    0.00182      60      11
     538   2.179   -55.29504    0.00017
     539   2.179   -55.29504    0.00017
     540   2.179   -55.29504    0.00017
     541   2.179   -55.29504    0.00017
     542   2.180   -55.29504    0.00017
     543   2.180   -55.29504    0.00017
     544   2.180   -55.29504    0.00017
     545   2.180   -55.29504    0.00017
     546   2.181   -55.29504    0.00017
     547   2.182   -55.29504    0.00016
     548   2.254   -55.29492    0.00015    0.00117      61       8
     549   2.254   -55.29492    0.00015
     550   2.254   -55.29492    0.00015
     551   2.254   -55.29492    0.00015
     552   2.254   -55.29492    0.00015
     553   2.254   -55.29492    0.00015
     554   2.255   -55.29492    0.00015
     555   2.256   -55.29492    0.00015
     556   2.363   -55.29475    0.00012    0.00109      62       9
     557   2.364   -55.29475    0.00012
     558   2.364   -55.29475    0.00012
     559   2.364   -55.29475    0.00012
     560   2.364   -55.29475    0.00012
     561   2.364   -55.29475    0.00012
     562   2.364   -55.29475    0.00012
     563   2.364   -55.29475    0.00012
     564   2.364   -55.29475    0.00012
     565   2.370   -55.29474    0.00012    0.00120      63      10
     566   2.370   -55.29474    0.00012
     567   2.370   -55.29474    0.00012
     568   2.370   -55.29474    0.00012
     569   2.370   -55.29474    0.00012
     570   2.370   -55.29474    0.00012
     571   2.370   -55.29474    0.00012
     572   2.370   -55.29474    0.00012
     573   2.370   -55.29474    0.00012
     574   2.371   -55.29474    0.00012
     575   2.395   -55.29470    0.00011    0.00011      64       1
     576   2.520   -55.29450    0.00009    0.00075      65       8
     577   2.520   -55.29450    0.00009
     578   2.520   -55.29450    0.00009
     579   2.520   -55.29450    0.00009
     580   2.520   -55.29450    0.00009
     581   2.521   -55.29450    0.00009
     582   2.521   -55.29450    0.00009
     583   2.521   -55.29450    0.00009
     584   2.625   -55.29433    0.00008    0.00008      66       1
     585   2.628   -55.29433    0.00008    0.00008      67       1
     586   2.761   -55.29411    0.00006    0.00006      68       1
     587   2.835   -55.29400    0.00005    0.00022      69       4
     588   2.835   -55.29400    0.00005
     589   2.835   -55.29400    0.00005
     590   2.836   -55.29400    0.00005
     591   2.970   -55.29378    0.00004    0.00009      70       2
     592   2.970   -55.29378    0.00004
     593   3.015   -55.29371    0.00004    0.00004      71       1
     594   3.191   -55.29343    0.00003    0.00009      72       3
     595   3.192   -55.29343    0.00003
     596   3.198   -55.29342    0.00003
     597   4.562   -55.29124    0.00000    0.00003      73       9
     598   4.562   -55.29124    0.00000
     599   4.562   -55.29124    0.00000
     600   4.562   -55.29124    0.00000
     601   4.562   -55.29124    0.00000
     602   4.562   -55.29124    0.00000
     603   4.563   -55.29124    0.00000
     604   4.563   -55.29124    0.00000
     605   4.564   -55.29124    0.00000
     606   4.575   -55.29122    0.00000    0.00001      74       2
     607   4.575   -55.29122    0.00000
     608   4.660   -55.29109    0.00000    0.00000      75       1
     609   4.703   -55.29102    0.00000    0.00001      76       4
     610   4.703   -55.29102    0.00000
     611   4.703   -55.29102    0.00000
     612   4.703   -55.29102    0.00000
     613   4.752   -55.29094    0.00000    0.00000      77       2
     614   4.752   -55.29094    0.00000
     615   4.862   -55.29077    0.00000    0.00000      78       1
     616   4.924   -55.29067    0.00000    0.00001      79       5
     617   4.924   -55.29067    0.00000
     618   4.924   -55.29067    0.00000
     619   4.924   -55.29067    0.00000
     620   4.924   -55.29067    0.00000
     621   5.136   -55.29033    0.00000    0.00000      80       4
     622   5.139   -55.29032    0.00000
     623   5.141   -55.29032    0.00000
     624   5.149   -55.29031    0.00000
     625   5.152   -55.29030    0.00000    0.00000      81       3
     626   5.152   -55.29030    0.00000
     627   5.153   -55.29030    0.00000
     628   5.207   -55.29022    0.00000    0.00000      82       2
     629   5.208   -55.29022    0.00000
     630   5.239   -55.29017    0.00000    0.00000      83       3
     631   5.239   -55.29017    0.00000
     632   5.240   -55.29016    0.00000
     633   5.279   -55.29010    0.00000    0.00000      84       1
     634   5.295   -55.29008    0.00000    0.00000      85       3
     635   5.295   -55.29008    0.00000
     636   5.296   -55.29008    0.00000
     637   5.310   -55.29005    0.00000    0.00000      86       3
     638   5.310   -55.29005    0.00000
     639   5.316   -55.29004    0.00000
     640   5.321   -55.29003    0.00000    0.00000      87       1
     641   5.343   -55.29000    0.00000    0.00000      88       1
     642   5.347   -55.28999    0.00000    0.00000      89       3
     643   5.347   -55.28999    0.00000
     644   5.348   -55.28999    0.00000
     645   5.401   -55.28991    0.00000    0.00000      90       1
     646   5.404   -55.28990    0.00000    0.00000      91       7
     647   5.404   -55.28990    0.00000
     648   5.404   -55.28990    0.00000
     649   5.404   -55.28990    0.00000
     650   5.413   -55.28989    0.00000
     651   5.404   -55.28990    0.00000
     652   5.436   -55.28985    0.00000
     653   5.436   -55.28985    0.00000    0.00000      92       1
     654   5.405   -55.28990    0.00000    0.00000      93       1
     655   5.410   -55.28989    0.00000    0.00000      94       1
     656   5.436   -55.28985    0.00000    0.00000      95       1
     657   5.538   -55.28969    0.00000    0.00000      96       3
     658   5.545   -55.28968    0.00000
     659   5.546   -55.28968    0.00000
     660   5.549   -55.28967    0.00000    0.00000      97       1
     661   5.611   -55.28957    0.00000    0.00000      98       1
     662   5.897   -55.28912    0.00000    0.00000      99       4
     663   5.898   -55.28912    0.00000
     664   5.898   -55.28912    0.00000
     665   5.898   -55.28912    0.00000
     666   5.965   -55.28901    0.00000    0.00000     100       7
     667   5.965   -55.28901    0.00000
     668   5.965   -55.28901    0.00000
     669   5.965   -55.28901    0.00000
     670   5.965   -55.28901    0.00000
     671   5.966   -55.28901    0.00000
     672   5.966   -55.28901    0.00000
T /K                                  :   298.15
E lowest                              :   -55.29851
ensemble average energy (kcal)        :    0.568
ensemble entropy (J/mol K, cal/mol K) :   49.804   11.903
ensemble free energy (kcal/mol)       :   -3.549
population of lowest in %             :   11.751
 number of unique conformers for further calc          100
 list of relative energies saved as "crest.energies"

 -----------------
 Wall Time Summary
 -----------------
 CREST runtime (total)               0 d,  0 h, 11 min, 52.355 sec
 ------------------------------------------------------------------
 Trial metadynamics (MTD)   ...        0 min,  6.500 sec (  0.913%)
 Metadynamics (MTD)         ...        2 min, 11.199 sec ( 18.418%)
 Geometry optimization      ...        8 min, 45.232 sec ( 73.732%)
 Molecular dynamics (MD)    ...        0 min, 38.578 sec (  5.415%)
 Genetic crossing (GC)      ...        0 min,  9.824 sec (  1.379%)
 I/O and setup              ...        0 min,  1.023 sec (  0.144%)
 ------------------------------------------------------------------
 * wall-time:     0 d,  0 h, 11 min, 52.355 sec
 *  cpu-time:     0 d,  2 h, 57 min, 23.987 sec
 * ratio c/w:    14.942 speedup
 ------------------------------------------------------------------
 * Total number of energy+grad calls: 281434

 CREST terminated normally.
