
       в•”в•ђв•ђв•ђв•ђв•ђв•ђв•ђв•ђв•ђв•ђв•ђв•ђв•ђв•ђв•ђв•ђв•ђв•ђв•ђв•ђв•ђв•ђв•ђв•ђв•ђв•ђв•ђв•ђв•ђв•ђв•ђв•ђв•ђв•ђв•ђв•ђв•ђв•ђв•ђв•ђв•ђв•ђв•ђв•ђв•ђв•ђв•ђв•ђв•—
       в•‘                                                в•‘
       в•‘     в–€в–€в–€в–€в–€в–€в•—в–€в–€в–€в–€в–€в–€в•— в–€в–€в–€в–€в–€в–€в–€в•—в–€в–€в–€в–€в–€в–€в–€в•—в–€в–€в–€в–€в–€в–€в–€в–€в•—   в•‘
       в•‘    в–€в–€в•”в•ђв•ђв•ђв•ђв•ќв–€в–€в•”в•ђв•ђв–€в–€в•—в–€в–€в•”в•ђв•ђв•ђв•ђв•ќв–€в–€в•”в•ђв•ђв•ђв•ђв•ќв•љв•ђв•ђв–€в–€в•”в•ђв•ђв•ќ   в•‘
       в•‘    в–€в–€в•‘     в–€в–€в–€в–€в–€в–€в•”в•ќв–€в–€в–€в–€в–€в•—  в–€в–€в–€в–€в–€в–€в–€в•—   в–€в–€в•‘      в•‘
       в•‘    в–€в–€в•‘     в–€в–€в•”в•ђв•ђв–€в–€в•—в–€в–€в•”в•ђв•ђв•ќ  в•љв•ђв•ђв•ђв•ђв–€в–€в•‘   в–€в–€в•‘      в•‘
       в•‘    в•љв–€в–€в–€в–€в–€в–€в•—в–€в–€в•‘  в–€в–€в•‘в–€в–€в–€в–€в–€в–€в–€в•—в–€в–€в–€в–€в–€в–€в–€в•‘   в–€в–€в•‘      в•‘
       в•‘     в•љв•ђв•ђв•ђв•ђв•ђв•ќв•љв•ђв•ќ  в•љв•ђв•ќв•љв•ђв•ђв•ђв•ђв•ђв•ђв•ќв•љв•ђв•ђв•ђв•ђв•ђв•ђв•ќ   в•љв•ђв•ќ      в•‘
       в•‘                                                в•‘
       в•‘    Conformer-Rotamer Ensemble Sampling Tool    в•‘
       в•‘            based on the xTB methods            в•‘
       в•‘                                                в•‘
       в•љв•ђв•ђв•ђв•ђв•ђв•ђв•ђв•ђв•ђв•ђв•ђв•ђв•ђв•ђв•ђв•ђв•ђв•ђв•ђв•ђв•ђв•ђв•ђв•ђв•ђв•ђв•ђв•ђв•ђв•ђв•ђв•ђв•ђв•ђв•ђв•ђв•ђв•ђв•ђв•ђв•ђв•ђв•ђв•ђв•ђв•ђв•ђв•ђв•ќ
        Version 3.0.2, Mon, 29 September 16:25:59, 09/29/2025
        commit (c39758d) compiled by 'andrey@PC1'

   Cite work conducted with this code as

   вЂў P.Pracht, F.Bohle, S.Grimme, PCCP, 2020, 22, 7169-7192.
   вЂў S.Grimme, JCTC, 2019, 15, 2847-2862.
   вЂў P.Pracht, S.Grimme, C.Bannwarth, F.Bohle, S.Ehlert,
     G.Feldmann, J.Gorges, M.MГјller, T.Neudecker, C.Plett,
     S.Spicher, P.Steinbach, P.WesoЕ‚owski, F.Zeller,
     J. Chem. Phys., 2024, 160, 114110.

   for works involving QCG cite

   вЂў S.Spicher, C.Plett, P.Pracht, A.Hansen, S.Grimme,
     JCTC, 2022, 18 (5), 3174-3189.
   вЂў C.Plett, S. Grimme,
     Angew. Chem. Int. Ed. 2023, 62, e202214477.

   for works involving MECP screening cite

   вЂў P.Pracht, C.Bannwarth, JCTC, 2022, 18 (10), 6370-6385.

   Original code
     P.Pracht, S.Grimme, UniversitГ¤t Bonn, MCTC
   with help from (alphabetical order):
     C.Bannwarth, F.Bohle, S.Ehlert, G.Feldmann, J.Gorges,
     S.Grimme, C.Plett, P.Pracht, S.Spicher, P.Steinbach,
     P.Wesolowski, F.Zeller

   Online documentation is available at
   https://crest-lab.github.io/crest-docs/

   This program is distributed in the hope that it will be useful,
   but WITHOUT ANY WARRANTY; without even the implied warranty of
   MERCHANTABILITY or FITNESS FOR A PARTICULAR PURPOSE. See the
   GNU Lesser General Public License (LGPL) for more details.

 Command line input:
 $ ./crest m1_00_Vitamin_B7-uni_conformers-CLUST_2_gfn1_opt.xyz --T 16 --gfn1

  --T 16 (CPUs/Threads selected)
  --gfn1               : Use of GFN1-xTB requested.

> Setting up backup calculator ... done.
 ----------------
 Calculation info
 ----------------
> User-defined calculation level:
 : xTB calculation via tblite lib
 : GFN1-xTB level
 :   Molecular charge    : 0
 :   Fermi temperature   : 300.00000
 :   Accuracy            : 1.00000
 :   max SCC cycles      : 500


 -----------------------------
 Initial Geometry Optimization
 -----------------------------
 Geometry successfully optimized.

          в”Ќв”Ѓв”Ѓв”Ѓв”Ѓв”Ѓв”Ѓв”Ѓв”Ѓв”Ѓв”Ѓв”Ѓв”Ѓв”Ѓв”Ѓв”Ѓв”Ѓв”Ѓв”Ѓв”Ѓв”Ѓв”Ѓв”Ѓв”Ѓв”Ѓв”Ѓв”Ѓв”Ѓв”Ѓв”Ѓв”Ѓв”Ѓв”Ѓв”Ѓв”Ѓв”Ѓв”Ѓв”Ѓв”Ѓв”Ѓв”Ѓв”Ѓв”Ѓв”Ѓв”Ѓв”Ѓв”Ѓв”Ѓв”Ѓв”Ѓв”‘
          в”‚              CREST iMTD-GC SAMPLING             в”‚
          в”•в”Ѓв”Ѓв”Ѓв”Ѓв”Ѓв”Ѓв”Ѓв”Ѓв”Ѓв”Ѓв”Ѓв”Ѓв”Ѓв”Ѓв”Ѓв”Ѓв”Ѓв”Ѓв”Ѓв”Ѓв”Ѓв”Ѓв”Ѓв”Ѓв”Ѓв”Ѓв”Ѓв”Ѓв”Ѓв”Ѓв”Ѓв”Ѓв”Ѓв”Ѓв”Ѓв”Ѓв”Ѓв”Ѓв”Ѓв”Ѓв”Ѓв”Ѓв”Ѓв”Ѓв”Ѓв”Ѓв”Ѓв”Ѓв”Ѓв”™

 Input structure:
  32

 S          2.0377261429        1.8237018587       -0.7704335418
 O          3.2405262595       -2.4130821814       -1.0788774305
 O         -4.7979099530        0.5935553990       -0.8180934031
 O         -5.1879819709       -1.4197702007        0.0472302512
 N          1.4921537925       -1.4023191943        0.0299106625
 N          3.5614704668       -0.9324284055        0.6633119813
 C          1.3260476951       -0.2123518072        0.8425607151
 C          2.7809350423        0.1542388215        1.2253182030
 C          0.6822786457        0.9700368874        0.0932436694
 C          3.1697642667        1.5059182801        0.6071006122
 C         -0.4035784014        0.6089135678       -0.9195488807
 C         -1.6058337470       -0.1210019920       -0.3070302918
 C          2.8149794407       -1.6520580422       -0.2479814207
 C         -2.4151683472        0.7700375013        0.6415135372
 C         -3.6441920518        0.0338861900        1.1843888096
 C         -4.6144649812       -0.3675752872        0.0970833992
 H          0.7288450935       -0.4551616351        1.7321737478
 H          2.9178901155        0.1847103302        2.3137875438
 H          0.2655232717        1.6499566964        0.8460783893
 H          3.0938753803        2.2991391155        1.3545422657
 H          4.1893236346        1.4846090664        0.2222951262
 H         -0.7495173667        1.5348403166       -1.3894188826
 H          0.0293579626       -0.0104390432       -1.7107553699
 H          0.8283998724       -1.6246444580       -0.6942207615
 H          4.5191001473       -0.7509405438        0.3998183030
 H         -2.2553608584       -0.4492935754       -1.1244186560
 H         -1.2721038001       -1.0162099019        0.2268295098
 H         -1.7956539744        1.0800471903        1.4882667830
 H         -2.7380796851        1.6718531229        0.1132068658
 H         -4.1887421112        0.6917848748        1.8682323345
 H         -3.3573647072       -0.8652116945        1.7342113284
 H         -5.4446487684        0.2831931084       -1.4729821397

 ------------------------------------------------
 Generating MTD length from a flexibility measure
 ------------------------------------------------
 Calculating GFN0-xTB WBOs   ... done.
 Calculating NCI flexibility ... done.
     covalent flexibility measure :   0.506
 non-covalent flexibility measure :   0.748
 flexibility measure :   0.519
 t(MTD) / ps    :    10.0
 ОЈ(t(MTD)) / ps :   140.0 (14 MTDs)

 -----------------------------------
 Starting trial MTD to test settings
 -----------------------------------
 Trial MTD 1 runtime (1.0 ps) ...        0 min,  5.389 sec
 Estimated runtime for one MTD (10.0 ps) on a single thread: 54 sec
 Estimated runtime for a batch of 14 MTDs on 16 threads: 54 sec

********************************************************************************
**                    N E W   I T E R A T I O N  C Y C L E                    **
********************************************************************************

 ------------------------------
 Meta-Dynamics Iteration 1
 ------------------------------
 list of applied metadynamics Vbias parameters:
$metadyn    0.09600   1.300
$metadyn    0.04800   1.300
$metadyn    0.02400   1.300
$metadyn    0.09600   0.780
$metadyn    0.04800   0.780
$metadyn    0.02400   0.780
$metadyn    0.09600   0.468
$metadyn    0.04800   0.468
$metadyn    0.02400   0.468
$metadyn    0.09600   0.281
$metadyn    0.04800   0.281
$metadyn    0.02400   0.281
$metadyn    0.03200   0.100
$metadyn    0.16000   0.800

  ::::::::::::: starting MTD   11 :::::::::::::
  |   MD simulation time   :    10.0 ps       |
  |   target T             :   300.0 K        |
  |   timestep dt          :     5.0 fs       |
  |   dump interval(trj)   :   100.0 fs       |
  |   SHAKE algorithm      : true (all bonds) |
  |   dump interval(Vbias) :    1.00 ps       |
  |   Vbias prefactor (k)  :  0.0480 Eh       |
  |   Vbias exponent (О±)   :  0.2808 bohrвЃ»ВІ   |
  ::::::::::::: starting MTD    1 :::::::::::::
  |   MD simulation time   :    10.0 ps       |
  |   target T             :   300.0 K        |
  |   timestep dt          :     5.0 fs       |
  |   dump interval(trj)   :   100.0 fs       |
  |   SHAKE algorithm      : true (all bonds) |
  |   dump interval(Vbias) :    1.00 ps       |
  |   Vbias prefactor (k)  :  0.0960 Eh       |
  |   Vbias exponent (О±)   :  1.3000 bohrвЃ»ВІ   |
  ::::::::::::: starting MTD   12 :::::::::::::
  |   MD simulation time   :    10.0 ps       |
  |   target T             :   300.0 K        |
  |   timestep dt          :     5.0 fs       |
  |   dump interval(trj)   :   100.0 fs       |
  |   SHAKE algorithm      : true (all bonds) |
  |   dump interval(Vbias) :    1.00 ps       |
  |   Vbias prefactor (k)  :  0.0240 Eh       |
  |   Vbias exponent (О±)   :  0.2808 bohrвЃ»ВІ   |
  ::::::::::::: starting MTD   10 :::::::::::::
  |   MD simulation time   :    10.0 ps       |
  |   target T             :   300.0 K        |
  |   timestep dt          :     5.0 fs       |
  |   dump interval(trj)   :   100.0 fs       |
  |   SHAKE algorithm      : true (all bonds) |
  |   dump interval(Vbias) :    1.00 ps       |
  |   Vbias prefactor (k)  :  0.0960 Eh       |
  |   Vbias exponent (О±)   :  0.2808 bohrвЃ»ВІ   |
  ::::::::::::: starting MTD    8 :::::::::::::
  |   MD simulation time   :    10.0 ps       |
  |   target T             :   300.0 K        |
  |   timestep dt          :     5.0 fs       |
  |   dump interval(trj)   :   100.0 fs       |
  |   SHAKE algorithm      : true (all bonds) |
  |   dump interval(Vbias) :    1.00 ps       |
  |   Vbias prefactor (k)  :  0.0480 Eh       |
  |   Vbias exponent (О±)   :  0.4680 bohrвЃ»ВІ   |
  ::::::::::::: starting MTD    9 :::::::::::::
  |   MD simulation time   :    10.0 ps       |
  |   target T             :   300.0 K        |
  |   timestep dt          :     5.0 fs       |
  |   dump interval(trj)   :   100.0 fs       |
  |   SHAKE algorithm      : true (all bonds) |
  |   dump interval(Vbias) :    1.00 ps       |
  |   Vbias prefactor (k)  :  0.0240 Eh       |
  |   Vbias exponent (О±)   :  0.4680 bohrвЃ»ВІ   |
  ::::::::::::: starting MTD   14 :::::::::::::
  |   MD simulation time   :    10.0 ps       |
  |   target T             :   300.0 K        |
  |   timestep dt          :     5.0 fs       |
  |   dump interval(trj)   :   100.0 fs       |
  |   SHAKE algorithm      : true (all bonds) |
  |   dump interval(Vbias) :    1.00 ps       |
  |   Vbias prefactor (k)  :  0.1600 Eh       |
  |   Vbias exponent (О±)   :  0.8000 bohrвЃ»ВІ   |
  ::::::::::::: starting MTD    4 :::::::::::::
  |   MD simulation time   :    10.0 ps       |
  |   target T             :   300.0 K        |
  |   timestep dt          :     5.0 fs       |
  |   dump interval(trj)   :   100.0 fs       |
  |   SHAKE algorithm      : true (all bonds) |
  |   dump interval(Vbias) :    1.00 ps       |
  |   Vbias prefactor (k)  :  0.0960 Eh       |
  |   Vbias exponent (О±)   :  0.7800 bohrвЃ»ВІ   |
  ::::::::::::: starting MTD    6 :::::::::::::
  |   MD simulation time   :    10.0 ps       |
  |   target T             :   300.0 K        |
  |   timestep dt          :     5.0 fs       |
  |   dump interval(trj)   :   100.0 fs       |
  |   SHAKE algorithm      : true (all bonds) |
  |   dump interval(Vbias) :    1.00 ps       |
  |   Vbias prefactor (k)  :  0.0240 Eh       |
  |   Vbias exponent (О±)   :  0.7800 bohrвЃ»ВІ   |
  ::::::::::::: starting MTD   13 :::::::::::::
  |   MD simulation time   :    10.0 ps       |
  |   target T             :   300.0 K        |
  |   timestep dt          :     5.0 fs       |
  |   dump interval(trj)   :   100.0 fs       |
  |   SHAKE algorithm      : true (all bonds) |
  |   dump interval(Vbias) :    1.00 ps       |
  |   Vbias prefactor (k)  :  0.0320 Eh       |
  |   Vbias exponent (О±)   :  0.1000 bohrвЃ»ВІ   |
  ::::::::::::: starting MTD    3 :::::::::::::
  |   MD simulation time   :    10.0 ps       |
  |   target T             :   300.0 K        |
  |   timestep dt          :     5.0 fs       |
  |   dump interval(trj)   :   100.0 fs       |
  |   SHAKE algorithm      : true (all bonds) |
  |   dump interval(Vbias) :    1.00 ps       |
  |   Vbias prefactor (k)  :  0.0240 Eh       |
  |   Vbias exponent (О±)   :  1.3000 bohrвЃ»ВІ   |
  ::::::::::::: starting MTD    2 :::::::::::::
  |   MD simulation time   :    10.0 ps       |
  |   target T             :   300.0 K        |
  |   timestep dt          :     5.0 fs       |
  |   dump interval(trj)   :   100.0 fs       |
  |   SHAKE algorithm      : true (all bonds) |
  |   dump interval(Vbias) :    1.00 ps       |
  |   Vbias prefactor (k)  :  0.0480 Eh       |
  |   Vbias exponent (О±)   :  1.3000 bohrвЃ»ВІ   |
  ::::::::::::: starting MTD    5 :::::::::::::
  |   MD simulation time   :    10.0 ps       |
  |   target T             :   300.0 K        |
  |   timestep dt          :     5.0 fs       |
  |   dump interval(trj)   :   100.0 fs       |
  |   SHAKE algorithm      : true (all bonds) |
  |   dump interval(Vbias) :    1.00 ps       |
  |   Vbias prefactor (k)  :  0.0480 Eh       |
  |   Vbias exponent (О±)   :  0.7800 bohrвЃ»ВІ   |
  ::::::::::::: starting MTD    7 :::::::::::::
  |   MD simulation time   :    10.0 ps       |
  |   target T             :   300.0 K        |
  |   timestep dt          :     5.0 fs       |
  |   dump interval(trj)   :   100.0 fs       |
  |   SHAKE algorithm      : true (all bonds) |
  |   dump interval(Vbias) :    1.00 ps       |
  |   Vbias prefactor (k)  :  0.0960 Eh       |
  |   Vbias exponent (О±)   :  0.4680 bohrвЃ»ВІ   |
*MTD   5 completed successfully ...        1 min,  4.345 sec
*MTD  12 completed successfully ...        1 min,  4.523 sec
*MTD   2 completed successfully ...        1 min,  4.528 sec
*MTD   6 completed successfully ...        1 min,  4.802 sec
*MTD   9 completed successfully ...        1 min,  4.998 sec
*MTD  14 completed successfully ...        1 min,  5.070 sec
*MTD   3 completed successfully ...        1 min,  5.074 sec
*MTD   1 completed successfully ...        1 min,  5.276 sec
*MTD   4 completed successfully ...        1 min,  5.381 sec
*MTD  11 completed successfully ...        1 min,  5.602 sec
*MTD   7 completed successfully ...        1 min,  5.740 sec
*MTD  10 completed successfully ...        1 min,  5.882 sec
*MTD  13 completed successfully ...        1 min,  6.044 sec
*MTD   8 completed successfully ...        1 min,  6.090 sec

 ======================================
 |  Multilevel Ensemble Optimization  |
 ======================================
 Optimizing all 1386 structures from file "crest_dynamics.trj" ...
 ----------------------
 crude pre-optimization
 ----------------------
 Optimization engine: ANCOPT
 Hessian update type: BFGS
 E/G convergence criteria:  0.500E-03 Eh, 0.100E-01 Eh/a0
 maximum optimization steps: 200
 |>0.1% |>7.5% |>15.0% |>22.5% |>30.0% |>37.5% |>45.0% |>52.5% |>60.0% |>67.5% |>75.0% |>82.5% |>90.0% |>97.5% |>100.0%
 done.
> 1386 of 1386 structures successfully optimized (100.0% success)
> Total runtime for 1386 optimizations:
 * wall-time:     0 d,  0 h,  0 min, 32.565 sec
 *  cpu-time:     0 d,  0 h,  8 min, 29.814 sec
 * ratio c/w:    15.655 speedup
> Corresponding to approximately 0.023 sec per processed structure

CREGEN> running RMSDs ... done.
CREGEN> E lowest :   -54.05560
 883 structures remain within    12.00 kcal/mol window
 ----------------------------------
 optimization with tight thresholds
 ----------------------------------
 Optimization engine: ANCOPT
 Hessian update type: BFGS
 E/G convergence criteria:  0.100E-05 Eh, 0.800E-03 Eh/a0
 maximum optimization steps: 200
 |>0.1% |>10.1% |>20.0% |>30.0% |>40.1% |>50.1% |>60.0% |>70.1% |>80.1% |>90.0% |>100.0%
 done.
> 883 of 883 structures successfully optimized (100.0% success)
> Total runtime for 883 optimizations:
 * wall-time:     0 d,  0 h,  1 min, 26.129 sec
 *  cpu-time:     0 d,  0 h, 22 min, 29.634 sec
 * ratio c/w:    15.670 speedup
> Corresponding to approximately 0.098 sec per processed structure

CREGEN> running RMSDs ... done.
CREGEN> E lowest :   -54.05768
 28 structures remain within     6.00 kcal/mol window
 This is less than 5% of the initial 883 structures.
 Increasing energy window to include more...
CREGEN> running RMSDs ... done.
CREGEN> E lowest :   -54.05768
 69 structures remain within     9.00 kcal/mol window

 ------------------------------
 Meta-Dynamics Iteration 2
 ------------------------------
 list of applied metadynamics Vbias parameters:
$metadyn    0.09600   1.300
$metadyn    0.04800   1.300
$metadyn    0.02400   1.300
$metadyn    0.09600   0.780
$metadyn    0.04800   0.780
$metadyn    0.02400   0.780
$metadyn    0.09600   0.468
$metadyn    0.04800   0.468
$metadyn    0.02400   0.468
$metadyn    0.09600   0.281
$metadyn    0.04800   0.281
$metadyn    0.02400   0.281
$metadyn    0.03200   0.100
$metadyn    0.16000   0.800

  ::::::::::::: starting MTD    1 :::::::::::::
  |   MD simulation time   :    10.0 ps       |
  |   target T             :   300.0 K        |
  |   timestep dt          :     5.0 fs       |
  |   dump interval(trj)   :   100.0 fs       |
  |   SHAKE algorithm      : true (all bonds) |
  |   dump interval(Vbias) :    1.00 ps       |
  |   Vbias prefactor (k)  :  0.0960 Eh       |
  |   Vbias exponent (О±)   :  1.3000 bohrвЃ»ВІ   |
  ::::::::::::: starting MTD   13 :::::::::::::
  |   MD simulation time   :    10.0 ps       |
  |   target T             :   300.0 K        |
  |   timestep dt          :     5.0 fs       |
  |   dump interval(trj)   :   100.0 fs       |
  |   SHAKE algorithm      : true (all bonds) |
  |   dump interval(Vbias) :    1.00 ps       |
  |   Vbias prefactor (k)  :  0.0320 Eh       |
  |   Vbias exponent (О±)   :  0.1000 bohrвЃ»ВІ   |
  ::::::::::::: starting MTD    8 :::::::::::::
  |   MD simulation time   :    10.0 ps       |
  |   target T             :   300.0 K        |
  |   timestep dt          :     5.0 fs       |
  |   dump interval(trj)   :   100.0 fs       |
  |   SHAKE algorithm      : true (all bonds) |
  |   dump interval(Vbias) :    1.00 ps       |
  |   Vbias prefactor (k)  :  0.0480 Eh       |
  |   Vbias exponent (О±)   :  0.4680 bohrвЃ»ВІ   |
  ::::::::::::: starting MTD    7 :::::::::::::
  |   MD simulation time   :    10.0 ps       |
  |   target T             :   300.0 K        |
  |   timestep dt          :     5.0 fs       |
  |   dump interval(trj)   :   100.0 fs       |
  |   SHAKE algorithm      : true (all bonds) |
  |   dump interval(Vbias) :    1.00 ps       |
  |   Vbias prefactor (k)  :  0.0960 Eh       |
  |   Vbias exponent (О±)   :  0.4680 bohrвЃ»ВІ   |
  ::::::::::::: starting MTD    2 :::::::::::::
  |   MD simulation time   :    10.0 ps       |
  |   target T             :   300.0 K        |
  |   timestep dt          :     5.0 fs       |
  |   dump interval(trj)   :   100.0 fs       |
  |   SHAKE algorithm      : true (all bonds) |
  |   dump interval(Vbias) :    1.00 ps       |
  |   Vbias prefactor (k)  :  0.0480 Eh       |
  |   Vbias exponent (О±)   :  1.3000 bohrвЃ»ВІ   |
  ::::::::::::: starting MTD    4 :::::::::::::
  |   MD simulation time   :    10.0 ps       |
  |   target T             :   300.0 K        |
  |   timestep dt          :     5.0 fs       |
  |   dump interval(trj)   :   100.0 fs       |
  |   SHAKE algorithm      : true (all bonds) |
  |   dump interval(Vbias) :    1.00 ps       |
  |   Vbias prefactor (k)  :  0.0960 Eh       |
  |   Vbias exponent (О±)   :  0.7800 bohrвЃ»ВІ   |
  ::::::::::::: starting MTD   14 :::::::::::::
  |   MD simulation time   :    10.0 ps       |
  |   target T             :   300.0 K        |
  |   timestep dt          :     5.0 fs       |
  |   dump interval(trj)   :   100.0 fs       |
  |   SHAKE algorithm      : true (all bonds) |
  |   dump interval(Vbias) :    1.00 ps       |
  |   Vbias prefactor (k)  :  0.1600 Eh       |
  |   Vbias exponent (О±)   :  0.8000 bohrвЃ»ВІ   |
  ::::::::::::: starting MTD    6 :::::::::::::
  |   MD simulation time   :    10.0 ps       |
  |   target T             :   300.0 K        |
  |   timestep dt          :     5.0 fs       |
  |   dump interval(trj)   :   100.0 fs       |
  |   SHAKE algorithm      : true (all bonds) |
  |   dump interval(Vbias) :    1.00 ps       |
  |   Vbias prefactor (k)  :  0.0240 Eh       |
  |   Vbias exponent (О±)   :  0.7800 bohrвЃ»ВІ   |
  ::::::::::::: starting MTD   11 :::::::::::::
  |   MD simulation time   :    10.0 ps       |
  |   target T             :   300.0 K        |
  |   timestep dt          :     5.0 fs       |
  |   dump interval(trj)   :   100.0 fs       |
  |   SHAKE algorithm      : true (all bonds) |
  |   dump interval(Vbias) :    1.00 ps       |
  |   Vbias prefactor (k)  :  0.0480 Eh       |
  |   Vbias exponent (О±)   :  0.2808 bohrвЃ»ВІ   |
  ::::::::::::: starting MTD    5 :::::::::::::
  |   MD simulation time   :    10.0 ps       |
  |   target T             :   300.0 K        |
  |   timestep dt          :     5.0 fs       |
  |   dump interval(trj)   :   100.0 fs       |
  |   SHAKE algorithm      : true (all bonds) |
  |   dump interval(Vbias) :    1.00 ps       |
  |   Vbias prefactor (k)  :  0.0480 Eh       |
  |   Vbias exponent (О±)   :  0.7800 bohrвЃ»ВІ   |
  ::::::::::::: starting MTD    3 :::::::::::::
  |   MD simulation time   :    10.0 ps       |
  |   target T             :   300.0 K        |
  |   timestep dt          :     5.0 fs       |
  |   dump interval(trj)   :   100.0 fs       |
  |   SHAKE algorithm      : true (all bonds) |
  |   dump interval(Vbias) :    1.00 ps       |
  |   Vbias prefactor (k)  :  0.0240 Eh       |
  |   Vbias exponent (О±)   :  1.3000 bohrвЃ»ВІ   |
  ::::::::::::: starting MTD   12 :::::::::::::
  |   MD simulation time   :    10.0 ps       |
  |   target T             :   300.0 K        |
  |   timestep dt          :     5.0 fs       |
  |   dump interval(trj)   :   100.0 fs       |
  |   SHAKE algorithm      : true (all bonds) |
  |   dump interval(Vbias) :    1.00 ps       |
  |   Vbias prefactor (k)  :  0.0240 Eh       |
  |   Vbias exponent (О±)   :  0.2808 bohrвЃ»ВІ   |
  ::::::::::::: starting MTD    9 :::::::::::::
  |   MD simulation time   :    10.0 ps       |
  |   target T             :   300.0 K        |
  |   timestep dt          :     5.0 fs       |
  |   dump interval(trj)   :   100.0 fs       |
  |   SHAKE algorithm      : true (all bonds) |
  |   dump interval(Vbias) :    1.00 ps       |
  |   Vbias prefactor (k)  :  0.0240 Eh       |
  |   Vbias exponent (О±)   :  0.4680 bohrвЃ»ВІ   |
  ::::::::::::: starting MTD   10 :::::::::::::
  |   MD simulation time   :    10.0 ps       |
  |   target T             :   300.0 K        |
  |   timestep dt          :     5.0 fs       |
  |   dump interval(trj)   :   100.0 fs       |
  |   SHAKE algorithm      : true (all bonds) |
  |   dump interval(Vbias) :    1.00 ps       |
  |   Vbias prefactor (k)  :  0.0960 Eh       |
  |   Vbias exponent (О±)   :  0.2808 bohrвЃ»ВІ   |
*MTD   4 completed successfully ...        1 min,  4.784 sec
*MTD   9 completed successfully ...        1 min,  4.800 sec
*MTD  11 completed successfully ...        1 min,  5.196 sec
*MTD  14 completed successfully ...        1 min,  5.368 sec
*MTD   7 completed successfully ...        1 min,  5.398 sec
*MTD   1 completed successfully ...        1 min,  5.509 sec
*MTD   8 completed successfully ...        1 min,  5.531 sec
*MTD   2 completed successfully ...        1 min,  5.575 sec
*MTD  12 completed successfully ...        1 min,  5.583 sec
*MTD   3 completed successfully ...        1 min,  5.699 sec
*MTD   5 completed successfully ...        1 min,  5.799 sec
*MTD   6 completed successfully ...        1 min,  5.805 sec
*MTD  10 completed successfully ...        1 min,  5.843 sec
*MTD  13 completed successfully ...        1 min,  6.325 sec

 ======================================
 |  Multilevel Ensemble Optimization  |
 ======================================
 Optimizing all 1386 structures from file "crest_dynamics.trj" ...
 ----------------------
 crude pre-optimization
 ----------------------
 Optimization engine: ANCOPT
 Hessian update type: BFGS
 E/G convergence criteria:  0.500E-03 Eh, 0.100E-01 Eh/a0
 maximum optimization steps: 200
 |>0.1% |>7.5% |>15.0% |>22.5% |>30.0% |>37.5% |>45.0% |>52.5% |>60.0% |>67.5% |>75.0% |>82.5% |>90.0% |>97.5% |>100.0%
 done.
> 1386 of 1386 structures successfully optimized (100.0% success)
> Total runtime for 1386 optimizations:
 * wall-time:     0 d,  0 h,  0 min, 32.279 sec
 *  cpu-time:     0 d,  0 h,  8 min, 27.026 sec
 * ratio c/w:    15.708 speedup
> Corresponding to approximately 0.023 sec per processed structure

CREGEN> running RMSDs ... done.
CREGEN> E lowest :   -54.05605
 721 structures remain within    12.00 kcal/mol window
 ----------------------------------
 optimization with tight thresholds
 ----------------------------------
 Optimization engine: ANCOPT
 Hessian update type: BFGS
 E/G convergence criteria:  0.100E-05 Eh, 0.800E-03 Eh/a0
 maximum optimization steps: 200
 |>0.1% |>10.1% |>20.1% |>30.1% |>40.1% |>50.1% |>60.1% |>70.0% |>80.0% |>90.0% |>100.0%
 done.
> 721 of 721 structures successfully optimized (100.0% success)
> Total runtime for 721 optimizations:
 * wall-time:     0 d,  0 h,  1 min,  9.226 sec
 *  cpu-time:     0 d,  0 h, 17 min, 56.462 sec
 * ratio c/w:    15.550 speedup
> Corresponding to approximately 0.096 sec per processed structure

CREGEN> running RMSDs ... done.
CREGEN> E lowest :   -54.05768
 26 structures remain within     6.00 kcal/mol window
 This is less than 5% of the initial 721 structures.
 Increasing energy window to include more...
CREGEN> running RMSDs ... done.
CREGEN> E lowest :   -54.05768
 61 structures remain within     9.00 kcal/mol window

========================================
           MTD Simulations done         
========================================
 Collecting ensmbles.
CREGEN> running RMSDs ... done.
CREGEN> E lowest :   -54.05768
 37 structures remain within     6.00 kcal/mol window


 ===============================================
 Additional regular MDs on lowest 4 conformer(s)
 ===============================================
  :::::::::::::: starting MD   1 ::::::::::::::
  |   MD simulation time   :     5.0 ps       |
  |   target T             :   400.0 K        |
  |   timestep dt          :     5.0 fs       |
  |   dump interval(trj)   :   100.0 fs       |
  |   SHAKE algorithm      : true (all bonds) |
  :::::::::::::: starting MD   7 ::::::::::::::
  |   MD simulation time   :     5.0 ps       |
  |   target T             :   500.0 K        |
  |   timestep dt          :     5.0 fs       |
  |   dump interval(trj)   :   100.0 fs       |
  |   SHAKE algorithm      : true (all bonds) |
  :::::::::::::: starting MD   2 ::::::::::::::
  |   MD simulation time   :     5.0 ps       |
  |   target T             :   400.0 K        |
  |   timestep dt          :     5.0 fs       |
  |   dump interval(trj)   :   100.0 fs       |
  |   SHAKE algorithm      : true (all bonds) |
  :::::::::::::: starting MD   4 ::::::::::::::
  |   MD simulation time   :     5.0 ps       |
  |   target T             :   400.0 K        |
  |   timestep dt          :     5.0 fs       |
  |   dump interval(trj)   :   100.0 fs       |
  |   SHAKE algorithm      : true (all bonds) |
  :::::::::::::: starting MD   8 ::::::::::::::
  |   MD simulation time   :     5.0 ps       |
  |   target T             :   500.0 K        |
  |   timestep dt          :     5.0 fs       |
  |   dump interval(trj)   :   100.0 fs       |
  |   SHAKE algorithm      : true (all bonds) |
  :::::::::::::: starting MD   3 ::::::::::::::
  |   MD simulation time   :     5.0 ps       |
  |   target T             :   400.0 K        |
  |   timestep dt          :     5.0 fs       |
  |   dump interval(trj)   :   100.0 fs       |
  |   SHAKE algorithm      : true (all bonds) |
  :::::::::::::: starting MD   5 ::::::::::::::
  |   MD simulation time   :     5.0 ps       |
  |   target T             :   500.0 K        |
  |   timestep dt          :     5.0 fs       |
  |   dump interval(trj)   :   100.0 fs       |
  |   SHAKE algorithm      : true (all bonds) |
  :::::::::::::: starting MD   6 ::::::::::::::
  |   MD simulation time   :     5.0 ps       |
  |   target T             :   500.0 K        |
  |   timestep dt          :     5.0 fs       |
  |   dump interval(trj)   :   100.0 fs       |
  |   SHAKE algorithm      : true (all bonds) |
*MD   4 completed successfully ...        0 min, 38.951 sec
*MD   2 completed successfully ...        0 min, 39.170 sec
*MD   6 completed successfully ...        0 min, 39.268 sec
*MD   1 completed successfully ...        0 min, 39.419 sec
*MD   5 completed successfully ...        0 min, 39.509 sec
*MD   7 completed successfully ...        0 min, 39.651 sec
*MD   8 completed successfully ...        0 min, 39.698 sec
*MD   3 completed successfully ...        0 min, 39.784 sec
 Appending file crest_rotamers_1.xyz with new structures
 Optimizing all 429 structures from file "crest_rotamers_1.xyz" ...
 ----------------------------------
 optimization with tight thresholds
 ----------------------------------
 Optimization engine: ANCOPT
 Hessian update type: BFGS
 E/G convergence criteria:  0.100E-05 Eh, 0.800E-03 Eh/a0
 maximum optimization steps: 200
 |>0.2% |>10.0% |>20.0% |>30.1% |>40.1% |>50.1% |>60.1% |>70.2% |>80.2% |>90.2% |>100.0%
 done.
> 429 of 429 structures successfully optimized (100.0% success)
> Total runtime for 429 optimizations:
 * wall-time:     0 d,  0 h,  0 min, 27.564 sec
 *  cpu-time:     0 d,  0 h,  7 min,  0.513 sec
 * ratio c/w:    15.256 speedup
> Corresponding to approximately 0.064 sec per processed structure

CREGEN> running RMSDs ... done.
CREGEN> E lowest :   -54.05768
 40 structures remain within     6.00 kcal/mol window

     ========================================
     |        Structure Crossing (GC)       |
     ========================================

 =============================
  # threads =          16
 =============================
input  file name : crest_rotamers_2.xyz
number of atoms                :      32
number of points on xyz files  :      40
conformer energy window  /kcal :    6.00
CN per atom difference cut-off :  0.3000
RMSD threshold (Ang, Bohr)     :  0.2500  0.4724
max. # of generated structures :      500
 # in E window          40
  15.4 % done
  36.9 % done
  61.5 % done
 finished.
 average rmsd w.r.t input     :     1.88984
 number of clash discarded    :         777
 removed identical structures :           0

 3 structures written to confcross.xyz


 ======================================
 |  Multilevel Ensemble Optimization  |
 ======================================
 Optimizing all 3 structures from file "confcross.xyz" ...
 ----------------------
 crude pre-optimization
 ----------------------
 Optimization engine: ANCOPT
 Hessian update type: BFGS
 E/G convergence criteria:  0.500E-03 Eh, 0.100E-01 Eh/a0
 maximum optimization steps: 200
 |>33.3% |>66.7% |>100.0%
 done.
> 3 of 3 structures successfully optimized (100.0% success)
> Total runtime for 3 optimizations:
 * wall-time:     0 d,  0 h,  0 min,  0.346 sec
 *  cpu-time:     0 d,  0 h,  0 min,  3.674 sec
 * ratio c/w:    10.625 speedup
> Corresponding to approximately 0.115 sec per processed structure

CREGEN> running RMSDs ... done.
CREGEN> E lowest :   -54.04465
 3 structures remain within    12.00 kcal/mol window
 ----------------------------------
 optimization with tight thresholds
 ----------------------------------
 Optimization engine: ANCOPT
 Hessian update type: BFGS
 E/G convergence criteria:  0.100E-05 Eh, 0.800E-03 Eh/a0
 maximum optimization steps: 200
 |>33.3% |>66.7% |>100.0%
 done.
> 3 of 3 structures successfully optimized (100.0% success)
> Total runtime for 3 optimizations:
 * wall-time:     0 d,  0 h,  0 min,  1.404 sec
 *  cpu-time:     0 d,  0 h,  0 min, 14.530 sec
 * ratio c/w:    10.351 speedup
> Corresponding to approximately 0.468 sec per processed structure

CREGEN> running RMSDs ... done.
CREGEN> E lowest :   -54.05423
 2 structures remain within     6.00 kcal/mol window
appending new structures to crest_rotamers_2.xyz
CREGEN> running RMSDs ... done.
CREGEN> E lowest :   -54.05768


   ================================================
   |           Final Geometry Optimization        |
   ================================================
 Optimizing all 40 structures from file "crest_rotamers_3.xyz" ...
 ---------------------------------------
 optimization with very tight thresholds
 ---------------------------------------
 Optimization engine: ANCOPT
 Hessian update type: BFGS
 E/G convergence criteria:  0.100E-06 Eh, 0.200E-03 Eh/a0
 maximum optimization steps: 200
 |>2.5% |>10.0% |>20.0% |>30.0% |>40.0% |>50.0% |>60.0% |>72.5% |>80.0% |>92.5% |>100.0%
 done.
> 40 of 40 structures successfully optimized (100.0% success)
> Total runtime for 40 optimizations:
 * wall-time:     0 d,  0 h,  0 min,  1.990 sec
 *  cpu-time:     0 d,  0 h,  0 min, 14.923 sec
 * ratio c/w:     7.499 speedup
> Corresponding to approximately 0.050 sec per processed structure

CREGEN> running RMSDs ... done.
CREGEN> E lowest :   -54.05768
 36 structures remain within     6.00 kcal/mol window


 --------------------------
 Final Ensemble Information
 --------------------------
 input  file name : crest_rotamers_3.xyz
 output file name : crest_rotamers_4.xyz
 number of atoms                :   32
 number of points on xyz files  :   40
 RMSD threshold                 :   0.1250
 Bconst threshold               :   0.0100
 population threshold           :   0.0500
 # fragment in coord            :     1
 # bonds in reference structure :    33
 number of reliable points      :    40
 sorting energy window (EWIN)   :    6.0000 / kcal*molвЃ»В№
 reference state Etot           :  -54.057682999999997
 number of doubles removed by rot/RMSD         :           4
 total number unique points considered further :          36
       Erel/kcal        Etot weight/tot  conformer     set   degen     origin
       1   0.000   -54.05768    0.56348    0.56348       1       1
       2   0.850   -54.05633    0.13448    0.13448       2       1
       3   1.281   -54.05564    0.06498    0.06498       3       1
       4   1.322   -54.05558    0.06066    0.06066       4       1
       5   1.496   -54.05530    0.04521    0.04521       5       1
       6   1.649   -54.05505    0.03491    0.03491       6       1
       7   1.992   -54.05451    0.01958    0.01958       7       1
       8   2.148   -54.05426    0.01507    0.01507       8       1
       9   2.169   -54.05423    0.01453    0.01453       9       1
      10   2.546   -54.05363    0.00769    0.00769      10       1
      11   2.626   -54.05350    0.00673    0.00673      11       1
      12   2.648   -54.05346    0.00648    0.00648      12       1
      13   2.952   -54.05298    0.00388    0.00388      13       1
      14   3.067   -54.05280    0.00320    0.00320      14       1
      15   3.218   -54.05255    0.00248    0.00248      15       1
      16   3.251   -54.05250    0.00234    0.00234      16       1
      17   3.333   -54.05237    0.00204    0.00204      17       1
      18   3.344   -54.05235    0.00201    0.00201      18       1
      19   3.424   -54.05223    0.00175    0.00175      19       1
      20   3.588   -54.05197    0.00133    0.00133      20       1
      21   3.647   -54.05187    0.00120    0.00120      21       1
      22   3.680   -54.05182    0.00114    0.00114      22       1
      23   3.849   -54.05155    0.00086    0.00086      23       1
      24   3.855   -54.05154    0.00085    0.00085      24       1
      25   3.892   -54.05148    0.00080    0.00080      25       1
      26   4.251   -54.05091    0.00043    0.00043      26       1
      27   4.259   -54.05090    0.00043    0.00043      27       1
      28   4.272   -54.05088    0.00042    0.00042      28       1
      29   4.307   -54.05082    0.00040    0.00040      29       1
      30   4.427   -54.05063    0.00032    0.00032      30       1
      31   5.176   -54.04943    0.00009    0.00009      31       1
      32   5.334   -54.04918    0.00007    0.00007      32       1
      33   5.348   -54.04916    0.00007    0.00007      33       1
      34   5.518   -54.04889    0.00005    0.00005      34       1
      35   5.548   -54.04884    0.00005    0.00005      35       1
      36   5.933   -54.04823    0.00003    0.00003      36       1
T /K                                  :   298.15
E lowest                              :   -54.05768
ensemble average energy (kcal)        :    0.650
ensemble entropy (J/mol K, cal/mol K) :   13.883    3.318
ensemble free energy (kcal/mol)       :   -0.989
population of lowest in %             :   56.348
 number of unique conformers for further calc           36
 list of relative energies saved as "crest.energies"

 -----------------
 Wall Time Summary
 -----------------
 CREST runtime (total)               0 d,  0 h,  7 min, 13.457 sec
 ------------------------------------------------------------------
 Trial metadynamics (MTD)   ...        0 min,  5.390 sec (  1.243%)
 Metadynamics (MTD)         ...        2 min, 12.979 sec ( 30.679%)
 Geometry optimization      ...        4 min, 13.252 sec ( 58.426%)
 Molecular dynamics (MD)    ...        0 min, 39.798 sec (  9.182%)
 Genetic crossing (GC)      ...        0 min,  1.795 sec (  0.414%)
 I/O and setup              ...        0 min,  0.243 sec (  0.056%)
 ------------------------------------------------------------------
 * wall-time:     0 d,  0 h,  7 min, 13.457 sec
 *  cpu-time:     0 d,  1 h, 44 min, 33.222 sec
 * ratio c/w:    14.473 speedup
 ------------------------------------------------------------------
 * Total number of energy+grad calls: 188564

 CREST terminated normally.
