  47
 Etot=         -87.7546545026
 O          1.7106996351        3.0799599981       -0.7075320862
 O          1.5100055161        1.9202034661        2.2863372208
 O          3.8367351755        2.6919993059        1.0690173049
 O          3.5792672048        1.2804944609       -1.4980377297
 O         -0.8163434163       -4.5635546305        0.5996440534
 O          3.1988751384       -2.7640141498       -0.3977040961
 N         -0.3905172997        0.0411958239       -0.6351605119
 N         -2.0249161709       -2.0269464788        0.2740522603
 N          1.4222002763       -1.3580777468       -0.5660969712
 N          1.1600251400       -3.6309279039        0.0353691302
 C          1.0218212777        2.0325248094       -0.0699363759
 C          0.5019754215        1.0699527595       -1.1640698616
 C          1.8403789879        1.3203975790        1.0503336806
 C          3.3842877551        1.3628408400        0.9351167324
 C         -1.7186331724        0.2884340848       -0.3866924207
 C          0.1364764865       -1.1966366445       -0.3889606793
 C         -2.5250015625       -0.7778523604        0.0808178787
 C         -2.3118257887        1.5446214551       -0.5758329955
 C         -0.7596798952       -2.2311221368        0.0537686394
 C          3.9985364999        0.6594961177       -0.2832019869
 C         -3.6520499561        1.7491400952       -0.3041200539
 C         -3.8864285440       -0.5534892281        0.3490169304
 C         -4.4565791336        0.6860916763        0.1677587674
 C         -0.1909935327       -3.5867798637        0.2641493262
 C         -4.2473276744        3.1122545249       -0.5101852339
 C         -5.9132031549        0.9055830468        0.4669044495
 C          2.0060822939       -2.5726604571       -0.3226986964
 H          0.1580688551        2.4923820315        0.4320210081
 H         -0.0286183358        1.6518017929       -1.9209570660
 H          1.3403102204        0.5591515729       -1.6425592101
 H          1.5172301106        0.2740584569        1.1119328919
 H          3.7660061156        0.8282617754        1.8192645670
 H         -1.7222577044        2.3790403555       -0.9331279415
 H          5.0918241897        0.7297092317       -0.1924808354
 H          3.7051700398       -0.3994974399       -0.2792863259
 H         -4.4722464607       -1.3921916561        0.7069180569
 H          2.4258325756        2.6955684793       -1.2509206737
 H          2.0821449132        2.6975379810        2.3973301052
 H          3.4187754517        3.2405975957        0.3847784289
 H         -4.6544375101        3.4940874487        0.4277943328
 H         -3.4987189730        3.8144425105       -0.8755890675
 H         -5.0637118579        3.0652986457       -1.2331738324
 H         -6.4410452249        1.2433388264       -0.4268539042
 H         -6.3771225193       -0.0159986655        0.8167602415
 H         -6.0343068668        1.6698668764        1.2367516138
 H          1.6197581609       -4.5177602045        0.1912727100
 H          4.0494901505        0.8672086407       -2.2325368037
  47
 Etot=         -87.7546545025
 O          1.7106907962        3.0799624998       -0.7075387654
 O          1.5100008085        1.9201766139        2.2863178336
 O          3.8367435113        2.6920084746        1.0690174771
 O          3.5792741261        1.2804883538       -1.4980577486
 O         -0.8163428877       -4.5635563994        0.5996413950
 O          3.1988820304       -2.7640162271       -0.3976961982
 N         -0.3905174333        0.0411928206       -0.6351569362
 N         -2.0249294851       -2.0269436810        0.2740533248
 N          1.4222064112       -1.3580804668       -0.5660878589
 N          1.1600276027       -3.6309282944        0.0353744093
 C          1.0218271284        2.0325270492       -0.0699309802
 C          0.5019816616        1.0699569889       -1.1640677603
 C          1.8403908361        1.3203998615        1.0503329929
 C          3.3842943000        1.3628448130        0.9351231673
 C         -1.7186294644        0.2884349522       -0.3866935992
 C          0.1364701995       -1.1966303203       -0.3889588096
 C         -2.5249959589       -0.7778570228        0.0808163295
 C         -2.3118284410        1.5446240180       -0.5758260340
 C         -0.7596758028       -2.2311225392        0.0537653677
 C          3.9985302679        0.6595003155       -0.2831953685
 C         -3.6520418563        1.7491481893       -0.3041217603
 C         -3.8864260639       -0.5534977725        0.3490179521
 C         -4.4565715875        0.6860951791        0.1677492363
 C         -0.1909949744       -3.5867745364        0.2641498885
 C         -4.2473287236        3.1122562151       -0.5101822504
 C         -5.9132033342        0.9055800638        0.4669042707
 C          2.0060745156       -2.5726635066       -0.3227154320
 H          0.1580619485        2.4923931326        0.4320169928
 H         -0.0286174346        1.6518045138       -1.9209552575
 H          1.3403158582        0.5591468143       -1.6425651133
 H          1.5172200255        0.2740441758        1.1119440298
 H          3.7660059160        0.8282594708        1.8192684133
 H         -1.7222556198        2.3790414176       -0.9331308609
 H          5.0918102926        0.7297137823       -0.1924745830
 H          3.7051681650       -0.3995035768       -0.2792828606
 H         -4.4722466807       -1.3921908560        0.7069155558
 H          2.4258331491        2.6955657595       -1.2509237568
 H          2.0821577176        2.6975488140        2.3973233865
 H          3.4187754519        3.2406019052        0.3847772525
 H         -4.6544365615        3.4940843513        0.4277953622
 H         -3.4987209577        3.8144338702       -0.8755885984
 H         -5.0637038779        3.0652956354       -1.2331653715
 H         -6.4410551565        1.2433361618       -0.4268598021
 H         -6.3771327702       -0.0159990598        0.8167592815
 H         -6.0343134730        1.6698733327        1.2367615876
 H          1.6197577059       -4.5177578097        0.1912720727
 H          4.0494809571        0.8672152215       -2.2325269026
  47
 Etot=         -87.7546544888
 O          1.7106819573        3.0799650016       -0.7075454447
 O          1.5099961009        1.9201497618        2.2862984464
 O          3.8367518470        2.6920176432        1.0690176493
 O          3.5792810473        1.2804822467       -1.4980777675
 O         -0.8163423591       -4.5635581683        0.5996387366
 O          3.1988889225       -2.7640183044       -0.3976883003
 N         -0.3905175669        0.0411898174       -0.6351533606
 N         -2.0249427993       -2.0269408832        0.2740543893
 N          1.4222125461       -1.3580831867       -0.5660787466
 N          1.1600300654       -3.6309286849        0.0353796884
 C          1.0218329791        2.0325292890       -0.0699255844
 C          0.5019879018        1.0699612183       -1.1640656591
 C          1.8404026843        1.3204021441        1.0503323052
 C          3.3843008448        1.3628487859        0.9351296021
 C         -1.7186257565        0.2884358195       -0.3866947777
 C          0.1364639124       -1.1966239962       -0.3889569399
 C         -2.5249903554       -0.7778616851        0.0808147802
 C         -2.3118310934        1.5446265808       -0.5758190724
 C         -0.7596717105       -2.2311229417        0.0537620959
 C          3.9985240359        0.6595045133       -0.2831887501
 C         -3.6520337566        1.7491562835       -0.3041234667
 C         -3.8864235838       -0.5535063170        0.3490189738
 C         -4.4565640414        0.6860986820        0.1677397051
 C         -0.1909964160       -3.5867692091        0.2641504508
 C         -4.2473297728        3.1122579053       -0.5101792669
 C         -5.9132035135        0.9055770809        0.4669040920
 C          2.0060667373       -2.5726665561       -0.3227321677
 H          0.1580550419        2.4924042338        0.4320129775
 H         -0.0286165334        1.6518072347       -1.9209534490
 H          1.3403214959        0.5591420557       -1.6425710166
 H          1.5172099404        0.2740298948        1.1119551677
 H          3.7660057164        0.8282571661        1.8192722596
 H         -1.7222535351        2.3790424796       -0.9331337802
 H          5.0917963954        0.7297183329       -0.1924683305
 H          3.7051662902       -0.3995097137       -0.2792793954
 H         -4.4722469007       -1.3921900559        0.7069130548
 H          2.4258337226        2.6955630397       -1.2509268398
 H          2.0821705220        2.6975596470        2.3973166678
 H          3.4187754521        3.2406062148        0.3847760761
 H         -4.6544356128        3.4940812538        0.4277963916
 H         -3.4987229424        3.8144252299       -0.8755881293
 H         -5.0636958979        3.0652926251       -1.2331569105
 H         -6.4410650882        1.2433334972       -0.4268657000
 H         -6.3771430210       -0.0159994540        0.8167583214
 H         -6.0343200792        1.6698797890        1.2367715614
 H          1.6197572509       -4.5177554150        0.1912714354
 H          4.0494717637        0.8672218024       -2.2325170016
  47
 Etot=         -87.7546545026
 O          1.7107057406        3.0799461964       -0.7077402856
 O          1.5101189287        1.9202570434        2.2862419111
 O          3.8367809169        2.6921170549        1.0689840550
 O          3.5791452972        1.2804102494       -1.4980433008
 O         -0.8164050896       -4.5635827212        0.5994723847
 O          3.1988837217       -2.7640455792       -0.3974895384
 N         -0.3904638131        0.0412106497       -0.6350972197
 N         -2.0249444150       -2.0269640662        0.2739399370
 N          1.4222360559       -1.3580816902       -0.5659505923
 N          1.1600027373       -3.6309486834        0.0353853812
 C          1.0218741489        2.0325676763       -0.0699951440
 C          0.5020507775        1.0699279328       -1.1640642390
 C          1.8404075521        1.3203799106        1.0502807144
 C          3.3843083071        1.3629421827        0.9351488089
 C         -1.7185802477        0.2884530178       -0.3866498964
 C          0.1364979059       -1.1966311576       -0.3888952060
 C         -2.5249924991       -0.7778535431        0.0807598881
 C         -2.3117544991        1.5446563310       -0.5757150584
 C         -0.7596967540       -2.2311290044        0.0537204012
 C          3.9984236915        0.6595132479       -0.2831504135
 C         -3.6519914717        1.7491497035       -0.3040125370
 C         -3.8864416573       -0.5535086202        0.3489016509
 C         -4.4565955930        0.6860762308        0.1677056937
 C         -0.1910290980       -3.5867907343        0.2640860028
 C         -4.2472575843        3.1122586267       -0.5099706866
 C         -5.9132717655        0.9055577475        0.4668196926
 C          2.0060829624       -2.5726974056       -0.3226547569
 H          0.1581130517        2.4925312588        0.4318730874
 H         -0.0285515813        1.6517938014       -1.9209282611
 H          1.3403630074        0.5590961960       -1.6425852237
 H          1.5172108108        0.2740410932        1.1120149746
 H          3.7660327436        0.8283838373        1.8193178836
 H         -1.7221928701        2.3790643326       -0.9330526930
 H          5.0916825741        0.7298050300       -0.1923848400
 H          3.7050793274       -0.3994911461       -0.2791070397
 H         -4.4722876136       -1.3922425088        0.7066925949
 H          2.4257892495        2.6954957521       -1.2511469472
 H          2.0823044998        2.6975627039        2.3970875435
 H          3.4188157280        3.2407103386        0.3847401466
 H         -4.6543200620        3.4940463630        0.4280467822
 H         -3.4986527977        3.8144032052       -0.8754407180
 H         -5.0636669099        3.0652745038       -1.2329108766
 H         -6.4411578372        1.2432888369       -0.4269319914
 H         -6.3772697789       -0.0160103414        0.8166256563
 H         -6.0344643165        1.6698064275        1.2367069685
 H          1.6197223426       -4.5177887877        0.1912865140
 H          4.0493690136        0.8670712059       -2.2325262368
