  20
 Etot=         -45.1928954950
 O          0.4743071851        0.9567344164       -1.1502193016
 O         -2.8365143426       -0.4398418545       -0.5348685952
 O         -0.5829464066       -2.2023090644        0.2042485029
 O         -0.6639169652        1.6648524663        1.3899164999
 O          2.3303785174       -1.3039639322        0.8890093347
 O          2.6158765276        1.2395436800       -0.4334732816
 C         -0.5291810514       -0.0283322701       -0.9984570271
 C         -1.8238385442        0.5350487093       -0.3543250718
 C          0.1115126802       -1.1014132838       -0.1501466673
 C         -1.7142176523        0.7601155032        1.1601521225
 C          1.3563922068       -0.7094516497        0.1553356873
 C          1.6037933820        0.5966824016       -0.4754696208
 H         -0.7989084837       -0.4088444341       -1.9957654300
 H         -2.0840297635        1.4810746405       -0.8522468176
 H         -2.6779775564        1.1583975127        1.5153134794
 H         -1.5350387864       -0.2051413991        1.6600709627
 H         -3.2720428387       -0.3394860282       -1.3906603932
 H         -1.5225298516       -2.1039113001       -0.0265496347
 H         -0.5825524212        1.8636989743        2.3306861672
 H          3.1104254328       -0.7241782126        0.8708336265
