  32
 Etot=         -54.0422968963
 S          0.4399602499       -2.1080885298       -0.2356120443
 O          3.1387529536        2.4507061913        0.7317789469
 O         -3.7386985916        0.0886932920        1.5636054418
 O         -4.9420511661       -0.6797236233       -0.1439997827
 N          2.8835281911        0.8874945380       -0.9488222487
 N          3.2415236287        0.1801248057        1.1218665037
 C          2.4074209508       -0.4801642068       -0.9763454105
 C          2.8060819468       -1.0135265346        0.4195459767
 C          0.8806885012       -0.6149872550       -1.1707272526
 C          1.6099367421       -1.6993064046        1.0886146038
 C          0.0882720933        0.6100138289       -0.7000434122
 C         -1.4196566879        0.3896467142       -0.8434080054
 C          3.0720687892        1.3087921719        0.3535823896
 C         -2.2044304121        1.5776001384       -0.2809754956
 C         -3.7153008760        1.3721259980       -0.4352322854
 C         -4.2042702611        0.1514357319        0.3084356636
 H          2.9178410363       -1.0418113297       -1.7679956803
 H          3.6430982935       -1.7199144670        0.3386156792
 H          0.6517808656       -0.8127551612       -2.2219409620
 H          1.9034233491       -2.6234176571        1.5857751172
 H          1.1438832129       -1.0382602445        1.8229209119
 H          0.3305260554        0.8253609535        0.3449876261
 H          0.3794193184        1.4807816687       -1.2965474627
 H          2.4821175749        1.5632264674       -1.5816289010
 H          3.0898819845        0.2663261925        2.1145872339
 H         -1.6713229366        0.2448088784       -1.8993901302
 H         -1.7000309588       -0.5219470645       -0.3054243413
 H         -1.9649270831        1.7068107310        0.7785208881
 H         -1.9166413181        2.4938403799       -0.8053086852
 H         -3.9956732211        1.2683198449       -1.4855805194
 H         -4.2428659001        2.2360723007       -0.0210891549
 H         -4.0991038173       -0.7050866765        1.9914672398
