
       в•”в•ђв•ђв•ђв•ђв•ђв•ђв•ђв•ђв•ђв•ђв•ђв•ђв•ђв•ђв•ђв•ђв•ђв•ђв•ђв•ђв•ђв•ђв•ђв•ђв•ђв•ђв•ђв•ђв•ђв•ђв•ђв•ђв•ђв•ђв•ђв•ђв•ђв•ђв•ђв•ђв•ђв•ђв•ђв•ђв•ђв•ђв•ђв•ђв•—
       в•‘                                                в•‘
       в•‘     в–€в–€в–€в–€в–€в–€в•—в–€в–€в–€в–€в–€в–€в•— в–€в–€в–€в–€в–€в–€в–€в•—в–€в–€в–€в–€в–€в–€в–€в•—в–€в–€в–€в–€в–€в–€в–€в–€в•—   в•‘
       в•‘    в–€в–€в•”в•ђв•ђв•ђв•ђв•ќв–€в–€в•”в•ђв•ђв–€в–€в•—в–€в–€в•”в•ђв•ђв•ђв•ђв•ќв–€в–€в•”в•ђв•ђв•ђв•ђв•ќв•љв•ђв•ђв–€в–€в•”в•ђв•ђв•ќ   в•‘
       в•‘    в–€в–€в•‘     в–€в–€в–€в–€в–€в–€в•”в•ќв–€в–€в–€в–€в–€в•—  в–€в–€в–€в–€в–€в–€в–€в•—   в–€в–€в•‘      в•‘
       в•‘    в–€в–€в•‘     в–€в–€в•”в•ђв•ђв–€в–€в•—в–€в–€в•”в•ђв•ђв•ќ  в•љв•ђв•ђв•ђв•ђв–€в–€в•‘   в–€в–€в•‘      в•‘
       в•‘    в•љв–€в–€в–€в–€в–€в–€в•—в–€в–€в•‘  в–€в–€в•‘в–€в–€в–€в–€в–€в–€в–€в•—в–€в–€в–€в–€в–€в–€в–€в•‘   в–€в–€в•‘      в•‘
       в•‘     в•љв•ђв•ђв•ђв•ђв•ђв•ќв•љв•ђв•ќ  в•љв•ђв•ќв•љв•ђв•ђв•ђв•ђв•ђв•ђв•ќв•љв•ђв•ђв•ђв•ђв•ђв•ђв•ќ   в•љв•ђв•ќ      в•‘
       в•‘                                                в•‘
       в•‘    Conformer-Rotamer Ensemble Sampling Tool    в•‘
       в•‘            based on the xTB methods            в•‘
       в•‘                                                в•‘
       в•љв•ђв•ђв•ђв•ђв•ђв•ђв•ђв•ђв•ђв•ђв•ђв•ђв•ђв•ђв•ђв•ђв•ђв•ђв•ђв•ђв•ђв•ђв•ђв•ђв•ђв•ђв•ђв•ђв•ђв•ђв•ђв•ђв•ђв•ђв•ђв•ђв•ђв•ђв•ђв•ђв•ђв•ђв•ђв•ђв•ђв•ђв•ђв•ђв•ќ
        Version 3.0.2, Mon, 29 September 16:25:59, 09/29/2025
        commit (c39758d) compiled by 'andrey@PC1'

   Cite work conducted with this code as

   вЂў P.Pracht, F.Bohle, S.Grimme, PCCP, 2020, 22, 7169-7192.
   вЂў S.Grimme, JCTC, 2019, 15, 2847-2862.
   вЂў P.Pracht, S.Grimme, C.Bannwarth, F.Bohle, S.Ehlert,
     G.Feldmann, J.Gorges, M.MГјller, T.Neudecker, C.Plett,
     S.Spicher, P.Steinbach, P.WesoЕ‚owski, F.Zeller,
     J. Chem. Phys., 2024, 160, 114110.

   for works involving QCG cite

   вЂў S.Spicher, C.Plett, P.Pracht, A.Hansen, S.Grimme,
     JCTC, 2022, 18 (5), 3174-3189.
   вЂў C.Plett, S. Grimme,
     Angew. Chem. Int. Ed. 2023, 62, e202214477.

   for works involving MECP screening cite

   вЂў P.Pracht, C.Bannwarth, JCTC, 2022, 18 (10), 6370-6385.

   Original code
     P.Pracht, S.Grimme, UniversitГ¤t Bonn, MCTC
   with help from (alphabetical order):
     C.Bannwarth, F.Bohle, S.Ehlert, G.Feldmann, J.Gorges,
     S.Grimme, C.Plett, P.Pracht, S.Spicher, P.Steinbach,
     P.Wesolowski, F.Zeller

   Online documentation is available at
   https://crest-lab.github.io/crest-docs/

   This program is distributed in the hope that it will be useful,
   but WITHOUT ANY WARRANTY; without even the implied warranty of
   MERCHANTABILITY or FITNESS FOR A PARTICULAR PURPOSE. See the
   GNU Lesser General Public License (LGPL) for more details.

 Command line input:
 $ ./crest m1_00_Vitamin_B5-uni_conformers-CLUST_1_gfn1_opt.xyz --T 16 --gfn1

  --T 16 (CPUs/Threads selected)
  --gfn1               : Use of GFN1-xTB requested.

> Setting up backup calculator ... done.
 ----------------
 Calculation info
 ----------------
> User-defined calculation level:
 : xTB calculation via tblite lib
 : GFN1-xTB level
 :   Molecular charge    : 0
 :   Fermi temperature   : 300.00000
 :   Accuracy            : 1.00000
 :   max SCC cycles      : 500


 -----------------------------
 Initial Geometry Optimization
 -----------------------------
 Geometry successfully optimized.

          в”Ќв”Ѓв”Ѓв”Ѓв”Ѓв”Ѓв”Ѓв”Ѓв”Ѓв”Ѓв”Ѓв”Ѓв”Ѓв”Ѓв”Ѓв”Ѓв”Ѓв”Ѓв”Ѓв”Ѓв”Ѓв”Ѓв”Ѓв”Ѓв”Ѓв”Ѓв”Ѓв”Ѓв”Ѓв”Ѓв”Ѓв”Ѓв”Ѓв”Ѓв”Ѓв”Ѓв”Ѓв”Ѓв”Ѓв”Ѓв”Ѓв”Ѓв”Ѓв”Ѓв”Ѓв”Ѓв”Ѓв”Ѓв”Ѓв”Ѓв”‘
          в”‚              CREST iMTD-GC SAMPLING             в”‚
          в”•в”Ѓв”Ѓв”Ѓв”Ѓв”Ѓв”Ѓв”Ѓв”Ѓв”Ѓв”Ѓв”Ѓв”Ѓв”Ѓв”Ѓв”Ѓв”Ѓв”Ѓв”Ѓв”Ѓв”Ѓв”Ѓв”Ѓв”Ѓв”Ѓв”Ѓв”Ѓв”Ѓв”Ѓв”Ѓв”Ѓв”Ѓв”Ѓв”Ѓв”Ѓв”Ѓв”Ѓв”Ѓв”Ѓв”Ѓв”Ѓв”Ѓв”Ѓв”Ѓв”Ѓв”Ѓв”Ѓв”Ѓв”Ѓв”Ѓв”™

 Input structure:
  32

 O         -1.5379709889       -1.4795002823        1.3868999237
 O         -3.5334330651        1.9854055132        0.4719116734
 O         -0.0140205011        1.0841648716       -0.5202724767
 O          4.9235314243        1.0730632083        0.6983233631
 O          4.6569426123       -0.4790079299       -0.8771402861
 N          0.6128779277       -0.9882733032        0.1093881676
 C         -2.7596771051       -0.1932201472       -0.3321128812
 C         -1.6102957779       -0.2306718650        0.7179824771
 C         -3.0672383158        1.2847187387       -0.6635459082
 C         -4.0131469540       -0.8577208319        0.2602260412
 C         -2.3482932583       -0.9393192222       -1.6075866022
 C         -0.2596324012        0.0344085147        0.0483507277
 C          1.9552785009       -0.8185606235       -0.4127674301
 C          2.7603034590        0.1466425184        0.4638756174
 C          4.1950365234        0.1940815924        0.0043270135
 H         -1.7825407451        0.5785391200        1.4477926407
 H         -3.8043869821        1.3313188457       -1.4808600341
 H         -2.1525550985        1.7894775853       -0.9900023212
 H         -4.8622626279       -0.7159630675       -0.4094441420
 H         -4.2591635724       -0.4242209645        1.2308911468
 H         -3.8534667275       -1.9284829317        0.3877196137
 H         -3.1993120801       -1.0334422139       -2.2828724172
 H         -1.9908983616       -1.9380291299       -1.3538184934
 H         -1.5527275018       -0.4054243779       -2.1268649619
 H          0.4060708803       -1.7776565600        0.7016593694
 H         -2.2745620647       -1.5616467472        2.0051401760
 H          2.4418375517       -1.7962781636       -0.4508384988
 H          1.8895082355       -0.4144883947       -1.4277950301
 H         -4.4461866424        1.7414158928        0.6674094026
 H          2.7413005416       -0.1632505808        1.5119576439
 H          2.3373750321        1.1529374341        0.4085328187
 H          5.8338695235        1.0690395920        0.3599628326

 ------------------------------------------------
 Generating MTD length from a flexibility measure
 ------------------------------------------------
 Calculating GFN0-xTB WBOs   ... done.
 Calculating NCI flexibility ... done.
     covalent flexibility measure :   0.519
 non-covalent flexibility measure :   0.766
 flexibility measure :   0.536
 t(MTD) / ps    :    11.0
 ОЈ(t(MTD)) / ps :   154.0 (14 MTDs)

 -----------------------------------
 Starting trial MTD to test settings
 -----------------------------------
 Trial MTD 1 runtime (1.0 ps) ...        0 min,  4.702 sec
 Estimated runtime for one MTD (11.0 ps) on a single thread: 52 sec
 Estimated runtime for a batch of 14 MTDs on 16 threads: 52 sec

********************************************************************************
**                    N E W   I T E R A T I O N  C Y C L E                    **
********************************************************************************

 ------------------------------
 Meta-Dynamics Iteration 1
 ------------------------------
 list of applied metadynamics Vbias parameters:
$metadyn    0.09600   1.300
$metadyn    0.04800   1.300
$metadyn    0.02400   1.300
$metadyn    0.09600   0.780
$metadyn    0.04800   0.780
$metadyn    0.02400   0.780
$metadyn    0.09600   0.468
$metadyn    0.04800   0.468
$metadyn    0.02400   0.468
$metadyn    0.09600   0.281
$metadyn    0.04800   0.281
$metadyn    0.02400   0.281
$metadyn    0.03200   0.100
$metadyn    0.16000   0.800

  ::::::::::::: starting MTD    1 :::::::::::::
  |   MD simulation time   :    11.0 ps       |
  |   target T             :   300.0 K        |
  |   timestep dt          :     5.0 fs       |
  |   dump interval(trj)   :   100.0 fs       |
  |   SHAKE algorithm      : true (all bonds) |
  |   dump interval(Vbias) :    1.00 ps       |
  |   Vbias prefactor (k)  :  0.0960 Eh       |
  |   Vbias exponent (О±)   :  1.3000 bohrвЃ»ВІ   |
  ::::::::::::: starting MTD    5 :::::::::::::
  |   MD simulation time   :    11.0 ps       |
  |   target T             :   300.0 K        |
  |   timestep dt          :     5.0 fs       |
  |   dump interval(trj)   :   100.0 fs       |
  |   SHAKE algorithm      : true (all bonds) |
  |   dump interval(Vbias) :    1.00 ps       |
  |   Vbias prefactor (k)  :  0.0480 Eh       |
  |   Vbias exponent (О±)   :  0.7800 bohrвЃ»ВІ   |
  ::::::::::::: starting MTD    9 :::::::::::::
  |   MD simulation time   :    11.0 ps       |
  |   target T             :   300.0 K        |
  |   timestep dt          :     5.0 fs       |
  |   dump interval(trj)   :   100.0 fs       |
  |   SHAKE algorithm      : true (all bonds) |
  |   dump interval(Vbias) :    1.00 ps       |
  |   Vbias prefactor (k)  :  0.0240 Eh       |
  |   Vbias exponent (О±)   :  0.4680 bohrвЃ»ВІ   |
  ::::::::::::: starting MTD    2 :::::::::::::
  |   MD simulation time   :    11.0 ps       |
  |   target T             :   300.0 K        |
  |   timestep dt          :     5.0 fs       |
  |   dump interval(trj)   :   100.0 fs       |
  |   SHAKE algorithm      : true (all bonds) |
  |   dump interval(Vbias) :    1.00 ps       |
  |   Vbias prefactor (k)  :  0.0480 Eh       |
  |   Vbias exponent (О±)   :  1.3000 bohrвЃ»ВІ   |
  ::::::::::::: starting MTD   13 :::::::::::::
  |   MD simulation time   :    11.0 ps       |
  |   target T             :   300.0 K        |
  |   timestep dt          :     5.0 fs       |
  |   dump interval(trj)   :   100.0 fs       |
  |   SHAKE algorithm      : true (all bonds) |
  |   dump interval(Vbias) :    1.00 ps       |
  |   Vbias prefactor (k)  :  0.0320 Eh       |
  |   Vbias exponent (О±)   :  0.1000 bohrвЃ»ВІ   |
  ::::::::::::: starting MTD   12 :::::::::::::
  |   MD simulation time   :    11.0 ps       |
  |   target T             :   300.0 K        |
  |   timestep dt          :     5.0 fs       |
  |   dump interval(trj)   :   100.0 fs       |
  |   SHAKE algorithm      : true (all bonds) |
  |   dump interval(Vbias) :    1.00 ps       |
  |   Vbias prefactor (k)  :  0.0240 Eh       |
  |   Vbias exponent (О±)   :  0.2808 bohrвЃ»ВІ   |
  ::::::::::::: starting MTD    8 :::::::::::::
  |   MD simulation time   :    11.0 ps       |
  |   target T             :   300.0 K        |
  |   timestep dt          :     5.0 fs       |
  |   dump interval(trj)   :   100.0 fs       |
  |   SHAKE algorithm      : true (all bonds) |
  |   dump interval(Vbias) :    1.00 ps       |
  |   Vbias prefactor (k)  :  0.0480 Eh       |
  |   Vbias exponent (О±)   :  0.4680 bohrвЃ»ВІ   |
  ::::::::::::: starting MTD   10 :::::::::::::
  |   MD simulation time   :    11.0 ps       |
  |   target T             :   300.0 K        |
  |   timestep dt          :     5.0 fs       |
  |   dump interval(trj)   :   100.0 fs       |
  |   SHAKE algorithm      : true (all bonds) |
  |   dump interval(Vbias) :    1.00 ps       |
  |   Vbias prefactor (k)  :  0.0960 Eh       |
  |   Vbias exponent (О±)   :  0.2808 bohrвЃ»ВІ   |
  ::::::::::::: starting MTD    3 :::::::::::::
  |   MD simulation time   :    11.0 ps       |
  |   target T             :   300.0 K        |
  |   timestep dt          :     5.0 fs       |
  |   dump interval(trj)   :   100.0 fs       |
  |   SHAKE algorithm      : true (all bonds) |
  |   dump interval(Vbias) :    1.00 ps       |
  |   Vbias prefactor (k)  :  0.0240 Eh       |
  |   Vbias exponent (О±)   :  1.3000 bohrвЃ»ВІ   |
  ::::::::::::: starting MTD    4 :::::::::::::
  |   MD simulation time   :    11.0 ps       |
  |   target T             :   300.0 K        |
  |   timestep dt          :     5.0 fs       |
  |   dump interval(trj)   :   100.0 fs       |
  |   SHAKE algorithm      : true (all bonds) |
  |   dump interval(Vbias) :    1.00 ps       |
  |   Vbias prefactor (k)  :  0.0960 Eh       |
  |   Vbias exponent (О±)   :  0.7800 bohrвЃ»ВІ   |
  ::::::::::::: starting MTD    7 :::::::::::::
  |   MD simulation time   :    11.0 ps       |
  |   target T             :   300.0 K        |
  |   timestep dt          :     5.0 fs       |
  |   dump interval(trj)   :   100.0 fs       |
  |   SHAKE algorithm      : true (all bonds) |
  |   dump interval(Vbias) :    1.00 ps       |
  |   Vbias prefactor (k)  :  0.0960 Eh       |
  |   Vbias exponent (О±)   :  0.4680 bohrвЃ»ВІ   |
  ::::::::::::: starting MTD   11 :::::::::::::
  |   MD simulation time   :    11.0 ps       |
  |   target T             :   300.0 K        |
  |   timestep dt          :     5.0 fs       |
  |   dump interval(trj)   :   100.0 fs       |
  |   SHAKE algorithm      : true (all bonds) |
  |   dump interval(Vbias) :    1.00 ps       |
  |   Vbias prefactor (k)  :  0.0480 Eh       |
  |   Vbias exponent (О±)   :  0.2808 bohrвЃ»ВІ   |
  ::::::::::::: starting MTD   14 :::::::::::::
  |   MD simulation time   :    11.0 ps       |
  |   target T             :   300.0 K        |
  |   timestep dt          :     5.0 fs       |
  |   dump interval(trj)   :   100.0 fs       |
  |   SHAKE algorithm      : true (all bonds) |
  |   dump interval(Vbias) :    1.00 ps       |
  |   Vbias prefactor (k)  :  0.1600 Eh       |
  |   Vbias exponent (О±)   :  0.8000 bohrвЃ»ВІ   |
  ::::::::::::: starting MTD    6 :::::::::::::
  |   MD simulation time   :    11.0 ps       |
  |   target T             :   300.0 K        |
  |   timestep dt          :     5.0 fs       |
  |   dump interval(trj)   :   100.0 fs       |
  |   SHAKE algorithm      : true (all bonds) |
  |   dump interval(Vbias) :    1.00 ps       |
  |   Vbias prefactor (k)  :  0.0240 Eh       |
  |   Vbias exponent (О±)   :  0.7800 bohrвЃ»ВІ   |
*MTD   5 completed successfully ...        1 min,  2.394 sec
*MTD   3 completed successfully ...        1 min,  2.438 sec
*MTD  12 completed successfully ...        1 min,  2.446 sec
*MTD   6 completed successfully ...        1 min,  2.533 sec
*MTD   8 completed successfully ...        1 min,  2.599 sec
*MTD   4 completed successfully ...        1 min,  2.716 sec
*MTD  13 completed successfully ...        1 min,  2.719 sec
*MTD   1 completed successfully ...        1 min,  2.729 sec
*MTD  14 completed successfully ...        1 min,  2.841 sec
*MTD   9 completed successfully ...        1 min,  2.915 sec
*MTD   7 completed successfully ...        1 min,  2.974 sec
*MTD   2 completed successfully ...        1 min,  3.179 sec
*MTD  10 completed successfully ...        1 min,  3.204 sec
*MTD  11 completed successfully ...        1 min,  3.301 sec

 ======================================
 |  Multilevel Ensemble Optimization  |
 ======================================
 Optimizing all 1526 structures from file "crest_dynamics.trj" ...
 ----------------------
 crude pre-optimization
 ----------------------
 Optimization engine: ANCOPT
 Hessian update type: BFGS
 E/G convergence criteria:  0.500E-03 Eh, 0.100E-01 Eh/a0
 maximum optimization steps: 200
 |>0.1% |>7.5% |>15.0% |>22.5% |>30.0% |>37.5% |>45.0% |>52.6% |>60.0% |>67.6% |>75.0% |>82.5% |>90.0% |>97.5% |>100.0%
 done.
> 1526 of 1526 structures successfully optimized (100.0% success)
> Total runtime for 1526 optimizations:
 * wall-time:     0 d,  0 h,  0 min, 44.751 sec
 *  cpu-time:     0 d,  0 h, 11 min, 43.737 sec
 * ratio c/w:    15.726 speedup
> Corresponding to approximately 0.029 sec per processed structure

CREGEN> running RMSDs ... done.
CREGEN> E lowest :   -54.96185
 1329 structures remain within    12.00 kcal/mol window
 ----------------------------------
 optimization with tight thresholds
 ----------------------------------
 Optimization engine: ANCOPT
 Hessian update type: BFGS
 E/G convergence criteria:  0.100E-05 Eh, 0.800E-03 Eh/a0
 maximum optimization steps: 200
 |>0.1% |>7.5% |>15.0% |>22.6% |>30.0% |>37.5% |>45.1% |>52.5% |>60.0% |>67.6% |>75.0% |>82.5% |>90.1% |>97.5% |>100.0%
 done.
> 1324 of 1329 structures successfully optimized (99.6% success)
> Total runtime for 1329 optimizations:
 * wall-time:     0 d,  0 h,  2 min,  7.684 sec
 *  cpu-time:     0 d,  0 h, 33 min, 37.280 sec
 * ratio c/w:    15.799 speedup
> Corresponding to approximately 0.096 sec per processed structure

CREGEN> running RMSDs ... done.
CREGEN> E lowest :   -54.96448
 133 structures remain within     6.00 kcal/mol window

 ------------------------------
 Meta-Dynamics Iteration 2
 ------------------------------
 list of applied metadynamics Vbias parameters:
$metadyn    0.09600   1.300
$metadyn    0.04800   1.300
$metadyn    0.02400   1.300
$metadyn    0.09600   0.780
$metadyn    0.04800   0.780
$metadyn    0.02400   0.780
$metadyn    0.09600   0.468
$metadyn    0.04800   0.468
$metadyn    0.02400   0.468
$metadyn    0.09600   0.281
$metadyn    0.04800   0.281
$metadyn    0.02400   0.281
$metadyn    0.03200   0.100
$metadyn    0.16000   0.800

  ::::::::::::: starting MTD    1 :::::::::::::
  |   MD simulation time   :    11.0 ps       |
  |   target T             :   300.0 K        |
  |   timestep dt          :     5.0 fs       |
  |   dump interval(trj)   :   100.0 fs       |
  |   SHAKE algorithm      : true (all bonds) |
  |   dump interval(Vbias) :    1.00 ps       |
  |   Vbias prefactor (k)  :  0.0960 Eh       |
  |   Vbias exponent (О±)   :  1.3000 bohrвЃ»ВІ   |
  ::::::::::::: starting MTD    3 :::::::::::::
  |   MD simulation time   :    11.0 ps       |
  |   target T             :   300.0 K        |
  |   timestep dt          :     5.0 fs       |
  |   dump interval(trj)   :   100.0 fs       |
  |   SHAKE algorithm      : true (all bonds) |
  |   dump interval(Vbias) :    1.00 ps       |
  |   Vbias prefactor (k)  :  0.0240 Eh       |
  |   Vbias exponent (О±)   :  1.3000 bohrвЃ»ВІ   |
  ::::::::::::: starting MTD    4 :::::::::::::
  |   MD simulation time   :    11.0 ps       |
  |   target T             :   300.0 K        |
  |   timestep dt          :     5.0 fs       |
  |   dump interval(trj)   :   100.0 fs       |
  |   SHAKE algorithm      : true (all bonds) |
  |   dump interval(Vbias) :    1.00 ps       |
  |   Vbias prefactor (k)  :  0.0960 Eh       |
  |   Vbias exponent (О±)   :  0.7800 bohrвЃ»ВІ   |
  ::::::::::::: starting MTD    2 :::::::::::::
  |   MD simulation time   :    11.0 ps       |
  |   target T             :   300.0 K        |
  |   timestep dt          :     5.0 fs       |
  |   dump interval(trj)   :   100.0 fs       |
  |   SHAKE algorithm      : true (all bonds) |
  |   dump interval(Vbias) :    1.00 ps       |
  |   Vbias prefactor (k)  :  0.0480 Eh       |
  |   Vbias exponent (О±)   :  1.3000 bohrвЃ»ВІ   |
  ::::::::::::: starting MTD    9 :::::::::::::
  |   MD simulation time   :    11.0 ps       |
  |   target T             :   300.0 K        |
  |   timestep dt          :     5.0 fs       |
  |   dump interval(trj)   :   100.0 fs       |
  |   SHAKE algorithm      : true (all bonds) |
  |   dump interval(Vbias) :    1.00 ps       |
  |   Vbias prefactor (k)  :  0.0240 Eh       |
  |   Vbias exponent (О±)   :  0.4680 bohrвЃ»ВІ   |
  ::::::::::::: starting MTD   11 :::::::::::::
  |   MD simulation time   :    11.0 ps       |
  |   target T             :   300.0 K        |
  |   timestep dt          :     5.0 fs       |
  |   dump interval(trj)   :   100.0 fs       |
  |   SHAKE algorithm      : true (all bonds) |
  |   dump interval(Vbias) :    1.00 ps       |
  |   Vbias prefactor (k)  :  0.0480 Eh       |
  |   Vbias exponent (О±)   :  0.2808 bohrвЃ»ВІ   |
  ::::::::::::: starting MTD   14 :::::::::::::
  |   MD simulation time   :    11.0 ps       |
  |   target T             :   300.0 K        |
  |   timestep dt          :     5.0 fs       |
  |   dump interval(trj)   :   100.0 fs       |
  |   SHAKE algorithm      : true (all bonds) |
  |   dump interval(Vbias) :    1.00 ps       |
  |   Vbias prefactor (k)  :  0.1600 Eh       |
  |   Vbias exponent (О±)   :  0.8000 bohrвЃ»ВІ   |
  ::::::::::::: starting MTD    6 :::::::::::::
  |   MD simulation time   :    11.0 ps       |
  |   target T             :   300.0 K        |
  |   timestep dt          :     5.0 fs       |
  |   dump interval(trj)   :   100.0 fs       |
  |   SHAKE algorithm      : true (all bonds) |
  |   dump interval(Vbias) :    1.00 ps       |
  |   Vbias prefactor (k)  :  0.0240 Eh       |
  |   Vbias exponent (О±)   :  0.7800 bohrвЃ»ВІ   |
  ::::::::::::: starting MTD   10 :::::::::::::
  |   MD simulation time   :    11.0 ps       |
  |   target T             :   300.0 K        |
  |   timestep dt          :     5.0 fs       |
  |   dump interval(trj)   :   100.0 fs       |
  |   SHAKE algorithm      : true (all bonds) |
  |   dump interval(Vbias) :    1.00 ps       |
  |   Vbias prefactor (k)  :  0.0960 Eh       |
  |   Vbias exponent (О±)   :  0.2808 bohrвЃ»ВІ   |
  ::::::::::::: starting MTD   12 :::::::::::::
  |   MD simulation time   :    11.0 ps       |
  |   target T             :   300.0 K        |
  |   timestep dt          :     5.0 fs       |
  |   dump interval(trj)   :   100.0 fs       |
  |   SHAKE algorithm      : true (all bonds) |
  |   dump interval(Vbias) :    1.00 ps       |
  |   Vbias prefactor (k)  :  0.0240 Eh       |
  |   Vbias exponent (О±)   :  0.2808 bohrвЃ»ВІ   |
  ::::::::::::: starting MTD    8 :::::::::::::
  |   MD simulation time   :    11.0 ps       |
  |   target T             :   300.0 K        |
  |   timestep dt          :     5.0 fs       |
  |   dump interval(trj)   :   100.0 fs       |
  |   SHAKE algorithm      : true (all bonds) |
  |   dump interval(Vbias) :    1.00 ps       |
  |   Vbias prefactor (k)  :  0.0480 Eh       |
  |   Vbias exponent (О±)   :  0.4680 bohrвЃ»ВІ   |
  ::::::::::::: starting MTD    5 :::::::::::::
  |   MD simulation time   :    11.0 ps       |
  |   target T             :   300.0 K        |
  |   timestep dt          :     5.0 fs       |
  |   dump interval(trj)   :   100.0 fs       |
  |   SHAKE algorithm      : true (all bonds) |
  |   dump interval(Vbias) :    1.00 ps       |
  |   Vbias prefactor (k)  :  0.0480 Eh       |
  |   Vbias exponent (О±)   :  0.7800 bohrвЃ»ВІ   |
  ::::::::::::: starting MTD    7 :::::::::::::
  |   MD simulation time   :    11.0 ps       |
  |   target T             :   300.0 K        |
  |   timestep dt          :     5.0 fs       |
  |   dump interval(trj)   :   100.0 fs       |
  |   SHAKE algorithm      : true (all bonds) |
  |   dump interval(Vbias) :    1.00 ps       |
  |   Vbias prefactor (k)  :  0.0960 Eh       |
  |   Vbias exponent (О±)   :  0.4680 bohrвЃ»ВІ   |
  ::::::::::::: starting MTD   13 :::::::::::::
  |   MD simulation time   :    11.0 ps       |
  |   target T             :   300.0 K        |
  |   timestep dt          :     5.0 fs       |
  |   dump interval(trj)   :   100.0 fs       |
  |   SHAKE algorithm      : true (all bonds) |
  |   dump interval(Vbias) :    1.00 ps       |
  |   Vbias prefactor (k)  :  0.0320 Eh       |
  |   Vbias exponent (О±)   :  0.1000 bohrвЃ»ВІ   |
*MTD   2 completed successfully ...        1 min,  2.872 sec
*MTD   5 completed successfully ...        1 min,  3.125 sec
*MTD   3 completed successfully ...        1 min,  3.443 sec
*MTD   1 completed successfully ...        1 min,  3.480 sec
*MTD   6 completed successfully ...        1 min,  3.646 sec
*MTD  12 completed successfully ...        1 min,  3.724 sec
*MTD   8 completed successfully ...        1 min,  3.776 sec
*MTD   4 completed successfully ...        1 min,  3.803 sec
*MTD   9 completed successfully ...        1 min,  3.934 sec
*MTD  14 completed successfully ...        1 min,  3.962 sec
*MTD  10 completed successfully ...        1 min,  4.007 sec
*MTD   7 completed successfully ...        1 min,  4.089 sec
*MTD  11 completed successfully ...        1 min,  4.110 sec
*MTD  13 completed successfully ...        1 min,  4.426 sec

 ======================================
 |  Multilevel Ensemble Optimization  |
 ======================================
 Optimizing all 1526 structures from file "crest_dynamics.trj" ...
 ----------------------
 crude pre-optimization
 ----------------------
 Optimization engine: ANCOPT
 Hessian update type: BFGS
 E/G convergence criteria:  0.500E-03 Eh, 0.100E-01 Eh/a0
 maximum optimization steps: 200
 |>0.1% |>7.5% |>15.0% |>22.5% |>30.0% |>37.5% |>45.0% |>52.6% |>60.0% |>67.6% |>75.0% |>82.5% |>90.0% |>97.5% |>100.0%
 done.
> 1526 of 1526 structures successfully optimized (100.0% success)
> Total runtime for 1526 optimizations:
 * wall-time:     0 d,  0 h,  0 min, 44.916 sec
 *  cpu-time:     0 d,  0 h, 11 min, 46.473 sec
 * ratio c/w:    15.729 speedup
> Corresponding to approximately 0.029 sec per processed structure

CREGEN> running RMSDs ... done.
CREGEN> E lowest :   -54.96077
 1412 structures remain within    12.00 kcal/mol window
 ----------------------------------
 optimization with tight thresholds
 ----------------------------------
 Optimization engine: ANCOPT
 Hessian update type: BFGS
 E/G convergence criteria:  0.100E-05 Eh, 0.800E-03 Eh/a0
 maximum optimization steps: 200
 |>0.1% |>7.5% |>15.0% |>22.5% |>30.0% |>37.5% |>45.0% |>52.5% |>60.1% |>67.6% |>75.0% |>82.5% |>90.0% |>97.5% |>100.0%
 done.
> 1410 of 1412 structures successfully optimized (99.9% success)
> Total runtime for 1412 optimizations:
 * wall-time:     0 d,  0 h,  2 min, 27.609 sec
 *  cpu-time:     0 d,  0 h, 38 min, 50.682 sec
 * ratio c/w:    15.790 speedup
> Corresponding to approximately 0.105 sec per processed structure

CREGEN> running RMSDs ... done.
CREGEN> E lowest :   -54.96448
 153 structures remain within     6.00 kcal/mol window

========================================
           MTD Simulations done         
========================================
 Collecting ensmbles.
CREGEN> running RMSDs ... done.
CREGEN> E lowest :   -54.96448
 253 structures remain within     6.00 kcal/mol window


 ===============================================
 Additional regular MDs on lowest 4 conformer(s)
 ===============================================
  :::::::::::::: starting MD   1 ::::::::::::::
  |   MD simulation time   :     5.5 ps       |
  |   target T             :   400.0 K        |
  |   timestep dt          :     5.0 fs       |
  |   dump interval(trj)   :   100.0 fs       |
  |   SHAKE algorithm      : true (all bonds) |
  :::::::::::::: starting MD   2 ::::::::::::::
  |   MD simulation time   :     5.5 ps       |
  |   target T             :   400.0 K        |
  |   timestep dt          :     5.0 fs       |
  |   dump interval(trj)   :   100.0 fs       |
  |   SHAKE algorithm      : true (all bonds) |
  :::::::::::::: starting MD   8 ::::::::::::::
  |   MD simulation time   :     5.5 ps       |
  |   target T             :   500.0 K        |
  |   timestep dt          :     5.0 fs       |
  |   dump interval(trj)   :   100.0 fs       |
  |   SHAKE algorithm      : true (all bonds) |
  :::::::::::::: starting MD   5 ::::::::::::::
  |   MD simulation time   :     5.5 ps       |
  |   target T             :   500.0 K        |
  |   timestep dt          :     5.0 fs       |
  |   dump interval(trj)   :   100.0 fs       |
  |   SHAKE algorithm      : true (all bonds) |
  :::::::::::::: starting MD   4 ::::::::::::::
  |   MD simulation time   :     5.5 ps       |
  |   target T             :   400.0 K        |
  |   timestep dt          :     5.0 fs       |
  |   dump interval(trj)   :   100.0 fs       |
  |   SHAKE algorithm      : true (all bonds) |
  :::::::::::::: starting MD   3 ::::::::::::::
  |   MD simulation time   :     5.5 ps       |
  |   target T             :   400.0 K        |
  |   timestep dt          :     5.0 fs       |
  |   dump interval(trj)   :   100.0 fs       |
  |   SHAKE algorithm      : true (all bonds) |
  :::::::::::::: starting MD   7 ::::::::::::::
  |   MD simulation time   :     5.5 ps       |
  |   target T             :   500.0 K        |
  |   timestep dt          :     5.0 fs       |
  |   dump interval(trj)   :   100.0 fs       |
  |   SHAKE algorithm      : true (all bonds) |
  :::::::::::::: starting MD   6 ::::::::::::::
  |   MD simulation time   :     5.5 ps       |
  |   target T             :   500.0 K        |
  |   timestep dt          :     5.0 fs       |
  |   dump interval(trj)   :   100.0 fs       |
  |   SHAKE algorithm      : true (all bonds) |
*MD   2 completed successfully ...        0 min, 38.367 sec
*MD   8 completed successfully ...        0 min, 38.615 sec
*MD   4 completed successfully ...        0 min, 38.695 sec
*MD   7 completed successfully ...        0 min, 38.771 sec
*MD   3 completed successfully ...        0 min, 38.789 sec
*MD   6 completed successfully ...        0 min, 38.837 sec
*MD   5 completed successfully ...        0 min, 38.991 sec
*MD   1 completed successfully ...        0 min, 39.068 sec
 Appending file crest_rotamers_1.xyz with new structures
 Optimizing all 685 structures from file "crest_rotamers_1.xyz" ...
 ----------------------------------
 optimization with tight thresholds
 ----------------------------------
 Optimization engine: ANCOPT
 Hessian update type: BFGS
 E/G convergence criteria:  0.100E-05 Eh, 0.800E-03 Eh/a0
 maximum optimization steps: 200
 |>0.1% |>10.1% |>20.0% |>30.1% |>40.0% |>50.1% |>60.0% |>70.1% |>80.0% |>90.1% |>100.0%
 done.
> 685 of 685 structures successfully optimized (100.0% success)
> Total runtime for 685 optimizations:
 * wall-time:     0 d,  0 h,  0 min, 41.074 sec
 *  cpu-time:     0 d,  0 h, 10 min, 43.240 sec
 * ratio c/w:    15.661 speedup
> Corresponding to approximately 0.060 sec per processed structure

CREGEN> running RMSDs ... done.
CREGEN> E lowest :   -54.96448
 283 structures remain within     6.00 kcal/mol window

     ========================================
     |        Structure Crossing (GC)       |
     ========================================

 =============================
  # threads =          16
 =============================
input  file name : crest_rotamers_2.xyz
number of atoms                :      32
number of points on xyz files  :     283
conformer energy window  /kcal :    6.00
CN per atom difference cut-off :  0.3000
RMSD threshold (Ang, Bohr)     :  0.2500  0.4724
max. # of generated structures :      550
 # in E window         283
 finished.
 average rmsd w.r.t input     :     1.22301
 number of clash discarded    :       39413
 removed identical structures :         472

 18 structures written to confcross.xyz


 ======================================
 |  Multilevel Ensemble Optimization  |
 ======================================
 Optimizing all 18 structures from file "confcross.xyz" ...
 ----------------------
 crude pre-optimization
 ----------------------
 Optimization engine: ANCOPT
 Hessian update type: BFGS
 E/G convergence criteria:  0.500E-03 Eh, 0.100E-01 Eh/a0
 maximum optimization steps: 200
 |>5.6% |>11.1% |>22.2% |>33.3% |>44.4% |>50.0% |>61.1% |>72.2% |>83.3% |>94.4% |>100.0%
 done.
> 18 of 18 structures successfully optimized (100.0% success)
> Total runtime for 18 optimizations:
 * wall-time:     0 d,  0 h,  0 min,  0.308 sec
 *  cpu-time:     0 d,  0 h,  0 min,  3.054 sec
 * ratio c/w:     9.903 speedup
> Corresponding to approximately 0.017 sec per processed structure

CREGEN> running RMSDs ... done.
CREGEN> E lowest :   -54.96448
 11 structures remain within    12.00 kcal/mol window
 ----------------------------------
 optimization with tight thresholds
 ----------------------------------
 Optimization engine: ANCOPT
 Hessian update type: BFGS
 E/G convergence criteria:  0.100E-05 Eh, 0.800E-03 Eh/a0
 maximum optimization steps: 200
 |>9.1% |>18.2% |>27.3% |>36.4% |>45.5% |>54.5% |>63.6% |>72.7% |>81.8% |>90.9% |>100.0%
 done.
> 11 of 11 structures successfully optimized (100.0% success)
> Total runtime for 11 optimizations:
 * wall-time:     0 d,  0 h,  0 min,  0.275 sec
 *  cpu-time:     0 d,  0 h,  0 min,  1.470 sec
 * ratio c/w:     5.348 speedup
> Corresponding to approximately 0.025 sec per processed structure

CREGEN> running RMSDs ... done.
CREGEN> E lowest :   -54.96448
 8 structures remain within     6.00 kcal/mol window
appending new structures to crest_rotamers_2.xyz
CREGEN> running RMSDs ... done.
CREGEN> E lowest :   -54.96448


   ================================================
   |           Final Geometry Optimization        |
   ================================================
 Optimizing all 286 structures from file "crest_rotamers_3.xyz" ...
 ---------------------------------------
 optimization with very tight thresholds
 ---------------------------------------
 Optimization engine: ANCOPT
 Hessian update type: BFGS
 E/G convergence criteria:  0.100E-06 Eh, 0.200E-03 Eh/a0
 maximum optimization steps: 200
 |>0.3% |>10.1% |>20.3% |>30.1% |>40.2% |>50.0% |>60.1% |>70.3% |>80.1% |>90.2% |>100.0%
 done.
> 286 of 286 structures successfully optimized (100.0% success)
> Total runtime for 286 optimizations:
 * wall-time:     0 d,  0 h,  0 min,  8.258 sec
 *  cpu-time:     0 d,  0 h,  1 min, 40.601 sec
 * ratio c/w:    12.182 speedup
> Corresponding to approximately 0.029 sec per processed structure

CREGEN> running RMSDs ... done.
CREGEN> E lowest :   -54.96448
 280 structures remain within     6.00 kcal/mol window


 --------------------------
 Final Ensemble Information
 --------------------------
 input  file name : crest_rotamers_3.xyz
 output file name : crest_rotamers_4.xyz
 number of atoms                :   32
 number of points on xyz files  :   286
 RMSD threshold                 :   0.1250
 Bconst threshold               :   0.0100
 population threshold           :   0.0500
 # fragment in coord            :     1
 # bonds in reference structure :    31
 number of reliable points      :   286
 sorting energy window (EWIN)   :    6.0000 / kcal*molвЃ»В№
 reference state Etot           :  -54.964477539999997
 number of doubles removed by rot/RMSD         :           6
 total number unique points considered further :         280
       Erel/kcal        Etot weight/tot  conformer     set   degen     origin
       1   0.000   -54.96448    0.10129    0.91159       1       9
       2   0.000   -54.96448    0.10129
       3   0.000   -54.96448    0.10129
       4   0.000   -54.96448    0.10129
       5   0.000   -54.96448    0.10129
       6   0.000   -54.96448    0.10129
       7   0.000   -54.96448    0.10129
       8   0.000   -54.96448    0.10129
       9   0.000   -54.96448    0.10127
      10   2.034   -54.96124    0.00328    0.01641       2       5
      11   2.034   -54.96124    0.00328
      12   2.034   -54.96124    0.00328
      13   2.034   -54.96124    0.00328
      14   2.034   -54.96124    0.00328
      15   2.276   -54.96085    0.00218    0.01743       3       8
      16   2.276   -54.96085    0.00218
      17   2.276   -54.96085    0.00218
      18   2.276   -54.96085    0.00218
      19   2.277   -54.96085    0.00218
      20   2.277   -54.96085    0.00218
      21   2.277   -54.96085    0.00218
      22   2.277   -54.96085    0.00218
      23   2.342   -54.96075    0.00195    0.01756       4       9
      24   2.342   -54.96075    0.00195
      25   2.342   -54.96075    0.00195
      26   2.342   -54.96075    0.00195
      27   2.342   -54.96075    0.00195
      28   2.342   -54.96075    0.00195
      29   2.342   -54.96075    0.00195
      30   2.342   -54.96075    0.00195
      31   2.342   -54.96075    0.00195
      32   2.379   -54.96069    0.00183    0.00367       5       2
      33   2.379   -54.96069    0.00183
      34   2.525   -54.96045    0.00143    0.00861       6       6
      35   2.525   -54.96045    0.00143
      36   2.525   -54.96045    0.00143
      37   2.525   -54.96045    0.00143
      38   2.525   -54.96045    0.00143
      39   2.525   -54.96045    0.00143
      40   2.566   -54.96039    0.00134    0.01070       7       8
      41   2.566   -54.96039    0.00134
      42   2.566   -54.96039    0.00134
      43   2.566   -54.96039    0.00134
      44   2.566   -54.96039    0.00134
      45   2.566   -54.96039    0.00134
      46   2.566   -54.96039    0.00134
      47   2.566   -54.96039    0.00134
      48   3.171   -54.95942    0.00048    0.00096       8       2
      49   3.171   -54.95942    0.00048
      50   3.305   -54.95921    0.00038    0.00115       9       3
      51   3.305   -54.95921    0.00038
      52   3.305   -54.95921    0.00038
      53   3.437   -54.95900    0.00031    0.00062      10       2
      54   3.437   -54.95900    0.00031
      55   3.600   -54.95874    0.00023    0.00070      11       3
      56   3.600   -54.95874    0.00023
      57   3.601   -54.95874    0.00023
      58   3.685   -54.95861    0.00020    0.00122      12       6
      59   3.685   -54.95860    0.00020
      60   3.685   -54.95860    0.00020
      61   3.685   -54.95860    0.00020
      62   3.685   -54.95860    0.00020
      63   3.685   -54.95860    0.00020
      64   3.842   -54.95836    0.00016    0.00016      13       1
      65   3.884   -54.95829    0.00014    0.00072      14       5
      66   3.884   -54.95829    0.00014
      67   3.884   -54.95829    0.00014
      68   3.884   -54.95829    0.00014
      69   3.885   -54.95829    0.00014
      70   3.951   -54.95818    0.00013    0.00103      15       8
      71   3.952   -54.95818    0.00013
      72   3.952   -54.95818    0.00013
      73   3.952   -54.95818    0.00013
      74   3.952   -54.95818    0.00013
      75   3.952   -54.95818    0.00013
      76   3.952   -54.95818    0.00013
      77   3.952   -54.95818    0.00013
      78   3.986   -54.95813    0.00012    0.00049      16       4
      79   3.986   -54.95813    0.00012
      80   3.986   -54.95813    0.00012
      81   3.986   -54.95813    0.00012
      82   4.033   -54.95805    0.00011    0.00034      17       3
      83   4.033   -54.95805    0.00011
      84   4.033   -54.95805    0.00011
      85   4.034   -54.95805    0.00011    0.00079      18       7
      86   4.034   -54.95805    0.00011
      87   4.034   -54.95805    0.00011
      88   4.034   -54.95805    0.00011
      89   4.034   -54.95805    0.00011
      90   4.034   -54.95805    0.00011
      91   4.035   -54.95805    0.00011
      92   4.049   -54.95803    0.00011    0.00011      19       1
      93   4.091   -54.95796    0.00010    0.00020      20       2
      94   4.091   -54.95796    0.00010
      95   4.099   -54.95795    0.00010    0.00030      21       3
      96   4.099   -54.95795    0.00010
      97   4.099   -54.95795    0.00010
      98   4.138   -54.95788    0.00009    0.00028      22       3
      99   4.138   -54.95788    0.00009
     100   4.138   -54.95788    0.00009
     101   4.179   -54.95782    0.00009    0.00018      23       2
     102   4.179   -54.95782    0.00009
     103   4.198   -54.95779    0.00009    0.00017      24       2
     104   4.198   -54.95779    0.00009
     105   4.207   -54.95777    0.00008    0.00050      25       6
     106   4.207   -54.95777    0.00008
     107   4.207   -54.95777    0.00008
     108   4.207   -54.95777    0.00008
     109   4.207   -54.95777    0.00008
     110   4.207   -54.95777    0.00008
     111   4.266   -54.95768    0.00008    0.00038      26       5
     112   4.266   -54.95768    0.00008
     113   4.266   -54.95768    0.00008
     114   4.266   -54.95768    0.00008
     115   4.267   -54.95768    0.00008
     116   4.304   -54.95762    0.00007    0.00029      27       4
     117   4.304   -54.95762    0.00007
     118   4.304   -54.95762    0.00007
     119   4.304   -54.95762    0.00007
     120   4.368   -54.95752    0.00006    0.00058      28       9
     121   4.368   -54.95752    0.00006
     122   4.368   -54.95752    0.00006
     123   4.368   -54.95752    0.00006
     124   4.368   -54.95752    0.00006
     125   4.368   -54.95752    0.00006
     126   4.368   -54.95752    0.00006
     127   4.369   -54.95752    0.00006
     128   4.369   -54.95752    0.00006
     129   4.371   -54.95751    0.00006    0.00006      29       1
     130   4.400   -54.95747    0.00006    0.00006      30       1
     131   4.440   -54.95740    0.00006    0.00028      31       5
     132   4.440   -54.95740    0.00006
     133   4.441   -54.95740    0.00006
     134   4.441   -54.95740    0.00006
     135   4.441   -54.95740    0.00006
     136   4.443   -54.95740    0.00006    0.00006      32       1
     137   4.466   -54.95736    0.00005    0.00016      33       3
     138   4.467   -54.95736    0.00005
     139   4.467   -54.95736    0.00005
     140   4.485   -54.95733    0.00005    0.00005      34       1
     141   4.538   -54.95725    0.00005    0.00005      35       1
     142   4.611   -54.95713    0.00004    0.00038      36       9
     143   4.611   -54.95713    0.00004
     144   4.611   -54.95713    0.00004
     145   4.611   -54.95713    0.00004
     146   4.611   -54.95713    0.00004
     147   4.611   -54.95713    0.00004
     148   4.612   -54.95713    0.00004
     149   4.611   -54.95713    0.00004
     150   4.611   -54.95713    0.00004
     151   4.611   -54.95713    0.00004    0.00009      37       2
     152   4.611   -54.95713    0.00004
     153   4.691   -54.95700    0.00004    0.00011      38       3
     154   4.691   -54.95700    0.00004
     155   4.691   -54.95700    0.00004
     156   4.823   -54.95679    0.00003    0.00003      39       1
     157   4.825   -54.95679    0.00003    0.00012      40       4
     158   4.825   -54.95679    0.00003
     159   4.825   -54.95679    0.00003
     160   4.825   -54.95679    0.00003
     161   4.832   -54.95678    0.00003    0.00003      41       1
     162   4.833   -54.95678    0.00003    0.00003      42       1
     163   4.848   -54.95675    0.00003    0.00009      43       3
     164   4.848   -54.95675    0.00003
     165   4.848   -54.95675    0.00003
     166   4.855   -54.95674    0.00003    0.00003      44       1
     167   4.889   -54.95669    0.00003    0.00011      45       4
     168   4.889   -54.95669    0.00003
     169   4.889   -54.95669    0.00003
     170   4.889   -54.95669    0.00003
     171   4.910   -54.95665    0.00003    0.00003      46       1
     172   4.920   -54.95664    0.00003    0.00003      47       1
     173   4.926   -54.95663    0.00002    0.00002      48       1
     174   4.927   -54.95663    0.00002    0.00002      49       1
     175   4.966   -54.95656    0.00002    0.00009      50       4
     176   4.967   -54.95656    0.00002
     177   4.967   -54.95656    0.00002
     178   4.968   -54.95656    0.00002
     179   5.018   -54.95648    0.00002    0.00004      51       2
     180   5.018   -54.95648    0.00002
     181   5.043   -54.95644    0.00002    0.00002      52       1
     182   5.156   -54.95626    0.00002    0.00010      53       6
     183   5.156   -54.95626    0.00002
     184   5.157   -54.95626    0.00002
     185   5.156   -54.95626    0.00002
     186   5.156   -54.95626    0.00002
     187   5.158   -54.95626    0.00002
     188   5.156   -54.95626    0.00002    0.00005      54       3
     189   5.156   -54.95626    0.00002
     190   5.156   -54.95626    0.00002
     191   5.264   -54.95609    0.00001    0.00003      55       2
     192   5.264   -54.95609    0.00001
     193   5.277   -54.95607    0.00001    0.00010      56       7
     194   5.278   -54.95607    0.00001
     195   5.278   -54.95607    0.00001
     196   5.278   -54.95607    0.00001
     197   5.278   -54.95607    0.00001
     198   5.278   -54.95607    0.00001
     199   5.278   -54.95607    0.00001
     200   5.318   -54.95600    0.00001    0.00001      57       1
     201   5.380   -54.95590    0.00001    0.00006      58       5
     202   5.380   -54.95590    0.00001
     203   5.380   -54.95590    0.00001
     204   5.380   -54.95590    0.00001
     205   5.381   -54.95590    0.00001
     206   5.384   -54.95590    0.00001    0.00005      59       4
     207   5.384   -54.95590    0.00001
     208   5.384   -54.95590    0.00001
     209   5.385   -54.95590    0.00001
     210   5.431   -54.95582    0.00001    0.00002      60       2
     211   5.431   -54.95582    0.00001
     212   5.461   -54.95577    0.00001    0.00003      61       3
     213   5.461   -54.95577    0.00001
     214   5.461   -54.95577    0.00001
     215   5.579   -54.95559    0.00001    0.00004      62       5
     216   5.579   -54.95559    0.00001
     217   5.579   -54.95559    0.00001
     218   5.616   -54.95553    0.00001
     219   5.616   -54.95553    0.00001
     220   5.617   -54.95553    0.00001    0.00004      63       5
     221   5.617   -54.95553    0.00001
     222   5.617   -54.95553    0.00001
     223   5.617   -54.95553    0.00001
     224   5.617   -54.95553    0.00001
     225   5.631   -54.95550    0.00001    0.00002      64       3
     226   5.631   -54.95550    0.00001
     227   5.631   -54.95550    0.00001
     228   5.632   -54.95550    0.00001    0.00003      65       4
     229   5.632   -54.95550    0.00001
     230   5.632   -54.95550    0.00001
     231   5.633   -54.95550    0.00001
     232   5.634   -54.95550    0.00001    0.00002      66       3
     233   5.634   -54.95550    0.00001
     234   5.634   -54.95550    0.00001
     235   5.638   -54.95549    0.00001    0.00002      67       3
     236   5.638   -54.95549    0.00001
     237   5.638   -54.95549    0.00001
     238   5.645   -54.95548    0.00001    0.00003      68       4
     239   5.645   -54.95548    0.00001
     240   5.645   -54.95548    0.00001
     241   5.645   -54.95548    0.00001
     242   5.657   -54.95546    0.00001    0.00002      69       3
     243   5.657   -54.95546    0.00001
     244   5.657   -54.95546    0.00001
     245   5.669   -54.95544    0.00001    0.00001      70       1
     246   5.706   -54.95538    0.00001    0.00001      71       2
     247   5.706   -54.95538    0.00001
     248   5.735   -54.95534    0.00001    0.00001      72       1
     249   5.765   -54.95529    0.00001    0.00003      73       5
     250   5.767   -54.95529    0.00001
     251   5.768   -54.95529    0.00001
     252   5.768   -54.95528    0.00001
     253   5.768   -54.95528    0.00001
     254   5.802   -54.95523    0.00001    0.00001      74       1
     255   5.832   -54.95518    0.00001    0.00002      75       4
     256   5.833   -54.95518    0.00001
     257   5.833   -54.95518    0.00001
     258   5.834   -54.95518    0.00001
     259   5.911   -54.95506    0.00000    0.00001      76       2
     260   5.911   -54.95506    0.00000
     261   5.913   -54.95505    0.00000    0.00001      77       3
     262   5.913   -54.95505    0.00000
     263   5.914   -54.95505    0.00000
     264   5.927   -54.95503    0.00000    0.00003      78       6
     265   5.927   -54.95503    0.00000
     266   5.927   -54.95503    0.00000
     267   5.927   -54.95503    0.00000
     268   5.927   -54.95503    0.00000
     269   5.928   -54.95503    0.00000
     270   5.932   -54.95502    0.00000    0.00001      79       2
     271   5.932   -54.95502    0.00000
     272   5.936   -54.95502    0.00000    0.00001      80       3
     273   5.936   -54.95502    0.00000
     274   5.936   -54.95502    0.00000
     275   5.948   -54.95500    0.00000    0.00001      81       2
     276   5.948   -54.95500    0.00000
     277   5.974   -54.95496    0.00000    0.00001      82       3
     278   5.974   -54.95496    0.00000
     279   5.974   -54.95496    0.00000
     280   5.999   -54.95492    0.00000    0.00000      83       1
T /K                                  :   298.15
E lowest                              :   -54.96448
ensemble average energy (kcal)        :    0.229
ensemble entropy (J/mol K, cal/mol K) :   22.245    5.317
ensemble free energy (kcal/mol)       :   -1.585
population of lowest in %             :   91.159
 number of unique conformers for further calc           83
 list of relative energies saved as "crest.energies"

 -----------------
 Wall Time Summary
 -----------------
 CREST runtime (total)               0 d,  0 h,  9 min, 51.949 sec
 ------------------------------------------------------------------
 Trial metadynamics (MTD)   ...        0 min,  4.703 sec (  0.795%)
 Metadynamics (MTD)         ...        2 min,  8.269 sec ( 21.669%)
 Geometry optimization      ...        6 min, 58.688 sec ( 70.730%)
 Molecular dynamics (MD)    ...        0 min, 39.088 sec (  6.603%)
 Genetic crossing (GC)      ...        0 min,  0.788 sec (  0.133%)
 I/O and setup              ...        0 min,  0.413 sec (  0.070%)
 ------------------------------------------------------------------
 * wall-time:     0 d,  0 h,  9 min, 51.949 sec
 *  cpu-time:     0 d,  2 h, 26 min, 54.980 sec
 * ratio c/w:    14.891 speedup
 ------------------------------------------------------------------
 * Total number of energy+grad calls: 308027

 CREST terminated normally.
