  32
 Etot=         -54.0300407104
 S          0.9152772349        2.3750619134       -0.2866860096
 O          2.6405816120       -2.7219497658       -0.4062955629
 O         -4.6703554168       -0.5995559009        0.7468255482
 O         -2.7670299477        0.2563724188        1.4993925810
 N          1.3916550435       -1.3258070991        0.9425925775
 N          3.3382932714       -0.6005895737        0.1763632071
 C          1.2766321993        0.1118848937        1.0649953418
 C          2.6912699483        0.6012741795        0.6731896623
 C          0.2244714198        0.7492111554        0.1302965624
 C          2.5992715098        1.7079744298       -0.3827475824
 C         -0.0713808106       -0.0588476501       -1.1433422086
 C         -1.1557316163       -1.1391414921       -0.9585144602
 C          2.4665902895       -1.6666636630        0.1513462515
 C         -2.5076448648       -0.7514850430       -1.5696428455
 C         -3.1883344573        0.4290996393       -0.8531239352
 C         -3.5049502413        0.0430701600        0.5807427717
 H          1.0424307630        0.3848139715        2.1006745823
 H          3.2302123465        0.9722974098        1.5551914445
 H         -0.6997868230        0.9287299264        0.6832351523
 H          3.3031668558        2.5149051991       -0.1805545280
 H          2.7979767422        1.3102572544       -1.3808541242
 H         -0.3835815906        0.6392120715       -1.9254371331
 H          0.8523296531       -0.5287388317       -1.4922210228
 H          0.5595729478       -1.8870484528        0.8501649107
 H          4.0127630659       -0.5366990681       -0.5700610997
 H         -0.8250084535       -2.0611494488       -1.4450524444
 H         -1.2953113118       -1.3621104786        0.1025590665
 H         -2.3711513836       -0.4865399092       -2.6224628078
 H         -3.1763973493       -1.6178894466       -1.5290234749
 H         -4.1061120047        0.6940331002       -1.3840912188
 H         -2.5271575959        1.2972993040       -0.8418542354
 H         -5.1790158688       -0.7077117362       -0.0671710160
