  51
 Etot=         -63.1193412743
 O          6.7161825778       -1.6869438624        0.1764003019
 C         -2.5807369996       -1.5073904128       -0.0138274902
 C         -3.8772716696       -2.1238044482       -0.5690311041
 C         -4.6938096603       -1.1040536816       -1.3599853292
 C         -2.8529938145       -0.1286355274        0.5833715237
 C         -5.1393757345        0.0209702793       -0.4290477013
 C         -3.9982981835        0.5348960457        0.4142108660
 C         -1.5292189989       -1.4002486559       -1.1322777059
 C         -2.0294961561       -2.4414552858        1.0790415462
 C         -1.7726631407        0.3976839003        1.4592685524
 C         -4.2688298358        1.8611426274        1.0791496641
 C         -0.6967194288        1.1050686453        1.1007302980
 C         -0.3552948755        1.6251312572       -0.2269056958
 C         -1.4512308415        2.2532667296       -1.0444031571
 C          0.9090698164        1.5940503936       -0.7059579708
 C          2.0320425957        0.9763472142       -0.0529821691
 C          3.2610927914        0.9287873043       -0.6099621551
 C          4.4317895673        0.3012296704       -0.0246852882
 C          4.2945543145       -0.3056063718        1.3469571233
 C          5.5823764299        0.2802742800       -0.7222241025
 C          6.8788502118       -0.3560436270       -0.2802145390
 H         -4.4853707718       -2.4955174383        0.2628205677
 H         -3.6279482180       -2.9787085112       -1.2049452880
 H         -5.5697213375       -1.5900356149       -1.7994651271
 H         -4.0942847798       -0.6926974204       -2.1781420494
 H         -5.9347706306       -0.3419089234        0.2339023092
 H         -5.5609528587        0.8453806148       -1.0138682412
 H         -0.6036475727       -0.9746135805       -0.7459090992
 H         -1.3117212667       -2.3902325548       -1.5355521343
 H         -1.8881004921       -0.7671365274       -1.9433585480
 H         -2.7142201809       -2.4831394021        1.9265772461
 H         -1.9087361598       -3.4490567405        0.6793094019
 H         -1.0588281743       -2.0909785209        1.4304446944
 H         -1.8596628345        0.1057959139        2.5046437279
 H         -4.4739535059        2.6288734505        0.3303006539
 H         -3.4201563048        2.1803472644        1.6838960301
 H         -5.1473593465        1.7821516271        1.7235004861
 H          0.0329185229        1.3259818910        1.8770941367
 H         -1.0524943103        2.6865081685       -1.9618317202
 H         -2.2072336876        1.5134788592       -1.3105026081
 H         -1.9439929367        3.0399357104       -0.4699205138
 H          1.1070968701        2.0282551484       -1.6834317101
 H          1.8530649332        0.5194091918        0.9151441008
 H          3.4086186528        1.3793424292       -1.5894863151
 H          3.6157866503       -1.1600122514        1.3152936343
 H          3.8847692678        0.4278761677        2.0436515461
 H          5.2535957417       -0.6464169666        1.7300181060
 H          5.6113776585        0.7488769664       -1.7019233601
 H          7.3167202655        0.2058498524        0.5564073052
 H          7.5969871975       -0.3257599022       -1.1163614997
 H          6.1887790277       -2.1830167701       -0.4621977493
