
       ╔════════════════════════════════════════════════╗
       ║                                                ║
       ║     ██████╗██████╗ ███████╗███████╗████████╗   ║
       ║    ██╔════╝██╔══██╗██╔════╝██╔════╝╚══██╔══╝   ║
       ║    ██║     ██████╔╝█████╗  ███████╗   ██║      ║
       ║    ██║     ██╔══██╗██╔══╝  ╚════██║   ██║      ║
       ║    ╚██████╗██║  ██║███████╗███████║   ██║      ║
       ║     ╚═════╝╚═╝  ╚═╝╚══════╝╚══════╝   ╚═╝      ║
       ║                                                ║
       ║    Conformer-Rotamer Ensemble Sampling Tool    ║
       ║            based on the xTB methods            ║
       ║                                                ║
       ╚════════════════════════════════════════════════╝
        Version 3.0.2, Mon, 29 September 16:25:59, 09/29/2025
        commit (c39758d) compiled by 'andrey@PC1'

   Cite work conducted with this code as

   • P.Pracht, F.Bohle, S.Grimme, PCCP, 2020, 22, 7169-7192.
   • S.Grimme, JCTC, 2019, 15, 2847-2862.
   • P.Pracht, S.Grimme, C.Bannwarth, F.Bohle, S.Ehlert,
     G.Feldmann, J.Gorges, M.Müller, T.Neudecker, C.Plett,
     S.Spicher, P.Steinbach, P.Wesołowski, F.Zeller,
     J. Chem. Phys., 2024, 160, 114110.

   for works involving QCG cite

   • S.Spicher, C.Plett, P.Pracht, A.Hansen, S.Grimme,
     JCTC, 2022, 18 (5), 3174-3189.
   • C.Plett, S. Grimme,
     Angew. Chem. Int. Ed. 2023, 62, e202214477.

   for works involving MECP screening cite

   • P.Pracht, C.Bannwarth, JCTC, 2022, 18 (10), 6370-6385.

   Original code
     P.Pracht, S.Grimme, Universität Bonn, MCTC
   with help from (alphabetical order):
     C.Bannwarth, F.Bohle, S.Ehlert, G.Feldmann, J.Gorges,
     S.Grimme, C.Plett, P.Pracht, S.Spicher, P.Steinbach,
     P.Wesolowski, F.Zeller

   Online documentation is available at
   https://crest-lab.github.io/crest-docs/

   This program is distributed in the hope that it will be useful,
   but WITHOUT ANY WARRANTY; without even the implied warranty of
   MERCHANTABILITY or FITNESS FOR A PARTICULAR PURPOSE. See the
   GNU Lesser General Public License (LGPL) for more details.

 Command line input:
 $ ./crest m1_00_Vitamin_B6-uni_conformers-CLUST_1_gfn1_opt.xyz --T 16 --gfn1

  --T 16 (CPUs/Threads selected)
  --gfn1               : Use of GFN1-xTB requested.

> Setting up backup calculator ... done.
 ----------------
 Calculation info
 ----------------
> User-defined calculation level:
 : xTB calculation via tblite lib
 : GFN1-xTB level
 :   Molecular charge    : 0
 :   Fermi temperature   : 300.00000
 :   Accuracy            : 1.00000
 :   max SCC cycles      : 500


 -----------------------------
 Initial Geometry Optimization
 -----------------------------
 Geometry successfully optimized.

          ┍━━━━━━━━━━━━━━━━━━━━━━━━━━━━━━━━━━━━━━━━━━━━━━━━━┑
          │              CREST iMTD-GC SAMPLING             │
          ┕━━━━━━━━━━━━━━━━━━━━━━━━━━━━━━━━━━━━━━━━━━━━━━━━━┙

 Input structure:
  23

 O         -2.3668786849        0.7596653167       -0.1455842209
 O         -0.8241153587        2.8887591321        0.4051410687
 O          3.5669902201       -0.5940206190        0.1330970992
 N         -0.2375108257       -2.1048106157        0.0688041210
 C          0.0508422048        0.6671383208       -0.1373979137
 C          1.1703278913       -0.1747002433       -0.0815993437
 C         -1.2067171399        0.0623870790       -0.0867468838
 C         -1.3101024696       -1.3322437471        0.0222964250
 C          0.1724084024        2.1720360559       -0.3058348305
 C          2.5858555654        0.3740335873       -0.1497125399
 C          0.9685185377       -1.5459262780        0.0123905612
 C         -2.6588274734       -1.9862016643        0.0752037321
 H          1.1697046793        2.5213765687        0.0008722164
 H          0.0378347381        2.4334811435       -1.3638418876
 H          2.7903088486        0.7332400886       -1.1670701347
 H          2.6894835416        1.2334252700        0.5359304965
 H          1.8129410551       -2.2268090956        0.0391557102
 H         -3.2408016749       -1.5831350195        0.9055366349
 H         -3.2102971151       -1.7846049286       -0.8446979946
 H         -2.5452067759       -3.0617944733        0.1987967519
 H         -2.1849285073        1.7194404345       -0.1178595534
 H         -0.7411482159        2.7118095585        1.3511865638
 H          3.4688915398       -0.9178639846        1.0375249296

 ------------------------------------------------
 Generating MTD length from a flexibility measure
 ------------------------------------------------
 Calculating GFN0-xTB WBOs   ... done.
 Calculating NCI flexibility ... done.
     covalent flexibility measure :   0.164
 non-covalent flexibility measure :   0.755
 flexibility measure :   0.235
 t(MTD) / ps    :     5.0
 Σ(t(MTD)) / ps :    70.0 (14 MTDs)

 -----------------------------------
 Starting trial MTD to test settings
 -----------------------------------
 Trial MTD 1 runtime (1.0 ps) ...        0 min,  3.471 sec
 Estimated runtime for one MTD (5.0 ps) on a single thread: 17 sec
 Estimated runtime for a batch of 14 MTDs on 16 threads: 17 sec

********************************************************************************
**                    N E W   I T E R A T I O N  C Y C L E                    **
********************************************************************************

 ------------------------------
 Meta-Dynamics Iteration 1
 ------------------------------
 list of applied metadynamics Vbias parameters:
$metadyn    0.06900   1.300
$metadyn    0.03450   1.300
$metadyn    0.01725   1.300
$metadyn    0.06900   0.780
$metadyn    0.03450   0.780
$metadyn    0.01725   0.780
$metadyn    0.06900   0.468
$metadyn    0.03450   0.468
$metadyn    0.01725   0.468
$metadyn    0.06900   0.281
$metadyn    0.03450   0.281
$metadyn    0.01725   0.281
$metadyn    0.02300   0.100
$metadyn    0.11500   0.800

  ::::::::::::: starting MTD    1 :::::::::::::
  |   MD simulation time   :     5.0 ps       |
  |   target T             :   300.0 K        |
  |   timestep dt          :     5.0 fs       |
  |   dump interval(trj)   :   100.0 fs       |
  |   SHAKE algorithm      : true (all bonds) |
  |   dump interval(Vbias) :    1.00 ps       |
  |   Vbias prefactor (k)  :  0.0690 Eh       |
  |   Vbias exponent (α)   :  1.3000 bohr⁻²   |
  ::::::::::::: starting MTD   12 :::::::::::::
  |   MD simulation time   :     5.0 ps       |
  |   target T             :   300.0 K        |
  |   timestep dt          :     5.0 fs       |
  |   dump interval(trj)   :   100.0 fs       |
  |   SHAKE algorithm      : true (all bonds) |
  |   dump interval(Vbias) :    1.00 ps       |
  |   Vbias prefactor (k)  :  0.0173 Eh       |
  |   Vbias exponent (α)   :  0.2808 bohr⁻²   |
  ::::::::::::: starting MTD    4 :::::::::::::
  |   MD simulation time   :     5.0 ps       |
  |   target T             :   300.0 K        |
  |   timestep dt          :     5.0 fs       |
  |   dump interval(trj)   :   100.0 fs       |
  |   SHAKE algorithm      : true (all bonds) |
  |   dump interval(Vbias) :    1.00 ps       |
  |   Vbias prefactor (k)  :  0.0690 Eh       |
  |   Vbias exponent (α)   :  0.7800 bohr⁻²   |
  ::::::::::::: starting MTD    6 :::::::::::::
  |   MD simulation time   :     5.0 ps       |
  |   target T             :   300.0 K        |
  |   timestep dt          :     5.0 fs       |
  |   dump interval(trj)   :   100.0 fs       |
  |   SHAKE algorithm      : true (all bonds) |
  |   dump interval(Vbias) :    1.00 ps       |
  |   Vbias prefactor (k)  :  0.0173 Eh       |
  |   Vbias exponent (α)   :  0.7800 bohr⁻²   |
  ::::::::::::: starting MTD    2 :::::::::::::
  |   MD simulation time   :     5.0 ps       |
  |   target T             :   300.0 K        |
  |   timestep dt          :     5.0 fs       |
  |   dump interval(trj)   :   100.0 fs       |
  |   SHAKE algorithm      : true (all bonds) |
  |   dump interval(Vbias) :    1.00 ps       |
  |   Vbias prefactor (k)  :  0.0345 Eh       |
  |   Vbias exponent (α)   :  1.3000 bohr⁻²   |
  ::::::::::::: starting MTD   14 :::::::::::::
  |   MD simulation time   :     5.0 ps       |
  |   target T             :   300.0 K        |
  |   timestep dt          :     5.0 fs       |
  |   dump interval(trj)   :   100.0 fs       |
  |   SHAKE algorithm      : true (all bonds) |
  |   dump interval(Vbias) :    1.00 ps       |
  |   Vbias prefactor (k)  :  0.1150 Eh       |
  |   Vbias exponent (α)   :  0.8000 bohr⁻²   |
  ::::::::::::: starting MTD    5 :::::::::::::
  |   MD simulation time   :     5.0 ps       |
  |   target T             :   300.0 K        |
  |   timestep dt          :     5.0 fs       |
  |   dump interval(trj)   :   100.0 fs       |
  |   SHAKE algorithm      : true (all bonds) |
  |   dump interval(Vbias) :    1.00 ps       |
  |   Vbias prefactor (k)  :  0.0345 Eh       |
  |   Vbias exponent (α)   :  0.7800 bohr⁻²   |
  ::::::::::::: starting MTD    8 :::::::::::::
  |   MD simulation time   :     5.0 ps       |
  |   target T             :   300.0 K        |
  |   timestep dt          :     5.0 fs       |
  |   dump interval(trj)   :   100.0 fs       |
  |   SHAKE algorithm      : true (all bonds) |
  |   dump interval(Vbias) :    1.00 ps       |
  |   Vbias prefactor (k)  :  0.0345 Eh       |
  |   Vbias exponent (α)   :  0.4680 bohr⁻²   |
  ::::::::::::: starting MTD    9 :::::::::::::
  |   MD simulation time   :     5.0 ps       |
  |   target T             :   300.0 K        |
  |   timestep dt          :     5.0 fs       |
  |   dump interval(trj)   :   100.0 fs       |
  |   SHAKE algorithm      : true (all bonds) |
  |   dump interval(Vbias) :    1.00 ps       |
  |   Vbias prefactor (k)  :  0.0173 Eh       |
  |   Vbias exponent (α)   :  0.4680 bohr⁻²   |
  ::::::::::::: starting MTD    3 :::::::::::::
  |   MD simulation time   :     5.0 ps       |
  |   target T             :   300.0 K        |
  |   timestep dt          :     5.0 fs       |
  |   dump interval(trj)   :   100.0 fs       |
  |   SHAKE algorithm      : true (all bonds) |
  |   dump interval(Vbias) :    1.00 ps       |
  |   Vbias prefactor (k)  :  0.0173 Eh       |
  |   Vbias exponent (α)   :  1.3000 bohr⁻²   |
  ::::::::::::: starting MTD   13 :::::::::::::
  |   MD simulation time   :     5.0 ps       |
  |   target T             :   300.0 K        |
  |   timestep dt          :     5.0 fs       |
  |   dump interval(trj)   :   100.0 fs       |
  |   SHAKE algorithm      : true (all bonds) |
  |   dump interval(Vbias) :    1.00 ps       |
  |   Vbias prefactor (k)  :  0.0230 Eh       |
  |   Vbias exponent (α)   :  0.1000 bohr⁻²   |
  ::::::::::::: starting MTD   11 :::::::::::::
  |   MD simulation time   :     5.0 ps       |
  |   target T             :   300.0 K        |
  |   timestep dt          :     5.0 fs       |
  |   dump interval(trj)   :   100.0 fs       |
  |   SHAKE algorithm      : true (all bonds) |
  |   dump interval(Vbias) :    1.00 ps       |
  |   Vbias prefactor (k)  :  0.0345 Eh       |
  |   Vbias exponent (α)   :  0.2808 bohr⁻²   |
  ::::::::::::: starting MTD   10 :::::::::::::
  |   MD simulation time   :     5.0 ps       |
  |   target T             :   300.0 K        |
  |   timestep dt          :     5.0 fs       |
  |   dump interval(trj)   :   100.0 fs       |
  |   SHAKE algorithm      : true (all bonds) |
  |   dump interval(Vbias) :    1.00 ps       |
  |   Vbias prefactor (k)  :  0.0690 Eh       |
  |   Vbias exponent (α)   :  0.2808 bohr⁻²   |
  ::::::::::::: starting MTD    7 :::::::::::::
  |   MD simulation time   :     5.0 ps       |
  |   target T             :   300.0 K        |
  |   timestep dt          :     5.0 fs       |
  |   dump interval(trj)   :   100.0 fs       |
  |   SHAKE algorithm      : true (all bonds) |
  |   dump interval(Vbias) :    1.00 ps       |
  |   Vbias prefactor (k)  :  0.0690 Eh       |
  |   Vbias exponent (α)   :  0.4680 bohr⁻²   |
*MTD   4 completed successfully ...        0 min, 31.058 sec
*MTD  11 completed successfully ...        0 min, 31.113 sec
*MTD   5 completed successfully ...        0 min, 31.224 sec
*MTD  10 completed successfully ...        0 min, 31.228 sec
*MTD  14 completed successfully ...        0 min, 31.270 sec
*MTD   6 completed successfully ...        0 min, 31.297 sec
*MTD   7 completed successfully ...        0 min, 31.312 sec
*MTD   3 completed successfully ...        0 min, 31.319 sec
*MTD  13 completed successfully ...        0 min, 31.370 sec
*MTD   2 completed successfully ...        0 min, 31.374 sec
*MTD  12 completed successfully ...        0 min, 31.429 sec
*MTD   9 completed successfully ...        0 min, 31.452 sec
*MTD   1 completed successfully ...        0 min, 31.483 sec
*MTD   8 completed successfully ...        0 min, 31.502 sec

 ======================================
 |  Multilevel Ensemble Optimization  |
 ======================================
 Optimizing all 686 structures from file "crest_dynamics.trj" ...
 ----------------------
 crude pre-optimization
 ----------------------
 Optimization engine: ANCOPT
 Hessian update type: BFGS
 E/G convergence criteria:  0.500E-03 Eh, 0.100E-01 Eh/a0
 maximum optimization steps: 200
 |>0.1% |>10.1% |>20.1% |>30.0% |>40.1% |>50.0% |>60.1% |>70.1% |>80.0% |>90.1% |>100.0%
 done.
> 686 of 686 structures successfully optimized (100.0% success)
> Total runtime for 686 optimizations:
 * wall-time:     0 d,  0 h,  0 min, 14.629 sec
 *  cpu-time:     0 d,  0 h,  3 min, 45.833 sec
 * ratio c/w:    15.438 speedup
> Corresponding to approximately 0.021 sec per processed structure

CREGEN> running RMSDs ... done.
CREGEN> E lowest :   -40.13490
 557 structures remain within    12.00 kcal/mol window
 ----------------------------------
 optimization with tight thresholds
 ----------------------------------
 Optimization engine: ANCOPT
 Hessian update type: BFGS
 E/G convergence criteria:  0.100E-05 Eh, 0.800E-03 Eh/a0
 maximum optimization steps: 200
 |>0.2% |>10.1% |>20.1% |>30.2% |>40.0% |>50.1% |>60.1% |>70.0% |>80.1% |>90.1% |>100.0%
 done.
> 557 of 557 structures successfully optimized (100.0% success)
> Total runtime for 557 optimizations:
 * wall-time:     0 d,  0 h,  0 min, 38.322 sec
 *  cpu-time:     0 d,  0 h,  9 min, 48.188 sec
 * ratio c/w:    15.348 speedup
> Corresponding to approximately 0.069 sec per processed structure

CREGEN> running RMSDs ... done.
CREGEN> E lowest :   -40.13521
 153 structures remain within     6.00 kcal/mol window

 ------------------------------
 Meta-Dynamics Iteration 2
 ------------------------------
 list of applied metadynamics Vbias parameters:
$metadyn    0.06900   1.300
$metadyn    0.03450   1.300
$metadyn    0.01725   1.300
$metadyn    0.06900   0.780
$metadyn    0.03450   0.780
$metadyn    0.01725   0.780
$metadyn    0.06900   0.468
$metadyn    0.03450   0.468
$metadyn    0.01725   0.468
$metadyn    0.06900   0.281
$metadyn    0.03450   0.281
$metadyn    0.01725   0.281
$metadyn    0.02300   0.100
$metadyn    0.11500   0.800

  ::::::::::::: starting MTD   11 :::::::::::::
  |   MD simulation time   :     5.0 ps       |
  |   target T             :   300.0 K        |
  |   timestep dt          :     5.0 fs       |
  |   dump interval(trj)   :   100.0 fs       |
  |   SHAKE algorithm      : true (all bonds) |
  |   dump interval(Vbias) :    1.00 ps       |
  |   Vbias prefactor (k)  :  0.0345 Eh       |
  |   Vbias exponent (α)   :  0.2808 bohr⁻²   |
  ::::::::::::: starting MTD    6 :::::::::::::
  |   MD simulation time   :     5.0 ps       |
  |   target T             :   300.0 K        |
  |   timestep dt          :     5.0 fs       |
  |   dump interval(trj)   :   100.0 fs       |
  |   SHAKE algorithm      : true (all bonds) |
  |   dump interval(Vbias) :    1.00 ps       |
  |   Vbias prefactor (k)  :  0.0173 Eh       |
  |   Vbias exponent (α)   :  0.7800 bohr⁻²   |
  ::::::::::::: starting MTD    8 :::::::::::::
  |   MD simulation time   :     5.0 ps       |
  |   target T             :   300.0 K        |
  |   timestep dt          :     5.0 fs       |
  |   dump interval(trj)   :   100.0 fs       |
  |   SHAKE algorithm      : true (all bonds) |
  |   dump interval(Vbias) :    1.00 ps       |
  |   Vbias prefactor (k)  :  0.0345 Eh       |
  |   Vbias exponent (α)   :  0.4680 bohr⁻²   |
  ::::::::::::: starting MTD    7 :::::::::::::
  |   MD simulation time   :     5.0 ps       |
  |   target T             :   300.0 K        |
  |   timestep dt          :     5.0 fs       |
  |   dump interval(trj)   :   100.0 fs       |
  |   SHAKE algorithm      : true (all bonds) |
  |   dump interval(Vbias) :    1.00 ps       |
  |   Vbias prefactor (k)  :  0.0690 Eh       |
  |   Vbias exponent (α)   :  0.4680 bohr⁻²   |
  ::::::::::::: starting MTD    4 :::::::::::::
  |   MD simulation time   :     5.0 ps       |
  |   target T             :   300.0 K        |
  |   timestep dt          :     5.0 fs       |
  |   dump interval(trj)   :   100.0 fs       |
  |   SHAKE algorithm      : true (all bonds) |
  |   dump interval(Vbias) :    1.00 ps       |
  |   Vbias prefactor (k)  :  0.0690 Eh       |
  |   Vbias exponent (α)   :  0.7800 bohr⁻²   |
  ::::::::::::: starting MTD    9 :::::::::::::
  |   MD simulation time   :     5.0 ps       |
  |   target T             :   300.0 K        |
  |   timestep dt          :     5.0 fs       |
  |   dump interval(trj)   :   100.0 fs       |
  |   SHAKE algorithm      : true (all bonds) |
  |   dump interval(Vbias) :    1.00 ps       |
  |   Vbias prefactor (k)  :  0.0173 Eh       |
  |   Vbias exponent (α)   :  0.4680 bohr⁻²   |
  ::::::::::::: starting MTD    1 :::::::::::::
  |   MD simulation time   :     5.0 ps       |
  |   target T             :   300.0 K        |
  |   timestep dt          :     5.0 fs       |
  |   dump interval(trj)   :   100.0 fs       |
  |   SHAKE algorithm      : true (all bonds) |
  |   dump interval(Vbias) :    1.00 ps       |
  |   Vbias prefactor (k)  :  0.0690 Eh       |
  |   Vbias exponent (α)   :  1.3000 bohr⁻²   |
  ::::::::::::: starting MTD    5 :::::::::::::
  |   MD simulation time   :     5.0 ps       |
  |   target T             :   300.0 K        |
  |   timestep dt          :     5.0 fs       |
  |   dump interval(trj)   :   100.0 fs       |
  |   SHAKE algorithm      : true (all bonds) |
  |   dump interval(Vbias) :    1.00 ps       |
  |   Vbias prefactor (k)  :  0.0345 Eh       |
  |   Vbias exponent (α)   :  0.7800 bohr⁻²   |
  ::::::::::::: starting MTD   14 :::::::::::::
  |   MD simulation time   :     5.0 ps       |
  |   target T             :   300.0 K        |
  |   timestep dt          :     5.0 fs       |
  |   dump interval(trj)   :   100.0 fs       |
  |   SHAKE algorithm      : true (all bonds) |
  |   dump interval(Vbias) :    1.00 ps       |
  |   Vbias prefactor (k)  :  0.1150 Eh       |
  |   Vbias exponent (α)   :  0.8000 bohr⁻²   |
  ::::::::::::: starting MTD   10 :::::::::::::
  |   MD simulation time   :     5.0 ps       |
  |   target T             :   300.0 K        |
  |   timestep dt          :     5.0 fs       |
  |   dump interval(trj)   :   100.0 fs       |
  |   SHAKE algorithm      : true (all bonds) |
  |   dump interval(Vbias) :    1.00 ps       |
  |   Vbias prefactor (k)  :  0.0690 Eh       |
  |   Vbias exponent (α)   :  0.2808 bohr⁻²   |
  ::::::::::::: starting MTD    3 :::::::::::::
  |   MD simulation time   :     5.0 ps       |
  |   target T             :   300.0 K        |
  |   timestep dt          :     5.0 fs       |
  |   dump interval(trj)   :   100.0 fs       |
  |   SHAKE algorithm      : true (all bonds) |
  |   dump interval(Vbias) :    1.00 ps       |
  |   Vbias prefactor (k)  :  0.0173 Eh       |
  |   Vbias exponent (α)   :  1.3000 bohr⁻²   |
  ::::::::::::: starting MTD   13 :::::::::::::
  |   MD simulation time   :     5.0 ps       |
  |   target T             :   300.0 K        |
  |   timestep dt          :     5.0 fs       |
  |   dump interval(trj)   :   100.0 fs       |
  |   SHAKE algorithm      : true (all bonds) |
  |   dump interval(Vbias) :    1.00 ps       |
  |   Vbias prefactor (k)  :  0.0230 Eh       |
  |   Vbias exponent (α)   :  0.1000 bohr⁻²   |
  ::::::::::::: starting MTD    2 :::::::::::::
  |   MD simulation time   :     5.0 ps       |
  |   target T             :   300.0 K        |
  |   timestep dt          :     5.0 fs       |
  |   dump interval(trj)   :   100.0 fs       |
  |   SHAKE algorithm      : true (all bonds) |
  |   dump interval(Vbias) :    1.00 ps       |
  |   Vbias prefactor (k)  :  0.0345 Eh       |
  |   Vbias exponent (α)   :  1.3000 bohr⁻²   |
  ::::::::::::: starting MTD   12 :::::::::::::
  |   MD simulation time   :     5.0 ps       |
  |   target T             :   300.0 K        |
  |   timestep dt          :     5.0 fs       |
  |   dump interval(trj)   :   100.0 fs       |
  |   SHAKE algorithm      : true (all bonds) |
  |   dump interval(Vbias) :    1.00 ps       |
  |   Vbias prefactor (k)  :  0.0173 Eh       |
  |   Vbias exponent (α)   :  0.2808 bohr⁻²   |
*MTD   4 completed successfully ...        0 min, 34.421 sec
*MTD  12 completed successfully ...        0 min, 34.467 sec
*MTD   2 completed successfully ...        0 min, 34.515 sec
*MTD   1 completed successfully ...        0 min, 34.563 sec
*MTD   8 completed successfully ...        0 min, 34.564 sec
*MTD   3 completed successfully ...        0 min, 34.602 sec
*MTD   5 completed successfully ...        0 min, 34.626 sec
*MTD   7 completed successfully ...        0 min, 34.681 sec
*MTD   9 completed successfully ...        0 min, 34.692 sec
*MTD   6 completed successfully ...        0 min, 34.710 sec
*MTD  13 completed successfully ...        0 min, 34.734 sec
*MTD  10 completed successfully ...        0 min, 34.759 sec
*MTD  14 completed successfully ...        0 min, 34.779 sec
*MTD  11 completed successfully ...        0 min, 34.934 sec

 ======================================
 |  Multilevel Ensemble Optimization  |
 ======================================
 Optimizing all 686 structures from file "crest_dynamics.trj" ...
 ----------------------
 crude pre-optimization
 ----------------------
 Optimization engine: ANCOPT
 Hessian update type: BFGS
 E/G convergence criteria:  0.500E-03 Eh, 0.100E-01 Eh/a0
 maximum optimization steps: 200
 |>0.1% |>10.1% |>20.1% |>30.0% |>40.1% |>50.0% |>60.1% |>70.1% |>80.0% |>90.1% |>100.0%
 done.
> 686 of 686 structures successfully optimized (100.0% success)
> Total runtime for 686 optimizations:
 * wall-time:     0 d,  0 h,  0 min, 15.788 sec
 *  cpu-time:     0 d,  0 h,  4 min,  4.693 sec
 * ratio c/w:    15.499 speedup
> Corresponding to approximately 0.023 sec per processed structure

CREGEN> running RMSDs ... done.
CREGEN> E lowest :   -40.13509
 581 structures remain within    12.00 kcal/mol window
 ----------------------------------
 optimization with tight thresholds
 ----------------------------------
 Optimization engine: ANCOPT
 Hessian update type: BFGS
 E/G convergence criteria:  0.100E-05 Eh, 0.800E-03 Eh/a0
 maximum optimization steps: 200
 |>0.2% |>10.2% |>20.1% |>30.1% |>40.1% |>50.1% |>60.1% |>70.1% |>80.0% |>90.0% |>100.0%
 done.
> 581 of 581 structures successfully optimized (100.0% success)
> Total runtime for 581 optimizations:
 * wall-time:     0 d,  0 h,  0 min, 42.681 sec
 *  cpu-time:     0 d,  0 h, 11 min,  6.808 sec
 * ratio c/w:    15.623 speedup
> Corresponding to approximately 0.073 sec per processed structure

CREGEN> running RMSDs ... done.
CREGEN> E lowest :   -40.13521
 167 structures remain within     6.00 kcal/mol window

========================================
           MTD Simulations done         
========================================
 Collecting ensmbles.
CREGEN> running RMSDs ... done.
CREGEN> E lowest :   -40.13521
 221 structures remain within     6.00 kcal/mol window


 ===============================================
 Additional regular MDs on lowest 4 conformer(s)
 ===============================================
  :::::::::::::: starting MD   1 ::::::::::::::
  |   MD simulation time   :     2.5 ps       |
  |   target T             :   400.0 K        |
  |   timestep dt          :     5.0 fs       |
  |   dump interval(trj)   :   100.0 fs       |
  |   SHAKE algorithm      : true (all bonds) |
  :::::::::::::: starting MD   4 ::::::::::::::
  |   MD simulation time   :     2.5 ps       |
  |   target T             :   400.0 K        |
  |   timestep dt          :     5.0 fs       |
  |   dump interval(trj)   :   100.0 fs       |
  |   SHAKE algorithm      : true (all bonds) |
  :::::::::::::: starting MD   7 ::::::::::::::
  |   MD simulation time   :     2.5 ps       |
  |   target T             :   500.0 K        |
  |   timestep dt          :     5.0 fs       |
  |   dump interval(trj)   :   100.0 fs       |
  |   SHAKE algorithm      : true (all bonds) |
  :::::::::::::: starting MD   5 ::::::::::::::
  |   MD simulation time   :     2.5 ps       |
  |   target T             :   500.0 K        |
  |   timestep dt          :     5.0 fs       |
  |   dump interval(trj)   :   100.0 fs       |
  |   SHAKE algorithm      : true (all bonds) |
  :::::::::::::: starting MD   3 ::::::::::::::
  |   MD simulation time   :     2.5 ps       |
  |   target T             :   400.0 K        |
  |   timestep dt          :     5.0 fs       |
  |   dump interval(trj)   :   100.0 fs       |
  |   SHAKE algorithm      : true (all bonds) |
  :::::::::::::: starting MD   8 ::::::::::::::
  |   MD simulation time   :     2.5 ps       |
  |   target T             :   500.0 K        |
  |   timestep dt          :     5.0 fs       |
  |   dump interval(trj)   :   100.0 fs       |
  |   SHAKE algorithm      : true (all bonds) |
  :::::::::::::: starting MD   2 ::::::::::::::
  |   MD simulation time   :     2.5 ps       |
  |   target T             :   400.0 K        |
  |   timestep dt          :     5.0 fs       |
  |   dump interval(trj)   :   100.0 fs       |
  |   SHAKE algorithm      : true (all bonds) |
  :::::::::::::: starting MD   6 ::::::::::::::
  |   MD simulation time   :     2.5 ps       |
  |   target T             :   500.0 K        |
  |   timestep dt          :     5.0 fs       |
  |   dump interval(trj)   :   100.0 fs       |
  |   SHAKE algorithm      : true (all bonds) |
*MD   4 completed successfully ...        0 min, 15.181 sec
*MD   3 completed successfully ...        0 min, 15.289 sec
*MD   2 completed successfully ...        0 min, 15.332 sec
*MD   6 completed successfully ...        0 min, 15.571 sec
*MD   5 completed successfully ...        0 min, 15.583 sec
*MD   8 completed successfully ...        0 min, 15.650 sec
*MD   1 completed successfully ...        0 min, 15.720 sec
*MD   7 completed successfully ...        0 min, 15.737 sec
 Appending file crest_rotamers_1.xyz with new structures
 Optimizing all 413 structures from file "crest_rotamers_1.xyz" ...
 ----------------------------------
 optimization with tight thresholds
 ----------------------------------
 Optimization engine: ANCOPT
 Hessian update type: BFGS
 E/G convergence criteria:  0.100E-05 Eh, 0.800E-03 Eh/a0
 maximum optimization steps: 200
 |>0.2% |>10.2% |>20.1% |>30.0% |>40.2% |>50.1% |>60.0% |>70.2% |>80.1% |>90.1% |>100.0%
 done.
> 413 of 413 structures successfully optimized (100.0% success)
> Total runtime for 413 optimizations:
 * wall-time:     0 d,  0 h,  0 min, 17.907 sec
 *  cpu-time:     0 d,  0 h,  4 min, 33.673 sec
 * ratio c/w:    15.283 speedup
> Corresponding to approximately 0.043 sec per processed structure

CREGEN> running RMSDs ... done.
CREGEN> E lowest :   -40.13521
 227 structures remain within     6.00 kcal/mol window

     ========================================
     |        Structure Crossing (GC)       |
     ========================================

 =============================
  # threads =          16
 =============================
input  file name : crest_rotamers_2.xyz
number of atoms                :      23
number of points on xyz files  :     227
conformer energy window  /kcal :    6.00
CN per atom difference cut-off :  0.3000
RMSD threshold (Ang, Bohr)     :  0.2500  0.4724
max. # of generated structures :      250
 # in E window         227
 finished.
 average rmsd w.r.t input     :     1.31847
 number of clash discarded    :       25311
 removed identical structures :         230

 110 structures written to confcross.xyz


 ======================================
 |  Multilevel Ensemble Optimization  |
 ======================================
 Optimizing all 110 structures from file "confcross.xyz" ...
 ----------------------
 crude pre-optimization
 ----------------------
 Optimization engine: ANCOPT
 Hessian update type: BFGS
 E/G convergence criteria:  0.500E-03 Eh, 0.100E-01 Eh/a0
 maximum optimization steps: 200
 |>0.9% |>10.0% |>20.0% |>30.0% |>40.0% |>50.0% |>60.0% |>70.9% |>80.0% |>90.9% |>100.0%
 done.
> 110 of 110 structures successfully optimized (100.0% success)
> Total runtime for 110 optimizations:
 * wall-time:     0 d,  0 h,  0 min,  2.135 sec
 *  cpu-time:     0 d,  0 h,  0 min, 29.225 sec
 * ratio c/w:    13.691 speedup
> Corresponding to approximately 0.019 sec per processed structure

CREGEN> running RMSDs ... done.
CREGEN> E lowest :   -40.13521
 80 structures remain within    12.00 kcal/mol window
 ----------------------------------
 optimization with tight thresholds
 ----------------------------------
 Optimization engine: ANCOPT
 Hessian update type: BFGS
 E/G convergence criteria:  0.100E-05 Eh, 0.800E-03 Eh/a0
 maximum optimization steps: 200
 |>1.3% |>10.0% |>20.0% |>30.0% |>40.0% |>50.0% |>60.0% |>71.2% |>80.0% |>91.3% |>100.0%
 done.
> 80 of 80 structures successfully optimized (100.0% success)
> Total runtime for 80 optimizations:
 * wall-time:     0 d,  0 h,  0 min,  5.230 sec
 *  cpu-time:     0 d,  0 h,  1 min, 15.962 sec
 * ratio c/w:    14.525 speedup
> Corresponding to approximately 0.065 sec per processed structure

CREGEN> running RMSDs ... done.
CREGEN> E lowest :   -40.13521
 33 structures remain within     6.00 kcal/mol window
appending new structures to crest_rotamers_2.xyz
CREGEN> running RMSDs ... done.
CREGEN> E lowest :   -40.13521


   ================================================
   |           Final Geometry Optimization        |
   ================================================
 Optimizing all 229 structures from file "crest_rotamers_3.xyz" ...
 ---------------------------------------
 optimization with very tight thresholds
 ---------------------------------------
 Optimization engine: ANCOPT
 Hessian update type: BFGS
 E/G convergence criteria:  0.100E-06 Eh, 0.200E-03 Eh/a0
 maximum optimization steps: 200
 |>0.4% |>10.0% |>20.1% |>30.1% |>40.2% |>50.2% |>60.3% |>70.3% |>80.3% |>90.4% |>100.0%
 done.
> 229 of 229 structures successfully optimized (100.0% success)
> Total runtime for 229 optimizations:
 * wall-time:     0 d,  0 h,  0 min,  4.434 sec
 *  cpu-time:     0 d,  0 h,  1 min,  1.300 sec
 * ratio c/w:    13.826 speedup
> Corresponding to approximately 0.019 sec per processed structure

CREGEN> running RMSDs ... done.
CREGEN> E lowest :   -40.13521
 220 structures remain within     6.00 kcal/mol window


 --------------------------
 Final Ensemble Information
 --------------------------
 input  file name : crest_rotamers_3.xyz
 output file name : crest_rotamers_4.xyz
 number of atoms                :   23
 number of points on xyz files  :   229
 RMSD threshold                 :   0.1250
 Bconst threshold               :   0.0100
 population threshold           :   0.0500
 # fragment in coord            :     1
 # bonds in reference structure :    23
 number of reliable points      :   229
 sorting energy window (EWIN)   :    6.0000 / kcal*mol⁻¹
 reference state Etot           :  -40.135214949999998
 number of doubles removed by rot/RMSD         :           9
 total number unique points considered further :         220
       Erel/kcal        Etot weight/tot  conformer     set   degen     origin
       1   0.000   -40.13521    0.07890    0.47341       1       6
       2   0.000   -40.13521    0.07890
       3   0.000   -40.13521    0.07890
       4   0.000   -40.13521    0.07890
       5   0.000   -40.13521    0.07890
       6   0.000   -40.13521    0.07890
       7   0.443   -40.13451    0.03737    0.22424       2       6
       8   0.443   -40.13451    0.03737
       9   0.443   -40.13451    0.03737
      10   0.443   -40.13451    0.03737
      11   0.443   -40.13451    0.03737
      12   0.443   -40.13451    0.03737
      13   0.926   -40.13374    0.01655    0.09930       3       6
      14   0.926   -40.13374    0.01655
      15   0.926   -40.13374    0.01655
      16   0.926   -40.13374    0.01655
      17   0.926   -40.13374    0.01655
      18   0.926   -40.13374    0.01654
      19   1.371   -40.13303    0.00782    0.00782       4       1
      20   1.575   -40.13271    0.00554    0.03325       5       6
      21   1.575   -40.13271    0.00554
      22   1.575   -40.13271    0.00554
      23   1.575   -40.13271    0.00554
      24   1.575   -40.13271    0.00554
      25   1.575   -40.13270    0.00554
      26   1.603   -40.13266    0.00528    0.03170       6       6
      27   1.603   -40.13266    0.00528
      28   1.603   -40.13266    0.00528
      29   1.603   -40.13266    0.00528
      30   1.603   -40.13266    0.00528
      31   1.603   -40.13266    0.00528
      32   1.696   -40.13251    0.00452    0.02713       7       6
      33   1.696   -40.13251    0.00452
      34   1.696   -40.13251    0.00452
      35   1.696   -40.13251    0.00452
      36   1.696   -40.13251    0.00452
      37   1.696   -40.13251    0.00452
      38   1.886   -40.13221    0.00328    0.01969       8       6
      39   1.886   -40.13221    0.00328
      40   1.886   -40.13221    0.00328
      41   1.886   -40.13221    0.00328
      42   1.886   -40.13221    0.00328
      43   1.886   -40.13221    0.00328
      44   1.938   -40.13213    0.00300    0.01802       9       6
      45   1.938   -40.13213    0.00300
      46   1.938   -40.13213    0.00300
      47   1.938   -40.13213    0.00300
      48   1.938   -40.13213    0.00300
      49   1.938   -40.13213    0.00300
      50   1.969   -40.13208    0.00285    0.01426      10       5
      51   1.969   -40.13208    0.00285
      52   1.969   -40.13208    0.00285
      53   1.969   -40.13208    0.00285
      54   1.969   -40.13208    0.00285
      55   2.290   -40.13157    0.00166    0.00166      11       1
      56   2.364   -40.13145    0.00146    0.00732      12       5
      57   2.364   -40.13145    0.00146
      58   2.364   -40.13145    0.00146
      59   2.364   -40.13145    0.00146
      60   2.364   -40.13145    0.00146
      61   2.573   -40.13111    0.00103    0.00617      13       6
      62   2.573   -40.13111    0.00103
      63   2.573   -40.13111    0.00103
      64   2.573   -40.13111    0.00103
      65   2.573   -40.13111    0.00103
      66   2.574   -40.13111    0.00103
      67   2.628   -40.13103    0.00094    0.00563      14       6
      68   2.628   -40.13103    0.00094
      69   2.628   -40.13103    0.00094
      70   2.628   -40.13103    0.00094
      71   2.628   -40.13103    0.00094
      72   2.628   -40.13103    0.00094
      73   2.725   -40.13087    0.00080    0.00399      15       5
      74   2.725   -40.13087    0.00080
      75   2.725   -40.13087    0.00080
      76   2.725   -40.13087    0.00080
      77   2.725   -40.13087    0.00080
      78   2.742   -40.13085    0.00077    0.00310      16       4
      79   2.742   -40.13085    0.00077
      80   2.742   -40.13085    0.00077
      81   2.742   -40.13085    0.00077
      82   2.821   -40.13072    0.00068    0.00407      17       6
      83   2.821   -40.13072    0.00068
      84   2.821   -40.13072    0.00068
      85   2.821   -40.13072    0.00068
      86   2.821   -40.13072    0.00068
      87   2.823   -40.13072    0.00068
      88   2.867   -40.13065    0.00063    0.00314      18       5
      89   2.867   -40.13065    0.00063
      90   2.867   -40.13065    0.00063
      91   2.867   -40.13065    0.00063
      92   2.867   -40.13065    0.00063
      93   2.959   -40.13050    0.00054    0.00322      19       6
      94   2.959   -40.13050    0.00054
      95   2.959   -40.13050    0.00054
      96   2.959   -40.13050    0.00054
      97   2.959   -40.13050    0.00054
      98   2.959   -40.13050    0.00054
      99   3.150   -40.13020    0.00039    0.00195      20       5
     100   3.150   -40.13020    0.00039
     101   3.150   -40.13020    0.00039
     102   3.150   -40.13020    0.00039
     103   3.150   -40.13020    0.00039
     104   3.206   -40.13011    0.00035    0.00213      21       6
     105   3.206   -40.13011    0.00035
     106   3.206   -40.13011    0.00035
     107   3.206   -40.13011    0.00035
     108   3.206   -40.13011    0.00035
     109   3.206   -40.13011    0.00035
     110   3.281   -40.12999    0.00031    0.00094      22       3
     111   3.281   -40.12999    0.00031
     112   3.281   -40.12999    0.00031
     113   3.453   -40.12971    0.00023    0.00140      23       6
     114   3.453   -40.12971    0.00023
     115   3.453   -40.12971    0.00023
     116   3.453   -40.12971    0.00023
     117   3.453   -40.12971    0.00023
     118   3.454   -40.12971    0.00023
     119   3.587   -40.12950    0.00019    0.00112      24       6
     120   3.587   -40.12950    0.00019
     121   3.587   -40.12950    0.00019
     122   3.587   -40.12950    0.00019
     123   3.587   -40.12950    0.00019
     124   3.587   -40.12950    0.00019
     125   3.633   -40.12942    0.00017    0.00069      25       4
     126   3.633   -40.12942    0.00017
     127   3.634   -40.12942    0.00017
     128   3.634   -40.12942    0.00017
     129   3.706   -40.12931    0.00015    0.00046      26       3
     130   3.706   -40.12931    0.00015
     131   3.706   -40.12931    0.00015
     132   3.706   -40.12931    0.00015    0.00030      27       2
     133   3.706   -40.12931    0.00015
     134   3.830   -40.12911    0.00012    0.00062      28       5
     135   3.830   -40.12911    0.00012
     136   3.830   -40.12911    0.00012
     137   3.830   -40.12911    0.00012
     138   3.830   -40.12911    0.00012
     139   3.847   -40.12908    0.00012    0.00048      29       4
     140   3.847   -40.12908    0.00012
     141   3.847   -40.12908    0.00012
     142   3.847   -40.12908    0.00012
     143   3.937   -40.12894    0.00010    0.00010      30       1
     144   4.032   -40.12879    0.00009    0.00053      31       6
     145   4.032   -40.12879    0.00009
     146   4.032   -40.12879    0.00009
     147   4.032   -40.12879    0.00009
     148   4.032   -40.12879    0.00009
     149   4.032   -40.12879    0.00009
     150   4.074   -40.12872    0.00008    0.00049      32       6
     151   4.074   -40.12872    0.00008
     152   4.074   -40.12872    0.00008
     153   4.074   -40.12872    0.00008
     154   4.074   -40.12872    0.00008
     155   4.074   -40.12872    0.00008
     156   4.129   -40.12864    0.00007    0.00022      33       3
     157   4.129   -40.12864    0.00007
     158   4.129   -40.12864    0.00007
     159   4.159   -40.12859    0.00007    0.00014      34       2
     160   4.159   -40.12859    0.00007
     161   4.303   -40.12836    0.00006    0.00033      35       6
     162   4.303   -40.12836    0.00006
     163   4.303   -40.12836    0.00006
     164   4.303   -40.12836    0.00006
     165   4.303   -40.12836    0.00006
     166   4.303   -40.12836    0.00006
     167   4.369   -40.12825    0.00005    0.00010      36       2
     168   4.370   -40.12825    0.00005
     169   4.488   -40.12806    0.00004    0.00012      37       3
     170   4.488   -40.12806    0.00004
     171   4.488   -40.12806    0.00004
     172   4.516   -40.12802    0.00004    0.00004      38       1
     173   4.571   -40.12793    0.00004    0.00018      39       5
     174   4.571   -40.12793    0.00004
     175   4.571   -40.12793    0.00004
     176   4.571   -40.12793    0.00004
     177   4.571   -40.12793    0.00004
     178   4.689   -40.12774    0.00003    0.00003      40       1
     179   4.726   -40.12768    0.00003    0.00008      41       3
     180   4.726   -40.12768    0.00003
     181   4.726   -40.12768    0.00003
     182   4.748   -40.12765    0.00003    0.00008      42       3
     183   4.748   -40.12765    0.00003
     184   4.748   -40.12765    0.00003
     185   4.958   -40.12731    0.00002    0.00002      43       1
     186   5.002   -40.12724    0.00002    0.00007      44       4
     187   5.002   -40.12724    0.00002
     188   5.002   -40.12724    0.00002
     189   5.003   -40.12724    0.00002
     190   5.033   -40.12719    0.00002    0.00005      45       3
     191   5.033   -40.12719    0.00002
     192   5.034   -40.12719    0.00002
     193   5.043   -40.12718    0.00002    0.00003      46       2
     194   5.073   -40.12713    0.00002
     195   5.093   -40.12710    0.00001    0.00004      47       3
     196   5.093   -40.12710    0.00001
     197   5.093   -40.12710    0.00001
     198   5.112   -40.12707    0.00001    0.00001      48       1
     199   5.221   -40.12689    0.00001    0.00001      49       1
     200   5.315   -40.12674    0.00001    0.00002      50       2
     201   5.316   -40.12674    0.00001
     202   5.550   -40.12637    0.00001    0.00003      51       4
     203   5.551   -40.12637    0.00001
     204   5.551   -40.12637    0.00001
     205   5.551   -40.12637    0.00001
     206   5.587   -40.12631    0.00001    0.00001      52       2
     207   5.587   -40.12631    0.00001
     208   5.677   -40.12617    0.00001    0.00002      53       3
     209   5.678   -40.12617    0.00001
     210   5.678   -40.12617    0.00001
     211   5.830   -40.12592    0.00000    0.00003      54       6
     212   5.830   -40.12592    0.00000
     213   5.830   -40.12592    0.00000
     214   5.830   -40.12592    0.00000
     215   5.830   -40.12592    0.00000
     216   5.830   -40.12592    0.00000
     217   5.833   -40.12592    0.00000    0.00000      55       1
     218   5.965   -40.12571    0.00000    0.00001      56       2
     219   5.965   -40.12571    0.00000
     220   5.980   -40.12568    0.00000    0.00000      57       1
T /K                                  :   298.15
E lowest                              :   -40.13521
ensemble average energy (kcal)        :    0.599
ensemble entropy (J/mol K, cal/mol K) :   29.516    7.054
ensemble free energy (kcal/mol)       :   -2.103
population of lowest in %             :   47.341
 number of unique conformers for further calc           57
 list of relative energies saved as "crest.energies"

 -----------------
 Wall Time Summary
 -----------------
 CREST runtime (total)               0 d,  0 h,  3 min, 49.804 sec
 ------------------------------------------------------------------
 Trial metadynamics (MTD)   ...        0 min,  3.472 sec (  1.511%)
 Metadynamics (MTD)         ...        1 min,  6.759 sec ( 29.050%)
 Geometry optimization      ...        2 min, 15.783 sec ( 59.086%)
 Molecular dynamics (MD)    ...        0 min, 15.748 sec (  6.853%)
 Genetic crossing (GC)      ...        0 min,  7.639 sec (  3.324%)
 I/O and setup              ...        0 min,  0.403 sec (  0.175%)
 ------------------------------------------------------------------
 * wall-time:     0 d,  0 h,  3 min, 49.804 sec
 *  cpu-time:     0 d,  0 h, 55 min,  0.621 sec
 * ratio c/w:    14.363 speedup
 ------------------------------------------------------------------
 * Total number of energy+grad calls: 98271

 CREST terminated normally.
