
       ╔════════════════════════════════════════════════╗
       ║                                                ║
       ║     ██████╗██████╗ ███████╗███████╗████████╗   ║
       ║    ██╔════╝██╔══██╗██╔════╝██╔════╝╚══██╔══╝   ║
       ║    ██║     ██████╔╝█████╗  ███████╗   ██║      ║
       ║    ██║     ██╔══██╗██╔══╝  ╚════██║   ██║      ║
       ║    ╚██████╗██║  ██║███████╗███████║   ██║      ║
       ║     ╚═════╝╚═╝  ╚═╝╚══════╝╚══════╝   ╚═╝      ║
       ║                                                ║
       ║    Conformer-Rotamer Ensemble Sampling Tool    ║
       ║            based on the xTB methods            ║
       ║                                                ║
       ╚════════════════════════════════════════════════╝
        Version 3.0.2, Mon, 29 September 16:25:59, 09/29/2025
        commit (c39758d) compiled by 'andrey@PC1'

   Cite work conducted with this code as

   • P.Pracht, F.Bohle, S.Grimme, PCCP, 2020, 22, 7169-7192.
   • S.Grimme, JCTC, 2019, 15, 2847-2862.
   • P.Pracht, S.Grimme, C.Bannwarth, F.Bohle, S.Ehlert,
     G.Feldmann, J.Gorges, M.Müller, T.Neudecker, C.Plett,
     S.Spicher, P.Steinbach, P.Wesołowski, F.Zeller,
     J. Chem. Phys., 2024, 160, 114110.

   for works involving QCG cite

   • S.Spicher, C.Plett, P.Pracht, A.Hansen, S.Grimme,
     JCTC, 2022, 18 (5), 3174-3189.
   • C.Plett, S. Grimme,
     Angew. Chem. Int. Ed. 2023, 62, e202214477.

   for works involving MECP screening cite

   • P.Pracht, C.Bannwarth, JCTC, 2022, 18 (10), 6370-6385.

   Original code
     P.Pracht, S.Grimme, Universität Bonn, MCTC
   with help from (alphabetical order):
     C.Bannwarth, F.Bohle, S.Ehlert, G.Feldmann, J.Gorges,
     S.Grimme, C.Plett, P.Pracht, S.Spicher, P.Steinbach,
     P.Wesolowski, F.Zeller

   Online documentation is available at
   https://crest-lab.github.io/crest-docs/

   This program is distributed in the hope that it will be useful,
   but WITHOUT ANY WARRANTY; without even the implied warranty of
   MERCHANTABILITY or FITNESS FOR A PARTICULAR PURPOSE. See the
   GNU Lesser General Public License (LGPL) for more details.

 Command line input:
 $ ./crest m1_00_Vitamin_C-uni_conformers-CLUST_4_gfn1_opt.xyz --T 16 --gfn1

  --T 16 (CPUs/Threads selected)
  --gfn1               : Use of GFN1-xTB requested.

> Setting up backup calculator ... done.
 ----------------
 Calculation info
 ----------------
> User-defined calculation level:
 : xTB calculation via tblite lib
 : GFN1-xTB level
 :   Molecular charge    : 0
 :   Fermi temperature   : 300.00000
 :   Accuracy            : 1.00000
 :   max SCC cycles      : 500


 -----------------------------
 Initial Geometry Optimization
 -----------------------------
 Geometry successfully optimized.

          ┍━━━━━━━━━━━━━━━━━━━━━━━━━━━━━━━━━━━━━━━━━━━━━━━━━┑
          │              CREST iMTD-GC SAMPLING             │
          ┕━━━━━━━━━━━━━━━━━━━━━━━━━━━━━━━━━━━━━━━━━━━━━━━━━┙

 Input structure:
  20

 O         -0.1530006673        1.0228174013       -0.7140368726
 O         -1.3466892145       -1.1706216079        1.2030577930
 O          1.0198093140       -2.3325482095       -0.3677451096
 O         -2.6519538774        1.2480004778        0.4842448854
 O          2.9555880722       -0.0814942499        0.6435332458
 O          1.4253724609        2.4001405215        0.1217101137
 C         -0.3616694623       -0.3706571491       -0.8975650079
 C         -1.6211865214       -0.9057239070       -0.1472047879
 C          0.9121927264       -0.9778276219       -0.3782905367
 C         -2.8187943530        0.0654082669       -0.2365223435
 C          1.7197776442       -0.0133139343        0.0821589400
 C          1.0562941719        1.2957644945       -0.1308055207
 H         -0.4945444530       -0.5537796679       -1.9740582278
 H         -1.9044078956       -1.8387288285       -0.6692421289
 H         -3.0145511537        0.2611400432       -1.3064872027
 H         -3.6905763525       -0.4479101991        0.1867186894
 H         -0.7476122575       -1.9254875325        1.2828753465
 H          1.8953455073       -2.6233522106       -0.0795209592
 H         -1.8055227695        1.6645519200        0.2597472252
 H          3.2011979268       -0.9793274564        0.8972123599

 ------------------------------------------------
 Generating MTD length from a flexibility measure
 ------------------------------------------------
 Calculating GFN0-xTB WBOs   ... done.
 Calculating NCI flexibility ... done.
     covalent flexibility measure :   0.317
 non-covalent flexibility measure :   0.752
 flexibility measure :   0.371
 t(MTD) / ps    :     5.0
 Σ(t(MTD)) / ps :    70.0 (14 MTDs)

 -----------------------------------
 Starting trial MTD to test settings
 -----------------------------------
 Trial MTD 1 runtime (1.0 ps) ...        0 min,  2.495 sec
 Estimated runtime for one MTD (5.0 ps) on a single thread: 12 sec
 Estimated runtime for a batch of 14 MTDs on 16 threads: 12 sec

********************************************************************************
**                    N E W   I T E R A T I O N  C Y C L E                    **
********************************************************************************

 ------------------------------
 Meta-Dynamics Iteration 1
 ------------------------------
 list of applied metadynamics Vbias parameters:
$metadyn    0.06000   1.300
$metadyn    0.03000   1.300
$metadyn    0.01500   1.300
$metadyn    0.06000   0.780
$metadyn    0.03000   0.780
$metadyn    0.01500   0.780
$metadyn    0.06000   0.468
$metadyn    0.03000   0.468
$metadyn    0.01500   0.468
$metadyn    0.06000   0.281
$metadyn    0.03000   0.281
$metadyn    0.01500   0.281
$metadyn    0.02000   0.100
$metadyn    0.10000   0.800

  ::::::::::::: starting MTD    1 :::::::::::::
  |   MD simulation time   :     5.0 ps       |
  |   target T             :   300.0 K        |
  |   timestep dt          :     5.0 fs       |
  |   dump interval(trj)   :   100.0 fs       |
  |   SHAKE algorithm      : true (all bonds) |
  |   dump interval(Vbias) :    1.00 ps       |
  |   Vbias prefactor (k)  :  0.0600 Eh       |
  |   Vbias exponent (α)   :  1.3000 bohr⁻²   |
  ::::::::::::: starting MTD   11 :::::::::::::
  |   MD simulation time   :     5.0 ps       |
  |   target T             :   300.0 K        |
  |   timestep dt          :     5.0 fs       |
  |   dump interval(trj)   :   100.0 fs       |
  |   SHAKE algorithm      : true (all bonds) |
  |   dump interval(Vbias) :    1.00 ps       |
  |   Vbias prefactor (k)  :  0.0300 Eh       |
  |   Vbias exponent (α)   :  0.2808 bohr⁻²   |
  ::::::::::::: starting MTD    8 :::::::::::::
  |   MD simulation time   :     5.0 ps       |
  |   target T             :   300.0 K        |
  |   timestep dt          :     5.0 fs       |
  |   dump interval(trj)   :   100.0 fs       |
  |   SHAKE algorithm      : true (all bonds) |
  |   dump interval(Vbias) :    1.00 ps       |
  |   Vbias prefactor (k)  :  0.0300 Eh       |
  |   Vbias exponent (α)   :  0.4680 bohr⁻²   |
  ::::::::::::: starting MTD   14 :::::::::::::
  |   MD simulation time   :     5.0 ps       |
  |   target T             :   300.0 K        |
  |   timestep dt          :     5.0 fs       |
  |   dump interval(trj)   :   100.0 fs       |
  |   SHAKE algorithm      : true (all bonds) |
  |   dump interval(Vbias) :    1.00 ps       |
  |   Vbias prefactor (k)  :  0.1000 Eh       |
  |   Vbias exponent (α)   :  0.8000 bohr⁻²   |
  ::::::::::::: starting MTD    3 :::::::::::::
  |   MD simulation time   :     5.0 ps       |
  |   target T             :   300.0 K        |
  |   timestep dt          :     5.0 fs       |
  |   dump interval(trj)   :   100.0 fs       |
  |   SHAKE algorithm      : true (all bonds) |
  |   dump interval(Vbias) :    1.00 ps       |
  |   Vbias prefactor (k)  :  0.0150 Eh       |
  |   Vbias exponent (α)   :  1.3000 bohr⁻²   |
  ::::::::::::: starting MTD   10 :::::::::::::
  |   MD simulation time   :     5.0 ps       |
  |   target T             :   300.0 K        |
  |   timestep dt          :     5.0 fs       |
  |   dump interval(trj)   :   100.0 fs       |
  |   SHAKE algorithm      : true (all bonds) |
  |   dump interval(Vbias) :    1.00 ps       |
  |   Vbias prefactor (k)  :  0.0600 Eh       |
  |   Vbias exponent (α)   :  0.2808 bohr⁻²   |
  ::::::::::::: starting MTD    6 :::::::::::::
  |   MD simulation time   :     5.0 ps       |
  |   target T             :   300.0 K        |
  |   timestep dt          :     5.0 fs       |
  |   dump interval(trj)   :   100.0 fs       |
  |   SHAKE algorithm      : true (all bonds) |
  |   dump interval(Vbias) :    1.00 ps       |
  |   Vbias prefactor (k)  :  0.0150 Eh       |
  |   Vbias exponent (α)   :  0.7800 bohr⁻²   |
  ::::::::::::: starting MTD    9 :::::::::::::
  |   MD simulation time   :     5.0 ps       |
  |   target T             :   300.0 K        |
  |   timestep dt          :     5.0 fs       |
  |   dump interval(trj)   :   100.0 fs       |
  |   SHAKE algorithm      : true (all bonds) |
  |   dump interval(Vbias) :    1.00 ps       |
  |   Vbias prefactor (k)  :  0.0150 Eh       |
  |   Vbias exponent (α)   :  0.4680 bohr⁻²   |
  ::::::::::::: starting MTD   12 :::::::::::::
  |   MD simulation time   :     5.0 ps       |
  |   target T             :   300.0 K        |
  |   timestep dt          :     5.0 fs       |
  |   dump interval(trj)   :   100.0 fs       |
  |   SHAKE algorithm      : true (all bonds) |
  |   dump interval(Vbias) :    1.00 ps       |
  |   Vbias prefactor (k)  :  0.0150 Eh       |
  |   Vbias exponent (α)   :  0.2808 bohr⁻²   |
  ::::::::::::: starting MTD   13 :::::::::::::
  |   MD simulation time   :     5.0 ps       |
  |   target T             :   300.0 K        |
  |   timestep dt          :     5.0 fs       |
  |   dump interval(trj)   :   100.0 fs       |
  |   SHAKE algorithm      : true (all bonds) |
  |   dump interval(Vbias) :    1.00 ps       |
  |   Vbias prefactor (k)  :  0.0200 Eh       |
  |   Vbias exponent (α)   :  0.1000 bohr⁻²   |
  ::::::::::::: starting MTD    4 :::::::::::::
  |   MD simulation time   :     5.0 ps       |
  |   target T             :   300.0 K        |
  |   timestep dt          :     5.0 fs       |
  |   dump interval(trj)   :   100.0 fs       |
  |   SHAKE algorithm      : true (all bonds) |
  |   dump interval(Vbias) :    1.00 ps       |
  |   Vbias prefactor (k)  :  0.0600 Eh       |
  |   Vbias exponent (α)   :  0.7800 bohr⁻²   |
  ::::::::::::: starting MTD    7 :::::::::::::
  |   MD simulation time   :     5.0 ps       |
  |   target T             :   300.0 K        |
  |   timestep dt          :     5.0 fs       |
  |   dump interval(trj)   :   100.0 fs       |
  |   SHAKE algorithm      : true (all bonds) |
  |   dump interval(Vbias) :    1.00 ps       |
  |   Vbias prefactor (k)  :  0.0600 Eh       |
  |   Vbias exponent (α)   :  0.4680 bohr⁻²   |
  ::::::::::::: starting MTD    5 :::::::::::::
  |   MD simulation time   :     5.0 ps       |
  |   target T             :   300.0 K        |
  |   timestep dt          :     5.0 fs       |
  |   dump interval(trj)   :   100.0 fs       |
  |   SHAKE algorithm      : true (all bonds) |
  |   dump interval(Vbias) :    1.00 ps       |
  |   Vbias prefactor (k)  :  0.0300 Eh       |
  |   Vbias exponent (α)   :  0.7800 bohr⁻²   |
  ::::::::::::: starting MTD    2 :::::::::::::
  |   MD simulation time   :     5.0 ps       |
  |   target T             :   300.0 K        |
  |   timestep dt          :     5.0 fs       |
  |   dump interval(trj)   :   100.0 fs       |
  |   SHAKE algorithm      : true (all bonds) |
  |   dump interval(Vbias) :    1.00 ps       |
  |   Vbias prefactor (k)  :  0.0300 Eh       |
  |   Vbias exponent (α)   :  1.3000 bohr⁻²   |
*MTD   7 completed successfully ...        0 min, 21.913 sec
*MTD   2 completed successfully ...        0 min, 21.937 sec
*MTD   3 completed successfully ...        0 min, 21.938 sec
*MTD   6 completed successfully ...        0 min, 21.968 sec
*MTD  14 completed successfully ...        0 min, 22.002 sec
*MTD  12 completed successfully ...        0 min, 22.008 sec
*MTD   5 completed successfully ...        0 min, 22.019 sec
*MTD   1 completed successfully ...        0 min, 22.024 sec
*MTD  10 completed successfully ...        0 min, 22.030 sec
*MTD   8 completed successfully ...        0 min, 22.051 sec
*MTD  13 completed successfully ...        0 min, 22.053 sec
*MTD   9 completed successfully ...        0 min, 22.055 sec
*MTD   4 completed successfully ...        0 min, 22.074 sec
*MTD  11 completed successfully ...        0 min, 22.100 sec

 ======================================
 |  Multilevel Ensemble Optimization  |
 ======================================
 Optimizing all 686 structures from file "crest_dynamics.trj" ...
 ----------------------
 crude pre-optimization
 ----------------------
 Optimization engine: ANCOPT
 Hessian update type: BFGS
 E/G convergence criteria:  0.500E-03 Eh, 0.100E-01 Eh/a0
 maximum optimization steps: 200
 |>0.1% |>10.1% |>20.1% |>30.0% |>40.1% |>50.0% |>60.1% |>70.1% |>80.0% |>90.1% |>100.0%
 done.
> 686 of 686 structures successfully optimized (100.0% success)
> Total runtime for 686 optimizations:
 * wall-time:     0 d,  0 h,  0 min, 12.703 sec
 *  cpu-time:     0 d,  0 h,  3 min,  8.109 sec
 * ratio c/w:    14.808 speedup
> Corresponding to approximately 0.019 sec per processed structure

CREGEN> running RMSDs ... done.
CREGEN> E lowest :   -45.20409
 421 structures remain within    12.00 kcal/mol window
 ----------------------------------
 optimization with tight thresholds
 ----------------------------------
 Optimization engine: ANCOPT
 Hessian update type: BFGS
 E/G convergence criteria:  0.100E-05 Eh, 0.800E-03 Eh/a0
 maximum optimization steps: 200
 |>0.2% |>10.2% |>20.2% |>30.2% |>40.1% |>50.1% |>60.1% |>70.1% |>80.0% |>90.0% |>100.0%
 done.
> 421 of 421 structures successfully optimized (100.0% success)
> Total runtime for 421 optimizations:
 * wall-time:     0 d,  0 h,  0 min, 17.124 sec
 *  cpu-time:     0 d,  0 h,  4 min,  9.430 sec
 * ratio c/w:    14.566 speedup
> Corresponding to approximately 0.041 sec per processed structure

CREGEN> running RMSDs ... done.
CREGEN> E lowest :   -45.20421
 60 structures remain within     6.00 kcal/mol window

 ------------------------------
 Meta-Dynamics Iteration 2
 ------------------------------
 list of applied metadynamics Vbias parameters:
$metadyn    0.06000   1.300
$metadyn    0.03000   1.300
$metadyn    0.01500   1.300
$metadyn    0.06000   0.780
$metadyn    0.03000   0.780
$metadyn    0.01500   0.780
$metadyn    0.06000   0.468
$metadyn    0.03000   0.468
$metadyn    0.01500   0.468
$metadyn    0.06000   0.281
$metadyn    0.03000   0.281
$metadyn    0.01500   0.281
$metadyn    0.02000   0.100
$metadyn    0.10000   0.800

  ::::::::::::: starting MTD    3 :::::::::::::
  |   MD simulation time   :     5.0 ps       |
  |   target T             :   300.0 K        |
  |   timestep dt          :     5.0 fs       |
  |   dump interval(trj)   :   100.0 fs       |
  |   SHAKE algorithm      : true (all bonds) |
  |   dump interval(Vbias) :    1.00 ps       |
  |   Vbias prefactor (k)  :  0.0150 Eh       |
  |   Vbias exponent (α)   :  1.3000 bohr⁻²   |
  ::::::::::::: starting MTD    7 :::::::::::::
  |   MD simulation time   :     5.0 ps       |
  |   target T             :   300.0 K        |
  |   timestep dt          :     5.0 fs       |
  |   dump interval(trj)   :   100.0 fs       |
  |   SHAKE algorithm      : true (all bonds) |
  |   dump interval(Vbias) :    1.00 ps       |
  |   Vbias prefactor (k)  :  0.0600 Eh       |
  |   Vbias exponent (α)   :  0.4680 bohr⁻²   |
  ::::::::::::: starting MTD    5 :::::::::::::
  |   MD simulation time   :     5.0 ps       |
  |   target T             :   300.0 K        |
  |   timestep dt          :     5.0 fs       |
  |   dump interval(trj)   :   100.0 fs       |
  |   SHAKE algorithm      : true (all bonds) |
  |   dump interval(Vbias) :    1.00 ps       |
  |   Vbias prefactor (k)  :  0.0300 Eh       |
  |   Vbias exponent (α)   :  0.7800 bohr⁻²   |
  ::::::::::::: starting MTD   13 :::::::::::::
  |   MD simulation time   :     5.0 ps       |
  |   target T             :   300.0 K        |
  |   timestep dt          :     5.0 fs       |
  |   dump interval(trj)   :   100.0 fs       |
  |   SHAKE algorithm      : true (all bonds) |
  |   dump interval(Vbias) :    1.00 ps       |
  |   Vbias prefactor (k)  :  0.0200 Eh       |
  |   Vbias exponent (α)   :  0.1000 bohr⁻²   |
  ::::::::::::: starting MTD   12 :::::::::::::
  |   MD simulation time   :     5.0 ps       |
  |   target T             :   300.0 K        |
  |   timestep dt          :     5.0 fs       |
  |   dump interval(trj)   :   100.0 fs       |
  |   SHAKE algorithm      : true (all bonds) |
  |   dump interval(Vbias) :    1.00 ps       |
  |   Vbias prefactor (k)  :  0.0150 Eh       |
  |   Vbias exponent (α)   :  0.2808 bohr⁻²   |
  ::::::::::::: starting MTD   14 :::::::::::::
  |   MD simulation time   :     5.0 ps       |
  |   target T             :   300.0 K        |
  |   timestep dt          :     5.0 fs       |
  |   dump interval(trj)   :   100.0 fs       |
  |   SHAKE algorithm      : true (all bonds) |
  |   dump interval(Vbias) :    1.00 ps       |
  |   Vbias prefactor (k)  :  0.1000 Eh       |
  |   Vbias exponent (α)   :  0.8000 bohr⁻²   |
  ::::::::::::: starting MTD    9 :::::::::::::
  |   MD simulation time   :     5.0 ps       |
  |   target T             :   300.0 K        |
  |   timestep dt          :     5.0 fs       |
  |   dump interval(trj)   :   100.0 fs       |
  |   SHAKE algorithm      : true (all bonds) |
  |   dump interval(Vbias) :    1.00 ps       |
  |   Vbias prefactor (k)  :  0.0150 Eh       |
  |   Vbias exponent (α)   :  0.4680 bohr⁻²   |
  ::::::::::::: starting MTD   11 :::::::::::::
  |   MD simulation time   :     5.0 ps       |
  |   target T             :   300.0 K        |
  |   timestep dt          :     5.0 fs       |
  |   dump interval(trj)   :   100.0 fs       |
  |   SHAKE algorithm      : true (all bonds) |
  |   dump interval(Vbias) :    1.00 ps       |
  |   Vbias prefactor (k)  :  0.0300 Eh       |
  |   Vbias exponent (α)   :  0.2808 bohr⁻²   |
  ::::::::::::: starting MTD    2 :::::::::::::
  |   MD simulation time   :     5.0 ps       |
  |   target T             :   300.0 K        |
  |   timestep dt          :     5.0 fs       |
  |   dump interval(trj)   :   100.0 fs       |
  |   SHAKE algorithm      : true (all bonds) |
  |   dump interval(Vbias) :    1.00 ps       |
  |   Vbias prefactor (k)  :  0.0300 Eh       |
  |   Vbias exponent (α)   :  1.3000 bohr⁻²   |
  ::::::::::::: starting MTD    4 :::::::::::::
  |   MD simulation time   :     5.0 ps       |
  |   target T             :   300.0 K        |
  |   timestep dt          :     5.0 fs       |
  |   dump interval(trj)   :   100.0 fs       |
  |   SHAKE algorithm      : true (all bonds) |
  |   dump interval(Vbias) :    1.00 ps       |
  |   Vbias prefactor (k)  :  0.0600 Eh       |
  |   Vbias exponent (α)   :  0.7800 bohr⁻²   |
  ::::::::::::: starting MTD   10 :::::::::::::
  |   MD simulation time   :     5.0 ps       |
  |   target T             :   300.0 K        |
  |   timestep dt          :     5.0 fs       |
  |   dump interval(trj)   :   100.0 fs       |
  |   SHAKE algorithm      : true (all bonds) |
  |   dump interval(Vbias) :    1.00 ps       |
  |   Vbias prefactor (k)  :  0.0600 Eh       |
  |   Vbias exponent (α)   :  0.2808 bohr⁻²   |
  ::::::::::::: starting MTD    8 :::::::::::::
  |   MD simulation time   :     5.0 ps       |
  |   target T             :   300.0 K        |
  |   timestep dt          :     5.0 fs       |
  |   dump interval(trj)   :   100.0 fs       |
  |   SHAKE algorithm      : true (all bonds) |
  |   dump interval(Vbias) :    1.00 ps       |
  |   Vbias prefactor (k)  :  0.0300 Eh       |
  |   Vbias exponent (α)   :  0.4680 bohr⁻²   |
  ::::::::::::: starting MTD    1 :::::::::::::
  |   MD simulation time   :     5.0 ps       |
  |   target T             :   300.0 K        |
  |   timestep dt          :     5.0 fs       |
  |   dump interval(trj)   :   100.0 fs       |
  |   SHAKE algorithm      : true (all bonds) |
  |   dump interval(Vbias) :    1.00 ps       |
  |   Vbias prefactor (k)  :  0.0600 Eh       |
  |   Vbias exponent (α)   :  1.3000 bohr⁻²   |
  ::::::::::::: starting MTD    6 :::::::::::::
  |   MD simulation time   :     5.0 ps       |
  |   target T             :   300.0 K        |
  |   timestep dt          :     5.0 fs       |
  |   dump interval(trj)   :   100.0 fs       |
  |   SHAKE algorithm      : true (all bonds) |
  |   dump interval(Vbias) :    1.00 ps       |
  |   Vbias prefactor (k)  :  0.0150 Eh       |
  |   Vbias exponent (α)   :  0.7800 bohr⁻²   |
*MTD   6 completed successfully ...        0 min, 22.251 sec
*MTD  14 completed successfully ...        0 min, 22.307 sec
*MTD  12 completed successfully ...        0 min, 22.323 sec
*MTD   9 completed successfully ...        0 min, 22.329 sec
*MTD   5 completed successfully ...        0 min, 22.353 sec
*MTD   2 completed successfully ...        0 min, 22.363 sec
*MTD   1 completed successfully ...        0 min, 22.367 sec
*MTD  11 completed successfully ...        0 min, 22.391 sec
*MTD  10 completed successfully ...        0 min, 22.426 sec
*MTD   4 completed successfully ...        0 min, 22.473 sec
*MTD   7 completed successfully ...        0 min, 22.480 sec
*MTD   8 completed successfully ...        0 min, 22.513 sec
*MTD   3 completed successfully ...        0 min, 22.524 sec
*MTD  13 completed successfully ...        0 min, 22.545 sec

 ======================================
 |  Multilevel Ensemble Optimization  |
 ======================================
 Optimizing all 686 structures from file "crest_dynamics.trj" ...
 ----------------------
 crude pre-optimization
 ----------------------
 Optimization engine: ANCOPT
 Hessian update type: BFGS
 E/G convergence criteria:  0.500E-03 Eh, 0.100E-01 Eh/a0
 maximum optimization steps: 200
 |>0.1% |>10.1% |>20.1% |>30.0% |>40.1% |>50.0% |>60.1% |>70.1% |>80.0% |>90.1% |>100.0%
 done.
> 686 of 686 structures successfully optimized (100.0% success)
> Total runtime for 686 optimizations:
 * wall-time:     0 d,  0 h,  0 min, 13.092 sec
 *  cpu-time:     0 d,  0 h,  3 min, 13.412 sec
 * ratio c/w:    14.773 speedup
> Corresponding to approximately 0.019 sec per processed structure

CREGEN> running RMSDs ... done.
CREGEN> E lowest :   -45.20404
 433 structures remain within    12.00 kcal/mol window
 ----------------------------------
 optimization with tight thresholds
 ----------------------------------
 Optimization engine: ANCOPT
 Hessian update type: BFGS
 E/G convergence criteria:  0.100E-05 Eh, 0.800E-03 Eh/a0
 maximum optimization steps: 200
 |>0.2% |>10.2% |>20.1% |>30.0% |>40.2% |>50.1% |>60.0% |>70.2% |>80.1% |>90.1% |>100.0%
 done.
> 433 of 433 structures successfully optimized (100.0% success)
> Total runtime for 433 optimizations:
 * wall-time:     0 d,  0 h,  0 min, 15.196 sec
 *  cpu-time:     0 d,  0 h,  3 min, 42.713 sec
 * ratio c/w:    14.656 speedup
> Corresponding to approximately 0.035 sec per processed structure

CREGEN> running RMSDs ... done.
CREGEN> E lowest :   -45.20421
 63 structures remain within     6.00 kcal/mol window

========================================
           MTD Simulations done         
========================================
 Collecting ensmbles.
CREGEN> running RMSDs ... done.
CREGEN> E lowest :   -45.20421
 76 structures remain within     6.00 kcal/mol window


 ===============================================
 Additional regular MDs on lowest 4 conformer(s)
 ===============================================
  :::::::::::::: starting MD   1 ::::::::::::::
  |   MD simulation time   :     2.5 ps       |
  |   target T             :   400.0 K        |
  |   timestep dt          :     5.0 fs       |
  |   dump interval(trj)   :   100.0 fs       |
  |   SHAKE algorithm      : true (all bonds) |
  :::::::::::::: starting MD   2 ::::::::::::::
  |   MD simulation time   :     2.5 ps       |
  |   target T             :   400.0 K        |
  |   timestep dt          :     5.0 fs       |
  |   dump interval(trj)   :   100.0 fs       |
  |   SHAKE algorithm      : true (all bonds) |
  :::::::::::::: starting MD   3 ::::::::::::::
  |   MD simulation time   :     2.5 ps       |
  |   target T             :   400.0 K        |
  |   timestep dt          :     5.0 fs       |
  |   dump interval(trj)   :   100.0 fs       |
  |   SHAKE algorithm      : true (all bonds) |
  :::::::::::::: starting MD   6 ::::::::::::::
  |   MD simulation time   :     2.5 ps       |
  |   target T             :   500.0 K        |
  |   timestep dt          :     5.0 fs       |
  |   dump interval(trj)   :   100.0 fs       |
  |   SHAKE algorithm      : true (all bonds) |
  :::::::::::::: starting MD   8 ::::::::::::::
  |   MD simulation time   :     2.5 ps       |
  |   target T             :   500.0 K        |
  |   timestep dt          :     5.0 fs       |
  |   dump interval(trj)   :   100.0 fs       |
  |   SHAKE algorithm      : true (all bonds) |
  :::::::::::::: starting MD   5 ::::::::::::::
  |   MD simulation time   :     2.5 ps       |
  |   target T             :   500.0 K        |
  |   timestep dt          :     5.0 fs       |
  |   dump interval(trj)   :   100.0 fs       |
  |   SHAKE algorithm      : true (all bonds) |
  :::::::::::::: starting MD   4 ::::::::::::::
  |   MD simulation time   :     2.5 ps       |
  |   target T             :   400.0 K        |
  |   timestep dt          :     5.0 fs       |
  |   dump interval(trj)   :   100.0 fs       |
  |   SHAKE algorithm      : true (all bonds) |
  :::::::::::::: starting MD   7 ::::::::::::::
  |   MD simulation time   :     2.5 ps       |
  |   target T             :   500.0 K        |
  |   timestep dt          :     5.0 fs       |
  |   dump interval(trj)   :   100.0 fs       |
  |   SHAKE algorithm      : true (all bonds) |
*MD   8 completed successfully ...        0 min, 11.036 sec
*MD   3 completed successfully ...        0 min, 11.141 sec
*MD   4 completed successfully ...        0 min, 11.226 sec
*MD   1 completed successfully ...        0 min, 11.238 sec
*MD   6 completed successfully ...        0 min, 11.280 sec
*MD   2 completed successfully ...        0 min, 11.336 sec
*MD   5 completed successfully ...        0 min, 11.357 sec
*MD   7 completed successfully ...        0 min, 11.409 sec
 Appending file crest_rotamers_1.xyz with new structures
 Optimizing all 268 structures from file "crest_rotamers_1.xyz" ...
 ----------------------------------
 optimization with tight thresholds
 ----------------------------------
 Optimization engine: ANCOPT
 Hessian update type: BFGS
 E/G convergence criteria:  0.100E-05 Eh, 0.800E-03 Eh/a0
 maximum optimization steps: 200
 |>0.4% |>10.1% |>20.1% |>30.2% |>40.3% |>50.0% |>60.1% |>70.1% |>80.2% |>90.3% |>100.0%
 done.
> 268 of 268 structures successfully optimized (100.0% success)
> Total runtime for 268 optimizations:
 * wall-time:     0 d,  0 h,  0 min,  7.425 sec
 *  cpu-time:     0 d,  0 h,  1 min, 48.985 sec
 * ratio c/w:    14.677 speedup
> Corresponding to approximately 0.028 sec per processed structure

CREGEN> running RMSDs ... done.
CREGEN> E lowest :   -45.20421
 76 structures remain within     6.00 kcal/mol window

     ========================================
     |        Structure Crossing (GC)       |
     ========================================

 =============================
  # threads =          16
 =============================
input  file name : crest_rotamers_2.xyz
number of atoms                :      20
number of points on xyz files  :      76
conformer energy window  /kcal :    6.00
CN per atom difference cut-off :  0.3000
RMSD threshold (Ang, Bohr)     :  0.2500  0.4724
max. # of generated structures :      250
 # in E window          76
  11.7 % done
  36.0 % done
  61.0 % done
 finished.
 average rmsd w.r.t input     :     2.64233
 number of clash discarded    :        2697
 removed identical structures :          39

 114 structures written to confcross.xyz


 ======================================
 |  Multilevel Ensemble Optimization  |
 ======================================
 Optimizing all 114 structures from file "confcross.xyz" ...
 ----------------------
 crude pre-optimization
 ----------------------
 Optimization engine: ANCOPT
 Hessian update type: BFGS
 E/G convergence criteria:  0.500E-03 Eh, 0.100E-01 Eh/a0
 maximum optimization steps: 200
 |>0.9% |>10.5% |>20.2% |>30.7% |>40.4% |>50.0% |>60.5% |>70.2% |>80.7% |>90.4% |>100.0%
 done.
> 114 of 114 structures successfully optimized (100.0% success)
> Total runtime for 114 optimizations:
 * wall-time:     0 d,  0 h,  0 min,  1.144 sec
 *  cpu-time:     0 d,  0 h,  0 min, 16.626 sec
 * ratio c/w:    14.528 speedup
> Corresponding to approximately 0.010 sec per processed structure

CREGEN> running RMSDs ... done.
CREGEN> E lowest :   -45.20367
 83 structures remain within    12.00 kcal/mol window
 ----------------------------------
 optimization with tight thresholds
 ----------------------------------
 Optimization engine: ANCOPT
 Hessian update type: BFGS
 E/G convergence criteria:  0.100E-05 Eh, 0.800E-03 Eh/a0
 maximum optimization steps: 200
 |>1.2% |>10.8% |>20.5% |>30.1% |>41.0% |>50.6% |>60.2% |>71.1% |>80.7% |>90.4% |>100.0%
 done.
> 83 of 83 structures successfully optimized (100.0% success)
> Total runtime for 83 optimizations:
 * wall-time:     0 d,  0 h,  0 min,  2.002 sec
 *  cpu-time:     0 d,  0 h,  0 min, 21.450 sec
 * ratio c/w:    10.716 speedup
> Corresponding to approximately 0.024 sec per processed structure

CREGEN> running RMSDs ... done.
CREGEN> E lowest :   -45.20421
 61 structures remain within     6.00 kcal/mol window
appending new structures to crest_rotamers_2.xyz
CREGEN> running RMSDs ... done.
CREGEN> E lowest :   -45.20421


   ================================================
   |           Final Geometry Optimization        |
   ================================================
 Optimizing all 78 structures from file "crest_rotamers_3.xyz" ...
 ---------------------------------------
 optimization with very tight thresholds
 ---------------------------------------
 Optimization engine: ANCOPT
 Hessian update type: BFGS
 E/G convergence criteria:  0.100E-06 Eh, 0.200E-03 Eh/a0
 maximum optimization steps: 200
 |>1.3% |>10.3% |>20.5% |>30.8% |>41.0% |>50.0% |>60.3% |>70.5% |>80.8% |>91.0% |>100.0%
 done.
> 78 of 78 structures successfully optimized (100.0% success)
> Total runtime for 78 optimizations:
 * wall-time:     0 d,  0 h,  0 min,  1.686 sec
 *  cpu-time:     0 d,  0 h,  0 min, 13.547 sec
 * ratio c/w:     8.033 speedup
> Corresponding to approximately 0.022 sec per processed structure

CREGEN> running RMSDs ... done.
CREGEN> E lowest :   -45.20421
 73 structures remain within     6.00 kcal/mol window


 --------------------------
 Final Ensemble Information
 --------------------------
 input  file name : crest_rotamers_3.xyz
 output file name : crest_rotamers_4.xyz
 number of atoms                :   20
 number of points on xyz files  :   78
 RMSD threshold                 :   0.1250
 Bconst threshold               :   0.0100
 population threshold           :   0.0500
 # fragment in coord            :     1
 # bonds in reference structure :    20
 number of reliable points      :    78
 sorting energy window (EWIN)   :    6.0000 / kcal*mol⁻¹
 reference state Etot           :  -45.204207310000001
 number of doubles removed by rot/RMSD         :           5
 total number unique points considered further :          73
       Erel/kcal        Etot weight/tot  conformer     set   degen     origin
       1   0.000   -45.20421    0.27014    0.27014       1       1
       2   0.210   -45.20387    0.18972    0.18972       2       1
       3   0.830   -45.20288    0.06666    0.06666       3       1
       4   0.906   -45.20276    0.05864    0.05864       4       1
       5   0.922   -45.20274    0.05705    0.05705       5       1
       6   1.018   -45.20258    0.04849    0.04849       6       1
       7   1.080   -45.20249    0.04372    0.04372       7       1
       8   1.173   -45.20234    0.03737    0.03737       8       1
       9   1.194   -45.20231    0.03609    0.03609       9       1
      10   1.371   -45.20202    0.02675    0.02675      10       1
      11   1.570   -45.20171    0.01914    0.01914      11       1
      12   1.598   -45.20166    0.01825    0.01825      12       1
      13   1.608   -45.20164    0.01794    0.01794      13       1
      14   1.610   -45.20164    0.01790    0.01790      14       1
      15   1.665   -45.20155    0.01631    0.01631      15       1
      16   1.727   -45.20145    0.01468    0.01468      16       1
      17   1.758   -45.20141    0.01394    0.01394      17       1
      18   2.082   -45.20089    0.00807    0.00807      18       1
      19   2.394   -45.20039    0.00477    0.00477      19       1
      20   2.489   -45.20024    0.00406    0.00406      20       1
      21   2.491   -45.20024    0.00405    0.00405      21       1
      22   2.686   -45.19993    0.00291    0.00291      22       1
      23   2.691   -45.19992    0.00289    0.00289      23       1
      24   2.869   -45.19964    0.00214    0.00214      24       1
      25   2.870   -45.19963    0.00214    0.00214      25       1
      26   2.899   -45.19959    0.00203    0.00203      26       1
      27   3.009   -45.19941    0.00169    0.00169      27       1
      28   3.125   -45.19923    0.00139    0.00139      28       1
      29   3.309   -45.19893    0.00102    0.00102      29       1
      30   3.406   -45.19878    0.00086    0.00086      30       1
      31   3.518   -45.19860    0.00072    0.00072      31       1
      32   3.584   -45.19850    0.00064    0.00064      32       1
      33   3.606   -45.19846    0.00062    0.00062      33       1
      34   3.626   -45.19843    0.00060    0.00060      34       1
      35   3.673   -45.19835    0.00055    0.00055      35       1
      36   3.692   -45.19832    0.00053    0.00053      36       1
      37   3.849   -45.19807    0.00041    0.00041      37       1
      38   3.860   -45.19806    0.00040    0.00040      38       1
      39   3.877   -45.19803    0.00039    0.00039      39       1
      40   4.039   -45.19777    0.00030    0.00030      40       1
      41   4.056   -45.19774    0.00029    0.00029      41       1
      42   4.082   -45.19770    0.00028    0.00028      42       1
      43   4.114   -45.19765    0.00026    0.00026      43       1
      44   4.120   -45.19764    0.00026    0.00026      44       1
      45   4.144   -45.19760    0.00025    0.00025      45       1
      46   4.185   -45.19754    0.00023    0.00023      46       1
      47   4.254   -45.19743    0.00021    0.00021      47       1
      48   4.254   -45.19743    0.00021    0.00021      48       1
      49   4.294   -45.19736    0.00019    0.00019      49       1
      50   4.311   -45.19734    0.00019    0.00019      50       1
      51   4.380   -45.19723    0.00017    0.00017      51       1
      52   4.509   -45.19702    0.00013    0.00013      52       1
      53   4.515   -45.19701    0.00013    0.00013      53       1
      54   4.603   -45.19687    0.00011    0.00011      54       1
      55   4.612   -45.19686    0.00011    0.00011      55       1
      56   4.641   -45.19681    0.00011    0.00011      56       1
      57   4.682   -45.19675    0.00010    0.00010      57       1
      58   4.761   -45.19662    0.00009    0.00009      58       1
      59   4.785   -45.19658    0.00008    0.00008      59       1
      60   4.807   -45.19655    0.00008    0.00008      60       1
      61   4.821   -45.19653    0.00008    0.00008      61       1
      62   4.888   -45.19642    0.00007    0.00007      62       1
      63   4.908   -45.19639    0.00007    0.00007      63       1
      64   5.025   -45.19620    0.00006    0.00006      64       1
      65   5.040   -45.19618    0.00006    0.00006      65       1
      66   5.108   -45.19607    0.00005    0.00005      66       1
      67   5.323   -45.19572    0.00003    0.00003      67       1
      68   5.366   -45.19566    0.00003    0.00003      68       1
      69   5.443   -45.19553    0.00003    0.00003      69       1
      70   5.447   -45.19553    0.00003    0.00003      70       1
      71   5.735   -45.19507    0.00002    0.00002      71       1
      72   5.801   -45.19496    0.00002    0.00002      72       1
      73   5.893   -45.19482    0.00001    0.00001      73       1
T /K                                  :   298.15
E lowest                              :   -45.20421
ensemble average energy (kcal)        :    0.750
ensemble entropy (J/mol K, cal/mol K) :   21.393    5.113
ensemble free energy (kcal/mol)       :   -1.524
population of lowest in %             :   27.014
 number of unique conformers for further calc           73
 list of relative energies saved as "crest.energies"

 -----------------
 Wall Time Summary
 -----------------
 CREST runtime (total)               0 d,  0 h,  2 min, 11.016 sec
 ------------------------------------------------------------------
 Trial metadynamics (MTD)   ...        0 min,  2.496 sec (  1.905%)
 Metadynamics (MTD)         ...        0 min, 44.928 sec ( 34.292%)
 Geometry optimization      ...        1 min,  8.543 sec ( 52.316%)
 Molecular dynamics (MD)    ...        0 min, 11.419 sec (  8.716%)
 Genetic crossing (GC)      ...        0 min,  3.377 sec (  2.577%)
 I/O and setup              ...        0 min,  0.253 sec (  0.193%)
 ------------------------------------------------------------------
 * wall-time:     0 d,  0 h,  2 min, 11.016 sec
 *  cpu-time:     0 d,  0 h, 29 min, 23.946 sec
 * ratio c/w:    13.464 speedup
 ------------------------------------------------------------------
 * Total number of energy+grad calls: 84974

 CREST terminated normally.
