  51
 Etot=         -63.1161464155
 O          7.7225797701       -0.0346130687        0.6514556090
 C         -4.0307109249       -0.7652617644        0.6431696073
 C         -5.3208438726       -0.1219080193        1.1877431246
 C         -6.0659027732        0.6499425392        0.1033850275
 C         -3.1887903584        0.3017925175       -0.0549526704
 C         -5.1957128624        1.7982824539       -0.4023610921
 C         -3.7372333246        1.4397602889       -0.5222984932
 C         -4.3985510120       -1.8962736975       -0.3367211971
 C         -3.2769322872       -1.3545426778        1.8481505994
 C         -1.7428681376        0.1143686642       -0.1848709669
 C         -2.9074662947        2.4904719544       -1.2232224663
 C         -1.0822684141       -1.0306606785       -0.4517348561
 C          0.3549172155       -1.1673690405       -0.5628018144
 C          0.8547038533       -2.4460507535       -1.1920118396
 C          1.2220892346       -0.2222685253       -0.1123869638
 C          2.6500938957       -0.2996603613       -0.1923146441
 C          3.4571004601        0.6669334374        0.3037628604
 C          4.9092185365        0.6783269065        0.2681427502
 C          5.5789108100        1.6873641103        1.1679398513
 C          5.6152154340       -0.1534176397       -0.5179825972
 C          7.1155443336       -0.2232218855       -0.6149672947
 H         -5.0636816134        0.5626007317        2.0033194328
 H         -5.9680722736       -0.9021462024        1.5998769612
 H         -7.0012036830        1.0490238458        0.5068826415
 H         -6.3230873962       -0.0172566616       -0.7245947469
 H         -5.2755834961        2.6500868568        0.2855885108
 H         -5.5666276893        2.1426901569       -1.3739222485
 H         -5.1724922641       -2.5306956197        0.0979658495
 H         -4.7672040555       -1.4872362649       -1.2769201593
 H         -3.5349729377       -2.5222065548       -0.5554383625
 H         -3.9293193222       -2.0391646515        2.3918404223
 H         -2.3899288267       -1.9034480310        1.5364361950
 H         -2.9680056913       -0.5567508787        2.5244689998
 H         -1.1626530761        1.0283739371       -0.0788874294
 H         -3.5434745237        3.2746939534       -1.6338767944
 H         -2.3322555385        2.0521823359       -2.0401737837
 H         -2.2049213997        2.9557785804       -0.5274440851
 H         -1.6410769668       -1.9391983790       -0.6515915531
 H          0.0236393058       -3.0800176648       -1.5005050026
 H          1.4618825110       -2.2293242321       -2.0729741823
 H          1.4702481394       -3.0089439365       -0.4875330969
 H          0.8272533091        0.6708664685        0.3653118405
 H          3.0796550496       -1.1787678379       -0.6630187623
 H          2.9934950430        1.5166421224        0.8001978578
 H          6.4398708437        2.1400786633        0.6764390017
 H          5.9312216599        1.1984225107        2.0775126948
 H          4.8826076369        2.4773036742        1.4513848630
 H          5.1013868972       -0.8373624325       -1.1861451282
 H          7.4720904697        0.5460842682       -1.3263173377
 H          7.3988945569       -1.2059826451       -1.0280793746
 H          8.6819973674       -0.0238959267        0.5544088990
