  23
 Etot=         -40.1294246861
 O         -2.0244159511        1.6852085838        0.2391499760
 O          1.8003648892        2.2735232437       -0.5812883704
 O          2.8897425088       -1.7681604127        0.2168201704
 N         -1.1200330435       -1.7964909198       -0.1872886858
 C          0.1210736261        0.6727912480        0.1584364564
 C          0.8735777291       -0.4976905094        0.0307148534
 C         -1.2663368894        0.5541646180        0.1098961206
 C         -1.8566489382       -0.7002894338       -0.0650854742
 C          0.7648188708        2.0331351807        0.3522855948
 C          2.3831459746       -0.4561816206        0.0702188898
 C          0.2049247641       -1.7048334951       -0.1393264506
 C         -3.3511361647       -0.8694564664       -0.1262940683
 H          0.0000058865        2.8206930330        0.2908806928
 H          1.2275577442        2.0824775698        1.3468324686
 H          2.7570430103       -0.0010562987       -0.8620050866
 H          2.7138769628        0.1827527499        0.9058266921
 H          0.7557710037       -2.6332094644       -0.2391837751
 H         -3.7746109448       -0.2964552343       -0.9539666431
 H         -3.5857161148       -1.9225867481       -0.2730773205
 H         -3.8193355937       -0.5313344619        0.8005717434
 H         -2.9673774101        1.4786255949        0.1876417268
 H          1.4302653398        2.2978067195       -1.4728040760
 H          3.8540014782       -1.7456691674        0.2037707005
