  20
 Etot=         -45.1838397349
 O         -0.1530082124        1.0228155015       -0.7140468324
 O         -1.3466804485       -1.1706221187        1.2030572978
 O          1.0198074832       -2.3325506093       -0.3677396437
 O         -2.6519504382        1.2480054121        0.4842438399
 O          2.9555897824       -0.0814993774        0.6435256328
 O          1.4253701757        2.4001351003        0.1216983219
 C         -0.3616674531       -0.3706621473       -0.8975645586
 C         -1.6211934644       -0.9057175050       -0.1472083308
 C          0.9121998116       -0.9778234509       -0.3782997130
 C         -2.8187942268        0.0654028656       -0.2365237043
 C          1.7197786761       -0.0133132636        0.0821606256
 C          1.0562947665        1.2957706860       -0.1307975311
 H         -0.4945421924       -0.5537784718       -1.9740558202
 H         -1.9044074687       -1.8387261531       -0.6692447274
 H         -3.0145526767        0.2611465948       -1.3064859017
 H         -3.6905749931       -0.4479105881        0.1867211547
 H         -0.7476180446       -1.9254971002        1.2828706346
 H          1.8953436629       -2.6233493392       -0.0795170429
 H         -1.8055148238        1.6645419651        0.2597613412
 H          3.2011889305       -0.9793174505        0.8972248587
