  23
 Etot=         -40.1345087064
 O         -1.6845106463        1.6842159986        0.0733417051
 O          0.7446743427        2.7403132195       -0.2470886514
 O          3.1192465947       -0.6243467960       -0.6355136219
 N         -1.3160724046       -1.8698367077       -0.0689055304
 C          0.3397775943        0.3679804544        0.2256725932
 C          0.8654518316       -0.9319001906        0.2348035177
 C         -1.0423525977        0.4926354209        0.0770788471
 C         -1.8382026486       -0.6544418365       -0.0708039510
 C          1.2254312483        1.5867375100        0.4268865341
 C          2.3502883789       -1.1958520635        0.4066294577
 C         -0.0001586691       -2.0060628050        0.0801912971
 C         -3.3235574399       -0.5221992719       -0.2294265490
 H          1.2470289500        1.8433361828        1.4946708860
 H          2.2530864456        1.3742414580        0.1059396627
 H          2.7116692726       -0.7483807863        1.3409127064
 H          2.5245749839       -2.2829165453        0.4604922511
 H          0.3806062791       -3.0235347695        0.0810569640
 H         -3.7718212112       -1.5044831511       -0.3681287943
 H         -3.7546158435       -0.0494765523        0.6546605909
 H         -3.5554247228        0.1092635221       -1.0885372070
 H         -1.0296205840        2.4119160767        0.0932707188
 H          0.8331385398        2.6149872234       -1.2006450740
 H          2.8158966319       -0.9656384009       -1.4862981763
