
       ╔════════════════════════════════════════════════╗
       ║                                                ║
       ║     ██████╗██████╗ ███████╗███████╗████████╗   ║
       ║    ██╔════╝██╔══██╗██╔════╝██╔════╝╚══██╔══╝   ║
       ║    ██║     ██████╔╝█████╗  ███████╗   ██║      ║
       ║    ██║     ██╔══██╗██╔══╝  ╚════██║   ██║      ║
       ║    ╚██████╗██║  ██║███████╗███████║   ██║      ║
       ║     ╚═════╝╚═╝  ╚═╝╚══════╝╚══════╝   ╚═╝      ║
       ║                                                ║
       ║    Conformer-Rotamer Ensemble Sampling Tool    ║
       ║            based on the xTB methods            ║
       ║                                                ║
       ╚════════════════════════════════════════════════╝
        Version 3.0.2, Mon, 29 September 16:25:59, 09/29/2025
        commit (c39758d) compiled by 'andrey@PC1'

   Cite work conducted with this code as

   • P.Pracht, F.Bohle, S.Grimme, PCCP, 2020, 22, 7169-7192.
   • S.Grimme, JCTC, 2019, 15, 2847-2862.
   • P.Pracht, S.Grimme, C.Bannwarth, F.Bohle, S.Ehlert,
     G.Feldmann, J.Gorges, M.Müller, T.Neudecker, C.Plett,
     S.Spicher, P.Steinbach, P.Wesołowski, F.Zeller,
     J. Chem. Phys., 2024, 160, 114110.

   for works involving QCG cite

   • S.Spicher, C.Plett, P.Pracht, A.Hansen, S.Grimme,
     JCTC, 2022, 18 (5), 3174-3189.
   • C.Plett, S. Grimme,
     Angew. Chem. Int. Ed. 2023, 62, e202214477.

   for works involving MECP screening cite

   • P.Pracht, C.Bannwarth, JCTC, 2022, 18 (10), 6370-6385.

   Original code
     P.Pracht, S.Grimme, Universität Bonn, MCTC
   with help from (alphabetical order):
     C.Bannwarth, F.Bohle, S.Ehlert, G.Feldmann, J.Gorges,
     S.Grimme, C.Plett, P.Pracht, S.Spicher, P.Steinbach,
     P.Wesolowski, F.Zeller

   Online documentation is available at
   https://crest-lab.github.io/crest-docs/

   This program is distributed in the hope that it will be useful,
   but WITHOUT ANY WARRANTY; without even the implied warranty of
   MERCHANTABILITY or FITNESS FOR A PARTICULAR PURPOSE. See the
   GNU Lesser General Public License (LGPL) for more details.

 Command line input:
 $ ./crest m1_00_Vitamin_B6-uni_conformers-CLUST_3_gfn1_opt.xyz --T 16 --gfn1

  --T 16 (CPUs/Threads selected)
  --gfn1               : Use of GFN1-xTB requested.

> Setting up backup calculator ... done.
 ----------------
 Calculation info
 ----------------
> User-defined calculation level:
 : xTB calculation via tblite lib
 : GFN1-xTB level
 :   Molecular charge    : 0
 :   Fermi temperature   : 300.00000
 :   Accuracy            : 1.00000
 :   max SCC cycles      : 500


 -----------------------------
 Initial Geometry Optimization
 -----------------------------
 Geometry successfully optimized.

          ┍━━━━━━━━━━━━━━━━━━━━━━━━━━━━━━━━━━━━━━━━━━━━━━━━━┑
          │              CREST iMTD-GC SAMPLING             │
          ┕━━━━━━━━━━━━━━━━━━━━━━━━━━━━━━━━━━━━━━━━━━━━━━━━━┙

 Input structure:
  23

 O         -2.0244127657        1.6852034740        0.2391472422
 O          1.8003669123        2.2735274771       -0.5812920255
 O          2.8897252615       -1.7681612091        0.2168252867
 N         -1.1200365727       -1.7964910076       -0.1872899549
 C          0.1210727176        0.6727869737        0.1584413779
 C          0.8735825813       -0.4976969371        0.0307015684
 C         -1.2663394331        0.5541615132        0.1098997574
 C         -1.8566523414       -0.7002897133       -0.0650810476
 C          0.7648220624        2.0331328708        0.3522866477
 C          2.3831515275       -0.4561717963        0.0702248635
 C          0.2049263484       -1.7048329742       -0.1393336700
 C         -3.3511359310       -0.8694558429       -0.1262958852
 H          0.0000088574        2.8206924305        0.2908812736
 H          1.2275566511        2.0824800519        1.3468331119
 H          2.7570380291       -0.0010558367       -0.8620071644
 H          2.7138820966        0.1827526721        0.9058291578
 H          0.7557718920       -2.6332087988       -0.2391775713
 H         -3.7746102765       -0.2964531348       -0.9539669134
 H         -3.5857134567       -1.9225867956       -0.2730786270
 H         -3.8193361276       -0.5313357698        0.8005740664
 H         -2.9673777282        1.4786263839        0.1876412716
 H          1.4302656099        2.2978069151       -1.4728044108
 H          3.8540028234       -1.7456666370        0.2037677800

 ------------------------------------------------
 Generating MTD length from a flexibility measure
 ------------------------------------------------
 Calculating GFN0-xTB WBOs   ... done.
 Calculating NCI flexibility ... done.
     covalent flexibility measure :   0.164
 non-covalent flexibility measure :   0.786
 flexibility measure :   0.241
 t(MTD) / ps    :     5.0
 Σ(t(MTD)) / ps :    70.0 (14 MTDs)

 -----------------------------------
 Starting trial MTD to test settings
 -----------------------------------
 Trial MTD 1 runtime (1.0 ps) ...        0 min,  2.875 sec
 Estimated runtime for one MTD (5.0 ps) on a single thread: 14 sec
 Estimated runtime for a batch of 14 MTDs on 16 threads: 14 sec

********************************************************************************
**                    N E W   I T E R A T I O N  C Y C L E                    **
********************************************************************************

 ------------------------------
 Meta-Dynamics Iteration 1
 ------------------------------
 list of applied metadynamics Vbias parameters:
$metadyn    0.06900   1.300
$metadyn    0.03450   1.300
$metadyn    0.01725   1.300
$metadyn    0.06900   0.780
$metadyn    0.03450   0.780
$metadyn    0.01725   0.780
$metadyn    0.06900   0.468
$metadyn    0.03450   0.468
$metadyn    0.01725   0.468
$metadyn    0.06900   0.281
$metadyn    0.03450   0.281
$metadyn    0.01725   0.281
$metadyn    0.02300   0.100
$metadyn    0.11500   0.800

  ::::::::::::: starting MTD    1 :::::::::::::
  |   MD simulation time   :     5.0 ps       |
  |   target T             :   300.0 K        |
  |   timestep dt          :     5.0 fs       |
  |   dump interval(trj)   :   100.0 fs       |
  |   SHAKE algorithm      : true (all bonds) |
  |   dump interval(Vbias) :    1.00 ps       |
  |   Vbias prefactor (k)  :  0.0690 Eh       |
  |   Vbias exponent (α)   :  1.3000 bohr⁻²   |
  ::::::::::::: starting MTD    4 :::::::::::::
  |   MD simulation time   :     5.0 ps       |
  |   target T             :   300.0 K        |
  |   timestep dt          :     5.0 fs       |
  |   dump interval(trj)   :   100.0 fs       |
  |   SHAKE algorithm      : true (all bonds) |
  |   dump interval(Vbias) :    1.00 ps       |
  |   Vbias prefactor (k)  :  0.0690 Eh       |
  |   Vbias exponent (α)   :  0.7800 bohr⁻²   |
  ::::::::::::: starting MTD   13 :::::::::::::
  |   MD simulation time   :     5.0 ps       |
  |   target T             :   300.0 K        |
  |   timestep dt          :     5.0 fs       |
  |   dump interval(trj)   :   100.0 fs       |
  |   SHAKE algorithm      : true (all bonds) |
  |   dump interval(Vbias) :    1.00 ps       |
  |   Vbias prefactor (k)  :  0.0230 Eh       |
  |   Vbias exponent (α)   :  0.1000 bohr⁻²   |
  ::::::::::::: starting MTD    7 :::::::::::::
  |   MD simulation time   :     5.0 ps       |
  |   target T             :   300.0 K        |
  |   timestep dt          :     5.0 fs       |
  |   dump interval(trj)   :   100.0 fs       |
  |   SHAKE algorithm      : true (all bonds) |
  |   dump interval(Vbias) :    1.00 ps       |
  |   Vbias prefactor (k)  :  0.0690 Eh       |
  |   Vbias exponent (α)   :  0.4680 bohr⁻²   |
  ::::::::::::: starting MTD    3 :::::::::::::
  |   MD simulation time   :     5.0 ps       |
  |   target T             :   300.0 K        |
  |   timestep dt          :     5.0 fs       |
  |   dump interval(trj)   :   100.0 fs       |
  |   SHAKE algorithm      : true (all bonds) |
  |   dump interval(Vbias) :    1.00 ps       |
  |   Vbias prefactor (k)  :  0.0173 Eh       |
  |   Vbias exponent (α)   :  1.3000 bohr⁻²   |
  ::::::::::::: starting MTD    5 :::::::::::::
  |   MD simulation time   :     5.0 ps       |
  |   target T             :   300.0 K        |
  |   timestep dt          :     5.0 fs       |
  |   dump interval(trj)   :   100.0 fs       |
  |   SHAKE algorithm      : true (all bonds) |
  |   dump interval(Vbias) :    1.00 ps       |
  |   Vbias prefactor (k)  :  0.0345 Eh       |
  |   Vbias exponent (α)   :  0.7800 bohr⁻²   |
  ::::::::::::: starting MTD    2 :::::::::::::
  |   MD simulation time   :     5.0 ps       |
  |   target T             :   300.0 K        |
  |   timestep dt          :     5.0 fs       |
  |   dump interval(trj)   :   100.0 fs       |
  |   SHAKE algorithm      : true (all bonds) |
  |   dump interval(Vbias) :    1.00 ps       |
  |   Vbias prefactor (k)  :  0.0345 Eh       |
  |   Vbias exponent (α)   :  1.3000 bohr⁻²   |
  ::::::::::::: starting MTD    8 :::::::::::::
  |   MD simulation time   :     5.0 ps       |
  |   target T             :   300.0 K        |
  |   timestep dt          :     5.0 fs       |
  |   dump interval(trj)   :   100.0 fs       |
  |   SHAKE algorithm      : true (all bonds) |
  |   dump interval(Vbias) :    1.00 ps       |
  |   Vbias prefactor (k)  :  0.0345 Eh       |
  |   Vbias exponent (α)   :  0.4680 bohr⁻²   |
  ::::::::::::: starting MTD   12 :::::::::::::
  |   MD simulation time   :     5.0 ps       |
  |   target T             :   300.0 K        |
  |   timestep dt          :     5.0 fs       |
  |   dump interval(trj)   :   100.0 fs       |
  |   SHAKE algorithm      : true (all bonds) |
  |   dump interval(Vbias) :    1.00 ps       |
  |   Vbias prefactor (k)  :  0.0173 Eh       |
  |   Vbias exponent (α)   :  0.2808 bohr⁻²   |
  ::::::::::::: starting MTD    9 :::::::::::::
  |   MD simulation time   :     5.0 ps       |
  |   target T             :   300.0 K        |
  |   timestep dt          :     5.0 fs       |
  |   dump interval(trj)   :   100.0 fs       |
  |   SHAKE algorithm      : true (all bonds) |
  |   dump interval(Vbias) :    1.00 ps       |
  |   Vbias prefactor (k)  :  0.0173 Eh       |
  |   Vbias exponent (α)   :  0.4680 bohr⁻²   |
  ::::::::::::: starting MTD    6 :::::::::::::
  |   MD simulation time   :     5.0 ps       |
  |   target T             :   300.0 K        |
  |   timestep dt          :     5.0 fs       |
  |   dump interval(trj)   :   100.0 fs       |
  |   SHAKE algorithm      : true (all bonds) |
  |   dump interval(Vbias) :    1.00 ps       |
  |   Vbias prefactor (k)  :  0.0173 Eh       |
  |   Vbias exponent (α)   :  0.7800 bohr⁻²   |
  ::::::::::::: starting MTD   11 :::::::::::::
  |   MD simulation time   :     5.0 ps       |
  |   target T             :   300.0 K        |
  |   timestep dt          :     5.0 fs       |
  |   dump interval(trj)   :   100.0 fs       |
  |   SHAKE algorithm      : true (all bonds) |
  |   dump interval(Vbias) :    1.00 ps       |
  |   Vbias prefactor (k)  :  0.0345 Eh       |
  |   Vbias exponent (α)   :  0.2808 bohr⁻²   |
  ::::::::::::: starting MTD   14 :::::::::::::
  |   MD simulation time   :     5.0 ps       |
  |   target T             :   300.0 K        |
  |   timestep dt          :     5.0 fs       |
  |   dump interval(trj)   :   100.0 fs       |
  |   SHAKE algorithm      : true (all bonds) |
  |   dump interval(Vbias) :    1.00 ps       |
  |   Vbias prefactor (k)  :  0.1150 Eh       |
  |   Vbias exponent (α)   :  0.8000 bohr⁻²   |
  ::::::::::::: starting MTD   10 :::::::::::::
  |   MD simulation time   :     5.0 ps       |
  |   target T             :   300.0 K        |
  |   timestep dt          :     5.0 fs       |
  |   dump interval(trj)   :   100.0 fs       |
  |   SHAKE algorithm      : true (all bonds) |
  |   dump interval(Vbias) :    1.00 ps       |
  |   Vbias prefactor (k)  :  0.0690 Eh       |
  |   Vbias exponent (α)   :  0.2808 bohr⁻²   |
*MTD  11 completed successfully ...        0 min, 18.902 sec
*MTD   2 completed successfully ...        0 min, 18.931 sec
*MTD   4 completed successfully ...        0 min, 18.957 sec
*MTD  13 completed successfully ...        0 min, 18.962 sec
*MTD   1 completed successfully ...        0 min, 19.019 sec
*MTD   9 completed successfully ...        0 min, 19.063 sec
*MTD   6 completed successfully ...        0 min, 19.079 sec
*MTD   3 completed successfully ...        0 min, 19.093 sec
*MTD   8 completed successfully ...        0 min, 19.097 sec
*MTD  10 completed successfully ...        0 min, 19.126 sec
*MTD   5 completed successfully ...        0 min, 19.145 sec
*MTD  12 completed successfully ...        0 min, 19.188 sec
*MTD   7 completed successfully ...        0 min, 19.210 sec
*MTD  14 completed successfully ...        0 min, 19.247 sec

 ======================================
 |  Multilevel Ensemble Optimization  |
 ======================================
 Optimizing all 686 structures from file "crest_dynamics.trj" ...
 ----------------------
 crude pre-optimization
 ----------------------
 Optimization engine: ANCOPT
 Hessian update type: BFGS
 E/G convergence criteria:  0.500E-03 Eh, 0.100E-01 Eh/a0
 maximum optimization steps: 200
 |>0.1% |>10.1% |>20.1% |>30.0% |>40.1% |>50.0% |>60.1% |>70.1% |>80.0% |>90.1% |>100.0%
 done.
> 686 of 686 structures successfully optimized (100.0% success)
> Total runtime for 686 optimizations:
 * wall-time:     0 d,  0 h,  0 min,  9.163 sec
 *  cpu-time:     0 d,  0 h,  2 min, 19.291 sec
 * ratio c/w:    15.202 speedup
> Corresponding to approximately 0.013 sec per processed structure

CREGEN> running RMSDs ... done.
CREGEN> E lowest :   -40.13483
 605 structures remain within    12.00 kcal/mol window
 ----------------------------------
 optimization with tight thresholds
 ----------------------------------
 Optimization engine: ANCOPT
 Hessian update type: BFGS
 E/G convergence criteria:  0.100E-05 Eh, 0.800E-03 Eh/a0
 maximum optimization steps: 200
 |>0.2% |>10.1% |>20.0% |>30.1% |>40.0% |>50.1% |>60.0% |>70.1% |>80.0% |>90.1% |>100.0%
 done.
> 605 of 605 structures successfully optimized (100.0% success)
> Total runtime for 605 optimizations:
 * wall-time:     0 d,  0 h,  0 min, 21.386 sec
 *  cpu-time:     0 d,  0 h,  5 min, 29.225 sec
 * ratio c/w:    15.394 speedup
> Corresponding to approximately 0.035 sec per processed structure

CREGEN> running RMSDs ... done.
CREGEN> E lowest :   -40.13521
 188 structures remain within     6.00 kcal/mol window

 ------------------------------
 Meta-Dynamics Iteration 2
 ------------------------------
 list of applied metadynamics Vbias parameters:
$metadyn    0.06900   1.300
$metadyn    0.03450   1.300
$metadyn    0.01725   1.300
$metadyn    0.06900   0.780
$metadyn    0.03450   0.780
$metadyn    0.01725   0.780
$metadyn    0.06900   0.468
$metadyn    0.03450   0.468
$metadyn    0.01725   0.468
$metadyn    0.06900   0.281
$metadyn    0.03450   0.281
$metadyn    0.01725   0.281
$metadyn    0.02300   0.100
$metadyn    0.11500   0.800

  ::::::::::::: starting MTD   10 :::::::::::::
  |   MD simulation time   :     5.0 ps       |
  |   target T             :   300.0 K        |
  |   timestep dt          :     5.0 fs       |
  |   dump interval(trj)   :   100.0 fs       |
  |   SHAKE algorithm      : true (all bonds) |
  |   dump interval(Vbias) :    1.00 ps       |
  |   Vbias prefactor (k)  :  0.0690 Eh       |
  |   Vbias exponent (α)   :  0.2808 bohr⁻²   |
  ::::::::::::: starting MTD    5 :::::::::::::
  |   MD simulation time   :     5.0 ps       |
  |   target T             :   300.0 K        |
  |   timestep dt          :     5.0 fs       |
  |   dump interval(trj)   :   100.0 fs       |
  |   SHAKE algorithm      : true (all bonds) |
  |   dump interval(Vbias) :    1.00 ps       |
  |   Vbias prefactor (k)  :  0.0345 Eh       |
  |   Vbias exponent (α)   :  0.7800 bohr⁻²   |
  ::::::::::::: starting MTD   11 :::::::::::::
  |   MD simulation time   :     5.0 ps       |
  |   target T             :   300.0 K        |
  |   timestep dt          :     5.0 fs       |
  |   dump interval(trj)   :   100.0 fs       |
  |   SHAKE algorithm      : true (all bonds) |
  |   dump interval(Vbias) :    1.00 ps       |
  |   Vbias prefactor (k)  :  0.0345 Eh       |
  |   Vbias exponent (α)   :  0.2808 bohr⁻²   |
  ::::::::::::: starting MTD    1 :::::::::::::
  |   MD simulation time   :     5.0 ps       |
  |   target T             :   300.0 K        |
  |   timestep dt          :     5.0 fs       |
  |   dump interval(trj)   :   100.0 fs       |
  |   SHAKE algorithm      : true (all bonds) |
  |   dump interval(Vbias) :    1.00 ps       |
  |   Vbias prefactor (k)  :  0.0690 Eh       |
  |   Vbias exponent (α)   :  1.3000 bohr⁻²   |
  ::::::::::::: starting MTD    9 :::::::::::::
  |   MD simulation time   :     5.0 ps       |
  |   target T             :   300.0 K        |
  |   timestep dt          :     5.0 fs       |
  |   dump interval(trj)   :   100.0 fs       |
  |   SHAKE algorithm      : true (all bonds) |
  |   dump interval(Vbias) :    1.00 ps       |
  |   Vbias prefactor (k)  :  0.0173 Eh       |
  |   Vbias exponent (α)   :  0.4680 bohr⁻²   |
  ::::::::::::: starting MTD    3 :::::::::::::
  |   MD simulation time   :     5.0 ps       |
  |   target T             :   300.0 K        |
  |   timestep dt          :     5.0 fs       |
  |   dump interval(trj)   :   100.0 fs       |
  |   SHAKE algorithm      : true (all bonds) |
  |   dump interval(Vbias) :    1.00 ps       |
  |   Vbias prefactor (k)  :  0.0173 Eh       |
  |   Vbias exponent (α)   :  1.3000 bohr⁻²   |
  ::::::::::::: starting MTD    2 :::::::::::::
  |   MD simulation time   :     5.0 ps       |
  |   target T             :   300.0 K        |
  |   timestep dt          :     5.0 fs       |
  |   dump interval(trj)   :   100.0 fs       |
  |   SHAKE algorithm      : true (all bonds) |
  |   dump interval(Vbias) :    1.00 ps       |
  |   Vbias prefactor (k)  :  0.0345 Eh       |
  |   Vbias exponent (α)   :  1.3000 bohr⁻²   |
  ::::::::::::: starting MTD    7 :::::::::::::
  |   MD simulation time   :     5.0 ps       |
  |   target T             :   300.0 K        |
  |   timestep dt          :     5.0 fs       |
  |   dump interval(trj)   :   100.0 fs       |
  |   SHAKE algorithm      : true (all bonds) |
  |   dump interval(Vbias) :    1.00 ps       |
  |   Vbias prefactor (k)  :  0.0690 Eh       |
  |   Vbias exponent (α)   :  0.4680 bohr⁻²   |
  ::::::::::::: starting MTD   13 :::::::::::::
  |   MD simulation time   :     5.0 ps       |
  |   target T             :   300.0 K        |
  |   timestep dt          :     5.0 fs       |
  |   dump interval(trj)   :   100.0 fs       |
  |   SHAKE algorithm      : true (all bonds) |
  |   dump interval(Vbias) :    1.00 ps       |
  |   Vbias prefactor (k)  :  0.0230 Eh       |
  |   Vbias exponent (α)   :  0.1000 bohr⁻²   |
  ::::::::::::: starting MTD    8 :::::::::::::
  |   MD simulation time   :     5.0 ps       |
  |   target T             :   300.0 K        |
  |   timestep dt          :     5.0 fs       |
  |   dump interval(trj)   :   100.0 fs       |
  |   SHAKE algorithm      : true (all bonds) |
  |   dump interval(Vbias) :    1.00 ps       |
  |   Vbias prefactor (k)  :  0.0345 Eh       |
  |   Vbias exponent (α)   :  0.4680 bohr⁻²   |
  ::::::::::::: starting MTD    4 :::::::::::::
  |   MD simulation time   :     5.0 ps       |
  |   target T             :   300.0 K        |
  |   timestep dt          :     5.0 fs       |
  |   dump interval(trj)   :   100.0 fs       |
  |   SHAKE algorithm      : true (all bonds) |
  |   dump interval(Vbias) :    1.00 ps       |
  |   Vbias prefactor (k)  :  0.0690 Eh       |
  |   Vbias exponent (α)   :  0.7800 bohr⁻²   |
  ::::::::::::: starting MTD   14 :::::::::::::
  |   MD simulation time   :     5.0 ps       |
  |   target T             :   300.0 K        |
  |   timestep dt          :     5.0 fs       |
  |   dump interval(trj)   :   100.0 fs       |
  |   SHAKE algorithm      : true (all bonds) |
  |   dump interval(Vbias) :    1.00 ps       |
  |   Vbias prefactor (k)  :  0.1150 Eh       |
  |   Vbias exponent (α)   :  0.8000 bohr⁻²   |
  ::::::::::::: starting MTD    6 :::::::::::::
  |   MD simulation time   :     5.0 ps       |
  |   target T             :   300.0 K        |
  |   timestep dt          :     5.0 fs       |
  |   dump interval(trj)   :   100.0 fs       |
  |   SHAKE algorithm      : true (all bonds) |
  |   dump interval(Vbias) :    1.00 ps       |
  |   Vbias prefactor (k)  :  0.0173 Eh       |
  |   Vbias exponent (α)   :  0.7800 bohr⁻²   |
  ::::::::::::: starting MTD   12 :::::::::::::
  |   MD simulation time   :     5.0 ps       |
  |   target T             :   300.0 K        |
  |   timestep dt          :     5.0 fs       |
  |   dump interval(trj)   :   100.0 fs       |
  |   SHAKE algorithm      : true (all bonds) |
  |   dump interval(Vbias) :    1.00 ps       |
  |   Vbias prefactor (k)  :  0.0173 Eh       |
  |   Vbias exponent (α)   :  0.2808 bohr⁻²   |
*MTD  12 completed successfully ...        0 min, 18.980 sec
*MTD   4 completed successfully ...        0 min, 19.009 sec
*MTD   6 completed successfully ...        0 min, 19.022 sec
*MTD   1 completed successfully ...        0 min, 19.095 sec
*MTD   3 completed successfully ...        0 min, 19.118 sec
*MTD   7 completed successfully ...        0 min, 19.174 sec
*MTD   2 completed successfully ...        0 min, 19.192 sec
*MTD  13 completed successfully ...        0 min, 19.259 sec
*MTD  11 completed successfully ...        0 min, 19.274 sec
*MTD  10 completed successfully ...        0 min, 19.303 sec
*MTD   9 completed successfully ...        0 min, 19.307 sec
*MTD   8 completed successfully ...        0 min, 19.318 sec
*MTD   5 completed successfully ...        0 min, 19.400 sec
*MTD  14 completed successfully ...        0 min, 19.447 sec

 ======================================
 |  Multilevel Ensemble Optimization  |
 ======================================
 Optimizing all 686 structures from file "crest_dynamics.trj" ...
 ----------------------
 crude pre-optimization
 ----------------------
 Optimization engine: ANCOPT
 Hessian update type: BFGS
 E/G convergence criteria:  0.500E-03 Eh, 0.100E-01 Eh/a0
 maximum optimization steps: 200
 |>0.1% |>10.1% |>20.1% |>30.0% |>40.1% |>50.0% |>60.1% |>70.1% |>80.0% |>90.1% |>100.0%
 done.
> 686 of 686 structures successfully optimized (100.0% success)
> Total runtime for 686 optimizations:
 * wall-time:     0 d,  0 h,  0 min,  9.083 sec
 *  cpu-time:     0 d,  0 h,  2 min, 17.890 sec
 * ratio c/w:    15.181 speedup
> Corresponding to approximately 0.013 sec per processed structure

CREGEN> running RMSDs ... done.
CREGEN> E lowest :   -40.13475
 592 structures remain within    12.00 kcal/mol window
 ----------------------------------
 optimization with tight thresholds
 ----------------------------------
 Optimization engine: ANCOPT
 Hessian update type: BFGS
 E/G convergence criteria:  0.100E-05 Eh, 0.800E-03 Eh/a0
 maximum optimization steps: 200
 |>0.2% |>10.1% |>20.1% |>30.1% |>40.0% |>50.0% |>60.1% |>70.1% |>80.1% |>90.0% |>100.0%
 done.
> 592 of 592 structures successfully optimized (100.0% success)
> Total runtime for 592 optimizations:
 * wall-time:     0 d,  0 h,  0 min, 21.476 sec
 *  cpu-time:     0 d,  0 h,  5 min, 20.714 sec
 * ratio c/w:    14.934 speedup
> Corresponding to approximately 0.036 sec per processed structure

CREGEN> running RMSDs ... done.
CREGEN> E lowest :   -40.13521
 169 structures remain within     6.00 kcal/mol window

========================================
           MTD Simulations done         
========================================
 Collecting ensmbles.
CREGEN> running RMSDs ... done.
CREGEN> E lowest :   -40.13521
 228 structures remain within     6.00 kcal/mol window


 ===============================================
 Additional regular MDs on lowest 4 conformer(s)
 ===============================================
  :::::::::::::: starting MD   1 ::::::::::::::
  |   MD simulation time   :     2.5 ps       |
  |   target T             :   400.0 K        |
  |   timestep dt          :     5.0 fs       |
  |   dump interval(trj)   :   100.0 fs       |
  |   SHAKE algorithm      : true (all bonds) |
  :::::::::::::: starting MD   2 ::::::::::::::
  |   MD simulation time   :     2.5 ps       |
  |   target T             :   400.0 K        |
  |   timestep dt          :     5.0 fs       |
  |   dump interval(trj)   :   100.0 fs       |
  |   SHAKE algorithm      : true (all bonds) |
  :::::::::::::: starting MD   5 ::::::::::::::
  |   MD simulation time   :     2.5 ps       |
  |   target T             :   500.0 K        |
  |   timestep dt          :     5.0 fs       |
  |   dump interval(trj)   :   100.0 fs       |
  |   SHAKE algorithm      : true (all bonds) |
  :::::::::::::: starting MD   6 ::::::::::::::
  |   MD simulation time   :     2.5 ps       |
  |   target T             :   500.0 K        |
  |   timestep dt          :     5.0 fs       |
  |   dump interval(trj)   :   100.0 fs       |
  |   SHAKE algorithm      : true (all bonds) |
  :::::::::::::: starting MD   7 ::::::::::::::
  |   MD simulation time   :     2.5 ps       |
  |   target T             :   500.0 K        |
  |   timestep dt          :     5.0 fs       |
  |   dump interval(trj)   :   100.0 fs       |
  |   SHAKE algorithm      : true (all bonds) |
  :::::::::::::: starting MD   8 ::::::::::::::
  |   MD simulation time   :     2.5 ps       |
  |   target T             :   500.0 K        |
  |   timestep dt          :     5.0 fs       |
  |   dump interval(trj)   :   100.0 fs       |
  |   SHAKE algorithm      : true (all bonds) |
  :::::::::::::: starting MD   4 ::::::::::::::
  |   MD simulation time   :     2.5 ps       |
  |   target T             :   400.0 K        |
  |   timestep dt          :     5.0 fs       |
  |   dump interval(trj)   :   100.0 fs       |
  |   SHAKE algorithm      : true (all bonds) |
  :::::::::::::: starting MD   3 ::::::::::::::
  |   MD simulation time   :     2.5 ps       |
  |   target T             :   400.0 K        |
  |   timestep dt          :     5.0 fs       |
  |   dump interval(trj)   :   100.0 fs       |
  |   SHAKE algorithm      : true (all bonds) |
*MD   4 completed successfully ...        0 min, 11.114 sec
*MD   8 completed successfully ...        0 min, 11.218 sec
*MD   3 completed successfully ...        0 min, 11.355 sec
*MD   6 completed successfully ...        0 min, 11.481 sec
*MD   5 completed successfully ...        0 min, 11.489 sec
*MD   2 completed successfully ...        0 min, 11.546 sec
*MD   1 completed successfully ...        0 min, 11.565 sec
*MD   7 completed successfully ...        0 min, 11.710 sec
 Appending file crest_rotamers_1.xyz with new structures
 Optimizing all 420 structures from file "crest_rotamers_1.xyz" ...
 ----------------------------------
 optimization with tight thresholds
 ----------------------------------
 Optimization engine: ANCOPT
 Hessian update type: BFGS
 E/G convergence criteria:  0.100E-05 Eh, 0.800E-03 Eh/a0
 maximum optimization steps: 200
 |>0.2% |>10.0% |>20.0% |>30.0% |>40.0% |>50.0% |>60.0% |>70.2% |>80.0% |>90.2% |>100.0%
 done.
> 420 of 420 structures successfully optimized (100.0% success)
> Total runtime for 420 optimizations:
 * wall-time:     0 d,  0 h,  0 min,  9.759 sec
 *  cpu-time:     0 d,  0 h,  2 min, 26.962 sec
 * ratio c/w:    15.060 speedup
> Corresponding to approximately 0.023 sec per processed structure

CREGEN> running RMSDs ... done.
CREGEN> E lowest :   -40.13521
 241 structures remain within     6.00 kcal/mol window

     ========================================
     |        Structure Crossing (GC)       |
     ========================================

 =============================
  # threads =          16
 =============================
input  file name : crest_rotamers_2.xyz
number of atoms                :      23
number of points on xyz files  :     241
conformer energy window  /kcal :    6.00
CN per atom difference cut-off :  0.3000
RMSD threshold (Ang, Bohr)     :  0.2500  0.4724
max. # of generated structures :      250
 # in E window         241
 finished.
 average rmsd w.r.t input     :     1.42261
 number of clash discarded    :       28530
 removed identical structures :         269

 121 structures written to confcross.xyz


 ======================================
 |  Multilevel Ensemble Optimization  |
 ======================================
 Optimizing all 121 structures from file "confcross.xyz" ...
 ----------------------
 crude pre-optimization
 ----------------------
 Optimization engine: ANCOPT
 Hessian update type: BFGS
 E/G convergence criteria:  0.500E-03 Eh, 0.100E-01 Eh/a0
 maximum optimization steps: 200
 |>0.8% |>10.7% |>20.7% |>30.6% |>40.5% |>50.4% |>60.3% |>70.2% |>80.2% |>90.1% |>100.0%
 done.
> 121 of 121 structures successfully optimized (100.0% success)
> Total runtime for 121 optimizations:
 * wall-time:     0 d,  0 h,  0 min,  1.458 sec
 *  cpu-time:     0 d,  0 h,  0 min, 19.520 sec
 * ratio c/w:    13.386 speedup
> Corresponding to approximately 0.012 sec per processed structure

CREGEN> running RMSDs ... done.
CREGEN> E lowest :   -40.13521
 92 structures remain within    12.00 kcal/mol window
 ----------------------------------
 optimization with tight thresholds
 ----------------------------------
 Optimization engine: ANCOPT
 Hessian update type: BFGS
 E/G convergence criteria:  0.100E-05 Eh, 0.800E-03 Eh/a0
 maximum optimization steps: 200
 |>1.1% |>10.9% |>20.7% |>30.4% |>40.2% |>50.0% |>60.9% |>70.7% |>80.4% |>90.2% |>100.0%
 done.
> 92 of 92 structures successfully optimized (100.0% success)
> Total runtime for 92 optimizations:
 * wall-time:     0 d,  0 h,  0 min,  2.965 sec
 *  cpu-time:     0 d,  0 h,  0 min, 39.921 sec
 * ratio c/w:    13.466 speedup
> Corresponding to approximately 0.032 sec per processed structure

CREGEN> running RMSDs ... done.
CREGEN> E lowest :   -40.13521
 44 structures remain within     6.00 kcal/mol window
appending new structures to crest_rotamers_2.xyz
CREGEN> running RMSDs ... done.
CREGEN> E lowest :   -40.13521


   ================================================
   |           Final Geometry Optimization        |
   ================================================
 Optimizing all 249 structures from file "crest_rotamers_3.xyz" ...
 ---------------------------------------
 optimization with very tight thresholds
 ---------------------------------------
 Optimization engine: ANCOPT
 Hessian update type: BFGS
 E/G convergence criteria:  0.100E-06 Eh, 0.200E-03 Eh/a0
 maximum optimization steps: 200
 |>0.4% |>10.0% |>20.1% |>30.1% |>40.2% |>50.2% |>60.2% |>70.3% |>80.3% |>90.4% |>100.0%
 done.
> 249 of 249 structures successfully optimized (100.0% success)
> Total runtime for 249 optimizations:
 * wall-time:     0 d,  0 h,  0 min,  3.326 sec
 *  cpu-time:     0 d,  0 h,  0 min, 37.832 sec
 * ratio c/w:    11.376 speedup
> Corresponding to approximately 0.013 sec per processed structure

CREGEN> running RMSDs ... done.
CREGEN> E lowest :   -40.13521
 236 structures remain within     6.00 kcal/mol window


 --------------------------
 Final Ensemble Information
 --------------------------
 input  file name : crest_rotamers_3.xyz
 output file name : crest_rotamers_4.xyz
 number of atoms                :   23
 number of points on xyz files  :   249
 RMSD threshold                 :   0.1250
 Bconst threshold               :   0.0100
 population threshold           :   0.0500
 # fragment in coord            :     1
 # bonds in reference structure :    23
 number of reliable points      :   249
 sorting energy window (EWIN)   :    6.0000 / kcal*mol⁻¹
 reference state Etot           :  -40.135214959999999
 number of doubles removed by rot/RMSD         :          13
 total number unique points considered further :         236
       Erel/kcal        Etot weight/tot  conformer     set   degen     origin
       1   0.000   -40.13521    0.07969    0.47808       1       6
       2   0.000   -40.13521    0.07968
       3   0.000   -40.13521    0.07968
       4   0.000   -40.13521    0.07968
       5   0.000   -40.13521    0.07968
       6   0.000   -40.13521    0.07966
       7   0.443   -40.13451    0.03774    0.22641       2       6
       8   0.443   -40.13451    0.03774
       9   0.443   -40.13451    0.03774
      10   0.443   -40.13451    0.03774
      11   0.443   -40.13451    0.03774
      12   0.444   -40.13451    0.03771
      13   0.926   -40.13374    0.01672    0.10028       3       6
      14   0.926   -40.13374    0.01671
      15   0.926   -40.13374    0.01671
      16   0.926   -40.13374    0.01671
      17   0.926   -40.13374    0.01671
      18   0.926   -40.13374    0.01671
      19   1.575   -40.13271    0.00560    0.03358       4       6
      20   1.575   -40.13271    0.00560
      21   1.575   -40.13271    0.00560
      22   1.575   -40.13271    0.00560
      23   1.575   -40.13271    0.00560
      24   1.575   -40.13270    0.00560
      25   1.603   -40.13266    0.00534    0.03201       5       6
      26   1.603   -40.13266    0.00534
      27   1.603   -40.13266    0.00534
      28   1.603   -40.13266    0.00534
      29   1.603   -40.13266    0.00534
      30   1.603   -40.13266    0.00534
      31   1.696   -40.13251    0.00457    0.02739       6       6
      32   1.696   -40.13251    0.00457
      33   1.696   -40.13251    0.00457
      34   1.696   -40.13251    0.00457
      35   1.696   -40.13251    0.00457
      36   1.696   -40.13251    0.00457
      37   1.886   -40.13221    0.00331    0.01657       7       5
      38   1.886   -40.13221    0.00331
      39   1.886   -40.13221    0.00331
      40   1.886   -40.13221    0.00331
      41   1.886   -40.13221    0.00331
      42   1.938   -40.13213    0.00303    0.01820       8       6
      43   1.938   -40.13213    0.00303
      44   1.938   -40.13213    0.00303
      45   1.938   -40.13213    0.00303
      46   1.938   -40.13213    0.00303
      47   1.938   -40.13213    0.00303
      48   1.969   -40.13208    0.00288    0.01728       9       6
      49   1.969   -40.13208    0.00288
      50   1.969   -40.13208    0.00288
      51   1.969   -40.13208    0.00288
      52   1.969   -40.13208    0.00288
      53   1.969   -40.13208    0.00288
      54   2.364   -40.13145    0.00148    0.00887      10       6
      55   2.364   -40.13145    0.00148
      56   2.364   -40.13145    0.00148
      57   2.364   -40.13145    0.00148
      58   2.364   -40.13145    0.00148
      59   2.364   -40.13145    0.00148
      60   2.573   -40.13111    0.00104    0.00519      11       5
      61   2.573   -40.13111    0.00104
      62   2.574   -40.13111    0.00104
      63   2.574   -40.13111    0.00104
      64   2.574   -40.13111    0.00104
      65   2.628   -40.13103    0.00095    0.00569      12       6
      66   2.628   -40.13103    0.00095
      67   2.628   -40.13103    0.00095
      68   2.628   -40.13103    0.00095
      69   2.628   -40.13103    0.00095
      70   2.628   -40.13103    0.00095
      71   2.725   -40.13087    0.00081    0.00483      13       6
      72   2.725   -40.13087    0.00081
      73   2.725   -40.13087    0.00081
      74   2.725   -40.13087    0.00081
      75   2.725   -40.13087    0.00081
      76   2.725   -40.13087    0.00081
      77   2.742   -40.13085    0.00078    0.00469      14       6
      78   2.742   -40.13085    0.00078
      79   2.742   -40.13085    0.00078
      80   2.742   -40.13085    0.00078
      81   2.742   -40.13085    0.00078
      82   2.742   -40.13085    0.00078
      83   2.821   -40.13072    0.00068    0.00137      15       2
      84   2.821   -40.13072    0.00068
      85   2.867   -40.13065    0.00063    0.00190      16       3
      86   2.867   -40.13065    0.00063
      87   2.867   -40.13065    0.00063
      88   2.959   -40.13050    0.00054    0.00109      17       2
      89   2.959   -40.13050    0.00054
      90   3.150   -40.13020    0.00039    0.00236      18       6
      91   3.150   -40.13020    0.00039
      92   3.150   -40.13020    0.00039
      93   3.150   -40.13020    0.00039
      94   3.150   -40.13020    0.00039
      95   3.150   -40.13019    0.00039
      96   3.206   -40.13011    0.00036    0.00215      19       6
      97   3.206   -40.13011    0.00036
      98   3.206   -40.13011    0.00036
      99   3.206   -40.13011    0.00036
     100   3.206   -40.13011    0.00036
     101   3.206   -40.13011    0.00036
     102   3.281   -40.12999    0.00032    0.00189      20       6
     103   3.281   -40.12999    0.00032
     104   3.281   -40.12999    0.00032
     105   3.281   -40.12999    0.00032
     106   3.281   -40.12999    0.00032
     107   3.281   -40.12999    0.00032
     108   3.453   -40.12971    0.00024    0.00118      21       5
     109   3.453   -40.12971    0.00024
     110   3.454   -40.12971    0.00024
     111   3.454   -40.12971    0.00024
     112   3.454   -40.12971    0.00024
     113   3.587   -40.12950    0.00019    0.00113      22       6
     114   3.587   -40.12950    0.00019
     115   3.587   -40.12950    0.00019
     116   3.587   -40.12950    0.00019
     117   3.587   -40.12950    0.00019
     118   3.587   -40.12950    0.00019
     119   3.633   -40.12942    0.00017    0.00087      23       5
     120   3.633   -40.12942    0.00017
     121   3.633   -40.12942    0.00017
     122   3.633   -40.12942    0.00017
     123   3.634   -40.12942    0.00017
     124   3.706   -40.12931    0.00015    0.00092      24       6
     125   3.706   -40.12931    0.00015
     126   3.706   -40.12931    0.00015
     127   3.706   -40.12931    0.00015
     128   3.706   -40.12931    0.00015
     129   3.706   -40.12931    0.00015
     130   3.706   -40.12931    0.00015    0.00092      25       6
     131   3.706   -40.12931    0.00015
     132   3.706   -40.12931    0.00015
     133   3.706   -40.12931    0.00015
     134   3.706   -40.12931    0.00015
     135   3.706   -40.12931    0.00015
     136   3.830   -40.12911    0.00012    0.00075      26       6
     137   3.830   -40.12911    0.00012
     138   3.830   -40.12911    0.00012
     139   3.830   -40.12911    0.00012
     140   3.830   -40.12911    0.00012
     141   3.830   -40.12911    0.00012
     142   3.847   -40.12908    0.00012    0.00073      27       6
     143   3.847   -40.12908    0.00012
     144   3.847   -40.12908    0.00012
     145   3.847   -40.12908    0.00012
     146   3.847   -40.12908    0.00012
     147   3.847   -40.12908    0.00012
     148   3.936   -40.12894    0.00010    0.00042      28       4
     149   3.936   -40.12894    0.00010
     150   3.937   -40.12894    0.00010
     151   3.937   -40.12894    0.00010
     152   4.032   -40.12879    0.00009    0.00027      29       3
     153   4.032   -40.12879    0.00009
     154   4.032   -40.12879    0.00009
     155   4.074   -40.12872    0.00008    0.00041      30       5
     156   4.074   -40.12872    0.00008
     157   4.074   -40.12872    0.00008
     158   4.074   -40.12872    0.00008
     159   4.074   -40.12872    0.00008
     160   4.103   -40.12868    0.00008    0.00008      31       1
     161   4.129   -40.12864    0.00008    0.00045      32       6
     162   4.129   -40.12864    0.00008
     163   4.129   -40.12864    0.00008
     164   4.129   -40.12864    0.00008
     165   4.129   -40.12864    0.00008
     166   4.129   -40.12864    0.00008
     167   4.159   -40.12859    0.00007    0.00043      33       6
     168   4.159   -40.12859    0.00007
     169   4.159   -40.12859    0.00007
     170   4.159   -40.12859    0.00007
     171   4.159   -40.12859    0.00007
     172   4.159   -40.12859    0.00007
     173   4.303   -40.12836    0.00006    0.00028      34       5
     174   4.303   -40.12836    0.00006
     175   4.303   -40.12836    0.00006
     176   4.303   -40.12836    0.00006
     177   4.303   -40.12836    0.00006
     178   4.369   -40.12825    0.00005    0.00010      35       2
     179   4.369   -40.12825    0.00005
     180   4.486   -40.12807    0.00004    0.00004      36       1
     181   4.486   -40.12807    0.00004    0.00004      37       1
     182   4.488   -40.12806    0.00004    0.00025      38       6
     183   4.488   -40.12806    0.00004
     184   4.488   -40.12806    0.00004
     185   4.488   -40.12806    0.00004
     186   4.488   -40.12806    0.00004
     187   4.488   -40.12806    0.00004
     188   4.516   -40.12802    0.00004    0.00004      39       1
     189   4.689   -40.12774    0.00003    0.00015      40       5
     190   4.689   -40.12774    0.00003
     191   4.689   -40.12774    0.00003
     192   4.689   -40.12774    0.00003
     193   4.689   -40.12774    0.00003
     194   4.726   -40.12768    0.00003    0.00011      41       4
     195   4.726   -40.12768    0.00003
     196   4.726   -40.12768    0.00003
     197   4.726   -40.12768    0.00003
     198   4.748   -40.12765    0.00003    0.00016      42       6
     199   4.748   -40.12765    0.00003
     200   4.748   -40.12765    0.00003
     201   4.748   -40.12765    0.00003
     202   4.748   -40.12765    0.00003
     203   4.750   -40.12765    0.00003
     204   4.821   -40.12753    0.00002    0.00002      43       1
     205   4.958   -40.12731    0.00002    0.00011      44       6
     206   4.958   -40.12731    0.00002
     207   4.958   -40.12731    0.00002
     208   4.958   -40.12731    0.00002
     209   4.958   -40.12731    0.00002
     210   4.958   -40.12731    0.00002
     211   5.002   -40.12724    0.00002    0.00003      45       2
     212   5.003   -40.12724    0.00002
     213   5.033   -40.12719    0.00002    0.00002      46       1
     214   5.043   -40.12718    0.00002    0.00011      47       7
     215   5.043   -40.12718    0.00002
     216   5.073   -40.12713    0.00002
     217   5.073   -40.12713    0.00002
     218   5.073   -40.12713    0.00002
     219   5.073   -40.12713    0.00002
     220   5.073   -40.12713    0.00002
     221   5.093   -40.12710    0.00001    0.00001      48       1
     222   5.221   -40.12689    0.00001    0.00005      49       4
     223   5.221   -40.12689    0.00001
     224   5.222   -40.12689    0.00001
     225   5.222   -40.12689    0.00001
     226   5.315   -40.12674    0.00001    0.00002      50       2
     227   5.315   -40.12674    0.00001
     228   5.587   -40.12631    0.00001    0.00002      51       3
     229   5.587   -40.12631    0.00001
     230   5.587   -40.12631    0.00001
     231   5.678   -40.12617    0.00001    0.00001      52       1
     232   5.830   -40.12592    0.00000    0.00001      53       3
     233   5.830   -40.12592    0.00000
     234   5.830   -40.12592    0.00000
     235   5.833   -40.12592    0.00000    0.00001      54       2
     236   5.833   -40.12592    0.00000
T /K                                  :   298.15
E lowest                              :   -40.13521
ensemble average energy (kcal)        :    0.592
ensemble entropy (J/mol K, cal/mol K) :   29.340    7.012
ensemble free energy (kcal/mol)       :   -2.091
population of lowest in %             :   47.808
 number of unique conformers for further calc           54
 list of relative energies saved as "crest.energies"

 -----------------
 Wall Time Summary
 -----------------
 CREST runtime (total)               0 d,  0 h,  2 min, 14.661 sec
 ------------------------------------------------------------------
 Trial metadynamics (MTD)   ...        0 min,  2.876 sec (  2.136%)
 Metadynamics (MTD)         ...        0 min, 39.019 sec ( 28.976%)
 Geometry optimization      ...        1 min, 15.974 sec ( 56.419%)
 Molecular dynamics (MD)    ...        0 min, 11.720 sec (  8.703%)
 Genetic crossing (GC)      ...        0 min,  4.796 sec (  3.562%)
 I/O and setup              ...        0 min,  0.276 sec (  0.205%)
 ------------------------------------------------------------------
 * wall-time:     0 d,  0 h,  2 min, 14.661 sec
 *  cpu-time:     0 d,  0 h, 31 min,  4.980 sec
 * ratio c/w:    13.849 speedup
 ------------------------------------------------------------------
 * Total number of energy+grad calls: 100201

 CREST terminated normally.
