  51
 Etot=        -101.0430168707
 O         -5.4718628057       -0.5859422792        2.4230267567
 O         -4.6479304801       -2.5418155577       -0.7303210806
 O         -4.8723997961        1.4955872174        2.9416378690
 O         -5.9886098573        1.6563410023       -2.2241130522
 O         -7.4771410773        0.8645718176       -0.7672749555
 O          4.3731280252        2.4810030091       -0.8218129903
 N         -4.7548345607       -0.3947583114       -0.0823962369
 N          1.5960358175       -1.3471285163       -0.8374478184
 N          3.9051268662       -0.2617385864       -0.1965967821
 N          6.1134695140       -1.7059942811        0.7026219816
 N          6.5360456290        2.1990051961       -0.2345765132
 N          7.4542706124        0.1694194674        0.5171239440
 N          8.7856475945        2.0172022887        0.2920843998
 C         -4.2340216159        0.6376038408        0.7874939079
 C         -4.3863683368        2.0488201488        0.1950248133
 C         -5.8495099424        2.4645416270       -0.0027860442
 C         -4.0521752467       -1.5228757398       -0.4511884245
 C         -2.5703401935       -1.4196584013       -0.5308562636
 C         -4.8907654255        0.5795723848        2.1632686137
 C          0.2268672998       -1.3905465354       -0.7020293903
 C          2.4522431153       -2.1854141640       -0.0117832205
 C         -1.8199483611       -2.5327369564       -0.1441849633
 C         -1.9038538323       -0.3082813890       -1.0548675266
 C         -0.4405171897       -2.5231363425       -0.2168884069
 C         -0.5256760588       -0.2924613831       -1.1430257509
 C         -6.5397170592        1.5753133143       -1.0098879014
 C          3.8075057950       -1.5416778927        0.1170122149
 C          5.1051322155        0.3187497775       -0.0709862107
 C          4.9262646617       -2.2583608823        0.5691870029
 C          6.2234976318       -0.4043900004        0.3819085205
 C          5.2330648835        1.7334740981       -0.4192926764
 C          7.5658100685        1.4233735087        0.2136264392
 H         -3.1634956354        0.4531232738        0.9524197982
 H         -3.9074654620        2.7540176565        0.8789679311
 H         -3.8686806347        2.0871152060       -0.7658323707
 H         -5.8742619935        3.4888224772       -0.3821042888
 H         -6.3975804678        2.4219182916        0.9399333287
 H         -5.7386991090       -0.6043516817        0.0515349675
 H          2.5526355852       -3.1819359900       -0.4584259551
 H          2.0179910219       -2.3119066886        0.9914170100
 H         -2.3396532406       -3.4113403315        0.2223192451
 H         -2.4717496328        0.5353241256       -1.4315765965
 H          1.9843384510       -0.4151847889       -0.9590175161
 H          0.1176755948       -3.4004811093        0.0870123637
 H         -0.0156896464        0.5694025227       -1.5589445301
 H          4.8401003798       -3.3104132951        0.8256569265
 H         -5.8740312905       -0.5630574653        3.3069311658
 H          6.6919861224        3.1666881781       -0.4768491146
 H         -6.4454620203        1.0408821009       -2.8214243442
 H          9.4713965197        1.4882594674        0.8045972119
 H          8.8282711822        3.0173917363        0.3758525076
  51
 Etot=        -101.0430168696
 O         -5.4718661632       -0.5859406124        2.4230243470
 O         -4.6479292518       -2.5418130177       -0.7303235752
 O         -4.8724010964        1.4955952935        2.9416408979
 O         -5.9886178992        1.6563465737       -2.2241106396
 O         -7.4771408303        0.8645883597       -0.7672759467
 O          4.3731210741        2.4810065651       -0.8218125520
 N         -4.7548331226       -0.3947599351       -0.0823991943
 N          1.5960452395       -1.3471340997       -0.8374576750
 N          3.9051233996       -0.2617397349       -0.1965952056
 N          6.1134670386       -1.7059904219        0.7026191158
 N          6.5360395804        2.1990079526       -0.2345753004
 N          7.4542668119        0.1694191275        0.5171220685
 N          8.7856463885        2.0172062506        0.2920862908
 C         -4.2340247090        0.6376026082        0.7874929749
 C         -4.3863668959        2.0488165480        0.1950142951
 C         -5.8495161746        2.4645564718       -0.0027824108
 C         -4.0521803154       -1.5228779218       -0.4511810642
 C         -2.5703367392       -1.4196581197       -0.5308545201
 C         -4.8907461341        0.5795632953        2.1632707330
 C          0.2268567353       -1.3905467078       -0.7020272630
 C          2.4522437505       -2.1854169432       -0.0117786920
 C         -1.8199543226       -2.5327381390       -0.1441909650
 C         -1.9038558866       -0.3082839948       -1.0548665947
 C         -0.4405175996       -2.5231388819       -0.2168946752
 C         -0.5256740698       -0.2924627645       -1.1430249600
 C         -6.5396888862        1.5752855096       -1.0098847872
 C          3.8075032215       -1.5416801813        0.1170088887
 C          5.1051316873        0.3187540600       -0.0709860483
 C          4.9262722222       -2.2583633810        0.5691823402
 C          6.2234989578       -0.4043917772        0.3819158993
 C          5.2330655611        1.7334710828       -0.4192921305
 C          7.5658063488        1.4233711880        0.2136267996
 H         -3.1634961264        0.4531221259        0.9524218961
 H         -3.9074659062        2.7540157101        0.8789651245
 H         -3.8686737738        2.0871143895       -0.7658322777
 H         -5.8742561650        3.4888263164       -0.3821023117
 H         -6.3975812384        2.4219213896        0.9399369965
 H         -5.7386975425       -0.6043498256        0.0515348963
 H          2.5526374922       -3.1819367376       -0.4584247566
 H          2.0179879531       -2.3119083758        0.9914168915
 H         -2.3396534761       -3.4113403438        0.2223227548
 H         -2.4717499400        0.5353209621       -1.4315802640
 H          1.9843371687       -0.4151852689       -0.9590176274
 H          0.1176757031       -3.4004823140        0.0870157053
 H         -0.0156887024        0.5693987765       -1.5589473394
 H          4.8400990777       -3.3104127369        0.8256583078
 H         -5.8740302358       -0.5630547293        3.3069315841
 H          6.6919814991        3.1666902256       -0.4768481991
 H         -6.4454609926        1.0408838180       -2.8214251655
 H          9.4713940887        1.4882627809        0.8045975584
 H          8.8282668110        3.0173947506        0.3758537704
  51
 Etot=        -101.0430168713
 O         -5.4718695208       -0.5859389457        2.4230219373
 O         -4.6479280235       -2.5418104776       -0.7303260699
 O         -4.8724023967        1.4956033697        2.9416439267
 O         -5.9886259411        1.6563521450       -2.2241082271
 O         -7.4771405833        0.8646049018       -0.7672769379
 O          4.3731141231        2.4810101212       -0.8218121137
 N         -4.7548316845       -0.3947615589       -0.0824021517
 N          1.5960546614       -1.3471396832       -0.8374675317
 N          3.9051199329       -0.2617408835       -0.1965936292
 N          6.1134645632       -1.7059865626        0.7026162500
 N          6.5360335318        2.1990107091       -0.2345740877
 N          7.4542630114        0.1694187876        0.5171201930
 N          8.7856451826        2.0172102125        0.2920881819
 C         -4.2340278022        0.6376013756        0.7874920418
 C         -4.3863654549        2.0488129471        0.1950037770
 C         -5.8495224069        2.4645713166       -0.0027787773
 C         -4.0521853840       -1.5228801039       -0.4511737038
 C         -2.5703332850       -1.4196578382       -0.5308527767
 C         -4.8907268428        0.5795542058        2.1632728524
 C          0.2268461707       -1.3905468802       -0.7020251357
 C          2.4522443856       -2.1854197225       -0.0117741636
 C         -1.8199602841       -2.5327393215       -0.1441969668
 C         -1.9038579409       -0.3082866006       -1.0548656629
 C         -0.4405180095       -2.5231414214       -0.2169009436
 C         -0.5256720808       -0.2924641460       -1.1430241691
 C         -6.5396607131        1.5752577048       -1.0098816730
 C          3.8075006481       -1.5416824700        0.1170055625
 C          5.1051311591        0.3187583424       -0.0709858859
 C          4.9262797826       -2.2583658797        0.5691776775
 C          6.2235002838       -0.4043935540        0.3819232780
 C          5.2330662387        1.7334680674       -0.4192915846
 C          7.5658026291        1.4233688674        0.2136271600
 H         -3.1634966174        0.4531209781        0.9524239940
 H         -3.9074663504        2.7540137637        0.8789623178
 H         -3.8686669129        2.0871135731       -0.7658321847
 H         -5.8742503366        3.4888301556       -0.3821003346
 H         -6.3975820089        2.4219244875        0.9399406643
 H         -5.7386959761       -0.6043479696        0.0515348251
 H          2.5526393992       -3.1819374851       -0.4584235581
 H          2.0179848843       -2.3119100629        0.9914167731
 H         -2.3396537116       -3.4113403561        0.2223262645
 H         -2.4717502471        0.5353177987       -1.4315839315
 H          1.9843358865       -0.4151857490       -0.9590177386
 H          0.1176758113       -3.4004835188        0.0870190468
 H         -0.0156877584        0.5693950302       -1.5589501487
 H          4.8400977756       -3.3104121787        0.8256596891
 H         -5.8740291812       -0.5630519933        3.3069320025
 H          6.6919768759        3.1666922730       -0.4768472836
 H         -6.4454599650        1.0408855351       -2.8214259868
 H          9.4713916577        1.4882660945        0.8045979049
 H          8.8282624399        3.0173977649        0.3758550332
