  32
 Etot=         -54.9522465106
 O         -2.2263309033       -1.0139867097        1.3921432196
 O         -2.9224209351       -0.9374792336       -1.2340994663
 O         -0.2584447934       -1.3032593787       -1.0065710549
 O          3.8673951848        1.3138183626       -0.7712437694
 O          2.6567886373        0.9242505694        1.0534562922
 N          0.9100161402       -1.1682787074        0.9086722556
 C         -1.9264650800        0.9869771822       -0.0006319809
 C         -1.2753449323       -0.1165328779        0.8827575421
 C         -3.0672173243        0.4204875209       -0.8923626541
 C         -0.8555397653        1.6700145769       -0.8646904675
 C         -2.5426951675        2.0269127310        0.9497911644
 C         -0.1703805851       -0.9068236163        0.1489288084
 C          2.0882244784       -1.7483825053        0.2851628162
 C          2.7362703706       -0.7538504002       -0.6842057093
 C          3.0637575034        0.5602364185       -0.0193996782
 H         -0.8098412344        0.3709277993        1.7536950710
 H         -3.1445137950        1.0439123461       -1.7996884020
 H         -4.0190383840        0.5019188975       -0.3517327722
 H          0.0107897304        1.9388136102       -0.2579128503
 H         -1.2612409626        2.5795461888       -1.3091702501
 H         -0.5271911655        1.0135013084       -1.6692426765
 H         -3.1040771585        2.7731750186        0.3865946165
 H         -1.7627300537        2.5369964449        1.5166830060
 H         -3.2177160810        1.5346119176        1.6505066333
 H          1.0660125010       -0.6338876837        1.7511363109
 H         -2.6879196372       -1.4233801160        0.6341274349
 H          2.7880697000       -2.0289478047        1.0759346720
 H          1.7832305881       -2.6420268533       -0.2664189089
 H         -1.9946501171       -1.1235090053       -1.4918562736
 H          2.0476141019       -0.5406880623       -1.5074101637
 H          3.6469743392       -1.1725472595       -1.1170025462
 H          4.0391390181        2.1551203087       -0.3166849732
