  35
 Etot=         -55.2951413035
 S          2.1370460808       -1.0147377761       -0.7698638270
 O          4.5725485275       -1.5246412147       -0.6835446782
 N          0.5248932347        0.8229972729       -0.2053300078
 N         -4.0032220220       -0.2123799494       -0.5484047881
 N         -2.8970025749       -0.9644287634        1.3892274343
 N         -3.1768652168        1.4055191676       -1.9248048630
 C          1.6326325134        1.0980672208        0.5740916879
 C         -0.7160687607        1.6220112375       -0.2214321524
 C          2.6176103275        0.1763691048        0.3809561528
 C          3.9664954628        0.0858096239        1.0158076363
 C         -1.8995068305        0.7218655823        0.0432163192
 C          0.6372993984       -0.2620393659       -0.9486781941
 C          1.6568668985        2.2761326812        1.4910310138
 C          5.0135024457       -0.3648866454       -0.0225436801
 C         -3.0246187349        0.6575402618       -0.7957320482
 C         -1.9070646914       -0.1237395243        1.1463298027
 C         -3.9138479767       -0.9856346852        0.5226157851
 C         -5.0263356915       -1.9416151659        0.7911961885
 H         -0.7815107945        2.0997750454       -1.2029464561
 H         -0.6270907703        2.4001619643        0.5390131225
 H          3.9307729311       -0.6490760121        1.8267313549
 H          4.2575517294        1.0482213831        1.4414864902
 H         -0.1526769263       -0.5927388003       -1.6047287608
 H          0.8773501638        2.1900807835        2.2492362382
 H          2.6193640743        2.3346620649        1.9953798690
 H          1.5006292147        3.2018309177        0.9360559394
 H          5.9770771262       -0.5304813272        0.4762016022
 H          5.1342359890        0.4126635289       -0.7852007543
 H         -1.0741678409       -0.1253334566        1.8452862791
 H         -2.7434252438        2.3106060910       -1.9773425542
 H         -4.1021841599        1.3505332285       -2.3217165908
 H          4.7413759192       -2.3209941903       -0.1616957606
 H         -4.6242426561       -2.9331961833        0.9968044567
 H         -5.5777273970       -1.6165737014        1.6747595482
 H         -5.7047541416       -1.9831222903       -0.0580857606
  35
 Etot=         -55.2951413088
 S          2.1370439963       -1.0147432963       -0.7698553286
 O          4.5725492636       -1.5246425165       -0.6835432173
 N          0.5248905845        0.8229919507       -0.2053255015
 N         -4.0032214041       -0.2123737043       -0.5483968003
 N         -2.8970005529       -0.9644243555        1.3892268006
 N         -3.1768575351        1.4055194854       -1.9247971685
 C          1.6326298785        1.0980726853        0.5740897747
 C         -0.7160707867        1.6220084368       -0.2214313755
 C          2.6176185124        0.1763737573        0.3809571820
 C          3.9664922214        0.0858108779        1.0158001434
 C         -1.8995017273        0.7218687735        0.0432189664
 C          0.6372927481       -0.2620318120       -0.9486743194
 C          1.6568671912        2.2761249033        1.4910283325
 C          5.0135048091       -0.3648857302       -0.0225403008
 C         -3.0246231941        0.6575324063       -0.7957322211
 C         -1.9070898217       -0.1237305437        1.1463293216
 C         -3.9138553176       -0.9856505088        0.5226102450
 C         -5.0263363139       -1.9416162846        0.7911973092
 H         -0.7815100488        2.0997690567       -1.2029493604
 H         -0.6270913301        2.4001621957        0.5390150095
 H          3.9307760776       -0.6490722972        1.8267180764
 H          4.2575502950        1.0482206887        1.4414895630
 H         -0.1526683581       -0.5927321076       -1.6047318071
 H          0.8773484274        2.1900781706        2.2492320422
 H          2.6193623787        2.3346578073        1.9953773350
 H          1.5006294906        3.2018243337        0.9360595673
 H          5.9770874069       -0.5304799630        0.4762000067
 H          5.1342271982        0.4126619525       -0.7851897063
 H         -1.0741717759       -0.1253402040        1.8452714366
 H         -2.7434263213        2.3105976296       -1.9773428466
 H         -4.1021791018        1.3505309208       -2.3217105070
 H          4.7413761595       -2.3209890762       -0.1617017850
 H         -4.6242367013       -2.9331861788        0.9968108552
 H         -5.5777263606       -1.6165610617        1.6747481589
 H         -5.7047403805       -1.9831182834       -0.0580818365
