  51
 Etot=        -101.0496631147
 O         -4.7937803533        3.6568672271        0.7488112957
 O         -2.6830816909        0.2706475928       -1.6832206053
 O         -3.1748981124        2.6466043811        1.9026370631
 O         -5.3597129560       -0.2472879661       -1.9855461918
 O         -4.7665376291       -2.1691143351       -1.0153725185
 O          4.3199992909        0.4641283473       -2.8194874343
 N         -3.3555890717        0.3715544030        0.4832966334
 N          1.7483954192       -3.4803913955        0.9564168105
 N          3.7939079827       -1.2429948682       -0.5894105604
 N          4.1709922978       -0.1044390989        1.9312629031
 N          4.7976942575        2.1292608989       -1.3724604376
 N          4.7657195302        1.9094991468        0.9669864000
 N          5.3693685797        3.8995570970        0.0099300761
 C         -4.3288851578        1.4028269412        0.1887504037
 C         -5.7825800203        0.9500728203        0.4688236445
 C         -5.9750223053       -0.5592157688        0.2869706331
 C         -2.5128743571       -0.0506371807       -0.5187951919
 C         -1.4162793434       -0.9450838747       -0.0874267888
 C         -4.0095041742        2.6158614867        1.0390283960
 C          0.7303440293       -2.6149713132        0.5850869847
 C          3.0720181368       -3.3449671287        0.3563996075
 C         -1.3911219193       -1.6030892025        1.1454020739
 C         -0.3657313908       -1.1615078482       -0.9857051039
 C         -0.3348891517       -2.4288472548        1.4761303419
 C          0.6969117674       -1.9798084534       -0.6614785497
 C         -5.3013915869       -1.0963533227       -0.9613174635
 C          3.5889761024       -1.9348964480        0.5186777131
 C          4.1914222250        0.0287700818       -0.4575410628
 C          3.7811682777       -1.3530383217        1.7795261355
 C          4.3784306587        0.6098669443        0.8110934955
 C          4.4201427265        0.8171853859       -1.6690201685
 C          4.9494829244        2.6109832844       -0.1055698210
 H         -4.2283638169        1.6673317869       -0.8716237558
 H         -6.0634386732        1.2134845445        1.4923600157
 H         -6.4402211717        1.4966338634       -0.2109010274
 H         -7.0433354538       -0.7816494943        0.2204646033
 H         -5.5672590477       -1.1085654114        1.1381659034
 H         -2.9987951985        0.3863356262        1.4292624836
 H          3.0253906467       -3.5947912400       -0.7065990292
 H          3.7293649258       -4.0622424451        0.8566960467
 H         -2.2095960021       -1.4896434191        1.8482247148
 H         -0.3953936469       -0.6656135111       -1.9498662384
 H          1.7852234029       -3.6422973746        1.9556573603
 H         -0.3244700847       -2.9409407484        2.4326681003
 H          1.5013204840       -2.1178268988       -1.3727942477
 H          3.6064460735       -1.9292789402        2.6840801381
 H         -4.5597693658        4.4057232735        1.3216298433
 H          4.9802687782        2.7201274496       -2.1705009268
 H         -4.7032901909       -0.5160210647       -2.6541562015
 H          5.2731289754        4.2806038700        0.9365784097
 H          5.1940819797        4.5269001325       -0.7552139882
  51
 Etot=        -101.0496631115
 O         -4.7937688324        3.6568578893        0.7488201177
 O         -2.6830802090        0.2706455616       -1.6832198681
 O         -3.1749180714        2.6466020362        1.9026216034
 O         -5.3597146738       -0.2472980637       -1.9855374928
 O         -4.7665487056       -2.1691009646       -1.0153806443
 O          4.3199948719        0.4641296238       -2.8194877057
 N         -3.3555907841        0.3715578691        0.4833004016
 N          1.7484012981       -3.4803953771        0.9564200218
 N          3.7939057235       -1.2429924470       -0.5894125672
 N          4.1709944195       -0.1044388314        1.9312620644
 N          4.7976909141        2.1292582835       -1.3724641834
 N          4.7657181031        1.9094948471        0.9669844095
 N          5.3693706185        3.8995569593        0.0099274676
 C         -4.3288839493        1.4028247802        0.1887563267
 C         -5.7825859592        0.9500750907        0.4688321966
 C         -5.9750165615       -0.5592159632        0.2869522704
 C         -2.5128721758       -0.0506384034       -0.5188004058
 C         -1.4162773847       -0.9450835219       -0.0874240369
 C         -4.0094927287        2.6158619246        1.0390317901
 C          0.7303422797       -2.6149680202        0.5850849157
 C          3.0720197211       -3.3449688795        0.3564000395
 C         -1.3911222521       -1.6030901605        1.1453997868
 C         -0.3657370746       -1.1615111481       -0.9857055286
 C         -0.3348932097       -2.4288494085        1.4761318598
 C          0.6969137293       -1.9798091165       -0.6614772706
 C         -5.3013848340       -1.0963543956       -0.9613172004
 C          3.5889759250       -1.9348974221        0.5186801803
 C          4.1914199982        0.0287718978       -0.4575434405
 C          3.7811665185       -1.3530327682        1.7795278226
 C          4.3784353554        0.6098702381        0.8110963495
 C          4.4201469110        0.8171858330       -1.6690166991
 C          4.9494828105        2.6109843327       -0.1055690368
 H         -4.2283606323        1.6673341091       -0.8716234197
 H         -6.0634403098        1.2134891993        1.4923644034
 H         -6.4402203304        1.4966318824       -0.2109024247
 H         -7.0433399533       -0.7816478528        0.2204646047
 H         -5.5672617446       -1.1085622431        1.1381595517
 H         -2.9987959725        0.3863329797        1.4292628558
 H          3.0253905766       -3.5947907313       -0.7065972039
 H          3.7293651357       -4.0622429720        0.8566977676
 H         -2.2095963707       -1.4896450347        1.8482251136
 H         -0.3953938910       -0.6656140294       -1.9498662246
 H          1.7852233088       -3.6422949163        1.9556580515
 H         -0.3244682758       -2.9409400157        2.4326687848
 H          1.5013218059       -2.1178270328       -1.3727926089
 H          3.6064501940       -1.9292794905        2.6840805264
 H         -4.5597672085        4.4057215083        1.3216327411
 H          4.9802668439        2.7201278638       -2.1705014836
 H         -4.7032895629       -0.5160190201       -2.6541565329
 H          5.2731305665        4.2806048908        0.9365777099
 H          5.1940816290        4.5269008857       -0.7552148386
  51
 Etot=        -101.0496631072
 O         -4.7937573115        3.6568485515        0.7488289397
 O         -2.6830787271        0.2706435305       -1.6832191309
 O         -3.1749380304        2.6465996913        1.9026061437
 O         -5.3597163916       -0.2473081613       -1.9855287939
 O         -4.7665597822       -2.1690875941       -1.0153887700
 O          4.3199904528        0.4641309003       -2.8194879771
 N         -3.3555924965        0.3715613352        0.4833041698
 N          1.7484071771       -3.4803993587        0.9564232331
 N          3.7939034643       -1.2429900258       -0.5894145741
 N          4.1709965411       -0.1044385639        1.9312612257
 N          4.7976875707        2.1292556680       -1.3724679292
 N          4.7657166760        1.9094905473        0.9669824190
 N          5.3693726574        3.8995568216        0.0099248591
 C         -4.3288827407        1.4028226193        0.1887622497
 C         -5.7825918981        0.9500773612        0.4688407487
 C         -5.9750108176       -0.5592161576        0.2869339077
 C         -2.5128699946       -0.0506396261       -0.5188056197
 C         -1.4162754259       -0.9450831690       -0.0874212850
 C         -4.0094812832        2.6158623626        1.0390351842
 C          0.7303405300       -2.6149647272        0.5850828467
 C          3.0720213054       -3.3449706303        0.3564004715
 C         -1.3911225849       -1.6030911184        1.1453974998
 C         -0.3657427585       -1.1615144481       -0.9857059532
 C         -0.3348972677       -2.4288515621        1.4761333777
 C          0.6969156912       -1.9798097796       -0.6614759915
 C         -5.3013780812       -1.0963554684       -0.9613169372
 C          3.5889757476       -1.9348983963        0.5186826476
 C          4.1914177713        0.0287737137       -0.4575458182
 C          3.7811647593       -1.3530272146        1.7795295097
 C          4.3784400522        0.6098735319        0.8110992035
 C          4.4201510955        0.8171862802       -1.6690132298
 C          4.9494826965        2.6109853811       -0.1055682525
 H         -4.2283574476        1.6673364313       -0.8716230835
 H         -6.0634419464        1.2134938541        1.4923687911
 H         -6.4402194891        1.4966299015       -0.2109038220
 H         -7.0433444528       -0.7816462113        0.2204646062
 H         -5.5672644415       -1.1085590748        1.1381531999
 H         -2.9987967465        0.3863303331        1.4292632280
 H          3.0253905066       -3.5947902225       -0.7065953786
 H          3.7293653456       -4.0622434988        0.8566994885
 H         -2.2095967393       -1.4896466504        1.8482255124
 H         -0.3953941351       -0.6656145476       -1.9498662109
 H          1.7852232147       -3.6422924580        1.9556587428
 H         -0.3244664668       -2.9409392831        2.4326694692
 H          1.5013231277       -2.1178271667       -1.3727909701
 H          3.6064543145       -1.9292800407        2.6840809147
 H         -4.5597650511        4.4057197430        1.3216356389
 H          4.9802649095        2.7201282779       -2.1705020403
 H         -4.7032889350       -0.5160169754       -2.6541568643
 H          5.2731321575        4.2806059116        0.9365770101
 H          5.1940812782        4.5269016388       -0.7552156890
  51
 Etot=        -101.0496631380
 O         -4.7935675484        3.6567954872        0.7490076938
 O         -2.6830667479        0.2705467295       -1.6832069771
 O         -3.1748410879        2.6462844045        1.9028165090
 O         -5.3597513939       -0.2470702500       -1.9857043930
 O         -4.7668233380       -2.1690485582       -1.0157125701
 O          4.3197058166        0.4641738524       -2.8195002500
 N         -3.3556233168        0.3714252451        0.4833046919
 N          1.7484557803       -3.4803800985        0.9565540480
 N          3.7938171371       -1.2429319288       -0.5893618500
 N          4.1711510689       -0.1043575652        1.9312704734
 N          4.7975910762        2.1292905095       -1.3725304292
 N          4.7658361118        1.9095428564        0.9669193313
 N          5.3694377060        3.8995864866        0.0097907398
 C         -4.3288621176        1.4027616115        0.1887900189
 C         -5.7826156202        0.9501426022        0.4688179646
 C         -5.9751474935       -0.5591081689        0.2867462517
 C         -2.5128980319       -0.0507632527       -0.5187845885
 C         -1.4163159448       -0.9452194909       -0.0874043703
 C         -4.0093782697        2.6157038690        1.0391399916
 C          0.7303580289       -2.6150142742        0.5851697375
 C          3.0720700729       -3.3449269459        0.3565276365
 C         -1.3911680452       -1.6032215453        1.1454222740
 C         -0.3657743339       -1.1616541475       -0.9856803327
 C         -0.3349096111       -2.4289354180        1.4761822529
 C          0.6969140277       -1.9798889829       -0.6614130674
 C         -5.3015135757       -1.0962064736       -0.9615446395
 C          3.5889817784       -1.9348271575        0.5187538563
 C          4.1913731600        0.0288249330       -0.4575380838
 C          3.7812618126       -1.3529409713        1.7795790486
 C          4.3785190397        0.6099245754        0.8110775550
 C          4.4200222397        0.8172170394       -1.6690405925
 C          4.9495069759        2.6110206361       -0.1056558101
 H         -4.2282693620        1.6673494021       -0.8715556707
 H         -6.0634927835        1.2135229080        1.4923708175
 H         -6.4401852653        1.4967787252       -0.2109111143
 H         -7.0434788490       -0.7814607847        0.2202180895
 H         -5.5674477691       -1.1085590940        1.1378913585
 H         -2.9988596290        0.3861365196        1.4292850694
 H          3.0254283984       -3.5947763429       -0.7064639627
 H          3.7294394983       -4.0621796987        0.8568311822
 H         -2.2096469859       -1.4897849753        1.8482397561
 H         -0.3954257192       -0.6657571688       -1.9498416555
 H          1.7852911497       -3.6421973717        1.9558072808
 H         -0.3244315763       -2.9409479408        2.4327624553
 H          1.5013732216       -2.1178451631       -1.3726851965
 H          3.6067334154       -1.9292176603        2.6841469581
 H         -4.5595310198        4.4055691428        1.3219212234
 H          4.9800838943        2.7201538457       -2.1705924482
 H         -4.7033253455       -0.5157938488       -2.6543108273
 H          5.2733011104        4.2806460580        0.9364441864
 H          5.1940858601        4.5269300955       -0.7553387054
