  32
 Etot=         -54.9476431530
 O         -1.5379675411       -1.4794995946        1.3868955059
 O         -3.5334288841        1.9854043573        0.4719128932
 O         -0.0140190627        1.0841571855       -0.5202700029
 O          4.9235274725        1.0730620991        0.6983246593
 O          4.6569231883       -0.4789760023       -0.8771137173
 N          0.6128775867       -0.9882758611        0.1093852015
 C         -2.7596700358       -0.1932148667       -0.3321117565
 C         -1.6102993689       -0.2306755230        0.7179823412
 C         -3.0672425163        1.2847175944       -0.6635485854
 C         -4.0131510517       -0.8577212723        0.2602293003
 C         -2.3482965787       -0.9393193364       -1.6075851018
 C         -0.2596324537        0.0344182776        0.0483456033
 C          1.9552791290       -0.8185604781       -0.4127681511
 C          2.7603055132        0.1466419043        0.4638751017
 C          4.1950583328        0.1940544761        0.0043009782
 H         -1.7825395765        0.5785397981        1.4477919941
 H         -3.8043829246        1.3313155193       -1.4808565165
 H         -2.1525507203        1.7894780898       -0.9900044811
 H         -4.8622640936       -0.7159621410       -0.4094441289
 H         -4.2591631032       -0.4242191519        1.2308923111
 H         -3.8534675800       -1.9284827383        0.3877206926
 H         -3.1993116398       -1.0334436679       -2.2828718417
 H         -1.9908988271       -1.9380305804       -1.3538188582
 H         -1.5527269120       -0.4054260850       -2.1268669200
 H          0.4060710110       -1.7776578687        0.7016596423
 H         -2.2745664014       -1.5616480492        2.0051414463
 H          2.4418353601       -1.7962780659       -0.4508391897
 H          1.8895093021       -0.4144894040       -1.4277946378
 H         -4.4461887161        1.7414182721        0.6674085026
 H          2.7413020025       -0.1632513303        1.5119598378
 H          2.3373705087        1.1529394737        0.4085341268
 H          5.8338700217        1.0690410601        0.3599629165
