  47
 Etot=         -87.7490358410
 O          1.8537299965        2.2627411773       -0.0083061769
 O          2.9118318877       -1.1494803732        0.6044231501
 O          3.6773234391        1.4841637109        1.9298637507
 O          5.5112637729        1.2141722824       -1.1500038052
 O         -3.0499771603       -3.9224716339        0.5115654994
 O          1.3732797345       -4.2208057243       -0.3068428390
 N         -0.4755323524       -0.0545798970       -0.6047547485
 N         -2.9172770268       -1.1170736196        0.1890178112
 N          0.4937654453       -2.1275150016       -0.4563752744
 N         -0.8459305314       -4.0216220874        0.0344884106
 C          1.7244081337        0.8585656406        0.0595851319
 C          0.8084895422        0.4298608504       -1.1049027620
 C          3.0833358646        0.1066396500       -0.0065715066
 C          4.1970457923        0.8311933433        0.7808704409
 C         -1.5270274286        0.7931521500       -0.3552963722
 C         -0.5820941853       -1.3898497266       -0.3393815717
 C         -2.7630529669        0.2247566727        0.0347650980
 C         -1.4256953389        2.1865805751       -0.4609587433
 C         -1.8809347515       -1.8870148192        0.0304512576
 C          4.9140675741        1.8897261254       -0.0619285836
 C         -2.5169890345        2.9970926520       -0.2097209732
 C         -3.8651324918        1.0632946508        0.2759578386
 C         -3.7607667677        2.4306997491        0.1557890133
 C         -2.0257407601       -3.3521178868        0.2224968514
 C         -2.3695896993        4.4875498832       -0.3200318025
 C         -4.9506683399        3.3102280155        0.4217231426
 C          0.4190059104       -3.4860717923       -0.2504684462
 H          1.2460431588        0.5752256375        1.0138229324
 H          0.6423567163        1.2749160720       -1.7745485357
 H          1.2530526324       -0.3875145977       -1.6780001619
 H          3.4145667040       -0.0039607062       -1.0540152001
 H          4.9328601244        0.0672429394        1.0804158512
 H         -0.4783050103        2.6455815826       -0.7135454028
 H          4.2025141781        2.6514069887       -0.4153540884
 H          5.6715945398        2.3848727078        0.5652733950
 H         -4.7985104976        0.5964195721        0.5683437605
 H          2.3093774273        2.5550527721        0.8004564950
 H          2.2158841043       -1.6717630544        0.1408034013
 H          3.3699896783        0.8069060347        2.5479626507
 H         -3.0562960582        4.8827679486       -1.0708151278
 H         -2.6065998423        4.9648015892        0.6325743376
 H         -1.3526769665        4.7586205079       -0.6015443794
 H         -4.7410841663        4.0002149604        1.2412492376
 H         -5.1931041710        3.9032507771       -0.4620509599
 H         -5.8208523000        2.7106950095        0.6869948732
 H         -0.8637744519       -5.0234684294        0.1700884226
 H          6.0157592465        1.8321528346       -1.6923333278
  47
 Etot=         -87.7490358393
 O          1.8537224392        2.2627378123       -0.0083141234
 O          2.9118284260       -1.1494864997        0.6044152277
 O          3.6773318020        1.4841754357        1.9298477557
 O          5.5112683147        1.2141826543       -1.1500066263
 O         -3.0499745866       -3.9224697221        0.5115648809
 O          1.3732913391       -4.2208179354       -0.3068499196
 N         -0.4755292943       -0.0545785222       -0.6047519870
 N         -2.9172833183       -1.1170712912        0.1890178951
 N          0.4937610284       -2.1275137755       -0.4563822252
 N         -0.8459352837       -4.0216066343        0.0344830342
 C          1.7244078068        0.8585658870        0.0595867321
 C          0.8084893335        0.4298607029       -1.1049063935
 C          3.0833371316        0.1066398508       -0.0065697683
 C          4.1970521257        0.8311933413        0.7808745049
 C         -1.5270261250        0.7931527696       -0.3552986135
 C         -0.5820911012       -1.3898514859       -0.3393806692
 C         -2.7630527283        0.2247559763        0.0347698609
 C         -1.4257015462        2.1865822293       -0.4609669292
 C         -1.8809296086       -1.8870224410        0.0304471684
 C          4.9140604614        1.8897212276       -0.0619328970
 C         -2.5169932609        2.9970824181       -0.2097087745
 C         -3.8651312554        1.0633076187        0.2759513281
 C         -3.7607664027        2.4306927954        0.1557899622
 C         -2.0257405455       -3.3521196710        0.2225020027
 C         -2.3695778904        4.4875420035       -0.3200294576
 C         -4.9506643803        3.3102355564        0.4217210973
 C          0.4189964053       -3.4860583650       -0.2504456696
 H          1.2460444118        0.5752244731        1.0138214803
 H          0.6423585165        1.2749108308       -1.7745454505
 H          1.2530510864       -0.3875145531       -1.6780004337
 H          3.4145670283       -0.0039585927       -1.0540191403
 H          4.9328569226        0.0672449822        1.0804140288
 H         -0.4783048695        2.6455819013       -0.7135400304
 H          4.2025147079        2.6514112917       -0.4153550446
 H          5.6715967589        2.3848745063        0.5652740158
 H         -4.7985158707        0.5964171971        0.5683440853
 H          2.3093808497        2.5550540319        0.8004641964
 H          2.2158872701       -1.6717611639        0.1408072922
 H          3.3699846206        0.8068899262        2.5479763745
 H         -3.0563039538        4.8827788892       -1.0708339243
 H         -2.6066048608        4.9648027457        0.6325861751
 H         -1.3526698008        4.7586242789       -0.6015392373
 H         -4.7410887998        4.0002078311        1.2412443572
 H         -5.1930995152        3.9032487566       -0.4620428143
 H         -5.8208500676        2.7106964238        0.6869861917
 H         -0.8637751740       -5.0234804777        0.1700918570
 H          6.0157547569        1.8321504988       -1.6923294111
  47
 Etot=         -87.7490358610
 O          1.8536441038        2.2626749936       -0.0082562261
 O          2.9119584481       -1.1495448160        0.6042147796
 O          3.6773762546        1.4840490978        1.9298407111
 O          5.5112410913        1.2144133134       -1.1501053462
 O         -3.0500252821       -3.9224566260        0.5116792367
 O          1.3732185738       -4.2208343482       -0.3067406463
 N         -0.4755485526       -0.0546091460       -0.6047205318
 N         -2.9173256787       -1.1170763890        0.1889978126
 N          0.4937326342       -2.1275436997       -0.4563043478
 N         -0.8459622061       -4.0216175223        0.0346620304
 C          1.7244168180        0.8584888580        0.0595749622
 C          0.8084778599        0.4297836217       -1.1048957310
 C          3.0833810022        0.1066372805       -0.0066835822
 C          4.1970829953        0.8311963861        0.7807771883
 C         -1.5270446520        0.7931311907       -0.3552997977
 C         -0.5821250521       -1.3898706121       -0.3393251702
 C         -2.7630889828        0.2247474191        0.0347335364
 C         -1.4256978608        2.1865632441       -0.4609324605
 C         -1.8809705668       -1.8870233797        0.0304955551
 C          4.9140160682        1.8898350227       -0.0619705433
 C         -2.5169639101        2.9970886736       -0.2096426204
 C         -3.8651945855        1.0632966513        0.2758075549
 C         -3.7607833598        2.4307001123        0.1557168939
 C         -2.0257764888       -3.3521106897        0.2226342309
 C         -2.3695044255        4.4875605946       -0.3198779440
 C         -4.9506693923        3.3102537986        0.4215703483
 C          0.4189817177       -3.4860710635       -0.2502329474
 H          1.2461024426        0.5750787088        1.0138151430
 H          0.6423638068        1.2748308121       -1.7745427425
 H          1.2530063856       -0.3876038110       -1.6780015145
 H          3.4145701522       -0.0038453982       -1.0541564329
 H          4.9329320412        0.0672546827        1.0802437174
 H         -0.4782573083        2.6455690000       -0.7133064218
 H          4.2024454781        2.6515386481       -0.4153244740
 H          5.6715404726        2.3849638946        0.5652527254
 H         -4.7986007818        0.5964217397        0.5681260359
 H          2.3093177363        2.5549684697        0.8005031618
 H          2.2159547873       -1.6718018740        0.1406588092
 H          3.3701233462        0.8067222235        2.5479210009
 H         -3.0559330445        4.8828628668       -1.0709190421
 H         -2.6068414440        4.9647450413        0.6326988768
 H         -1.3524730486        4.7586454661       -0.6009954371
 H         -4.7412633637        4.0000118778        1.2413183452
 H         -5.1928342940        3.9035074060       -0.4621040617
 H         -5.8209557129        2.7107079161        0.6864349982
 H         -0.8638094739       -5.0234667579        0.1702767890
 H          6.0156985558        1.8324628347       -1.6923844577
