  35
 Etot=         -55.2963933410
 S          2.0449690763        1.1645461936        1.6379371704
 O          3.0335058460       -2.2314589073       -0.5488108637
 N          0.6372246985        1.1023785357       -0.4277755621
 N         -3.7911649972        0.0647080140        0.2977283325
 N         -2.3633579825       -1.7873956870        0.0262347003
 N         -3.2519473738        2.1810110198       -0.3572964697
 C          1.8091854935        0.4797616978       -0.8070579548
 C         -0.5620243171        1.2289637944       -1.2786678552
 C          2.7030252372        0.4359331146        0.2234978026
 C          4.0409542749       -0.2249877029        0.2494713663
 C         -1.6588085157        0.3601409456       -0.7086833325
 C          0.6115012529        1.5121935590        0.8268545238
 C          2.0023436333       -0.0457438395       -2.1889676817
 C          3.8773915157       -1.7402833173        0.4694557278
 C         -2.8974405035        0.8653405404       -0.2803781494
 C         -1.4560300362       -1.0028346500       -0.5283948280
 C         -3.5041794459       -1.2216477793        0.4290774077
 C         -4.5269502162       -2.1054376345        1.0586580881
 H         -0.2910554028        0.9266640908       -2.2915699885
 H         -0.8437355241        2.2845660361       -1.2912070328
 H          4.6559486651        0.1913111357        1.0489575139
 H          4.5474969874       -0.0621078006       -0.7052601871
 H         -0.2438462536        2.0010148638        1.2650871922
 H          3.0244776978       -0.3988806872       -2.3056885204
 H          1.3343837256       -0.8883482038       -2.3693507932
 H          1.8065670974        0.7268462286       -2.9330005436
 H          3.4395908420       -1.9228218461        1.4634523191
 H          4.8699286498       -2.2105561510        0.4251237600
 H         -0.5220771679       -1.4684851409       -0.8328580169
 H         -2.8792514490        2.7424288613       -1.1033508452
 H         -4.2272940513        2.3411794992       -0.1556438891
 H          3.0977750293       -3.1943562548       -0.6033661859
 H         -4.0479018809       -2.8093209298        1.7377104295
 H         -5.2660634336       -1.5113118018        1.5918033659
 H         -5.0320230661       -2.6810326726        0.2809778312
  35
 Etot=         -55.2963933431
 S          2.0449651633        1.1645405131        1.6379387016
 O          3.0335030511       -2.2314579699       -0.5488016831
 N          0.6372172008        1.1023701948       -0.4277630611
 N         -3.7911648040        0.0647082973        0.2977344986
 N         -2.3633611035       -1.7873964104        0.0262390287
 N         -3.2519423822        2.1810109211       -0.3572976686
 C          1.8091761277        0.4797655843       -0.8070645073
 C         -0.5620296135        1.2289666124       -1.2786753342
 C          2.7030341181        0.4359472606        0.2234949123
 C          4.0409529731       -0.2249890658        0.2494693074
 C         -1.6588040193        0.3601366445       -0.7086761424
 C          0.6114987521        1.5121779516        0.8268484141
 C          2.0023369894       -0.0457443274       -2.1889670229
 C          3.8773950310       -1.7402868785        0.4694611945
 C         -2.8974313263        0.8653386867       -0.2803705957
 C         -1.4560306330       -1.0028377496       -0.5283813387
 C         -3.5041873666       -1.2216527561        0.4290625003
 C         -4.5269590331       -2.1054384922        1.0586588262
 H         -0.2910548748        0.9266638602       -2.2915778113
 H         -0.8437293938        2.2845733771       -1.2912087860
 H          4.6559533144        0.1913062908        1.0489493027
 H          4.5474990214       -0.0621028136       -0.7052545601
 H         -0.2438403526        2.0010301180        1.2650858155
 H          3.0244737563       -0.3988790396       -2.3056823365
 H          1.3343839432       -0.8883547930       -2.3693519203
 H          1.8065634424        0.7268478191       -2.9330031063
 H          3.4395935963       -1.9228173929        1.4634560793
 H          4.8699409513       -2.2105611059        0.4251229159
 H         -0.5220787030       -1.4684893976       -0.8328697527
 H         -2.8792533771        2.7424276762       -1.1033460553
 H         -4.2272964754        2.3411818320       -0.1556431215
 H          3.0977808142       -3.1943512026       -0.6033693283
 H         -4.0478970225       -2.8093200906        1.7377083447
 H         -5.2660673987       -1.5113032778        1.5918012297
 H         -5.0320222614       -2.6810337522        0.2809718922
