  47
 Etot=         -87.7441890363
 O         -1.6033897659        2.9252300634        1.3832369090
 O         -1.4033397306        2.5821043627       -1.6872583344
 O         -3.3009473047        0.6429627434       -1.8377944493
 O         -3.7620826095        3.3683231521       -0.5051183832
 O          4.6322834702       -0.9681798532       -1.2882157103
 O          3.8350879561        3.0217432841        0.6541842855
 N          0.4579672568       -0.0449610389        0.8743026128
 N          2.0448230551       -1.8390483321       -0.5539656845
 N          2.1244660448        1.5170283887        0.7732640540
 N          4.1763781839        1.0116143698       -0.3039753543
 C         -0.7610662321        2.1073267768        0.6019555690
 C         -0.3114022659        0.9893697096        1.5618090795
 C         -1.4433836312        1.5853502228       -0.6849684247
 C         -2.8940117172        1.0569075130       -0.5489421580
 C         -0.0258865596       -1.3041919878        0.6013960750
 C          1.7209764254        0.3140870756        0.4757533503
 C          0.7960912243       -2.1879668674       -0.1401778864
 C         -1.2830644701       -1.7634809044        1.0191248790
 C          2.4948395802       -0.6597258788       -0.2500617442
 C         -3.9211605810        2.0589144672        0.0216793029
 C         -1.7316603406       -3.0304010432        0.6906638310
 C          0.3267597214       -3.4712752351       -0.4651773785
 C         -0.9208783144       -3.9004969943       -0.0713054439
 C          3.8614647647       -0.2653193698       -0.6795067798
 C         -3.0914480336       -3.4727234837        1.1496592044
 C         -1.4067598202       -5.2745144342       -0.4389900263
 C          3.3840882161        1.9318410310        0.4071852603
 H          0.1296331535        2.6732903946        0.2790622887
 H          0.3396732212        1.4393640096        2.3175700429
 H         -1.1789290501        0.5582649386        2.0590391587
 H         -0.8354071995        0.7562456673       -1.0764673096
 H         -2.9028134843        0.1653983224        0.0953880514
 H         -1.9258570452       -1.1342190834        1.6213409560
 H         -4.9263337289        1.6765683040       -0.2062247925
 H         -3.8121893069        2.1306512250        1.1077235203
 H          0.9843919079       -4.1142189916       -1.0386304853
 H         -1.9598122188        3.6511767711        0.8494737410
 H         -1.9138187638        3.3512625585       -1.3855099232
 H         -2.9076005747        1.2553934328       -2.4814170703
 H         -3.5802996284       -2.6931826858        1.7332761683
 H         -3.7213943531       -3.7104452362        0.2905620684
 H         -3.0126882747       -4.3711991808        1.7642860616
 H         -0.6566280160       -5.8031656158       -1.0261435041
 H         -1.6207815053       -5.8581799996        0.4583051978
 H         -2.3255816292       -5.2107410192       -1.0247619799
 H          5.0942905085        1.3493566964       -0.5603209290
 H         -4.1297455364        3.3941741650       -1.3980449418
  47
 Etot=         -87.7441890339
 O         -1.6033912284        2.9252288950        1.3832394966
 O         -1.4033343636        2.5821067517       -1.6872564359
 O         -3.3009410257        0.6429636513       -1.8377962529
 O         -3.7620795209        3.3683196085       -0.5051219602
 O          4.6322824421       -0.9681795466       -1.2882177110
 O          3.8350876800        3.0217499416        0.6541810460
 N          0.4579701416       -0.0449649305        0.8743031670
 N          2.0448149855       -1.8390524568       -0.5539674533
 N          2.1244692386        1.5170320233        0.7732670895
 N          4.1763785047        1.0116150869       -0.3039743041
 C         -0.7610666773        2.1073267593        0.6019574979
 C         -0.3114015517        0.9893682253        1.5618103027
 C         -1.4433812730        1.5853516997       -0.6849683587
 C         -2.8940079864        1.0569069687       -0.5489442509
 C         -0.0258848847       -1.3041859658        0.6013981920
 C          1.7209690640        0.3140793022        0.4757531940
 C          0.7960933992       -2.1879645409       -0.1401801097
 C         -1.2830640811       -1.7634823799        1.0191277153
 C          2.4948400967       -0.6597195327       -0.2500595862
 C         -3.9211589871        2.0589110158        0.0216761015
 C         -1.7316604097       -3.0303987344        0.6906677257
 C          0.3267567743       -3.4712744459       -0.4651796959
 C         -0.9208781211       -3.9004962189       -0.0713063425
 C          3.8614606997       -0.2653183528       -0.6795094465
 C         -3.0914475836       -3.4727245043        1.1496636454
 C         -1.4067624740       -5.2745132660       -0.4389915058
 C          3.3840824078        1.9318375409        0.4071832138
 H          0.1296328501        2.6732905563        0.2790658928
 H          0.3396718234        1.4393634742        2.3175736705
 H         -1.1789302066        0.5582645135        2.0590394248
 H         -0.8354028137        0.7562480036       -1.0764666025
 H         -2.9028099738        0.1653957082        0.0953843936
 H         -1.9258563551       -1.1342200651        1.6213456943
 H         -4.9263315666        1.6765636959       -0.2062304040
 H         -3.8121905072        2.1306477837        1.1077201514
 H          0.9843889980       -4.1142178670       -1.0386334631
 H         -1.9598128328        3.6511765770        0.8494753642
 H         -1.9138194395        3.3512626845       -1.3855086208
 H         -2.9075931168        1.2553949664       -2.4814199899
 H         -3.5802981063       -2.6931842587        1.7332822337
 H         -3.7213955579       -3.7104457894        0.2905673987
 H         -3.0126861091       -4.3712006120        1.7642896120
 H         -0.6566306991       -5.8031640309       -1.0261455342
 H         -1.6207849307       -5.8581797202        0.4583030184
 H         -2.3255836740       -5.2107380553       -1.0247638042
 H          5.0942877734        1.3493584793       -0.5603236191
 H         -4.1297478235        3.3941737716       -1.3980468167
  47
 Etot=         -87.7441890371
 O         -1.6033926909        2.9252277267        1.3832420843
 O         -1.4033289966        2.5821091406       -1.6872545373
 O         -3.3009347467        0.6429645593       -1.8377980564
 O         -3.7620764323        3.3683160649       -0.5051255371
 O          4.6322814141       -0.9681792400       -1.2882197117
 O          3.8350874039        3.0217565991        0.6541778066
 N          0.4579730265       -0.0449688221        0.8743037211
 N          2.0448069159       -1.8390565816       -0.5539692222
 N          2.1244724324        1.5170356578        0.7732701250
 N          4.1763788254        1.0116158040       -0.3039732539
 C         -0.7610671225        2.1073267418        0.6019594269
 C         -0.3114008375        0.9893667409        1.5618115259
 C         -1.4433789148        1.5853531766       -0.6849682926
 C         -2.8940042555        1.0569064243       -0.5489463438
 C         -0.0258832098       -1.3041799439        0.6014003089
 C          1.7209617025        0.3140715289        0.4757530376
 C          0.7960955741       -2.1879622143       -0.1401823330
 C         -1.2830636922       -1.7634838553        1.0191305516
 C          2.4948406133       -0.6597131866       -0.2500574281
 C         -3.9211573932        2.0589075644        0.0216729002
 C         -1.7316604787       -3.0303964256        0.6906716203
 C          0.3267538271       -3.4712736566       -0.4651820133
 C         -0.9208779277       -3.9004954435       -0.0713072410
 C          3.8614566347       -0.2653173357       -0.6795121132
 C         -3.0914471336       -3.4727255250        1.1496680865
 C         -1.4067651278       -5.2745120978       -0.4389929852
 C          3.3840765994        1.9318340508        0.4071811673
 H          0.1296325467        2.6732907179        0.2790694970
 H          0.3396704256        1.4393629388        2.3175772981
 H         -1.1789313631        0.5582640883        2.0590396908
 H         -0.8353984279        0.7562503399       -1.0764658953
 H         -2.9028064633        0.1653930940        0.0953807359
 H         -1.9258556649       -1.1342210469        1.6213504326
 H         -4.9263294044        1.6765590878       -0.2062360155
 H         -3.8121917076        2.1306443425        1.1077167825
 H          0.9843860882       -4.1142167423       -1.0386364409
 H         -1.9598134468        3.6511763828        0.8494769875
 H         -1.9138201151        3.3512628106       -1.3855073184
 H         -2.9075856588        1.2553965001       -2.4814229094
 H         -3.5802965843       -2.6931858316        1.7332882991
 H         -3.7213967628       -3.7104463427        0.2905727291
 H         -3.0126839435       -4.3712020433        1.7642931624
 H         -0.6566333823       -5.8031624460       -1.0261475643
 H         -1.6207883561       -5.8581794408        0.4583008390
 H         -2.3255857188       -5.2107350915       -1.0247656285
 H          5.0942850383        1.3493602622       -0.5603263092
 H         -4.1297501105        3.3941733783       -1.3980486916
