  32
 Etot=         -54.0392672362
 S          2.0377208078        1.8237032114       -0.7704335395
 O          3.2405324256       -2.4130825160       -1.0788794634
 O         -4.7979051291        0.5935558444       -0.8181016522
 O         -5.1879869822       -1.4197794387        0.0472319316
 N          1.4921688636       -1.4023081442        0.0298887662
 N          3.5614730813       -0.9324297818        0.6633218547
 C          1.3260484222       -0.2123536942        0.8425604578
 C          2.7809336869        0.1542337387        1.2253160508
 C          0.6822732301        0.9700343843        0.0932551671
 C          3.1697631444        1.5059197211        0.6071001836
 C         -0.4035723893        0.6089071752       -0.9195629711
 C         -1.6058249223       -0.1209881906       -0.3070231847
 C          2.8149671068       -1.6520599189       -0.2479773021
 C         -2.4151780029        0.7700287376        0.6415135919
 C         -3.6441945215        0.0338909923        1.1843927999
 C         -4.6144683818       -0.3675630761        0.0970904879
 H          0.7288461975       -0.4551671490        1.7321732053
 H          2.9178881515        0.1847155954        2.3137857536
 H          0.2655248824        1.6499584769        0.8460842174
 H          3.0938823683        2.2991391298        1.3545411093
 H          4.1893225392        1.4846059797        0.2222889956
 H         -0.7495202092        1.5348414615       -1.3894145803
 H          0.0293583942       -0.0104393964       -1.7107615673
 H          0.8283997583       -1.6246480347       -0.6942171726
 H          4.5191025560       -0.7509415251        0.3998218758
 H         -2.2553572741       -0.4492926621       -1.1244153934
 H         -1.2721048859       -1.0162070849        0.2268329504
 H         -1.7956564824        1.0800460909        1.4882648608
 H         -2.7380785250        1.6718512993        0.1132065874
 H         -4.1887477432        0.6917828318        1.8682311855
 H         -3.3573640483       -0.8652111404        1.7342130174
 H         -5.4446496126        0.2831914478       -1.4729849635
