
       ╔════════════════════════════════════════════════╗
       ║                                                ║
       ║     ██████╗██████╗ ███████╗███████╗████████╗   ║
       ║    ██╔════╝██╔══██╗██╔════╝██╔════╝╚══██╔══╝   ║
       ║    ██║     ██████╔╝█████╗  ███████╗   ██║      ║
       ║    ██║     ██╔══██╗██╔══╝  ╚════██║   ██║      ║
       ║    ╚██████╗██║  ██║███████╗███████║   ██║      ║
       ║     ╚═════╝╚═╝  ╚═╝╚══════╝╚══════╝   ╚═╝      ║
       ║                                                ║
       ║    Conformer-Rotamer Ensemble Sampling Tool    ║
       ║            based on the xTB methods            ║
       ║                                                ║
       ╚════════════════════════════════════════════════╝
        Version 3.0.2, Mon, 29 September 16:25:59, 09/29/2025
        commit (c39758d) compiled by 'andrey@PC1'

   Cite work conducted with this code as

   • P.Pracht, F.Bohle, S.Grimme, PCCP, 2020, 22, 7169-7192.
   • S.Grimme, JCTC, 2019, 15, 2847-2862.
   • P.Pracht, S.Grimme, C.Bannwarth, F.Bohle, S.Ehlert,
     G.Feldmann, J.Gorges, M.Müller, T.Neudecker, C.Plett,
     S.Spicher, P.Steinbach, P.Wesołowski, F.Zeller,
     J. Chem. Phys., 2024, 160, 114110.

   for works involving QCG cite

   • S.Spicher, C.Plett, P.Pracht, A.Hansen, S.Grimme,
     JCTC, 2022, 18 (5), 3174-3189.
   • C.Plett, S. Grimme,
     Angew. Chem. Int. Ed. 2023, 62, e202214477.

   for works involving MECP screening cite

   • P.Pracht, C.Bannwarth, JCTC, 2022, 18 (10), 6370-6385.

   Original code
     P.Pracht, S.Grimme, Universität Bonn, MCTC
   with help from (alphabetical order):
     C.Bannwarth, F.Bohle, S.Ehlert, G.Feldmann, J.Gorges,
     S.Grimme, C.Plett, P.Pracht, S.Spicher, P.Steinbach,
     P.Wesolowski, F.Zeller

   Online documentation is available at
   https://crest-lab.github.io/crest-docs/

   This program is distributed in the hope that it will be useful,
   but WITHOUT ANY WARRANTY; without even the implied warranty of
   MERCHANTABILITY or FITNESS FOR A PARTICULAR PURPOSE. See the
   GNU Lesser General Public License (LGPL) for more details.

 Command line input:
 $ ./crest m1_00_Vitamin_B9-uni_conformers-CLUST_2_gfn1_opt.xyz --T 16 --gfn1

  --T 16 (CPUs/Threads selected)
  --gfn1               : Use of GFN1-xTB requested.

> Setting up backup calculator ... done.
 ----------------
 Calculation info
 ----------------
> User-defined calculation level:
 : xTB calculation via tblite lib
 : GFN1-xTB level
 :   Molecular charge    : 0
 :   Fermi temperature   : 300.00000
 :   Accuracy            : 1.00000
 :   max SCC cycles      : 500


 -----------------------------
 Initial Geometry Optimization
 -----------------------------
 Geometry successfully optimized.

          ┍━━━━━━━━━━━━━━━━━━━━━━━━━━━━━━━━━━━━━━━━━━━━━━━━━┑
          │              CREST iMTD-GC SAMPLING             │
          ┕━━━━━━━━━━━━━━━━━━━━━━━━━━━━━━━━━━━━━━━━━━━━━━━━━┙

 Input structure:
  51

 O         -4.2752552827        3.4602293464       -0.5202668172
 O         -3.0205765953       -0.3992547466        1.0524785376
 O         -2.4574392374        2.5370088028       -1.4202669767
 O         -7.6319194024       -1.6006270323        1.4080135793
 O         -7.6783770631        0.6141492540        1.6292759441
 O          4.4904407952        1.2565142640       -2.1595918345
 N         -3.3897520636        0.0437361515       -1.1569116876
 N          2.2733246692       -2.9494427797       -1.4167587020
 N          3.9903708366       -1.0654344194       -0.5807032584
 N          4.5727193041       -0.8459648586        2.1378915411
 N          5.1756821832        2.3229661310       -0.2905495449
 N          5.2478103336        1.3460338963        1.8469324441
 N          5.8610500129        3.5325936515        1.5636884280
 C         -4.3605651040        1.1205020300       -0.9977003672
 C         -5.3004826860        0.9893396882        0.2013030149
 C         -5.9569492030       -0.3895095232        0.2654818314
 C         -2.6362118125       -0.4197747469       -0.1015187885
 C         -1.3517272265       -1.0567052976       -0.4905935995
 C         -3.5756007204        2.4310058695       -0.9951089201
 C          1.0919072197       -2.3120394361       -1.0533504293
 C          3.2148378137       -3.3275914926       -0.3685926976
 C         -0.6372181629       -0.7302392002       -1.6463689746
 C         -0.8132388830       -2.0047604872        0.3847233635
 C          0.5646426532       -1.3506581596       -1.9250890727
 C          0.3822642828       -2.6373480158        0.1077226179
 C         -7.1626984566       -0.3693773865        1.1725616031
 C          3.7943376290       -2.0765320423        0.2512405618
 C          4.4734193960        0.0713928462       -0.0682152132
 C          4.0928330205       -1.9564194527        1.6144431654
 C          4.7643693382        0.1901485555        1.3043474042
 C          4.6851563119        1.2053901597       -0.9679980032
 C          5.4306943308        2.3496840023        1.0501360097
 H         -4.9638938235        1.1343640032       -1.9182307267
 H         -4.7627979335        1.1796581337        1.1312513636
 H         -6.0740289266        1.7565014463        0.1011903493
 H         -5.2553013902       -1.1398804510        0.6362184830
 H         -6.2970800757       -0.7153043840       -0.7223926708
 H         -2.8841178851        0.1370254444       -2.0286017640
 H          4.0126305372       -3.9118241638       -0.8401025209
 H          2.7297641977       -3.9579001938        0.3788196294
 H         -0.9980224123        0.0413638821       -2.3190517512
 H         -1.3593075276       -2.2461710005        1.2904454378
 H          2.7669273802       -2.4145430117       -2.1281214650
 H          1.1187083083       -1.0830023425       -2.8181163474
 H          0.7614224856       -3.3812096427        0.7981506280
 H          3.9319426071       -2.7908332792        2.2910038404
 H         -3.7293960931        4.2633133144       -0.5500854538
 H          5.3174254656        3.1479208541       -0.8550224519
 H         -8.4030741264       -1.5370937278        1.9945633913
 H          6.2239831239        3.4691372856        2.5000881931
 H          6.3057557404        4.1896838670        0.9475930894

 ------------------------------------------------
 Generating MTD length from a flexibility measure
 ------------------------------------------------
 Calculating GFN0-xTB WBOs   ... done.
 Calculating NCI flexibility ... done.
     covalent flexibility measure :   0.372
 non-covalent flexibility measure :   0.703
 flexibility measure :   0.401
 t(MTD) / ps    :    17.0
 Σ(t(MTD)) / ps :   238.0 (14 MTDs)

 -----------------------------------
 Starting trial MTD to test settings
 -----------------------------------
 Trial MTD 1 runtime (1.0 ps) ...        0 min, 11.755 sec
 Estimated runtime for one MTD (17.0 ps) on a single thread: 3 min 20 sec
 Estimated runtime for a batch of 14 MTDs on 16 threads: 3 min 20 sec

********************************************************************************
**                    N E W   I T E R A T I O N  C Y C L E                    **
********************************************************************************

 ------------------------------
 Meta-Dynamics Iteration 1
 ------------------------------
 list of applied metadynamics Vbias parameters:
$metadyn    0.15300   1.300
$metadyn    0.07650   1.300
$metadyn    0.03825   1.300
$metadyn    0.15300   0.780
$metadyn    0.07650   0.780
$metadyn    0.03825   0.780
$metadyn    0.15300   0.468
$metadyn    0.07650   0.468
$metadyn    0.03825   0.468
$metadyn    0.15300   0.281
$metadyn    0.07650   0.281
$metadyn    0.03825   0.281
$metadyn    0.05100   0.100
$metadyn    0.25500   0.800

  ::::::::::::: starting MTD   13 :::::::::::::
  |   MD simulation time   :    17.0 ps       |
  |   target T             :   300.0 K        |
  |   timestep dt          :     5.0 fs       |
  |   dump interval(trj)   :   100.0 fs       |
  |   SHAKE algorithm      : true (all bonds) |
  |   dump interval(Vbias) :    1.00 ps       |
  |   Vbias prefactor (k)  :  0.0510 Eh       |
  |   Vbias exponent (α)   :  0.1000 bohr⁻²   |
  ::::::::::::: starting MTD    8 :::::::::::::
  |   MD simulation time   :    17.0 ps       |
  |   target T             :   300.0 K        |
  |   timestep dt          :     5.0 fs       |
  |   dump interval(trj)   :   100.0 fs       |
  |   SHAKE algorithm      : true (all bonds) |
  |   dump interval(Vbias) :    1.00 ps       |
  |   Vbias prefactor (k)  :  0.0765 Eh       |
  |   Vbias exponent (α)   :  0.4680 bohr⁻²   |
  ::::::::::::: starting MTD   10 :::::::::::::
  |   MD simulation time   :    17.0 ps       |
  |   target T             :   300.0 K        |
  |   timestep dt          :     5.0 fs       |
  |   dump interval(trj)   :   100.0 fs       |
  |   SHAKE algorithm      : true (all bonds) |
  |   dump interval(Vbias) :    1.00 ps       |
  |   Vbias prefactor (k)  :  0.1530 Eh       |
  |   Vbias exponent (α)   :  0.2808 bohr⁻²   |
  ::::::::::::: starting MTD    2 :::::::::::::
  |   MD simulation time   :    17.0 ps       |
  |   target T             :   300.0 K        |
  |   timestep dt          :     5.0 fs       |
  |   dump interval(trj)   :   100.0 fs       |
  |   SHAKE algorithm      : true (all bonds) |
  |   dump interval(Vbias) :    1.00 ps       |
  |   Vbias prefactor (k)  :  0.0765 Eh       |
  |   Vbias exponent (α)   :  1.3000 bohr⁻²   |
  ::::::::::::: starting MTD    6 :::::::::::::
  |   MD simulation time   :    17.0 ps       |
  |   target T             :   300.0 K        |
  |   timestep dt          :     5.0 fs       |
  |   dump interval(trj)   :   100.0 fs       |
  |   SHAKE algorithm      : true (all bonds) |
  |   dump interval(Vbias) :    1.00 ps       |
  |   Vbias prefactor (k)  :  0.0382 Eh       |
  |   Vbias exponent (α)   :  0.7800 bohr⁻²   |
  ::::::::::::: starting MTD    7 :::::::::::::
  |   MD simulation time   :    17.0 ps       |
  |   target T             :   300.0 K        |
  |   timestep dt          :     5.0 fs       |
  |   dump interval(trj)   :   100.0 fs       |
  |   SHAKE algorithm      : true (all bonds) |
  |   dump interval(Vbias) :    1.00 ps       |
  |   Vbias prefactor (k)  :  0.1530 Eh       |
  |   Vbias exponent (α)   :  0.4680 bohr⁻²   |
  ::::::::::::: starting MTD    5 :::::::::::::
  |   MD simulation time   :    17.0 ps       |
  |   target T             :   300.0 K        |
  |   timestep dt          :     5.0 fs       |
  |   dump interval(trj)   :   100.0 fs       |
  |   SHAKE algorithm      : true (all bonds) |
  |   dump interval(Vbias) :    1.00 ps       |
  |   Vbias prefactor (k)  :  0.0765 Eh       |
  |   Vbias exponent (α)   :  0.7800 bohr⁻²   |
  ::::::::::::: starting MTD    3 :::::::::::::
  |   MD simulation time   :    17.0 ps       |
  |   target T             :   300.0 K        |
  |   timestep dt          :     5.0 fs       |
  |   dump interval(trj)   :   100.0 fs       |
  |   SHAKE algorithm      : true (all bonds) |
  |   dump interval(Vbias) :    1.00 ps       |
  |   Vbias prefactor (k)  :  0.0382 Eh       |
  |   Vbias exponent (α)   :  1.3000 bohr⁻²   |
  ::::::::::::: starting MTD   12 :::::::::::::
  |   MD simulation time   :    17.0 ps       |
  |   target T             :   300.0 K        |
  |   timestep dt          :     5.0 fs       |
  |   dump interval(trj)   :   100.0 fs       |
  |   SHAKE algorithm      : true (all bonds) |
  |   dump interval(Vbias) :    1.00 ps       |
  |   Vbias prefactor (k)  :  0.0382 Eh       |
  |   Vbias exponent (α)   :  0.2808 bohr⁻²   |
  ::::::::::::: starting MTD    1 :::::::::::::
  |   MD simulation time   :    17.0 ps       |
  |   target T             :   300.0 K        |
  |   timestep dt          :     5.0 fs       |
  |   dump interval(trj)   :   100.0 fs       |
  |   SHAKE algorithm      : true (all bonds) |
  |   dump interval(Vbias) :    1.00 ps       |
  |   Vbias prefactor (k)  :  0.1530 Eh       |
  |   Vbias exponent (α)   :  1.3000 bohr⁻²   |
  ::::::::::::: starting MTD    9 :::::::::::::
  |   MD simulation time   :    17.0 ps       |
  |   target T             :   300.0 K        |
  |   timestep dt          :     5.0 fs       |
  |   dump interval(trj)   :   100.0 fs       |
  |   SHAKE algorithm      : true (all bonds) |
  |   dump interval(Vbias) :    1.00 ps       |
  |   Vbias prefactor (k)  :  0.0382 Eh       |
  |   Vbias exponent (α)   :  0.4680 bohr⁻²   |
  ::::::::::::: starting MTD    4 :::::::::::::
  |   MD simulation time   :    17.0 ps       |
  |   target T             :   300.0 K        |
  |   timestep dt          :     5.0 fs       |
  |   dump interval(trj)   :   100.0 fs       |
  |   SHAKE algorithm      : true (all bonds) |
  |   dump interval(Vbias) :    1.00 ps       |
  |   Vbias prefactor (k)  :  0.1530 Eh       |
  |   Vbias exponent (α)   :  0.7800 bohr⁻²   |
  ::::::::::::: starting MTD   14 :::::::::::::
  |   MD simulation time   :    17.0 ps       |
  |   target T             :   300.0 K        |
  |   timestep dt          :     5.0 fs       |
  |   dump interval(trj)   :   100.0 fs       |
  |   SHAKE algorithm      : true (all bonds) |
  |   dump interval(Vbias) :    1.00 ps       |
  |   Vbias prefactor (k)  :  0.2550 Eh       |
  |   Vbias exponent (α)   :  0.8000 bohr⁻²   |
  ::::::::::::: starting MTD   11 :::::::::::::
  |   MD simulation time   :    17.0 ps       |
  |   target T             :   300.0 K        |
  |   timestep dt          :     5.0 fs       |
  |   dump interval(trj)   :   100.0 fs       |
  |   SHAKE algorithm      : true (all bonds) |
  |   dump interval(Vbias) :    1.00 ps       |
  |   Vbias prefactor (k)  :  0.0765 Eh       |
  |   Vbias exponent (α)   :  0.2808 bohr⁻²   |
*MTD   4 completed successfully ...        3 min, 56.900 sec
*MTD   2 completed successfully ...        4 min,  0.114 sec
*MTD   6 completed successfully ...        4 min,  0.334 sec
*MTD  14 completed successfully ...        4 min,  0.445 sec
*MTD   7 completed successfully ...        4 min,  1.360 sec
*MTD   5 completed successfully ...        4 min,  1.666 sec
*MTD   9 completed successfully ...        4 min,  2.158 sec
*MTD  12 completed successfully ...        4 min,  2.453 sec
*MTD   8 completed successfully ...        4 min,  2.993 sec
*MTD  10 completed successfully ...        4 min,  4.899 sec
*MTD   1 completed successfully ...        4 min,  5.194 sec
*MTD  11 completed successfully ...        4 min,  6.526 sec
*MTD  13 completed successfully ...        4 min, 10.451 sec
*MTD   3 completed successfully ...        4 min, 14.410 sec

 ======================================
 |  Multilevel Ensemble Optimization  |
 ======================================
 Optimizing all 2366 structures from file "crest_dynamics.trj" ...
 ----------------------
 crude pre-optimization
 ----------------------
 Optimization engine: ANCOPT
 Hessian update type: BFGS
 E/G convergence criteria:  0.500E-03 Eh, 0.100E-01 Eh/a0
 maximum optimization steps: 200
 |>0.0% |>7.5% |>15.0% |>22.5% |>30.0% |>37.5% |>45.0% |>52.5% |>60.0% |>67.5% |>75.0% |>82.5% |>90.0% |>97.5% |>100.0%
 done.
> 2366 of 2366 structures successfully optimized (100.0% success)
> Total runtime for 2366 optimizations:
 * wall-time:     0 d,  0 h,  3 min, 17.769 sec
 *  cpu-time:     0 d,  0 h, 52 min,  2.544 sec
 * ratio c/w:    15.789 speedup
> Corresponding to approximately 0.084 sec per processed structure

CREGEN> running RMSDs ... done.
CREGEN> E lowest :  -101.07782
 139 structures remain within    12.00 kcal/mol window
 ----------------------------------
 optimization with tight thresholds
 ----------------------------------
 Optimization engine: ANCOPT
 Hessian update type: BFGS
 E/G convergence criteria:  0.100E-05 Eh, 0.800E-03 Eh/a0
 maximum optimization steps: 200
 |>0.7% |>10.1% |>20.1% |>30.2% |>40.3% |>50.4% |>60.4% |>70.5% |>80.6% |>90.6% |>100.0%
 done.
> 138 of 139 structures successfully optimized (99.3% success)
> Total runtime for 139 optimizations:
 * wall-time:     0 d,  0 h,  0 min, 33.640 sec
 *  cpu-time:     0 d,  0 h,  8 min, 13.945 sec
 * ratio c/w:    14.683 speedup
> Corresponding to approximately 0.242 sec per processed structure

CREGEN> running RMSDs ... done.
CREGEN> E lowest :  -101.07813
 19 structures remain within     6.00 kcal/mol window

 ------------------------------
 Meta-Dynamics Iteration 2
 ------------------------------
 list of applied metadynamics Vbias parameters:
$metadyn    0.15300   1.300
$metadyn    0.07650   1.300
$metadyn    0.03825   1.300
$metadyn    0.15300   0.780
$metadyn    0.07650   0.780
$metadyn    0.03825   0.780
$metadyn    0.15300   0.468
$metadyn    0.07650   0.468
$metadyn    0.03825   0.468
$metadyn    0.15300   0.281
$metadyn    0.07650   0.281
$metadyn    0.03825   0.281
$metadyn    0.05100   0.100
$metadyn    0.25500   0.800

  ::::::::::::: starting MTD    7 :::::::::::::
  |   MD simulation time   :    17.0 ps       |
  |   target T             :   300.0 K        |
  |   timestep dt          :     5.0 fs       |
  |   dump interval(trj)   :   100.0 fs       |
  |   SHAKE algorithm      : true (all bonds) |
  |   dump interval(Vbias) :    1.00 ps       |
  |   Vbias prefactor (k)  :  0.1530 Eh       |
  |   Vbias exponent (α)   :  0.4680 bohr⁻²   |
  ::::::::::::: starting MTD    8 :::::::::::::
  |   MD simulation time   :    17.0 ps       |
  |   target T             :   300.0 K        |
  |   timestep dt          :     5.0 fs       |
  |   dump interval(trj)   :   100.0 fs       |
  |   SHAKE algorithm      : true (all bonds) |
  |   dump interval(Vbias) :    1.00 ps       |
  |   Vbias prefactor (k)  :  0.0765 Eh       |
  |   Vbias exponent (α)   :  0.4680 bohr⁻²   |
  ::::::::::::: starting MTD   13 :::::::::::::
  |   MD simulation time   :    17.0 ps       |
  |   target T             :   300.0 K        |
  |   timestep dt          :     5.0 fs       |
  |   dump interval(trj)   :   100.0 fs       |
  |   SHAKE algorithm      : true (all bonds) |
  |   dump interval(Vbias) :    1.00 ps       |
  |   Vbias prefactor (k)  :  0.0510 Eh       |
  |   Vbias exponent (α)   :  0.1000 bohr⁻²   |
  ::::::::::::: starting MTD   10 :::::::::::::
  |   MD simulation time   :    17.0 ps       |
  |   target T             :   300.0 K        |
  |   timestep dt          :     5.0 fs       |
  |   dump interval(trj)   :   100.0 fs       |
  |   SHAKE algorithm      : true (all bonds) |
  |   dump interval(Vbias) :    1.00 ps       |
  |   Vbias prefactor (k)  :  0.1530 Eh       |
  |   Vbias exponent (α)   :  0.2808 bohr⁻²   |
  ::::::::::::: starting MTD    9 :::::::::::::
  |   MD simulation time   :    17.0 ps       |
  |   target T             :   300.0 K        |
  |   timestep dt          :     5.0 fs       |
  |   dump interval(trj)   :   100.0 fs       |
  |   SHAKE algorithm      : true (all bonds) |
  |   dump interval(Vbias) :    1.00 ps       |
  |   Vbias prefactor (k)  :  0.0382 Eh       |
  |   Vbias exponent (α)   :  0.4680 bohr⁻²   |
  ::::::::::::: starting MTD   12 :::::::::::::
  |   MD simulation time   :    17.0 ps       |
  |   target T             :   300.0 K        |
  |   timestep dt          :     5.0 fs       |
  |   dump interval(trj)   :   100.0 fs       |
  |   SHAKE algorithm      : true (all bonds) |
  |   dump interval(Vbias) :    1.00 ps       |
  |   Vbias prefactor (k)  :  0.0382 Eh       |
  |   Vbias exponent (α)   :  0.2808 bohr⁻²   |
  ::::::::::::: starting MTD    1 :::::::::::::
  |   MD simulation time   :    17.0 ps       |
  |   target T             :   300.0 K        |
  |   timestep dt          :     5.0 fs       |
  |   dump interval(trj)   :   100.0 fs       |
  |   SHAKE algorithm      : true (all bonds) |
  |   dump interval(Vbias) :    1.00 ps       |
  |   Vbias prefactor (k)  :  0.1530 Eh       |
  |   Vbias exponent (α)   :  1.3000 bohr⁻²   |
  ::::::::::::: starting MTD    6 :::::::::::::
  |   MD simulation time   :    17.0 ps       |
  |   target T             :   300.0 K        |
  |   timestep dt          :     5.0 fs       |
  |   dump interval(trj)   :   100.0 fs       |
  |   SHAKE algorithm      : true (all bonds) |
  |   dump interval(Vbias) :    1.00 ps       |
  |   Vbias prefactor (k)  :  0.0382 Eh       |
  |   Vbias exponent (α)   :  0.7800 bohr⁻²   |
  ::::::::::::: starting MTD    2 :::::::::::::
  |   MD simulation time   :    17.0 ps       |
  |   target T             :   300.0 K        |
  |   timestep dt          :     5.0 fs       |
  |   dump interval(trj)   :   100.0 fs       |
  |   SHAKE algorithm      : true (all bonds) |
  |   dump interval(Vbias) :    1.00 ps       |
  |   Vbias prefactor (k)  :  0.0765 Eh       |
  |   Vbias exponent (α)   :  1.3000 bohr⁻²   |
  ::::::::::::: starting MTD    5 :::::::::::::
  |   MD simulation time   :    17.0 ps       |
  |   target T             :   300.0 K        |
  |   timestep dt          :     5.0 fs       |
  |   dump interval(trj)   :   100.0 fs       |
  |   SHAKE algorithm      : true (all bonds) |
  |   dump interval(Vbias) :    1.00 ps       |
  |   Vbias prefactor (k)  :  0.0765 Eh       |
  |   Vbias exponent (α)   :  0.7800 bohr⁻²   |
  ::::::::::::: starting MTD    4 :::::::::::::
  |   MD simulation time   :    17.0 ps       |
  |   target T             :   300.0 K        |
  |   timestep dt          :     5.0 fs       |
  |   dump interval(trj)   :   100.0 fs       |
  |   SHAKE algorithm      : true (all bonds) |
  |   dump interval(Vbias) :    1.00 ps       |
  |   Vbias prefactor (k)  :  0.1530 Eh       |
  |   Vbias exponent (α)   :  0.7800 bohr⁻²   |
  ::::::::::::: starting MTD   14 :::::::::::::
  |   MD simulation time   :    17.0 ps       |
  |   target T             :   300.0 K        |
  |   timestep dt          :     5.0 fs       |
  |   dump interval(trj)   :   100.0 fs       |
  |   SHAKE algorithm      : true (all bonds) |
  |   dump interval(Vbias) :    1.00 ps       |
  |   Vbias prefactor (k)  :  0.2550 Eh       |
  |   Vbias exponent (α)   :  0.8000 bohr⁻²   |
  ::::::::::::: starting MTD    3 :::::::::::::
  |   MD simulation time   :    17.0 ps       |
  |   target T             :   300.0 K        |
  |   timestep dt          :     5.0 fs       |
  |   dump interval(trj)   :   100.0 fs       |
  |   SHAKE algorithm      : true (all bonds) |
  |   dump interval(Vbias) :    1.00 ps       |
  |   Vbias prefactor (k)  :  0.0382 Eh       |
  |   Vbias exponent (α)   :  1.3000 bohr⁻²   |
  ::::::::::::: starting MTD   11 :::::::::::::
  |   MD simulation time   :    17.0 ps       |
  |   target T             :   300.0 K        |
  |   timestep dt          :     5.0 fs       |
  |   dump interval(trj)   :   100.0 fs       |
  |   SHAKE algorithm      : true (all bonds) |
  |   dump interval(Vbias) :    1.00 ps       |
  |   Vbias prefactor (k)  :  0.0765 Eh       |
  |   Vbias exponent (α)   :  0.2808 bohr⁻²   |
*MTD  14 completed successfully ...        3 min, 57.191 sec
*MTD   7 completed successfully ...        3 min, 58.118 sec
*MTD   1 completed successfully ...        3 min, 59.090 sec
*MTD  10 completed successfully ...        4 min,  1.923 sec
*MTD   4 completed successfully ...        4 min,  2.065 sec
*MTD  11 completed successfully ...        4 min,  2.065 sec
*MTD   8 completed successfully ...        4 min,  2.990 sec
*MTD   9 completed successfully ...        4 min,  4.542 sec
*MTD  12 completed successfully ...        4 min,  5.701 sec
*MTD   6 completed successfully ...        4 min,  6.363 sec
*MTD   5 completed successfully ...        4 min,  7.129 sec
*MTD  13 completed successfully ...        4 min,  7.717 sec
*MTD   3 completed successfully ...        4 min,  9.908 sec
*MTD   2 completed successfully ...        4 min, 10.390 sec

 ======================================
 |  Multilevel Ensemble Optimization  |
 ======================================
 Optimizing all 2366 structures from file "crest_dynamics.trj" ...
 ----------------------
 crude pre-optimization
 ----------------------
 Optimization engine: ANCOPT
 Hessian update type: BFGS
 E/G convergence criteria:  0.500E-03 Eh, 0.100E-01 Eh/a0
 maximum optimization steps: 200
 |>0.0% |>7.5% |>15.0% |>22.5% |>30.0% |>37.5% |>45.0% |>52.5% |>60.0% |>67.5% |>75.0% |>82.5% |>90.0% |>97.5% |>100.0%
 done.
> 2366 of 2366 structures successfully optimized (100.0% success)
> Total runtime for 2366 optimizations:
 * wall-time:     0 d,  0 h,  3 min, 20.628 sec
 *  cpu-time:     0 d,  0 h, 52 min, 56.841 sec
 * ratio c/w:    15.835 speedup
> Corresponding to approximately 0.085 sec per processed structure

CREGEN> running RMSDs ... done.
CREGEN> E lowest :  -101.07440
 365 structures remain within    12.00 kcal/mol window
 ----------------------------------
 optimization with tight thresholds
 ----------------------------------
 Optimization engine: ANCOPT
 Hessian update type: BFGS
 E/G convergence criteria:  0.100E-05 Eh, 0.800E-03 Eh/a0
 maximum optimization steps: 200
 |>0.3% |>10.1% |>20.0% |>30.1% |>40.0% |>50.1% |>60.0% |>70.1% |>80.0% |>90.1% |>100.0%
 done.
> 364 of 365 structures successfully optimized (99.7% success)
> Total runtime for 365 optimizations:
 * wall-time:     0 d,  0 h,  1 min, 37.493 sec
 *  cpu-time:     0 d,  0 h, 24 min, 42.962 sec
 * ratio c/w:    15.211 speedup
> Corresponding to approximately 0.267 sec per processed structure

CREGEN> running RMSDs ... done.
CREGEN> E lowest :  -101.07598
 39 structures remain within     6.00 kcal/mol window

========================================
           MTD Simulations done         
========================================
 Collecting ensmbles.
CREGEN> running RMSDs ... done.
CREGEN> E lowest :  -101.07813
 44 structures remain within     6.00 kcal/mol window


 ===============================================
 Additional regular MDs on lowest 4 conformer(s)
 ===============================================
  :::::::::::::: starting MD   1 ::::::::::::::
  |   MD simulation time   :     8.5 ps       |
  |   target T             :   400.0 K        |
  |   timestep dt          :     5.0 fs       |
  |   dump interval(trj)   :   100.0 fs       |
  |   SHAKE algorithm      : true (all bonds) |
  :::::::::::::: starting MD   2 ::::::::::::::
  |   MD simulation time   :     8.5 ps       |
  |   target T             :   400.0 K        |
  |   timestep dt          :     5.0 fs       |
  |   dump interval(trj)   :   100.0 fs       |
  |   SHAKE algorithm      : true (all bonds) |
  :::::::::::::: starting MD   6 ::::::::::::::
  |   MD simulation time   :     8.5 ps       |
  |   target T             :   500.0 K        |
  |   timestep dt          :     5.0 fs       |
  |   dump interval(trj)   :   100.0 fs       |
  |   SHAKE algorithm      : true (all bonds) |
  :::::::::::::: starting MD   7 ::::::::::::::
  |   MD simulation time   :     8.5 ps       |
  |   target T             :   500.0 K        |
  |   timestep dt          :     5.0 fs       |
  |   dump interval(trj)   :   100.0 fs       |
  |   SHAKE algorithm      : true (all bonds) |
  :::::::::::::: starting MD   3 ::::::::::::::
  |   MD simulation time   :     8.5 ps       |
  |   target T             :   400.0 K        |
  |   timestep dt          :     5.0 fs       |
  |   dump interval(trj)   :   100.0 fs       |
  |   SHAKE algorithm      : true (all bonds) |
  :::::::::::::: starting MD   8 ::::::::::::::
  |   MD simulation time   :     8.5 ps       |
  |   target T             :   500.0 K        |
  |   timestep dt          :     5.0 fs       |
  |   dump interval(trj)   :   100.0 fs       |
  |   SHAKE algorithm      : true (all bonds) |
  :::::::::::::: starting MD   4 ::::::::::::::
  |   MD simulation time   :     8.5 ps       |
  |   target T             :   400.0 K        |
  |   timestep dt          :     5.0 fs       |
  |   dump interval(trj)   :   100.0 fs       |
  |   SHAKE algorithm      : true (all bonds) |
  :::::::::::::: starting MD   5 ::::::::::::::
  |   MD simulation time   :     8.5 ps       |
  |   target T             :   500.0 K        |
  |   timestep dt          :     5.0 fs       |
  |   dump interval(trj)   :   100.0 fs       |
  |   SHAKE algorithm      : true (all bonds) |
*MD   6 completed successfully ...        2 min, 31.985 sec
*MD   2 completed successfully ...        2 min, 32.122 sec
*MD   3 completed successfully ...        2 min, 32.247 sec
*MD   7 completed successfully ...        2 min, 32.954 sec
*MD   4 completed successfully ...        2 min, 32.995 sec
*MD   8 completed successfully ...        2 min, 33.718 sec
*MD   5 completed successfully ...        2 min, 35.314 sec
*MD   1 completed successfully ...        2 min, 36.876 sec
 Appending file crest_rotamers_1.xyz with new structures
 Optimizing all 716 structures from file "crest_rotamers_1.xyz" ...
 ----------------------------------
 optimization with tight thresholds
 ----------------------------------
 Optimization engine: ANCOPT
 Hessian update type: BFGS
 E/G convergence criteria:  0.100E-05 Eh, 0.800E-03 Eh/a0
 maximum optimization steps: 200
 |>0.1% |>10.1% |>20.1% |>30.0% |>40.1% |>50.0% |>60.1% |>70.1% |>80.0% |>90.1% |>100.0%
 done.
> 716 of 716 structures successfully optimized (100.0% success)
> Total runtime for 716 optimizations:
 * wall-time:     0 d,  0 h,  2 min, 37.439 sec
 *  cpu-time:     0 d,  0 h, 41 min, 30.231 sec
 * ratio c/w:    15.817 speedup
> Corresponding to approximately 0.220 sec per processed structure

CREGEN> running RMSDs ... done.
CREGEN> E lowest :  -101.07813
 45 structures remain within     6.00 kcal/mol window

     ========================================
     |        Structure Crossing (GC)       |
     ========================================

 =============================
  # threads =          16
 =============================
input  file name : crest_rotamers_2.xyz
number of atoms                :      51
number of points on xyz files  :      45
conformer energy window  /kcal :    6.00
CN per atom difference cut-off :  0.3000
RMSD threshold (Ang, Bohr)     :  0.2500  0.4724
max. # of generated structures :      850
 # in E window          45
  13.1 % done
  35.7 % done
  62.4 % done
  85.2 % done
 no new structures generated
CREGEN> running RMSDs ... done.
CREGEN> E lowest :  -101.07813


   ================================================
   |           Final Geometry Optimization        |
   ================================================
 Optimizing all 45 structures from file "crest_rotamers_3.xyz" ...
 ---------------------------------------
 optimization with very tight thresholds
 ---------------------------------------
 Optimization engine: ANCOPT
 Hessian update type: BFGS
 E/G convergence criteria:  0.100E-06 Eh, 0.200E-03 Eh/a0
 maximum optimization steps: 200
 |>2.2% |>11.1% |>20.0% |>31.1% |>40.0% |>51.1% |>60.0% |>71.1% |>80.0% |>91.1% |>100.0%
 done.
> 45 of 45 structures successfully optimized (100.0% success)
> Total runtime for 45 optimizations:
 * wall-time:     0 d,  0 h,  0 min,  4.803 sec
 *  cpu-time:     0 d,  0 h,  0 min, 44.910 sec
 * ratio c/w:     9.351 speedup
> Corresponding to approximately 0.107 sec per processed structure

CREGEN> running RMSDs ... done.
CREGEN> E lowest :  -101.07813
 43 structures remain within     6.00 kcal/mol window


 --------------------------
 Final Ensemble Information
 --------------------------
 input  file name : crest_rotamers_3.xyz
 output file name : crest_rotamers_4.xyz
 number of atoms                :   51
 number of points on xyz files  :   45
 RMSD threshold                 :   0.1250
 Bconst threshold               :   0.0100
 population threshold           :   0.0500
 # fragment in coord            :     1
 # bonds in reference structure :    53
 number of reliable points      :    45
 sorting energy window (EWIN)   :    6.0000 / kcal*mol⁻¹
 reference state Etot           :  -101.07813470000001
 number of doubles removed by rot/RMSD         :           2
 total number unique points considered further :          43
       Erel/kcal        Etot weight/tot  conformer     set   degen     origin
       1   0.000  -101.07813    0.56415    0.56415       1       1
       2   1.091  -101.07640    0.08966    0.08966       2       1
       3   1.159  -101.07629    0.07984    0.07984       3       1
       4   1.354  -101.07598    0.05753    0.05753       4       1
       5   1.370  -101.07595    0.05600    0.05600       5       1
       6   1.574  -101.07563    0.03969    0.03969       6       1
       7   1.644  -101.07551    0.03527    0.03527       7       1
       8   1.932  -101.07506    0.02168    0.02168       8       1
       9   2.250  -101.07455    0.01270    0.01270       9       1
      10   2.252  -101.07455    0.01264    0.01264      10       1
      11   2.829  -101.07363    0.00478    0.00478      11       1
      12   2.914  -101.07349    0.00414    0.00414      12       1
      13   2.998  -101.07336    0.00359    0.00359      13       1
      14   3.121  -101.07316    0.00292    0.00584      14       2
      15   3.121  -101.07316    0.00292
      16   3.134  -101.07314    0.00286    0.00286      15       1
      17   3.415  -101.07269    0.00178    0.00178      16       1
      18   3.672  -101.07228    0.00115    0.00115      17       1
      19   3.719  -101.07221    0.00107    0.00107      18       1
      20   3.901  -101.07192    0.00078    0.00078      19       1
      21   3.979  -101.07179    0.00069    0.00069      20       1
      22   4.006  -101.07175    0.00066    0.00066      21       1
      23   4.074  -101.07164    0.00059    0.00059      22       1
      24   4.305  -101.07127    0.00040    0.00040      23       1
      25   4.362  -101.07118    0.00036    0.00036      24       1
      26   4.393  -101.07113    0.00034    0.00068      25       2
      27   4.394  -101.07113    0.00034
      28   4.424  -101.07109    0.00032    0.00032      26       1
      29   4.578  -101.07084    0.00025    0.00025      27       1
      30   4.949  -101.07025    0.00013    0.00013      28       1
      31   5.069  -101.07006    0.00011    0.00011      29       1
      32   5.131  -101.06996    0.00010    0.00010      30       1
      33   5.180  -101.06988    0.00009    0.00009      31       1
      34   5.212  -101.06983    0.00009    0.00009      32       1
      35   5.505  -101.06936    0.00005    0.00005      33       1
      36   5.511  -101.06935    0.00005    0.00005      34       1
      37   5.520  -101.06934    0.00005    0.00005      35       1
      38   5.524  -101.06933    0.00005    0.00005      36       1
      39   5.539  -101.06931    0.00005    0.00005      37       1
      40   5.754  -101.06896    0.00003    0.00003      38       1
      41   5.769  -101.06894    0.00003    0.00003      39       1
      42   5.890  -101.06875    0.00003    0.00003      40       1
      43   5.961  -101.06864    0.00002    0.00002      41       1
T /K                                  :   298.15
E lowest                              :  -101.07813
ensemble average energy (kcal)        :    0.667
ensemble entropy (J/mol K, cal/mol K) :   14.107    3.372
ensemble free energy (kcal/mol)       :   -1.005
population of lowest in %             :   56.415
 number of unique conformers for further calc           41
 list of relative energies saved as "crest.energies"

 -----------------
 Wall Time Summary
 -----------------
 CREST runtime (total)               0 d,  0 h, 22 min, 52.678 sec
 ------------------------------------------------------------------
 Trial metadynamics (MTD)   ...        0 min, 11.756 sec (  0.856%)
 Metadynamics (MTD)         ...        8 min, 26.382 sec ( 36.890%)
 Geometry optimization      ...       11 min, 37.209 sec ( 50.792%)
 Molecular dynamics (MD)    ...        2 min, 36.904 sec ( 11.430%)
 Genetic crossing (GC)      ...        0 min,  0.030 sec (  0.002%)
 I/O and setup              ...        0 min,  0.397 sec (  0.029%)
 ------------------------------------------------------------------
 * wall-time:     0 d,  0 h, 22 min, 52.678 sec
 *  cpu-time:     0 d,  5 h, 29 min, 41.418 sec
 * ratio c/w:    14.411 speedup
 ------------------------------------------------------------------
 * Total number of energy+grad calls: 264854

 CREST terminated normally.
