  51
 Etot=         -63.1204728778
 O          7.5824274088       -1.6506255051       -0.6546653361
 C         -4.3499936221       -1.0055026385        0.4857316180
 C         -5.7953945311       -0.4750088321        0.4972272225
 C         -5.8477717245        1.0367362523        0.6961877252
 C         -3.4126735003       -0.0767596443       -0.2860434320
 C         -5.1565210311        1.7128363873       -0.4836155655
 C         -3.7864663467        1.1320268979       -0.7322560008
 C         -4.3788447856       -2.4076960518       -0.1516162694
 C         -3.8216495693       -1.1254672446        1.9272654394
 C         -2.0483219027       -0.5894237203       -0.4628836554
 C         -2.9086154212        2.0167779286       -1.5807585796
 C         -0.9372523470        0.1178659435       -0.1773180335
 C          0.4232333184       -0.3551120725       -0.3140238478
 C          0.6328947105       -1.7281735227       -0.8940141645
 C          1.4389271345        0.4549914739        0.0876434898
 C          2.8426270716        0.1752452359        0.0431467330
 C          3.7669919140        1.0589133106        0.4877837367
 C          5.2046881068        0.8730991703        0.4863037226
 C          6.0292435231        1.9832756403        1.0981566843
 C          5.8141933979       -0.2105110263       -0.0252208793
 C          7.3012154740       -0.4128039510       -0.0340173812
 H         -6.3565303913       -0.9786922707        1.2903344592
 H         -6.2772743894       -0.7207057808       -0.4554817542
 H         -5.3485977297        1.3154586609        1.6294751989
 H         -6.8881124258        1.3686326283        0.7591595634
 H         -5.0616344357        2.7879559696       -0.2975367497
 H         -5.7689730704        1.5965013449       -1.3866775496
 H         -4.5710823291       -2.3345553440       -1.2223247473
 H         -3.4377503008       -2.9350672696        0.0013519978
 H         -5.1736630607       -2.9996736614        0.3043018902
 H         -3.8198639184       -0.1509693619        2.4159926104
 H         -4.4466395589       -1.8065209264        2.5062260786
 H         -2.8002381403       -1.5072399691        1.9220688389
 H         -1.9596086315       -1.6195204648       -0.7929304977
 H         -2.4846596042        2.8252507166       -0.9813486164
 H         -3.5030568770        2.4707008179       -2.3765603965
 H         -2.0904273133        1.4566407570       -2.0331264330
 H         -1.0430218535        1.1243137425        0.2204247218
 H          0.1539473550       -1.8011600894       -1.8723799384
 H          1.6883187722       -1.9643388732       -1.0142318141
 H          0.1870222686       -2.4838937402       -0.2436608984
 H          1.1718420756        1.4288491272        0.4946590515
 H          3.1602789253       -0.7811483538       -0.3593053640
 H          3.4178491238        2.0056630133        0.8942419437
 H          6.7111171425        2.4072171098        0.3574088490
 H          6.6307884287        1.6015312911        1.9261945331
 H          5.3948918031        2.7839635291        1.4770997528
 H          5.2527353333       -1.0205581901       -0.4756238055
 H          7.6937642603       -0.3998082092        1.0000037202
 H          7.7950351238        0.4142531777       -0.5776438959
 H          8.5347349298       -1.8033432118       -0.6745063559
  51
 Etot=         -63.1204728783
 O          7.5824280357       -1.6506275431       -0.6546601234
 C         -4.3499949080       -1.0055034372        0.4857302320
 C         -5.7953955315       -0.4750088649        0.4972260138
 C         -5.8477713531        1.0367359167        0.6961886574
 C         -3.4126744121       -0.0767591247       -0.2860431975
 C         -5.1565197551        1.7128376218       -0.4836132109
 C         -3.7864657378        1.1320289047       -0.7322544062
 C         -4.3788465926       -2.4076954627       -0.1516209665
 C         -3.8216514378       -1.1254717012        1.9272642097
 C         -2.0483203559       -0.5894245002       -0.4628825132
 C         -2.9086136341        2.0167798033       -1.5807542381
 C         -0.9372514099        0.1178653743       -0.1773162033
 C          0.4232338001       -0.3551115018       -0.3140226619
 C          0.6328946482       -1.7281755889       -0.8940098917
 C          1.4389273988        0.4549915240        0.0876427526
 C          2.8426270554        0.1752449003        0.0431488389
 C          3.7669922571        1.0589139316        0.4877814987
 C          5.2046876900        0.8731018043        0.4863012518
 C          6.0292437867        1.9832787725        1.0981495732
 C          5.8141938036       -0.2105101951       -0.0252226552
 C          7.3012159631       -0.4128049213       -0.0340155468
 H         -6.3565318850       -0.9786934291        1.2903326455
 H         -6.2772750949       -0.7207040235       -0.4554836683
 H         -5.3485974838        1.3154566892        1.6294767622
 H         -6.8881116303        1.3686327229        0.7591607727
 H         -5.0616329937        2.7879572613       -0.2975331301
 H         -5.7689717029        1.5965037283       -1.3866756011
 H         -4.5710836097       -2.3345522307       -1.2223295033
 H         -3.4377524014       -2.9350675117        0.0013463063
 H         -5.1736652500       -2.9996736185        0.3042956122
 H         -3.8198654147       -0.1509748574        2.4159927991
 H         -4.4466423968       -1.8065261735        2.5062228025
 H         -2.8002401646       -1.5072451301        1.9220669255
 H         -1.9596087577       -1.6195207628       -0.7929297146
 H         -2.4846581841        2.8252518174       -0.9813430215
 H         -3.5030544983        2.4707036755       -2.3765560639
 H         -2.0904252295        1.4566429538       -2.0331223528
 H         -1.0430217615        1.1243133505        0.2204257631
 H          0.1539466238       -1.8011637601       -1.8723752399
 H          1.6883187823       -1.9643406950       -1.0142279400
 H          0.1870226980       -2.4838950035       -0.2436548534
 H          1.1718422837        1.4288499959        0.4946573687
 H          3.1602792947       -0.7811495024       -0.3593037225
 H          3.4178495554        2.0056665701        0.8942346983
 H          6.7111194453        2.4072167025        0.3574009766
 H          6.6307872799        1.6015382232        1.9261904783
 H          5.3948922412        2.7839697454        1.4770880681
 H          5.2527355812       -1.0205592249       -0.4756218254
 H          7.6937639512       -0.3998056986        1.0000059615
 H          7.7950356942        0.4142500459       -0.5776438462
 H          8.5347345076       -1.8033473715       -0.6744972514
