  32
 Etot=         -54.9429387256
 O         -0.0729081327        1.1511832490        0.8742443138
 O         -3.8904623214       -0.9235566331       -0.8068200760
 O         -1.4182427685       -1.9093659284       -0.3253514619
 O          4.3491380829        0.9376572783       -1.2665704740
 O          4.5050510751       -0.0880897547        0.7048814415
 N          0.6028613362       -1.5425007508        0.4900970953
 C         -2.3559215660        0.8178625654        0.0649874443
 C         -0.8543409281        0.4233636745       -0.0508741037
 C         -3.1955232380        0.2496799984       -1.1203516104
 C         -2.4310182549        2.3532194235       -0.0048128275
 C         -2.9351252959        0.3380892780        1.4020653246
 C         -0.5869972441       -1.0886344895        0.0359879028
 C          1.8507376474       -0.8525197660        0.7690389938
 C          2.4037448829       -0.1409539002       -0.4696058398
 C          3.8537682293        0.2235814300       -0.2541900782
 H         -0.5002376912        0.7256886155       -1.0501489047
 H         -2.5373386776        0.1011373612       -1.9939992479
 H         -3.9524246802        0.9947522584       -1.3961103420
 H         -3.4635181826        2.6815310757        0.1138474535
 H         -2.0601638965        2.7077839533       -0.9676080835
 H         -1.8332009250        2.8104592167        0.7834441079
 H         -2.8391092951       -0.7422323911        1.4984410050
 H         -3.9927732341        0.5934046789        1.4572991208
 H         -2.4186757182        0.8117145641        2.2394102836
 H          0.6738348221       -2.5481551092        0.4090494473
 H         -0.4524748516        1.0659693654        1.7596128547
 H          1.7271724448       -0.1403058967        1.5874923289
 H          2.5645358192       -1.6153923015        1.0945301062
 H         -3.2313205871       -1.6271129587       -0.6500763539
 H          1.8486499875        0.7735238860       -0.6859369754
 H          2.3394221976       -0.7854887358       -1.3500941544
 H          5.2801368588        1.1478913383       -1.0853694577
