
       в•”в•ђв•ђв•ђв•ђв•ђв•ђв•ђв•ђв•ђв•ђв•ђв•ђв•ђв•ђв•ђв•ђв•ђв•ђв•ђв•ђв•ђв•ђв•ђв•ђв•ђв•ђв•ђв•ђв•ђв•ђв•ђв•ђв•ђв•ђв•ђв•ђв•ђв•ђв•ђв•ђв•ђв•ђв•ђв•ђв•ђв•ђв•ђв•ђв•—
       в•‘                                                в•‘
       в•‘     в–€в–€в–€в–€в–€в–€в•—в–€в–€в–€в–€в–€в–€в•— в–€в–€в–€в–€в–€в–€в–€в•—в–€в–€в–€в–€в–€в–€в–€в•—в–€в–€в–€в–€в–€в–€в–€в–€в•—   в•‘
       в•‘    в–€в–€в•”в•ђв•ђв•ђв•ђв•ќв–€в–€в•”в•ђв•ђв–€в–€в•—в–€в–€в•”в•ђв•ђв•ђв•ђв•ќв–€в–€в•”в•ђв•ђв•ђв•ђв•ќв•љв•ђв•ђв–€в–€в•”в•ђв•ђв•ќ   в•‘
       в•‘    в–€в–€в•‘     в–€в–€в–€в–€в–€в–€в•”в•ќв–€в–€в–€в–€в–€в•—  в–€в–€в–€в–€в–€в–€в–€в•—   в–€в–€в•‘      в•‘
       в•‘    в–€в–€в•‘     в–€в–€в•”в•ђв•ђв–€в–€в•—в–€в–€в•”в•ђв•ђв•ќ  в•љв•ђв•ђв•ђв•ђв–€в–€в•‘   в–€в–€в•‘      в•‘
       в•‘    в•љв–€в–€в–€в–€в–€в–€в•—в–€в–€в•‘  в–€в–€в•‘в–€в–€в–€в–€в–€в–€в–€в•—в–€в–€в–€в–€в–€в–€в–€в•‘   в–€в–€в•‘      в•‘
       в•‘     в•љв•ђв•ђв•ђв•ђв•ђв•ќв•љв•ђв•ќ  в•љв•ђв•ќв•љв•ђв•ђв•ђв•ђв•ђв•ђв•ќв•љв•ђв•ђв•ђв•ђв•ђв•ђв•ќ   в•љв•ђв•ќ      в•‘
       в•‘                                                в•‘
       в•‘    Conformer-Rotamer Ensemble Sampling Tool    в•‘
       в•‘            based on the xTB methods            в•‘
       в•‘                                                в•‘
       в•љв•ђв•ђв•ђв•ђв•ђв•ђв•ђв•ђв•ђв•ђв•ђв•ђв•ђв•ђв•ђв•ђв•ђв•ђв•ђв•ђв•ђв•ђв•ђв•ђв•ђв•ђв•ђв•ђв•ђв•ђв•ђв•ђв•ђв•ђв•ђв•ђв•ђв•ђв•ђв•ђв•ђв•ђв•ђв•ђв•ђв•ђв•ђв•ђв•ќ
        Version 3.0.2, Mon, 29 September 16:25:59, 09/29/2025
        commit (c39758d) compiled by 'andrey@PC1'

   Cite work conducted with this code as

   вЂў P.Pracht, F.Bohle, S.Grimme, PCCP, 2020, 22, 7169-7192.
   вЂў S.Grimme, JCTC, 2019, 15, 2847-2862.
   вЂў P.Pracht, S.Grimme, C.Bannwarth, F.Bohle, S.Ehlert,
     G.Feldmann, J.Gorges, M.MГјller, T.Neudecker, C.Plett,
     S.Spicher, P.Steinbach, P.WesoЕ‚owski, F.Zeller,
     J. Chem. Phys., 2024, 160, 114110.

   for works involving QCG cite

   вЂў S.Spicher, C.Plett, P.Pracht, A.Hansen, S.Grimme,
     JCTC, 2022, 18 (5), 3174-3189.
   вЂў C.Plett, S. Grimme,
     Angew. Chem. Int. Ed. 2023, 62, e202214477.

   for works involving MECP screening cite

   вЂў P.Pracht, C.Bannwarth, JCTC, 2022, 18 (10), 6370-6385.

   Original code
     P.Pracht, S.Grimme, UniversitГ¤t Bonn, MCTC
   with help from (alphabetical order):
     C.Bannwarth, F.Bohle, S.Ehlert, G.Feldmann, J.Gorges,
     S.Grimme, C.Plett, P.Pracht, S.Spicher, P.Steinbach,
     P.Wesolowski, F.Zeller

   Online documentation is available at
   https://crest-lab.github.io/crest-docs/

   This program is distributed in the hope that it will be useful,
   but WITHOUT ANY WARRANTY; without even the implied warranty of
   MERCHANTABILITY or FITNESS FOR A PARTICULAR PURPOSE. See the
   GNU Lesser General Public License (LGPL) for more details.

 Command line input:
 $ ./crest m1_00_Vitamin_B6-uni_conformers-CLUST_0_gfn1_opt.xyz --T 16 --gfn1

  --T 16 (CPUs/Threads selected)
  --gfn1               : Use of GFN1-xTB requested.

> Setting up backup calculator ... done.
 ----------------
 Calculation info
 ----------------
> User-defined calculation level:
 : xTB calculation via tblite lib
 : GFN1-xTB level
 :   Molecular charge    : 0
 :   Fermi temperature   : 300.00000
 :   Accuracy            : 1.00000
 :   max SCC cycles      : 500


 -----------------------------
 Initial Geometry Optimization
 -----------------------------
 Geometry successfully optimized.

          в”Ќв”Ѓв”Ѓв”Ѓв”Ѓв”Ѓв”Ѓв”Ѓв”Ѓв”Ѓв”Ѓв”Ѓв”Ѓв”Ѓв”Ѓв”Ѓв”Ѓв”Ѓв”Ѓв”Ѓв”Ѓв”Ѓв”Ѓв”Ѓв”Ѓв”Ѓв”Ѓв”Ѓв”Ѓв”Ѓв”Ѓв”Ѓв”Ѓв”Ѓв”Ѓв”Ѓв”Ѓв”Ѓв”Ѓв”Ѓв”Ѓв”Ѓв”Ѓв”Ѓв”Ѓв”Ѓв”Ѓв”Ѓв”Ѓв”Ѓв”‘
          в”‚              CREST iMTD-GC SAMPLING             в”‚
          в”•в”Ѓв”Ѓв”Ѓв”Ѓв”Ѓв”Ѓв”Ѓв”Ѓв”Ѓв”Ѓв”Ѓв”Ѓв”Ѓв”Ѓв”Ѓв”Ѓв”Ѓв”Ѓв”Ѓв”Ѓв”Ѓв”Ѓв”Ѓв”Ѓв”Ѓв”Ѓв”Ѓв”Ѓв”Ѓв”Ѓв”Ѓв”Ѓв”Ѓв”Ѓв”Ѓв”Ѓв”Ѓв”Ѓв”Ѓв”Ѓв”Ѓв”Ѓв”Ѓв”Ѓв”Ѓв”Ѓв”Ѓв”Ѓв”Ѓв”™

 Input structure:
  23

 O         -1.6845112541        1.6842233230        0.0733443629
 O          0.7446795637        2.7403109385       -0.2470930025
 O          3.1192470269       -0.6243401635       -0.6355181959
 N         -1.3160705899       -1.8698385759       -0.0689047042
 C          0.3397800010        0.3679808454        0.2256734334
 C          0.8654518273       -0.9319025748        0.2348011515
 C         -1.0423474607        0.4926302961        0.0770810598
 C         -1.8382019268       -0.6544449033       -0.0708046303
 C          1.2254288839        1.5867398999        0.4268862428
 C          2.3502853273       -1.1958555064        0.4066307251
 C         -0.0001578275       -2.0060588142        0.0801913167
 C         -3.3235470992       -0.5222007813       -0.2294263067
 H          1.2470241751        1.8433390355        1.4946705935
 H          2.2530872350        1.3742416466        0.1059454309
 H          2.7116693779       -0.7483827548        1.3409141617
 H          2.5245757657       -2.2829177825        0.4604887137
 H          0.3806062051       -3.0235356570        0.0810582462
 H         -3.7718263055       -1.5044944273       -0.3681326709
 H         -3.7546219722       -0.0494703872        0.6546749151
 H         -3.5554253566        0.1092749221       -1.0885472346
 H         -1.0296249956        2.4119143402        0.0932691690
 H          0.8331365928        2.6149838507       -1.2006469891
 H          2.8158971321       -0.9656395801       -1.4862956115

 ------------------------------------------------
 Generating MTD length from a flexibility measure
 ------------------------------------------------
 Calculating GFN0-xTB WBOs   ... done.
 Calculating NCI flexibility ... done.
     covalent flexibility measure :   0.164
 non-covalent flexibility measure :   0.757
 flexibility measure :   0.235
 t(MTD) / ps    :     5.0
 ОЈ(t(MTD)) / ps :    70.0 (14 MTDs)

 -----------------------------------
 Starting trial MTD to test settings
 -----------------------------------
 Trial MTD 1 runtime (1.0 ps) ...        0 min,  2.859 sec
 Estimated runtime for one MTD (5.0 ps) on a single thread: 14 sec
 Estimated runtime for a batch of 14 MTDs on 16 threads: 14 sec

********************************************************************************
**                    N E W   I T E R A T I O N  C Y C L E                    **
********************************************************************************

 ------------------------------
 Meta-Dynamics Iteration 1
 ------------------------------
 list of applied metadynamics Vbias parameters:
$metadyn    0.06900   1.300
$metadyn    0.03450   1.300
$metadyn    0.01725   1.300
$metadyn    0.06900   0.780
$metadyn    0.03450   0.780
$metadyn    0.01725   0.780
$metadyn    0.06900   0.468
$metadyn    0.03450   0.468
$metadyn    0.01725   0.468
$metadyn    0.06900   0.281
$metadyn    0.03450   0.281
$metadyn    0.01725   0.281
$metadyn    0.02300   0.100
$metadyn    0.11500   0.800

  ::::::::::::: starting MTD    6 :::::::::::::
  |   MD simulation time   :     5.0 ps       |
  |   target T             :   300.0 K        |
  |   timestep dt          :     5.0 fs       |
  |   dump interval(trj)   :   100.0 fs       |
  |   SHAKE algorithm      : true (all bonds) |
  |   dump interval(Vbias) :    1.00 ps       |
  |   Vbias prefactor (k)  :  0.0173 Eh       |
  |   Vbias exponent (О±)   :  0.7800 bohrвЃ»ВІ   |
  ::::::::::::: starting MTD   14 :::::::::::::
  |   MD simulation time   :     5.0 ps       |
  |   target T             :   300.0 K        |
  |   timestep dt          :     5.0 fs       |
  |   dump interval(trj)   :   100.0 fs       |
  |   SHAKE algorithm      : true (all bonds) |
  |   dump interval(Vbias) :    1.00 ps       |
  |   Vbias prefactor (k)  :  0.1150 Eh       |
  |   Vbias exponent (О±)   :  0.8000 bohrвЃ»ВІ   |
  ::::::::::::: starting MTD    1 :::::::::::::
  |   MD simulation time   :     5.0 ps       |
  |   target T             :   300.0 K        |
  |   timestep dt          :     5.0 fs       |
  |   dump interval(trj)   :   100.0 fs       |
  |   SHAKE algorithm      : true (all bonds) |
  |   dump interval(Vbias) :    1.00 ps       |
  |   Vbias prefactor (k)  :  0.0690 Eh       |
  |   Vbias exponent (О±)   :  1.3000 bohrвЃ»ВІ   |
  ::::::::::::: starting MTD    8 :::::::::::::
  |   MD simulation time   :     5.0 ps       |
  |   target T             :   300.0 K        |
  |   timestep dt          :     5.0 fs       |
  |   dump interval(trj)   :   100.0 fs       |
  |   SHAKE algorithm      : true (all bonds) |
  |   dump interval(Vbias) :    1.00 ps       |
  |   Vbias prefactor (k)  :  0.0345 Eh       |
  |   Vbias exponent (О±)   :  0.4680 bohrвЃ»ВІ   |
  ::::::::::::: starting MTD   10 :::::::::::::
  |   MD simulation time   :     5.0 ps       |
  |   target T             :   300.0 K        |
  |   timestep dt          :     5.0 fs       |
  |   dump interval(trj)   :   100.0 fs       |
  |   SHAKE algorithm      : true (all bonds) |
  |   dump interval(Vbias) :    1.00 ps       |
  |   Vbias prefactor (k)  :  0.0690 Eh       |
  |   Vbias exponent (О±)   :  0.2808 bohrвЃ»ВІ   |
  ::::::::::::: starting MTD   11 :::::::::::::
  |   MD simulation time   :     5.0 ps       |
  |   target T             :   300.0 K        |
  |   timestep dt          :     5.0 fs       |
  |   dump interval(trj)   :   100.0 fs       |
  |   SHAKE algorithm      : true (all bonds) |
  |   dump interval(Vbias) :    1.00 ps       |
  |   Vbias prefactor (k)  :  0.0345 Eh       |
  |   Vbias exponent (О±)   :  0.2808 bohrвЃ»ВІ   |
  ::::::::::::: starting MTD    5 :::::::::::::
  |   MD simulation time   :     5.0 ps       |
  |   target T             :   300.0 K        |
  |   timestep dt          :     5.0 fs       |
  |   dump interval(trj)   :   100.0 fs       |
  |   SHAKE algorithm      : true (all bonds) |
  |   dump interval(Vbias) :    1.00 ps       |
  |   Vbias prefactor (k)  :  0.0345 Eh       |
  |   Vbias exponent (О±)   :  0.7800 bohrвЃ»ВІ   |
  ::::::::::::: starting MTD    9 :::::::::::::
  |   MD simulation time   :     5.0 ps       |
  |   target T             :   300.0 K        |
  |   timestep dt          :     5.0 fs       |
  |   dump interval(trj)   :   100.0 fs       |
  |   SHAKE algorithm      : true (all bonds) |
  |   dump interval(Vbias) :    1.00 ps       |
  |   Vbias prefactor (k)  :  0.0173 Eh       |
  |   Vbias exponent (О±)   :  0.4680 bohrвЃ»ВІ   |
  ::::::::::::: starting MTD    3 :::::::::::::
  |   MD simulation time   :     5.0 ps       |
  |   target T             :   300.0 K        |
  |   timestep dt          :     5.0 fs       |
  |   dump interval(trj)   :   100.0 fs       |
  |   SHAKE algorithm      : true (all bonds) |
  |   dump interval(Vbias) :    1.00 ps       |
  |   Vbias prefactor (k)  :  0.0173 Eh       |
  |   Vbias exponent (О±)   :  1.3000 bohrвЃ»ВІ   |
  ::::::::::::: starting MTD   12 :::::::::::::
  |   MD simulation time   :     5.0 ps       |
  |   target T             :   300.0 K        |
  |   timestep dt          :     5.0 fs       |
  |   dump interval(trj)   :   100.0 fs       |
  |   SHAKE algorithm      : true (all bonds) |
  |   dump interval(Vbias) :    1.00 ps       |
  |   Vbias prefactor (k)  :  0.0173 Eh       |
  |   Vbias exponent (О±)   :  0.2808 bohrвЃ»ВІ   |
  ::::::::::::: starting MTD   13 :::::::::::::
  |   MD simulation time   :     5.0 ps       |
  |   target T             :   300.0 K        |
  |   timestep dt          :     5.0 fs       |
  |   dump interval(trj)   :   100.0 fs       |
  |   SHAKE algorithm      : true (all bonds) |
  |   dump interval(Vbias) :    1.00 ps       |
  |   Vbias prefactor (k)  :  0.0230 Eh       |
  |   Vbias exponent (О±)   :  0.1000 bohrвЃ»ВІ   |
  ::::::::::::: starting MTD    7 :::::::::::::
  |   MD simulation time   :     5.0 ps       |
  |   target T             :   300.0 K        |
  |   timestep dt          :     5.0 fs       |
  |   dump interval(trj)   :   100.0 fs       |
  |   SHAKE algorithm      : true (all bonds) |
  |   dump interval(Vbias) :    1.00 ps       |
  |   Vbias prefactor (k)  :  0.0690 Eh       |
  |   Vbias exponent (О±)   :  0.4680 bohrвЃ»ВІ   |
  ::::::::::::: starting MTD    2 :::::::::::::
  |   MD simulation time   :     5.0 ps       |
  |   target T             :   300.0 K        |
  |   timestep dt          :     5.0 fs       |
  |   dump interval(trj)   :   100.0 fs       |
  |   SHAKE algorithm      : true (all bonds) |
  |   dump interval(Vbias) :    1.00 ps       |
  |   Vbias prefactor (k)  :  0.0345 Eh       |
  |   Vbias exponent (О±)   :  1.3000 bohrвЃ»ВІ   |
  ::::::::::::: starting MTD    4 :::::::::::::
  |   MD simulation time   :     5.0 ps       |
  |   target T             :   300.0 K        |
  |   timestep dt          :     5.0 fs       |
  |   dump interval(trj)   :   100.0 fs       |
  |   SHAKE algorithm      : true (all bonds) |
  |   dump interval(Vbias) :    1.00 ps       |
  |   Vbias prefactor (k)  :  0.0690 Eh       |
  |   Vbias exponent (О±)   :  0.7800 bohrвЃ»ВІ   |
*MTD   6 completed successfully ...        0 min, 18.977 sec
*MTD   8 completed successfully ...        0 min, 19.011 sec
*MTD   5 completed successfully ...        0 min, 19.021 sec
*MTD  13 completed successfully ...        0 min, 19.041 sec
*MTD   4 completed successfully ...        0 min, 19.047 sec
*MTD  12 completed successfully ...        0 min, 19.051 sec
*MTD   9 completed successfully ...        0 min, 19.058 sec
*MTD   3 completed successfully ...        0 min, 19.069 sec
*MTD   2 completed successfully ...        0 min, 19.069 sec
*MTD  14 completed successfully ...        0 min, 19.096 sec
*MTD  10 completed successfully ...        0 min, 19.098 sec
*MTD   7 completed successfully ...        0 min, 19.103 sec
*MTD  11 completed successfully ...        0 min, 19.109 sec
*MTD   1 completed successfully ...        0 min, 19.157 sec

 ======================================
 |  Multilevel Ensemble Optimization  |
 ======================================
 Optimizing all 686 structures from file "crest_dynamics.trj" ...
 ----------------------
 crude pre-optimization
 ----------------------
 Optimization engine: ANCOPT
 Hessian update type: BFGS
 E/G convergence criteria:  0.500E-03 Eh, 0.100E-01 Eh/a0
 maximum optimization steps: 200
 |>0.1% |>10.1% |>20.1% |>30.0% |>40.1% |>50.0% |>60.1% |>70.1% |>80.0% |>90.1% |>100.0%
 done.
> 686 of 686 structures successfully optimized (100.0% success)
> Total runtime for 686 optimizations:
 * wall-time:     0 d,  0 h,  0 min,  8.447 sec
 *  cpu-time:     0 d,  0 h,  2 min,  9.074 sec
 * ratio c/w:    15.280 speedup
> Corresponding to approximately 0.012 sec per processed structure

CREGEN> running RMSDs ... done.
CREGEN> E lowest :   -40.13497
 541 structures remain within    12.00 kcal/mol window
 ----------------------------------
 optimization with tight thresholds
 ----------------------------------
 Optimization engine: ANCOPT
 Hessian update type: BFGS
 E/G convergence criteria:  0.100E-05 Eh, 0.800E-03 Eh/a0
 maximum optimization steps: 200
 |>0.2% |>10.2% |>20.1% |>30.1% |>40.1% |>50.1% |>60.1% |>70.1% |>80.0% |>90.0% |>100.0%
 done.
> 541 of 541 structures successfully optimized (100.0% success)
> Total runtime for 541 optimizations:
 * wall-time:     0 d,  0 h,  0 min, 19.820 sec
 *  cpu-time:     0 d,  0 h,  5 min,  1.027 sec
 * ratio c/w:    15.188 speedup
> Corresponding to approximately 0.037 sec per processed structure

CREGEN> running RMSDs ... done.
CREGEN> E lowest :   -40.13521
 136 structures remain within     6.00 kcal/mol window

 ------------------------------
 Meta-Dynamics Iteration 2
 ------------------------------
 list of applied metadynamics Vbias parameters:
$metadyn    0.06900   1.300
$metadyn    0.03450   1.300
$metadyn    0.01725   1.300
$metadyn    0.06900   0.780
$metadyn    0.03450   0.780
$metadyn    0.01725   0.780
$metadyn    0.06900   0.468
$metadyn    0.03450   0.468
$metadyn    0.01725   0.468
$metadyn    0.06900   0.281
$metadyn    0.03450   0.281
$metadyn    0.01725   0.281
$metadyn    0.02300   0.100
$metadyn    0.11500   0.800

  ::::::::::::: starting MTD    1 :::::::::::::
  |   MD simulation time   :     5.0 ps       |
  |   target T             :   300.0 K        |
  |   timestep dt          :     5.0 fs       |
  |   dump interval(trj)   :   100.0 fs       |
  |   SHAKE algorithm      : true (all bonds) |
  |   dump interval(Vbias) :    1.00 ps       |
  |   Vbias prefactor (k)  :  0.0690 Eh       |
  |   Vbias exponent (О±)   :  1.3000 bohrвЃ»ВІ   |
  ::::::::::::: starting MTD    8 :::::::::::::
  |   MD simulation time   :     5.0 ps       |
  |   target T             :   300.0 K        |
  |   timestep dt          :     5.0 fs       |
  |   dump interval(trj)   :   100.0 fs       |
  |   SHAKE algorithm      : true (all bonds) |
  |   dump interval(Vbias) :    1.00 ps       |
  |   Vbias prefactor (k)  :  0.0345 Eh       |
  |   Vbias exponent (О±)   :  0.4680 bohrвЃ»ВІ   |
  ::::::::::::: starting MTD   13 :::::::::::::
  |   MD simulation time   :     5.0 ps       |
  |   target T             :   300.0 K        |
  |   timestep dt          :     5.0 fs       |
  |   dump interval(trj)   :   100.0 fs       |
  |   SHAKE algorithm      : true (all bonds) |
  |   dump interval(Vbias) :    1.00 ps       |
  |   Vbias prefactor (k)  :  0.0230 Eh       |
  |   Vbias exponent (О±)   :  0.1000 bohrвЃ»ВІ   |
  ::::::::::::: starting MTD   12 :::::::::::::
  |   MD simulation time   :     5.0 ps       |
  |   target T             :   300.0 K        |
  |   timestep dt          :     5.0 fs       |
  |   dump interval(trj)   :   100.0 fs       |
  |   SHAKE algorithm      : true (all bonds) |
  |   dump interval(Vbias) :    1.00 ps       |
  |   Vbias prefactor (k)  :  0.0173 Eh       |
  |   Vbias exponent (О±)   :  0.2808 bohrвЃ»ВІ   |
  ::::::::::::: starting MTD    6 :::::::::::::
  |   MD simulation time   :     5.0 ps       |
  |   target T             :   300.0 K        |
  |   timestep dt          :     5.0 fs       |
  |   dump interval(trj)   :   100.0 fs       |
  |   SHAKE algorithm      : true (all bonds) |
  |   dump interval(Vbias) :    1.00 ps       |
  |   Vbias prefactor (k)  :  0.0173 Eh       |
  |   Vbias exponent (О±)   :  0.7800 bohrвЃ»ВІ   |
  ::::::::::::: starting MTD   14 :::::::::::::
  |   MD simulation time   :     5.0 ps       |
  |   target T             :   300.0 K        |
  |   timestep dt          :     5.0 fs       |
  |   dump interval(trj)   :   100.0 fs       |
  |   SHAKE algorithm      : true (all bonds) |
  |   dump interval(Vbias) :    1.00 ps       |
  |   Vbias prefactor (k)  :  0.1150 Eh       |
  |   Vbias exponent (О±)   :  0.8000 bohrвЃ»ВІ   |
  ::::::::::::: starting MTD    7 :::::::::::::
  |   MD simulation time   :     5.0 ps       |
  |   target T             :   300.0 K        |
  |   timestep dt          :     5.0 fs       |
  |   dump interval(trj)   :   100.0 fs       |
  |   SHAKE algorithm      : true (all bonds) |
  |   dump interval(Vbias) :    1.00 ps       |
  |   Vbias prefactor (k)  :  0.0690 Eh       |
  |   Vbias exponent (О±)   :  0.4680 bohrвЃ»ВІ   |
  ::::::::::::: starting MTD    9 :::::::::::::
  |   MD simulation time   :     5.0 ps       |
  |   target T             :   300.0 K        |
  |   timestep dt          :     5.0 fs       |
  |   dump interval(trj)   :   100.0 fs       |
  |   SHAKE algorithm      : true (all bonds) |
  |   dump interval(Vbias) :    1.00 ps       |
  |   Vbias prefactor (k)  :  0.0173 Eh       |
  |   Vbias exponent (О±)   :  0.4680 bohrвЃ»ВІ   |
  ::::::::::::: starting MTD    5 :::::::::::::
  |   MD simulation time   :     5.0 ps       |
  |   target T             :   300.0 K        |
  |   timestep dt          :     5.0 fs       |
  |   dump interval(trj)   :   100.0 fs       |
  |   SHAKE algorithm      : true (all bonds) |
  |   dump interval(Vbias) :    1.00 ps       |
  |   Vbias prefactor (k)  :  0.0345 Eh       |
  |   Vbias exponent (О±)   :  0.7800 bohrвЃ»ВІ   |
  ::::::::::::: starting MTD    3 :::::::::::::
  |   MD simulation time   :     5.0 ps       |
  |   target T             :   300.0 K        |
  |   timestep dt          :     5.0 fs       |
  |   dump interval(trj)   :   100.0 fs       |
  |   SHAKE algorithm      : true (all bonds) |
  |   dump interval(Vbias) :    1.00 ps       |
  |   Vbias prefactor (k)  :  0.0173 Eh       |
  |   Vbias exponent (О±)   :  1.3000 bohrвЃ»ВІ   |
  ::::::::::::: starting MTD    4 :::::::::::::
  |   MD simulation time   :     5.0 ps       |
  |   target T             :   300.0 K        |
  |   timestep dt          :     5.0 fs       |
  |   dump interval(trj)   :   100.0 fs       |
  |   SHAKE algorithm      : true (all bonds) |
  |   dump interval(Vbias) :    1.00 ps       |
  |   Vbias prefactor (k)  :  0.0690 Eh       |
  |   Vbias exponent (О±)   :  0.7800 bohrвЃ»ВІ   |
  ::::::::::::: starting MTD   11 :::::::::::::
  |   MD simulation time   :     5.0 ps       |
  |   target T             :   300.0 K        |
  |   timestep dt          :     5.0 fs       |
  |   dump interval(trj)   :   100.0 fs       |
  |   SHAKE algorithm      : true (all bonds) |
  |   dump interval(Vbias) :    1.00 ps       |
  |   Vbias prefactor (k)  :  0.0345 Eh       |
  |   Vbias exponent (О±)   :  0.2808 bohrвЃ»ВІ   |
  ::::::::::::: starting MTD   10 :::::::::::::
  |   MD simulation time   :     5.0 ps       |
  |   target T             :   300.0 K        |
  |   timestep dt          :     5.0 fs       |
  |   dump interval(trj)   :   100.0 fs       |
  |   SHAKE algorithm      : true (all bonds) |
  |   dump interval(Vbias) :    1.00 ps       |
  |   Vbias prefactor (k)  :  0.0690 Eh       |
  |   Vbias exponent (О±)   :  0.2808 bohrвЃ»ВІ   |
  ::::::::::::: starting MTD    2 :::::::::::::
  |   MD simulation time   :     5.0 ps       |
  |   target T             :   300.0 K        |
  |   timestep dt          :     5.0 fs       |
  |   dump interval(trj)   :   100.0 fs       |
  |   SHAKE algorithm      : true (all bonds) |
  |   dump interval(Vbias) :    1.00 ps       |
  |   Vbias prefactor (k)  :  0.0345 Eh       |
  |   Vbias exponent (О±)   :  1.3000 bohrвЃ»ВІ   |
*MTD  12 completed successfully ...        0 min, 18.957 sec
*MTD   2 completed successfully ...        0 min, 18.962 sec
*MTD  11 completed successfully ...        0 min, 18.979 sec
*MTD   3 completed successfully ...        0 min, 18.992 sec
*MTD   5 completed successfully ...        0 min, 19.035 sec
*MTD   6 completed successfully ...        0 min, 19.043 sec
*MTD  14 completed successfully ...        0 min, 19.048 sec
*MTD   7 completed successfully ...        0 min, 19.071 sec
*MTD   8 completed successfully ...        0 min, 19.074 sec
*MTD  13 completed successfully ...        0 min, 19.113 sec
*MTD  10 completed successfully ...        0 min, 19.118 sec
*MTD   9 completed successfully ...        0 min, 19.119 sec
*MTD   1 completed successfully ...        0 min, 19.125 sec
*MTD   4 completed successfully ...        0 min, 19.164 sec

 ======================================
 |  Multilevel Ensemble Optimization  |
 ======================================
 Optimizing all 686 structures from file "crest_dynamics.trj" ...
 ----------------------
 crude pre-optimization
 ----------------------
 Optimization engine: ANCOPT
 Hessian update type: BFGS
 E/G convergence criteria:  0.500E-03 Eh, 0.100E-01 Eh/a0
 maximum optimization steps: 200
 |>0.1% |>10.1% |>20.1% |>30.0% |>40.1% |>50.0% |>60.1% |>70.1% |>80.0% |>90.1% |>100.0%
 done.
> 686 of 686 structures successfully optimized (100.0% success)
> Total runtime for 686 optimizations:
 * wall-time:     0 d,  0 h,  0 min,  8.930 sec
 *  cpu-time:     0 d,  0 h,  2 min, 15.853 sec
 * ratio c/w:    15.214 speedup
> Corresponding to approximately 0.013 sec per processed structure

CREGEN> running RMSDs ... done.
CREGEN> E lowest :   -40.13509
 543 structures remain within    12.00 kcal/mol window
 ----------------------------------
 optimization with tight thresholds
 ----------------------------------
 Optimization engine: ANCOPT
 Hessian update type: BFGS
 E/G convergence criteria:  0.100E-05 Eh, 0.800E-03 Eh/a0
 maximum optimization steps: 200
 |>0.2% |>10.1% |>20.1% |>30.0% |>40.1% |>50.1% |>60.0% |>70.2% |>80.1% |>90.1% |>100.0%
 done.
> 543 of 543 structures successfully optimized (100.0% success)
> Total runtime for 543 optimizations:
 * wall-time:     0 d,  0 h,  0 min, 19.412 sec
 *  cpu-time:     0 d,  0 h,  4 min, 58.416 sec
 * ratio c/w:    15.373 speedup
> Corresponding to approximately 0.036 sec per processed structure

CREGEN> running RMSDs ... done.
CREGEN> E lowest :   -40.13521
 155 structures remain within     6.00 kcal/mol window

========================================
           MTD Simulations done         
========================================
 Collecting ensmbles.
CREGEN> running RMSDs ... done.
CREGEN> E lowest :   -40.13521
 197 structures remain within     6.00 kcal/mol window


 ===============================================
 Additional regular MDs on lowest 4 conformer(s)
 ===============================================
  :::::::::::::: starting MD   1 ::::::::::::::
  |   MD simulation time   :     2.5 ps       |
  |   target T             :   400.0 K        |
  |   timestep dt          :     5.0 fs       |
  |   dump interval(trj)   :   100.0 fs       |
  |   SHAKE algorithm      : true (all bonds) |
  :::::::::::::: starting MD   8 ::::::::::::::
  |   MD simulation time   :     2.5 ps       |
  |   target T             :   500.0 K        |
  |   timestep dt          :     5.0 fs       |
  |   dump interval(trj)   :   100.0 fs       |
  |   SHAKE algorithm      : true (all bonds) |
  :::::::::::::: starting MD   3 ::::::::::::::
  |   MD simulation time   :     2.5 ps       |
  |   target T             :   400.0 K        |
  |   timestep dt          :     5.0 fs       |
  |   dump interval(trj)   :   100.0 fs       |
  |   SHAKE algorithm      : true (all bonds) |
  :::::::::::::: starting MD   2 ::::::::::::::
  |   MD simulation time   :     2.5 ps       |
  |   target T             :   400.0 K        |
  |   timestep dt          :     5.0 fs       |
  |   dump interval(trj)   :   100.0 fs       |
  |   SHAKE algorithm      : true (all bonds) |
  :::::::::::::: starting MD   6 ::::::::::::::
  |   MD simulation time   :     2.5 ps       |
  |   target T             :   500.0 K        |
  |   timestep dt          :     5.0 fs       |
  |   dump interval(trj)   :   100.0 fs       |
  |   SHAKE algorithm      : true (all bonds) |
  :::::::::::::: starting MD   7 ::::::::::::::
  |   MD simulation time   :     2.5 ps       |
  |   target T             :   500.0 K        |
  |   timestep dt          :     5.0 fs       |
  |   dump interval(trj)   :   100.0 fs       |
  |   SHAKE algorithm      : true (all bonds) |
  :::::::::::::: starting MD   5 ::::::::::::::
  |   MD simulation time   :     2.5 ps       |
  |   target T             :   500.0 K        |
  |   timestep dt          :     5.0 fs       |
  |   dump interval(trj)   :   100.0 fs       |
  |   SHAKE algorithm      : true (all bonds) |
  :::::::::::::: starting MD   4 ::::::::::::::
  |   MD simulation time   :     2.5 ps       |
  |   target T             :   400.0 K        |
  |   timestep dt          :     5.0 fs       |
  |   dump interval(trj)   :   100.0 fs       |
  |   SHAKE algorithm      : true (all bonds) |
*MD   1 completed successfully ...        0 min, 11.234 sec
*MD   2 completed successfully ...        0 min, 11.361 sec
*MD   6 completed successfully ...        0 min, 11.367 sec
*MD   3 completed successfully ...        0 min, 11.502 sec
*MD   4 completed successfully ...        0 min, 11.506 sec
*MD   7 completed successfully ...        0 min, 11.608 sec
*MD   8 completed successfully ...        0 min, 11.669 sec
*MD   5 completed successfully ...        0 min, 11.744 sec
 Appending file crest_rotamers_1.xyz with new structures
 Optimizing all 389 structures from file "crest_rotamers_1.xyz" ...
 ----------------------------------
 optimization with tight thresholds
 ----------------------------------
 Optimization engine: ANCOPT
 Hessian update type: BFGS
 E/G convergence criteria:  0.100E-05 Eh, 0.800E-03 Eh/a0
 maximum optimization steps: 200
 |>0.3% |>10.0% |>20.1% |>30.1% |>40.1% |>50.1% |>60.2% |>70.2% |>80.2% |>90.2% |>100.0%
 done.
> 389 of 389 structures successfully optimized (100.0% success)
> Total runtime for 389 optimizations:
 * wall-time:     0 d,  0 h,  0 min,  9.332 sec
 *  cpu-time:     0 d,  0 h,  2 min, 18.837 sec
 * ratio c/w:    14.877 speedup
> Corresponding to approximately 0.024 sec per processed structure

CREGEN> running RMSDs ... done.
CREGEN> E lowest :   -40.13521
 198 structures remain within     6.00 kcal/mol window

     ========================================
     |        Structure Crossing (GC)       |
     ========================================

 =============================
  # threads =          16
 =============================
input  file name : crest_rotamers_2.xyz
number of atoms                :      23
number of points on xyz files  :     198
conformer energy window  /kcal :    6.00
CN per atom difference cut-off :  0.3000
RMSD threshold (Ang, Bohr)     :  0.2500  0.4724
max. # of generated structures :      250
 # in E window         198
  10.1 % done
 finished.
 average rmsd w.r.t input     :     1.39336
 number of clash discarded    :       19173
 removed identical structures :         204

 126 structures written to confcross.xyz


 ======================================
 |  Multilevel Ensemble Optimization  |
 ======================================
 Optimizing all 126 structures from file "confcross.xyz" ...
 ----------------------
 crude pre-optimization
 ----------------------
 Optimization engine: ANCOPT
 Hessian update type: BFGS
 E/G convergence criteria:  0.500E-03 Eh, 0.100E-01 Eh/a0
 maximum optimization steps: 200
 |>0.8% |>10.3% |>20.6% |>30.2% |>40.5% |>50.0% |>60.3% |>70.6% |>80.2% |>90.5% |>100.0%
 done.
> 126 of 126 structures successfully optimized (100.0% success)
> Total runtime for 126 optimizations:
 * wall-time:     0 d,  0 h,  0 min,  1.320 sec
 *  cpu-time:     0 d,  0 h,  0 min, 17.680 sec
 * ratio c/w:    13.398 speedup
> Corresponding to approximately 0.010 sec per processed structure

CREGEN> running RMSDs ... done.
CREGEN> E lowest :   -40.13521
 88 structures remain within    12.00 kcal/mol window
 ----------------------------------
 optimization with tight thresholds
 ----------------------------------
 Optimization engine: ANCOPT
 Hessian update type: BFGS
 E/G convergence criteria:  0.100E-05 Eh, 0.800E-03 Eh/a0
 maximum optimization steps: 200
 |>1.1% |>10.2% |>20.5% |>30.7% |>40.9% |>50.0% |>60.2% |>70.5% |>80.7% |>90.9% |>100.0%
 done.
> 88 of 88 structures successfully optimized (100.0% success)
> Total runtime for 88 optimizations:
 * wall-time:     0 d,  0 h,  0 min,  3.280 sec
 *  cpu-time:     0 d,  0 h,  0 min, 45.156 sec
 * ratio c/w:    13.767 speedup
> Corresponding to approximately 0.037 sec per processed structure

CREGEN> running RMSDs ... done.
CREGEN> E lowest :   -40.13521
 42 structures remain within     6.00 kcal/mol window
appending new structures to crest_rotamers_2.xyz
CREGEN> running RMSDs ... done.
CREGEN> E lowest :   -40.13521


   ================================================
   |           Final Geometry Optimization        |
   ================================================
 Optimizing all 199 structures from file "crest_rotamers_3.xyz" ...
 ---------------------------------------
 optimization with very tight thresholds
 ---------------------------------------
 Optimization engine: ANCOPT
 Hessian update type: BFGS
 E/G convergence criteria:  0.100E-06 Eh, 0.200E-03 Eh/a0
 maximum optimization steps: 200
 |>0.5% |>10.1% |>20.1% |>30.2% |>40.2% |>50.3% |>60.3% |>70.4% |>80.4% |>90.5% |>100.0%
 done.
> 199 of 199 structures successfully optimized (100.0% success)
> Total runtime for 199 optimizations:
 * wall-time:     0 d,  0 h,  0 min,  2.289 sec
 *  cpu-time:     0 d,  0 h,  0 min, 26.222 sec
 * ratio c/w:    11.454 speedup
> Corresponding to approximately 0.012 sec per processed structure

CREGEN> running RMSDs ... done.
CREGEN> E lowest :   -40.13521
 193 structures remain within     6.00 kcal/mol window


 --------------------------
 Final Ensemble Information
 --------------------------
 input  file name : crest_rotamers_3.xyz
 output file name : crest_rotamers_4.xyz
 number of atoms                :   23
 number of points on xyz files  :   199
 RMSD threshold                 :   0.1250
 Bconst threshold               :   0.0100
 population threshold           :   0.0500
 # fragment in coord            :     1
 # bonds in reference structure :    23
 number of reliable points      :   199
 sorting energy window (EWIN)   :    6.0000 / kcal*molвЃ»В№
 reference state Etot           :  -40.135214949999998
 number of doubles removed by rot/RMSD         :           6
 total number unique points considered further :         193
       Erel/kcal        Etot weight/tot  conformer     set   degen     origin
       1   0.000   -40.13521    0.07515    0.45088       1       6
       2   0.000   -40.13521    0.07515
       3   0.000   -40.13521    0.07515
       4   0.000   -40.13521    0.07515
       5   0.000   -40.13521    0.07515
       6   0.000   -40.13521    0.07513
       7   0.404   -40.13457    0.03804    0.03804       2       1
       8   0.443   -40.13451    0.03560    0.21356       3       6
       9   0.443   -40.13451    0.03559
      10   0.443   -40.13451    0.03559
      11   0.443   -40.13451    0.03559
      12   0.443   -40.13451    0.03559
      13   0.443   -40.13451    0.03559
      14   0.840   -40.13388    0.01823    0.01823       4       1
      15   0.926   -40.13374    0.01576    0.09458       5       6
      16   0.926   -40.13374    0.01576
      17   0.926   -40.13374    0.01576
      18   0.926   -40.13374    0.01576
      19   0.926   -40.13374    0.01576
      20   0.926   -40.13374    0.01576
      21   1.376   -40.13302    0.00738    0.00738       6       1
      22   1.575   -40.13271    0.00528    0.03167       7       6
      23   1.575   -40.13271    0.00528
      24   1.575   -40.13271    0.00528
      25   1.575   -40.13271    0.00528
      26   1.575   -40.13271    0.00528
      27   1.575   -40.13271    0.00528
      28   1.603   -40.13266    0.00503    0.03019       8       6
      29   1.603   -40.13266    0.00503
      30   1.603   -40.13266    0.00503
      31   1.603   -40.13266    0.00503
      32   1.603   -40.13266    0.00503
      33   1.604   -40.13266    0.00503
      34   1.696   -40.13251    0.00431    0.02584       9       6
      35   1.696   -40.13251    0.00431
      36   1.696   -40.13251    0.00431
      37   1.696   -40.13251    0.00431
      38   1.696   -40.13251    0.00431
      39   1.696   -40.13251    0.00431
      40   1.886   -40.13221    0.00313    0.01875      10       6
      41   1.886   -40.13221    0.00313
      42   1.886   -40.13221    0.00313
      43   1.886   -40.13221    0.00313
      44   1.886   -40.13221    0.00313
      45   1.886   -40.13221    0.00313
      46   1.938   -40.13213    0.00286    0.01717      11       6
      47   1.938   -40.13213    0.00286
      48   1.938   -40.13213    0.00286
      49   1.938   -40.13213    0.00286
      50   1.938   -40.13213    0.00286
      51   1.938   -40.13213    0.00286
      52   1.969   -40.13208    0.00272    0.00815      12       3
      53   1.969   -40.13208    0.00272
      54   1.969   -40.13208    0.00272
      55   1.999   -40.13203    0.00258    0.00258      13       1
      56   2.364   -40.13145    0.00139    0.00697      14       5
      57   2.364   -40.13145    0.00139
      58   2.364   -40.13145    0.00139
      59   2.364   -40.13145    0.00139
      60   2.364   -40.13145    0.00139
      61   2.573   -40.13111    0.00098    0.00588      15       6
      62   2.573   -40.13111    0.00098
      63   2.573   -40.13111    0.00098
      64   2.574   -40.13111    0.00098
      65   2.574   -40.13111    0.00098
      66   2.574   -40.13111    0.00098
      67   2.628   -40.13103    0.00089    0.00536      16       6
      68   2.628   -40.13103    0.00089
      69   2.628   -40.13103    0.00089
      70   2.628   -40.13103    0.00089
      71   2.628   -40.13103    0.00089
      72   2.628   -40.13103    0.00089
      73   2.725   -40.13087    0.00076    0.00228      17       3
      74   2.725   -40.13087    0.00076
      75   2.725   -40.13087    0.00076
      76   2.742   -40.13085    0.00074    0.00295      18       4
      77   2.742   -40.13085    0.00074
      78   2.742   -40.13085    0.00074
      79   2.742   -40.13085    0.00074
      80   2.821   -40.13072    0.00065    0.00323      19       5
      81   2.821   -40.13072    0.00065
      82   2.821   -40.13072    0.00065
      83   2.821   -40.13072    0.00065
      84   2.821   -40.13072    0.00065
      85   2.867   -40.13065    0.00060    0.00358      20       6
      86   2.867   -40.13065    0.00060
      87   2.867   -40.13065    0.00060
      88   2.867   -40.13065    0.00060
      89   2.867   -40.13065    0.00060
      90   2.867   -40.13065    0.00060
      91   2.959   -40.13050    0.00051    0.00307      21       6
      92   2.959   -40.13050    0.00051
      93   2.959   -40.13050    0.00051
      94   2.959   -40.13050    0.00051
      95   2.959   -40.13050    0.00051
      96   2.959   -40.13050    0.00051
      97   3.150   -40.13020    0.00037    0.00185      22       5
      98   3.150   -40.13020    0.00037
      99   3.150   -40.13020    0.00037
     100   3.150   -40.13020    0.00037
     101   3.150   -40.13020    0.00037
     102   3.206   -40.13011    0.00034    0.00169      23       5
     103   3.206   -40.13011    0.00034
     104   3.206   -40.13011    0.00034
     105   3.206   -40.13011    0.00034
     106   3.206   -40.13011    0.00034
     107   3.281   -40.12999    0.00030    0.00089      24       3
     108   3.281   -40.12999    0.00030
     109   3.281   -40.12999    0.00030
     110   3.453   -40.12971    0.00022    0.00133      25       6
     111   3.453   -40.12971    0.00022
     112   3.453   -40.12971    0.00022
     113   3.453   -40.12971    0.00022
     114   3.453   -40.12971    0.00022
     115   3.454   -40.12971    0.00022
     116   3.587   -40.12950    0.00018    0.00036      26       2
     117   3.587   -40.12950    0.00018
     118   3.706   -40.12931    0.00015    0.00029      27       2
     119   3.706   -40.12931    0.00015
     120   3.706   -40.12931    0.00015    0.00029      28       2
     121   3.706   -40.12931    0.00015
     122   3.830   -40.12911    0.00012    0.00024      29       2
     123   3.830   -40.12911    0.00012
     124   3.847   -40.12908    0.00011    0.00023      30       2
     125   3.847   -40.12908    0.00011
     126   3.936   -40.12894    0.00010    0.00010      31       1
     127   4.032   -40.12879    0.00008    0.00050      32       6
     128   4.032   -40.12879    0.00008
     129   4.032   -40.12879    0.00008
     130   4.032   -40.12879    0.00008
     131   4.032   -40.12879    0.00008
     132   4.032   -40.12879    0.00008
     133   4.074   -40.12872    0.00008    0.00047      33       6
     134   4.074   -40.12872    0.00008
     135   4.074   -40.12872    0.00008
     136   4.074   -40.12872    0.00008
     137   4.074   -40.12872    0.00008
     138   4.074   -40.12872    0.00008
     139   4.097   -40.12869    0.00008    0.00008      34       1
     140   4.129   -40.12864    0.00007    0.00021      35       3
     141   4.129   -40.12864    0.00007
     142   4.129   -40.12864    0.00007
     143   4.159   -40.12859    0.00007    0.00020      36       3
     144   4.159   -40.12859    0.00007
     145   4.159   -40.12859    0.00007
     146   4.303   -40.12836    0.00005    0.00027      37       5
     147   4.303   -40.12836    0.00005
     148   4.303   -40.12836    0.00005
     149   4.303   -40.12836    0.00005
     150   4.303   -40.12836    0.00005
     151   4.488   -40.12806    0.00004    0.00004      38       1
     152   4.571   -40.12793    0.00003    0.00020      39       6
     153   4.571   -40.12793    0.00003
     154   4.571   -40.12793    0.00003
     155   4.571   -40.12793    0.00003
     156   4.571   -40.12793    0.00003
     157   4.571   -40.12793    0.00003
     158   4.689   -40.12774    0.00003    0.00008      40       3
     159   4.689   -40.12774    0.00003
     160   4.689   -40.12774    0.00003
     161   4.726   -40.12768    0.00003    0.00013      41       5
     162   4.726   -40.12768    0.00003
     163   4.726   -40.12768    0.00003
     164   4.726   -40.12768    0.00003
     165   4.726   -40.12768    0.00003
     166   4.748   -40.12765    0.00003    0.00003      42       1
     167   4.958   -40.12731    0.00002    0.00002      43       1
     168   5.002   -40.12724    0.00002    0.00003      44       2
     169   5.003   -40.12724    0.00002
     170   5.033   -40.12719    0.00002    0.00003      45       2
     171   5.033   -40.12719    0.00002
     172   5.093   -40.12710    0.00001    0.00001      46       1
     173   5.315   -40.12674    0.00001    0.00001      47       1
     174   5.550   -40.12637    0.00001    0.00003      48       4
     175   5.551   -40.12637    0.00001
     176   5.551   -40.12637    0.00001
     177   5.551   -40.12637    0.00001
     178   5.677   -40.12617    0.00001    0.00002      49       4
     179   5.678   -40.12617    0.00001
     180   5.678   -40.12617    0.00001
     181   5.678   -40.12617    0.00001
     182   5.830   -40.12592    0.00000    0.00001      50       3
     183   5.830   -40.12592    0.00000
     184   5.830   -40.12592    0.00000
     185   5.833   -40.12592    0.00000    0.00001      51       2
     186   5.834   -40.12592    0.00000
     187   5.965   -40.12571    0.00000    0.00001      52       4
     188   5.965   -40.12571    0.00000
     189   5.965   -40.12571    0.00000
     190   5.965   -40.12571    0.00000
     191   5.980   -40.12568    0.00000    0.00001      53       3
     192   5.980   -40.12568    0.00000
     193   5.980   -40.12568    0.00000
T /K                                  :   298.15
E lowest                              :   -40.13521
ensemble average energy (kcal)        :    0.578
ensemble entropy (J/mol K, cal/mol K) :   29.628    7.081
ensemble free energy (kcal/mol)       :   -2.111
population of lowest in %             :   45.088
 number of unique conformers for further calc           53
 list of relative energies saved as "crest.energies"

 -----------------
 Wall Time Summary
 -----------------
 CREST runtime (total)               0 d,  0 h,  2 min,  8.641 sec
 ------------------------------------------------------------------
 Trial metadynamics (MTD)   ...        0 min,  2.860 sec (  2.223%)
 Metadynamics (MTD)         ...        0 min, 38.690 sec ( 30.076%)
 Geometry optimization      ...        1 min, 10.022 sec ( 54.432%)
 Molecular dynamics (MD)    ...        0 min, 11.755 sec (  9.138%)
 Genetic crossing (GC)      ...        0 min,  4.861 sec (  3.779%)
 I/O and setup              ...        0 min,  0.454 sec (  0.353%)
 ------------------------------------------------------------------
 * wall-time:     0 d,  0 h,  2 min,  8.641 sec
 *  cpu-time:     0 d,  0 h, 29 min, 48.029 sec
 * ratio c/w:    13.899 speedup
 ------------------------------------------------------------------
 * Total number of energy+grad calls: 95838

 CREST terminated normally.
