  20
 Etot=         -45.1891186402
 O          0.5629947313        1.2507732064       -0.5543095585
 O         -1.6318728757        2.0287629123        0.6404297361
 O         -0.2815089682       -2.1545405757        0.1422379480
 O         -2.8050636829       -1.1080012057       -0.6039246488
 O          2.7268174518       -1.3945632316        0.4579485297
 O          2.7767916654        1.4929751959       -0.1949977218
 C         -0.4249070501        0.2333184469       -0.4824101468
 C         -1.5190132552        0.6341955532        0.5577086297
 C          0.3660740787       -0.9779446384       -0.0700586526
 C         -2.9003975815        0.0904306874        0.1236260407
 C          1.6552998920       -0.6457380298        0.0844224160
 C          1.8098304438        0.7965000787       -0.2205353008
 H         -0.8766044880        0.1163409596       -1.4774828804
 H         -1.2295523442        0.2159844805        1.5393076027
 H         -3.5387000338       -0.0272239639        1.0129671041
 H         -3.3608854215        0.8299997519       -0.5406094451
 H         -0.7857420514        2.4429129710        0.4063441138
 H          0.3323546000       -2.8791404887        0.3198779330
 H         -2.3527979060       -1.7934973177       -0.0902983410
 H          2.4845018681       -2.2954379382        0.7038397755
