  23
 Etot=         -40.1325127711
 O         -2.3669084212        0.7596357378       -0.1455741865
 O         -0.8241406727        2.8887295662        0.4051459770
 O          3.5670254897       -0.5939783604        0.1329784504
 N         -0.2375308794       -2.1047925119        0.0688140912
 C          0.0508247910        0.6671498138       -0.1374212279
 C          1.1703221704       -0.1746916222       -0.0816288299
 C         -1.2067388589        0.0623783781       -0.0867573324
 C         -1.3101158869       -1.3322347509        0.0223186931
 C          0.1724159769        2.1720527009       -0.3058283271
 C          2.5858467889        0.3740526833       -0.1496800326
 C          0.9685193476       -1.5459157917        0.0123191303
 C         -2.6588405681       -1.9861957515        0.0752022161
 H          1.1697226020        2.5213715903        0.0008510494
 H          0.0378801846        2.4334453304       -1.3638490156
 H          2.7903297643        0.7333026616       -1.1670351976
 H          2.6895198448        1.2333590242        0.5360819264
 H          1.8129448602       -2.2267803419        0.0393615626
 H         -3.2408049309       -1.5831622871        0.9055608195
 H         -3.2103058223       -1.7845562443       -0.8446829609
 H         -2.5452204531       -3.0617952181        0.1987729442
 H         -2.1849527217        1.7194271770       -0.1178988500
 H         -0.7411719903        2.7118087670        1.3511447570
 H          3.4689523678       -0.9179286642        1.0373953509
  23
 Etot=         -40.1325127710
 O         -2.3669096948        0.7596361846       -0.1455760497
 O         -0.8241401440        2.8887313316        0.4051391661
 O          3.5670272568       -0.5939824868        0.1329848543
 N         -0.2375273055       -2.1047923508        0.0688139785
 C          0.0508261948        0.6671483921       -0.1374198926
 C          1.1703205088       -0.1746907623       -0.0816289721
 C         -1.2067365604        0.0623801622       -0.0867556170
 C         -1.3101168661       -1.3322347388        0.0223186676
 C          0.1724144997        2.1720515033       -0.3058276447
 C          2.5858456963        0.3740594440       -0.1496841219
 C          0.9685161807       -1.5459171467        0.0123211467
 C         -2.6588413770       -1.9861966673        0.0752035970
 H          1.1697226349        2.5213719979        0.0008520130
 H          0.0378794563        2.4334464324       -1.3638506973
 H          2.7903287333        0.7333022204       -1.1670331059
 H          2.6895202176        1.2333577930        0.5360794146
 H          1.8129448093       -2.2267805505        0.0393593691
 H         -3.2408040877       -1.5831606438        0.9055601503
 H         -3.2103068662       -1.7845576358       -0.8446832543
 H         -2.5452200681       -3.0617951619        0.1987714571
 H         -2.1849533883        1.7194267479       -0.1178974721
 H         -0.7411707307        2.7118067746        1.3511503680
 H          3.4689538830       -0.9179289529        1.0373936528
  23
 Etot=         -40.1325127700
 O         -2.3669109684        0.7596366313       -0.1455779128
 O         -0.8241396152        2.8887330971        0.4051323552
 O          3.5670290238       -0.5939866132        0.1329912583
 N         -0.2375237315       -2.1047921898        0.0688138658
 C          0.0508275985        0.6671469704       -0.1374185572
 C          1.1703188471       -0.1746899023       -0.0816291143
 C         -1.2067342620        0.0623819463       -0.0867539017
 C         -1.3101178452       -1.3322347266        0.0223186421
 C          0.1724130225        2.1720503057       -0.3058269624
 C          2.5858446037        0.3740662047       -0.1496882112
 C          0.9685130139       -1.5459185017        0.0123231632
 C         -2.6588421859       -1.9861975830        0.0752049779
 H          1.1697226678        2.5213724054        0.0008529766
 H          0.0378787279        2.4334475343       -1.3638523790
 H          2.7903277023        0.7333017792       -1.1670310142
 H          2.6895205905        1.2333565618        0.5360769029
 H          1.8129447585       -2.2267807590        0.0393571757
 H         -3.2408032445       -1.5831590005        0.9055594811
 H         -3.2103079101       -1.7845590273       -0.8446835478
 H         -2.5452196831       -3.0617951057        0.1987699700
 H         -2.1849540549        1.7194263189       -0.1178960942
 H         -0.7411694710        2.7118047822        1.3511559789
 H          3.4689553982       -0.9179292416        1.0373919547
  23
 Etot=         -40.1325127681
 O         -2.3669122420        0.7596370780       -0.1455797760
 O         -0.8241390865        2.8887348626        0.4051255443
 O          3.5670307909       -0.5939907396        0.1329976622
 N         -0.2375201576       -2.1047920288        0.0688137532
 C          0.0508290023        0.6671455486       -0.1374172219
 C          1.1703171855       -0.1746890424       -0.0816292564
 C         -1.2067319635        0.0623837304       -0.0867521863
 C         -1.3101188244       -1.3322347145        0.0223186166
 C          0.1724115454        2.1720491081       -0.3058262800
 C          2.5858435111        0.3740729654       -0.1496923005
 C          0.9685098470       -1.5459198567        0.0123251796
 C         -2.6588429948       -1.9861984988        0.0752063588
 H          1.1697227007        2.5213728129        0.0008539403
 H          0.0378779995        2.4334486363       -1.3638540607
 H          2.7903266713        0.7333013380       -1.1670289226
 H          2.6895209633        1.2333553307        0.5360743911
 H          1.8129447076       -2.2267809676        0.0393549823
 H         -3.2408024013       -1.5831573572        0.9055588119
 H         -3.2103089539       -1.7845604189       -0.8446838412
 H         -2.5452192981       -3.0617950496        0.1987684829
 H         -2.1849547215        1.7194258899       -0.1178947163
 H         -0.7411682114        2.7118027898        1.3511615899
 H          3.4689569134       -0.9179295303        1.0373902566
  23
 Etot=         -40.1325127653
 O         -2.3669135156        0.7596375247       -0.1455816391
 O         -0.8241385577        2.8887366281        0.4051187334
 O          3.5670325579       -0.5939948660        0.1330040661
 N         -0.2375165836       -2.1047918677        0.0688136405
 C          0.0508304060        0.6671441269       -0.1374158866
 C          1.1703155238       -0.1746881824       -0.0816293986
 C         -1.2067296651        0.0623855145       -0.0867504710
 C         -1.3101198036       -1.3322347023        0.0223185910
 C          0.1724100682        2.1720479106       -0.3058255976
 C          2.5858424185        0.3740797260       -0.1496963898
 C          0.9685066801       -1.5459212117        0.0123271960
 C         -2.6588438037       -1.9861994146        0.0752077397
 H          1.1697227336        2.5213732205        0.0008549039
 H          0.0378772711        2.4334497382       -1.3638557424
 H          2.7903256404        0.7333008969       -1.1670268309
 H          2.6895213362        1.2333540995        0.5360718793
 H          1.8129446567       -2.2267811762        0.0393527889
 H         -3.2408015581       -1.5831557138        0.9055581426
 H         -3.2103099978       -1.7845618104       -0.8446841346
 H         -2.5452189130       -3.0617949934        0.1987669959
 H         -2.1849553881        1.7194254608       -0.1178933384
 H         -0.7411669518        2.7118007974        1.3511672008
 H          3.4689584286       -0.9179298190        1.0373885585
  23
 Etot=         -40.1325127615
 O         -2.3669147892        0.7596379715       -0.1455835023
 O         -0.8241380290        2.8887383936        0.4051119225
 O          3.5670343250       -0.5939989924        0.1330104700
 N         -0.2375130096       -2.1047917067        0.0688135278
 C          0.0508318098        0.6671427052       -0.1374145513
 C          1.1703138621       -0.1746873225       -0.0816295407
 C         -1.2067273666        0.0623872986       -0.0867487556
 C         -1.3101207827       -1.3322346902        0.0223185655
 C          0.1724085910        2.1720467130       -0.3058249152
 C          2.5858413259        0.3740864867       -0.1497004790
 C          0.9685035132       -1.5459225667        0.0123292125
 C         -2.6588446126       -1.9862003303        0.0752091206
 H          1.1697227665        2.5213736280        0.0008558675
 H          0.0378765427        2.4334508401       -1.3638574241
 H          2.7903246094        0.7333004557       -1.1670247392
 H          2.6895217090        1.2333528683        0.5360693675
 H          1.8129446059       -2.2267813847        0.0393505955
 H         -3.2408007149       -1.5831540705        0.9055574734
 H         -3.2103110417       -1.7845632020       -0.8446844281
 H         -2.5452185280       -3.0617949372        0.1987655088
 H         -2.1849560547        1.7194250318       -0.1178919605
 H         -0.7411656922        2.7117988051        1.3511728118
 H          3.4689599438       -0.9179301077        1.0373868605
  23
 Etot=         -40.1325127569
 O         -2.3669160628        0.7596384182       -0.1455853654
 O         -0.8241375002        2.8887401591        0.4051051116
 O          3.5670360920       -0.5940031188        0.1330168739
 N         -0.2375094357       -2.1047915456        0.0688134152
 C          0.0508332135        0.6671412834       -0.1374132159
 C          1.1703122005       -0.1746864625       -0.0816296829
 C         -1.2067250682        0.0623890827       -0.0867470403
 C         -1.3101217619       -1.3322346780        0.0223185400
 C          0.1724071138        2.1720455154       -0.3058242328
 C          2.5858402333        0.3740932474       -0.1497045683
 C          0.9685003464       -1.5459239217        0.0123312289
 C         -2.6588454215       -1.9862012461        0.0752105015
 H          1.1697227994        2.5213740355        0.0008568311
 H          0.0378758143        2.4334519421       -1.3638591058
 H          2.7903235784        0.7333000145       -1.1670226475
 H          2.6895220819        1.2333516371        0.5360668557
 H          1.8129445550       -2.2267815933        0.0393484021
 H         -3.2407998717       -1.5831524272        0.9055568042
 H         -3.2103120856       -1.7845645935       -0.8446847215
 H         -2.5452181430       -3.0617948811        0.1987640217
 H         -2.1849567213        1.7194246027       -0.1178905826
 H         -0.7411644326        2.7117968127        1.3511784228
 H          3.4689614590       -0.9179303964        1.0373851624
  23
 Etot=         -40.1325127514
 O         -2.3669173364        0.7596388649       -0.1455872286
 O         -0.8241369715        2.8887419245        0.4050983006
 O          3.5670378591       -0.5940072452        0.1330232778
 N         -0.2375058617       -2.1047913846        0.0688133025
 C          0.0508346172        0.6671398617       -0.1374118806
 C          1.1703105388       -0.1746856026       -0.0816298250
 C         -1.2067227697        0.0623908667       -0.0867453249
 C         -1.3101227411       -1.3322346659        0.0223185145
 C          0.1724056367        2.1720443178       -0.3058235504
 C          2.5858391407        0.3741000081       -0.1497086576
 C          0.9684971795       -1.5459252767        0.0123332453
 C         -2.6588462303       -1.9862021619        0.0752118824
 H          1.1697228323        2.5213744431        0.0008577947
 H          0.0378750860        2.4334530440       -1.3638607875
 H          2.7903225474        0.7332995733       -1.1670205558
 H          2.6895224547        1.2333504059        0.5360643439
 H          1.8129445042       -2.2267818019        0.0393462087
 H         -3.2407990285       -1.5831507839        0.9055561350
 H         -3.2103131295       -1.7845659850       -0.8446850150
 H         -2.5452177580       -3.0617948249        0.1987625346
 H         -2.1849573880        1.7194241737       -0.1178892047
 H         -0.7411631730        2.7117948203        1.3511840337
 H          3.4689629742       -0.9179306851        1.0373834643
  23
 Etot=         -40.1325127450
 O         -2.3669186101        0.7596393117       -0.1455890918
 O         -0.8241364427        2.8887436900        0.4050914897
 O          3.5670396261       -0.5940113716        0.1330296817
 N         -0.2375022878       -2.1047912235        0.0688131898
 C          0.0508360210        0.6671384400       -0.1374105453
 C          1.1703088772       -0.1746847426       -0.0816299672
 C         -1.2067204712        0.0623926508       -0.0867436096
 C         -1.3101237202       -1.3322346537        0.0223184889
 C          0.1724041595        2.1720431202       -0.3058228680
 C          2.5858380480        0.3741067688       -0.1497127469
 C          0.9684940126       -1.5459266317        0.0123352617
 C         -2.6588470392       -1.9862030776        0.0752132633
 H          1.1697228652        2.5213748506        0.0008587583
 H          0.0378743576        2.4334541460       -1.3638624693
 H          2.7903215164        0.7332991321       -1.1670184642
 H          2.6895228275        1.2333491748        0.5360618321
 H          1.8129444533       -2.2267820104        0.0393440153
 H         -3.2407981853       -1.5831491406        0.9055554658
 H         -3.2103141734       -1.7845673766       -0.8446853084
 H         -2.5452173730       -3.0617947687        0.1987610475
 H         -2.1849580546        1.7194237446       -0.1178878268
 H         -0.7411619134        2.7117928279        1.3511896447
 H          3.4689644894       -0.9179309738        1.0373817662
  23
 Etot=         -40.1325127376
 O         -2.3669198837        0.7596397584       -0.1455909549
 O         -0.8241359140        2.8887454555        0.4050846788
 O          3.5670413932       -0.5940154980        0.1330360856
 N         -0.2374987138       -2.1047910625        0.0688130772
 C          0.0508374247        0.6671370182       -0.1374092100
 C          1.1703072155       -0.1746838827       -0.0816301093
 C         -1.2067181728        0.0623944349       -0.0867418942
 C         -1.3101246994       -1.3322346416        0.0223184634
 C          0.1724026823        2.1720419226       -0.3058221857
 C          2.5858369554        0.3741135294       -0.1497168362
 C          0.9684908457       -1.5459279867        0.0123372782
 C         -2.6588478481       -1.9862039934        0.0752146443
 H          1.1697228981        2.5213752581        0.0008597220
 H          0.0378736292        2.4334552479       -1.3638641510
 H          2.7903204854        0.7332986909       -1.1670163725
 H          2.6895232004        1.2333479436        0.5360593203
 H          1.8129444024       -2.2267822190        0.0393418219
 H         -3.2407973421       -1.5831474973        0.9055547966
 H         -3.2103152173       -1.7845687681       -0.8446856019
 H         -2.5452169880       -3.0617947126        0.1987595604
 H         -2.1849587212        1.7194233156       -0.1178864489
 H         -0.7411606538        2.7117908355        1.3511952556
 H          3.4689660046       -0.9179312625        1.0373800681
  23
 Etot=         -40.1325127294
 O         -2.3669211573        0.7596402051       -0.1455928181
 O         -0.8241353852        2.8887472210        0.4050778679
 O          3.5670431602       -0.5940196244        0.1330424895
 N         -0.2374951399       -2.1047909014        0.0688129645
 C          0.0508388285        0.6671355965       -0.1374078747
 C          1.1703055538       -0.1746830227       -0.0816302515
 C         -1.2067158743        0.0623962190       -0.0867401789
 C         -1.3101256786       -1.3322346294        0.0223184379
 C          0.1724012051        2.1720407250       -0.3058215033
 C          2.5858358628        0.3741202901       -0.1497209254
 C          0.9684876789       -1.5459293417        0.0123392946
 C         -2.6588486570       -1.9862049091        0.0752160252
 H          1.1697229310        2.5213756657        0.0008606856
 H          0.0378729008        2.4334563499       -1.3638658327
 H          2.7903194544        0.7332982498       -1.1670142808
 H          2.6895235732        1.2333467124        0.5360568085
 H          1.8129443516       -2.2267824276        0.0393396285
 H         -3.2407964989       -1.5831458540        0.9055541274
 H         -3.2103162611       -1.7845701597       -0.8446858953
 H         -2.5452166030       -3.0617946564        0.1987580733
 H         -2.1849593878        1.7194228865       -0.1178850710
 H         -0.7411593941        2.7117888431        1.3512008666
 H          3.4689675198       -0.9179315511        1.0373783700
  23
 Etot=         -40.1325127202
 O         -2.3669224309        0.7596406519       -0.1455946812
 O         -0.8241348564        2.8887489865        0.4050710570
 O          3.5670449273       -0.5940237508        0.1330488935
 N         -0.2374915659       -2.1047907404        0.0688128518
 C          0.0508402322        0.6671341748       -0.1374065393
 C          1.1703038922       -0.1746821628       -0.0816303936
 C         -1.2067135759        0.0623980031       -0.0867384635
 C         -1.3101266577       -1.3322346173        0.0223184124
 C          0.1723997279        2.1720395274       -0.3058208209
 C          2.5858347702        0.3741270508       -0.1497250147
 C          0.9684845120       -1.5459306967        0.0123413110
 C         -2.6588494659       -1.9862058249        0.0752174061
 H          1.1697229639        2.5213760732        0.0008616492
 H          0.0378721724        2.4334574518       -1.3638675144
 H          2.7903184235        0.7332978086       -1.1670121891
 H          2.6895239461        1.2333454812        0.5360542967
 H          1.8129443007       -2.2267826362        0.0393374350
 H         -3.2407956557       -1.5831442107        0.9055534582
 H         -3.2103173050       -1.7845715512       -0.8446861887
 H         -2.5452162180       -3.0617946002        0.1987565862
 H         -2.1849600544        1.7194224575       -0.1178836931
 H         -0.7411581345        2.7117868508        1.3512064776
 H          3.4689690350       -0.9179318398        1.0373766719
  23
 Etot=         -40.1325127135
 O         -2.3669232800        0.7596409497       -0.1455959233
 O         -0.8241345039        2.8887501635        0.4050665164
 O          3.5670461053       -0.5940265017        0.1330531627
 N         -0.2374891833       -2.1047906330        0.0688127767
 C          0.0508411680        0.6671332269       -0.1374056491
 C          1.1703027844       -0.1746815895       -0.0816304884
 C         -1.2067120436        0.0623991925       -0.0867373200
 C         -1.3101273105       -1.3322346092        0.0223183954
 C          0.1723987432        2.1720387290       -0.3058203660
 C          2.5858340418        0.3741315579       -0.1497277409
 C          0.9684824008       -1.5459316000        0.0123426553
 C         -2.6588500051       -1.9862064354        0.0752183267
 H          1.1697229858        2.5213763449        0.0008622916
 H          0.0378716869        2.4334581865       -1.3638686355
 H          2.7903177361        0.7332975145       -1.1670107947
 H          2.6895241946        1.2333446604        0.5360526222
 H          1.8129442668       -2.2267827752        0.0393359728
 H         -3.2407950936       -1.5831431151        0.9055530120
 H         -3.2103180009       -1.7845724789       -0.8446863844
 H         -2.5452159613       -3.0617945628        0.1987555948
 H         -2.1849604988        1.7194221715       -0.1178827745
 H         -0.7411572948        2.7117855225        1.3512102182
 H          3.4689700451       -0.9179320323        1.0373755399
  23
 Etot=         -40.1325127064
 O         -2.3669241290        0.7596412475       -0.1455971654
 O         -0.8241341514        2.8887513405        0.4050619758
 O          3.5670472833       -0.5940292527        0.1330574320
 N         -0.2374868006       -2.1047905257        0.0688127016
 C          0.0508421039        0.6671322791       -0.1374047589
 C          1.1703016766       -0.1746810162       -0.0816305832
 C         -1.2067105113        0.0624003819       -0.0867361764
 C         -1.3101279633       -1.3322346011        0.0223183783
 C          0.1723977584        2.1720379306       -0.3058199110
 C          2.5858333134        0.3741360650       -0.1497304671
 C          0.9684802895       -1.5459325033        0.0123439996
 C         -2.6588505444       -1.9862070459        0.0752192473
 H          1.1697230077        2.5213766166        0.0008629340
 H          0.0378712013        2.4334589211       -1.3638697567
 H          2.7903170488        0.7332972203       -1.1670094002
 H          2.6895244432        1.2333438396        0.5360509476
 H          1.8129442329       -2.2267829142        0.0393345105
 H         -3.2407945314       -1.5831420196        0.9055525659
 H         -3.2103186969       -1.7845734066       -0.8446865800
 H         -2.5452157046       -3.0617945253        0.1987546034
 H         -2.1849609432        1.7194218854       -0.1178818559
 H         -0.7411564550        2.7117841942        1.3512139588
 H          3.4689710552       -0.9179322248        1.0373744078
  23
 Etot=         -40.1325126988
 O         -2.3669249781        0.7596415453       -0.1455984075
 O         -0.8241337989        2.8887525174        0.4050574352
 O          3.5670484614       -0.5940320036        0.1330617013
 N         -0.2374844180       -2.1047904183        0.0688126265
 C          0.0508430397        0.6671313313       -0.1374038687
 C          1.1703005689       -0.1746804429       -0.0816306780
 C         -1.2067089790        0.0624015713       -0.0867350328
 C         -1.3101286161       -1.3322345930        0.0223183613
 C          0.1723967736        2.1720371322       -0.3058194561
 C          2.5858325850        0.3741405722       -0.1497331933
 C          0.9684781783       -1.5459334067        0.0123453439
 C         -2.6588510837       -1.9862076564        0.0752201679
 H          1.1697230297        2.5213768883        0.0008635764
 H          0.0378707157        2.4334596557       -1.3638708778
 H          2.7903163615        0.7332969262       -1.1670080058
 H          2.6895246918        1.2333430188        0.5360492731
 H          1.8129441990       -2.2267830533        0.0393330482
 H         -3.2407939693       -1.5831409240        0.9055521198
 H         -3.2103193928       -1.7845743343       -0.8446867756
 H         -2.5452154479       -3.0617944879        0.1987536120
 H         -2.1849613876        1.7194215994       -0.1178809373
 H         -0.7411556153        2.7117828660        1.3512176995
 H          3.4689720654       -0.9179324172        1.0373732757
  23
 Etot=         -40.1325126908
 O         -2.3669258272        0.7596418431       -0.1455996497
 O         -0.8241334464        2.8887536944        0.4050528946
 O          3.5670496394       -0.5940347545        0.1330659706
 N         -0.2374820353       -2.1047903109        0.0688125514
 C          0.0508439755        0.6671303835       -0.1374029785
 C          1.1702994611       -0.1746798696       -0.0816307727
 C         -1.2067074467        0.0624027607       -0.0867338893
 C         -1.3101292688       -1.3322345849        0.0223183443
 C          0.1723957888        2.1720363338       -0.3058190012
 C          2.5858318566        0.3741450793       -0.1497359195
 C          0.9684760670       -1.5459343100        0.0123466882
 C         -2.6588516229       -1.9862082669        0.0752210885
 H          1.1697230516        2.5213771600        0.0008642188
 H          0.0378702301        2.4334603904       -1.3638719990
 H          2.7903156742        0.7332966321       -1.1670066113
 H          2.6895249403        1.2333421981        0.5360475986
 H          1.8129441651       -2.2267831923        0.0393315859
 H         -3.2407934072       -1.5831398285        0.9055516736
 H         -3.2103200887       -1.7845752620       -0.8446869713
 H         -2.5452151913       -3.0617944504        0.1987526206
 H         -2.1849618321        1.7194213134       -0.1178800188
 H         -0.7411547756        2.7117815377        1.3512214401
 H          3.4689730755       -0.9179326097        1.0373721437
  23
 Etot=         -40.1325126823
 O         -2.3669266763        0.7596421410       -0.1456008918
 O         -0.8241330939        2.8887548714        0.4050483540
 O          3.5670508174       -0.5940375055        0.1330702398
 N         -0.2374796527       -2.1047902036        0.0688124762
 C          0.0508449114        0.6671294356       -0.1374020883
 C          1.1702983533       -0.1746792963       -0.0816308675
 C         -1.2067059144        0.0624039501       -0.0867327457
 C         -1.3101299216       -1.3322345768        0.0223183273
 C          0.1723948040        2.1720355354       -0.3058185463
 C          2.5858311282        0.3741495864       -0.1497386457
 C          0.9684739558       -1.5459352133        0.0123480325
 C         -2.6588521622       -1.9862088774        0.0752220091
 H          1.1697230735        2.5213774317        0.0008648612
 H          0.0378697445        2.4334611250       -1.3638731201
 H          2.7903149868        0.7332963380       -1.1670052169
 H          2.6895251889        1.2333413773        0.5360459240
 H          1.8129441312       -2.2267833314        0.0393301237
 H         -3.2407928450       -1.5831387330        0.9055512275
 H         -3.2103207846       -1.7845761897       -0.8446871669
 H         -2.5452149346       -3.0617944130        0.1987516293
 H         -2.1849622765        1.7194210273       -0.1178791002
 H         -0.7411539358        2.7117802095        1.3512251808
 H          3.4689740856       -0.9179328022        1.0373710116
  23
 Etot=         -40.1325126732
 O         -2.3669275253        0.7596424388       -0.1456021339
 O         -0.8241327414        2.8887560484        0.4050438134
 O          3.5670519955       -0.5940402564        0.1330745091
 N         -0.2374772701       -2.1047900962        0.0688124011
 C          0.0508458472        0.6671284878       -0.1374011980
 C          1.1702972455       -0.1746787230       -0.0816309623
 C         -1.2067043821        0.0624051395       -0.0867316021
 C         -1.3101305744       -1.3322345687        0.0223183103
 C          0.1723938192        2.1720347370       -0.3058180913
 C          2.5858303998        0.3741540935       -0.1497413719
 C          0.9684718445       -1.5459361167        0.0123493767
 C         -2.6588527014       -1.9862094880        0.0752229297
 H          1.1697230954        2.5213777033        0.0008655036
 H          0.0378692589        2.4334618596       -1.3638742413
 H          2.7903142995        0.7332960438       -1.1670038224
 H          2.6895254374        1.2333405565        0.5360442495
 H          1.8129440973       -2.2267834704        0.0393286614
 H         -3.2407922829       -1.5831376374        0.9055507813
 H         -3.2103214806       -1.7845771174       -0.8446873625
 H         -2.5452146779       -3.0617943756        0.1987506379
 H         -2.1849627209        1.7194207413       -0.1178781816
 H         -0.7411530961        2.7117788812        1.3512289214
 H          3.4689750958       -0.9179329946        1.0373698796
  23
 Etot=         -40.1325126637
 O         -2.3669283744        0.7596427366       -0.1456033760
 O         -0.8241323889        2.8887572254        0.4050392728
 O          3.5670531735       -0.5940430074        0.1330787784
 N         -0.2374748874       -2.1047899888        0.0688123260
 C          0.0508467830        0.6671275400       -0.1374003078
 C          1.1702961378       -0.1746781497       -0.0816310570
 C         -1.2067028498        0.0624063289       -0.0867304586
 C         -1.3101312272       -1.3322345606        0.0223182933
 C          0.1723928344        2.1720339387       -0.3058176364
 C          2.5858296714        0.3741586006       -0.1497440980
 C          0.9684697333       -1.5459370200        0.0123507210
 C         -2.6588532407       -1.9862100985        0.0752238503
 H          1.1697231174        2.5213779750        0.0008661461
 H          0.0378687733        2.4334625943       -1.3638753624
 H          2.7903136122        0.7332957497       -1.1670024280
 H          2.6895256860        1.2333397357        0.5360425750
 H          1.8129440634       -2.2267836095        0.0393271991
 H         -3.2407917208       -1.5831365419        0.9055503352
 H         -3.2103221765       -1.7845780451       -0.8446875581
 H         -2.5452144212       -3.0617943381        0.1987496465
 H         -2.1849631653        1.7194204553       -0.1178772630
 H         -0.7411522563        2.7117775530        1.3512326620
 H          3.4689761059       -0.9179331871        1.0373687475
  23
 Etot=         -40.1325126576
 O         -2.3669292235        0.7596430344       -0.1456046181
 O         -0.8241320364        2.8887584024        0.4050347322
 O          3.5670543515       -0.5940457583        0.1330830477
 N         -0.2374725048       -2.1047898815        0.0688122509
 C          0.0508477188        0.6671265922       -0.1373994176
 C          1.1702950300       -0.1746775764       -0.0816311518
 C         -1.2067013175        0.0624075183       -0.0867293150
 C         -1.3101318800       -1.3322345525        0.0223182762
 C          0.1723918497        2.1720331403       -0.3058171815
 C          2.5858289430        0.3741631078       -0.1497468242
 C          0.9684676220       -1.5459379233        0.0123520653
 C         -2.6588537800       -1.9862107090        0.0752247709
 H          1.1697231393        2.5213782467        0.0008667885
 H          0.0378682877        2.4334633289       -1.3638764835
 H          2.7903129249        0.7332954556       -1.1670010335
 H          2.6895259346        1.2333389149        0.5360409005
 H          1.8129440295       -2.2267837485        0.0393257368
 H         -3.2407911586       -1.5831354463        0.9055498891
 H         -3.2103228724       -1.7845789728       -0.8446877538
 H         -2.5452141646       -3.0617943007        0.1987486551
 H         -2.1849636097        1.7194201693       -0.1178763444
 H         -0.7411514166        2.7117762247        1.3512364027
 H          3.4689771160       -0.9179333796        1.0373676154
  23
 Etot=         -40.1325126479
 O         -2.3669300726        0.7596433323       -0.1456058602
 O         -0.8241316839        2.8887595794        0.4050301915
 O          3.5670555296       -0.5940485092        0.1330873169
 N         -0.2374701222       -2.1047897741        0.0688121758
 C          0.0508486547        0.6671256443       -0.1373985274
 C          1.1702939222       -0.1746770031       -0.0816312466
 C         -1.2066997852        0.0624087077       -0.0867281714
 C         -1.3101325327       -1.3322345444        0.0223182592
 C          0.1723908649        2.1720323419       -0.3058167266
 C          2.5858282145        0.3741676149       -0.1497495504
 C          0.9684655108       -1.5459388267        0.0123534096
 C         -2.6588543192       -1.9862113195        0.0752256915
 H          1.1697231612        2.5213785184        0.0008674309
 H          0.0378678021        2.4334640635       -1.3638776047
 H          2.7903122375        0.7332951615       -1.1669996391
 H          2.6895261831        1.2333380941        0.5360392259
 H          1.8129439955       -2.2267838876        0.0393242746
 H         -3.2407905965       -1.5831343508        0.9055494429
 H         -3.2103235683       -1.7845799005       -0.8446879494
 H         -2.5452139079       -3.0617942632        0.1987476637
 H         -2.1849640541        1.7194198832       -0.1178754258
 H         -0.7411505768        2.7117748965        1.3512401433
 H          3.4689781262       -0.9179335720        1.0373664834
  23
 Etot=         -40.1325127472
 O         -2.3669393100        0.7596183528       -0.1455557398
 O         -0.8241538412        2.8887040126        0.4052112365
 O          3.5670341942       -0.5939633874        0.1329851562
 N         -0.2375514622       -2.1047627377        0.0687925677
 C          0.0508137682        0.6671751805       -0.1374246343
 C          1.1703264376       -0.1746632913       -0.0816464032
 C         -1.2067672073        0.0623701605       -0.0867521241
 C         -1.3101449064       -1.3322105854        0.0223246227
 C          0.1724141397        2.1720850147       -0.3058237880
 C          2.5858484607        0.3740312256       -0.1496695711
 C          0.9685122190       -1.5459001216        0.0122510791
 C         -2.6588475693       -1.9861893387        0.0751925730
 H          1.1697286642        2.5213837430        0.0008273338
 H          0.0378971584        2.4334253752       -1.3638452063
 H          2.7904126040        0.7331828888       -1.1670858099
 H          2.6895878231        1.2333603920        0.5360723111
 H          1.8129565319       -2.2267268005        0.0393428388
 H         -3.2408280528       -1.5831521279        0.9055490284
 H         -3.2103143913       -1.7845810991       -0.8446891949
 H         -2.5452114692       -3.0617919994        0.1987926316
 H         -2.1849858295        1.7194137421       -0.1178459314
 H         -0.7411800478        2.7117512175        1.3510976181
 H          3.4689650691       -0.9178779299        1.0374904135
