  35
 Etot=         -55.2890095984
 S          1.7629759977        1.3394596832       -0.8631406462
 O          6.0924704808        0.8208149614        0.4446928940
 N          0.4242050381       -0.6440227950       -0.1427647362
 N         -3.6388993502        0.7537094257        0.8899635984
 N         -4.0499524203       -0.4249183545       -1.1070828571
 N         -1.7313236322        0.5000947907        2.1224733809
 C          1.7337934390       -1.0880164035       -0.0923085742
 C         -0.7178401435       -1.5239434013        0.2033236651
 C          2.6096450112       -0.1133668648       -0.4688812790
 C          4.0946084646       -0.1443739196       -0.5214106466
 C         -2.0374939795       -0.8155607256        0.0901629205
 C          0.2838603048        0.6064212064       -0.5303563003
 C          2.0386032122       -2.4882534278        0.3224795898
 C          4.7279903743        0.6476986247        0.6574006714
 C         -2.4797108143        0.1209239358        1.0416749838
 C         -2.8928404729       -1.0500942576       -0.9809579966
 C         -4.3867492623        0.4594587397       -0.1658324667
 C         -5.6971471833        1.1542639443       -0.3099499131
 H         -0.5366296353       -1.8890711289        1.2195063234
 H         -0.6775585695       -2.3764165159       -0.4818869783
 H          4.4456965219        0.3182706369       -1.4470977315
 H          4.4555111144       -1.1748076696       -0.4991900892
 H         -0.6752391226        1.0910069120       -0.6203931729
 H          1.6950856857       -2.6701797315        1.3418616444
 H          1.5414023600       -3.2008957012       -0.3372028410
 H          3.1110906413       -2.6669806580        0.2814491158
 H          4.5164591375        0.1272139166        1.6048474069
 H          4.2750953912        1.6456591021        0.6939228916
 H         -2.6287497509       -1.7640337354       -1.7565304229
 H         -2.2605232136        1.0282483353        2.8004668531
 H         -1.0982525181       -0.1734897831        2.5192235647
 H          6.5992291743        0.0173465569        0.6200228521
 H         -6.4994799276        0.4670020424       -0.0357846613
 H         -5.7408864860        2.0241493242        0.3417772884
 H         -5.8521908882        1.4507017474       -1.3463913144
  35
 Etot=         -55.2890095992
 S          1.7629774339        1.3394606723       -0.8631432668
 O          6.0924721691        0.8208156466        0.4446920133
 N          0.4242051357       -0.6440213160       -0.1427668012
 N         -3.6388991230        0.7537104966        0.8899641855
 N         -4.0499500395       -0.4249200353       -1.1070838798
 N         -1.7313274048        0.5000916446        2.1224736159
 C          1.7337930569       -1.0880168135       -0.0923076895
 C         -0.7178400731       -1.5239441049        0.2033230490
 C          2.6096456416       -0.1133688102       -0.4688806381
 C          4.0946080087       -0.1443722620       -0.5214113653
 C         -2.0374957696       -0.8155609657        0.0901620612
 C          0.2838585471        0.6064175588       -0.5303521980
 C          2.0386025876       -2.4882532644        0.3224789671
 C          4.7279910540        0.6476966972        0.6574019833
 C         -2.4797089100        0.1209254997        1.0416761791
 C         -2.8928392766       -1.0500924487       -0.9809570576
 C         -4.3867489308        0.4594573141       -0.1658306603
 C         -5.6971466734        1.1542652550       -0.3099516480
 H         -0.5366290843       -1.8890695984        1.2195067163
 H         -0.6775584892       -2.3764182703       -0.4818852063
 H          4.4456977886        0.3182703616       -1.4470980567
 H          4.4555108702       -1.1748075693       -0.4991896004
 H         -0.6752400529        1.0910073781       -0.6203938328
 H          1.6950853112       -2.6701798756        1.3418614023
 H          1.5414024411       -3.2008964122       -0.3372029456
 H          3.1110910320       -2.6669802423        0.2814487703
 H          4.5164590852        0.1272120965        1.6048474710
 H          4.2750913382        1.6456600759        0.6939218881
 H         -2.6287493694       -1.7640332366       -1.7565306129
 H         -2.2605236107        1.0282485562        2.8004674713
 H         -1.0982520044       -0.1734891972        2.5192241102
 H          6.5992288181        0.0173489411        0.6200217256
 H         -6.4994800604        0.4670018002       -0.0357854731
 H         -5.7408870074        2.0241500239        0.3417786267
 H         -5.8521894612        1.4507032167       -1.3463922867
