
       ╔════════════════════════════════════════════════╗
       ║                                                ║
       ║     ██████╗██████╗ ███████╗███████╗████████╗   ║
       ║    ██╔════╝██╔══██╗██╔════╝██╔════╝╚══██╔══╝   ║
       ║    ██║     ██████╔╝█████╗  ███████╗   ██║      ║
       ║    ██║     ██╔══██╗██╔══╝  ╚════██║   ██║      ║
       ║    ╚██████╗██║  ██║███████╗███████║   ██║      ║
       ║     ╚═════╝╚═╝  ╚═╝╚══════╝╚══════╝   ╚═╝      ║
       ║                                                ║
       ║    Conformer-Rotamer Ensemble Sampling Tool    ║
       ║            based on the xTB methods            ║
       ║                                                ║
       ╚════════════════════════════════════════════════╝
        Version 3.0.2, Mon, 29 September 16:25:59, 09/29/2025
        commit (c39758d) compiled by 'andrey@PC1'

   Cite work conducted with this code as

   • P.Pracht, F.Bohle, S.Grimme, PCCP, 2020, 22, 7169-7192.
   • S.Grimme, JCTC, 2019, 15, 2847-2862.
   • P.Pracht, S.Grimme, C.Bannwarth, F.Bohle, S.Ehlert,
     G.Feldmann, J.Gorges, M.Müller, T.Neudecker, C.Plett,
     S.Spicher, P.Steinbach, P.Wesołowski, F.Zeller,
     J. Chem. Phys., 2024, 160, 114110.

   for works involving QCG cite

   • S.Spicher, C.Plett, P.Pracht, A.Hansen, S.Grimme,
     JCTC, 2022, 18 (5), 3174-3189.
   • C.Plett, S. Grimme,
     Angew. Chem. Int. Ed. 2023, 62, e202214477.

   for works involving MECP screening cite

   • P.Pracht, C.Bannwarth, JCTC, 2022, 18 (10), 6370-6385.

   Original code
     P.Pracht, S.Grimme, Universität Bonn, MCTC
   with help from (alphabetical order):
     C.Bannwarth, F.Bohle, S.Ehlert, G.Feldmann, J.Gorges,
     S.Grimme, C.Plett, P.Pracht, S.Spicher, P.Steinbach,
     P.Wesolowski, F.Zeller

   Online documentation is available at
   https://crest-lab.github.io/crest-docs/

   This program is distributed in the hope that it will be useful,
   but WITHOUT ANY WARRANTY; without even the implied warranty of
   MERCHANTABILITY or FITNESS FOR A PARTICULAR PURPOSE. See the
   GNU Lesser General Public License (LGPL) for more details.

 Command line input:
 $ ./crest m1_00_Vitamin_B9-uni_conformers-CLUST_0_gfn1_opt.xyz --T 16 --gfn1

  --T 16 (CPUs/Threads selected)
  --gfn1               : Use of GFN1-xTB requested.

> Setting up backup calculator ... done.
 ----------------
 Calculation info
 ----------------
> User-defined calculation level:
 : xTB calculation via tblite lib
 : GFN1-xTB level
 :   Molecular charge    : 0
 :   Fermi temperature   : 300.00000
 :   Accuracy            : 1.00000
 :   max SCC cycles      : 500


 -----------------------------
 Initial Geometry Optimization
 -----------------------------
 Geometry successfully optimized.

          ┍━━━━━━━━━━━━━━━━━━━━━━━━━━━━━━━━━━━━━━━━━━━━━━━━━┑
          │              CREST iMTD-GC SAMPLING             │
          ┕━━━━━━━━━━━━━━━━━━━━━━━━━━━━━━━━━━━━━━━━━━━━━━━━━┙

 Input structure:
  51

 O         -4.7933777853        3.6567424229        0.7491864478
 O         -2.6830547687        0.2704499284       -1.6831948232
 O         -3.1747441454        2.6459691177        1.9030268743
 O         -5.3597863963       -0.2468323386       -1.9858799922
 O         -4.7670868938       -2.1690095223       -1.0160363702
 O          4.3194211803        0.4642168045       -2.8195125229
 N         -3.3556541370        0.3712891549        0.4833052141
 N          1.7485043835       -3.4803608382        0.9566848629
 N          3.7937308099       -1.2428738317       -0.5893091258
 N          4.1713055967       -0.1042765666        1.9312797211
 N          4.7974945817        2.1293253509       -1.3725929292
 N          4.7659555477        1.9095951655        0.9668562435
 N          5.3695027546        3.8996161517        0.0096566206
 C         -4.3288414945        1.4027006037        0.1888177880
 C         -5.7826393422        0.9502078433        0.4687951806
 C         -5.9752841694       -0.5590001801        0.2865585957
 C         -2.5129260692       -0.0508868792       -0.5187635574
 C         -1.4163564637       -0.9453558128       -0.0873874556
 C         -4.0092752562        2.6155453754        1.0392447990
 C          0.7303755278       -2.6150638212        0.5852566283
 C          3.0721188403       -3.3448832616        0.3566548016
 C         -1.3912135055       -1.6033519721        1.1454470483
 C         -0.3658059094       -1.1617938469       -0.9856547121
 C         -0.3349219545       -2.4290192740        1.4762311282
 C          0.6969123643       -1.9799681863       -0.6613501433
 C         -5.3016490702       -1.0960574788       -0.9617723417
 C          3.5889878092       -1.9347559188        0.5188250650
 C          4.1913285487        0.0288761524       -0.4575303494
 C          3.7813588660       -1.3528547280        1.7796285875
 C          4.3785980273        0.6099756188        0.8110559064
 C          4.4198933839        0.8172477985       -1.6690679551
 C          4.9495312553        2.6110558910       -0.1057433677
 H         -4.2281812764        1.6673623728       -0.8714882578
 H         -6.0635436206        1.2135519619        1.4923728440
 H         -6.4401510415        1.4969275488       -0.2109184065
 H         -7.0436132452       -0.7812753582        0.2199715728
 H         -5.5676310968       -1.1085591133        1.1376295170
 H         -2.9989225114        0.3859427060        1.4293069109
 H          3.0254662902       -3.5947624633       -0.7063325469
 H          3.7295136510       -4.0621158986        0.8569628760
 H         -2.2096972326       -1.4899233002        1.8482539999
 H         -0.3954573033       -0.6658997899       -1.9498171001
 H          1.7853590847       -3.6421022854        1.9559558188
 H         -0.3243966858       -2.9409565986        2.4328554414
 H          1.5014233155       -2.1178631596       -1.3725794229
 H          3.6070125163       -1.9291552799        2.6842130016
 H         -4.5592969884        4.4054185425        1.3222068080
 H          4.9799028790        2.7201794135       -2.1706828561
 H         -4.7033617561       -0.5155707221       -2.6544647903
 H          5.2734700633        4.2806862045        0.9363113628
 H          5.1940904420        4.5269585523       -0.7554617219

 ------------------------------------------------
 Generating MTD length from a flexibility measure
 ------------------------------------------------
 Calculating GFN0-xTB WBOs   ... done.
 Calculating NCI flexibility ... done.
     covalent flexibility measure :   0.372
 non-covalent flexibility measure :   0.696
 flexibility measure :   0.399
 t(MTD) / ps    :    17.0
 Σ(t(MTD)) / ps :   238.0 (14 MTDs)

 -----------------------------------
 Starting trial MTD to test settings
 -----------------------------------
 Trial MTD 1 runtime (1.0 ps) ...        0 min, 11.890 sec
 Estimated runtime for one MTD (17.0 ps) on a single thread: 3 min 22 sec
 Estimated runtime for a batch of 14 MTDs on 16 threads: 3 min 22 sec

********************************************************************************
**                    N E W   I T E R A T I O N  C Y C L E                    **
********************************************************************************

 ------------------------------
 Meta-Dynamics Iteration 1
 ------------------------------
 list of applied metadynamics Vbias parameters:
$metadyn    0.15300   1.300
$metadyn    0.07650   1.300
$metadyn    0.03825   1.300
$metadyn    0.15300   0.780
$metadyn    0.07650   0.780
$metadyn    0.03825   0.780
$metadyn    0.15300   0.468
$metadyn    0.07650   0.468
$metadyn    0.03825   0.468
$metadyn    0.15300   0.281
$metadyn    0.07650   0.281
$metadyn    0.03825   0.281
$metadyn    0.05100   0.100
$metadyn    0.25500   0.800

  ::::::::::::: starting MTD    4 :::::::::::::
  |   MD simulation time   :    17.0 ps       |
  |   target T             :   300.0 K        |
  |   timestep dt          :     5.0 fs       |
  |   dump interval(trj)   :   100.0 fs       |
  |   SHAKE algorithm      : true (all bonds) |
  |   dump interval(Vbias) :    1.00 ps       |
  |   Vbias prefactor (k)  :  0.1530 Eh       |
  |   Vbias exponent (α)   :  0.7800 bohr⁻²   |
  ::::::::::::: starting MTD   12 :::::::::::::
  |   MD simulation time   :    17.0 ps       |
  |   target T             :   300.0 K        |
  |   timestep dt          :     5.0 fs       |
  |   dump interval(trj)   :   100.0 fs       |
  |   SHAKE algorithm      : true (all bonds) |
  |   dump interval(Vbias) :    1.00 ps       |
  |   Vbias prefactor (k)  :  0.0382 Eh       |
  |   Vbias exponent (α)   :  0.2808 bohr⁻²   |
  ::::::::::::: starting MTD    1 :::::::::::::
  |   MD simulation time   :    17.0 ps       |
  |   target T             :   300.0 K        |
  |   timestep dt          :     5.0 fs       |
  |   dump interval(trj)   :   100.0 fs       |
  |   SHAKE algorithm      : true (all bonds) |
  |   dump interval(Vbias) :    1.00 ps       |
  |   Vbias prefactor (k)  :  0.1530 Eh       |
  |   Vbias exponent (α)   :  1.3000 bohr⁻²   |
  ::::::::::::: starting MTD    8 :::::::::::::
  |   MD simulation time   :    17.0 ps       |
  |   target T             :   300.0 K        |
  |   timestep dt          :     5.0 fs       |
  |   dump interval(trj)   :   100.0 fs       |
  |   SHAKE algorithm      : true (all bonds) |
  |   dump interval(Vbias) :    1.00 ps       |
  |   Vbias prefactor (k)  :  0.0765 Eh       |
  |   Vbias exponent (α)   :  0.4680 bohr⁻²   |
  ::::::::::::: starting MTD   10 :::::::::::::
  |   MD simulation time   :    17.0 ps       |
  |   target T             :   300.0 K        |
  |   timestep dt          :     5.0 fs       |
  |   dump interval(trj)   :   100.0 fs       |
  |   SHAKE algorithm      : true (all bonds) |
  |   dump interval(Vbias) :    1.00 ps       |
  |   Vbias prefactor (k)  :  0.1530 Eh       |
  |   Vbias exponent (α)   :  0.2808 bohr⁻²   |
  ::::::::::::: starting MTD   13 :::::::::::::
  |   MD simulation time   :    17.0 ps       |
  |   target T             :   300.0 K        |
  |   timestep dt          :     5.0 fs       |
  |   dump interval(trj)   :   100.0 fs       |
  |   SHAKE algorithm      : true (all bonds) |
  |   dump interval(Vbias) :    1.00 ps       |
  |   Vbias prefactor (k)  :  0.0510 Eh       |
  |   Vbias exponent (α)   :  0.1000 bohr⁻²   |
  ::::::::::::: starting MTD    6 :::::::::::::
  |   MD simulation time   :    17.0 ps       |
  |   target T             :   300.0 K        |
  |   timestep dt          :     5.0 fs       |
  |   dump interval(trj)   :   100.0 fs       |
  |   SHAKE algorithm      : true (all bonds) |
  |   dump interval(Vbias) :    1.00 ps       |
  |   Vbias prefactor (k)  :  0.0382 Eh       |
  |   Vbias exponent (α)   :  0.7800 bohr⁻²   |
  ::::::::::::: starting MTD   11 :::::::::::::
  |   MD simulation time   :    17.0 ps       |
  |   target T             :   300.0 K        |
  |   timestep dt          :     5.0 fs       |
  |   dump interval(trj)   :   100.0 fs       |
  |   SHAKE algorithm      : true (all bonds) |
  |   dump interval(Vbias) :    1.00 ps       |
  |   Vbias prefactor (k)  :  0.0765 Eh       |
  |   Vbias exponent (α)   :  0.2808 bohr⁻²   |
  ::::::::::::: starting MTD    9 :::::::::::::
  |   MD simulation time   :    17.0 ps       |
  |   target T             :   300.0 K        |
  |   timestep dt          :     5.0 fs       |
  |   dump interval(trj)   :   100.0 fs       |
  |   SHAKE algorithm      : true (all bonds) |
  |   dump interval(Vbias) :    1.00 ps       |
  |   Vbias prefactor (k)  :  0.0382 Eh       |
  |   Vbias exponent (α)   :  0.4680 bohr⁻²   |
  ::::::::::::: starting MTD    5 :::::::::::::
  |   MD simulation time   :    17.0 ps       |
  |   target T             :   300.0 K        |
  |   timestep dt          :     5.0 fs       |
  |   dump interval(trj)   :   100.0 fs       |
  |   SHAKE algorithm      : true (all bonds) |
  |   dump interval(Vbias) :    1.00 ps       |
  |   Vbias prefactor (k)  :  0.0765 Eh       |
  |   Vbias exponent (α)   :  0.7800 bohr⁻²   |
  ::::::::::::: starting MTD    3 :::::::::::::
  |   MD simulation time   :    17.0 ps       |
  |   target T             :   300.0 K        |
  |   timestep dt          :     5.0 fs       |
  |   dump interval(trj)   :   100.0 fs       |
  |   SHAKE algorithm      : true (all bonds) |
  |   dump interval(Vbias) :    1.00 ps       |
  |   Vbias prefactor (k)  :  0.0382 Eh       |
  |   Vbias exponent (α)   :  1.3000 bohr⁻²   |
  ::::::::::::: starting MTD    7 :::::::::::::
  |   MD simulation time   :    17.0 ps       |
  |   target T             :   300.0 K        |
  |   timestep dt          :     5.0 fs       |
  |   dump interval(trj)   :   100.0 fs       |
  |   SHAKE algorithm      : true (all bonds) |
  |   dump interval(Vbias) :    1.00 ps       |
  |   Vbias prefactor (k)  :  0.1530 Eh       |
  |   Vbias exponent (α)   :  0.4680 bohr⁻²   |
  ::::::::::::: starting MTD   14 :::::::::::::
  |   MD simulation time   :    17.0 ps       |
  |   target T             :   300.0 K        |
  |   timestep dt          :     5.0 fs       |
  |   dump interval(trj)   :   100.0 fs       |
  |   SHAKE algorithm      : true (all bonds) |
  |   dump interval(Vbias) :    1.00 ps       |
  |   Vbias prefactor (k)  :  0.2550 Eh       |
  |   Vbias exponent (α)   :  0.8000 bohr⁻²   |
  ::::::::::::: starting MTD    2 :::::::::::::
  |   MD simulation time   :    17.0 ps       |
  |   target T             :   300.0 K        |
  |   timestep dt          :     5.0 fs       |
  |   dump interval(trj)   :   100.0 fs       |
  |   SHAKE algorithm      : true (all bonds) |
  |   dump interval(Vbias) :    1.00 ps       |
  |   Vbias prefactor (k)  :  0.0765 Eh       |
  |   Vbias exponent (α)   :  1.3000 bohr⁻²   |
*MTD   9 completed successfully ...        3 min, 54.303 sec
*MTD   4 completed successfully ...        3 min, 56.675 sec
*MTD  14 completed successfully ...        3 min, 58.049 sec
*MTD   2 completed successfully ...        3 min, 58.289 sec
*MTD   7 completed successfully ...        3 min, 58.930 sec
*MTD   5 completed successfully ...        3 min, 59.004 sec
*MTD   8 completed successfully ...        3 min, 59.106 sec
*MTD  11 completed successfully ...        4 min,  1.671 sec
*MTD  10 completed successfully ...        4 min,  2.237 sec
*MTD   6 completed successfully ...        4 min,  2.255 sec
*MTD   1 completed successfully ...        4 min,  2.913 sec
*MTD  13 completed successfully ...        4 min,  4.741 sec
*MTD   3 completed successfully ...        4 min,  4.853 sec
*MTD  12 completed successfully ...        4 min,  8.629 sec

 ======================================
 |  Multilevel Ensemble Optimization  |
 ======================================
 Optimizing all 2366 structures from file "crest_dynamics.trj" ...
 ----------------------
 crude pre-optimization
 ----------------------
 Optimization engine: ANCOPT
 Hessian update type: BFGS
 E/G convergence criteria:  0.500E-03 Eh, 0.100E-01 Eh/a0
 maximum optimization steps: 200
 |>0.0% |>7.5% |>15.0% |>22.5% |>30.0% |>37.5% |>45.0% |>52.5% |>60.0% |>67.5% |>75.0% |>82.5% |>90.0% |>97.5% |>100.0%
 done.
> 2366 of 2366 structures successfully optimized (100.0% success)
> Total runtime for 2366 optimizations:
 * wall-time:     0 d,  0 h,  3 min, 17.329 sec
 *  cpu-time:     0 d,  0 h, 52 min,  7.712 sec
 * ratio c/w:    15.850 speedup
> Corresponding to approximately 0.083 sec per processed structure

CREGEN> running RMSDs ... done.
CREGEN> E lowest :  -101.07605
 150 structures remain within    12.00 kcal/mol window
 ----------------------------------
 optimization with tight thresholds
 ----------------------------------
 Optimization engine: ANCOPT
 Hessian update type: BFGS
 E/G convergence criteria:  0.100E-05 Eh, 0.800E-03 Eh/a0
 maximum optimization steps: 200
 |>0.7% |>10.0% |>20.0% |>30.0% |>40.0% |>50.0% |>60.0% |>70.7% |>80.0% |>90.7% |>100.0%
 done.
> 148 of 150 structures successfully optimized (98.7% success)
> Total runtime for 150 optimizations:
 * wall-time:     0 d,  0 h,  0 min, 47.887 sec
 *  cpu-time:     0 d,  0 h, 11 min, 27.085 sec
 * ratio c/w:    14.348 speedup
> Corresponding to approximately 0.319 sec per processed structure

CREGEN> running RMSDs ... done.
CREGEN> E lowest :  -101.07813
 22 structures remain within     6.00 kcal/mol window

 ------------------------------
 Meta-Dynamics Iteration 2
 ------------------------------
 list of applied metadynamics Vbias parameters:
$metadyn    0.15300   1.300
$metadyn    0.07650   1.300
$metadyn    0.03825   1.300
$metadyn    0.15300   0.780
$metadyn    0.07650   0.780
$metadyn    0.03825   0.780
$metadyn    0.15300   0.468
$metadyn    0.07650   0.468
$metadyn    0.03825   0.468
$metadyn    0.15300   0.281
$metadyn    0.07650   0.281
$metadyn    0.03825   0.281
$metadyn    0.05100   0.100
$metadyn    0.25500   0.800

  ::::::::::::: starting MTD   11 :::::::::::::
  |   MD simulation time   :    17.0 ps       |
  |   target T             :   300.0 K        |
  |   timestep dt          :     5.0 fs       |
  |   dump interval(trj)   :   100.0 fs       |
  |   SHAKE algorithm      : true (all bonds) |
  |   dump interval(Vbias) :    1.00 ps       |
  |   Vbias prefactor (k)  :  0.0765 Eh       |
  |   Vbias exponent (α)   :  0.2808 bohr⁻²   |
  ::::::::::::: starting MTD    1 :::::::::::::
  |   MD simulation time   :    17.0 ps       |
  |   target T             :   300.0 K        |
  |   timestep dt          :     5.0 fs       |
  |   dump interval(trj)   :   100.0 fs       |
  |   SHAKE algorithm      : true (all bonds) |
  |   dump interval(Vbias) :    1.00 ps       |
  |   Vbias prefactor (k)  :  0.1530 Eh       |
  |   Vbias exponent (α)   :  1.3000 bohr⁻²   |
  ::::::::::::: starting MTD    5 :::::::::::::
  |   MD simulation time   :    17.0 ps       |
  |   target T             :   300.0 K        |
  |   timestep dt          :     5.0 fs       |
  |   dump interval(trj)   :   100.0 fs       |
  |   SHAKE algorithm      : true (all bonds) |
  |   dump interval(Vbias) :    1.00 ps       |
  |   Vbias prefactor (k)  :  0.0765 Eh       |
  |   Vbias exponent (α)   :  0.7800 bohr⁻²   |
  ::::::::::::: starting MTD   12 :::::::::::::
  |   MD simulation time   :    17.0 ps       |
  |   target T             :   300.0 K        |
  |   timestep dt          :     5.0 fs       |
  |   dump interval(trj)   :   100.0 fs       |
  |   SHAKE algorithm      : true (all bonds) |
  |   dump interval(Vbias) :    1.00 ps       |
  |   Vbias prefactor (k)  :  0.0382 Eh       |
  |   Vbias exponent (α)   :  0.2808 bohr⁻²   |
  ::::::::::::: starting MTD    3 :::::::::::::
  |   MD simulation time   :    17.0 ps       |
  |   target T             :   300.0 K        |
  |   timestep dt          :     5.0 fs       |
  |   dump interval(trj)   :   100.0 fs       |
  |   SHAKE algorithm      : true (all bonds) |
  |   dump interval(Vbias) :    1.00 ps       |
  |   Vbias prefactor (k)  :  0.0382 Eh       |
  |   Vbias exponent (α)   :  1.3000 bohr⁻²   |
  ::::::::::::: starting MTD   14 :::::::::::::
  |   MD simulation time   :    17.0 ps       |
  |   target T             :   300.0 K        |
  |   timestep dt          :     5.0 fs       |
  |   dump interval(trj)   :   100.0 fs       |
  |   SHAKE algorithm      : true (all bonds) |
  |   dump interval(Vbias) :    1.00 ps       |
  |   Vbias prefactor (k)  :  0.2550 Eh       |
  |   Vbias exponent (α)   :  0.8000 bohr⁻²   |
  ::::::::::::: starting MTD   10 :::::::::::::
  |   MD simulation time   :    17.0 ps       |
  |   target T             :   300.0 K        |
  |   timestep dt          :     5.0 fs       |
  |   dump interval(trj)   :   100.0 fs       |
  |   SHAKE algorithm      : true (all bonds) |
  |   dump interval(Vbias) :    1.00 ps       |
  |   Vbias prefactor (k)  :  0.1530 Eh       |
  |   Vbias exponent (α)   :  0.2808 bohr⁻²   |
  ::::::::::::: starting MTD    7 :::::::::::::
  |   MD simulation time   :    17.0 ps       |
  |   target T             :   300.0 K        |
  |   timestep dt          :     5.0 fs       |
  |   dump interval(trj)   :   100.0 fs       |
  |   SHAKE algorithm      : true (all bonds) |
  |   dump interval(Vbias) :    1.00 ps       |
  |   Vbias prefactor (k)  :  0.1530 Eh       |
  |   Vbias exponent (α)   :  0.4680 bohr⁻²   |
  ::::::::::::: starting MTD    8 :::::::::::::
  |   MD simulation time   :    17.0 ps       |
  |   target T             :   300.0 K        |
  |   timestep dt          :     5.0 fs       |
  |   dump interval(trj)   :   100.0 fs       |
  |   SHAKE algorithm      : true (all bonds) |
  |   dump interval(Vbias) :    1.00 ps       |
  |   Vbias prefactor (k)  :  0.0765 Eh       |
  |   Vbias exponent (α)   :  0.4680 bohr⁻²   |
  ::::::::::::: starting MTD    6 :::::::::::::
  |   MD simulation time   :    17.0 ps       |
  |   target T             :   300.0 K        |
  |   timestep dt          :     5.0 fs       |
  |   dump interval(trj)   :   100.0 fs       |
  |   SHAKE algorithm      : true (all bonds) |
  |   dump interval(Vbias) :    1.00 ps       |
  |   Vbias prefactor (k)  :  0.0382 Eh       |
  |   Vbias exponent (α)   :  0.7800 bohr⁻²   |
  ::::::::::::: starting MTD    9 :::::::::::::
  |   MD simulation time   :    17.0 ps       |
  |   target T             :   300.0 K        |
  |   timestep dt          :     5.0 fs       |
  |   dump interval(trj)   :   100.0 fs       |
  |   SHAKE algorithm      : true (all bonds) |
  |   dump interval(Vbias) :    1.00 ps       |
  |   Vbias prefactor (k)  :  0.0382 Eh       |
  |   Vbias exponent (α)   :  0.4680 bohr⁻²   |
  ::::::::::::: starting MTD   13 :::::::::::::
  |   MD simulation time   :    17.0 ps       |
  |   target T             :   300.0 K        |
  |   timestep dt          :     5.0 fs       |
  |   dump interval(trj)   :   100.0 fs       |
  |   SHAKE algorithm      : true (all bonds) |
  |   dump interval(Vbias) :    1.00 ps       |
  |   Vbias prefactor (k)  :  0.0510 Eh       |
  |   Vbias exponent (α)   :  0.1000 bohr⁻²   |
  ::::::::::::: starting MTD    2 :::::::::::::
  |   MD simulation time   :    17.0 ps       |
  |   target T             :   300.0 K        |
  |   timestep dt          :     5.0 fs       |
  |   dump interval(trj)   :   100.0 fs       |
  |   SHAKE algorithm      : true (all bonds) |
  |   dump interval(Vbias) :    1.00 ps       |
  |   Vbias prefactor (k)  :  0.0765 Eh       |
  |   Vbias exponent (α)   :  1.3000 bohr⁻²   |
  ::::::::::::: starting MTD    4 :::::::::::::
  |   MD simulation time   :    17.0 ps       |
  |   target T             :   300.0 K        |
  |   timestep dt          :     5.0 fs       |
  |   dump interval(trj)   :   100.0 fs       |
  |   SHAKE algorithm      : true (all bonds) |
  |   dump interval(Vbias) :    1.00 ps       |
  |   Vbias prefactor (k)  :  0.1530 Eh       |
  |   Vbias exponent (α)   :  0.7800 bohr⁻²   |
*MTD   4 completed successfully ...        3 min, 55.852 sec
*MTD  14 completed successfully ...        3 min, 59.623 sec
*MTD   8 completed successfully ...        3 min, 59.791 sec
*MTD  12 completed successfully ...        4 min,  0.710 sec
*MTD   1 completed successfully ...        4 min,  1.189 sec
*MTD   9 completed successfully ...        4 min,  2.023 sec
*MTD  10 completed successfully ...        4 min,  2.078 sec
*MTD   7 completed successfully ...        4 min,  3.065 sec
*MTD  11 completed successfully ...        4 min,  3.708 sec
*MTD   5 completed successfully ...        4 min,  6.345 sec
*MTD   2 completed successfully ...        4 min,  7.142 sec
*MTD   6 completed successfully ...        4 min,  7.498 sec
*MTD  13 completed successfully ...        4 min,  7.919 sec
*MTD   3 completed successfully ...        4 min, 10.213 sec

 ======================================
 |  Multilevel Ensemble Optimization  |
 ======================================
 Optimizing all 2366 structures from file "crest_dynamics.trj" ...
 ----------------------
 crude pre-optimization
 ----------------------
 Optimization engine: ANCOPT
 Hessian update type: BFGS
 E/G convergence criteria:  0.500E-03 Eh, 0.100E-01 Eh/a0
 maximum optimization steps: 200
 |>0.0% |>7.5% |>15.0% |>22.5% |>30.0% |>37.5% |>45.0% |>52.5% |>60.0% |>67.5% |>75.0% |>82.5% |>90.0% |>97.5% |>100.0%
 done.
> 2366 of 2366 structures successfully optimized (100.0% success)
> Total runtime for 2366 optimizations:
 * wall-time:     0 d,  0 h,  3 min, 21.948 sec
 *  cpu-time:     0 d,  0 h, 53 min, 20.114 sec
 * ratio c/w:    15.846 speedup
> Corresponding to approximately 0.085 sec per processed structure

CREGEN> running RMSDs ... done.
CREGEN> E lowest :  -101.07798
 194 structures remain within    12.00 kcal/mol window
 ----------------------------------
 optimization with tight thresholds
 ----------------------------------
 Optimization engine: ANCOPT
 Hessian update type: BFGS
 E/G convergence criteria:  0.100E-05 Eh, 0.800E-03 Eh/a0
 maximum optimization steps: 200
 |>0.5% |>10.3% |>20.1% |>30.4% |>40.2% |>50.0% |>60.3% |>70.1% |>80.4% |>90.2% |>100.0%
 done.
> 192 of 194 structures successfully optimized (99.0% success)
> Total runtime for 194 optimizations:
 * wall-time:     0 d,  0 h,  0 min, 53.213 sec
 *  cpu-time:     0 d,  0 h, 12 min, 58.698 sec
 * ratio c/w:    14.634 speedup
> Corresponding to approximately 0.274 sec per processed structure

CREGEN> running RMSDs ... done.
CREGEN> E lowest :  -101.07897
 25 structures remain within     6.00 kcal/mol window
 ...............................................
 A new lower conformer was found!
 Improved by    0.00083 Eh or    0.52356kcal/mol
 ...............................................

 ------------------------------
 Meta-Dynamics Iteration 3
 ------------------------------
 list of applied metadynamics Vbias parameters:
$metadyn    0.15300   1.300
$metadyn    0.07650   1.300
$metadyn    0.03825   1.300
$metadyn    0.15300   0.780
$metadyn    0.07650   0.780
$metadyn    0.03825   0.780
$metadyn    0.15300   0.468
$metadyn    0.07650   0.468
$metadyn    0.03825   0.468
$metadyn    0.15300   0.281
$metadyn    0.07650   0.281
$metadyn    0.03825   0.281
$metadyn    0.05100   0.100
$metadyn    0.25500   0.800

  ::::::::::::: starting MTD    1 :::::::::::::
  |   MD simulation time   :    17.0 ps       |
  |   target T             :   300.0 K        |
  |   timestep dt          :     5.0 fs       |
  |   dump interval(trj)   :   100.0 fs       |
  |   SHAKE algorithm      : true (all bonds) |
  |   dump interval(Vbias) :    1.00 ps       |
  |   Vbias prefactor (k)  :  0.1530 Eh       |
  |   Vbias exponent (α)   :  1.3000 bohr⁻²   |
  ::::::::::::: starting MTD    2 :::::::::::::
  |   MD simulation time   :    17.0 ps       |
  |   target T             :   300.0 K        |
  |   timestep dt          :     5.0 fs       |
  |   dump interval(trj)   :   100.0 fs       |
  |   SHAKE algorithm      : true (all bonds) |
  |   dump interval(Vbias) :    1.00 ps       |
  |   Vbias prefactor (k)  :  0.0765 Eh       |
  |   Vbias exponent (α)   :  1.3000 bohr⁻²   |
  ::::::::::::: starting MTD   10 :::::::::::::
  |   MD simulation time   :    17.0 ps       |
  |   target T             :   300.0 K        |
  |   timestep dt          :     5.0 fs       |
  |   dump interval(trj)   :   100.0 fs       |
  |   SHAKE algorithm      : true (all bonds) |
  |   dump interval(Vbias) :    1.00 ps       |
  |   Vbias prefactor (k)  :  0.1530 Eh       |
  |   Vbias exponent (α)   :  0.2808 bohr⁻²   |
  ::::::::::::: starting MTD   12 :::::::::::::
  |   MD simulation time   :    17.0 ps       |
  |   target T             :   300.0 K        |
  |   timestep dt          :     5.0 fs       |
  |   dump interval(trj)   :   100.0 fs       |
  |   SHAKE algorithm      : true (all bonds) |
  |   dump interval(Vbias) :    1.00 ps       |
  |   Vbias prefactor (k)  :  0.0382 Eh       |
  |   Vbias exponent (α)   :  0.2808 bohr⁻²   |
  ::::::::::::: starting MTD   14 :::::::::::::
  |   MD simulation time   :    17.0 ps       |
  |   target T             :   300.0 K        |
  |   timestep dt          :     5.0 fs       |
  |   dump interval(trj)   :   100.0 fs       |
  |   SHAKE algorithm      : true (all bonds) |
  |   dump interval(Vbias) :    1.00 ps       |
  |   Vbias prefactor (k)  :  0.2550 Eh       |
  |   Vbias exponent (α)   :  0.8000 bohr⁻²   |
  ::::::::::::: starting MTD    5 :::::::::::::
  |   MD simulation time   :    17.0 ps       |
  |   target T             :   300.0 K        |
  |   timestep dt          :     5.0 fs       |
  |   dump interval(trj)   :   100.0 fs       |
  |   SHAKE algorithm      : true (all bonds) |
  |   dump interval(Vbias) :    1.00 ps       |
  |   Vbias prefactor (k)  :  0.0765 Eh       |
  |   Vbias exponent (α)   :  0.7800 bohr⁻²   |
  ::::::::::::: starting MTD    7 :::::::::::::
  |   MD simulation time   :    17.0 ps       |
  |   target T             :   300.0 K        |
  |   timestep dt          :     5.0 fs       |
  |   dump interval(trj)   :   100.0 fs       |
  |   SHAKE algorithm      : true (all bonds) |
  |   dump interval(Vbias) :    1.00 ps       |
  |   Vbias prefactor (k)  :  0.1530 Eh       |
  |   Vbias exponent (α)   :  0.4680 bohr⁻²   |
  ::::::::::::: starting MTD    6 :::::::::::::
  |   MD simulation time   :    17.0 ps       |
  |   target T             :   300.0 K        |
  |   timestep dt          :     5.0 fs       |
  |   dump interval(trj)   :   100.0 fs       |
  |   SHAKE algorithm      : true (all bonds) |
  |   dump interval(Vbias) :    1.00 ps       |
  |   Vbias prefactor (k)  :  0.0382 Eh       |
  |   Vbias exponent (α)   :  0.7800 bohr⁻²   |
  ::::::::::::: starting MTD   11 :::::::::::::
  |   MD simulation time   :    17.0 ps       |
  |   target T             :   300.0 K        |
  |   timestep dt          :     5.0 fs       |
  |   dump interval(trj)   :   100.0 fs       |
  |   SHAKE algorithm      : true (all bonds) |
  |   dump interval(Vbias) :    1.00 ps       |
  |   Vbias prefactor (k)  :  0.0765 Eh       |
  |   Vbias exponent (α)   :  0.2808 bohr⁻²   |
  ::::::::::::: starting MTD    3 :::::::::::::
  |   MD simulation time   :    17.0 ps       |
  |   target T             :   300.0 K        |
  |   timestep dt          :     5.0 fs       |
  |   dump interval(trj)   :   100.0 fs       |
  |   SHAKE algorithm      : true (all bonds) |
  |   dump interval(Vbias) :    1.00 ps       |
  |   Vbias prefactor (k)  :  0.0382 Eh       |
  |   Vbias exponent (α)   :  1.3000 bohr⁻²   |
  ::::::::::::: starting MTD    4 :::::::::::::
  |   MD simulation time   :    17.0 ps       |
  |   target T             :   300.0 K        |
  |   timestep dt          :     5.0 fs       |
  |   dump interval(trj)   :   100.0 fs       |
  |   SHAKE algorithm      : true (all bonds) |
  |   dump interval(Vbias) :    1.00 ps       |
  |   Vbias prefactor (k)  :  0.1530 Eh       |
  |   Vbias exponent (α)   :  0.7800 bohr⁻²   |
  ::::::::::::: starting MTD    8 :::::::::::::
  |   MD simulation time   :    17.0 ps       |
  |   target T             :   300.0 K        |
  |   timestep dt          :     5.0 fs       |
  |   dump interval(trj)   :   100.0 fs       |
  |   SHAKE algorithm      : true (all bonds) |
  |   dump interval(Vbias) :    1.00 ps       |
  |   Vbias prefactor (k)  :  0.0765 Eh       |
  |   Vbias exponent (α)   :  0.4680 bohr⁻²   |
  ::::::::::::: starting MTD   13 :::::::::::::
  |   MD simulation time   :    17.0 ps       |
  |   target T             :   300.0 K        |
  |   timestep dt          :     5.0 fs       |
  |   dump interval(trj)   :   100.0 fs       |
  |   SHAKE algorithm      : true (all bonds) |
  |   dump interval(Vbias) :    1.00 ps       |
  |   Vbias prefactor (k)  :  0.0510 Eh       |
  |   Vbias exponent (α)   :  0.1000 bohr⁻²   |
  ::::::::::::: starting MTD    9 :::::::::::::
  |   MD simulation time   :    17.0 ps       |
  |   target T             :   300.0 K        |
  |   timestep dt          :     5.0 fs       |
  |   dump interval(trj)   :   100.0 fs       |
  |   SHAKE algorithm      : true (all bonds) |
  |   dump interval(Vbias) :    1.00 ps       |
  |   Vbias prefactor (k)  :  0.0382 Eh       |
  |   Vbias exponent (α)   :  0.4680 bohr⁻²   |
*MTD   9 completed successfully ...        3 min, 59.611 sec
*MTD   7 completed successfully ...        4 min,  0.339 sec
*MTD  12 completed successfully ...        4 min,  0.681 sec
*MTD  14 completed successfully ...        4 min,  1.432 sec
*MTD   2 completed successfully ...        4 min,  1.592 sec
*MTD   5 completed successfully ...        4 min,  1.621 sec
*MTD   8 completed successfully ...        4 min,  1.747 sec
*MTD  11 completed successfully ...        4 min,  2.143 sec
*MTD  13 completed successfully ...        4 min,  2.439 sec
*MTD  10 completed successfully ...        4 min,  3.691 sec
*MTD   6 completed successfully ...        4 min,  4.855 sec
*MTD   4 completed successfully ...        4 min,  5.880 sec
*MTD   3 completed successfully ...        4 min,  5.910 sec
*MTD   1 completed successfully ...        4 min,  6.623 sec

 ======================================
 |  Multilevel Ensemble Optimization  |
 ======================================
 Optimizing all 2366 structures from file "crest_dynamics.trj" ...
 ----------------------
 crude pre-optimization
 ----------------------
 Optimization engine: ANCOPT
 Hessian update type: BFGS
 E/G convergence criteria:  0.500E-03 Eh, 0.100E-01 Eh/a0
 maximum optimization steps: 200
 |>0.0% |>7.5% |>15.0% |>22.5% |>30.0% |>37.5% |>45.0% |>52.5% |>60.0% |>67.5% |>75.0% |>82.5% |>90.0% |>97.5% |>100.0%
 done.
> 2366 of 2366 structures successfully optimized (100.0% success)
> Total runtime for 2366 optimizations:
 * wall-time:     0 d,  0 h,  3 min, 16.427 sec
 *  cpu-time:     0 d,  0 h, 51 min, 51.471 sec
 * ratio c/w:    15.840 speedup
> Corresponding to approximately 0.083 sec per processed structure

CREGEN> running RMSDs ... done.
CREGEN> E lowest :  -101.07547
 198 structures remain within    12.00 kcal/mol window
 ----------------------------------
 optimization with tight thresholds
 ----------------------------------
 Optimization engine: ANCOPT
 Hessian update type: BFGS
 E/G convergence criteria:  0.100E-05 Eh, 0.800E-03 Eh/a0
 maximum optimization steps: 200
 |>0.5% |>10.1% |>20.2% |>30.3% |>40.4% |>50.0% |>60.1% |>70.2% |>80.3% |>90.4% |>100.0%
 done.
> 198 of 198 structures successfully optimized (100.0% success)
> Total runtime for 198 optimizations:
 * wall-time:     0 d,  0 h,  0 min, 57.175 sec
 *  cpu-time:     0 d,  0 h, 14 min, 10.468 sec
 * ratio c/w:    14.875 speedup
> Corresponding to approximately 0.289 sec per processed structure

CREGEN> running RMSDs ... done.
CREGEN> E lowest :  -101.07628
 34 structures remain within     6.00 kcal/mol window

========================================
           MTD Simulations done         
========================================
 Collecting ensmbles.
CREGEN> running RMSDs ... done.
CREGEN> E lowest :  -101.07897
 51 structures remain within     6.00 kcal/mol window


 ===============================================
 Additional regular MDs on lowest 4 conformer(s)
 ===============================================
  :::::::::::::: starting MD   1 ::::::::::::::
  |   MD simulation time   :     8.5 ps       |
  |   target T             :   400.0 K        |
  |   timestep dt          :     5.0 fs       |
  |   dump interval(trj)   :   100.0 fs       |
  |   SHAKE algorithm      : true (all bonds) |
  :::::::::::::: starting MD   6 ::::::::::::::
  |   MD simulation time   :     8.5 ps       |
  |   target T             :   500.0 K        |
  |   timestep dt          :     5.0 fs       |
  |   dump interval(trj)   :   100.0 fs       |
  |   SHAKE algorithm      : true (all bonds) |
  :::::::::::::: starting MD   5 ::::::::::::::
  |   MD simulation time   :     8.5 ps       |
  |   target T             :   500.0 K        |
  |   timestep dt          :     5.0 fs       |
  |   dump interval(trj)   :   100.0 fs       |
  |   SHAKE algorithm      : true (all bonds) |
  :::::::::::::: starting MD   7 ::::::::::::::
  |   MD simulation time   :     8.5 ps       |
  |   target T             :   500.0 K        |
  |   timestep dt          :     5.0 fs       |
  |   dump interval(trj)   :   100.0 fs       |
  |   SHAKE algorithm      : true (all bonds) |
  :::::::::::::: starting MD   8 ::::::::::::::
  |   MD simulation time   :     8.5 ps       |
  |   target T             :   500.0 K        |
  |   timestep dt          :     5.0 fs       |
  |   dump interval(trj)   :   100.0 fs       |
  |   SHAKE algorithm      : true (all bonds) |
  :::::::::::::: starting MD   4 ::::::::::::::
  |   MD simulation time   :     8.5 ps       |
  |   target T             :   400.0 K        |
  |   timestep dt          :     5.0 fs       |
  |   dump interval(trj)   :   100.0 fs       |
  |   SHAKE algorithm      : true (all bonds) |
  :::::::::::::: starting MD   2 ::::::::::::::
  |   MD simulation time   :     8.5 ps       |
  |   target T             :   400.0 K        |
  |   timestep dt          :     5.0 fs       |
  |   dump interval(trj)   :   100.0 fs       |
  |   SHAKE algorithm      : true (all bonds) |
  :::::::::::::: starting MD   3 ::::::::::::::
  |   MD simulation time   :     8.5 ps       |
  |   target T             :   400.0 K        |
  |   timestep dt          :     5.0 fs       |
  |   dump interval(trj)   :   100.0 fs       |
  |   SHAKE algorithm      : true (all bonds) |
*MD   2 completed successfully ...        2 min, 34.514 sec
*MD   3 completed successfully ...        2 min, 34.539 sec
*MD   7 completed successfully ...        2 min, 35.021 sec
*MD   1 completed successfully ...        2 min, 35.832 sec
*MD   4 completed successfully ...        2 min, 36.239 sec
*MD   8 completed successfully ...        2 min, 36.545 sec
*MD   5 completed successfully ...        2 min, 36.733 sec
*MD   6 completed successfully ...        2 min, 36.958 sec
 Appending file crest_rotamers_1.xyz with new structures
 Optimizing all 723 structures from file "crest_rotamers_1.xyz" ...
 ----------------------------------
 optimization with tight thresholds
 ----------------------------------
 Optimization engine: ANCOPT
 Hessian update type: BFGS
 E/G convergence criteria:  0.100E-05 Eh, 0.800E-03 Eh/a0
 maximum optimization steps: 200
 |>0.1% |>10.1% |>20.1% |>30.0% |>40.1% |>50.1% |>60.0% |>70.1% |>80.1% |>90.0% |>100.0%
 done.
> 723 of 723 structures successfully optimized (100.0% success)
> Total runtime for 723 optimizations:
 * wall-time:     0 d,  0 h,  2 min, 26.672 sec
 *  cpu-time:     0 d,  0 h, 38 min, 28.574 sec
 * ratio c/w:    15.740 speedup
> Corresponding to approximately 0.203 sec per processed structure

CREGEN> running RMSDs ... done.
CREGEN> E lowest :  -101.07897
 54 structures remain within     6.00 kcal/mol window

     ========================================
     |        Structure Crossing (GC)       |
     ========================================

 =============================
  # threads =          16
 =============================
input  file name : crest_rotamers_2.xyz
number of atoms                :      51
number of points on xyz files  :      54
conformer energy window  /kcal :    6.00
CN per atom difference cut-off :  0.3000
RMSD threshold (Ang, Bohr)     :  0.2500  0.4724
max. # of generated structures :      850
 # in E window          54
  12.4 % done
  37.5 % done
  60.2 % done
  85.3 % done
 finished.
 average rmsd w.r.t input     :     2.61144
 number of clash discarded    :        1430
 removed identical structures :           0

 1 structures written to confcross.xyz


 ======================================
 |  Multilevel Ensemble Optimization  |
 ======================================
 Optimizing all 1 structures from file "confcross.xyz" ...
 ----------------------
 crude pre-optimization
 ----------------------
 Optimization engine: ANCOPT
 Hessian update type: BFGS
 E/G convergence criteria:  0.500E-03 Eh, 0.100E-01 Eh/a0
 maximum optimization steps: 200
 |>100.0%
 done.
> 1 of 1 structures successfully optimized (100.0% success)
> Total runtime for 1 optimizations:
 * wall-time:     0 d,  0 h,  0 min,  0.486 sec
 *  cpu-time:     0 d,  0 h,  0 min,  2.443 sec
 * ratio c/w:     5.024 speedup
> Corresponding to approximately 0.486 sec per processed structure

CREGEN> running RMSDs ... done.
CREGEN> E lowest :  -101.07887
 1 structures remain within    12.00 kcal/mol window
 ----------------------------------
 optimization with tight thresholds
 ----------------------------------
 Optimization engine: ANCOPT
 Hessian update type: BFGS
 E/G convergence criteria:  0.100E-05 Eh, 0.800E-03 Eh/a0
 maximum optimization steps: 200
 |>100.0%
 done.
> 1 of 1 structures successfully optimized (100.0% success)
> Total runtime for 1 optimizations:
 * wall-time:     0 d,  0 h,  0 min,  0.536 sec
 *  cpu-time:     0 d,  0 h,  0 min,  2.745 sec
 * ratio c/w:     5.124 speedup
> Corresponding to approximately 0.536 sec per processed structure

CREGEN> running RMSDs ... done.
CREGEN> E lowest :  -101.07897
 1 structures remain within     6.00 kcal/mol window
appending new structures to crest_rotamers_2.xyz
CREGEN> running RMSDs ... done.
CREGEN> E lowest :  -101.07897


   ================================================
   |           Final Geometry Optimization        |
   ================================================
 Optimizing all 55 structures from file "crest_rotamers_3.xyz" ...
 ---------------------------------------
 optimization with very tight thresholds
 ---------------------------------------
 Optimization engine: ANCOPT
 Hessian update type: BFGS
 E/G convergence criteria:  0.100E-06 Eh, 0.200E-03 Eh/a0
 maximum optimization steps: 200
 |>1.8% |>10.9% |>20.0% |>30.9% |>40.0% |>50.9% |>60.0% |>70.9% |>80.0% |>90.9% |>100.0%
 done.
> 55 of 55 structures successfully optimized (100.0% success)
> Total runtime for 55 optimizations:
 * wall-time:     0 d,  0 h,  0 min,  4.461 sec
 *  cpu-time:     0 d,  0 h,  0 min, 52.668 sec
 * ratio c/w:    11.806 speedup
> Corresponding to approximately 0.081 sec per processed structure

CREGEN> running RMSDs ... done.
CREGEN> E lowest :  -101.07897
 53 structures remain within     6.00 kcal/mol window


 --------------------------
 Final Ensemble Information
 --------------------------
 input  file name : crest_rotamers_3.xyz
 output file name : crest_rotamers_4.xyz
 number of atoms                :   51
 number of points on xyz files  :   55
 RMSD threshold                 :   0.1250
 Bconst threshold               :   0.0100
 population threshold           :   0.0500
 # fragment in coord            :     1
 # bonds in reference structure :    53
 number of reliable points      :    55
 sorting energy window (EWIN)   :    6.0000 / kcal*mol⁻¹
 reference state Etot           :  -101.07896932000000
 number of doubles removed by rot/RMSD         :           2
 total number unique points considered further :          53
       Erel/kcal        Etot weight/tot  conformer     set   degen     origin
       1   0.000  -101.07897    0.35246    0.70493       1       2
       2   0.000  -101.07897    0.35246
       3   0.524  -101.07813    0.14573    0.14573       2       1
       4   1.683  -101.07629    0.02062    0.04123       3       2
       5   1.684  -101.07629    0.02061
       6   1.740  -101.07620    0.01875    0.01875       4       1
       7   1.894  -101.07595    0.01446    0.01446       5       1
       8   2.096  -101.07563    0.01028    0.02054       6       2
       9   2.097  -101.07563    0.01026
      10   2.168  -101.07551    0.00911    0.00911       7       1
      11   2.453  -101.07506    0.00563    0.00563       8       1
      12   2.465  -101.07504    0.00552    0.00552       9       1
      13   2.488  -101.07501    0.00531    0.00531      10       1
      14   2.595  -101.07483    0.00443    0.00443      11       1
      15   2.773  -101.07455    0.00328    0.00328      12       1
      16   2.775  -101.07455    0.00327    0.00327      13       1
      17   3.192  -101.07388    0.00162    0.00162      14       1
      18   3.260  -101.07377    0.00144    0.00144      15       1
      19   3.270  -101.07376    0.00142    0.00284      16       2
      20   3.271  -101.07376    0.00142
      21   3.353  -101.07363    0.00123    0.00123      17       1
      22   3.437  -101.07349    0.00107    0.00214      18       2
      23   3.437  -101.07349    0.00107
      24   3.523  -101.07336    0.00093    0.00093      19       1
      25   3.527  -101.07335    0.00092    0.00092      20       1
      26   3.632  -101.07318    0.00077    0.00077      21       1
      27   3.645  -101.07316    0.00075    0.00151      22       2
      28   3.645  -101.07316    0.00075
      29   3.713  -101.07305    0.00067    0.00067      23       1
      30   3.953  -101.07267    0.00045    0.00090      24       2
      31   3.953  -101.07267    0.00045
      32   4.196  -101.07228    0.00030    0.00030      25       1
      33   4.243  -101.07221    0.00028    0.00028      26       1
      34   4.358  -101.07203    0.00023    0.00045      27       2
      35   4.358  -101.07202    0.00023
      36   4.382  -101.07199    0.00022    0.00022      28       1
      37   4.424  -101.07192    0.00020    0.00020      29       1
      38   4.503  -101.07179    0.00018    0.00018      30       1
      39   4.530  -101.07175    0.00017    0.00017      31       1
      40   4.537  -101.07174    0.00017    0.00017      32       1
      41   4.673  -101.07152    0.00013    0.00013      33       1
      42   4.716  -101.07145    0.00012    0.00012      34       1
      43   4.828  -101.07128    0.00010    0.00010      35       1
      44   4.891  -101.07118    0.00009    0.00009      36       1
      45   4.917  -101.07113    0.00009    0.00009      37       1
      46   4.947  -101.07109    0.00008    0.00008      38       1
      47   4.994  -101.07101    0.00008    0.00008      39       1
      48   5.269  -101.07057    0.00005    0.00005      40       1
      49   5.466  -101.07026    0.00003    0.00003      41       1
      50   5.663  -101.06994    0.00003    0.00003      42       1
      51   5.736  -101.06983    0.00002    0.00002      43       1
      52   5.848  -101.06965    0.00002    0.00002      44       1
      53   5.948  -101.06949    0.00002    0.00002      45       1
T /K                                  :   298.15
E lowest                              :  -101.07897
ensemble average energy (kcal)        :    0.403
ensemble entropy (J/mol K, cal/mol K) :   14.325    3.424
ensemble free energy (kcal/mol)       :   -1.021
population of lowest in %             :   70.493
 number of unique conformers for further calc           45
 list of relative energies saved as "crest.energies"

 -----------------
 Wall Time Summary
 -----------------
 CREST runtime (total)               0 d,  0 h, 30 min, 30.695 sec
 ------------------------------------------------------------------
 Trial metadynamics (MTD)   ...        0 min, 11.891 sec (  0.650%)
 Metadynamics (MTD)         ...       12 min, 27.842 sec ( 40.850%)
 Geometry optimization      ...       15 min, 12.493 sec ( 49.844%)
 Molecular dynamics (MD)    ...        2 min, 36.987 sec (  8.575%)
 Genetic crossing (GC)      ...        0 min,  1.076 sec (  0.059%)
 I/O and setup              ...        0 min,  0.406 sec (  0.022%)
 ------------------------------------------------------------------
 * wall-time:     0 d,  0 h, 30 min, 30.695 sec
 *  cpu-time:     0 d,  7 h, 21 min, 14.689 sec
 * ratio c/w:    14.462 speedup
 ------------------------------------------------------------------
 * Total number of energy+grad calls: 361122

 CREST terminated normally.
