
       в•”в•ђв•ђв•ђв•ђв•ђв•ђв•ђв•ђв•ђв•ђв•ђв•ђв•ђв•ђв•ђв•ђв•ђв•ђв•ђв•ђв•ђв•ђв•ђв•ђв•ђв•ђв•ђв•ђв•ђв•ђв•ђв•ђв•ђв•ђв•ђв•ђв•ђв•ђв•ђв•ђв•ђв•ђв•ђв•ђв•ђв•ђв•ђв•ђв•—
       в•‘                                                в•‘
       в•‘     в–€в–€в–€в–€в–€в–€в•—в–€в–€в–€в–€в–€в–€в•— в–€в–€в–€в–€в–€в–€в–€в•—в–€в–€в–€в–€в–€в–€в–€в•—в–€в–€в–€в–€в–€в–€в–€в–€в•—   в•‘
       в•‘    в–€в–€в•”в•ђв•ђв•ђв•ђв•ќв–€в–€в•”в•ђв•ђв–€в–€в•—в–€в–€в•”в•ђв•ђв•ђв•ђв•ќв–€в–€в•”в•ђв•ђв•ђв•ђв•ќв•љв•ђв•ђв–€в–€в•”в•ђв•ђв•ќ   в•‘
       в•‘    в–€в–€в•‘     в–€в–€в–€в–€в–€в–€в•”в•ќв–€в–€в–€в–€в–€в•—  в–€в–€в–€в–€в–€в–€в–€в•—   в–€в–€в•‘      в•‘
       в•‘    в–€в–€в•‘     в–€в–€в•”в•ђв•ђв–€в–€в•—в–€в–€в•”в•ђв•ђв•ќ  в•љв•ђв•ђв•ђв•ђв–€в–€в•‘   в–€в–€в•‘      в•‘
       в•‘    в•љв–€в–€в–€в–€в–€в–€в•—в–€в–€в•‘  в–€в–€в•‘в–€в–€в–€в–€в–€в–€в–€в•—в–€в–€в–€в–€в–€в–€в–€в•‘   в–€в–€в•‘      в•‘
       в•‘     в•љв•ђв•ђв•ђв•ђв•ђв•ќв•љв•ђв•ќ  в•љв•ђв•ќв•љв•ђв•ђв•ђв•ђв•ђв•ђв•ќв•љв•ђв•ђв•ђв•ђв•ђв•ђв•ќ   в•љв•ђв•ќ      в•‘
       в•‘                                                в•‘
       в•‘    Conformer-Rotamer Ensemble Sampling Tool    в•‘
       в•‘            based on the xTB methods            в•‘
       в•‘                                                в•‘
       в•љв•ђв•ђв•ђв•ђв•ђв•ђв•ђв•ђв•ђв•ђв•ђв•ђв•ђв•ђв•ђв•ђв•ђв•ђв•ђв•ђв•ђв•ђв•ђв•ђв•ђв•ђв•ђв•ђв•ђв•ђв•ђв•ђв•ђв•ђв•ђв•ђв•ђв•ђв•ђв•ђв•ђв•ђв•ђв•ђв•ђв•ђв•ђв•ђв•ќ
        Version 3.0.2, Mon, 29 September 16:25:59, 09/29/2025
        commit (c39758d) compiled by 'andrey@PC1'

   Cite work conducted with this code as

   вЂў P.Pracht, F.Bohle, S.Grimme, PCCP, 2020, 22, 7169-7192.
   вЂў S.Grimme, JCTC, 2019, 15, 2847-2862.
   вЂў P.Pracht, S.Grimme, C.Bannwarth, F.Bohle, S.Ehlert,
     G.Feldmann, J.Gorges, M.MГјller, T.Neudecker, C.Plett,
     S.Spicher, P.Steinbach, P.WesoЕ‚owski, F.Zeller,
     J. Chem. Phys., 2024, 160, 114110.

   for works involving QCG cite

   вЂў S.Spicher, C.Plett, P.Pracht, A.Hansen, S.Grimme,
     JCTC, 2022, 18 (5), 3174-3189.
   вЂў C.Plett, S. Grimme,
     Angew. Chem. Int. Ed. 2023, 62, e202214477.

   for works involving MECP screening cite

   вЂў P.Pracht, C.Bannwarth, JCTC, 2022, 18 (10), 6370-6385.

   Original code
     P.Pracht, S.Grimme, UniversitГ¤t Bonn, MCTC
   with help from (alphabetical order):
     C.Bannwarth, F.Bohle, S.Ehlert, G.Feldmann, J.Gorges,
     S.Grimme, C.Plett, P.Pracht, S.Spicher, P.Steinbach,
     P.Wesolowski, F.Zeller

   Online documentation is available at
   https://crest-lab.github.io/crest-docs/

   This program is distributed in the hope that it will be useful,
   but WITHOUT ANY WARRANTY; without even the implied warranty of
   MERCHANTABILITY or FITNESS FOR A PARTICULAR PURPOSE. See the
   GNU Lesser General Public License (LGPL) for more details.

 Command line input:
 $ ./crest m1_00_Vitamin_C-uni_conformers-CLUST_0_gfn1_opt.xyz --T 16 --gfn1

  --T 16 (CPUs/Threads selected)
  --gfn1               : Use of GFN1-xTB requested.

> Setting up backup calculator ... done.
 ----------------
 Calculation info
 ----------------
> User-defined calculation level:
 : xTB calculation via tblite lib
 : GFN1-xTB level
 :   Molecular charge    : 0
 :   Fermi temperature   : 300.00000
 :   Accuracy            : 1.00000
 :   max SCC cycles      : 500


 -----------------------------
 Initial Geometry Optimization
 -----------------------------
 Geometry successfully optimized.

          в”Ќв”Ѓв”Ѓв”Ѓв”Ѓв”Ѓв”Ѓв”Ѓв”Ѓв”Ѓв”Ѓв”Ѓв”Ѓв”Ѓв”Ѓв”Ѓв”Ѓв”Ѓв”Ѓв”Ѓв”Ѓв”Ѓв”Ѓв”Ѓв”Ѓв”Ѓв”Ѓв”Ѓв”Ѓв”Ѓв”Ѓв”Ѓв”Ѓв”Ѓв”Ѓв”Ѓв”Ѓв”Ѓв”Ѓв”Ѓв”Ѓв”Ѓв”Ѓв”Ѓв”Ѓв”Ѓв”Ѓв”Ѓв”Ѓв”Ѓв”‘
          в”‚              CREST iMTD-GC SAMPLING             в”‚
          в”•в”Ѓв”Ѓв”Ѓв”Ѓв”Ѓв”Ѓв”Ѓв”Ѓв”Ѓв”Ѓв”Ѓв”Ѓв”Ѓв”Ѓв”Ѓв”Ѓв”Ѓв”Ѓв”Ѓв”Ѓв”Ѓв”Ѓв”Ѓв”Ѓв”Ѓв”Ѓв”Ѓв”Ѓв”Ѓв”Ѓв”Ѓв”Ѓв”Ѓв”Ѓв”Ѓв”Ѓв”Ѓв”Ѓв”Ѓв”Ѓв”Ѓв”Ѓв”Ѓв”Ѓв”Ѓв”Ѓв”Ѓв”Ѓв”Ѓв”™

 Input structure:
  20

 O          0.4743098487        0.9567400746       -1.1502068679
 O         -2.8365061402       -0.4398447562       -0.5348681483
 O         -0.5829282477       -2.2023093174        0.2042501089
 O         -0.6639301333        1.6648575141        1.3899073073
 O          2.3303767767       -1.3039679816        0.8890128281
 O          2.6158640709        1.2395414686       -0.4334653462
 C         -0.5291814191       -0.0283316426       -0.9984644735
 C         -1.8238317094        0.5350499680       -0.3543193548
 C          0.1115188874       -1.1014063797       -0.1501401860
 C         -1.7142235588        0.7601122640        1.1601578973
 C          1.3563681254       -0.7094470304        0.1553324349
 C          1.6038037312        0.5966726320       -0.4754925679
 H         -0.7989054448       -0.4088484123       -1.9957722062
 H         -2.0840232276        1.4810692828       -0.8522510320
 H         -2.6779772703        1.1583978096        1.5153188321
 H         -1.5350379676       -0.2051344312        1.6600736400
 H         -3.2720463588       -0.3394832476       -1.3906600846
 H         -1.5225426292       -2.1039102922       -0.0265537543
 H         -0.5825455409        1.8636941999        2.3306922258
 H          3.1104294756       -0.7241768469        0.8708332894

 ------------------------------------------------
 Generating MTD length from a flexibility measure
 ------------------------------------------------
 Calculating GFN0-xTB WBOs   ... done.
 Calculating NCI flexibility ... done.
     covalent flexibility measure :   0.317
 non-covalent flexibility measure :   0.770
 flexibility measure :   0.375
 t(MTD) / ps    :     5.0
 ОЈ(t(MTD)) / ps :    70.0 (14 MTDs)

 -----------------------------------
 Starting trial MTD to test settings
 -----------------------------------
 Trial MTD 1 runtime (1.0 ps) ...        0 min,  2.532 sec
 Estimated runtime for one MTD (5.0 ps) on a single thread: 13 sec
 Estimated runtime for a batch of 14 MTDs on 16 threads: 13 sec

********************************************************************************
**                    N E W   I T E R A T I O N  C Y C L E                    **
********************************************************************************

 ------------------------------
 Meta-Dynamics Iteration 1
 ------------------------------
 list of applied metadynamics Vbias parameters:
$metadyn    0.06000   1.300
$metadyn    0.03000   1.300
$metadyn    0.01500   1.300
$metadyn    0.06000   0.780
$metadyn    0.03000   0.780
$metadyn    0.01500   0.780
$metadyn    0.06000   0.468
$metadyn    0.03000   0.468
$metadyn    0.01500   0.468
$metadyn    0.06000   0.281
$metadyn    0.03000   0.281
$metadyn    0.01500   0.281
$metadyn    0.02000   0.100
$metadyn    0.10000   0.800

  ::::::::::::: starting MTD   12 :::::::::::::
  |   MD simulation time   :     5.0 ps       |
  |   target T             :   300.0 K        |
  |   timestep dt          :     5.0 fs       |
  |   dump interval(trj)   :   100.0 fs       |
  |   SHAKE algorithm      : true (all bonds) |
  |   dump interval(Vbias) :    1.00 ps       |
  |   Vbias prefactor (k)  :  0.0150 Eh       |
  |   Vbias exponent (О±)   :  0.2808 bohrвЃ»ВІ   |
  ::::::::::::: starting MTD    2 :::::::::::::
  |   MD simulation time   :     5.0 ps       |
  |   target T             :   300.0 K        |
  |   timestep dt          :     5.0 fs       |
  |   dump interval(trj)   :   100.0 fs       |
  |   SHAKE algorithm      : true (all bonds) |
  |   dump interval(Vbias) :    1.00 ps       |
  |   Vbias prefactor (k)  :  0.0300 Eh       |
  |   Vbias exponent (О±)   :  1.3000 bohrвЃ»ВІ   |
  ::::::::::::: starting MTD   11 :::::::::::::
  |   MD simulation time   :     5.0 ps       |
  |   target T             :   300.0 K        |
  |   timestep dt          :     5.0 fs       |
  |   dump interval(trj)   :   100.0 fs       |
  |   SHAKE algorithm      : true (all bonds) |
  |   dump interval(Vbias) :    1.00 ps       |
  |   Vbias prefactor (k)  :  0.0300 Eh       |
  |   Vbias exponent (О±)   :  0.2808 bohrвЃ»ВІ   |
  ::::::::::::: starting MTD    5 :::::::::::::
  |   MD simulation time   :     5.0 ps       |
  |   target T             :   300.0 K        |
  |   timestep dt          :     5.0 fs       |
  |   dump interval(trj)   :   100.0 fs       |
  |   SHAKE algorithm      : true (all bonds) |
  |   dump interval(Vbias) :    1.00 ps       |
  |   Vbias prefactor (k)  :  0.0300 Eh       |
  |   Vbias exponent (О±)   :  0.7800 bohrвЃ»ВІ   |
  ::::::::::::: starting MTD    1 :::::::::::::
  |   MD simulation time   :     5.0 ps       |
  |   target T             :   300.0 K        |
  |   timestep dt          :     5.0 fs       |
  |   dump interval(trj)   :   100.0 fs       |
  |   SHAKE algorithm      : true (all bonds) |
  |   dump interval(Vbias) :    1.00 ps       |
  |   Vbias prefactor (k)  :  0.0600 Eh       |
  |   Vbias exponent (О±)   :  1.3000 bohrвЃ»ВІ   |
  ::::::::::::: starting MTD    8 :::::::::::::
  |   MD simulation time   :     5.0 ps       |
  |   target T             :   300.0 K        |
  |   timestep dt          :     5.0 fs       |
  |   dump interval(trj)   :   100.0 fs       |
  |   SHAKE algorithm      : true (all bonds) |
  |   dump interval(Vbias) :    1.00 ps       |
  |   Vbias prefactor (k)  :  0.0300 Eh       |
  |   Vbias exponent (О±)   :  0.4680 bohrвЃ»ВІ   |
  ::::::::::::: starting MTD    6 :::::::::::::
  |   MD simulation time   :     5.0 ps       |
  |   target T             :   300.0 K        |
  |   timestep dt          :     5.0 fs       |
  |   dump interval(trj)   :   100.0 fs       |
  |   SHAKE algorithm      : true (all bonds) |
  |   dump interval(Vbias) :    1.00 ps       |
  |   Vbias prefactor (k)  :  0.0150 Eh       |
  |   Vbias exponent (О±)   :  0.7800 bohrвЃ»ВІ   |
  ::::::::::::: starting MTD    7 :::::::::::::
  |   MD simulation time   :     5.0 ps       |
  |   target T             :   300.0 K        |
  |   timestep dt          :     5.0 fs       |
  |   dump interval(trj)   :   100.0 fs       |
  |   SHAKE algorithm      : true (all bonds) |
  |   dump interval(Vbias) :    1.00 ps       |
  |   Vbias prefactor (k)  :  0.0600 Eh       |
  |   Vbias exponent (О±)   :  0.4680 bohrвЃ»ВІ   |
  ::::::::::::: starting MTD   10 :::::::::::::
  |   MD simulation time   :     5.0 ps       |
  |   target T             :   300.0 K        |
  |   timestep dt          :     5.0 fs       |
  |   dump interval(trj)   :   100.0 fs       |
  |   SHAKE algorithm      : true (all bonds) |
  |   dump interval(Vbias) :    1.00 ps       |
  |   Vbias prefactor (k)  :  0.0600 Eh       |
  |   Vbias exponent (О±)   :  0.2808 bohrвЃ»ВІ   |
  ::::::::::::: starting MTD    9 :::::::::::::
  |   MD simulation time   :     5.0 ps       |
  |   target T             :   300.0 K        |
  |   timestep dt          :     5.0 fs       |
  |   dump interval(trj)   :   100.0 fs       |
  |   SHAKE algorithm      : true (all bonds) |
  |   dump interval(Vbias) :    1.00 ps       |
  |   Vbias prefactor (k)  :  0.0150 Eh       |
  |   Vbias exponent (О±)   :  0.4680 bohrвЃ»ВІ   |
  ::::::::::::: starting MTD    4 :::::::::::::
  |   MD simulation time   :     5.0 ps       |
  |   target T             :   300.0 K        |
  |   timestep dt          :     5.0 fs       |
  |   dump interval(trj)   :   100.0 fs       |
  |   SHAKE algorithm      : true (all bonds) |
  |   dump interval(Vbias) :    1.00 ps       |
  |   Vbias prefactor (k)  :  0.0600 Eh       |
  |   Vbias exponent (О±)   :  0.7800 bohrвЃ»ВІ   |
  ::::::::::::: starting MTD   13 :::::::::::::
  |   MD simulation time   :     5.0 ps       |
  |   target T             :   300.0 K        |
  |   timestep dt          :     5.0 fs       |
  |   dump interval(trj)   :   100.0 fs       |
  |   SHAKE algorithm      : true (all bonds) |
  |   dump interval(Vbias) :    1.00 ps       |
  |   Vbias prefactor (k)  :  0.0200 Eh       |
  |   Vbias exponent (О±)   :  0.1000 bohrвЃ»ВІ   |
  ::::::::::::: starting MTD   14 :::::::::::::
  |   MD simulation time   :     5.0 ps       |
  |   target T             :   300.0 K        |
  |   timestep dt          :     5.0 fs       |
  |   dump interval(trj)   :   100.0 fs       |
  |   SHAKE algorithm      : true (all bonds) |
  |   dump interval(Vbias) :    1.00 ps       |
  |   Vbias prefactor (k)  :  0.1000 Eh       |
  |   Vbias exponent (О±)   :  0.8000 bohrвЃ»ВІ   |
  ::::::::::::: starting MTD    3 :::::::::::::
  |   MD simulation time   :     5.0 ps       |
  |   target T             :   300.0 K        |
  |   timestep dt          :     5.0 fs       |
  |   dump interval(trj)   :   100.0 fs       |
  |   SHAKE algorithm      : true (all bonds) |
  |   dump interval(Vbias) :    1.00 ps       |
  |   Vbias prefactor (k)  :  0.0150 Eh       |
  |   Vbias exponent (О±)   :  1.3000 bohrвЃ»ВІ   |
*MTD   6 completed successfully ...        0 min, 35.611 sec
*MTD   2 completed successfully ...        0 min, 35.768 sec
*MTD   5 completed successfully ...        0 min, 35.778 sec
*MTD   4 completed successfully ...        0 min, 35.865 sec
*MTD   9 completed successfully ...        0 min, 35.907 sec
*MTD  10 completed successfully ...        0 min, 35.968 sec
*MTD  13 completed successfully ...        0 min, 35.971 sec
*MTD   7 completed successfully ...        0 min, 36.003 sec
*MTD   1 completed successfully ...        0 min, 36.079 sec
*MTD  12 completed successfully ...        0 min, 36.088 sec
*MTD  14 completed successfully ...        0 min, 36.094 sec
*MTD  11 completed successfully ...        0 min, 36.145 sec
*MTD   8 completed successfully ...        0 min, 36.146 sec
*MTD   3 completed successfully ...        0 min, 36.184 sec

 ======================================
 |  Multilevel Ensemble Optimization  |
 ======================================
 Optimizing all 686 structures from file "crest_dynamics.trj" ...
 ----------------------
 crude pre-optimization
 ----------------------
 Optimization engine: ANCOPT
 Hessian update type: BFGS
 E/G convergence criteria:  0.500E-03 Eh, 0.100E-01 Eh/a0
 maximum optimization steps: 200
 |>0.1% |>10.1% |>20.1% |>30.0% |>40.1% |>50.0% |>60.1% |>70.1% |>80.0% |>90.1% |>100.0%
 done.
> 686 of 686 structures successfully optimized (100.0% success)
> Total runtime for 686 optimizations:
 * wall-time:     0 d,  0 h,  0 min, 19.531 sec
 *  cpu-time:     0 d,  0 h,  4 min, 56.636 sec
 * ratio c/w:    15.188 speedup
> Corresponding to approximately 0.028 sec per processed structure

CREGEN> running RMSDs ... done.
CREGEN> E lowest :   -45.20404
 431 structures remain within    12.00 kcal/mol window
 ----------------------------------
 optimization with tight thresholds
 ----------------------------------
 Optimization engine: ANCOPT
 Hessian update type: BFGS
 E/G convergence criteria:  0.100E-05 Eh, 0.800E-03 Eh/a0
 maximum optimization steps: 200
 |>0.2% |>10.2% |>20.2% |>30.2% |>40.1% |>50.1% |>60.1% |>70.1% |>80.0% |>90.0% |>100.0%
 done.
> 431 of 431 structures successfully optimized (100.0% success)
> Total runtime for 431 optimizations:
 * wall-time:     0 d,  0 h,  0 min, 29.942 sec
 *  cpu-time:     0 d,  0 h,  7 min, 30.343 sec
 * ratio c/w:    15.041 speedup
> Corresponding to approximately 0.069 sec per processed structure

CREGEN> running RMSDs ... done.
CREGEN> E lowest :   -45.20421
 59 structures remain within     6.00 kcal/mol window

 ------------------------------
 Meta-Dynamics Iteration 2
 ------------------------------
 list of applied metadynamics Vbias parameters:
$metadyn    0.06000   1.300
$metadyn    0.03000   1.300
$metadyn    0.01500   1.300
$metadyn    0.06000   0.780
$metadyn    0.03000   0.780
$metadyn    0.01500   0.780
$metadyn    0.06000   0.468
$metadyn    0.03000   0.468
$metadyn    0.01500   0.468
$metadyn    0.06000   0.281
$metadyn    0.03000   0.281
$metadyn    0.01500   0.281
$metadyn    0.02000   0.100
$metadyn    0.10000   0.800

  ::::::::::::: starting MTD    5 :::::::::::::
  |   MD simulation time   :     5.0 ps       |
  |   target T             :   300.0 K        |
  |   timestep dt          :     5.0 fs       |
  |   dump interval(trj)   :   100.0 fs       |
  |   SHAKE algorithm      : true (all bonds) |
  |   dump interval(Vbias) :    1.00 ps       |
  |   Vbias prefactor (k)  :  0.0300 Eh       |
  |   Vbias exponent (О±)   :  0.7800 bohrвЃ»ВІ   |
  ::::::::::::: starting MTD    1 :::::::::::::
  |   MD simulation time   :     5.0 ps       |
  |   target T             :   300.0 K        |
  |   timestep dt          :     5.0 fs       |
  |   dump interval(trj)   :   100.0 fs       |
  |   SHAKE algorithm      : true (all bonds) |
  |   dump interval(Vbias) :    1.00 ps       |
  |   Vbias prefactor (k)  :  0.0600 Eh       |
  |   Vbias exponent (О±)   :  1.3000 bohrвЃ»ВІ   |
  ::::::::::::: starting MTD    9 :::::::::::::
  |   MD simulation time   :     5.0 ps       |
  |   target T             :   300.0 K        |
  |   timestep dt          :     5.0 fs       |
  |   dump interval(trj)   :   100.0 fs       |
  |   SHAKE algorithm      : true (all bonds) |
  |   dump interval(Vbias) :    1.00 ps       |
  |   Vbias prefactor (k)  :  0.0150 Eh       |
  |   Vbias exponent (О±)   :  0.4680 bohrвЃ»ВІ   |
  ::::::::::::: starting MTD   13 :::::::::::::
  |   MD simulation time   :     5.0 ps       |
  |   target T             :   300.0 K        |
  |   timestep dt          :     5.0 fs       |
  |   dump interval(trj)   :   100.0 fs       |
  |   SHAKE algorithm      : true (all bonds) |
  |   dump interval(Vbias) :    1.00 ps       |
  |   Vbias prefactor (k)  :  0.0200 Eh       |
  |   Vbias exponent (О±)   :  0.1000 bohrвЃ»ВІ   |
  ::::::::::::: starting MTD    8 :::::::::::::
  |   MD simulation time   :     5.0 ps       |
  |   target T             :   300.0 K        |
  |   timestep dt          :     5.0 fs       |
  |   dump interval(trj)   :   100.0 fs       |
  |   SHAKE algorithm      : true (all bonds) |
  |   dump interval(Vbias) :    1.00 ps       |
  |   Vbias prefactor (k)  :  0.0300 Eh       |
  |   Vbias exponent (О±)   :  0.4680 bohrвЃ»ВІ   |
  ::::::::::::: starting MTD    2 :::::::::::::
  |   MD simulation time   :     5.0 ps       |
  |   target T             :   300.0 K        |
  |   timestep dt          :     5.0 fs       |
  |   dump interval(trj)   :   100.0 fs       |
  |   SHAKE algorithm      : true (all bonds) |
  |   dump interval(Vbias) :    1.00 ps       |
  |   Vbias prefactor (k)  :  0.0300 Eh       |
  |   Vbias exponent (О±)   :  1.3000 bohrвЃ»ВІ   |
  ::::::::::::: starting MTD   10 :::::::::::::
  |   MD simulation time   :     5.0 ps       |
  |   target T             :   300.0 K        |
  |   timestep dt          :     5.0 fs       |
  |   dump interval(trj)   :   100.0 fs       |
  |   SHAKE algorithm      : true (all bonds) |
  |   dump interval(Vbias) :    1.00 ps       |
  |   Vbias prefactor (k)  :  0.0600 Eh       |
  |   Vbias exponent (О±)   :  0.2808 bohrвЃ»ВІ   |
  ::::::::::::: starting MTD   14 :::::::::::::
  |   MD simulation time   :     5.0 ps       |
  |   target T             :   300.0 K        |
  |   timestep dt          :     5.0 fs       |
  |   dump interval(trj)   :   100.0 fs       |
  |   SHAKE algorithm      : true (all bonds) |
  |   dump interval(Vbias) :    1.00 ps       |
  |   Vbias prefactor (k)  :  0.1000 Eh       |
  |   Vbias exponent (О±)   :  0.8000 bohrвЃ»ВІ   |
  ::::::::::::: starting MTD    7 :::::::::::::
  |   MD simulation time   :     5.0 ps       |
  |   target T             :   300.0 K        |
  |   timestep dt          :     5.0 fs       |
  |   dump interval(trj)   :   100.0 fs       |
  |   SHAKE algorithm      : true (all bonds) |
  |   dump interval(Vbias) :    1.00 ps       |
  |   Vbias prefactor (k)  :  0.0600 Eh       |
  |   Vbias exponent (О±)   :  0.4680 bohrвЃ»ВІ   |
  ::::::::::::: starting MTD    6 :::::::::::::
  |   MD simulation time   :     5.0 ps       |
  |   target T             :   300.0 K        |
  |   timestep dt          :     5.0 fs       |
  |   dump interval(trj)   :   100.0 fs       |
  |   SHAKE algorithm      : true (all bonds) |
  |   dump interval(Vbias) :    1.00 ps       |
  |   Vbias prefactor (k)  :  0.0150 Eh       |
  |   Vbias exponent (О±)   :  0.7800 bohrвЃ»ВІ   |
  ::::::::::::: starting MTD   12 :::::::::::::
  |   MD simulation time   :     5.0 ps       |
  |   target T             :   300.0 K        |
  |   timestep dt          :     5.0 fs       |
  |   dump interval(trj)   :   100.0 fs       |
  |   SHAKE algorithm      : true (all bonds) |
  |   dump interval(Vbias) :    1.00 ps       |
  |   Vbias prefactor (k)  :  0.0150 Eh       |
  |   Vbias exponent (О±)   :  0.2808 bohrвЃ»ВІ   |
  ::::::::::::: starting MTD   11 :::::::::::::
  |   MD simulation time   :     5.0 ps       |
  |   target T             :   300.0 K        |
  |   timestep dt          :     5.0 fs       |
  |   dump interval(trj)   :   100.0 fs       |
  |   SHAKE algorithm      : true (all bonds) |
  |   dump interval(Vbias) :    1.00 ps       |
  |   Vbias prefactor (k)  :  0.0300 Eh       |
  |   Vbias exponent (О±)   :  0.2808 bohrвЃ»ВІ   |
  ::::::::::::: starting MTD    4 :::::::::::::
  |   MD simulation time   :     5.0 ps       |
  |   target T             :   300.0 K        |
  |   timestep dt          :     5.0 fs       |
  |   dump interval(trj)   :   100.0 fs       |
  |   SHAKE algorithm      : true (all bonds) |
  |   dump interval(Vbias) :    1.00 ps       |
  |   Vbias prefactor (k)  :  0.0600 Eh       |
  |   Vbias exponent (О±)   :  0.7800 bohrвЃ»ВІ   |
  ::::::::::::: starting MTD    3 :::::::::::::
  |   MD simulation time   :     5.0 ps       |
  |   target T             :   300.0 K        |
  |   timestep dt          :     5.0 fs       |
  |   dump interval(trj)   :   100.0 fs       |
  |   SHAKE algorithm      : true (all bonds) |
  |   dump interval(Vbias) :    1.00 ps       |
  |   Vbias prefactor (k)  :  0.0150 Eh       |
  |   Vbias exponent (О±)   :  1.3000 bohrвЃ»ВІ   |
*MTD  14 completed successfully ...        0 min, 36.912 sec
*MTD  11 completed successfully ...        0 min, 36.914 sec
*MTD  12 completed successfully ...        0 min, 36.939 sec
*MTD   7 completed successfully ...        0 min, 36.945 sec
*MTD   2 completed successfully ...        0 min, 36.965 sec
*MTD   3 completed successfully ...        0 min, 36.985 sec
*MTD   5 completed successfully ...        0 min, 36.999 sec
*MTD   6 completed successfully ...        0 min, 37.014 sec
*MTD   4 completed successfully ...        0 min, 37.031 sec
*MTD   8 completed successfully ...        0 min, 37.052 sec
*MTD  10 completed successfully ...        0 min, 37.110 sec
*MTD   9 completed successfully ...        0 min, 37.122 sec
*MTD   1 completed successfully ...        0 min, 37.142 sec
*MTD  13 completed successfully ...        0 min, 37.158 sec

 ======================================
 |  Multilevel Ensemble Optimization  |
 ======================================
 Optimizing all 686 structures from file "crest_dynamics.trj" ...
 ----------------------
 crude pre-optimization
 ----------------------
 Optimization engine: ANCOPT
 Hessian update type: BFGS
 E/G convergence criteria:  0.500E-03 Eh, 0.100E-01 Eh/a0
 maximum optimization steps: 200
 |>0.1% |>10.1% |>20.1% |>30.0% |>40.1% |>50.0% |>60.1% |>70.1% |>80.0% |>90.1% |>100.0%
 done.
> 686 of 686 structures successfully optimized (100.0% success)
> Total runtime for 686 optimizations:
 * wall-time:     0 d,  0 h,  0 min, 19.802 sec
 *  cpu-time:     0 d,  0 h,  4 min, 58.174 sec
 * ratio c/w:    15.058 speedup
> Corresponding to approximately 0.029 sec per processed structure

CREGEN> running RMSDs ... done.
CREGEN> E lowest :   -45.20410
 458 structures remain within    12.00 kcal/mol window
 ----------------------------------
 optimization with tight thresholds
 ----------------------------------
 Optimization engine: ANCOPT
 Hessian update type: BFGS
 E/G convergence criteria:  0.100E-05 Eh, 0.800E-03 Eh/a0
 maximum optimization steps: 200
 |>0.2% |>10.0% |>20.1% |>30.1% |>40.2% |>50.0% |>60.0% |>70.1% |>80.1% |>90.2% |>100.0%
 done.
> 458 of 458 structures successfully optimized (100.0% success)
> Total runtime for 458 optimizations:
 * wall-time:     0 d,  0 h,  0 min, 31.525 sec
 *  cpu-time:     0 d,  0 h,  8 min,  0.067 sec
 * ratio c/w:    15.228 speedup
> Corresponding to approximately 0.069 sec per processed structure

CREGEN> running RMSDs ... done.
CREGEN> E lowest :   -45.20421
 55 structures remain within     6.00 kcal/mol window

========================================
           MTD Simulations done         
========================================
 Collecting ensmbles.
CREGEN> running RMSDs ... done.
CREGEN> E lowest :   -45.20421
 68 structures remain within     6.00 kcal/mol window


 ===============================================
 Additional regular MDs on lowest 4 conformer(s)
 ===============================================
  :::::::::::::: starting MD   1 ::::::::::::::
  |   MD simulation time   :     2.5 ps       |
  |   target T             :   400.0 K        |
  |   timestep dt          :     5.0 fs       |
  |   dump interval(trj)   :   100.0 fs       |
  |   SHAKE algorithm      : true (all bonds) |
  :::::::::::::: starting MD   7 ::::::::::::::
  |   MD simulation time   :     2.5 ps       |
  |   target T             :   500.0 K        |
  |   timestep dt          :     5.0 fs       |
  |   dump interval(trj)   :   100.0 fs       |
  |   SHAKE algorithm      : true (all bonds) |
  :::::::::::::: starting MD   3 ::::::::::::::
  |   MD simulation time   :     2.5 ps       |
  |   target T             :   400.0 K        |
  |   timestep dt          :     5.0 fs       |
  |   dump interval(trj)   :   100.0 fs       |
  |   SHAKE algorithm      : true (all bonds) |
  :::::::::::::: starting MD   2 ::::::::::::::
  |   MD simulation time   :     2.5 ps       |
  |   target T             :   400.0 K        |
  |   timestep dt          :     5.0 fs       |
  |   dump interval(trj)   :   100.0 fs       |
  |   SHAKE algorithm      : true (all bonds) |
  :::::::::::::: starting MD   4 ::::::::::::::
  |   MD simulation time   :     2.5 ps       |
  |   target T             :   400.0 K        |
  |   timestep dt          :     5.0 fs       |
  |   dump interval(trj)   :   100.0 fs       |
  |   SHAKE algorithm      : true (all bonds) |
  :::::::::::::: starting MD   5 ::::::::::::::
  |   MD simulation time   :     2.5 ps       |
  |   target T             :   500.0 K        |
  |   timestep dt          :     5.0 fs       |
  |   dump interval(trj)   :   100.0 fs       |
  |   SHAKE algorithm      : true (all bonds) |
  :::::::::::::: starting MD   6 ::::::::::::::
  |   MD simulation time   :     2.5 ps       |
  |   target T             :   500.0 K        |
  |   timestep dt          :     5.0 fs       |
  |   dump interval(trj)   :   100.0 fs       |
  |   SHAKE algorithm      : true (all bonds) |
  :::::::::::::: starting MD   8 ::::::::::::::
  |   MD simulation time   :     2.5 ps       |
  |   target T             :   500.0 K        |
  |   timestep dt          :     5.0 fs       |
  |   dump interval(trj)   :   100.0 fs       |
  |   SHAKE algorithm      : true (all bonds) |
*MD   4 completed successfully ...        0 min, 15.123 sec
*MD   7 completed successfully ...        0 min, 15.133 sec
*MD   3 completed successfully ...        0 min, 15.177 sec
*MD   8 completed successfully ...        0 min, 15.208 sec
*MD   1 completed successfully ...        0 min, 15.221 sec
*MD   6 completed successfully ...        0 min, 15.253 sec
*MD   2 completed successfully ...        0 min, 15.259 sec
*MD   5 completed successfully ...        0 min, 15.319 sec
 Appending file crest_rotamers_1.xyz with new structures
 Optimizing all 260 structures from file "crest_rotamers_1.xyz" ...
 ----------------------------------
 optimization with tight thresholds
 ----------------------------------
 Optimization engine: ANCOPT
 Hessian update type: BFGS
 E/G convergence criteria:  0.100E-05 Eh, 0.800E-03 Eh/a0
 maximum optimization steps: 200
 |>0.4% |>10.0% |>20.0% |>30.0% |>40.0% |>50.0% |>60.0% |>70.4% |>80.0% |>90.4% |>100.0%
 done.
> 260 of 260 structures successfully optimized (100.0% success)
> Total runtime for 260 optimizations:
 * wall-time:     0 d,  0 h,  0 min, 12.360 sec
 *  cpu-time:     0 d,  0 h,  3 min,  5.781 sec
 * ratio c/w:    15.030 speedup
> Corresponding to approximately 0.048 sec per processed structure

CREGEN> running RMSDs ... done.
CREGEN> E lowest :   -45.20421
 69 structures remain within     6.00 kcal/mol window

     ========================================
     |        Structure Crossing (GC)       |
     ========================================

 =============================
  # threads =          16
 =============================
input  file name : crest_rotamers_2.xyz
number of atoms                :      20
number of points on xyz files  :      69
conformer energy window  /kcal :    6.00
CN per atom difference cut-off :  0.3000
RMSD threshold (Ang, Bohr)     :  0.2500  0.4724
max. # of generated structures :      250
 # in E window          69
  12.6 % done
  36.5 % done
  61.0 % done
 finished.
 average rmsd w.r.t input     :     0.73069
 number of clash discarded    :        2332
 removed identical structures :           0

 14 structures written to confcross.xyz


 ======================================
 |  Multilevel Ensemble Optimization  |
 ======================================
 Optimizing all 14 structures from file "confcross.xyz" ...
 ----------------------
 crude pre-optimization
 ----------------------
 Optimization engine: ANCOPT
 Hessian update type: BFGS
 E/G convergence criteria:  0.500E-03 Eh, 0.100E-01 Eh/a0
 maximum optimization steps: 200
 |>7.1% |>14.3% |>21.4% |>35.7% |>42.9% |>50.0% |>64.3% |>71.4% |>85.7% |>92.9% |>100.0%
 done.
> 14 of 14 structures successfully optimized (100.0% success)
> Total runtime for 14 optimizations:
 * wall-time:     0 d,  0 h,  0 min,  0.663 sec
 *  cpu-time:     0 d,  0 h,  0 min,  6.350 sec
 * ratio c/w:     9.572 speedup
> Corresponding to approximately 0.047 sec per processed structure

CREGEN> running RMSDs ... done.
CREGEN> E lowest :   -45.20377
 12 structures remain within    12.00 kcal/mol window
 ----------------------------------
 optimization with tight thresholds
 ----------------------------------
 Optimization engine: ANCOPT
 Hessian update type: BFGS
 E/G convergence criteria:  0.100E-05 Eh, 0.800E-03 Eh/a0
 maximum optimization steps: 200
 |>8.3% |>16.7% |>25.0% |>33.3% |>41.7% |>50.0% |>66.7% |>75.0% |>83.3% |>91.7% |>100.0%
 done.
> 12 of 12 structures successfully optimized (100.0% success)
> Total runtime for 12 optimizations:
 * wall-time:     0 d,  0 h,  0 min,  1.409 sec
 *  cpu-time:     0 d,  0 h,  0 min, 10.076 sec
 * ratio c/w:     7.149 speedup
> Corresponding to approximately 0.117 sec per processed structure

CREGEN> running RMSDs ... done.
CREGEN> E lowest :   -45.20421
 4 structures remain within     6.00 kcal/mol window
appending new structures to crest_rotamers_2.xyz
CREGEN> running RMSDs ... done.
CREGEN> E lowest :   -45.20421


   ================================================
   |           Final Geometry Optimization        |
   ================================================
 Optimizing all 70 structures from file "crest_rotamers_3.xyz" ...
 ---------------------------------------
 optimization with very tight thresholds
 ---------------------------------------
 Optimization engine: ANCOPT
 Hessian update type: BFGS
 E/G convergence criteria:  0.100E-06 Eh, 0.200E-03 Eh/a0
 maximum optimization steps: 200
 |>1.4% |>10.0% |>20.0% |>30.0% |>40.0% |>50.0% |>60.0% |>71.4% |>80.0% |>91.4% |>100.0%
 done.
> 70 of 70 structures successfully optimized (100.0% success)
> Total runtime for 70 optimizations:
 * wall-time:     0 d,  0 h,  0 min,  3.358 sec
 *  cpu-time:     0 d,  0 h,  0 min, 29.708 sec
 * ratio c/w:     8.847 speedup
> Corresponding to approximately 0.048 sec per processed structure

CREGEN> running RMSDs ... done.
CREGEN> E lowest :   -45.20421
 58 structures remain within     6.00 kcal/mol window


 --------------------------
 Final Ensemble Information
 --------------------------
 input  file name : crest_rotamers_3.xyz
 output file name : crest_rotamers_4.xyz
 number of atoms                :   20
 number of points on xyz files  :   70
 RMSD threshold                 :   0.1250
 Bconst threshold               :   0.0100
 population threshold           :   0.0500
 # fragment in coord            :     1
 # bonds in reference structure :    20
 number of reliable points      :    70
 sorting energy window (EWIN)   :    6.0000 / kcal*molвЃ»В№
 reference state Etot           :  -45.204207300000000
 number of doubles removed by rot/RMSD         :          12
 total number unique points considered further :          58
       Erel/kcal        Etot weight/tot  conformer     set   degen     origin
       1   0.000   -45.20421    0.27570    0.27570       1       1
       2   0.210   -45.20387    0.19364    0.19364       2       1
       3   0.830   -45.20288    0.06803    0.06803       3       1
       4   0.906   -45.20276    0.05985    0.05985       4       1
       5   0.922   -45.20274    0.05822    0.05822       5       1
       6   1.019   -45.20258    0.04949    0.04949       6       1
       7   1.080   -45.20249    0.04462    0.04462       7       1
       8   1.173   -45.20234    0.03814    0.03814       8       1
       9   1.194   -45.20231    0.03683    0.03683       9       1
      10   1.371   -45.20202    0.02730    0.02730      10       1
      11   1.570   -45.20171    0.01954    0.01954      11       1
      12   1.598   -45.20166    0.01863    0.01863      12       1
      13   1.608   -45.20164    0.01830    0.01830      13       1
      14   1.610   -45.20164    0.01827    0.01827      14       1
      15   1.727   -45.20145    0.01498    0.01498      15       1
      16   1.758   -45.20141    0.01423    0.01423      16       1
      17   2.082   -45.20089    0.00823    0.00823      17       1
      18   2.394   -45.20039    0.00487    0.00487      18       1
      19   2.489   -45.20024    0.00414    0.00414      19       1
      20   2.491   -45.20024    0.00413    0.00413      20       1
      21   2.686   -45.19993    0.00297    0.00297      21       1
      22   2.691   -45.19992    0.00295    0.00295      22       1
      23   2.869   -45.19964    0.00218    0.00218      23       1
      24   2.870   -45.19963    0.00218    0.00218      24       1
      25   2.899   -45.19959    0.00208    0.00208      25       1
      26   3.009   -45.19941    0.00172    0.00172      26       1
      27   3.125   -45.19923    0.00142    0.00142      27       1
      28   3.309   -45.19893    0.00104    0.00104      28       1
      29   3.406   -45.19878    0.00088    0.00088      29       1
      30   3.606   -45.19846    0.00063    0.00063      30       1
      31   3.626   -45.19843    0.00061    0.00061      31       1
      32   3.673   -45.19835    0.00056    0.00056      32       1
      33   3.849   -45.19807    0.00042    0.00042      33       1
      34   3.860   -45.19806    0.00041    0.00041      34       1
      35   4.038   -45.19777    0.00030    0.00030      35       1
      36   4.082   -45.19770    0.00028    0.00028      36       1
      37   4.114   -45.19765    0.00027    0.00027      37       1
      38   4.185   -45.19754    0.00024    0.00024      38       1
      39   4.294   -45.19736    0.00020    0.00020      39       1
      40   4.311   -45.19734    0.00019    0.00019      40       1
      41   4.380   -45.19723    0.00017    0.00017      41       1
      42   4.509   -45.19702    0.00014    0.00014      42       1
      43   4.515   -45.19701    0.00014    0.00014      43       1
      44   4.604   -45.19687    0.00012    0.00012      44       1
      45   4.641   -45.19681    0.00011    0.00011      45       1
      46   4.807   -45.19655    0.00008    0.00008      46       1
      47   4.826   -45.19652    0.00008    0.00008      47       1
      48   4.888   -45.19642    0.00007    0.00007      48       1
      49   4.911   -45.19638    0.00007    0.00007      49       1
      50   5.025   -45.19620    0.00006    0.00006      50       1
      51   5.040   -45.19618    0.00006    0.00006      51       1
      52   5.108   -45.19607    0.00005    0.00005      52       1
      53   5.235   -45.19586    0.00004    0.00004      53       1
      54   5.289   -45.19578    0.00004    0.00004      54       1
      55   5.366   -45.19566    0.00003    0.00003      55       1
      56   5.443   -45.19553    0.00003    0.00003      56       1
      57   5.447   -45.19553    0.00003    0.00003      57       1
      58   5.974   -45.19469    0.00001    0.00001      58       1
T /K                                  :   298.15
E lowest                              :   -45.20421
ensemble average energy (kcal)        :    0.722
ensemble entropy (J/mol K, cal/mol K) :   20.835    4.980
ensemble free energy (kcal/mol)       :   -1.485
population of lowest in %             :   27.570
 number of unique conformers for further calc           58
 list of relative energies saved as "crest.energies"

 -----------------
 Wall Time Summary
 -----------------
 CREST runtime (total)               0 d,  0 h,  3 min, 32.196 sec
 ------------------------------------------------------------------
 Trial metadynamics (MTD)   ...        0 min,  2.534 sec (  1.194%)
 Metadynamics (MTD)         ...        1 min, 13.646 sec ( 34.707%)
 Geometry optimization      ...        1 min, 58.179 sec ( 55.693%)
 Molecular dynamics (MD)    ...        0 min, 15.331 sec (  7.225%)
 Genetic crossing (GC)      ...        0 min,  2.139 sec (  1.008%)
 I/O and setup              ...        0 min,  0.367 sec (  0.173%)
 ------------------------------------------------------------------
 * wall-time:     0 d,  0 h,  3 min, 32.196 sec
 *  cpu-time:     0 d,  0 h, 49 min, 16.310 sec
 * ratio c/w:    13.932 speedup
 ------------------------------------------------------------------
 * Total number of energy+grad calls: 82224

 CREST terminated normally.
