  51
 Etot=        -101.0461325778
 O         -4.2756309258        3.4602538641       -0.5203951998
 O         -3.0207394682       -0.3993361072        1.0524045260
 O         -2.4577026231        2.5371488113       -1.4202957226
 O         -7.6318890625       -1.6008349948        1.4080528186
 O         -7.6781762512        0.6139119769        1.6296869503
 O          4.4907143444        1.2564473165       -2.1595951455
 N         -3.3898116493        0.0438136756       -1.1569656952
 N          2.2732808749       -2.9493226929       -1.4166840475
 N          3.9904498052       -1.0654194718       -0.5806574290
 N          4.5728495111       -0.8459776893        2.1379316951
 N          5.1760123080        2.3228897033       -0.2905574359
 N          5.2480523721        1.3459908249        1.8469466778
 N          5.8614467585        3.5324978277        1.5636613441
 C         -4.3607237621        1.1204966471       -0.9977773270
 C         -5.3006290378        0.9892518657        0.2012297438
 C         -5.9571277437       -0.3895940988        0.2653152299
 C         -2.6363016799       -0.4197187196       -0.1015677907
 C         -1.3518107220       -1.0566362771       -0.4906227714
 C         -3.5759329908        2.4311010463       -0.9953280098
 C          1.0918826696       -2.3119046114       -1.0532829281
 C          3.2147713176       -3.3275198027       -0.3685142661
 C         -0.6372658799       -0.7301527546       -1.6463665232
 C         -0.8133063292       -2.0046360188        0.3847371256
 C          0.5646277451       -1.3505318824       -1.9250357928
 C          0.3822283262       -2.6371895356        0.1077890348
 C         -7.1626787926       -0.3695670703        1.1726646703
 C          3.7943873374       -2.0765069983        0.2513013944
 C          4.4735585685        0.0713848957       -0.0681826922
 C          4.0929518254       -1.9564251523        1.6144910822
 C          4.7645031323        0.1901345638        1.3043829081
 C          4.6854208475        1.2053350368       -0.9679949839
 C          5.4310164222        2.3496077161        1.0501291566
 H         -4.9640282421        1.1343008141       -1.9183176327
 H         -4.7629792403        1.1795351067        1.1312164696
 H         -6.0741716138        1.7564160015        0.1011312261
 H         -5.2554252113       -1.1400468000        0.6357774204
 H         -6.2974873487       -0.7152226002       -0.7225290655
 H         -2.8841445710        0.1371991977       -2.0286248592
 H          4.0125130229       -3.9118082712       -0.8400314318
 H          2.7296719353       -3.9577856059        0.3789152640
 H         -0.9980279488        0.0414968194       -2.3190228391
 H         -1.3594492215       -2.2461129590        1.2903967942
 H          2.7669061921       -2.4144542619       -2.1280579610
 H          1.1187402841       -1.0828405543       -2.8180261284
 H          0.7613254183       -3.3811137569        0.7981802600
 H          3.9317896000       -2.7907337978        2.2911103887
 H         -3.7298239988        4.2633727794       -0.5501896081
 H          5.3178326749        3.1478272792       -0.8550433676
 H         -8.4028634891       -1.5373660380        1.9948470918
 H          6.2243658714        3.4690307033        2.5000666544
 H          6.3062165217        4.1895356554        0.9475551403
  51
 Etot=        -101.0461325818
 O         -4.2756376342        3.4602576830       -0.5204001651
 O         -3.0207346382       -0.3993323870        1.0523982293
 O         -2.4576845627        2.5371510287       -1.4203124027
 O         -7.6318875027       -1.6008396931        1.4080538146
 O         -7.6781857119        0.6139299538        1.6296926888
 O          4.4907110257        1.2564495486       -2.1596087330
 N         -3.3898140437        0.0438165429       -1.1569653772
 N          2.2732954361       -2.9493293118       -1.4166908926
 N          3.9904483028       -1.0654258725       -0.5806551850
 N          4.5728511451       -0.8459668199        2.1379303126
 N          5.1760104328        2.3228952928       -0.2905626245
 N          5.2480439413        1.3459782524        1.8469472712
 N          5.8614447267        3.5325016883        1.5636626487
 C         -4.3607280217        1.1204967447       -0.9977836975
 C         -5.3006312121        0.9892564640        0.2012300705
 C         -5.9571179117       -0.3895956318        0.2653238759
 C         -2.6363053817       -0.4197221881       -0.1015616646
 C         -1.3518053295       -1.0566343843       -0.4906188769
 C         -3.5759265975        2.4310894874       -0.9952923852
 C          1.0918723796       -2.3118977167       -1.0532808882
 C          3.2147755028       -3.3275199856       -0.3685159289
 C         -0.6372650631       -0.7301486090       -1.6463661830
 C         -0.8133071339       -2.0046401397        0.3847339921
 C          0.5646275582       -1.3505323584       -1.9250375882
 C          0.3822232354       -2.6371917383        0.1077860742
 C         -7.1626754052       -0.3695706954        1.1726520946
 C          3.7943849446       -2.0765074782        0.2512962388
 C          4.4735613134        0.0713852320       -0.0681775718
 C          4.0929425015       -1.9564198986        1.6144896937
 C          4.7645095769        0.1901368795        1.3043859641
 C          4.6854160955        1.2053377586       -0.9679845718
 C          5.4310131624        2.3496097487        1.0501283125
 H         -4.9640314186        1.1342973534       -1.9183184173
 H         -4.7629769881        1.1795345121        1.1312115417
 H         -6.0741711733        1.7564167641        0.1011337917
 H         -5.2554251975       -1.1400442094        0.6357823109
 H         -6.2974836922       -0.7152245591       -0.7225322844
 H         -2.8841429962        0.1371952643       -2.0286266447
 H          4.0125145939       -3.9118092761       -0.8400329842
 H          2.7296716187       -3.9577875023        0.3789144519
 H         -0.9980272866        0.0414927073       -2.3190228745
 H         -1.3594460828       -2.2461134283        1.2903986039
 H          2.7669031861       -2.4144577414       -2.1280532319
 H          1.1187392611       -1.0828427871       -2.8180260736
 H          0.7613282002       -3.3811149482        0.7981817983
 H          3.9317935029       -2.7907398799        2.2911089918
 H         -3.7298186020        4.2633735287       -0.5501867013
 H          5.3178275336        3.1478222429       -0.8550403541
 H         -8.4028661006       -1.5373632689        1.9948435616
 H          6.2243624747        3.4690324951        2.5000654778
 H          6.3062119187        4.1895369410        0.9475569035
