  23
 Etot=         -37.8546334007
 O          1.6582855539       -1.6682294378        0.3260407902
 O         -0.6669709638       -2.7529967293       -0.4913704798
 O         -3.1165201909        0.6615370727        0.7172990660
 N          1.3078263133        1.8622607625       -0.1738353305
 C         -0.3479613900       -0.3681538661       -0.0222915956
 C         -0.8829236902        0.9060415690       -0.2415775582
 C          1.0381923416       -0.4864234903        0.1126779801
 C          1.8340489298        0.6713081016        0.0327002855
 C         -1.2259600226       -1.5924572611        0.1105562372
 C         -2.3662987403        1.1390727816       -0.3804387084
 C         -0.0021664067        1.9759863002       -0.3056532940
 C          3.3151938059        0.5697551430        0.1920417771
 H         -1.3378069872       -1.8451276286        1.1710117607
 H         -2.2241761804       -1.3978799690       -0.2887638265
 H         -2.5473123165        2.2120100599       -0.5316355514
 H         -2.7589650779        0.6060449709       -1.2527781863
 H         -0.3655670352        2.9812238573       -0.4749129507
 H          3.7240992891       -0.1070105624       -0.5559708757
 H          3.7601226767        1.5536221918        0.0852718361
 H          3.5552821608        0.1589604157        1.1710224044
 H          1.0024694028       -2.3857375132        0.2465069643
 H         -0.6605636498       -2.6356660368       -1.4476361471
 H         -2.8186848654        1.1144165754        1.5136628636
  23
 Etot=         -37.8546334024
 O          1.6582852643       -1.6682282018        0.3260394331
 O         -0.6669710633       -2.7529981635       -0.4913701779
 O         -3.1165190630        0.6615371357        0.7172989333
 N          1.3078273277        1.8622608496       -0.1738370688
 C         -0.3479621758       -0.3681518151       -0.0222894170
 C         -0.8829249841        0.9060426333       -0.2415748147
 C          1.0381957591       -0.4864245016        0.1126778646
 C          1.8340495715        0.6713087979        0.0327004963
 C         -1.2259607754       -1.5924575171        0.1105557331
 C         -2.3662984122        1.1390723094       -0.3804396067
 C         -0.0021686907        1.9759867358       -0.3056538930
 C          3.3151931327        0.5697551036        0.1920430159
 H         -1.3378074742       -1.8451270892        1.1710103083
 H         -2.2241761363       -1.3978797863       -0.2887629939
 H         -2.5473105140        2.2120098801       -0.5316348164
 H         -2.7589658469        0.6060442040       -1.2527793631
 H         -0.3655676219        2.9812234894       -0.4749130428
 H          3.7241004375       -0.1070116712       -0.5559774052
 H          3.7601218342        1.5536243829        0.0852729743
 H          3.5552819679        0.1589581481        1.1710269988
 H          1.0024683586       -2.3857376407        0.2465080065
 H         -0.6605632397       -2.6356665244       -1.4476360558
 H         -2.8186846992        1.1144165484        1.5136623523
