
       ╔════════════════════════════════════════════════╗
       ║                                                ║
       ║     ██████╗██████╗ ███████╗███████╗████████╗   ║
       ║    ██╔════╝██╔══██╗██╔════╝██╔════╝╚══██╔══╝   ║
       ║    ██║     ██████╔╝█████╗  ███████╗   ██║      ║
       ║    ██║     ██╔══██╗██╔══╝  ╚════██║   ██║      ║
       ║    ╚██████╗██║  ██║███████╗███████║   ██║      ║
       ║     ╚═════╝╚═╝  ╚═╝╚══════╝╚══════╝   ╚═╝      ║
       ║                                                ║
       ║    Conformer-Rotamer Ensemble Sampling Tool    ║
       ║            based on the xTB methods            ║
       ║                                                ║
       ╚════════════════════════════════════════════════╝
        Version 3.0.2, Mon, 29 September 16:25:59, 09/29/2025
        commit (c39758d) compiled by 'andrey@PC1'

   Cite work conducted with this code as

   • P.Pracht, F.Bohle, S.Grimme, PCCP, 2020, 22, 7169-7192.
   • S.Grimme, JCTC, 2019, 15, 2847-2862.
   • P.Pracht, S.Grimme, C.Bannwarth, F.Bohle, S.Ehlert,
     G.Feldmann, J.Gorges, M.Müller, T.Neudecker, C.Plett,
     S.Spicher, P.Steinbach, P.Wesołowski, F.Zeller,
     J. Chem. Phys., 2024, 160, 114110.

   for works involving QCG cite

   • S.Spicher, C.Plett, P.Pracht, A.Hansen, S.Grimme,
     JCTC, 2022, 18 (5), 3174-3189.
   • C.Plett, S. Grimme,
     Angew. Chem. Int. Ed. 2023, 62, e202214477.

   for works involving MECP screening cite

   • P.Pracht, C.Bannwarth, JCTC, 2022, 18 (10), 6370-6385.

   Original code
     P.Pracht, S.Grimme, Universität Bonn, MCTC
   with help from (alphabetical order):
     C.Bannwarth, F.Bohle, S.Ehlert, G.Feldmann, J.Gorges,
     S.Grimme, C.Plett, P.Pracht, S.Spicher, P.Steinbach,
     P.Wesolowski, F.Zeller

   Online documentation is available at
   https://crest-lab.github.io/crest-docs/

   This program is distributed in the hope that it will be useful,
   but WITHOUT ANY WARRANTY; without even the implied warranty of
   MERCHANTABILITY or FITNESS FOR A PARTICULAR PURPOSE. See the
   GNU Lesser General Public License (LGPL) for more details.

 Command line input:
 $ ./crest m1_01_Vitamin_B1-uni_conformers-CLUST_0_gfn2_opt.xyz --T 16 --gfn2 --chrg 1

  --T 16 (CPUs/Threads selected)
  --gfn2               : Use of GFN2-xTB requested.
  --chrg 1

> Setting up backup calculator ... done.
 ----------------
 Calculation info
 ----------------
> User-defined calculation level:
 : xTB calculation via tblite lib
 : GFN2-xTB level
 :   Molecular charge    : 1
 :   Fermi temperature   : 300.00000
 :   Accuracy            : 1.00000
 :   max SCC cycles      : 500


 -----------------------------
 Initial Geometry Optimization
 -----------------------------
 Geometry successfully optimized.

          ┍━━━━━━━━━━━━━━━━━━━━━━━━━━━━━━━━━━━━━━━━━━━━━━━━━┑
          │              CREST iMTD-GC SAMPLING             │
          ┕━━━━━━━━━━━━━━━━━━━━━━━━━━━━━━━━━━━━━━━━━━━━━━━━━┙

 Input structure:
  35

 S          2.0302579770       -1.1534348145       -1.6028235884
 O          3.0173995159        2.2918842904        0.3555535732
 N          0.6278836190       -1.0874420098        0.4843996063
 N         -3.7463708672       -0.0794819484       -0.3643732548
 N         -2.4172170014        1.7962074975        0.0997436865
 N         -3.1574185196       -2.2175875415        0.1510450850
 C          1.7982016235       -0.4726572891        0.8518294929
 C         -0.5559309437       -1.2158772472        1.3261122667
 C          2.6970872690       -0.4305824156       -0.1773114343
 C          4.0376173180        0.2116998954       -0.2120199480
 C         -1.6663571338       -0.3721711843        0.7494539865
 C          0.6081648053       -1.4949103496       -0.7743434890
 C          2.0065409944        0.0446614193        2.2274768272
 C          3.8958788028        1.7012383541       -0.5731866303
 C         -2.8619631588       -0.8918426533        0.2075915038
 C         -1.5239951061        1.0062710722        0.6589384184
 C         -3.5062323336        1.2200047335       -0.4042380410
 C         -4.5247229222        2.0951792660       -1.0375459775
 H         -0.3038749104       -0.8863752609        2.3342135854
 H         -0.8371892324       -2.2702327056        1.3593027557
 H          4.6719924391       -0.2709342942       -0.9545730255
 H          4.5132364612        0.1298102635        0.7654461073
 H         -0.2439935054       -1.9794999178       -1.2137513082
 H          1.2302446990        0.7591852388        2.4937273895
 H          2.0049334079       -0.7675917318        2.9540743514
 H          2.9548400583        0.5671099001        2.2821182166
 H          3.4990788772        1.7959066605       -1.5944393657
 H          4.8874120390        2.1665262398       -0.5378920873
 H         -0.6402727476        1.5023509834        1.0435733684
 H         -2.8117505391       -2.8458879507        0.8562627078
 H         -4.0929359874       -2.4096919747       -0.1751789964
 H          3.0165710510        3.2470441570        0.2342940889
 H         -5.1307047153        1.5231104366       -1.7327431023
 H         -5.1744072987        2.4991919177       -0.2620380760
 H         -4.0401280745        2.9301770830       -1.5346038852

 ------------------------------------------------
 Generating MTD length from a flexibility measure
 ------------------------------------------------
 Calculating GFN0-xTB WBOs   ... done.
 Calculating NCI flexibility ... done.
     covalent flexibility measure :   0.321
 non-covalent flexibility measure :   0.730
 flexibility measure :   0.368
 t(MTD) / ps    :     8.0
 Σ(t(MTD)) / ps :   112.0 (14 MTDs)

 -----------------------------------
 Starting trial MTD to test settings
 -----------------------------------
 Trial MTD 1 runtime (1.0 ps) ...        0 min,  4.050 sec
 Estimated runtime for one MTD (8.0 ps) on a single thread: 32 sec
 Estimated runtime for a batch of 14 MTDs on 16 threads: 32 sec

********************************************************************************
**                    N E W   I T E R A T I O N  C Y C L E                    **
********************************************************************************

 ------------------------------
 Meta-Dynamics Iteration 1
 ------------------------------
 list of applied metadynamics Vbias parameters:
$metadyn    0.10500   1.300
$metadyn    0.05250   1.300
$metadyn    0.02625   1.300
$metadyn    0.10500   0.780
$metadyn    0.05250   0.780
$metadyn    0.02625   0.780
$metadyn    0.10500   0.468
$metadyn    0.05250   0.468
$metadyn    0.02625   0.468
$metadyn    0.10500   0.281
$metadyn    0.05250   0.281
$metadyn    0.02625   0.281
$metadyn    0.03500   0.100
$metadyn    0.17500   0.800

  ::::::::::::: starting MTD    9 :::::::::::::
  |   MD simulation time   :     8.0 ps       |
  |   target T             :   300.0 K        |
  |   timestep dt          :     5.0 fs       |
  |   dump interval(trj)   :   100.0 fs       |
  |   SHAKE algorithm      : true (all bonds) |
  |   dump interval(Vbias) :    1.00 ps       |
  |   Vbias prefactor (k)  :  0.0262 Eh       |
  |   Vbias exponent (α)   :  0.4680 bohr⁻²   |
  ::::::::::::: starting MTD    6 :::::::::::::
  |   MD simulation time   :     8.0 ps       |
  |   target T             :   300.0 K        |
  |   timestep dt          :     5.0 fs       |
  |   dump interval(trj)   :   100.0 fs       |
  |   SHAKE algorithm      : true (all bonds) |
  |   dump interval(Vbias) :    1.00 ps       |
  |   Vbias prefactor (k)  :  0.0262 Eh       |
  |   Vbias exponent (α)   :  0.7800 bohr⁻²   |
  ::::::::::::: starting MTD   10 :::::::::::::
  |   MD simulation time   :     8.0 ps       |
  |   target T             :   300.0 K        |
  |   timestep dt          :     5.0 fs       |
  |   dump interval(trj)   :   100.0 fs       |
  |   SHAKE algorithm      : true (all bonds) |
  |   dump interval(Vbias) :    1.00 ps       |
  |   Vbias prefactor (k)  :  0.1050 Eh       |
  |   Vbias exponent (α)   :  0.2808 bohr⁻²   |
  ::::::::::::: starting MTD   14 :::::::::::::
  |   MD simulation time   :     8.0 ps       |
  |   target T             :   300.0 K        |
  |   timestep dt          :     5.0 fs       |
  |   dump interval(trj)   :   100.0 fs       |
  |   SHAKE algorithm      : true (all bonds) |
  |   dump interval(Vbias) :    1.00 ps       |
  |   Vbias prefactor (k)  :  0.1750 Eh       |
  |   Vbias exponent (α)   :  0.8000 bohr⁻²   |
  ::::::::::::: starting MTD    7 :::::::::::::
  |   MD simulation time   :     8.0 ps       |
  |   target T             :   300.0 K        |
  |   timestep dt          :     5.0 fs       |
  |   dump interval(trj)   :   100.0 fs       |
  |   SHAKE algorithm      : true (all bonds) |
  |   dump interval(Vbias) :    1.00 ps       |
  |   Vbias prefactor (k)  :  0.1050 Eh       |
  |   Vbias exponent (α)   :  0.4680 bohr⁻²   |
  ::::::::::::: starting MTD   12 :::::::::::::
  |   MD simulation time   :     8.0 ps       |
  |   target T             :   300.0 K        |
  |   timestep dt          :     5.0 fs       |
  |   dump interval(trj)   :   100.0 fs       |
  |   SHAKE algorithm      : true (all bonds) |
  |   dump interval(Vbias) :    1.00 ps       |
  |   Vbias prefactor (k)  :  0.0262 Eh       |
  |   Vbias exponent (α)   :  0.2808 bohr⁻²   |
  ::::::::::::: starting MTD   13 :::::::::::::
  |   MD simulation time   :     8.0 ps       |
  |   target T             :   300.0 K        |
  |   timestep dt          :     5.0 fs       |
  |   dump interval(trj)   :   100.0 fs       |
  |   SHAKE algorithm      : true (all bonds) |
  |   dump interval(Vbias) :    1.00 ps       |
  |   Vbias prefactor (k)  :  0.0350 Eh       |
  |   Vbias exponent (α)   :  0.1000 bohr⁻²   |
  ::::::::::::: starting MTD    3 :::::::::::::
  |   MD simulation time   :     8.0 ps       |
  |   target T             :   300.0 K        |
  |   timestep dt          :     5.0 fs       |
  |   dump interval(trj)   :   100.0 fs       |
  |   SHAKE algorithm      : true (all bonds) |
  |   dump interval(Vbias) :    1.00 ps       |
  |   Vbias prefactor (k)  :  0.0262 Eh       |
  |   Vbias exponent (α)   :  1.3000 bohr⁻²   |
  ::::::::::::: starting MTD    1 :::::::::::::
  |   MD simulation time   :     8.0 ps       |
  |   target T             :   300.0 K        |
  |   timestep dt          :     5.0 fs       |
  |   dump interval(trj)   :   100.0 fs       |
  |   SHAKE algorithm      : true (all bonds) |
  |   dump interval(Vbias) :    1.00 ps       |
  |   Vbias prefactor (k)  :  0.1050 Eh       |
  |   Vbias exponent (α)   :  1.3000 bohr⁻²   |
  ::::::::::::: starting MTD    5 :::::::::::::
  |   MD simulation time   :     8.0 ps       |
  |   target T             :   300.0 K        |
  |   timestep dt          :     5.0 fs       |
  |   dump interval(trj)   :   100.0 fs       |
  |   SHAKE algorithm      : true (all bonds) |
  |   dump interval(Vbias) :    1.00 ps       |
  |   Vbias prefactor (k)  :  0.0525 Eh       |
  |   Vbias exponent (α)   :  0.7800 bohr⁻²   |
  ::::::::::::: starting MTD    2 :::::::::::::
  |   MD simulation time   :     8.0 ps       |
  |   target T             :   300.0 K        |
  |   timestep dt          :     5.0 fs       |
  |   dump interval(trj)   :   100.0 fs       |
  |   SHAKE algorithm      : true (all bonds) |
  |   dump interval(Vbias) :    1.00 ps       |
  |   Vbias prefactor (k)  :  0.0525 Eh       |
  |   Vbias exponent (α)   :  1.3000 bohr⁻²   |
  ::::::::::::: starting MTD    8 :::::::::::::
  |   MD simulation time   :     8.0 ps       |
  |   target T             :   300.0 K        |
  |   timestep dt          :     5.0 fs       |
  |   dump interval(trj)   :   100.0 fs       |
  |   SHAKE algorithm      : true (all bonds) |
  |   dump interval(Vbias) :    1.00 ps       |
  |   Vbias prefactor (k)  :  0.0525 Eh       |
  |   Vbias exponent (α)   :  0.4680 bohr⁻²   |
  ::::::::::::: starting MTD   11 :::::::::::::
  |   MD simulation time   :     8.0 ps       |
  |   target T             :   300.0 K        |
  |   timestep dt          :     5.0 fs       |
  |   dump interval(trj)   :   100.0 fs       |
  |   SHAKE algorithm      : true (all bonds) |
  |   dump interval(Vbias) :    1.00 ps       |
  |   Vbias prefactor (k)  :  0.0525 Eh       |
  |   Vbias exponent (α)   :  0.2808 bohr⁻²   |
  ::::::::::::: starting MTD    4 :::::::::::::
  |   MD simulation time   :     8.0 ps       |
  |   target T             :   300.0 K        |
  |   timestep dt          :     5.0 fs       |
  |   dump interval(trj)   :   100.0 fs       |
  |   SHAKE algorithm      : true (all bonds) |
  |   dump interval(Vbias) :    1.00 ps       |
  |   Vbias prefactor (k)  :  0.1050 Eh       |
  |   Vbias exponent (α)   :  0.7800 bohr⁻²   |
*MTD   7 completed successfully ...        0 min, 51.863 sec
*MTD  11 completed successfully ...        0 min, 52.037 sec
*MTD   1 completed successfully ...        0 min, 52.151 sec
*MTD   8 completed successfully ...        0 min, 52.162 sec
*MTD   5 completed successfully ...        0 min, 52.190 sec
*MTD  10 completed successfully ...        0 min, 52.255 sec
*MTD  13 completed successfully ...        0 min, 52.290 sec
*MTD   4 completed successfully ...        0 min, 52.300 sec
*MTD   2 completed successfully ...        0 min, 52.319 sec
*MTD  14 completed successfully ...        0 min, 52.481 sec
*MTD   6 completed successfully ...        0 min, 52.483 sec
*MTD   9 completed successfully ...        0 min, 52.495 sec
*MTD  12 completed successfully ...        0 min, 52.617 sec
*MTD   3 completed successfully ...        0 min, 52.675 sec

 ======================================
 |  Multilevel Ensemble Optimization  |
 ======================================
 Optimizing all 1106 structures from file "crest_dynamics.trj" ...
 ----------------------
 crude pre-optimization
 ----------------------
 Optimization engine: ANCOPT
 Hessian update type: BFGS
 E/G convergence criteria:  0.500E-03 Eh, 0.100E-01 Eh/a0
 maximum optimization steps: 200
 |>0.1% |>7.5% |>15.0% |>22.5% |>30.0% |>37.5% |>45.0% |>52.5% |>60.0% |>67.5% |>75.0% |>82.5% |>90.1% |>97.6% |>100.0%
 done.
> 1106 of 1106 structures successfully optimized (100.0% success)
> Total runtime for 1106 optimizations:
 * wall-time:     0 d,  0 h,  0 min, 28.880 sec
 *  cpu-time:     0 d,  0 h,  7 min, 16.008 sec
 * ratio c/w:    15.097 speedup
> Corresponding to approximately 0.026 sec per processed structure

CREGEN> running RMSDs ... done.
CREGEN> E lowest :   -52.99486
 1100 structures remain within    12.00 kcal/mol window
 ----------------------------------
 optimization with tight thresholds
 ----------------------------------
 Optimization engine: ANCOPT
 Hessian update type: BFGS
 E/G convergence criteria:  0.100E-05 Eh, 0.800E-03 Eh/a0
 maximum optimization steps: 200
 |>0.1% |>7.5% |>15.0% |>22.5% |>30.0% |>37.5% |>45.1% |>52.5% |>60.0% |>67.5% |>75.0% |>82.5% |>90.1% |>97.5% |>100.0%
 done.
> 1100 of 1100 structures successfully optimized (100.0% success)
> Total runtime for 1100 optimizations:
 * wall-time:     0 d,  0 h,  1 min, 50.947 sec
 *  cpu-time:     0 d,  0 h, 28 min, 19.023 sec
 * ratio c/w:    15.314 speedup
> Corresponding to approximately 0.101 sec per processed structure

CREGEN> running RMSDs ... done.
CREGEN> E lowest :   -52.99596
 469 structures remain within     6.00 kcal/mol window

 ------------------------------
 Meta-Dynamics Iteration 2
 ------------------------------
 list of applied metadynamics Vbias parameters:
$metadyn    0.10500   1.300
$metadyn    0.05250   1.300
$metadyn    0.02625   1.300
$metadyn    0.10500   0.780
$metadyn    0.05250   0.780
$metadyn    0.02625   0.780
$metadyn    0.10500   0.468
$metadyn    0.05250   0.468
$metadyn    0.02625   0.468
$metadyn    0.10500   0.281
$metadyn    0.05250   0.281
$metadyn    0.02625   0.281
$metadyn    0.03500   0.100
$metadyn    0.17500   0.800

  ::::::::::::: starting MTD    9 :::::::::::::
  |   MD simulation time   :     8.0 ps       |
  |   target T             :   300.0 K        |
  |   timestep dt          :     5.0 fs       |
  |   dump interval(trj)   :   100.0 fs       |
  |   SHAKE algorithm      : true (all bonds) |
  |   dump interval(Vbias) :    1.00 ps       |
  |   Vbias prefactor (k)  :  0.0262 Eh       |
  |   Vbias exponent (α)   :  0.4680 bohr⁻²   |
  ::::::::::::: starting MTD    4 :::::::::::::
  |   MD simulation time   :     8.0 ps       |
  |   target T             :   300.0 K        |
  |   timestep dt          :     5.0 fs       |
  |   dump interval(trj)   :   100.0 fs       |
  |   SHAKE algorithm      : true (all bonds) |
  |   dump interval(Vbias) :    1.00 ps       |
  |   Vbias prefactor (k)  :  0.1050 Eh       |
  |   Vbias exponent (α)   :  0.7800 bohr⁻²   |
  ::::::::::::: starting MTD    2 :::::::::::::
  |   MD simulation time   :     8.0 ps       |
  |   target T             :   300.0 K        |
  |   timestep dt          :     5.0 fs       |
  |   dump interval(trj)   :   100.0 fs       |
  |   SHAKE algorithm      : true (all bonds) |
  |   dump interval(Vbias) :    1.00 ps       |
  |   Vbias prefactor (k)  :  0.0525 Eh       |
  |   Vbias exponent (α)   :  1.3000 bohr⁻²   |
  ::::::::::::: starting MTD    5 :::::::::::::
  |   MD simulation time   :     8.0 ps       |
  |   target T             :   300.0 K        |
  |   timestep dt          :     5.0 fs       |
  |   dump interval(trj)   :   100.0 fs       |
  |   SHAKE algorithm      : true (all bonds) |
  |   dump interval(Vbias) :    1.00 ps       |
  |   Vbias prefactor (k)  :  0.0525 Eh       |
  |   Vbias exponent (α)   :  0.7800 bohr⁻²   |
  ::::::::::::: starting MTD    3 :::::::::::::
  |   MD simulation time   :     8.0 ps       |
  |   target T             :   300.0 K        |
  |   timestep dt          :     5.0 fs       |
  |   dump interval(trj)   :   100.0 fs       |
  |   SHAKE algorithm      : true (all bonds) |
  |   dump interval(Vbias) :    1.00 ps       |
  |   Vbias prefactor (k)  :  0.0262 Eh       |
  |   Vbias exponent (α)   :  1.3000 bohr⁻²   |
  ::::::::::::: starting MTD   14 :::::::::::::
  |   MD simulation time   :     8.0 ps       |
  |   target T             :   300.0 K        |
  |   timestep dt          :     5.0 fs       |
  |   dump interval(trj)   :   100.0 fs       |
  |   SHAKE algorithm      : true (all bonds) |
  |   dump interval(Vbias) :    1.00 ps       |
  |   Vbias prefactor (k)  :  0.1750 Eh       |
  |   Vbias exponent (α)   :  0.8000 bohr⁻²   |
  ::::::::::::: starting MTD    6 :::::::::::::
  |   MD simulation time   :     8.0 ps       |
  |   target T             :   300.0 K        |
  |   timestep dt          :     5.0 fs       |
  |   dump interval(trj)   :   100.0 fs       |
  |   SHAKE algorithm      : true (all bonds) |
  |   dump interval(Vbias) :    1.00 ps       |
  |   Vbias prefactor (k)  :  0.0262 Eh       |
  |   Vbias exponent (α)   :  0.7800 bohr⁻²   |
  ::::::::::::: starting MTD    8 :::::::::::::
  |   MD simulation time   :     8.0 ps       |
  |   target T             :   300.0 K        |
  |   timestep dt          :     5.0 fs       |
  |   dump interval(trj)   :   100.0 fs       |
  |   SHAKE algorithm      : true (all bonds) |
  |   dump interval(Vbias) :    1.00 ps       |
  |   Vbias prefactor (k)  :  0.0525 Eh       |
  |   Vbias exponent (α)   :  0.4680 bohr⁻²   |
  ::::::::::::: starting MTD   12 :::::::::::::
  |   MD simulation time   :     8.0 ps       |
  |   target T             :   300.0 K        |
  |   timestep dt          :     5.0 fs       |
  |   dump interval(trj)   :   100.0 fs       |
  |   SHAKE algorithm      : true (all bonds) |
  |   dump interval(Vbias) :    1.00 ps       |
  |   Vbias prefactor (k)  :  0.0262 Eh       |
  |   Vbias exponent (α)   :  0.2808 bohr⁻²   |
  ::::::::::::: starting MTD   13 :::::::::::::
  |   MD simulation time   :     8.0 ps       |
  |   target T             :   300.0 K        |
  |   timestep dt          :     5.0 fs       |
  |   dump interval(trj)   :   100.0 fs       |
  |   SHAKE algorithm      : true (all bonds) |
  |   dump interval(Vbias) :    1.00 ps       |
  |   Vbias prefactor (k)  :  0.0350 Eh       |
  |   Vbias exponent (α)   :  0.1000 bohr⁻²   |
  ::::::::::::: starting MTD   10 :::::::::::::
  |   MD simulation time   :     8.0 ps       |
  |   target T             :   300.0 K        |
  |   timestep dt          :     5.0 fs       |
  |   dump interval(trj)   :   100.0 fs       |
  |   SHAKE algorithm      : true (all bonds) |
  |   dump interval(Vbias) :    1.00 ps       |
  |   Vbias prefactor (k)  :  0.1050 Eh       |
  |   Vbias exponent (α)   :  0.2808 bohr⁻²   |
  ::::::::::::: starting MTD   11 :::::::::::::
  |   MD simulation time   :     8.0 ps       |
  |   target T             :   300.0 K        |
  |   timestep dt          :     5.0 fs       |
  |   dump interval(trj)   :   100.0 fs       |
  |   SHAKE algorithm      : true (all bonds) |
  |   dump interval(Vbias) :    1.00 ps       |
  |   Vbias prefactor (k)  :  0.0525 Eh       |
  |   Vbias exponent (α)   :  0.2808 bohr⁻²   |
  ::::::::::::: starting MTD    1 :::::::::::::
  |   MD simulation time   :     8.0 ps       |
  |   target T             :   300.0 K        |
  |   timestep dt          :     5.0 fs       |
  |   dump interval(trj)   :   100.0 fs       |
  |   SHAKE algorithm      : true (all bonds) |
  |   dump interval(Vbias) :    1.00 ps       |
  |   Vbias prefactor (k)  :  0.1050 Eh       |
  |   Vbias exponent (α)   :  1.3000 bohr⁻²   |
  ::::::::::::: starting MTD    7 :::::::::::::
  |   MD simulation time   :     8.0 ps       |
  |   target T             :   300.0 K        |
  |   timestep dt          :     5.0 fs       |
  |   dump interval(trj)   :   100.0 fs       |
  |   SHAKE algorithm      : true (all bonds) |
  |   dump interval(Vbias) :    1.00 ps       |
  |   Vbias prefactor (k)  :  0.1050 Eh       |
  |   Vbias exponent (α)   :  0.4680 bohr⁻²   |
*MTD   4 completed successfully ...        0 min, 51.789 sec
*MTD   7 completed successfully ...        0 min, 51.841 sec
*MTD   5 completed successfully ...        0 min, 51.882 sec
*MTD   6 completed successfully ...        0 min, 51.942 sec
*MTD   8 completed successfully ...        0 min, 51.959 sec
*MTD   3 completed successfully ...        0 min, 51.974 sec
*MTD   2 completed successfully ...        0 min, 52.070 sec
*MTD   9 completed successfully ...        0 min, 52.081 sec
*MTD  14 completed successfully ...        0 min, 52.139 sec
*MTD  13 completed successfully ...        0 min, 52.204 sec
*MTD   1 completed successfully ...        0 min, 52.287 sec
*MTD  11 completed successfully ...        0 min, 52.311 sec
*MTD  12 completed successfully ...        0 min, 52.353 sec
*MTD  10 completed successfully ...        0 min, 52.446 sec

 ======================================
 |  Multilevel Ensemble Optimization  |
 ======================================
 Optimizing all 1106 structures from file "crest_dynamics.trj" ...
 ----------------------
 crude pre-optimization
 ----------------------
 Optimization engine: ANCOPT
 Hessian update type: BFGS
 E/G convergence criteria:  0.500E-03 Eh, 0.100E-01 Eh/a0
 maximum optimization steps: 200
 |>0.1% |>7.5% |>15.0% |>22.5% |>30.0% |>37.5% |>45.0% |>52.5% |>60.0% |>67.5% |>75.0% |>82.5% |>90.1% |>97.6% |>100.0%
 done.
> 1106 of 1106 structures successfully optimized (100.0% success)
> Total runtime for 1106 optimizations:
 * wall-time:     0 d,  0 h,  0 min, 28.117 sec
 *  cpu-time:     0 d,  0 h,  7 min,  5.153 sec
 * ratio c/w:    15.121 speedup
> Corresponding to approximately 0.025 sec per processed structure

CREGEN> running RMSDs ... done.
CREGEN> E lowest :   -52.99506
 1098 structures remain within    12.00 kcal/mol window
 ----------------------------------
 optimization with tight thresholds
 ----------------------------------
 Optimization engine: ANCOPT
 Hessian update type: BFGS
 E/G convergence criteria:  0.100E-05 Eh, 0.800E-03 Eh/a0
 maximum optimization steps: 200
 |>0.1% |>7.6% |>15.0% |>22.6% |>30.1% |>37.5% |>45.1% |>52.6% |>60.0% |>67.6% |>75.0% |>82.5% |>90.1% |>97.5% |>100.0%
 done.
> 1098 of 1098 structures successfully optimized (100.0% success)
> Total runtime for 1098 optimizations:
 * wall-time:     0 d,  0 h,  1 min, 51.372 sec
 *  cpu-time:     0 d,  0 h, 28 min, 20.940 sec
 * ratio c/w:    15.273 speedup
> Corresponding to approximately 0.101 sec per processed structure

CREGEN> running RMSDs ... done.
CREGEN> E lowest :   -52.99596
 508 structures remain within     6.00 kcal/mol window

========================================
           MTD Simulations done         
========================================
 Collecting ensmbles.
CREGEN> running RMSDs ... done.
CREGEN> E lowest :   -52.99596
 712 structures remain within     6.00 kcal/mol window


 ===============================================
 Additional regular MDs on lowest 4 conformer(s)
 ===============================================
  :::::::::::::: starting MD   1 ::::::::::::::
  |   MD simulation time   :     4.0 ps       |
  |   target T             :   400.0 K        |
  |   timestep dt          :     5.0 fs       |
  |   dump interval(trj)   :   100.0 fs       |
  |   SHAKE algorithm      : true (all bonds) |
  :::::::::::::: starting MD   2 ::::::::::::::
  |   MD simulation time   :     4.0 ps       |
  |   target T             :   400.0 K        |
  |   timestep dt          :     5.0 fs       |
  |   dump interval(trj)   :   100.0 fs       |
  |   SHAKE algorithm      : true (all bonds) |
  :::::::::::::: starting MD   8 ::::::::::::::
  |   MD simulation time   :     4.0 ps       |
  |   target T             :   500.0 K        |
  |   timestep dt          :     5.0 fs       |
  |   dump interval(trj)   :   100.0 fs       |
  |   SHAKE algorithm      : true (all bonds) |
  :::::::::::::: starting MD   5 ::::::::::::::
  |   MD simulation time   :     4.0 ps       |
  |   target T             :   500.0 K        |
  |   timestep dt          :     5.0 fs       |
  |   dump interval(trj)   :   100.0 fs       |
  |   SHAKE algorithm      : true (all bonds) |
  :::::::::::::: starting MD   7 ::::::::::::::
  |   MD simulation time   :     4.0 ps       |
  |   target T             :   500.0 K        |
  |   timestep dt          :     5.0 fs       |
  |   dump interval(trj)   :   100.0 fs       |
  |   SHAKE algorithm      : true (all bonds) |
  :::::::::::::: starting MD   6 ::::::::::::::
  |   MD simulation time   :     4.0 ps       |
  |   target T             :   500.0 K        |
  |   timestep dt          :     5.0 fs       |
  |   dump interval(trj)   :   100.0 fs       |
  |   SHAKE algorithm      : true (all bonds) |
  :::::::::::::: starting MD   4 ::::::::::::::
  |   MD simulation time   :     4.0 ps       |
  |   target T             :   400.0 K        |
  |   timestep dt          :     5.0 fs       |
  |   dump interval(trj)   :   100.0 fs       |
  |   SHAKE algorithm      : true (all bonds) |
  :::::::::::::: starting MD   3 ::::::::::::::
  |   MD simulation time   :     4.0 ps       |
  |   target T             :   400.0 K        |
  |   timestep dt          :     5.0 fs       |
  |   dump interval(trj)   :   100.0 fs       |
  |   SHAKE algorithm      : true (all bonds) |
*MD   4 completed successfully ...        0 min, 32.805 sec
*MD   2 completed successfully ...        0 min, 33.097 sec
*MD   1 completed successfully ...        0 min, 33.324 sec
*MD   7 completed successfully ...        0 min, 33.384 sec
*MD   6 completed successfully ...        0 min, 33.458 sec
*MD   8 completed successfully ...        0 min, 33.523 sec
*MD   5 completed successfully ...        0 min, 33.609 sec
*MD   3 completed successfully ...        0 min, 34.002 sec
 Appending file crest_rotamers_1.xyz with new structures
 Optimizing all 1024 structures from file "crest_rotamers_1.xyz" ...
 ----------------------------------
 optimization with tight thresholds
 ----------------------------------
 Optimization engine: ANCOPT
 Hessian update type: BFGS
 E/G convergence criteria:  0.100E-05 Eh, 0.800E-03 Eh/a0
 maximum optimization steps: 200
 |>0.1% |>7.5% |>15.0% |>22.6% |>30.1% |>37.5% |>45.0% |>52.5% |>60.1% |>67.6% |>75.0% |>82.5% |>90.0% |>97.6% |>100.0%
 done.
> 1024 of 1024 structures successfully optimized (100.0% success)
> Total runtime for 1024 optimizations:
 * wall-time:     0 d,  0 h,  0 min, 34.860 sec
 *  cpu-time:     0 d,  0 h,  8 min, 46.776 sec
 * ratio c/w:    15.111 speedup
> Corresponding to approximately 0.034 sec per processed structure

CREGEN> running RMSDs ... done.
CREGEN> E lowest :   -52.99596
 693 structures remain within     6.00 kcal/mol window

     ========================================
     |        Structure Crossing (GC)       |
     ========================================

 =============================
  # threads =          16
 =============================
input  file name : crest_rotamers_2.xyz
number of atoms                :      35
number of points on xyz files  :     693
conformer energy window  /kcal :    6.00
CN per atom difference cut-off :  0.3000
RMSD threshold (Ang, Bohr)     :  0.2500  0.4724
max. # of generated structures :      400
 # in E window         693
  10.0 % done
  35.4 % done
  60.0 % done
 finished.
 average rmsd w.r.t input     :     1.85232
 number of clash discarded    :      234937
 removed identical structures :        3603

 400 structures written to confcross.xyz


 ======================================
 |  Multilevel Ensemble Optimization  |
 ======================================
 Optimizing all 400 structures from file "confcross.xyz" ...
 ----------------------
 crude pre-optimization
 ----------------------
 Optimization engine: ANCOPT
 Hessian update type: BFGS
 E/G convergence criteria:  0.500E-03 Eh, 0.100E-01 Eh/a0
 maximum optimization steps: 200
 |>0.2% |>10.0% |>20.0% |>30.0% |>40.0% |>50.0% |>60.0% |>70.2% |>80.0% |>90.2% |>100.0%
 done.
> 400 of 400 structures successfully optimized (100.0% success)
> Total runtime for 400 optimizations:
 * wall-time:     0 d,  0 h,  0 min,  4.177 sec
 *  cpu-time:     0 d,  0 h,  1 min,  2.638 sec
 * ratio c/w:    14.998 speedup
> Corresponding to approximately 0.010 sec per processed structure

CREGEN> running RMSDs ... done.
CREGEN> E lowest :   -52.99595
 50 structures remain within    12.00 kcal/mol window
 ----------------------------------
 optimization with tight thresholds
 ----------------------------------
 Optimization engine: ANCOPT
 Hessian update type: BFGS
 E/G convergence criteria:  0.100E-05 Eh, 0.800E-03 Eh/a0
 maximum optimization steps: 200
 |>2.0% |>10.0% |>20.0% |>30.0% |>40.0% |>50.0% |>60.0% |>72.0% |>80.0% |>92.0% |>100.0%
 done.
> 50 of 50 structures successfully optimized (100.0% success)
> Total runtime for 50 optimizations:
 * wall-time:     0 d,  0 h,  0 min,  1.154 sec
 *  cpu-time:     0 d,  0 h,  0 min, 13.319 sec
 * ratio c/w:    11.545 speedup
> Corresponding to approximately 0.023 sec per processed structure

CREGEN> running RMSDs ... done.
CREGEN> E lowest :   -52.99596
 40 structures remain within     6.00 kcal/mol window
appending new structures to crest_rotamers_2.xyz
CREGEN> running RMSDs ... done.
CREGEN> E lowest :   -52.99596


   ================================================
   |           Final Geometry Optimization        |
   ================================================
 Optimizing all 695 structures from file "crest_rotamers_3.xyz" ...
 ---------------------------------------
 optimization with very tight thresholds
 ---------------------------------------
 Optimization engine: ANCOPT
 Hessian update type: BFGS
 E/G convergence criteria:  0.100E-06 Eh, 0.200E-03 Eh/a0
 maximum optimization steps: 200
 |>0.1% |>10.1% |>20.0% |>30.1% |>40.0% |>50.1% |>60.0% |>70.1% |>80.0% |>90.1% |>100.0%
 done.
> 695 of 695 structures successfully optimized (100.0% success)
> Total runtime for 695 optimizations:
 * wall-time:     0 d,  0 h,  0 min, 28.174 sec
 *  cpu-time:     0 d,  0 h,  6 min, 58.960 sec
 * ratio c/w:    14.870 speedup
> Corresponding to approximately 0.041 sec per processed structure

CREGEN> running RMSDs ... done.
CREGEN> E lowest :   -52.99596
 561 structures remain within     6.00 kcal/mol window


 --------------------------
 Final Ensemble Information
 --------------------------
 input  file name : crest_rotamers_3.xyz
 output file name : crest_rotamers_4.xyz
 number of atoms                :   35
 number of points on xyz files  :   695
 RMSD threshold                 :   0.1250
 Bconst threshold               :   0.0100
 population threshold           :   0.0500
 # fragment in coord            :     1
 # bonds in reference structure :    36
 number of reliable points      :   695
 sorting energy window (EWIN)   :    6.0000 / kcal*mol⁻¹
 reference state Etot           :  -52.995958590000001
 number of doubles removed by rot/RMSD         :         134
 total number unique points considered further :         561
       Erel/kcal        Etot weight/tot  conformer     set   degen     origin
       1   0.000   -52.99596    0.00991    0.17814       1      18
       2   0.000   -52.99596    0.00990
       3   0.000   -52.99596    0.00990
       4   0.000   -52.99596    0.00990
       5   0.000   -52.99596    0.00990
       6   0.000   -52.99596    0.00990
       7   0.000   -52.99596    0.00990
       8   0.000   -52.99596    0.00990
       9   0.000   -52.99596    0.00990
      10   0.000   -52.99596    0.00990
      11   0.000   -52.99596    0.00990
      12   0.001   -52.99596    0.00990
      13   0.001   -52.99596    0.00989
      14   0.001   -52.99596    0.00989
      15   0.001   -52.99596    0.00989
      16   0.001   -52.99596    0.00988
      17   0.001   -52.99596    0.00988
      18   0.002   -52.99596    0.00987
      19   0.053   -52.99587    0.00906    0.02709       2       3
      20   0.055   -52.99587    0.00903
      21   0.057   -52.99587    0.00900
      22   0.057   -52.99587    0.00900    0.17005       3      19
      23   0.057   -52.99587    0.00899
      24   0.057   -52.99587    0.00899
      25   0.057   -52.99587    0.00899
      26   0.057   -52.99587    0.00899
      27   0.057   -52.99587    0.00899
      28   0.057   -52.99587    0.00899
      29   0.057   -52.99587    0.00899
      30   0.058   -52.99587    0.00899
      31   0.058   -52.99587    0.00899
      32   0.058   -52.99587    0.00899
      33   0.058   -52.99587    0.00899
      34   0.058   -52.99587    0.00899
      35   0.058   -52.99587    0.00899
      36   0.059   -52.99587    0.00897
      37   0.059   -52.99586    0.00897
      38   0.063   -52.99586    0.00891
      39   0.057   -52.99587    0.00900
      40   0.104   -52.99579    0.00831
      41   0.110   -52.99578    0.00823    0.04107       4       5
      42   0.110   -52.99578    0.00823
      43   0.110   -52.99578    0.00822
      44   0.112   -52.99578    0.00821
      45   0.114   -52.99578    0.00818
      46   0.234   -52.99559    0.00668    0.12623       5      19
      47   0.234   -52.99559    0.00668
      48   0.234   -52.99559    0.00668
      49   0.234   -52.99559    0.00667
      50   0.234   -52.99559    0.00667
      51   0.234   -52.99559    0.00667
      52   0.234   -52.99559    0.00667
      53   0.234   -52.99559    0.00667
      54   0.234   -52.99559    0.00667
      55   0.234   -52.99559    0.00667
      56   0.234   -52.99559    0.00667
      57   0.234   -52.99558    0.00667
      58   0.234   -52.99558    0.00667
      59   0.235   -52.99558    0.00667
      60   0.235   -52.99558    0.00667
      61   0.235   -52.99558    0.00666
      62   0.235   -52.99558    0.00666
      63   0.236   -52.99558    0.00666
      64   0.283   -52.99551    0.00615
      65   0.284   -52.99551    0.00613    0.01830       6       3
      66   0.286   -52.99550    0.00612
      67   0.293   -52.99549    0.00605
      68   0.362   -52.99538    0.00538    0.10674       7      20
      69   0.362   -52.99538    0.00538
      70   0.362   -52.99538    0.00538
      71   0.362   -52.99538    0.00538
      72   0.362   -52.99538    0.00538
      73   0.362   -52.99538    0.00538
      74   0.362   -52.99538    0.00538
      75   0.362   -52.99538    0.00538
      76   0.362   -52.99538    0.00538
      77   0.362   -52.99538    0.00538
      78   0.362   -52.99538    0.00538
      79   0.362   -52.99538    0.00538
      80   0.362   -52.99538    0.00538
      81   0.362   -52.99538    0.00538
      82   0.363   -52.99538    0.00537
      83   0.363   -52.99538    0.00537
      84   0.363   -52.99538    0.00537
      85   0.364   -52.99538    0.00537
      86   0.411   -52.99530    0.00496
      87   0.411   -52.99530    0.00496
      88   0.416   -52.99530    0.00491    0.00980       8       2
      89   0.419   -52.99529    0.00488
      90   0.808   -52.99467    0.00253    0.03041       9      12
      91   0.808   -52.99467    0.00253
      92   0.808   -52.99467    0.00253
      93   0.808   -52.99467    0.00253
      94   0.808   -52.99467    0.00253
      95   0.809   -52.99467    0.00253
      96   0.809   -52.99467    0.00253
      97   0.809   -52.99467    0.00253
      98   0.809   -52.99467    0.00253
      99   0.809   -52.99467    0.00253
     100   0.809   -52.99467    0.00253
     101   0.809   -52.99467    0.00253
     102   0.813   -52.99466    0.00252    0.00252      10       1
     103   0.841   -52.99462    0.00240    0.03117      11      13
     104   0.841   -52.99462    0.00240
     105   0.841   -52.99462    0.00240
     106   0.841   -52.99462    0.00240
     107   0.841   -52.99462    0.00240
     108   0.841   -52.99462    0.00240
     109   0.841   -52.99462    0.00240
     110   0.841   -52.99462    0.00240
     111   0.841   -52.99462    0.00240
     112   0.841   -52.99462    0.00240
     113   0.841   -52.99462    0.00240
     114   0.841   -52.99462    0.00240
     115   0.842   -52.99462    0.00240
     116   0.881   -52.99455    0.00224    0.00224      12       1
     117   0.964   -52.99442    0.00195    0.06474      13      34
     118   0.964   -52.99442    0.00195
     119   0.964   -52.99442    0.00195
     120   0.964   -52.99442    0.00195
     121   0.964   -52.99442    0.00195
     122   0.964   -52.99442    0.00195
     123   0.964   -52.99442    0.00195
     124   0.964   -52.99442    0.00195
     125   0.964   -52.99442    0.00195
     126   0.964   -52.99442    0.00195
     127   0.965   -52.99442    0.00195
     128   0.965   -52.99442    0.00195
     129   0.966   -52.99442    0.00194
     130   0.966   -52.99442    0.00194
     131   0.967   -52.99442    0.00194
     132   0.980   -52.99440    0.00190
     133   0.980   -52.99440    0.00190
     134   0.980   -52.99440    0.00190
     135   0.968   -52.99442    0.00194
     136   0.980   -52.99440    0.00190
     137   0.980   -52.99440    0.00190
     138   0.981   -52.99440    0.00190
     139   0.981   -52.99440    0.00189
     140   0.984   -52.99439    0.00188
     141   0.991   -52.99438    0.00186
     142   1.001   -52.99436    0.00183
     143   1.001   -52.99436    0.00183
     144   0.968   -52.99442    0.00194
     145   1.002   -52.99436    0.00183
     146   1.002   -52.99436    0.00183
     147   1.002   -52.99436    0.00183
     148   1.002   -52.99436    0.00183
     149   1.002   -52.99436    0.00183
     150   1.002   -52.99436    0.00183
     151   1.002   -52.99436    0.00183    0.02032      14      11
     152   1.002   -52.99436    0.00183
     153   1.002   -52.99436    0.00183
     154   1.002   -52.99436    0.00183
     155   1.002   -52.99436    0.00183
     156   1.002   -52.99436    0.00183
     157   1.002   -52.99436    0.00183
     158   1.002   -52.99436    0.00183
     159   1.003   -52.99436    0.00182
     160   0.969   -52.99442    0.00193
     161   0.969   -52.99442    0.00193
     162   0.969   -52.99442    0.00193    0.02687      15      14
     163   0.969   -52.99442    0.00193
     164   0.969   -52.99441    0.00193
     165   0.969   -52.99441    0.00193
     166   0.969   -52.99441    0.00193
     167   0.969   -52.99441    0.00193
     168   0.969   -52.99441    0.00193
     169   0.970   -52.99441    0.00193
     170   0.975   -52.99440    0.00191
     171   0.980   -52.99440    0.00190
     172   0.980   -52.99440    0.00190
     173   0.980   -52.99440    0.00190
     174   0.980   -52.99440    0.00190
     175   0.980   -52.99440    0.00190
     176   0.980   -52.99440    0.00190    0.00190      16       1
     177   1.108   -52.99419    0.00153    0.02139      17      14
     178   1.108   -52.99419    0.00153
     179   1.108   -52.99419    0.00153
     180   1.108   -52.99419    0.00153
     181   1.108   -52.99419    0.00153
     182   1.108   -52.99419    0.00153
     183   1.108   -52.99419    0.00153
     184   1.109   -52.99419    0.00153
     185   1.109   -52.99419    0.00153
     186   1.109   -52.99419    0.00153
     187   1.109   -52.99419    0.00153
     188   1.109   -52.99419    0.00153
     189   1.109   -52.99419    0.00153
     190   1.109   -52.99419    0.00153
     191   1.111   -52.99419    0.00152    0.02888      18      19
     192   1.111   -52.99419    0.00152
     193   1.111   -52.99419    0.00152
     194   1.111   -52.99419    0.00152
     195   1.111   -52.99419    0.00152
     196   1.111   -52.99419    0.00152
     197   1.111   -52.99419    0.00152
     198   1.111   -52.99419    0.00152
     199   1.112   -52.99419    0.00152
     200   1.112   -52.99419    0.00152
     201   1.112   -52.99419    0.00152
     202   1.112   -52.99419    0.00152
     203   1.112   -52.99419    0.00152
     204   1.112   -52.99419    0.00152
     205   1.112   -52.99419    0.00152
     206   1.112   -52.99419    0.00152
     207   1.112   -52.99419    0.00152
     208   1.112   -52.99419    0.00152
     209   1.113   -52.99419    0.00152
     210   1.176   -52.99409    0.00136    0.02317      19      17
     211   1.176   -52.99409    0.00136
     212   1.176   -52.99409    0.00136
     213   1.176   -52.99409    0.00136
     214   1.176   -52.99408    0.00136
     215   1.176   -52.99408    0.00136
     216   1.176   -52.99408    0.00136
     217   1.176   -52.99408    0.00136
     218   1.176   -52.99408    0.00136
     219   1.176   -52.99408    0.00136
     220   1.176   -52.99408    0.00136
     221   1.176   -52.99408    0.00136
     222   1.176   -52.99408    0.00136
     223   1.176   -52.99408    0.00136
     224   1.176   -52.99408    0.00136
     225   1.177   -52.99408    0.00136
     226   1.180   -52.99408    0.00135
     227   1.224   -52.99401    0.00126    0.02011      20      16
     228   1.224   -52.99401    0.00126
     229   1.224   -52.99401    0.00126
     230   1.224   -52.99401    0.00126
     231   1.224   -52.99401    0.00126
     232   1.224   -52.99401    0.00126
     233   1.224   -52.99401    0.00126
     234   1.224   -52.99401    0.00126
     235   1.224   -52.99401    0.00126
     236   1.224   -52.99401    0.00126
     237   1.224   -52.99401    0.00126
     238   1.225   -52.99401    0.00126
     239   1.225   -52.99401    0.00126
     240   1.225   -52.99401    0.00126
     241   1.225   -52.99401    0.00126
     242   1.225   -52.99401    0.00126
     243   1.277   -52.99392    0.00115    0.01838      21      16
     244   1.277   -52.99392    0.00115
     245   1.277   -52.99392    0.00115
     246   1.277   -52.99392    0.00115
     247   1.278   -52.99392    0.00115
     248   1.278   -52.99392    0.00115
     249   1.278   -52.99392    0.00115
     250   1.278   -52.99392    0.00115
     251   1.278   -52.99392    0.00115
     252   1.278   -52.99392    0.00115
     253   1.278   -52.99392    0.00115
     254   1.278   -52.99392    0.00115
     255   1.278   -52.99392    0.00115
     256   1.278   -52.99392    0.00115
     257   1.278   -52.99392    0.00115
     258   1.278   -52.99392    0.00115
     259   1.283   -52.99391    0.00114    0.01930      22      17
     260   1.283   -52.99391    0.00114
     261   1.283   -52.99391    0.00114
     262   1.283   -52.99391    0.00114
     263   1.283   -52.99391    0.00114
     264   1.283   -52.99391    0.00114
     265   1.283   -52.99391    0.00114
     266   1.283   -52.99391    0.00114
     267   1.283   -52.99391    0.00114
     268   1.284   -52.99391    0.00114
     269   1.284   -52.99391    0.00114
     270   1.285   -52.99391    0.00114
     271   1.285   -52.99391    0.00114
     272   1.286   -52.99391    0.00113
     273   1.287   -52.99391    0.00113
     274   1.289   -52.99390    0.00113
     275   1.292   -52.99390    0.00112
     276   2.702   -52.99165    0.00010    0.00187      23      18
     277   2.702   -52.99165    0.00010
     278   2.702   -52.99165    0.00010
     279   2.702   -52.99165    0.00010
     280   2.702   -52.99165    0.00010
     281   2.702   -52.99165    0.00010
     282   2.702   -52.99165    0.00010
     283   2.702   -52.99165    0.00010
     284   2.702   -52.99165    0.00010
     285   2.702   -52.99165    0.00010
     286   2.702   -52.99165    0.00010
     287   2.702   -52.99165    0.00010
     288   2.702   -52.99165    0.00010
     289   2.702   -52.99165    0.00010
     290   2.702   -52.99165    0.00010
     291   2.702   -52.99165    0.00010
     292   2.703   -52.99165    0.00010
     293   2.706   -52.99165    0.00010
     294   2.719   -52.99163    0.00010    0.00239      24      24
     295   2.719   -52.99163    0.00010
     296   2.719   -52.99163    0.00010
     297   2.719   -52.99163    0.00010
     298   2.719   -52.99163    0.00010
     299   2.719   -52.99163    0.00010
     300   2.719   -52.99162    0.00010
     301   2.719   -52.99162    0.00010
     302   2.719   -52.99162    0.00010
     303   2.719   -52.99162    0.00010
     304   2.720   -52.99162    0.00010
     305   2.720   -52.99162    0.00010
     306   2.720   -52.99162    0.00010
     307   2.720   -52.99162    0.00010
     308   2.720   -52.99162    0.00010
     309   2.720   -52.99162    0.00010
     310   2.720   -52.99162    0.00010
     311   2.721   -52.99162    0.00010
     312   2.755   -52.99157    0.00010
     313   2.755   -52.99157    0.00010
     314   2.755   -52.99157    0.00010
     315   2.755   -52.99157    0.00010
     316   2.756   -52.99157    0.00010
     317   2.756   -52.99157    0.00009
     318   2.756   -52.99157    0.00009    0.00047      25       5
     319   2.757   -52.99157    0.00009
     320   2.757   -52.99156    0.00009
     321   2.757   -52.99156    0.00009
     322   2.757   -52.99156    0.00009
     323   2.942   -52.99127    0.00007    0.00139      26      20
     324   2.942   -52.99127    0.00007
     325   2.942   -52.99127    0.00007
     326   2.942   -52.99127    0.00007
     327   2.942   -52.99127    0.00007
     328   2.942   -52.99127    0.00007
     329   2.942   -52.99127    0.00007
     330   2.942   -52.99127    0.00007
     331   2.943   -52.99127    0.00007
     332   2.943   -52.99127    0.00007
     333   2.943   -52.99127    0.00007
     334   2.944   -52.99127    0.00007
     335   2.944   -52.99127    0.00007
     336   2.944   -52.99127    0.00007
     337   2.944   -52.99127    0.00007
     338   2.944   -52.99127    0.00007
     339   2.944   -52.99127    0.00007
     340   2.944   -52.99127    0.00007
     341   2.945   -52.99127    0.00007
     342   2.945   -52.99127    0.00007
     343   3.113   -52.99100    0.00005    0.00073      27      14
     344   3.113   -52.99100    0.00005
     345   3.113   -52.99100    0.00005
     346   3.113   -52.99100    0.00005
     347   3.113   -52.99100    0.00005
     348   3.113   -52.99100    0.00005
     349   3.113   -52.99100    0.00005
     350   3.114   -52.99100    0.00005
     351   3.114   -52.99100    0.00005
     352   3.114   -52.99100    0.00005
     353   3.114   -52.99100    0.00005
     354   3.114   -52.99100    0.00005
     355   3.114   -52.99100    0.00005
     356   3.115   -52.99099    0.00005
     357   3.182   -52.99089    0.00005    0.00005      28       1
     358   3.346   -52.99063    0.00004    0.00021      29       6
     359   3.346   -52.99063    0.00004
     360   3.346   -52.99063    0.00004
     361   3.346   -52.99063    0.00004
     362   3.347   -52.99063    0.00004
     363   3.347   -52.99062    0.00004
     364   3.348   -52.99062    0.00004    0.00024      30       7
     365   3.348   -52.99062    0.00003
     366   3.348   -52.99062    0.00003
     367   3.349   -52.99062    0.00003
     368   3.349   -52.99062    0.00003
     369   3.349   -52.99062    0.00003
     370   3.350   -52.99062    0.00003
     371   3.350   -52.99062    0.00003    0.00014      31       4
     372   3.354   -52.99061    0.00003
     373   3.355   -52.99061    0.00003
     374   3.356   -52.99061    0.00003
     375   3.357   -52.99061    0.00003    0.00010      32       3
     376   3.356   -52.99061    0.00003
     377   3.361   -52.99060    0.00003
     378   3.362   -52.99060    0.00003    0.00020      33       6
     379   3.363   -52.99060    0.00003
     380   3.364   -52.99060    0.00003
     381   3.365   -52.99060    0.00003
     382   3.367   -52.99059    0.00003
     383   3.367   -52.99059    0.00003
     384   3.360   -52.99060    0.00003    0.00057      34      17
     385   3.372   -52.99059    0.00003
     386   3.372   -52.99059    0.00003
     387   3.374   -52.99058    0.00003
     388   3.380   -52.99057    0.00003
     389   3.380   -52.99057    0.00003
     390   3.380   -52.99057    0.00003
     391   3.380   -52.99057    0.00003
     392   3.380   -52.99057    0.00003
     393   3.380   -52.99057    0.00003
     394   3.380   -52.99057    0.00003
     395   3.380   -52.99057    0.00003
     396   3.380   -52.99057    0.00003
     397   3.380   -52.99057    0.00003
     398   3.380   -52.99057    0.00003
     399   3.381   -52.99057    0.00003
     400   3.380   -52.99057    0.00003
     401   3.381   -52.99057    0.00003    0.00007      35       2
     402   3.381   -52.99057    0.00003
     403   3.383   -52.99057    0.00003    0.00007      36       2
     404   3.391   -52.99055    0.00003
     405   3.401   -52.99054    0.00003    0.00038      37      12
     406   3.401   -52.99054    0.00003
     407   3.401   -52.99054    0.00003
     408   3.401   -52.99054    0.00003
     409   3.401   -52.99054    0.00003
     410   3.401   -52.99054    0.00003
     411   3.401   -52.99054    0.00003
     412   3.401   -52.99054    0.00003
     413   3.401   -52.99054    0.00003
     414   3.401   -52.99054    0.00003
     415   3.401   -52.99054    0.00003
     416   3.401   -52.99054    0.00003
     417   3.435   -52.99048    0.00003    0.00048      38      16
     418   3.435   -52.99048    0.00003
     419   3.435   -52.99048    0.00003
     420   3.435   -52.99048    0.00003
     421   3.435   -52.99048    0.00003
     422   3.435   -52.99048    0.00003
     423   3.435   -52.99048    0.00003
     424   3.435   -52.99048    0.00003
     425   3.435   -52.99048    0.00003
     426   3.435   -52.99048    0.00003
     427   3.435   -52.99048    0.00003
     428   3.436   -52.99048    0.00003
     429   3.436   -52.99048    0.00003
     430   3.436   -52.99048    0.00003
     431   3.436   -52.99048    0.00003
     432   3.437   -52.99048    0.00003
     433   3.507   -52.99037    0.00003    0.00032      39      12
     434   3.507   -52.99037    0.00003
     435   3.507   -52.99037    0.00003
     436   3.507   -52.99037    0.00003
     437   3.507   -52.99037    0.00003
     438   3.507   -52.99037    0.00003
     439   3.507   -52.99037    0.00003
     440   3.507   -52.99037    0.00003
     441   3.507   -52.99037    0.00003
     442   3.507   -52.99037    0.00003
     443   3.507   -52.99037    0.00003
     444   3.508   -52.99037    0.00003
     445   3.510   -52.99037    0.00003    0.00003      40       1
     446   3.598   -52.99022    0.00002    0.00034      41      15
     447   3.598   -52.99022    0.00002
     448   3.598   -52.99022    0.00002
     449   3.598   -52.99022    0.00002
     450   3.598   -52.99022    0.00002
     451   3.599   -52.99022    0.00002
     452   3.599   -52.99022    0.00002
     453   3.599   -52.99022    0.00002
     454   3.599   -52.99022    0.00002
     455   3.599   -52.99022    0.00002
     456   3.599   -52.99022    0.00002
     457   3.599   -52.99022    0.00002
     458   3.599   -52.99022    0.00002
     459   3.599   -52.99022    0.00002
     460   3.599   -52.99022    0.00002
     461   3.644   -52.99015    0.00002    0.00017      42       8
     462   3.644   -52.99015    0.00002
     463   3.644   -52.99015    0.00002
     464   3.644   -52.99015    0.00002
     465   3.644   -52.99015    0.00002
     466   3.645   -52.99015    0.00002
     467   3.647   -52.99015    0.00002
     468   3.649   -52.99014    0.00002
     469   3.651   -52.99014    0.00002    0.00006      43       3
     470   3.657   -52.99013    0.00002
     471   3.659   -52.99013    0.00002
     472   3.653   -52.99014    0.00002    0.00004      44       2
     473   3.656   -52.99013    0.00002
     474   3.720   -52.99003    0.00002    0.00019      45      10
     475   3.720   -52.99003    0.00002
     476   3.720   -52.99003    0.00002
     477   3.720   -52.99003    0.00002
     478   3.720   -52.99003    0.00002
     479   3.720   -52.99003    0.00002
     480   3.720   -52.99003    0.00002
     481   3.721   -52.99003    0.00002
     482   3.721   -52.99003    0.00002
     483   3.721   -52.99003    0.00002
     484   3.818   -52.98987    0.00002    0.00006      46       4
     485   3.819   -52.98987    0.00002
     486   3.822   -52.98987    0.00002
     487   3.823   -52.98987    0.00002
     488   3.951   -52.98966    0.00001    0.00010      47       8
     489   3.951   -52.98966    0.00001
     490   3.951   -52.98966    0.00001
     491   3.966   -52.98964    0.00001
     492   3.966   -52.98964    0.00001
     493   3.966   -52.98964    0.00001
     494   3.966   -52.98964    0.00001
     495   3.967   -52.98964    0.00001
     496   4.020   -52.98955    0.00001    0.00011      48      10
     497   4.020   -52.98955    0.00001
     498   4.020   -52.98955    0.00001
     499   4.021   -52.98955    0.00001
     500   4.021   -52.98955    0.00001
     501   4.021   -52.98955    0.00001
     502   4.021   -52.98955    0.00001
     503   4.021   -52.98955    0.00001
     504   4.021   -52.98955    0.00001
     505   4.021   -52.98955    0.00001
     506   4.074   -52.98947    0.00001    0.00010      49      10
     507   4.074   -52.98947    0.00001
     508   4.074   -52.98947    0.00001
     509   4.074   -52.98947    0.00001
     510   4.074   -52.98947    0.00001
     511   4.074   -52.98947    0.00001
     512   4.074   -52.98947    0.00001
     513   4.074   -52.98947    0.00001
     514   4.074   -52.98947    0.00001
     515   4.075   -52.98947    0.00001
     516   4.077   -52.98946    0.00001    0.00001      50       1
     517   4.105   -52.98942    0.00001    0.00008      51       8
     518   4.105   -52.98942    0.00001
     519   4.105   -52.98942    0.00001
     520   4.105   -52.98942    0.00001
     521   4.105   -52.98942    0.00001
     522   4.105   -52.98942    0.00001
     523   4.105   -52.98942    0.00001
     524   4.105   -52.98942    0.00001
     525   4.115   -52.98940    0.00001    0.00010      52      11
     526   4.115   -52.98940    0.00001
     527   4.115   -52.98940    0.00001
     528   4.115   -52.98940    0.00001
     529   4.115   -52.98940    0.00001
     530   4.115   -52.98940    0.00001
     531   4.115   -52.98940    0.00001
     532   4.115   -52.98940    0.00001
     533   4.145   -52.98935    0.00001
     534   4.146   -52.98935    0.00001
     535   4.146   -52.98935    0.00001
     536   4.216   -52.98924    0.00001    0.00009      53      11
     537   4.216   -52.98924    0.00001
     538   4.216   -52.98924    0.00001
     539   4.216   -52.98924    0.00001
     540   4.216   -52.98924    0.00001
     541   4.216   -52.98924    0.00001
     542   4.216   -52.98924    0.00001
     543   4.216   -52.98924    0.00001
     544   4.216   -52.98924    0.00001
     545   4.217   -52.98924    0.00001
     546   4.217   -52.98924    0.00001
     547   4.220   -52.98923    0.00001    0.00001      54       1
     548   4.296   -52.98911    0.00001    0.00001      55       1
     549   5.721   -52.98684    0.00000    0.00001      56       8
     550   5.721   -52.98684    0.00000
     551   5.721   -52.98684    0.00000
     552   5.721   -52.98684    0.00000
     553   5.721   -52.98684    0.00000
     554   5.721   -52.98684    0.00000
     555   5.722   -52.98684    0.00000
     556   5.722   -52.98684    0.00000
     557   5.748   -52.98680    0.00000    0.00000      57       5
     558   5.748   -52.98680    0.00000
     559   5.748   -52.98680    0.00000
     560   5.749   -52.98680    0.00000
     561   5.750   -52.98680    0.00000
T /K                                  :   298.15
E lowest                              :   -52.99596
ensemble average energy (kcal)        :    0.452
ensemble entropy (J/mol K, cal/mol K) :   44.702   10.684
ensemble free energy (kcal/mol)       :   -3.185
population of lowest in %             :   17.814
 number of unique conformers for further calc           57
 list of relative energies saved as "crest.energies"

 -----------------
 Wall Time Summary
 -----------------
 CREST runtime (total)               0 d,  0 h,  8 min, 17.552 sec
 ------------------------------------------------------------------
 Trial metadynamics (MTD)   ...        0 min,  4.051 sec (  0.814%)
 Metadynamics (MTD)         ...        1 min, 45.776 sec ( 21.259%)
 Geometry optimization      ...        5 min, 46.944 sec ( 69.730%)
 Molecular dynamics (MD)    ...        0 min, 34.033 sec (  6.840%)
 Genetic crossing (GC)      ...        0 min,  6.014 sec (  1.209%)
 I/O and setup              ...        0 min,  0.735 sec (  0.148%)
 ------------------------------------------------------------------
 * wall-time:     0 d,  0 h,  8 min, 17.552 sec
 *  cpu-time:     0 d,  1 h, 59 min,  8.928 sec
 * ratio c/w:    14.368 speedup
 ------------------------------------------------------------------
 * Total number of energy+grad calls: 258625

 CREST terminated normally.
