  32
 Etot=         -51.2264628377
 O         -1.7456968807       -2.2820874741       -0.4375939435
 O         -2.1674090190        2.5032214914        0.5181815438
 O          0.7971349099       -1.5663749548       -0.6592355671
 O          3.2375212773        0.1266724632       -1.2659306471
 O          1.4658020061        1.4442076778       -0.9422872871
 N          0.8179157568       -0.7395072164        1.4387294075
 C         -1.9906854214        0.1265223155       -0.1025720117
 C         -1.3308039860       -1.2077900657        0.3637915883
 C         -1.5021562885        1.2935309235        0.7786947927
 C         -3.5049903968       -0.0305859038        0.0507314618
 C         -1.6393893879        0.3982068555       -1.5672178001
 C          0.1954962016       -1.1625377406        0.3189100145
 C          2.2563654273       -0.6216374872        1.5021734740
 C          2.7605504295        0.7271644831        0.9581672407
 C          2.3999246358        0.8236188971       -0.5069012413
 H         -1.6615446501       -1.4196113859        1.3889416032
 H         -0.4218790715        1.4294537983        0.6399711129
 H         -1.7094227732        1.0759558225        1.8316632881
 H         -3.8516894780       -0.8664943833       -0.5501064915
 H         -4.0082096052        0.8780746172       -0.2685997616
 H         -3.7647114902       -0.2185473581        1.0901432916
 H         -2.2119854600        1.2436244377       -1.9435264091
 H         -1.8877084699       -0.4670939257       -2.1766080570
 H         -0.5794153224        0.6168920885       -1.6751100647
 H          0.2735721178       -0.3251277521        2.1774811518
 H         -1.0494358907       -2.4054457336       -1.1038755720
 H          2.5716140483       -0.7434786514        2.5396950081
 H          2.6756084661       -1.4274009380        0.8938160742
 H         -1.9366391854        2.7795725189       -0.3756038288
 H          3.8436449300        0.7683112124        1.0627246079
 H          2.2973022484        1.5528623870        1.4989954760
 H          2.9288930117        0.0944154647       -2.1848632757
