
       ╔════════════════════════════════════════════════╗
       ║                                                ║
       ║     ██████╗██████╗ ███████╗███████╗████████╗   ║
       ║    ██╔════╝██╔══██╗██╔════╝██╔════╝╚══██╔══╝   ║
       ║    ██║     ██████╔╝█████╗  ███████╗   ██║      ║
       ║    ██║     ██╔══██╗██╔══╝  ╚════██║   ██║      ║
       ║    ╚██████╗██║  ██║███████╗███████║   ██║      ║
       ║     ╚═════╝╚═╝  ╚═╝╚══════╝╚══════╝   ╚═╝      ║
       ║                                                ║
       ║    Conformer-Rotamer Ensemble Sampling Tool    ║
       ║            based on the xTB methods            ║
       ║                                                ║
       ╚════════════════════════════════════════════════╝
        Version 3.0.2, Mon, 29 September 16:25:59, 09/29/2025
        commit (c39758d) compiled by 'andrey@PC1'

   Cite work conducted with this code as

   • P.Pracht, F.Bohle, S.Grimme, PCCP, 2020, 22, 7169-7192.
   • S.Grimme, JCTC, 2019, 15, 2847-2862.
   • P.Pracht, S.Grimme, C.Bannwarth, F.Bohle, S.Ehlert,
     G.Feldmann, J.Gorges, M.Müller, T.Neudecker, C.Plett,
     S.Spicher, P.Steinbach, P.Wesołowski, F.Zeller,
     J. Chem. Phys., 2024, 160, 114110.

   for works involving QCG cite

   • S.Spicher, C.Plett, P.Pracht, A.Hansen, S.Grimme,
     JCTC, 2022, 18 (5), 3174-3189.
   • C.Plett, S. Grimme,
     Angew. Chem. Int. Ed. 2023, 62, e202214477.

   for works involving MECP screening cite

   • P.Pracht, C.Bannwarth, JCTC, 2022, 18 (10), 6370-6385.

   Original code
     P.Pracht, S.Grimme, Universität Bonn, MCTC
   with help from (alphabetical order):
     C.Bannwarth, F.Bohle, S.Ehlert, G.Feldmann, J.Gorges,
     S.Grimme, C.Plett, P.Pracht, S.Spicher, P.Steinbach,
     P.Wesolowski, F.Zeller

   Online documentation is available at
   https://crest-lab.github.io/crest-docs/

   This program is distributed in the hope that it will be useful,
   but WITHOUT ANY WARRANTY; without even the implied warranty of
   MERCHANTABILITY or FITNESS FOR A PARTICULAR PURPOSE. See the
   GNU Lesser General Public License (LGPL) for more details.

 Command line input:
 $ ./crest m1_00_Vitamin_B5-uni_conformers-CLUST_2_gfn2_opt.xyz --T 16 --gfn2

  --T 16 (CPUs/Threads selected)
  --gfn2               : Use of GFN2-xTB requested.

> Setting up backup calculator ... done.
 ----------------
 Calculation info
 ----------------
> User-defined calculation level:
 : xTB calculation via tblite lib
 : GFN2-xTB level
 :   Molecular charge    : 0
 :   Fermi temperature   : 300.00000
 :   Accuracy            : 1.00000
 :   max SCC cycles      : 500


 -----------------------------
 Initial Geometry Optimization
 -----------------------------
 Geometry successfully optimized.

          ┍━━━━━━━━━━━━━━━━━━━━━━━━━━━━━━━━━━━━━━━━━━━━━━━━━┑
          │              CREST iMTD-GC SAMPLING             │
          ┕━━━━━━━━━━━━━━━━━━━━━━━━━━━━━━━━━━━━━━━━━━━━━━━━━┙

 Input structure:
  32

 O         -1.5102288907       -2.0160519991       -0.4177889851
 O         -2.6950592271        2.0260766448       -0.9208637891
 O         -0.4017908613        1.2537076206        0.3914436525
 O          4.7227873864       -0.1002367897       -1.0737141922
 O          5.0632071232        0.5583908675        1.0270387178
 N          0.6596014971       -0.6095061517       -0.3022108533
 C         -2.9917266309       -0.1508974979        0.2580947461
 C         -1.6214582221       -0.8640367288        0.3952350786
 C         -3.0539547340        0.6838807560       -1.0483962625
 C         -3.2289160374        0.7429758152        1.4781927352
 C         -4.0910779478       -1.2202150885        0.2132853242
 C         -0.4075500455        0.0563445395        0.1661080191
 C          1.9467732768       -0.0008086275       -0.5198317429
 C          2.9880985330       -0.5364629776        0.4713104566
 C          4.3574002212        0.0420429743        0.2072847990
 H         -1.5302094402       -1.2378567274        1.4245651262
 H         -4.0839569928        0.6961745044       -1.4171759016
 H         -2.4326611564        0.1925173323       -1.8227302690
 H         -2.3828954381        1.4000478541        1.6537116484
 H         -3.3851236918        0.1313817403        2.3640355873
 H         -4.1105922476        1.3567011801        1.3137316778
 H         -4.0611099950       -1.7900556763       -0.7129308608
 H         -5.0653644160       -0.7450487027        0.2904382789
 H         -3.9764832499       -1.9146555676        1.0424599504
 H          0.5607071136       -1.6078063274       -0.4316865367
 H         -1.8106171977       -1.7913318287       -1.3068138916
 H          2.2797858228       -0.1974143202       -1.5430274816
 H          1.8136976323        1.0752191607       -0.3820874817
 H         -1.8395543650        2.0739575615       -0.4614531181
 H          3.0610704186       -1.6220298050        0.3661764235
 H          2.7020171959       -0.2973464021        1.4955284588
 H          5.6054049713        0.2766944300       -1.2162273450

 ------------------------------------------------
 Generating MTD length from a flexibility measure
 ------------------------------------------------
 Calculating GFN0-xTB WBOs   ... done.
 Calculating NCI flexibility ... done.
     covalent flexibility measure :   0.519
 non-covalent flexibility measure :   0.689
 flexibility measure :   0.508
 t(MTD) / ps    :    10.0
 Σ(t(MTD)) / ps :   140.0 (14 MTDs)

 -----------------------------------
 Starting trial MTD to test settings
 -----------------------------------
 Trial MTD 1 runtime (1.0 ps) ...        0 min,  2.562 sec
 Estimated runtime for one MTD (10.0 ps) on a single thread: 26 sec
 Estimated runtime for a batch of 14 MTDs on 16 threads: 26 sec

********************************************************************************
**                    N E W   I T E R A T I O N  C Y C L E                    **
********************************************************************************

 ------------------------------
 Meta-Dynamics Iteration 1
 ------------------------------
 list of applied metadynamics Vbias parameters:
$metadyn    0.09600   1.300
$metadyn    0.04800   1.300
$metadyn    0.02400   1.300
$metadyn    0.09600   0.780
$metadyn    0.04800   0.780
$metadyn    0.02400   0.780
$metadyn    0.09600   0.468
$metadyn    0.04800   0.468
$metadyn    0.02400   0.468
$metadyn    0.09600   0.281
$metadyn    0.04800   0.281
$metadyn    0.02400   0.281
$metadyn    0.03200   0.100
$metadyn    0.16000   0.800

  ::::::::::::: starting MTD    1 :::::::::::::
  |   MD simulation time   :    10.0 ps       |
  |   target T             :   300.0 K        |
  |   timestep dt          :     5.0 fs       |
  |   dump interval(trj)   :   100.0 fs       |
  |   SHAKE algorithm      : true (all bonds) |
  |   dump interval(Vbias) :    1.00 ps       |
  |   Vbias prefactor (k)  :  0.0960 Eh       |
  |   Vbias exponent (α)   :  1.3000 bohr⁻²   |
  ::::::::::::: starting MTD    9 :::::::::::::
  |   MD simulation time   :    10.0 ps       |
  |   target T             :   300.0 K        |
  |   timestep dt          :     5.0 fs       |
  |   dump interval(trj)   :   100.0 fs       |
  |   SHAKE algorithm      : true (all bonds) |
  |   dump interval(Vbias) :    1.00 ps       |
  |   Vbias prefactor (k)  :  0.0240 Eh       |
  |   Vbias exponent (α)   :  0.4680 bohr⁻²   |
  ::::::::::::: starting MTD    2 :::::::::::::
  |   MD simulation time   :    10.0 ps       |
  |   target T             :   300.0 K        |
  |   timestep dt          :     5.0 fs       |
  |   dump interval(trj)   :   100.0 fs       |
  |   SHAKE algorithm      : true (all bonds) |
  |   dump interval(Vbias) :    1.00 ps       |
  |   Vbias prefactor (k)  :  0.0480 Eh       |
  |   Vbias exponent (α)   :  1.3000 bohr⁻²   |
  ::::::::::::: starting MTD   14 :::::::::::::
  |   MD simulation time   :    10.0 ps       |
  |   target T             :   300.0 K        |
  |   timestep dt          :     5.0 fs       |
  |   dump interval(trj)   :   100.0 fs       |
  |   SHAKE algorithm      : true (all bonds) |
  |   dump interval(Vbias) :    1.00 ps       |
  |   Vbias prefactor (k)  :  0.1600 Eh       |
  |   Vbias exponent (α)   :  0.8000 bohr⁻²   |
  ::::::::::::: starting MTD   13 :::::::::::::
  |   MD simulation time   :    10.0 ps       |
  |   target T             :   300.0 K        |
  |   timestep dt          :     5.0 fs       |
  |   dump interval(trj)   :   100.0 fs       |
  |   SHAKE algorithm      : true (all bonds) |
  |   dump interval(Vbias) :    1.00 ps       |
  |   Vbias prefactor (k)  :  0.0320 Eh       |
  |   Vbias exponent (α)   :  0.1000 bohr⁻²   |
  ::::::::::::: starting MTD   11 :::::::::::::
  |   MD simulation time   :    10.0 ps       |
  |   target T             :   300.0 K        |
  |   timestep dt          :     5.0 fs       |
  |   dump interval(trj)   :   100.0 fs       |
  |   SHAKE algorithm      : true (all bonds) |
  |   dump interval(Vbias) :    1.00 ps       |
  |   Vbias prefactor (k)  :  0.0480 Eh       |
  |   Vbias exponent (α)   :  0.2808 bohr⁻²   |
  ::::::::::::: starting MTD    8 :::::::::::::
  |   MD simulation time   :    10.0 ps       |
  |   target T             :   300.0 K        |
  |   timestep dt          :     5.0 fs       |
  |   dump interval(trj)   :   100.0 fs       |
  |   SHAKE algorithm      : true (all bonds) |
  |   dump interval(Vbias) :    1.00 ps       |
  |   Vbias prefactor (k)  :  0.0480 Eh       |
  |   Vbias exponent (α)   :  0.4680 bohr⁻²   |
  ::::::::::::: starting MTD    6 :::::::::::::
  |   MD simulation time   :    10.0 ps       |
  |   target T             :   300.0 K        |
  |   timestep dt          :     5.0 fs       |
  |   dump interval(trj)   :   100.0 fs       |
  |   SHAKE algorithm      : true (all bonds) |
  |   dump interval(Vbias) :    1.00 ps       |
  |   Vbias prefactor (k)  :  0.0240 Eh       |
  |   Vbias exponent (α)   :  0.7800 bohr⁻²   |
  ::::::::::::: starting MTD    5 :::::::::::::
  |   MD simulation time   :    10.0 ps       |
  |   target T             :   300.0 K        |
  |   timestep dt          :     5.0 fs       |
  |   dump interval(trj)   :   100.0 fs       |
  |   SHAKE algorithm      : true (all bonds) |
  |   dump interval(Vbias) :    1.00 ps       |
  |   Vbias prefactor (k)  :  0.0480 Eh       |
  |   Vbias exponent (α)   :  0.7800 bohr⁻²   |
  ::::::::::::: starting MTD    7 :::::::::::::
  |   MD simulation time   :    10.0 ps       |
  |   target T             :   300.0 K        |
  |   timestep dt          :     5.0 fs       |
  |   dump interval(trj)   :   100.0 fs       |
  |   SHAKE algorithm      : true (all bonds) |
  |   dump interval(Vbias) :    1.00 ps       |
  |   Vbias prefactor (k)  :  0.0960 Eh       |
  |   Vbias exponent (α)   :  0.4680 bohr⁻²   |
  ::::::::::::: starting MTD    4 :::::::::::::
  |   MD simulation time   :    10.0 ps       |
  |   target T             :   300.0 K        |
  |   timestep dt          :     5.0 fs       |
  |   dump interval(trj)   :   100.0 fs       |
  |   SHAKE algorithm      : true (all bonds) |
  |   dump interval(Vbias) :    1.00 ps       |
  |   Vbias prefactor (k)  :  0.0960 Eh       |
  |   Vbias exponent (α)   :  0.7800 bohr⁻²   |
  ::::::::::::: starting MTD   12 :::::::::::::
  |   MD simulation time   :    10.0 ps       |
  |   target T             :   300.0 K        |
  |   timestep dt          :     5.0 fs       |
  |   dump interval(trj)   :   100.0 fs       |
  |   SHAKE algorithm      : true (all bonds) |
  |   dump interval(Vbias) :    1.00 ps       |
  |   Vbias prefactor (k)  :  0.0240 Eh       |
  |   Vbias exponent (α)   :  0.2808 bohr⁻²   |
  ::::::::::::: starting MTD    3 :::::::::::::
  |   MD simulation time   :    10.0 ps       |
  |   target T             :   300.0 K        |
  |   timestep dt          :     5.0 fs       |
  |   dump interval(trj)   :   100.0 fs       |
  |   SHAKE algorithm      : true (all bonds) |
  |   dump interval(Vbias) :    1.00 ps       |
  |   Vbias prefactor (k)  :  0.0240 Eh       |
  |   Vbias exponent (α)   :  1.3000 bohr⁻²   |
  ::::::::::::: starting MTD   10 :::::::::::::
  |   MD simulation time   :    10.0 ps       |
  |   target T             :   300.0 K        |
  |   timestep dt          :     5.0 fs       |
  |   dump interval(trj)   :   100.0 fs       |
  |   SHAKE algorithm      : true (all bonds) |
  |   dump interval(Vbias) :    1.00 ps       |
  |   Vbias prefactor (k)  :  0.0960 Eh       |
  |   Vbias exponent (α)   :  0.2808 bohr⁻²   |
*MTD   2 completed successfully ...        0 min, 45.055 sec
*MTD   4 completed successfully ...        0 min, 45.252 sec
*MTD   6 completed successfully ...        0 min, 45.293 sec
*MTD   9 completed successfully ...        0 min, 45.413 sec
*MTD  14 completed successfully ...        0 min, 45.427 sec
*MTD   8 completed successfully ...        0 min, 45.431 sec
*MTD  11 completed successfully ...        0 min, 45.456 sec
*MTD   5 completed successfully ...        0 min, 45.484 sec
*MTD   1 completed successfully ...        0 min, 45.498 sec
*MTD   3 completed successfully ...        0 min, 45.533 sec
*MTD  12 completed successfully ...        0 min, 45.544 sec
*MTD  13 completed successfully ...        0 min, 45.615 sec
*MTD   7 completed successfully ...        0 min, 45.625 sec
*MTD  10 completed successfully ...        0 min, 45.808 sec

 ======================================
 |  Multilevel Ensemble Optimization  |
 ======================================
 Optimizing all 1386 structures from file "crest_dynamics.trj" ...
 ----------------------
 crude pre-optimization
 ----------------------
 Optimization engine: ANCOPT
 Hessian update type: BFGS
 E/G convergence criteria:  0.500E-03 Eh, 0.100E-01 Eh/a0
 maximum optimization steps: 200
 |>0.1% |>7.5% |>15.0% |>22.5% |>30.0% |>37.5% |>45.0% |>52.5% |>60.0% |>67.5% |>75.0% |>82.5% |>90.0% |>97.5% |>100.0%
 done.
> 1386 of 1386 structures successfully optimized (100.0% success)
> Total runtime for 1386 optimizations:
 * wall-time:     0 d,  0 h,  0 min, 32.925 sec
 *  cpu-time:     0 d,  0 h,  8 min, 12.413 sec
 * ratio c/w:    14.955 speedup
> Corresponding to approximately 0.024 sec per processed structure

CREGEN> running RMSDs ... done.
CREGEN> E lowest :   -51.23691
 1247 structures remain within    12.00 kcal/mol window
 ----------------------------------
 optimization with tight thresholds
 ----------------------------------
 Optimization engine: ANCOPT
 Hessian update type: BFGS
 E/G convergence criteria:  0.100E-05 Eh, 0.800E-03 Eh/a0
 maximum optimization steps: 200
 |>0.1% |>7.5% |>15.1% |>22.5% |>30.1% |>37.5% |>45.1% |>52.5% |>60.1% |>67.5% |>75.1% |>82.5% |>90.1% |>97.5% |>100.0%
 done.
> 1245 of 1247 structures successfully optimized (99.8% success)
> Total runtime for 1247 optimizations:
 * wall-time:     0 d,  0 h,  1 min, 26.730 sec
 *  cpu-time:     0 d,  0 h, 21 min, 56.314 sec
 * ratio c/w:    15.177 speedup
> Corresponding to approximately 0.070 sec per processed structure

CREGEN> running RMSDs ... done.
CREGEN> E lowest :   -51.23706
 211 structures remain within     6.00 kcal/mol window

 ------------------------------
 Meta-Dynamics Iteration 2
 ------------------------------
 list of applied metadynamics Vbias parameters:
$metadyn    0.09600   1.300
$metadyn    0.04800   1.300
$metadyn    0.02400   1.300
$metadyn    0.09600   0.780
$metadyn    0.04800   0.780
$metadyn    0.02400   0.780
$metadyn    0.09600   0.468
$metadyn    0.04800   0.468
$metadyn    0.02400   0.468
$metadyn    0.09600   0.281
$metadyn    0.04800   0.281
$metadyn    0.02400   0.281
$metadyn    0.03200   0.100
$metadyn    0.16000   0.800

  ::::::::::::: starting MTD    4 :::::::::::::
  |   MD simulation time   :    10.0 ps       |
  |   target T             :   300.0 K        |
  |   timestep dt          :     5.0 fs       |
  |   dump interval(trj)   :   100.0 fs       |
  |   SHAKE algorithm      : true (all bonds) |
  |   dump interval(Vbias) :    1.00 ps       |
  |   Vbias prefactor (k)  :  0.0960 Eh       |
  |   Vbias exponent (α)   :  0.7800 bohr⁻²   |
  ::::::::::::: starting MTD    3 :::::::::::::
  |   MD simulation time   :    10.0 ps       |
  |   target T             :   300.0 K        |
  |   timestep dt          :     5.0 fs       |
  |   dump interval(trj)   :   100.0 fs       |
  |   SHAKE algorithm      : true (all bonds) |
  |   dump interval(Vbias) :    1.00 ps       |
  |   Vbias prefactor (k)  :  0.0240 Eh       |
  |   Vbias exponent (α)   :  1.3000 bohr⁻²   |
  ::::::::::::: starting MTD   11 :::::::::::::
  |   MD simulation time   :    10.0 ps       |
  |   target T             :   300.0 K        |
  |   timestep dt          :     5.0 fs       |
  |   dump interval(trj)   :   100.0 fs       |
  |   SHAKE algorithm      : true (all bonds) |
  |   dump interval(Vbias) :    1.00 ps       |
  |   Vbias prefactor (k)  :  0.0480 Eh       |
  |   Vbias exponent (α)   :  0.2808 bohr⁻²   |
  ::::::::::::: starting MTD    2 :::::::::::::
  |   MD simulation time   :    10.0 ps       |
  |   target T             :   300.0 K        |
  |   timestep dt          :     5.0 fs       |
  |   dump interval(trj)   :   100.0 fs       |
  |   SHAKE algorithm      : true (all bonds) |
  |   dump interval(Vbias) :    1.00 ps       |
  |   Vbias prefactor (k)  :  0.0480 Eh       |
  |   Vbias exponent (α)   :  1.3000 bohr⁻²   |
  ::::::::::::: starting MTD    7 :::::::::::::
  |   MD simulation time   :    10.0 ps       |
  |   target T             :   300.0 K        |
  |   timestep dt          :     5.0 fs       |
  |   dump interval(trj)   :   100.0 fs       |
  |   SHAKE algorithm      : true (all bonds) |
  |   dump interval(Vbias) :    1.00 ps       |
  |   Vbias prefactor (k)  :  0.0960 Eh       |
  |   Vbias exponent (α)   :  0.4680 bohr⁻²   |
  ::::::::::::: starting MTD    8 :::::::::::::
  |   MD simulation time   :    10.0 ps       |
  |   target T             :   300.0 K        |
  |   timestep dt          :     5.0 fs       |
  |   dump interval(trj)   :   100.0 fs       |
  |   SHAKE algorithm      : true (all bonds) |
  |   dump interval(Vbias) :    1.00 ps       |
  |   Vbias prefactor (k)  :  0.0480 Eh       |
  |   Vbias exponent (α)   :  0.4680 bohr⁻²   |
  ::::::::::::: starting MTD   13 :::::::::::::
  |   MD simulation time   :    10.0 ps       |
  |   target T             :   300.0 K        |
  |   timestep dt          :     5.0 fs       |
  |   dump interval(trj)   :   100.0 fs       |
  |   SHAKE algorithm      : true (all bonds) |
  |   dump interval(Vbias) :    1.00 ps       |
  |   Vbias prefactor (k)  :  0.0320 Eh       |
  |   Vbias exponent (α)   :  0.1000 bohr⁻²   |
  ::::::::::::: starting MTD    5 :::::::::::::
  |   MD simulation time   :    10.0 ps       |
  |   target T             :   300.0 K        |
  |   timestep dt          :     5.0 fs       |
  |   dump interval(trj)   :   100.0 fs       |
  |   SHAKE algorithm      : true (all bonds) |
  |   dump interval(Vbias) :    1.00 ps       |
  |   Vbias prefactor (k)  :  0.0480 Eh       |
  |   Vbias exponent (α)   :  0.7800 bohr⁻²   |
  ::::::::::::: starting MTD   14 :::::::::::::
  |   MD simulation time   :    10.0 ps       |
  |   target T             :   300.0 K        |
  |   timestep dt          :     5.0 fs       |
  |   dump interval(trj)   :   100.0 fs       |
  |   SHAKE algorithm      : true (all bonds) |
  |   dump interval(Vbias) :    1.00 ps       |
  |   Vbias prefactor (k)  :  0.1600 Eh       |
  |   Vbias exponent (α)   :  0.8000 bohr⁻²   |
  ::::::::::::: starting MTD   12 :::::::::::::
  |   MD simulation time   :    10.0 ps       |
  |   target T             :   300.0 K        |
  |   timestep dt          :     5.0 fs       |
  |   dump interval(trj)   :   100.0 fs       |
  |   SHAKE algorithm      : true (all bonds) |
  |   dump interval(Vbias) :    1.00 ps       |
  |   Vbias prefactor (k)  :  0.0240 Eh       |
  |   Vbias exponent (α)   :  0.2808 bohr⁻²   |
  ::::::::::::: starting MTD    9 :::::::::::::
  |   MD simulation time   :    10.0 ps       |
  |   target T             :   300.0 K        |
  |   timestep dt          :     5.0 fs       |
  |   dump interval(trj)   :   100.0 fs       |
  |   SHAKE algorithm      : true (all bonds) |
  |   dump interval(Vbias) :    1.00 ps       |
  |   Vbias prefactor (k)  :  0.0240 Eh       |
  |   Vbias exponent (α)   :  0.4680 bohr⁻²   |
  ::::::::::::: starting MTD   10 :::::::::::::
  |   MD simulation time   :    10.0 ps       |
  |   target T             :   300.0 K        |
  |   timestep dt          :     5.0 fs       |
  |   dump interval(trj)   :   100.0 fs       |
  |   SHAKE algorithm      : true (all bonds) |
  |   dump interval(Vbias) :    1.00 ps       |
  |   Vbias prefactor (k)  :  0.0960 Eh       |
  |   Vbias exponent (α)   :  0.2808 bohr⁻²   |
  ::::::::::::: starting MTD    1 :::::::::::::
  |   MD simulation time   :    10.0 ps       |
  |   target T             :   300.0 K        |
  |   timestep dt          :     5.0 fs       |
  |   dump interval(trj)   :   100.0 fs       |
  |   SHAKE algorithm      : true (all bonds) |
  |   dump interval(Vbias) :    1.00 ps       |
  |   Vbias prefactor (k)  :  0.0960 Eh       |
  |   Vbias exponent (α)   :  1.3000 bohr⁻²   |
  ::::::::::::: starting MTD    6 :::::::::::::
  |   MD simulation time   :    10.0 ps       |
  |   target T             :   300.0 K        |
  |   timestep dt          :     5.0 fs       |
  |   dump interval(trj)   :   100.0 fs       |
  |   SHAKE algorithm      : true (all bonds) |
  |   dump interval(Vbias) :    1.00 ps       |
  |   Vbias prefactor (k)  :  0.0240 Eh       |
  |   Vbias exponent (α)   :  0.7800 bohr⁻²   |
*MTD   9 completed successfully ...        0 min, 45.020 sec
*MTD  13 completed successfully ...        0 min, 45.113 sec
*MTD  14 completed successfully ...        0 min, 45.130 sec
*MTD   8 completed successfully ...        0 min, 45.135 sec
*MTD   4 completed successfully ...        0 min, 45.142 sec
*MTD   3 completed successfully ...        0 min, 45.191 sec
*MTD  12 completed successfully ...        0 min, 45.265 sec
*MTD   7 completed successfully ...        0 min, 45.279 sec
*MTD   2 completed successfully ...        0 min, 45.291 sec
*MTD  11 completed successfully ...        0 min, 45.314 sec
*MTD   1 completed successfully ...        0 min, 45.316 sec
*MTD   5 completed successfully ...        0 min, 45.316 sec
*MTD   6 completed successfully ...        0 min, 45.317 sec
*MTD  10 completed successfully ...        0 min, 45.415 sec

 ======================================
 |  Multilevel Ensemble Optimization  |
 ======================================
 Optimizing all 1386 structures from file "crest_dynamics.trj" ...
 ----------------------
 crude pre-optimization
 ----------------------
 Optimization engine: ANCOPT
 Hessian update type: BFGS
 E/G convergence criteria:  0.500E-03 Eh, 0.100E-01 Eh/a0
 maximum optimization steps: 200
 |>0.1% |>7.5% |>15.0% |>22.5% |>30.0% |>37.5% |>45.0% |>52.5% |>60.0% |>67.5% |>75.0% |>82.5% |>90.0% |>97.5% |>100.0%
 done.
> 1386 of 1386 structures successfully optimized (100.0% success)
> Total runtime for 1386 optimizations:
 * wall-time:     0 d,  0 h,  0 min, 32.734 sec
 *  cpu-time:     0 d,  0 h,  8 min, 10.272 sec
 * ratio c/w:    14.977 speedup
> Corresponding to approximately 0.024 sec per processed structure

CREGEN> running RMSDs ... done.
CREGEN> E lowest :   -51.23675
 1165 structures remain within    12.00 kcal/mol window
 ----------------------------------
 optimization with tight thresholds
 ----------------------------------
 Optimization engine: ANCOPT
 Hessian update type: BFGS
 E/G convergence criteria:  0.100E-05 Eh, 0.800E-03 Eh/a0
 maximum optimization steps: 200
 |>0.1% |>7.6% |>15.0% |>22.6% |>30.0% |>37.5% |>45.1% |>52.5% |>60.0% |>67.6% |>75.0% |>82.6% |>90.0% |>97.5% |>100.0%
 done.
> 1165 of 1165 structures successfully optimized (100.0% success)
> Total runtime for 1165 optimizations:
 * wall-time:     0 d,  0 h,  1 min, 19.749 sec
 *  cpu-time:     0 d,  0 h, 20 min, 10.629 sec
 * ratio c/w:    15.180 speedup
> Corresponding to approximately 0.068 sec per processed structure

CREGEN> running RMSDs ... done.
CREGEN> E lowest :   -51.23706
 185 structures remain within     6.00 kcal/mol window

========================================
           MTD Simulations done         
========================================
 Collecting ensmbles.
CREGEN> running RMSDs ... done.
CREGEN> E lowest :   -51.23706
 366 structures remain within     6.00 kcal/mol window


 ===============================================
 Additional regular MDs on lowest 4 conformer(s)
 ===============================================
  :::::::::::::: starting MD   1 ::::::::::::::
  |   MD simulation time   :     5.0 ps       |
  |   target T             :   400.0 K        |
  |   timestep dt          :     5.0 fs       |
  |   dump interval(trj)   :   100.0 fs       |
  |   SHAKE algorithm      : true (all bonds) |
  :::::::::::::: starting MD   2 ::::::::::::::
  |   MD simulation time   :     5.0 ps       |
  |   target T             :   400.0 K        |
  |   timestep dt          :     5.0 fs       |
  |   dump interval(trj)   :   100.0 fs       |
  |   SHAKE algorithm      : true (all bonds) |
  :::::::::::::: starting MD   5 ::::::::::::::
  |   MD simulation time   :     5.0 ps       |
  |   target T             :   500.0 K        |
  |   timestep dt          :     5.0 fs       |
  |   dump interval(trj)   :   100.0 fs       |
  |   SHAKE algorithm      : true (all bonds) |
  :::::::::::::: starting MD   4 ::::::::::::::
  |   MD simulation time   :     5.0 ps       |
  |   target T             :   400.0 K        |
  |   timestep dt          :     5.0 fs       |
  |   dump interval(trj)   :   100.0 fs       |
  |   SHAKE algorithm      : true (all bonds) |
  :::::::::::::: starting MD   8 ::::::::::::::
  |   MD simulation time   :     5.0 ps       |
  |   target T             :   500.0 K        |
  |   timestep dt          :     5.0 fs       |
  |   dump interval(trj)   :   100.0 fs       |
  |   SHAKE algorithm      : true (all bonds) |
  :::::::::::::: starting MD   7 ::::::::::::::
  |   MD simulation time   :     5.0 ps       |
  |   target T             :   500.0 K        |
  |   timestep dt          :     5.0 fs       |
  |   dump interval(trj)   :   100.0 fs       |
  |   SHAKE algorithm      : true (all bonds) |
  :::::::::::::: starting MD   6 ::::::::::::::
  |   MD simulation time   :     5.0 ps       |
  |   target T             :   500.0 K        |
  |   timestep dt          :     5.0 fs       |
  |   dump interval(trj)   :   100.0 fs       |
  |   SHAKE algorithm      : true (all bonds) |
  :::::::::::::: starting MD   3 ::::::::::::::
  |   MD simulation time   :     5.0 ps       |
  |   target T             :   400.0 K        |
  |   timestep dt          :     5.0 fs       |
  |   dump interval(trj)   :   100.0 fs       |
  |   SHAKE algorithm      : true (all bonds) |
*MD   1 completed successfully ...        0 min, 29.894 sec
*MD   4 completed successfully ...        0 min, 29.897 sec
*MD   2 completed successfully ...        0 min, 30.259 sec
*MD   7 completed successfully ...        0 min, 30.403 sec
*MD   3 completed successfully ...        0 min, 30.508 sec
*MD   5 completed successfully ...        0 min, 30.723 sec
*MD   6 completed successfully ...        0 min, 30.833 sec
*MD   8 completed successfully ...        0 min, 31.434 sec
 Appending file crest_rotamers_1.xyz with new structures
 Optimizing all 758 structures from file "crest_rotamers_1.xyz" ...
 ----------------------------------
 optimization with tight thresholds
 ----------------------------------
 Optimization engine: ANCOPT
 Hessian update type: BFGS
 E/G convergence criteria:  0.100E-05 Eh, 0.800E-03 Eh/a0
 maximum optimization steps: 200
 |>0.1% |>10.0% |>20.1% |>30.1% |>40.1% |>50.0% |>60.0% |>70.1% |>80.1% |>90.1% |>100.0%
 done.
> 758 of 758 structures successfully optimized (100.0% success)
> Total runtime for 758 optimizations:
 * wall-time:     0 d,  0 h,  0 min, 20.162 sec
 *  cpu-time:     0 d,  0 h,  5 min,  4.436 sec
 * ratio c/w:    15.100 speedup
> Corresponding to approximately 0.027 sec per processed structure

CREGEN> running RMSDs ... done.
CREGEN> E lowest :   -51.23706
 380 structures remain within     6.00 kcal/mol window

     ========================================
     |        Structure Crossing (GC)       |
     ========================================

 =============================
  # threads =          16
 =============================
input  file name : crest_rotamers_2.xyz
number of atoms                :      32
number of points on xyz files  :     380
conformer energy window  /kcal :    6.00
CN per atom difference cut-off :  0.3000
RMSD threshold (Ang, Bohr)     :  0.2500  0.4724
max. # of generated structures :      500
 # in E window         380
 finished.
 average rmsd w.r.t input     :     1.19153
 number of clash discarded    :       71672
 removed identical structures :         309

 29 structures written to confcross.xyz


 ======================================
 |  Multilevel Ensemble Optimization  |
 ======================================
 Optimizing all 29 structures from file "confcross.xyz" ...
 ----------------------
 crude pre-optimization
 ----------------------
 Optimization engine: ANCOPT
 Hessian update type: BFGS
 E/G convergence criteria:  0.500E-03 Eh, 0.100E-01 Eh/a0
 maximum optimization steps: 200
 |>3.4% |>10.3% |>20.7% |>31.0% |>41.4% |>51.7% |>62.1% |>72.4% |>82.8% |>93.1% |>100.0%
 done.
> 29 of 29 structures successfully optimized (100.0% success)
> Total runtime for 29 optimizations:
 * wall-time:     0 d,  0 h,  0 min,  0.390 sec
 *  cpu-time:     0 d,  0 h,  0 min,  4.042 sec
 * ratio c/w:    10.364 speedup
> Corresponding to approximately 0.013 sec per processed structure

CREGEN> running RMSDs ... done.
CREGEN> E lowest :   -51.23706
 23 structures remain within    12.00 kcal/mol window
 ----------------------------------
 optimization with tight thresholds
 ----------------------------------
 Optimization engine: ANCOPT
 Hessian update type: BFGS
 E/G convergence criteria:  0.100E-05 Eh, 0.800E-03 Eh/a0
 maximum optimization steps: 200
 |>4.3% |>13.0% |>21.7% |>30.4% |>43.5% |>52.2% |>60.9% |>73.9% |>82.6% |>91.3% |>100.0%
 done.
> 23 of 23 structures successfully optimized (100.0% success)
> Total runtime for 23 optimizations:
 * wall-time:     0 d,  0 h,  0 min,  0.458 sec
 *  cpu-time:     0 d,  0 h,  0 min,  4.847 sec
 * ratio c/w:    10.571 speedup
> Corresponding to approximately 0.020 sec per processed structure

CREGEN> running RMSDs ... done.
CREGEN> E lowest :   -51.23706
 8 structures remain within     6.00 kcal/mol window
appending new structures to crest_rotamers_2.xyz
CREGEN> running RMSDs ... done.
CREGEN> E lowest :   -51.23706


   ================================================
   |           Final Geometry Optimization        |
   ================================================
 Optimizing all 383 structures from file "crest_rotamers_3.xyz" ...
 ---------------------------------------
 optimization with very tight thresholds
 ---------------------------------------
 Optimization engine: ANCOPT
 Hessian update type: BFGS
 E/G convergence criteria:  0.100E-06 Eh, 0.200E-03 Eh/a0
 maximum optimization steps: 200
 |>0.3% |>10.2% |>20.1% |>30.0% |>40.2% |>50.1% |>60.1% |>70.2% |>80.2% |>90.1% |>100.0%
 done.
> 381 of 383 structures successfully optimized (99.5% success)
> Total runtime for 383 optimizations:
 * wall-time:     0 d,  0 h,  0 min,  8.726 sec
 *  cpu-time:     0 d,  0 h,  2 min,  7.205 sec
 * ratio c/w:    14.577 speedup
> Corresponding to approximately 0.023 sec per processed structure

CREGEN> running RMSDs ... done.
CREGEN> E lowest :   -51.23706
 362 structures remain within     6.00 kcal/mol window


 --------------------------
 Final Ensemble Information
 --------------------------
 input  file name : crest_rotamers_3.xyz
 output file name : crest_rotamers_4.xyz
 number of atoms                :   32
 number of points on xyz files  :   381
 RMSD threshold                 :   0.1250
 Bconst threshold               :   0.0100
 population threshold           :   0.0500
 # fragment in coord            :     1
 # bonds in reference structure :    31
 number of reliable points      :   381
 sorting energy window (EWIN)   :    6.0000 / kcal*mol⁻¹
 reference state Etot           :  -51.237064640000000
 number of doubles removed by rot/RMSD         :          19
 total number unique points considered further :         362
       Erel/kcal        Etot weight/tot  conformer     set   degen     origin
       1   0.000   -51.23706    0.08515    0.76631       1       9
       2   0.000   -51.23706    0.08515
       3   0.000   -51.23706    0.08515
       4   0.000   -51.23706    0.08515
       5   0.000   -51.23706    0.08515
       6   0.000   -51.23706    0.08515
       7   0.000   -51.23706    0.08514
       8   0.000   -51.23706    0.08514
       9   0.000   -51.23706    0.08514
      10   0.601   -51.23611    0.03093    0.12371       2       4
      11   0.601   -51.23611    0.03093
      12   0.601   -51.23611    0.03093
      13   0.601   -51.23611    0.03092
      14   0.954   -51.23554    0.01703    0.05108       3       3
      15   0.955   -51.23554    0.01703
      16   0.955   -51.23554    0.01702
      17   1.456   -51.23474    0.00731    0.00731       4       1
      18   1.656   -51.23443    0.00522    0.00522       5       1
      19   2.196   -51.23356    0.00210    0.00629       6       3
      20   2.196   -51.23356    0.00210
      21   2.198   -51.23356    0.00209
      22   2.410   -51.23322    0.00146    0.00146       7       1
      23   2.421   -51.23321    0.00144    0.00718       8       5
      24   2.421   -51.23321    0.00144
      25   2.421   -51.23321    0.00144
      26   2.421   -51.23321    0.00144
      27   2.421   -51.23321    0.00144
      28   2.481   -51.23311    0.00130    0.00130       9       1
      29   2.507   -51.23307    0.00124    0.00124      10       1
      30   2.510   -51.23306    0.00124    0.00494      11       4
      31   2.510   -51.23306    0.00124
      32   2.510   -51.23306    0.00124
      33   2.510   -51.23306    0.00124
      34   2.576   -51.23296    0.00111    0.00111      12       1
      35   2.578   -51.23296    0.00110    0.00110      13       1
      36   2.620   -51.23289    0.00103    0.00308      14       3
      37   2.620   -51.23289    0.00103
      38   2.620   -51.23289    0.00103
      39   2.695   -51.23277    0.00090    0.00362      15       4
      40   2.695   -51.23277    0.00090
      41   2.695   -51.23277    0.00090
      42   2.695   -51.23277    0.00090
      43   2.999   -51.23228    0.00054    0.00108      16       2
      44   2.999   -51.23228    0.00054
      45   3.420   -51.23161    0.00027    0.00107      17       4
      46   3.420   -51.23161    0.00027
      47   3.420   -51.23161    0.00027
      48   3.420   -51.23161    0.00027
      49   3.491   -51.23150    0.00024    0.00142      18       6
      50   3.491   -51.23150    0.00024
      51   3.491   -51.23150    0.00024
      52   3.491   -51.23150    0.00024
      53   3.491   -51.23150    0.00024
      54   3.491   -51.23150    0.00024
      55   3.499   -51.23149    0.00023    0.00093      19       4
      56   3.499   -51.23149    0.00023
      57   3.499   -51.23149    0.00023
      58   3.499   -51.23149    0.00023
      59   3.552   -51.23140    0.00021    0.00021      20       1
      60   3.553   -51.23140    0.00021    0.00064      21       3
      61   3.553   -51.23140    0.00021
      62   3.553   -51.23140    0.00021
      63   3.555   -51.23140    0.00021    0.00021      22       1
      64   3.727   -51.23113    0.00016    0.00016      23       1
      65   3.760   -51.23107    0.00015    0.00090      24       6
      66   3.760   -51.23107    0.00015
      67   3.760   -51.23107    0.00015
      68   3.760   -51.23107    0.00015
      69   3.760   -51.23107    0.00015
      70   3.760   -51.23107    0.00015
      71   3.826   -51.23097    0.00013    0.00054      25       4
      72   3.826   -51.23097    0.00013
      73   3.826   -51.23097    0.00013
      74   3.826   -51.23097    0.00013
      75   3.995   -51.23070    0.00010    0.00020      26       2
      76   3.995   -51.23070    0.00010
      77   3.997   -51.23070    0.00010    0.00010      27       1
      78   3.999   -51.23069    0.00010    0.00010      28       1
      79   4.013   -51.23067    0.00010    0.00020      29       2
      80   4.013   -51.23067    0.00010
      81   4.089   -51.23055    0.00009    0.00009      30       1
      82   4.092   -51.23054    0.00009    0.00009      31       1
      83   4.120   -51.23050    0.00008    0.00033      32       4
      84   4.120   -51.23050    0.00008
      85   4.120   -51.23050    0.00008
      86   4.120   -51.23050    0.00008
      87   4.139   -51.23047    0.00008    0.00024      33       3
      88   4.139   -51.23047    0.00008
      89   4.140   -51.23047    0.00008
      90   4.183   -51.23040    0.00007    0.00051      34       7
      91   4.183   -51.23040    0.00007
      92   4.183   -51.23040    0.00007
      93   4.183   -51.23040    0.00007
      94   4.183   -51.23040    0.00007
      95   4.183   -51.23040    0.00007
      96   4.183   -51.23040    0.00007
      97   4.194   -51.23038    0.00007    0.00014      35       2
      98   4.194   -51.23038    0.00007
      99   4.220   -51.23034    0.00007    0.00014      36       2
     100   4.220   -51.23034    0.00007
     101   4.225   -51.23033    0.00007    0.00007      37       1
     102   4.247   -51.23030    0.00007    0.00020      38       3
     103   4.247   -51.23030    0.00007
     104   4.247   -51.23030    0.00007
     105   4.253   -51.23029    0.00007    0.00013      39       2
     106   4.253   -51.23029    0.00007
     107   4.266   -51.23027    0.00006    0.00006      40       1
     108   4.271   -51.23026    0.00006    0.00013      41       2
     109   4.272   -51.23026    0.00006
     110   4.295   -51.23022    0.00006    0.00012      42       2
     111   4.297   -51.23022    0.00006
     112   4.297   -51.23022    0.00006    0.00012      43       2
     113   4.297   -51.23022    0.00006
     114   4.318   -51.23018    0.00006    0.00006      44       1
     115   4.326   -51.23017    0.00006    0.00017      45       3
     116   4.326   -51.23017    0.00006
     117   4.327   -51.23017    0.00006
     118   4.327   -51.23017    0.00006    0.00006      46       1
     119   4.328   -51.23017    0.00006    0.00006      47       1
     120   4.330   -51.23016    0.00006    0.00011      48       2
     121   4.330   -51.23016    0.00006
     122   4.338   -51.23015    0.00006    0.00011      49       2
     123   4.338   -51.23015    0.00006
     124   4.347   -51.23014    0.00006    0.00028      50       5
     125   4.349   -51.23013    0.00006
     126   4.351   -51.23013    0.00006
     127   4.351   -51.23013    0.00006
     128   4.351   -51.23013    0.00006
     129   4.402   -51.23005    0.00005    0.00015      51       3
     130   4.402   -51.23005    0.00005
     131   4.402   -51.23005    0.00005
     132   4.409   -51.23004    0.00005    0.00010      52       2
     133   4.411   -51.23004    0.00005
     134   4.413   -51.23003    0.00005    0.00005      53       1
     135   4.434   -51.23000    0.00005    0.00005      54       1
     136   4.446   -51.22998    0.00005    0.00005      55       1
     137   4.447   -51.22998    0.00005    0.00014      56       3
     138   4.447   -51.22998    0.00005
     139   4.447   -51.22998    0.00005
     140   4.480   -51.22993    0.00004    0.00018      57       4
     141   4.480   -51.22993    0.00004
     142   4.480   -51.22992    0.00004
     143   4.481   -51.22992    0.00004
     144   4.513   -51.22987    0.00004    0.00004      58       1
     145   4.542   -51.22983    0.00004    0.00020      59       5
     146   4.542   -51.22983    0.00004
     147   4.543   -51.22982    0.00004
     148   4.543   -51.22982    0.00004
     149   4.544   -51.22982    0.00004
     150   4.576   -51.22977    0.00004    0.00004      60       1
     151   4.585   -51.22976    0.00004    0.00007      61       2
     152   4.588   -51.22975    0.00004
     153   4.586   -51.22976    0.00004    0.00011      62       3
     154   4.588   -51.22975    0.00004
     155   4.589   -51.22975    0.00004
     156   4.596   -51.22974    0.00004    0.00004      63       1
     157   4.604   -51.22973    0.00004    0.00004      64       1
     158   4.607   -51.22972    0.00004    0.00004      65       1
     159   4.609   -51.22972    0.00004    0.00004      66       1
     160   4.610   -51.22972    0.00004    0.00004      67       1
     161   4.613   -51.22971    0.00004    0.00004      68       1
     162   4.619   -51.22970    0.00004    0.00007      69       2
     163   4.622   -51.22970    0.00004
     164   4.625   -51.22969    0.00003    0.00007      70       2
     165   4.625   -51.22969    0.00003
     166   4.626   -51.22969    0.00003    0.00014      71       4
     167   4.626   -51.22969    0.00003
     168   4.626   -51.22969    0.00003
     169   4.627   -51.22969    0.00003
     170   4.643   -51.22967    0.00003    0.00010      72       3
     171   4.643   -51.22967    0.00003
     172   4.643   -51.22967    0.00003
     173   4.656   -51.22965    0.00003    0.00010      73       3
     174   4.656   -51.22965    0.00003
     175   4.656   -51.22964    0.00003
     176   4.669   -51.22962    0.00003    0.00013      74       4
     177   4.669   -51.22962    0.00003
     178   4.669   -51.22962    0.00003
     179   4.669   -51.22962    0.00003
     180   4.674   -51.22962    0.00003    0.00003      75       1
     181   4.689   -51.22959    0.00003    0.00006      76       2
     182   4.689   -51.22959    0.00003
     183   4.745   -51.22950    0.00003    0.00011      77       4
     184   4.745   -51.22950    0.00003
     185   4.745   -51.22950    0.00003
     186   4.745   -51.22950    0.00003
     187   4.746   -51.22950    0.00003    0.00006      78       2
     188   4.746   -51.22950    0.00003
     189   4.774   -51.22946    0.00003    0.00005      79       2
     190   4.774   -51.22946    0.00003
     191   4.805   -51.22941    0.00003    0.00008      80       3
     192   4.805   -51.22941    0.00003
     193   4.805   -51.22941    0.00003
     194   4.813   -51.22939    0.00003    0.00003      81       1
     195   4.847   -51.22934    0.00002    0.00005      82       2
     196   4.848   -51.22934    0.00002
     197   4.852   -51.22933    0.00002    0.00005      83       2
     198   4.853   -51.22933    0.00002
     199   4.853   -51.22933    0.00002    0.00005      84       2
     200   4.853   -51.22933    0.00002
     201   4.873   -51.22930    0.00002    0.00002      85       1
     202   4.880   -51.22929    0.00002    0.00005      86       2
     203   4.881   -51.22929    0.00002
     204   4.912   -51.22924    0.00002    0.00006      87       3
     205   4.915   -51.22923    0.00002
     206   4.918   -51.22923    0.00002
     207   4.921   -51.22922    0.00002    0.00002      88       1
     208   4.965   -51.22915    0.00002    0.00002      89       1
     209   4.994   -51.22911    0.00002    0.00002      90       1
     210   4.994   -51.22911    0.00002    0.00004      91       2
     211   4.995   -51.22910    0.00002
     212   4.995   -51.22910    0.00002    0.00006      92       3
     213   4.995   -51.22911    0.00002
     214   4.999   -51.22910    0.00002
     215   5.014   -51.22907    0.00002    0.00002      93       1
     216   4.996   -51.22910    0.00002    0.00002      94       1
     217   5.037   -51.22904    0.00002    0.00002      95       1
     218   5.037   -51.22904    0.00002    0.00003      96       2
     219   5.037   -51.22904    0.00002
     220   5.040   -51.22903    0.00002    0.00002      97       1
     221   5.065   -51.22899    0.00002    0.00002      98       1
     222   5.121   -51.22890    0.00002    0.00003      99       2
     223   5.122   -51.22890    0.00002
     224   5.128   -51.22889    0.00001    0.00004     100       3
     225   5.128   -51.22889    0.00001
     226   5.128   -51.22889    0.00001
     227   5.131   -51.22889    0.00001    0.00001     101       1
     228   5.155   -51.22885    0.00001    0.00001     102       1
     229   5.181   -51.22881    0.00001    0.00001     103       1
     230   5.185   -51.22880    0.00001    0.00007     104       5
     231   5.185   -51.22880    0.00001
     232   5.185   -51.22880    0.00001
     233   5.185   -51.22880    0.00001
     234   5.185   -51.22880    0.00001
     235   5.202   -51.22877    0.00001    0.00001     105       1
     236   5.214   -51.22876    0.00001    0.00001     106       1
     237   5.228   -51.22873    0.00001    0.00001     107       1
     238   5.247   -51.22870    0.00001    0.00001     108       1
     239   5.247   -51.22870    0.00001    0.00001     109       1
     240   5.279   -51.22865    0.00001    0.00002     110       2
     241   5.279   -51.22865    0.00001
     242   5.280   -51.22865    0.00001    0.00002     111       2
     243   5.280   -51.22865    0.00001
     244   5.282   -51.22865    0.00001    0.00001     112       1
     245   5.300   -51.22862    0.00001    0.00001     113       1
     246   5.310   -51.22860    0.00001    0.00001     114       1
     247   5.317   -51.22859    0.00001    0.00004     115       4
     248   5.317   -51.22859    0.00001
     249   5.317   -51.22859    0.00001
     250   5.318   -51.22859    0.00001
     251   5.332   -51.22857    0.00001    0.00004     116       4
     252   5.334   -51.22856    0.00001
     253   5.334   -51.22856    0.00001
     254   5.334   -51.22856    0.00001
     255   5.342   -51.22855    0.00001    0.00003     117       3
     256   5.342   -51.22855    0.00001
     257   5.342   -51.22855    0.00001
     258   5.354   -51.22853    0.00001    0.00001     118       1
     259   5.357   -51.22853    0.00001    0.00002     119       2
     260   5.358   -51.22853    0.00001
     261   5.370   -51.22851    0.00001    0.00003     120       3
     262   5.370   -51.22851    0.00001
     263   5.370   -51.22851    0.00001
     264   5.373   -51.22850    0.00001    0.00001     121       1
     265   5.436   -51.22840    0.00001    0.00001     122       1
     266   5.446   -51.22839    0.00001    0.00003     123       3
     267   5.446   -51.22839    0.00001
     268   5.446   -51.22839    0.00001
     269   5.452   -51.22838    0.00001    0.00002     124       2
     270   5.452   -51.22838    0.00001
     271   5.485   -51.22832    0.00001    0.00002     125       2
     272   5.486   -51.22832    0.00001
     273   5.495   -51.22831    0.00001    0.00001     126       1
     274   5.504   -51.22829    0.00001    0.00003     127       4
     275   5.504   -51.22829    0.00001
     276   5.504   -51.22829    0.00001
     277   5.504   -51.22829    0.00001
     278   5.537   -51.22824    0.00001    0.00001     128       1
     279   5.539   -51.22824    0.00001    0.00002     129       3
     280   5.541   -51.22823    0.00001
     281   5.541   -51.22823    0.00001
     282   5.544   -51.22823    0.00001    0.00003     130       4
     283   5.544   -51.22823    0.00001
     284   5.544   -51.22823    0.00001
     285   5.544   -51.22823    0.00001
     286   5.547   -51.22823    0.00001    0.00001     131       1
     287   5.552   -51.22822    0.00001    0.00002     132       3
     288   5.552   -51.22822    0.00001
     289   5.552   -51.22822    0.00001
     290   5.562   -51.22820    0.00001    0.00002     133       3
     291   5.562   -51.22820    0.00001
     292   5.562   -51.22820    0.00001
     293   5.603   -51.22814    0.00001    0.00001     134       1
     294   5.604   -51.22813    0.00001    0.00001     135       1
     295   5.604   -51.22813    0.00001    0.00001     136       1
     296   5.607   -51.22813    0.00001    0.00001     137       1
     297   5.619   -51.22811    0.00001    0.00001     138       2
     298   5.619   -51.22811    0.00001
     299   5.625   -51.22810    0.00001    0.00001     139       2
     300   5.625   -51.22810    0.00001
     301   5.631   -51.22809    0.00001    0.00001     140       1
     302   5.637   -51.22808    0.00001    0.00003     141       4
     303   5.637   -51.22808    0.00001
     304   5.637   -51.22808    0.00001
     305   5.637   -51.22808    0.00001
     306   5.642   -51.22807    0.00001    0.00001     142       1
     307   5.645   -51.22807    0.00001    0.00001     143       1
     308   5.659   -51.22805    0.00001    0.00002     144       3
     309   5.659   -51.22805    0.00001
     310   5.659   -51.22805    0.00001
     311   5.664   -51.22804    0.00001    0.00002     145       4
     312   5.664   -51.22804    0.00001
     313   5.665   -51.22804    0.00001
     314   5.665   -51.22804    0.00001
     315   5.669   -51.22803    0.00001    0.00001     146       1
     316   5.681   -51.22801    0.00001    0.00001     147       2
     317   5.681   -51.22801    0.00001
     318   5.686   -51.22800    0.00001    0.00001     148       2
     319   5.687   -51.22800    0.00001
     320   5.710   -51.22797    0.00001    0.00002     149       3
     321   5.710   -51.22797    0.00001
     322   5.710   -51.22797    0.00001
     323   5.725   -51.22794    0.00001    0.00001     150       1
     324   5.737   -51.22792    0.00001    0.00001     151       1
     325   5.741   -51.22792    0.00001    0.00001     152       1
     326   5.757   -51.22789    0.00001    0.00002     153       3
     327   5.758   -51.22789    0.00001
     328   5.758   -51.22789    0.00001
     329   5.798   -51.22783    0.00000    0.00001     154       3
     330   5.798   -51.22782    0.00000
     331   5.799   -51.22782    0.00000
     332   5.807   -51.22781    0.00000    0.00000     155       1
     333   5.807   -51.22781    0.00000    0.00001     156       2
     334   5.807   -51.22781    0.00000
     335   5.850   -51.22774    0.00000    0.00002     157       4
     336   5.850   -51.22774    0.00000
     337   5.850   -51.22774    0.00000
     338   5.850   -51.22774    0.00000
     339   5.850   -51.22774    0.00000    0.00001     158       2
     340   5.852   -51.22774    0.00000
     341   5.868   -51.22771    0.00000    0.00000     159       1
     342   5.886   -51.22769    0.00000    0.00000     160       1
     343   5.886   -51.22768    0.00000    0.00000     161       1
     344   5.913   -51.22764    0.00000    0.00001     162       2
     345   5.913   -51.22764    0.00000
     346   5.916   -51.22764    0.00000    0.00001     163       3
     347   5.916   -51.22764    0.00000
     348   5.916   -51.22764    0.00000
     349   5.919   -51.22763    0.00000    0.00002     164       4
     350   5.919   -51.22763    0.00000
     351   5.919   -51.22763    0.00000
     352   5.920   -51.22763    0.00000
     353   5.926   -51.22762    0.00000    0.00002     165       4
     354   5.926   -51.22762    0.00000
     355   5.926   -51.22762    0.00000
     356   5.926   -51.22762    0.00000
     357   5.948   -51.22759    0.00000    0.00001     166       2
     358   5.955   -51.22757    0.00000
     359   5.958   -51.22757    0.00000    0.00000     167       1
     360   5.981   -51.22753    0.00000    0.00000     168       1
     361   5.996   -51.22751    0.00000    0.00001     169       2
     362   5.996   -51.22751    0.00000
T /K                                  :   298.15
E lowest                              :   -51.23706
ensemble average energy (kcal)        :    0.280
ensemble entropy (J/mol K, cal/mol K) :   24.409    5.834
ensemble free energy (kcal/mol)       :   -1.739
population of lowest in %             :   76.631
 number of unique conformers for further calc          169
 list of relative energies saved as "crest.energies"

 -----------------
 Wall Time Summary
 -----------------
 CREST runtime (total)               0 d,  0 h,  6 min, 32.281 sec
 ------------------------------------------------------------------
 Trial metadynamics (MTD)   ...        0 min,  2.563 sec (  0.653%)
 Metadynamics (MTD)         ...        1 min, 31.670 sec ( 23.368%)
 Geometry optimization      ...        4 min, 25.073 sec ( 67.572%)
 Molecular dynamics (MD)    ...        0 min, 31.467 sec (  8.022%)
 Genetic crossing (GC)      ...        0 min,  1.120 sec (  0.286%)
 I/O and setup              ...        0 min,  0.388 sec (  0.099%)
 ------------------------------------------------------------------
 * wall-time:     0 d,  0 h,  6 min, 32.281 sec
 *  cpu-time:     0 d,  1 h, 32 min, 45.842 sec
 * ratio c/w:    14.188 speedup
 ------------------------------------------------------------------
 * Total number of energy+grad calls: 270607

 CREST terminated normally.
