  32
 Etot=         -50.9390513073
 S         -1.8286351867        1.2743041158        1.1833032667
 O          0.3726479573       -2.6303741315       -0.0599206389
 O          2.4830785304       -1.0783714957       -0.6001746656
 O          2.8865355804       -0.8690471685        1.5867983176
 N         -0.4446552296       -0.7809247948       -1.1510853093
 N         -1.8153872434       -1.9311514035        0.1027092243
 C         -1.6444823551        0.0079838268       -1.1957765867
 C         -2.6255855905       -0.8192569633       -0.3195031138
 C         -1.5138389986        1.4340412734       -0.6130956029
 C         -3.1207497327        0.0461620911        0.8441527621
 C         -0.1931537491        2.1361778973       -0.9271993157
 C          0.9594158836        1.7265107053       -0.0008896114
 C         -0.5260374457       -1.8565680226       -0.3233945503
 C          2.3160332600        1.7153606946       -0.7076185755
 C          3.3689268894        0.9903784843        0.1348944710
 C          2.9017644144       -0.4141940713        0.4750883560
 H         -1.9963382104        0.0926681409       -2.2330368520
 H         -3.4889228365       -1.1787479203       -0.8952421425
 H         -2.3439833188        2.0268074284       -1.0126538315
 H         -4.0397920561        0.5696139083        0.5763628174
 H         -3.2864427424       -0.5380362775        1.7463362378
 H          0.0613358691        1.9122272902       -1.9672748405
 H         -0.3479569992        3.2139711668       -0.8590443737
 H          0.4305510099       -0.4866800495       -1.5483196777
 H         -2.1105422314       -2.5898788550        0.7999810137
 H          0.9944347286        2.4024721456        0.8546430469
 H          0.7647245849        0.7336538503        0.4029733997
 H          2.2286991752        1.1994864398       -1.6667120954
 H          2.6450172972        2.7366715381       -0.9080728737
 H          3.5544558043        1.5182603266        1.0702682886
 H          4.3050725781        0.9190835293       -0.4216175346
 H          1.9858896238       -1.8995543228       -0.3441250919
