  35
 Etot=         -52.9895565771
 S          2.0302412407       -1.1534270062       -1.6028272555
 O          3.0173655755        2.2918770543        0.3555745803
 N          0.6278705939       -1.0874526738        0.4843904379
 N         -3.7463782429       -0.0794812758       -0.3643735176
 N         -2.4172007765        1.7961702578        0.0997530137
 N         -3.1574499970       -2.2176303575        0.1510392573
 C          1.7981922265       -0.4726532144        0.8518315433
 C         -0.5559318872       -1.2158731126        1.3261033208
 C          2.6970944425       -0.4305892601       -0.1773052506
 C          4.0376277387        0.2117189264       -0.2120077670
 C         -1.6663491850       -0.3721612885        0.7494555104
 C          0.6081810870       -1.4949128873       -0.7743330264
 C          2.0065317631        0.0446731827        2.2274861340
 C          3.8958785112        1.7012370033       -0.5732130265
 C         -2.8619429967       -0.8918158691        0.2075975636
 C         -1.5240328027        1.0062917254        0.6589060874
 C         -3.5062116691        1.2200270151       -0.4042254695
 C         -4.5247102332        2.0951812360       -1.0375416681
 H         -0.3038720734       -0.8863730327        2.3342158482
 H         -0.8371850753       -2.2702396508        1.3592985093
 H          4.6719964989       -0.2709328144       -0.9545675722
 H          4.5132302600        0.1298225849        0.7654401861
 H         -0.2439980382       -1.9794956342       -1.2137569603
 H          1.2302591547        0.7591598806        2.4937275185
 H          2.0049328453       -0.7675870428        2.9540767856
 H          2.9548496088        0.5671084995        2.2821307623
 H          3.4990889337        1.7958885517       -1.5944518842
 H          4.8874215939        2.1665200158       -0.5378851242
 H         -0.6402684709        1.5023529073        1.0435790707
 H         -2.8117482084       -2.8458892255        0.8562636244
 H         -4.0929205258       -2.4096872143       -0.1751758657
 H          3.0165596255        3.2470452387        0.2342740837
 H         -5.1307057735        1.5231037508       -1.7327559879
 H         -5.1744177447        2.4991921628       -0.2620281406
 H         -4.0401220390        2.9301896869       -1.5346005132
  35
 Etot=         -52.9895565892
 S          2.0302496088       -1.1534309103       -1.6028254220
 O          3.0173825457        2.2918806723        0.3555640767
 N          0.6278771065       -1.0874473418        0.4843950221
 N         -3.7463745551       -0.0794816121       -0.3643733862
 N         -2.4172088889        1.7961888777        0.0997483501
 N         -3.1574342583       -2.2176089495        0.1510421711
 C          1.7981969250       -0.4726552517        0.8518305181
 C         -0.5559314155       -1.2158751799        1.3261077938
 C          2.6970908558       -0.4305858379       -0.1773083425
 C          4.0376225284        0.2117094109       -0.2120138575
 C         -1.6663531594       -0.3721662364        0.7494547484
 C          0.6081729461       -1.4949116184       -0.7743382577
 C          2.0065363787        0.0446673010        2.2274814806
 C          3.8958786570        1.7012376787       -0.5731998284
 C         -2.8619530778       -0.8918292612        0.2075945337
 C         -1.5240139544        1.0062813988        0.6589222529
 C         -3.5062220013        1.2200158743       -0.4042317553
 C         -4.5247165777        2.0951802510       -1.0375438228
 H         -0.3038734919       -0.8863741468        2.3342147168
 H         -0.8371871538       -2.2702361782        1.3593006325
 H          4.6719944690       -0.2709335543       -0.9545702989
 H          4.5132333606        0.1298164242        0.7654431467
 H         -0.2439957718       -1.9794977760       -1.2137541343
 H          1.2302519269        0.7591725597        2.4937274540
 H          2.0049331266       -0.7675893873        2.9540755685
 H          2.9548448335        0.5671091998        2.2821244894
 H          3.4990839054        1.7958976061       -1.5944456250
 H          4.8874168165        2.1665231278       -0.5378886057
 H         -0.6402706092        1.5023519453        1.0435762195
 H         -2.8117493737       -2.8458885881        0.8562631661
 H         -4.0929282566       -2.4096895945       -0.1751774311
 H          3.0165653382        3.2470446979        0.2342840863
 H         -5.1307052444        1.5231070937       -1.7327495451
 H         -5.1744125217        2.4991920402       -0.2620331083
 H         -4.0401250567        2.9301833849       -1.5346021992
