  23
 Etot=         -37.8491586142
 O          2.3713848656       -0.7499799991       -0.2056759894
 O          0.8456761692       -2.8859858000        0.4116476321
 O         -3.5176003798        0.6354522266        0.0215227306
 N          0.2200501663        2.0954938611        0.1267911222
 C         -0.0453516692       -0.6613013005       -0.1235080317
 C         -1.1728195627        0.1614751263       -0.0230548154
 C          1.2134857166       -0.0555697011       -0.1027539094
 C          1.2966027020        1.3432515713        0.0233785051
 C         -0.1536848605       -2.1620941287       -0.2904082384
 C         -2.5710679495       -0.4019025467       -0.0648499774
 C         -0.9733073329        1.5275879376        0.1043558506
 C          2.6325121789        2.0116085086        0.0359714871
 H         -1.1453888572       -2.5130235006        0.0124660678
 H         -0.0089585839       -2.4271119041       -1.3441932480
 H         -2.7033748383       -0.9640592393       -1.0035729401
 H         -2.7066396798       -1.1058793515        0.7741258631
 H         -1.8186418588        2.1925362312        0.1887498746
 H          3.2402756202        1.6157813556        0.8475516069
 H          3.1573477070        1.8085175342       -0.8956872674
 H          2.5003625156        3.0814711942        0.1590294211
 H          2.1733133127       -1.7031418147       -0.1818773418
 H          0.7276255405       -2.7422576758        1.3575543467
 H         -4.4006887257        0.2568986149       -0.0337342964
  23
 Etot=         -37.8491586187
 O          2.3713820539       -0.7499841925       -0.2056762510
 O          0.8456667739       -2.8859781424        0.4116423726
 O         -3.5176060998        0.6354413242        0.0215250295
 N          0.2200482162        2.0954917047        0.1267886053
 C         -0.0453494098       -0.6612895999       -0.1234913238
 C         -1.1728054691        0.1614705363       -0.0230455528
 C          1.2134851432       -0.0555662955       -0.1027535940
 C          1.2966130983        1.3432592289        0.0233564211
 C         -0.1536860977       -2.1620993404       -0.2904163502
 C         -2.5710674146       -0.4019022975       -0.0648636744
 C         -0.9732956782        1.5275863132        0.1043712216
 C          2.6324950594        2.0115989356        0.0359815608
 H         -1.1453855732       -2.5130255927        0.0124680578
 H         -0.0089582707       -2.4271191562       -1.3441945135
 H         -2.7033827350       -0.9640636663       -1.0035630720
 H         -2.7066418406       -1.1058708085        0.7741146933
 H         -1.8186430248        2.1925396211        0.1887435664
 H          3.2402864834        1.6157697087        0.8475718743
 H          3.1573462699        1.8085108764       -0.8957087483
 H          2.5003541148        3.0814931027        0.1590324815
 H          2.1733146568       -1.7031393006       -0.1818764308
 H          0.7276269763       -2.7422572142        1.3575558286
 H         -4.4006850368        0.2569014541       -0.0337337498
