  32
 Etot=         -51.2223831083
 O         -1.5102228313       -2.0160567784       -0.4177918796
 O         -2.6950620992        2.0260785824       -0.9208647047
 O         -0.4017945439        1.2537357637        0.3914484459
 O          4.7227859937       -0.1002438283       -1.0737094668
 O          5.0632240740        0.5583971975        1.0270589128
 N          0.6595978255       -0.6094924126       -0.3022005111
 C         -2.9917273581       -0.1508968080        0.2580886319
 C         -1.6214567634       -0.8640405947        0.3952361156
 C         -3.0539572966        0.6838839452       -1.0484001746
 C         -3.2289179091        0.7429741019        1.4781915060
 C         -4.0910790831       -1.2202136491        0.2132833311
 C         -0.4075378953        0.0563241642        0.1660979104
 C          1.9467835880       -0.0008122299       -0.5198247731
 C          2.9881023507       -0.5364600649        0.4713088750
 C          4.3573691065        0.0420279999        0.2072549976
 H         -1.5302088225       -1.2378586957        1.4245723832
 H         -4.0839623444        0.6961773338       -1.4171736247
 H         -2.4326572868        0.1925150943       -1.8227236414
 H         -2.3828978439        1.4000523820        1.6537145168
 H         -3.3851231696        0.1313786222        2.3640367785
 H         -4.1105927567        1.3567008029        1.3137289728
 H         -4.0611125381       -1.7900589813       -0.7129321474
 H         -5.0653674654       -0.7450519925        0.2904393334
 H         -3.9764798879       -1.9146513492        1.0424584254
 H          0.5607104239       -1.6078072336       -0.4316856220
 H         -1.8106165896       -1.7913305446       -1.3068165515
 H          2.2797850503       -0.1974028439       -1.5430206448
 H          1.8136959034        1.0752098108       -0.3820930131
 H         -1.8395557260        2.0739533073       -0.4614530217
 H          3.0610736859       -1.6220243143        0.3661748716
 H          2.7020197474       -0.2973449674        1.4955270039
 H          5.6054028663        0.2766899431       -1.2162292660
