  47
 Etot=         -82.7569142804
 O         -0.6249756796        3.7620572700       -1.1937173055
 O          1.9784229662        3.2703961750       -0.3120376095
 O          1.1761694582        2.5687671728        2.8086399488
 O          2.3018409948       -0.2795275281        1.6783277100
 O          1.6897197528       -3.8691825751        0.8326351377
 O          4.1051507782       -0.9879610867       -1.6711447032
 N         -0.2361192081        0.1416952289       -0.8907593581
 N         -0.6018182924       -2.2893506901        0.4177946510
 N          1.9465129461       -0.4189072222       -1.3244691048
 N          2.8444993970       -2.4338249153       -0.4781527185
 C         -0.2904126025        2.6189949743       -0.4514377870
 C          0.0214888428        1.4602370799       -1.4302460404
 C          0.8718657620        2.9603755441        0.5010322756
 C          1.1419965755        1.8763558887        1.5735640938
 C         -1.4991710154       -0.2394234193       -0.5069358299
 C          0.8039262444       -0.7401901783       -0.7931785691
 C         -1.6535149255       -1.4762116043        0.1715541089
 C         -2.6433104997        0.5211871585       -0.7641513160
 C          0.5526761281       -1.9658128215       -0.0619238217
 C          2.4394294414        1.0796113530        1.3313925958
 C         -3.8929361464        0.1046897663       -0.3488697633
 C         -2.9271186845       -1.8762796475        0.6005518324
 C         -4.0408281192       -1.1086196868        0.3590615256
 C          1.7180740915       -2.8611473208        0.1667040240
 C         -5.0909631766        0.9434051209       -0.6564290427
 C         -5.3905733953       -1.5568429979        0.8224747356
 C          3.0226946706       -1.2390766571       -1.2012383575
 H         -1.1719032707        2.3859760693        0.1540776825
 H         -0.5885334005        1.6141148165       -2.3254893724
 H          1.0763326887        1.4850916690       -1.7111097135
 H          0.5594900725        3.8553575192        1.0633398686
 H          0.3034326901        1.1622843675        1.5775080620
 H         -2.5680045390        1.4432681159       -1.3173245550
 H          2.6884785653        1.0863430721        0.2684261049
 H          3.2601657372        1.5492076871        1.8890110361
 H         -2.9958858463       -2.8207166451        1.1166496138
 H          0.1944207570        4.0981695238       -1.5811268779
 H          2.6954211769        3.5988101590        0.2388252741
 H          1.2727245897        1.9406304478        3.5330351541
 H         -4.8089326031        1.8397550350       -1.2015326061
 H         -5.8060530313        0.3804754374       -1.2548588994
 H         -5.5943993483        1.2390552104        0.2630690515
 H         -6.0649925329       -1.6806312709       -0.0237843084
 H         -5.3176818630       -2.5039347318        1.3490565684
 H         -5.8315351950       -0.8191016158        1.4915432755
 H          3.6803558450       -2.9953601849       -0.3561693002
 H          2.2743126989       -0.3797796957        2.6365015063
  47
 Etot=         -82.7569142742
 O         -0.6249770920        3.7620571980       -1.1937149826
 O          1.9784221329        3.2703973652       -0.3120387939
 O          1.1761737694        2.5687672517        2.8086399429
 O          2.3018479164       -0.2795257153        1.6783244613
 O          1.6897175309       -3.8691837239        0.8326365205
 O          4.1051494914       -0.9879625222       -1.6711442616
 N         -0.2361196491        0.1416962757       -0.8907577719
 N         -0.6018232922       -2.2893490830        0.4177962907
 N          1.9465132206       -0.4189089784       -1.3244693785
 N          2.8444956939       -2.4338248546       -0.4781509298
 C         -0.2904128008        2.6189947119       -0.4514353668
 C          0.0214877491        1.4602375240       -1.4302446498
 C          0.8718667413        2.9603766258        0.5010329416
 C          1.1420001491        1.8763556629        1.5735637638
 C         -1.4991731401       -0.2394248306       -0.5069333048
 C          0.8039255641       -0.7401906056       -0.7931773364
 C         -1.6535144886       -1.4762135431        0.1715555582
 C         -2.6433107282        0.5211874533       -0.7641510518
 C          0.5526749014       -1.9658134596       -0.0619222479
 C          2.4394340260        1.0796133598        1.3313905507
 C         -3.8929363106        0.1046875483       -0.3488698530
 C         -2.9271195085       -1.8762795970        0.6005516535
 C         -4.0408326173       -1.1086213806        0.3590612377
 C          1.7180747524       -2.8611461196        0.1667039937
 C         -5.0909666147        0.9434057277       -0.6564312202
 C         -5.3905734602       -1.5568435866        0.8224711451
 C          3.0226931957       -1.2390760404       -1.2012313326
 H         -1.1719028611        2.3859759379        0.1540808263
 H         -0.5885350073        1.6141149576       -2.3254871748
 H          1.0763317284        1.4850917217       -1.7111084194
 H          0.5594914228        3.8553575472        1.0633416095
 H          0.3034373546        1.1622835781        1.5775087233
 H         -2.5680054323        1.4432684811       -1.3173237356
 H          2.6884816548        1.0863461359        0.2684232781
 H          3.2601703817        1.5492105530        1.8890080480
 H         -2.9958878381       -2.8207169698        1.1166490227
 H          0.1944190134        4.0981698238       -1.5811250260
 H          2.6954210224        3.5988131464        0.2388234889
 H          1.2727312990        1.9406300031        3.5330348669
 H         -4.8089336218        1.8397544137       -1.2015340770
 H         -5.8060536100        0.3804745239       -1.2548617377
 H         -5.5944017951        1.2390541860        0.2630666806
 H         -6.0649936454       -1.6806320301       -0.0237881141
 H         -5.3176843292       -2.5039364559        1.3490533208
 H         -5.8315383918       -0.8191032531        1.4915404612
 H          3.6803542099       -2.9953612375       -0.3561677471
 H          2.2743208081       -0.3797783597        2.6364990040
  47
 Etot=         -82.7569142842
 O         -0.6249785043        3.7620571259       -1.1937126597
 O          1.9784212996        3.2703985555       -0.3120399782
 O          1.1761780806        2.5687673306        2.8086399370
 O          2.3018548381       -0.2795239025        1.6783212125
 O          1.6897153090       -3.8691848726        0.8326379033
 O          4.1051482045       -0.9879639577       -1.6711438200
 N         -0.2361200901        0.1416973225       -0.8907561856
 N         -0.6018282920       -2.2893474760        0.4177979303
 N          1.9465134950       -0.4189107345       -1.3244696521
 N          2.8444919908       -2.4338247939       -0.4781491412
 C         -0.2904129991        2.6189944495       -0.4514329465
 C          0.0214866553        1.4602379681       -1.4302432592
 C          0.8718677206        2.9603777074        0.5010336075
 C          1.1420037227        1.8763554372        1.5735634338
 C         -1.4991752648       -0.2394262419       -0.5069307796
 C          0.8039248838       -0.7401910329       -0.7931761036
 C         -1.6535140516       -1.4762154820        0.1715570075
 C         -2.6433109567        0.5211877482       -0.7641507877
 C          0.5526736747       -1.9658140977       -0.0619206742
 C          2.4394386107        1.0796153666        1.3313885057
 C         -3.8929364749        0.1046853304       -0.3488699426
 C         -2.9271203325       -1.8762795464        0.6005514747
 C         -4.0408371154       -1.1086230744        0.3590609498
 C          1.7180754133       -2.8611449185        0.1667039634
 C         -5.0909700528        0.9434063345       -0.6564333977
 C         -5.3905735250       -1.5568441753        0.8224675545
 C          3.0226917208       -1.2390754238       -1.2012243077
 H         -1.1719024515        2.3859758066        0.1540839700
 H         -0.5885366140        1.6141150986       -2.3254849771
 H          1.0763307681        1.4850917745       -1.7111071253
 H          0.5594927732        3.8553575752        1.0633433505
 H          0.3034420190        1.1622827886        1.5775093847
 H         -2.5680063257        1.4432688464       -1.3173229161
 H          2.6884847443        1.0863491998        0.2684204513
 H          3.2601750263        1.5492134188        1.8890050600
 H         -2.9958898300       -2.8207172945        1.1166484315
 H          0.1944172698        4.0981701239       -1.5811231741
 H          2.6954208679        3.5988161338        0.2388217036
 H          1.2727380084        1.9406295583        3.5330345797
 H         -4.8089346404        1.8397537924       -1.2015355479
 H         -5.8060541888        0.3804736103       -1.2548645759
 H         -5.5944042418        1.2390531615        0.2630643096
 H         -6.0649947579       -1.6806327894       -0.0237919199
 H         -5.3176867954       -2.5039381799        1.3490500732
 H         -5.8315415887       -0.8191048903        1.4915376469
 H          3.6803525748       -2.9953622900       -0.3561661940
 H          2.2743289173       -0.3797770237        2.6364965017
