  32
 Etot=         -50.9335749760
 S         -0.8566593528        2.2693241649       -0.2362831591
 O         -3.2175406437       -2.7300003670        0.5520378170
 O          5.2879642607       -0.4281473558        0.4718093478
 O          4.3451069726       -0.5101648991       -1.5457521731
 N         -1.9754290402       -1.4472735090       -0.9029290695
 N         -3.4623895535       -0.4454357386        0.3732788695
 C         -1.7367691821       -0.0515757488       -1.1396220856
 C         -2.9719717230        0.6110485627       -0.4755495876
 C         -0.4552328683        0.5086798162       -0.4854851905
 C         -2.5401672470        1.8528967691        0.3113870646
 C         -0.0799821283       -0.1848527648        0.8221834985
 C          1.0698691371        0.4953005169        1.5670067245
 C         -2.9201994900       -1.6698113956        0.0649521542
 C          2.3780833223        0.5936567393        0.7831409067
 C          2.9552147771       -0.7772153448        0.4046639785
 C          4.2416274027       -0.5721903025       -0.3503895582
 H         -1.7044480630        0.1613718229       -2.2138832148
 H         -3.7153480065        0.8909568087       -1.2343952262
 H          0.3778300822        0.4737147221       -1.1880532161
 H         -3.1743775933        2.7152673448        0.1226711348
 H         -2.5211594952        1.6458930510        1.3816282889
 H         -0.9503158972       -0.2088239969        1.4810675171
 H          0.1856026972       -1.2210222695        0.6041656369
 H         -1.3123870202       -2.1584017327       -1.1552490616
 H         -4.3592046674       -0.3878767560        0.8231791509
 H          0.7637369608        1.5087694197        1.8334942938
 H          1.2478592573       -0.0560116779        2.4925688391
 H          2.2265708260        1.1867275599       -0.1200751152
 H          3.1088401000        1.1183825648        1.4017805275
 H          2.2653324524       -1.3174749214       -0.2422883910
 H          3.1537248373       -1.3550592003        1.3071351941
 H          6.0991272546       -0.2619820100       -0.0339047390
