
       ╔════════════════════════════════════════════════╗
       ║                                                ║
       ║     ██████╗██████╗ ███████╗███████╗████████╗   ║
       ║    ██╔════╝██╔══██╗██╔════╝██╔════╝╚══██╔══╝   ║
       ║    ██║     ██████╔╝█████╗  ███████╗   ██║      ║
       ║    ██║     ██╔══██╗██╔══╝  ╚════██║   ██║      ║
       ║    ╚██████╗██║  ██║███████╗███████║   ██║      ║
       ║     ╚═════╝╚═╝  ╚═╝╚══════╝╚══════╝   ╚═╝      ║
       ║                                                ║
       ║    Conformer-Rotamer Ensemble Sampling Tool    ║
       ║            based on the xTB methods            ║
       ║                                                ║
       ╚════════════════════════════════════════════════╝
        Version 3.0.2, Mon, 29 September 16:25:59, 09/29/2025
        commit (c39758d) compiled by 'andrey@PC1'

   Cite work conducted with this code as

   • P.Pracht, F.Bohle, S.Grimme, PCCP, 2020, 22, 7169-7192.
   • S.Grimme, JCTC, 2019, 15, 2847-2862.
   • P.Pracht, S.Grimme, C.Bannwarth, F.Bohle, S.Ehlert,
     G.Feldmann, J.Gorges, M.Müller, T.Neudecker, C.Plett,
     S.Spicher, P.Steinbach, P.Wesołowski, F.Zeller,
     J. Chem. Phys., 2024, 160, 114110.

   for works involving QCG cite

   • S.Spicher, C.Plett, P.Pracht, A.Hansen, S.Grimme,
     JCTC, 2022, 18 (5), 3174-3189.
   • C.Plett, S. Grimme,
     Angew. Chem. Int. Ed. 2023, 62, e202214477.

   for works involving MECP screening cite

   • P.Pracht, C.Bannwarth, JCTC, 2022, 18 (10), 6370-6385.

   Original code
     P.Pracht, S.Grimme, Universität Bonn, MCTC
   with help from (alphabetical order):
     C.Bannwarth, F.Bohle, S.Ehlert, G.Feldmann, J.Gorges,
     S.Grimme, C.Plett, P.Pracht, S.Spicher, P.Steinbach,
     P.Wesolowski, F.Zeller

   Online documentation is available at
   https://crest-lab.github.io/crest-docs/

   This program is distributed in the hope that it will be useful,
   but WITHOUT ANY WARRANTY; without even the implied warranty of
   MERCHANTABILITY or FITNESS FOR A PARTICULAR PURPOSE. See the
   GNU Lesser General Public License (LGPL) for more details.

 Command line input:
 $ ./crest m1_01_Vitamin_B1-uni_conformers-CLUST_3_gfn2_opt.xyz --T 16 --gfn2 --chrg 1

  --T 16 (CPUs/Threads selected)
  --gfn2               : Use of GFN2-xTB requested.
  --chrg 1

> Setting up backup calculator ... done.
 ----------------
 Calculation info
 ----------------
> User-defined calculation level:
 : xTB calculation via tblite lib
 : GFN2-xTB level
 :   Molecular charge    : 1
 :   Fermi temperature   : 300.00000
 :   Accuracy            : 1.00000
 :   max SCC cycles      : 500


 -----------------------------
 Initial Geometry Optimization
 -----------------------------
 Geometry successfully optimized.

          ┍━━━━━━━━━━━━━━━━━━━━━━━━━━━━━━━━━━━━━━━━━━━━━━━━━┑
          │              CREST iMTD-GC SAMPLING             │
          ┕━━━━━━━━━━━━━━━━━━━━━━━━━━━━━━━━━━━━━━━━━━━━━━━━━┙

 Input structure:
  35

 S          2.3736439530       -1.4393539787       -1.0661657774
 O          2.0801451446        2.6177713290       -0.5451143933
 N          0.7182954762       -1.1190303773        0.8055274940
 N         -3.1741823564       -0.2692120787       -0.8925504425
 N         -2.8802284228        1.4819409245        0.6374746984
 N         -2.0908999720       -2.2821099923       -0.7401318733
 C          1.6334120094       -0.1099374974        0.9893020507
 C         -0.5111026690       -1.2751543296        1.5766772272
 C          2.6263401348       -0.1399062035        0.0500412083
 C          3.7187906331        0.8388680532       -0.1805213082
 C         -1.6216636561       -0.5230449578        0.8920400939
 C          0.9846547552       -1.8930678046       -0.2336049193
 C          1.5079358652        0.8651503528        2.1015721355
 C          3.1929103589        1.9729616511       -1.0994614180
 C         -2.3125117189       -1.0285661440       -0.2288900212
 C         -2.0000744234        0.7527454736        1.2897415888
 C         -3.4149017125        0.9601208390       -0.4630333407
 C         -4.3686357310        1.7935629102       -1.2357024161
 H         -0.3560953876       -0.8789943929        2.5802820704
 H         -0.7324751011       -2.3425485094        1.6486179472
 H          4.5642561898        0.3581817198       -0.6713701634
 H          4.0585373342        1.2631598243        0.7651808693
 H          0.3515161903       -2.7051853375       -0.5364623401
 H          1.3014517143        0.3661687143        3.0465706887
 H          2.4300277728        1.4264388665        2.2102392211
 H          0.7058618147        1.5710031665        1.8899537113
 H          2.8579771783        1.5385367243       -2.0459905927
 H          4.0109320623        2.6683040849       -1.3080746247
 H         -1.5863399255        1.2062954258        2.1822978293
 H         -1.9785065889       -3.0364002838       -0.0791135973
 H         -2.7364686826       -2.5013298966       -1.4877240440
 H          2.3640892889        3.3297981047        0.0379592119
 H         -4.0084460172        2.8171845265       -1.2869677404
 H         -4.5094762290        1.3797850898       -2.2288664810
 H         -5.3271865760        1.8075498012       -0.7185505103

 ------------------------------------------------
 Generating MTD length from a flexibility measure
 ------------------------------------------------
 Calculating GFN0-xTB WBOs   ... done.
 Calculating NCI flexibility ... done.
     covalent flexibility measure :   0.322
 non-covalent flexibility measure :   0.729
 flexibility measure :   0.368
 t(MTD) / ps    :     8.0
 Σ(t(MTD)) / ps :   112.0 (14 MTDs)

 -----------------------------------
 Starting trial MTD to test settings
 -----------------------------------
 Trial MTD 1 runtime (1.0 ps) ...        0 min,  4.115 sec
 Estimated runtime for one MTD (8.0 ps) on a single thread: 33 sec
 Estimated runtime for a batch of 14 MTDs on 16 threads: 33 sec

********************************************************************************
**                    N E W   I T E R A T I O N  C Y C L E                    **
********************************************************************************

 ------------------------------
 Meta-Dynamics Iteration 1
 ------------------------------
 list of applied metadynamics Vbias parameters:
$metadyn    0.10500   1.300
$metadyn    0.05250   1.300
$metadyn    0.02625   1.300
$metadyn    0.10500   0.780
$metadyn    0.05250   0.780
$metadyn    0.02625   0.780
$metadyn    0.10500   0.468
$metadyn    0.05250   0.468
$metadyn    0.02625   0.468
$metadyn    0.10500   0.281
$metadyn    0.05250   0.281
$metadyn    0.02625   0.281
$metadyn    0.03500   0.100
$metadyn    0.17500   0.800

  ::::::::::::: starting MTD    7 :::::::::::::
  |   MD simulation time   :     8.0 ps       |
  |   target T             :   300.0 K        |
  |   timestep dt          :     5.0 fs       |
  |   dump interval(trj)   :   100.0 fs       |
  |   SHAKE algorithm      : true (all bonds) |
  |   dump interval(Vbias) :    1.00 ps       |
  |   Vbias prefactor (k)  :  0.1050 Eh       |
  |   Vbias exponent (α)   :  0.4680 bohr⁻²   |
  ::::::::::::: starting MTD    4 :::::::::::::
  |   MD simulation time   :     8.0 ps       |
  |   target T             :   300.0 K        |
  |   timestep dt          :     5.0 fs       |
  |   dump interval(trj)   :   100.0 fs       |
  |   SHAKE algorithm      : true (all bonds) |
  |   dump interval(Vbias) :    1.00 ps       |
  |   Vbias prefactor (k)  :  0.1050 Eh       |
  |   Vbias exponent (α)   :  0.7800 bohr⁻²   |
  ::::::::::::: starting MTD   13 :::::::::::::
  |   MD simulation time   :     8.0 ps       |
  |   target T             :   300.0 K        |
  |   timestep dt          :     5.0 fs       |
  |   dump interval(trj)   :   100.0 fs       |
  |   SHAKE algorithm      : true (all bonds) |
  |   dump interval(Vbias) :    1.00 ps       |
  |   Vbias prefactor (k)  :  0.0350 Eh       |
  |   Vbias exponent (α)   :  0.1000 bohr⁻²   |
  ::::::::::::: starting MTD    8 :::::::::::::
  |   MD simulation time   :     8.0 ps       |
  |   target T             :   300.0 K        |
  |   timestep dt          :     5.0 fs       |
  |   dump interval(trj)   :   100.0 fs       |
  |   SHAKE algorithm      : true (all bonds) |
  |   dump interval(Vbias) :    1.00 ps       |
  |   Vbias prefactor (k)  :  0.0525 Eh       |
  |   Vbias exponent (α)   :  0.4680 bohr⁻²   |
  ::::::::::::: starting MTD    5 :::::::::::::
  |   MD simulation time   :     8.0 ps       |
  |   target T             :   300.0 K        |
  |   timestep dt          :     5.0 fs       |
  |   dump interval(trj)   :   100.0 fs       |
  |   SHAKE algorithm      : true (all bonds) |
  |   dump interval(Vbias) :    1.00 ps       |
  |   Vbias prefactor (k)  :  0.0525 Eh       |
  |   Vbias exponent (α)   :  0.7800 bohr⁻²   |
  ::::::::::::: starting MTD    2 :::::::::::::
  |   MD simulation time   :     8.0 ps       |
  |   target T             :   300.0 K        |
  |   timestep dt          :     5.0 fs       |
  |   dump interval(trj)   :   100.0 fs       |
  |   SHAKE algorithm      : true (all bonds) |
  |   dump interval(Vbias) :    1.00 ps       |
  |   Vbias prefactor (k)  :  0.0525 Eh       |
  |   Vbias exponent (α)   :  1.3000 bohr⁻²   |
  ::::::::::::: starting MTD    1 :::::::::::::
  |   MD simulation time   :     8.0 ps       |
  |   target T             :   300.0 K        |
  |   timestep dt          :     5.0 fs       |
  |   dump interval(trj)   :   100.0 fs       |
  |   SHAKE algorithm      : true (all bonds) |
  |   dump interval(Vbias) :    1.00 ps       |
  |   Vbias prefactor (k)  :  0.1050 Eh       |
  |   Vbias exponent (α)   :  1.3000 bohr⁻²   |
  ::::::::::::: starting MTD   12 :::::::::::::
  |   MD simulation time   :     8.0 ps       |
  |   target T             :   300.0 K        |
  |   timestep dt          :     5.0 fs       |
  |   dump interval(trj)   :   100.0 fs       |
  |   SHAKE algorithm      : true (all bonds) |
  |   dump interval(Vbias) :    1.00 ps       |
  |   Vbias prefactor (k)  :  0.0262 Eh       |
  |   Vbias exponent (α)   :  0.2808 bohr⁻²   |
  ::::::::::::: starting MTD   10 :::::::::::::
  |   MD simulation time   :     8.0 ps       |
  |   target T             :   300.0 K        |
  |   timestep dt          :     5.0 fs       |
  |   dump interval(trj)   :   100.0 fs       |
  |   SHAKE algorithm      : true (all bonds) |
  |   dump interval(Vbias) :    1.00 ps       |
  |   Vbias prefactor (k)  :  0.1050 Eh       |
  |   Vbias exponent (α)   :  0.2808 bohr⁻²   |
  ::::::::::::: starting MTD    9 :::::::::::::
  |   MD simulation time   :     8.0 ps       |
  |   target T             :   300.0 K        |
  |   timestep dt          :     5.0 fs       |
  |   dump interval(trj)   :   100.0 fs       |
  |   SHAKE algorithm      : true (all bonds) |
  |   dump interval(Vbias) :    1.00 ps       |
  |   Vbias prefactor (k)  :  0.0262 Eh       |
  |   Vbias exponent (α)   :  0.4680 bohr⁻²   |
  ::::::::::::: starting MTD   11 :::::::::::::
  |   MD simulation time   :     8.0 ps       |
  |   target T             :   300.0 K        |
  |   timestep dt          :     5.0 fs       |
  |   dump interval(trj)   :   100.0 fs       |
  |   SHAKE algorithm      : true (all bonds) |
  |   dump interval(Vbias) :    1.00 ps       |
  |   Vbias prefactor (k)  :  0.0525 Eh       |
  |   Vbias exponent (α)   :  0.2808 bohr⁻²   |
  ::::::::::::: starting MTD    3 :::::::::::::
  |   MD simulation time   :     8.0 ps       |
  |   target T             :   300.0 K        |
  |   timestep dt          :     5.0 fs       |
  |   dump interval(trj)   :   100.0 fs       |
  |   SHAKE algorithm      : true (all bonds) |
  |   dump interval(Vbias) :    1.00 ps       |
  |   Vbias prefactor (k)  :  0.0262 Eh       |
  |   Vbias exponent (α)   :  1.3000 bohr⁻²   |
  ::::::::::::: starting MTD    6 :::::::::::::
  |   MD simulation time   :     8.0 ps       |
  |   target T             :   300.0 K        |
  |   timestep dt          :     5.0 fs       |
  |   dump interval(trj)   :   100.0 fs       |
  |   SHAKE algorithm      : true (all bonds) |
  |   dump interval(Vbias) :    1.00 ps       |
  |   Vbias prefactor (k)  :  0.0262 Eh       |
  |   Vbias exponent (α)   :  0.7800 bohr⁻²   |
  ::::::::::::: starting MTD   14 :::::::::::::
  |   MD simulation time   :     8.0 ps       |
  |   target T             :   300.0 K        |
  |   timestep dt          :     5.0 fs       |
  |   dump interval(trj)   :   100.0 fs       |
  |   SHAKE algorithm      : true (all bonds) |
  |   dump interval(Vbias) :    1.00 ps       |
  |   Vbias prefactor (k)  :  0.1750 Eh       |
  |   Vbias exponent (α)   :  0.8000 bohr⁻²   |
*MTD   7 completed successfully ...        0 min, 54.738 sec
*MTD   8 completed successfully ...        0 min, 54.923 sec
*MTD   2 completed successfully ...        0 min, 54.997 sec
*MTD   6 completed successfully ...        0 min, 55.083 sec
*MTD   5 completed successfully ...        0 min, 55.178 sec
*MTD   4 completed successfully ...        0 min, 55.197 sec
*MTD  10 completed successfully ...        0 min, 55.217 sec
*MTD   9 completed successfully ...        0 min, 55.219 sec
*MTD  11 completed successfully ...        0 min, 55.229 sec
*MTD  14 completed successfully ...        0 min, 55.277 sec
*MTD   3 completed successfully ...        0 min, 55.329 sec
*MTD  13 completed successfully ...        0 min, 55.337 sec
*MTD   1 completed successfully ...        0 min, 55.411 sec
*MTD  12 completed successfully ...        0 min, 55.566 sec

 ======================================
 |  Multilevel Ensemble Optimization  |
 ======================================
 Optimizing all 1106 structures from file "crest_dynamics.trj" ...
 ----------------------
 crude pre-optimization
 ----------------------
 Optimization engine: ANCOPT
 Hessian update type: BFGS
 E/G convergence criteria:  0.500E-03 Eh, 0.100E-01 Eh/a0
 maximum optimization steps: 200
 |>0.1% |>7.5% |>15.0% |>22.5% |>30.0% |>37.5% |>45.0% |>52.5% |>60.0% |>67.5% |>75.0% |>82.5% |>90.1% |>97.6% |>100.0%
 done.
> 1106 of 1106 structures successfully optimized (100.0% success)
> Total runtime for 1106 optimizations:
 * wall-time:     0 d,  0 h,  0 min, 29.626 sec
 *  cpu-time:     0 d,  0 h,  7 min, 25.131 sec
 * ratio c/w:    15.025 speedup
> Corresponding to approximately 0.027 sec per processed structure

CREGEN> running RMSDs ... done.
CREGEN> E lowest :   -52.99513
 1099 structures remain within    12.00 kcal/mol window
 ----------------------------------
 optimization with tight thresholds
 ----------------------------------
 Optimization engine: ANCOPT
 Hessian update type: BFGS
 E/G convergence criteria:  0.100E-05 Eh, 0.800E-03 Eh/a0
 maximum optimization steps: 200
 |>0.1% |>7.6% |>15.0% |>22.6% |>30.0% |>37.6% |>45.0% |>52.5% |>60.1% |>67.5% |>75.1% |>82.5% |>90.1% |>97.5% |>100.0%
 done.
> 1099 of 1099 structures successfully optimized (100.0% success)
> Total runtime for 1099 optimizations:
 * wall-time:     0 d,  0 h,  1 min, 55.905 sec
 *  cpu-time:     0 d,  0 h, 29 min, 26.848 sec
 * ratio c/w:    15.244 speedup
> Corresponding to approximately 0.105 sec per processed structure

CREGEN> running RMSDs ... done.
CREGEN> E lowest :   -52.99596
 482 structures remain within     6.00 kcal/mol window

 ------------------------------
 Meta-Dynamics Iteration 2
 ------------------------------
 list of applied metadynamics Vbias parameters:
$metadyn    0.10500   1.300
$metadyn    0.05250   1.300
$metadyn    0.02625   1.300
$metadyn    0.10500   0.780
$metadyn    0.05250   0.780
$metadyn    0.02625   0.780
$metadyn    0.10500   0.468
$metadyn    0.05250   0.468
$metadyn    0.02625   0.468
$metadyn    0.10500   0.281
$metadyn    0.05250   0.281
$metadyn    0.02625   0.281
$metadyn    0.03500   0.100
$metadyn    0.17500   0.800

  ::::::::::::: starting MTD   14 :::::::::::::
  |   MD simulation time   :     8.0 ps       |
  |   target T             :   300.0 K        |
  |   timestep dt          :     5.0 fs       |
  |   dump interval(trj)   :   100.0 fs       |
  |   SHAKE algorithm      : true (all bonds) |
  |   dump interval(Vbias) :    1.00 ps       |
  |   Vbias prefactor (k)  :  0.1750 Eh       |
  |   Vbias exponent (α)   :  0.8000 bohr⁻²   |
  ::::::::::::: starting MTD   10 :::::::::::::
  |   MD simulation time   :     8.0 ps       |
  |   target T             :   300.0 K        |
  |   timestep dt          :     5.0 fs       |
  |   dump interval(trj)   :   100.0 fs       |
  |   SHAKE algorithm      : true (all bonds) |
  |   dump interval(Vbias) :    1.00 ps       |
  |   Vbias prefactor (k)  :  0.1050 Eh       |
  |   Vbias exponent (α)   :  0.2808 bohr⁻²   |
  ::::::::::::: starting MTD    1 :::::::::::::
  |   MD simulation time   :     8.0 ps       |
  |   target T             :   300.0 K        |
  |   timestep dt          :     5.0 fs       |
  |   dump interval(trj)   :   100.0 fs       |
  |   SHAKE algorithm      : true (all bonds) |
  |   dump interval(Vbias) :    1.00 ps       |
  |   Vbias prefactor (k)  :  0.1050 Eh       |
  |   Vbias exponent (α)   :  1.3000 bohr⁻²   |
  ::::::::::::: starting MTD    4 :::::::::::::
  |   MD simulation time   :     8.0 ps       |
  |   target T             :   300.0 K        |
  |   timestep dt          :     5.0 fs       |
  |   dump interval(trj)   :   100.0 fs       |
  |   SHAKE algorithm      : true (all bonds) |
  |   dump interval(Vbias) :    1.00 ps       |
  |   Vbias prefactor (k)  :  0.1050 Eh       |
  |   Vbias exponent (α)   :  0.7800 bohr⁻²   |
  ::::::::::::: starting MTD    3 :::::::::::::
  |   MD simulation time   :     8.0 ps       |
  |   target T             :   300.0 K        |
  |   timestep dt          :     5.0 fs       |
  |   dump interval(trj)   :   100.0 fs       |
  |   SHAKE algorithm      : true (all bonds) |
  |   dump interval(Vbias) :    1.00 ps       |
  |   Vbias prefactor (k)  :  0.0262 Eh       |
  |   Vbias exponent (α)   :  1.3000 bohr⁻²   |
  ::::::::::::: starting MTD    5 :::::::::::::
  |   MD simulation time   :     8.0 ps       |
  |   target T             :   300.0 K        |
  |   timestep dt          :     5.0 fs       |
  |   dump interval(trj)   :   100.0 fs       |
  |   SHAKE algorithm      : true (all bonds) |
  |   dump interval(Vbias) :    1.00 ps       |
  |   Vbias prefactor (k)  :  0.0525 Eh       |
  |   Vbias exponent (α)   :  0.7800 bohr⁻²   |
  ::::::::::::: starting MTD    6 :::::::::::::
  |   MD simulation time   :     8.0 ps       |
  |   target T             :   300.0 K        |
  |   timestep dt          :     5.0 fs       |
  |   dump interval(trj)   :   100.0 fs       |
  |   SHAKE algorithm      : true (all bonds) |
  |   dump interval(Vbias) :    1.00 ps       |
  |   Vbias prefactor (k)  :  0.0262 Eh       |
  |   Vbias exponent (α)   :  0.7800 bohr⁻²   |
  ::::::::::::: starting MTD    7 :::::::::::::
  |   MD simulation time   :     8.0 ps       |
  |   target T             :   300.0 K        |
  |   timestep dt          :     5.0 fs       |
  |   dump interval(trj)   :   100.0 fs       |
  |   SHAKE algorithm      : true (all bonds) |
  |   dump interval(Vbias) :    1.00 ps       |
  |   Vbias prefactor (k)  :  0.1050 Eh       |
  |   Vbias exponent (α)   :  0.4680 bohr⁻²   |
  ::::::::::::: starting MTD    9 :::::::::::::
  |   MD simulation time   :     8.0 ps       |
  |   target T             :   300.0 K        |
  |   timestep dt          :     5.0 fs       |
  |   dump interval(trj)   :   100.0 fs       |
  |   SHAKE algorithm      : true (all bonds) |
  |   dump interval(Vbias) :    1.00 ps       |
  |   Vbias prefactor (k)  :  0.0262 Eh       |
  |   Vbias exponent (α)   :  0.4680 bohr⁻²   |
  ::::::::::::: starting MTD   13 :::::::::::::
  |   MD simulation time   :     8.0 ps       |
  |   target T             :   300.0 K        |
  |   timestep dt          :     5.0 fs       |
  |   dump interval(trj)   :   100.0 fs       |
  |   SHAKE algorithm      : true (all bonds) |
  |   dump interval(Vbias) :    1.00 ps       |
  |   Vbias prefactor (k)  :  0.0350 Eh       |
  |   Vbias exponent (α)   :  0.1000 bohr⁻²   |
  ::::::::::::: starting MTD   12 :::::::::::::
  |   MD simulation time   :     8.0 ps       |
  |   target T             :   300.0 K        |
  |   timestep dt          :     5.0 fs       |
  |   dump interval(trj)   :   100.0 fs       |
  |   SHAKE algorithm      : true (all bonds) |
  |   dump interval(Vbias) :    1.00 ps       |
  |   Vbias prefactor (k)  :  0.0262 Eh       |
  |   Vbias exponent (α)   :  0.2808 bohr⁻²   |
  ::::::::::::: starting MTD    2 :::::::::::::
  |   MD simulation time   :     8.0 ps       |
  |   target T             :   300.0 K        |
  |   timestep dt          :     5.0 fs       |
  |   dump interval(trj)   :   100.0 fs       |
  |   SHAKE algorithm      : true (all bonds) |
  |   dump interval(Vbias) :    1.00 ps       |
  |   Vbias prefactor (k)  :  0.0525 Eh       |
  |   Vbias exponent (α)   :  1.3000 bohr⁻²   |
  ::::::::::::: starting MTD    8 :::::::::::::
  |   MD simulation time   :     8.0 ps       |
  |   target T             :   300.0 K        |
  |   timestep dt          :     5.0 fs       |
  |   dump interval(trj)   :   100.0 fs       |
  |   SHAKE algorithm      : true (all bonds) |
  |   dump interval(Vbias) :    1.00 ps       |
  |   Vbias prefactor (k)  :  0.0525 Eh       |
  |   Vbias exponent (α)   :  0.4680 bohr⁻²   |
  ::::::::::::: starting MTD   11 :::::::::::::
  |   MD simulation time   :     8.0 ps       |
  |   target T             :   300.0 K        |
  |   timestep dt          :     5.0 fs       |
  |   dump interval(trj)   :   100.0 fs       |
  |   SHAKE algorithm      : true (all bonds) |
  |   dump interval(Vbias) :    1.00 ps       |
  |   Vbias prefactor (k)  :  0.0525 Eh       |
  |   Vbias exponent (α)   :  0.2808 bohr⁻²   |
*MTD  11 completed successfully ...        0 min, 54.478 sec
*MTD   4 completed successfully ...        0 min, 54.538 sec
*MTD   6 completed successfully ...        0 min, 54.635 sec
*MTD  14 completed successfully ...        0 min, 54.660 sec
*MTD   8 completed successfully ...        0 min, 54.665 sec
*MTD   5 completed successfully ...        0 min, 54.690 sec
*MTD  10 completed successfully ...        0 min, 54.789 sec
*MTD   1 completed successfully ...        0 min, 54.797 sec
*MTD   7 completed successfully ...        0 min, 54.880 sec
*MTD  12 completed successfully ...        0 min, 54.888 sec
*MTD   3 completed successfully ...        0 min, 54.909 sec
*MTD   9 completed successfully ...        0 min, 54.913 sec
*MTD   2 completed successfully ...        0 min, 54.954 sec
*MTD  13 completed successfully ...        0 min, 55.088 sec

 ======================================
 |  Multilevel Ensemble Optimization  |
 ======================================
 Optimizing all 1106 structures from file "crest_dynamics.trj" ...
 ----------------------
 crude pre-optimization
 ----------------------
 Optimization engine: ANCOPT
 Hessian update type: BFGS
 E/G convergence criteria:  0.500E-03 Eh, 0.100E-01 Eh/a0
 maximum optimization steps: 200
 |>0.1% |>7.5% |>15.0% |>22.5% |>30.0% |>37.5% |>45.0% |>52.5% |>60.0% |>67.5% |>75.0% |>82.5% |>90.1% |>97.6% |>100.0%
 done.
> 1106 of 1106 structures successfully optimized (100.0% success)
> Total runtime for 1106 optimizations:
 * wall-time:     0 d,  0 h,  0 min, 29.946 sec
 *  cpu-time:     0 d,  0 h,  7 min, 29.172 sec
 * ratio c/w:    14.999 speedup
> Corresponding to approximately 0.027 sec per processed structure

CREGEN> running RMSDs ... done.
CREGEN> E lowest :   -52.99531
 1098 structures remain within    12.00 kcal/mol window
 ----------------------------------
 optimization with tight thresholds
 ----------------------------------
 Optimization engine: ANCOPT
 Hessian update type: BFGS
 E/G convergence criteria:  0.100E-05 Eh, 0.800E-03 Eh/a0
 maximum optimization steps: 200
 |>0.1% |>7.6% |>15.0% |>22.6% |>30.1% |>37.5% |>45.1% |>52.6% |>60.0% |>67.6% |>75.0% |>82.5% |>90.1% |>97.5% |>100.0%
 done.
> 1098 of 1098 structures successfully optimized (100.0% success)
> Total runtime for 1098 optimizations:
 * wall-time:     0 d,  0 h,  1 min, 51.597 sec
 *  cpu-time:     0 d,  0 h, 28 min, 19.205 sec
 * ratio c/w:    15.226 speedup
> Corresponding to approximately 0.102 sec per processed structure

CREGEN> running RMSDs ... done.
CREGEN> E lowest :   -52.99596
 496 structures remain within     6.00 kcal/mol window

========================================
           MTD Simulations done         
========================================
 Collecting ensmbles.
CREGEN> running RMSDs ... done.
CREGEN> E lowest :   -52.99596
 737 structures remain within     6.00 kcal/mol window


 ===============================================
 Additional regular MDs on lowest 4 conformer(s)
 ===============================================
  :::::::::::::: starting MD   1 ::::::::::::::
  |   MD simulation time   :     4.0 ps       |
  |   target T             :   400.0 K        |
  |   timestep dt          :     5.0 fs       |
  |   dump interval(trj)   :   100.0 fs       |
  |   SHAKE algorithm      : true (all bonds) |
  :::::::::::::: starting MD   7 ::::::::::::::
  |   MD simulation time   :     4.0 ps       |
  |   target T             :   500.0 K        |
  |   timestep dt          :     5.0 fs       |
  |   dump interval(trj)   :   100.0 fs       |
  |   SHAKE algorithm      : true (all bonds) |
  :::::::::::::: starting MD   6 ::::::::::::::
  |   MD simulation time   :     4.0 ps       |
  |   target T             :   500.0 K        |
  |   timestep dt          :     5.0 fs       |
  |   dump interval(trj)   :   100.0 fs       |
  |   SHAKE algorithm      : true (all bonds) |
  :::::::::::::: starting MD   5 ::::::::::::::
  |   MD simulation time   :     4.0 ps       |
  |   target T             :   500.0 K        |
  |   timestep dt          :     5.0 fs       |
  |   dump interval(trj)   :   100.0 fs       |
  |   SHAKE algorithm      : true (all bonds) |
  :::::::::::::: starting MD   8 ::::::::::::::
  |   MD simulation time   :     4.0 ps       |
  |   target T             :   500.0 K        |
  |   timestep dt          :     5.0 fs       |
  |   dump interval(trj)   :   100.0 fs       |
  |   SHAKE algorithm      : true (all bonds) |
  :::::::::::::: starting MD   3 ::::::::::::::
  |   MD simulation time   :     4.0 ps       |
  |   target T             :   400.0 K        |
  |   timestep dt          :     5.0 fs       |
  |   dump interval(trj)   :   100.0 fs       |
  |   SHAKE algorithm      : true (all bonds) |
  :::::::::::::: starting MD   4 ::::::::::::::
  |   MD simulation time   :     4.0 ps       |
  |   target T             :   400.0 K        |
  |   timestep dt          :     5.0 fs       |
  |   dump interval(trj)   :   100.0 fs       |
  |   SHAKE algorithm      : true (all bonds) |
  :::::::::::::: starting MD   2 ::::::::::::::
  |   MD simulation time   :     4.0 ps       |
  |   target T             :   400.0 K        |
  |   timestep dt          :     5.0 fs       |
  |   dump interval(trj)   :   100.0 fs       |
  |   SHAKE algorithm      : true (all bonds) |
*MD   3 completed successfully ...        0 min, 32.043 sec
*MD   1 completed successfully ...        0 min, 32.135 sec
*MD   4 completed successfully ...        0 min, 32.204 sec
*MD   6 completed successfully ...        0 min, 32.343 sec
*MD   2 completed successfully ...        0 min, 32.617 sec
*MD   8 completed successfully ...        0 min, 32.780 sec
*MD   5 completed successfully ...        0 min, 32.813 sec
*MD   7 completed successfully ...        0 min, 32.987 sec
 Appending file crest_rotamers_1.xyz with new structures
 Optimizing all 1049 structures from file "crest_rotamers_1.xyz" ...
 ----------------------------------
 optimization with tight thresholds
 ----------------------------------
 Optimization engine: ANCOPT
 Hessian update type: BFGS
 E/G convergence criteria:  0.100E-05 Eh, 0.800E-03 Eh/a0
 maximum optimization steps: 200
 |>0.1% |>7.5% |>15.1% |>22.6% |>30.0% |>37.6% |>45.1% |>52.5% |>60.1% |>67.6% |>75.0% |>82.6% |>90.1% |>97.5% |>100.0%
 done.
> 1049 of 1049 structures successfully optimized (100.0% success)
> Total runtime for 1049 optimizations:
 * wall-time:     0 d,  0 h,  0 min, 38.712 sec
 *  cpu-time:     0 d,  0 h,  9 min, 31.648 sec
 * ratio c/w:    14.767 speedup
> Corresponding to approximately 0.037 sec per processed structure

CREGEN> running RMSDs ... done.
CREGEN> E lowest :   -52.99596
 717 structures remain within     6.00 kcal/mol window

     ========================================
     |        Structure Crossing (GC)       |
     ========================================

 =============================
  # threads =          16
 =============================
input  file name : crest_rotamers_2.xyz
number of atoms                :      35
number of points on xyz files  :     717
conformer energy window  /kcal :    6.00
CN per atom difference cut-off :  0.3000
RMSD threshold (Ang, Bohr)     :  0.2500  0.4724
max. # of generated structures :      400
 # in E window         717
  10.2 % done
  35.1 % done
  60.1 % done
 finished.
 average rmsd w.r.t input     :     1.87819
 number of clash discarded    :      251414
 removed identical structures :        3773

 400 structures written to confcross.xyz


 ======================================
 |  Multilevel Ensemble Optimization  |
 ======================================
 Optimizing all 400 structures from file "confcross.xyz" ...
 ----------------------
 crude pre-optimization
 ----------------------
 Optimization engine: ANCOPT
 Hessian update type: BFGS
 E/G convergence criteria:  0.500E-03 Eh, 0.100E-01 Eh/a0
 maximum optimization steps: 200
 |>0.2% |>10.0% |>20.0% |>30.0% |>40.0% |>50.0% |>60.0% |>70.2% |>80.0% |>90.2% |>100.0%
 done.
> 400 of 400 structures successfully optimized (100.0% success)
> Total runtime for 400 optimizations:
 * wall-time:     0 d,  0 h,  0 min,  4.636 sec
 *  cpu-time:     0 d,  0 h,  1 min,  9.297 sec
 * ratio c/w:    14.947 speedup
> Corresponding to approximately 0.012 sec per processed structure

CREGEN> running RMSDs ... done.
CREGEN> E lowest :   -52.99594
 39 structures remain within    12.00 kcal/mol window
 ----------------------------------
 optimization with tight thresholds
 ----------------------------------
 Optimization engine: ANCOPT
 Hessian update type: BFGS
 E/G convergence criteria:  0.100E-05 Eh, 0.800E-03 Eh/a0
 maximum optimization steps: 200
 |>2.6% |>10.3% |>20.5% |>30.8% |>41.0% |>51.3% |>61.5% |>71.8% |>82.1% |>92.3% |>100.0%
 done.
> 39 of 39 structures successfully optimized (100.0% success)
> Total runtime for 39 optimizations:
 * wall-time:     0 d,  0 h,  0 min,  0.783 sec
 *  cpu-time:     0 d,  0 h,  0 min,  9.903 sec
 * ratio c/w:    12.641 speedup
> Corresponding to approximately 0.020 sec per processed structure

CREGEN> running RMSDs ... done.
CREGEN> E lowest :   -52.99596
 37 structures remain within     6.00 kcal/mol window
appending new structures to crest_rotamers_2.xyz
CREGEN> running RMSDs ... done.
CREGEN> E lowest :   -52.99596


   ================================================
   |           Final Geometry Optimization        |
   ================================================
 Optimizing all 727 structures from file "crest_rotamers_3.xyz" ...
 ---------------------------------------
 optimization with very tight thresholds
 ---------------------------------------
 Optimization engine: ANCOPT
 Hessian update type: BFGS
 E/G convergence criteria:  0.100E-06 Eh, 0.200E-03 Eh/a0
 maximum optimization steps: 200
 |>0.1% |>10.0% |>20.1% |>30.1% |>40.0% |>50.1% |>60.1% |>70.0% |>80.1% |>90.1% |>100.0%
 done.
> 727 of 727 structures successfully optimized (100.0% success)
> Total runtime for 727 optimizations:
 * wall-time:     0 d,  0 h,  0 min, 27.804 sec
 *  cpu-time:     0 d,  0 h,  6 min, 49.779 sec
 * ratio c/w:    14.738 speedup
> Corresponding to approximately 0.038 sec per processed structure

CREGEN> running RMSDs ... done.
CREGEN> E lowest :   -52.99596
 588 structures remain within     6.00 kcal/mol window


 --------------------------
 Final Ensemble Information
 --------------------------
 input  file name : crest_rotamers_3.xyz
 output file name : crest_rotamers_4.xyz
 number of atoms                :   35
 number of points on xyz files  :   727
 RMSD threshold                 :   0.1250
 Bconst threshold               :   0.0100
 population threshold           :   0.0500
 # fragment in coord            :     1
 # bonds in reference structure :    36
 number of reliable points      :   727
 sorting energy window (EWIN)   :    6.0000 / kcal*mol⁻¹
 reference state Etot           :  -52.995958629999997
 number of doubles removed by rot/RMSD         :         139
 total number unique points considered further :         588
       Erel/kcal        Etot weight/tot  conformer     set   degen     origin
       1   0.000   -52.99596    0.00897    0.19645       1      22
       2   0.000   -52.99596    0.00897
       3   0.000   -52.99596    0.00897
       4   0.000   -52.99596    0.00897
       5   0.000   -52.99596    0.00897
       6   0.000   -52.99596    0.00897
       7   0.000   -52.99596    0.00897
       8   0.000   -52.99596    0.00897
       9   0.000   -52.99596    0.00896
      10   0.000   -52.99596    0.00896
      11   0.000   -52.99596    0.00896
      12   0.000   -52.99596    0.00896
      13   0.000   -52.99596    0.00896
      14   0.001   -52.99596    0.00896
      15   0.001   -52.99596    0.00896
      16   0.001   -52.99596    0.00896
      17   0.001   -52.99596    0.00895
      18   0.001   -52.99596    0.00895
      19   0.001   -52.99596    0.00895
      20   0.001   -52.99596    0.00895
      21   0.002   -52.99596    0.00894
      22   0.048   -52.99588    0.00826
      23   0.057   -52.99587    0.00815    0.01629       2       2
      24   0.057   -52.99587    0.00814
      25   0.057   -52.99587    0.00814    0.17782       3      22
      26   0.057   -52.99587    0.00814
      27   0.057   -52.99587    0.00814
      28   0.057   -52.99587    0.00814
      29   0.057   -52.99587    0.00814
      30   0.057   -52.99587    0.00814
      31   0.057   -52.99587    0.00814
      32   0.058   -52.99587    0.00814
      33   0.058   -52.99587    0.00814
      34   0.058   -52.99587    0.00814
      35   0.058   -52.99587    0.00814
      36   0.058   -52.99587    0.00814
      37   0.058   -52.99587    0.00814
      38   0.058   -52.99587    0.00814
      39   0.058   -52.99587    0.00814
      40   0.058   -52.99587    0.00814
      41   0.057   -52.99587    0.00814
      42   0.058   -52.99587    0.00813
      43   0.058   -52.99587    0.00813
      44   0.059   -52.99586    0.00812
      45   0.103   -52.99579    0.00753
      46   0.104   -52.99579    0.00753
      47   0.234   -52.99559    0.00604    0.12638       4      21
      48   0.234   -52.99559    0.00604
      49   0.234   -52.99559    0.00604
      50   0.234   -52.99559    0.00604
      51   0.234   -52.99559    0.00604
      52   0.234   -52.99559    0.00604
      53   0.234   -52.99559    0.00604
      54   0.234   -52.99559    0.00604
      55   0.234   -52.99559    0.00604
      56   0.234   -52.99559    0.00604
      57   0.234   -52.99559    0.00604
      58   0.234   -52.99559    0.00604
      59   0.234   -52.99559    0.00604
      60   0.234   -52.99558    0.00604
      61   0.235   -52.99558    0.00604
      62   0.235   -52.99558    0.00604
      63   0.235   -52.99558    0.00604
      64   0.235   -52.99558    0.00603
      65   0.236   -52.99558    0.00603
      66   0.236   -52.99558    0.00603
      67   0.281   -52.99551    0.00559
      68   0.286   -52.99550    0.00553    0.01106       5       2
      69   0.288   -52.99550    0.00552
      70   0.362   -52.99538    0.00487    0.11198       6      23
      71   0.362   -52.99538    0.00487
      72   0.362   -52.99538    0.00487
      73   0.362   -52.99538    0.00487
      74   0.362   -52.99538    0.00487
      75   0.362   -52.99538    0.00487
      76   0.362   -52.99538    0.00487
      77   0.362   -52.99538    0.00487
      78   0.362   -52.99538    0.00487
      79   0.362   -52.99538    0.00487
      80   0.362   -52.99538    0.00487
      81   0.362   -52.99538    0.00487
      82   0.362   -52.99538    0.00487
      83   0.362   -52.99538    0.00487
      84   0.362   -52.99538    0.00487
      85   0.362   -52.99538    0.00487
      86   0.362   -52.99538    0.00487
      87   0.363   -52.99538    0.00487
      88   0.363   -52.99538    0.00487
      89   0.363   -52.99538    0.00486
      90   0.363   -52.99538    0.00486
      91   0.363   -52.99538    0.00486
      92   0.364   -52.99538    0.00486
      93   0.420   -52.99529    0.00441    0.00880       7       2
      94   0.424   -52.99528    0.00438
      95   0.808   -52.99467    0.00229    0.03898       8      17
      96   0.808   -52.99467    0.00229
      97   0.808   -52.99467    0.00229
      98   0.808   -52.99467    0.00229
      99   0.808   -52.99467    0.00229
     100   0.808   -52.99467    0.00229
     101   0.808   -52.99467    0.00229
     102   0.809   -52.99467    0.00229
     103   0.809   -52.99467    0.00229
     104   0.809   -52.99467    0.00229
     105   0.809   -52.99467    0.00229
     106   0.809   -52.99467    0.00229
     107   0.809   -52.99467    0.00229
     108   0.809   -52.99467    0.00229
     109   0.809   -52.99467    0.00229
     110   0.809   -52.99467    0.00229
     111   0.810   -52.99467    0.00229
     112   0.841   -52.99462    0.00217    0.04773       9      22
     113   0.841   -52.99462    0.00217
     114   0.841   -52.99462    0.00217
     115   0.841   -52.99462    0.00217
     116   0.841   -52.99462    0.00217
     117   0.841   -52.99462    0.00217
     118   0.841   -52.99462    0.00217
     119   0.841   -52.99462    0.00217
     120   0.841   -52.99462    0.00217
     121   0.841   -52.99462    0.00217
     122   0.841   -52.99462    0.00217
     123   0.841   -52.99462    0.00217
     124   0.841   -52.99462    0.00217
     125   0.842   -52.99462    0.00217
     126   0.842   -52.99462    0.00217
     127   0.842   -52.99462    0.00217
     128   0.842   -52.99462    0.00217
     129   0.842   -52.99462    0.00217
     130   0.842   -52.99462    0.00217
     131   0.842   -52.99462    0.00217
     132   0.842   -52.99462    0.00217
     133   0.842   -52.99462    0.00217
     134   0.964   -52.99442    0.00177    0.06906      10      40
     135   0.964   -52.99442    0.00177
     136   0.964   -52.99442    0.00177
     137   0.964   -52.99442    0.00177
     138   0.964   -52.99442    0.00177
     139   0.964   -52.99442    0.00176
     140   0.964   -52.99442    0.00176
     141   0.964   -52.99442    0.00176
     142   0.964   -52.99442    0.00176
     143   0.964   -52.99442    0.00176
     144   0.964   -52.99442    0.00176
     145   0.964   -52.99442    0.00176
     146   0.965   -52.99442    0.00176
     147   0.965   -52.99442    0.00176
     148   0.965   -52.99442    0.00176
     149   0.965   -52.99442    0.00176
     150   0.965   -52.99442    0.00176
     151   0.965   -52.99442    0.00176
     152   0.965   -52.99442    0.00176
     153   0.965   -52.99442    0.00176
     154   0.966   -52.99442    0.00176
     155   0.980   -52.99440    0.00172
     156   0.980   -52.99440    0.00172
     157   0.980   -52.99440    0.00172
     158   0.980   -52.99440    0.00172
     159   0.980   -52.99440    0.00172
     160   0.980   -52.99440    0.00172
     161   0.980   -52.99440    0.00172
     162   0.980   -52.99440    0.00172
     163   0.980   -52.99440    0.00172
     164   1.001   -52.99436    0.00166
     165   1.001   -52.99436    0.00166
     166   1.001   -52.99436    0.00166
     167   1.002   -52.99436    0.00166
     168   1.002   -52.99436    0.00166
     169   1.002   -52.99436    0.00166
     170   1.002   -52.99436    0.00166
     171   1.002   -52.99436    0.00166
     172   1.002   -52.99436    0.00166
     173   1.002   -52.99436    0.00166
     174   1.002   -52.99436    0.00166    0.02890      11      17
     175   1.002   -52.99436    0.00166
     176   1.002   -52.99436    0.00166
     177   1.002   -52.99436    0.00166
     178   1.002   -52.99436    0.00165
     179   1.003   -52.99436    0.00165
     180   1.003   -52.99436    0.00165
     181   1.003   -52.99436    0.00165
     182   1.003   -52.99436    0.00165
     183   0.968   -52.99442    0.00175
     184   0.968   -52.99442    0.00175
     185   0.968   -52.99442    0.00175
     186   0.968   -52.99442    0.00175
     187   0.968   -52.99442    0.00175
     188   0.969   -52.99442    0.00175
     189   0.969   -52.99442    0.00175
     190   0.969   -52.99442    0.00175
     191   0.969   -52.99441    0.00175    0.00175      12       1
     192   0.969   -52.99441    0.00175    0.01903      13      11
     193   0.969   -52.99441    0.00175
     194   0.969   -52.99441    0.00175
     195   0.969   -52.99441    0.00175
     196   0.969   -52.99441    0.00175
     197   0.969   -52.99441    0.00175
     198   0.970   -52.99441    0.00175
     199   0.974   -52.99441    0.00173
     200   0.980   -52.99440    0.00172
     201   0.980   -52.99440    0.00172
     202   1.018   -52.99434    0.00161
     203   1.053   -52.99428    0.00152    0.00152      14       1
     204   1.108   -52.99419    0.00138    0.02351      15      17
     205   1.108   -52.99419    0.00138
     206   1.108   -52.99419    0.00138
     207   1.108   -52.99419    0.00138
     208   1.109   -52.99419    0.00138
     209   1.109   -52.99419    0.00138
     210   1.109   -52.99419    0.00138
     211   1.109   -52.99419    0.00138
     212   1.109   -52.99419    0.00138
     213   1.109   -52.99419    0.00138
     214   1.109   -52.99419    0.00138
     215   1.109   -52.99419    0.00138
     216   1.109   -52.99419    0.00138
     217   1.109   -52.99419    0.00138
     218   1.109   -52.99419    0.00138
     219   1.109   -52.99419    0.00138
     220   1.109   -52.99419    0.00138
     221   1.111   -52.99419    0.00138    0.02748      16      20
     222   1.111   -52.99419    0.00138
     223   1.111   -52.99419    0.00138
     224   1.111   -52.99419    0.00138
     225   1.111   -52.99419    0.00138
     226   1.111   -52.99419    0.00138
     227   1.111   -52.99419    0.00138
     228   1.112   -52.99419    0.00138
     229   1.112   -52.99419    0.00138
     230   1.112   -52.99419    0.00138
     231   1.112   -52.99419    0.00138
     232   1.112   -52.99419    0.00138
     233   1.112   -52.99419    0.00138
     234   1.112   -52.99419    0.00138
     235   1.112   -52.99419    0.00138
     236   1.112   -52.99419    0.00138
     237   1.112   -52.99419    0.00138
     238   1.112   -52.99419    0.00138
     239   1.112   -52.99419    0.00138
     240   1.130   -52.99416    0.00133
     241   1.176   -52.99409    0.00124    0.02468      17      20
     242   1.176   -52.99409    0.00124
     243   1.176   -52.99408    0.00123
     244   1.176   -52.99408    0.00123
     245   1.176   -52.99408    0.00123
     246   1.176   -52.99408    0.00123
     247   1.176   -52.99408    0.00123
     248   1.176   -52.99408    0.00123
     249   1.176   -52.99408    0.00123
     250   1.176   -52.99408    0.00123
     251   1.176   -52.99408    0.00123
     252   1.176   -52.99408    0.00123
     253   1.176   -52.99408    0.00123
     254   1.176   -52.99408    0.00123
     255   1.176   -52.99408    0.00123
     256   1.177   -52.99408    0.00123
     257   1.177   -52.99408    0.00123
     258   1.177   -52.99408    0.00123
     259   1.178   -52.99408    0.00123
     260   1.178   -52.99408    0.00123
     261   1.224   -52.99401    0.00114    0.01706      18      15
     262   1.224   -52.99401    0.00114
     263   1.224   -52.99401    0.00114
     264   1.224   -52.99401    0.00114
     265   1.224   -52.99401    0.00114
     266   1.224   -52.99401    0.00114
     267   1.224   -52.99401    0.00114
     268   1.224   -52.99401    0.00114
     269   1.224   -52.99401    0.00114
     270   1.224   -52.99401    0.00114
     271   1.224   -52.99401    0.00114
     272   1.224   -52.99401    0.00114
     273   1.225   -52.99401    0.00114
     274   1.226   -52.99400    0.00113
     275   1.229   -52.99400    0.00113
     276   1.260   -52.99395    0.00107    0.01764      19      17
     277   1.265   -52.99394    0.00106
     278   1.266   -52.99394    0.00106
     279   1.278   -52.99392    0.00104
     280   1.279   -52.99392    0.00104
     281   1.283   -52.99391    0.00103
     282   1.283   -52.99391    0.00103
     283   1.283   -52.99391    0.00103
     284   1.283   -52.99391    0.00103
     285   1.283   -52.99391    0.00103
     286   1.283   -52.99391    0.00103
     287   1.283   -52.99391    0.00103
     288   1.283   -52.99391    0.00103
     289   1.283   -52.99391    0.00103
     290   1.283   -52.99391    0.00103
     291   1.283   -52.99391    0.00103
     292   1.283   -52.99391    0.00103
     293   1.283   -52.99391    0.00103    0.01659      20      16
     294   1.283   -52.99391    0.00103
     295   1.277   -52.99392    0.00104
     296   1.277   -52.99392    0.00104
     297   1.278   -52.99392    0.00104
     298   1.278   -52.99392    0.00104
     299   1.278   -52.99392    0.00104
     300   1.278   -52.99392    0.00104
     301   1.278   -52.99392    0.00104
     302   1.278   -52.99392    0.00104
     303   1.278   -52.99392    0.00104
     304   1.283   -52.99391    0.00103
     305   1.278   -52.99392    0.00104
     306   1.283   -52.99391    0.00103
     307   1.283   -52.99391    0.00103
     308   1.278   -52.99392    0.00104
     309   1.283   -52.99391    0.00103    0.00723      21       7
     310   1.284   -52.99391    0.00103
     311   1.278   -52.99392    0.00104
     312   1.284   -52.99391    0.00103
     313   1.278   -52.99392    0.00104
     314   1.286   -52.99391    0.00103
     315   1.278   -52.99392    0.00104
     316   2.702   -52.99165    0.00009    0.00160      22      17
     317   2.702   -52.99165    0.00009
     318   2.702   -52.99165    0.00009
     319   2.702   -52.99165    0.00009
     320   2.702   -52.99165    0.00009
     321   2.702   -52.99165    0.00009
     322   2.702   -52.99165    0.00009
     323   2.702   -52.99165    0.00009
     324   2.702   -52.99165    0.00009
     325   2.702   -52.99165    0.00009
     326   2.702   -52.99165    0.00009
     327   2.702   -52.99165    0.00009
     328   2.702   -52.99165    0.00009
     329   2.702   -52.99165    0.00009
     330   2.702   -52.99165    0.00009
     331   2.703   -52.99165    0.00009
     332   2.703   -52.99165    0.00009
     333   2.719   -52.99163    0.00009    0.00233      23      26
     334   2.719   -52.99163    0.00009
     335   2.719   -52.99163    0.00009
     336   2.719   -52.99163    0.00009
     337   2.719   -52.99163    0.00009
     338   2.719   -52.99163    0.00009
     339   2.719   -52.99163    0.00009
     340   2.719   -52.99163    0.00009
     341   2.719   -52.99163    0.00009
     342   2.719   -52.99163    0.00009
     343   2.719   -52.99162    0.00009
     344   2.719   -52.99162    0.00009
     345   2.719   -52.99162    0.00009
     346   2.720   -52.99162    0.00009
     347   2.720   -52.99162    0.00009
     348   2.720   -52.99162    0.00009
     349   2.720   -52.99162    0.00009
     350   2.720   -52.99162    0.00009
     351   2.755   -52.99157    0.00009
     352   2.755   -52.99157    0.00009
     353   2.755   -52.99157    0.00009
     354   2.756   -52.99157    0.00009
     355   2.756   -52.99157    0.00009
     356   2.756   -52.99157    0.00009
     357   2.756   -52.99157    0.00009
     358   2.756   -52.99157    0.00009
     359   2.756   -52.99157    0.00009    0.00034      24       4
     360   2.756   -52.99157    0.00009
     361   2.756   -52.99157    0.00009
     362   2.757   -52.99157    0.00009
     363   2.775   -52.99154    0.00008    0.00008      25       1
     364   2.942   -52.99127    0.00006    0.00100      26      16
     365   2.942   -52.99127    0.00006
     366   2.943   -52.99127    0.00006
     367   2.943   -52.99127    0.00006
     368   2.943   -52.99127    0.00006
     369   2.944   -52.99127    0.00006
     370   2.944   -52.99127    0.00006
     371   2.944   -52.99127    0.00006
     372   2.944   -52.99127    0.00006
     373   2.944   -52.99127    0.00006
     374   2.944   -52.99127    0.00006
     375   2.944   -52.99127    0.00006
     376   2.944   -52.99127    0.00006
     377   2.944   -52.99127    0.00006
     378   2.944   -52.99127    0.00006
     379   2.945   -52.99127    0.00006
     380   3.113   -52.99100    0.00005    0.00085      27      18
     381   3.113   -52.99100    0.00005
     382   3.113   -52.99100    0.00005
     383   3.113   -52.99100    0.00005
     384   3.113   -52.99100    0.00005
     385   3.114   -52.99100    0.00005
     386   3.114   -52.99100    0.00005
     387   3.114   -52.99100    0.00005
     388   3.114   -52.99100    0.00005
     389   3.114   -52.99100    0.00005
     390   3.114   -52.99100    0.00005
     391   3.114   -52.99100    0.00005
     392   3.114   -52.99100    0.00005
     393   3.114   -52.99100    0.00005
     394   3.114   -52.99100    0.00005
     395   3.114   -52.99100    0.00005
     396   3.114   -52.99100    0.00005
     397   3.115   -52.99100    0.00005
     398   3.181   -52.99089    0.00004    0.00004      28       1
     399   3.346   -52.99063    0.00003    0.00029      29       9
     400   3.346   -52.99063    0.00003
     401   3.346   -52.99063    0.00003
     402   3.346   -52.99063    0.00003
     403   3.347   -52.99063    0.00003
     404   3.347   -52.99062    0.00003
     405   3.348   -52.99062    0.00003
     406   3.348   -52.99062    0.00003
     407   3.348   -52.99062    0.00003
     408   3.348   -52.99062    0.00003    0.00003      30       1
     409   3.349   -52.99062    0.00003    0.00019      31       6
     410   3.349   -52.99062    0.00003
     411   3.350   -52.99062    0.00003
     412   3.350   -52.99062    0.00003
     413   3.353   -52.99062    0.00003
     414   3.353   -52.99062    0.00003
     415   3.356   -52.99061    0.00003    0.00009      32       3
     416   3.365   -52.99060    0.00003
     417   3.359   -52.99061    0.00003
     418   3.365   -52.99060    0.00003    0.00006      33       2
     419   3.362   -52.99060    0.00003
     420   3.366   -52.99060    0.00003    0.00051      34      17
     421   3.380   -52.99057    0.00003
     422   3.369   -52.99059    0.00003
     423   3.380   -52.99057    0.00003
     424   3.380   -52.99057    0.00003
     425   3.380   -52.99057    0.00003
     426   3.380   -52.99057    0.00003
     427   3.369   -52.99059    0.00003
     428   3.371   -52.99059    0.00003
     429   3.375   -52.99058    0.00003
     430   3.377   -52.99058    0.00003
     431   3.377   -52.99058    0.00003
     432   3.380   -52.99057    0.00003
     433   3.380   -52.99057    0.00003
     434   3.380   -52.99057    0.00003
     435   3.380   -52.99057    0.00003
     436   3.380   -52.99057    0.00003
     437   3.381   -52.99057    0.00003    0.00012      35       4
     438   3.380   -52.99057    0.00003
     439   3.381   -52.99057    0.00003
     440   3.380   -52.99057    0.00003
     441   3.381   -52.99057    0.00003    0.00006      36       2
     442   3.380   -52.99057    0.00003
     443   3.382   -52.99057    0.00003    0.00015      37       5
     444   3.383   -52.99057    0.00003
     445   3.380   -52.99057    0.00003
     446   3.380   -52.99057    0.00003
     447   3.383   -52.99057    0.00003
     448   3.392   -52.99055    0.00003    0.00003      38       1
     449   3.401   -52.99054    0.00003    0.00049      39      17
     450   3.401   -52.99054    0.00003
     451   3.401   -52.99054    0.00003
     452   3.401   -52.99054    0.00003
     453   3.401   -52.99054    0.00003
     454   3.401   -52.99054    0.00003
     455   3.401   -52.99054    0.00003
     456   3.401   -52.99054    0.00003
     457   3.401   -52.99054    0.00003
     458   3.401   -52.99054    0.00003
     459   3.401   -52.99054    0.00003
     460   3.401   -52.99054    0.00003
     461   3.401   -52.99054    0.00003
     462   3.401   -52.99054    0.00003
     463   3.401   -52.99054    0.00003
     464   3.401   -52.99054    0.00003
     465   3.402   -52.99054    0.00003
     466   3.435   -52.99048    0.00003    0.00022      40       8
     467   3.435   -52.99048    0.00003
     468   3.435   -52.99048    0.00003
     469   3.435   -52.99048    0.00003
     470   3.435   -52.99048    0.00003
     471   3.435   -52.99048    0.00003
     472   3.435   -52.99048    0.00003
     473   3.436   -52.99048    0.00003
     474   3.507   -52.99037    0.00002    0.00029      41      12
     475   3.507   -52.99037    0.00002
     476   3.507   -52.99037    0.00002
     477   3.507   -52.99037    0.00002
     478   3.507   -52.99037    0.00002
     479   3.507   -52.99037    0.00002
     480   3.507   -52.99037    0.00002
     481   3.507   -52.99037    0.00002
     482   3.507   -52.99037    0.00002
     483   3.507   -52.99037    0.00002
     484   3.507   -52.99037    0.00002
     485   3.507   -52.99037    0.00002
     486   3.598   -52.99022    0.00002    0.00029      42      14
     487   3.598   -52.99022    0.00002
     488   3.599   -52.99022    0.00002
     489   3.599   -52.99022    0.00002
     490   3.599   -52.99022    0.00002
     491   3.599   -52.99022    0.00002
     492   3.599   -52.99022    0.00002
     493   3.599   -52.99022    0.00002
     494   3.599   -52.99022    0.00002
     495   3.599   -52.99022    0.00002
     496   3.599   -52.99022    0.00002
     497   3.599   -52.99022    0.00002
     498   3.599   -52.99022    0.00002
     499   3.599   -52.99022    0.00002
     500   3.644   -52.99015    0.00002    0.00027      43      14
     501   3.644   -52.99015    0.00002
     502   3.644   -52.99015    0.00002
     503   3.644   -52.99015    0.00002
     504   3.644   -52.99015    0.00002
     505   3.644   -52.99015    0.00002
     506   3.644   -52.99015    0.00002
     507   3.644   -52.99015    0.00002
     508   3.644   -52.99015    0.00002
     509   3.644   -52.99015    0.00002
     510   3.644   -52.99015    0.00002
     511   3.645   -52.99015    0.00002
     512   3.646   -52.99015    0.00002
     513   3.646   -52.99015    0.00002
     514   3.647   -52.99015    0.00002    0.00002      44       1
     515   3.655   -52.99013    0.00002    0.00004      45       2
     516   3.658   -52.99013    0.00002
     517   3.720   -52.99003    0.00002    0.00017      46      10
     518   3.720   -52.99003    0.00002
     519   3.720   -52.99003    0.00002
     520   3.720   -52.99003    0.00002
     521   3.720   -52.99003    0.00002
     522   3.720   -52.99003    0.00002
     523   3.721   -52.99003    0.00002
     524   3.721   -52.99003    0.00002
     525   3.721   -52.99003    0.00002
     526   3.722   -52.99003    0.00002
     527   3.827   -52.98986    0.00001    0.00003      47       2
     528   3.829   -52.98986    0.00001
     529   3.926   -52.98970    0.00001    0.00001      48       1
     530   3.951   -52.98966    0.00001    0.00006      49       5
     531   3.951   -52.98966    0.00001
     532   3.967   -52.98964    0.00001
     533   3.969   -52.98963    0.00001
     534   3.971   -52.98963    0.00001
     535   4.021   -52.98955    0.00001    0.00002      50       2
     536   4.021   -52.98955    0.00001
     537   4.074   -52.98947    0.00001    0.00012      51      13
     538   4.074   -52.98947    0.00001
     539   4.074   -52.98947    0.00001
     540   4.074   -52.98947    0.00001
     541   4.074   -52.98947    0.00001
     542   4.074   -52.98947    0.00001
     543   4.074   -52.98947    0.00001
     544   4.074   -52.98947    0.00001
     545   4.074   -52.98947    0.00001
     546   4.074   -52.98947    0.00001
     547   4.075   -52.98946    0.00001
     548   4.075   -52.98946    0.00001
     549   4.076   -52.98946    0.00001
     550   4.079   -52.98946    0.00001    0.00001      52       1
     551   4.105   -52.98942    0.00001    0.00005      53       6
     552   4.105   -52.98942    0.00001
     553   4.105   -52.98942    0.00001
     554   4.105   -52.98942    0.00001
     555   4.105   -52.98942    0.00001
     556   4.106   -52.98942    0.00001
     557   4.115   -52.98940    0.00001    0.00010      54      11
     558   4.115   -52.98940    0.00001
     559   4.115   -52.98940    0.00001
     560   4.115   -52.98940    0.00001
     561   4.115   -52.98940    0.00001
     562   4.115   -52.98940    0.00001
     563   4.115   -52.98940    0.00001
     564   4.115   -52.98940    0.00001
     565   4.115   -52.98940    0.00001
     566   4.115   -52.98940    0.00001
     567   4.145   -52.98935    0.00001
     568   4.216   -52.98924    0.00001    0.00006      55       8
     569   4.216   -52.98924    0.00001
     570   4.216   -52.98924    0.00001
     571   4.217   -52.98924    0.00001
     572   4.217   -52.98924    0.00001
     573   4.217   -52.98924    0.00001
     574   4.217   -52.98924    0.00001
     575   4.218   -52.98924    0.00001
     576   4.218   -52.98924    0.00001    0.00001      56       1
     577   4.218   -52.98924    0.00001    0.00001      57       1
     578   4.296   -52.98911    0.00001    0.00001      58       1
     579   5.721   -52.98684    0.00000    0.00000      59       5
     580   5.721   -52.98684    0.00000
     581   5.722   -52.98684    0.00000
     582   5.722   -52.98684    0.00000
     583   5.722   -52.98684    0.00000
     584   5.748   -52.98680    0.00000    0.00000      60       5
     585   5.748   -52.98680    0.00000
     586   5.748   -52.98680    0.00000
     587   5.748   -52.98680    0.00000
     588   5.748   -52.98680    0.00000
T /K                                  :   298.15
E lowest                              :   -52.99596
ensemble average energy (kcal)        :    0.470
ensemble entropy (J/mol K, cal/mol K) :   45.783   10.942
ensemble free energy (kcal/mol)       :   -3.262
population of lowest in %             :   19.645
 number of unique conformers for further calc           60
 list of relative energies saved as "crest.energies"

 -----------------
 Wall Time Summary
 -----------------
 CREST runtime (total)               0 d,  0 h,  8 min, 34.626 sec
 ------------------------------------------------------------------
 Trial metadynamics (MTD)   ...        0 min,  4.116 sec (  0.800%)
 Metadynamics (MTD)         ...        1 min, 51.456 sec ( 21.658%)
 Geometry optimization      ...        5 min, 58.829 sec ( 69.726%)
 Molecular dynamics (MD)    ...        0 min, 33.016 sec (  6.416%)
 Genetic crossing (GC)      ...        0 min,  6.394 sec (  1.242%)
 I/O and setup              ...        0 min,  0.817 sec (  0.159%)
 ------------------------------------------------------------------
 * wall-time:     0 d,  0 h,  8 min, 34.626 sec
 *  cpu-time:     0 d,  2 h,  2 min, 45.722 sec
 * ratio c/w:    14.313 speedup
 ------------------------------------------------------------------
 * Total number of energy+grad calls: 258221

 CREST terminated normally.
