  32
 Etot=         -50.9249942647
 S         -0.7772794003        2.1595296585       -0.2051127108
 O         -3.7148103590       -2.5198669115        0.5612501624
 O          5.9978014075       -0.0718814682        0.3076237969
 O          4.6408466370       -0.8906008078       -1.2352956877
 N         -2.5068032680       -1.2947538111       -0.9709771086
 N         -3.6477659144       -0.2166464597        0.5726658477
 C         -2.0979108941        0.0709370947       -1.1399043523
 C         -3.1276541017        0.8334456186       -0.2661657616
 C         -0.6750237425        0.3905498828       -0.6331042523
 C         -2.4247112397        1.9363826878        0.5318839713
 C         -0.2369464152       -0.4576092741        0.5586305620
 C          1.1294373872       -0.0533485935        1.1114714270
 C         -3.3344264665       -1.4715798083        0.1077718408
 C          2.2786757903       -0.3945659323        0.1670395641
 C          3.6313892897       -0.0363653043        0.7758436175
 C          4.7725870812       -0.3825000564       -0.1621960493
 H         -2.1720882084        0.3722107688       -2.1906811386
 H         -3.9165135870        1.2720408602       -0.8924749923
 H          0.0484533919        0.3055613956       -1.4442019220
 H         -2.9427670997        2.8907155811        0.4821034373
 H         -2.3066966777        1.6436662628        1.5754619549
 H         -0.9826573378       -0.3749584433        1.3516434910
 H         -0.1998493122       -1.5047722459        0.2498596796
 H         -1.9848232179       -2.0625327064       -1.3551042662
 H         -4.4611090941       -0.0790052617        1.1468218133
 H          1.1295257801        1.0205266110        1.3114165504
 H          1.2821253881       -0.5725111266        2.0604977816
 H          2.2677069784       -1.4608574577       -0.0654915341
 H          2.1735854615        0.1486394359       -0.7722253346
 H          3.7794629453       -0.5780757075        1.7154795379
 H          3.6711462814        1.0353487681        0.9937863997
 H          5.9708753867        0.3365652560        1.1825495153
