  14
 Etot=         -26.4420734856
 O         -2.2301596826       -1.1233633796       -0.0000019445
 O         -2.3134034534        1.1061863583       -0.0000083210
 N          1.8471953044       -1.2032603192       -0.0000027817
 C         -0.1841921165        0.0459286773       -0.0000371476
 C          0.5342914344        1.2410967854       -0.0000284837
 C          0.5296399125       -1.1526432426       -0.0000243216
 C          1.9156604587        1.1850749024        0.0000505558
 C          2.5210954282       -0.0649809586        0.0000010172
 C         -1.6637303837        0.0910592723        0.0000542870
 H         -0.0021011626        2.1785900261       -0.0000508150
 H          0.0149556887       -2.1033173492        0.0001571947
 H          2.5103375389        2.0850593844       -0.0000823461
 H          3.5987706201       -0.1641109075        0.0000011659
 H         -3.1963964029       -1.0361830484       -0.0000131492
  14
 Etot=         -26.4420734265
 O         -2.2301467757       -1.1233581636        0.0000511640
 O         -2.3134356712        1.1062100902       -0.0000017304
 N          1.8472173332       -1.2032643277        0.0001400532
 C         -0.1841955508        0.0459384515        0.0000822669
 C          0.5342796629        1.2410947986       -0.0000583121
 C          0.5296560110       -1.1526367055        0.0002624225
 C          1.9156501979        1.1850607395       -0.0002122494
 C          2.5211016713       -0.0649945340       -0.0000294709
 C         -1.6637379211        0.0910781616       -0.0002524462
 H         -0.0021172791        2.1785887646       -0.0000929247
 H          0.0149742304       -2.1033072723       -0.0002846654
 H          2.5103205946        2.0850420952        0.0000950415
 H          3.5987774964       -0.1641271989        0.0000651400
 H         -3.1963808157       -1.0361886981        0.0002506213
  14
 Etot=         -26.4420734888
 O         -2.2301484138       -1.1233601637        0.0000187205
 O         -2.3134274750        1.1061999590       -0.0000124291
 N          1.8472098543       -1.2032633422        0.0000525837
 C         -0.1841952420        0.0459374501        0.0000139726
 C          0.5342833890        1.2410966188       -0.0000319128
 C          0.5296499380       -1.1526374048        0.0000292202
 C          1.9156533596        1.1850648055       -0.0000619828
 C          2.5210993020       -0.0649914098        0.0000368533
 C         -1.6637355383        0.0910720779        0.0000239997
 H         -0.0021110244        2.1785912752       -0.0000628810
 H          0.0149666678       -2.1033081712        0.0000729676
 H          2.5103264222        2.0850464126       -0.0000131471
 H          3.5987750737       -0.1641234045       -0.0000437647
 H         -3.1963831287       -1.0361885021       -0.0000072897
