
       ╔════════════════════════════════════════════════╗
       ║                                                ║
       ║     ██████╗██████╗ ███████╗███████╗████████╗   ║
       ║    ██╔════╝██╔══██╗██╔════╝██╔════╝╚══██╔══╝   ║
       ║    ██║     ██████╔╝█████╗  ███████╗   ██║      ║
       ║    ██║     ██╔══██╗██╔══╝  ╚════██║   ██║      ║
       ║    ╚██████╗██║  ██║███████╗███████║   ██║      ║
       ║     ╚═════╝╚═╝  ╚═╝╚══════╝╚══════╝   ╚═╝      ║
       ║                                                ║
       ║    Conformer-Rotamer Ensemble Sampling Tool    ║
       ║            based on the xTB methods            ║
       ║                                                ║
       ╚════════════════════════════════════════════════╝
        Version 3.0.2, Mon, 29 September 16:25:59, 09/29/2025
        commit (c39758d) compiled by 'andrey@PC1'

   Cite work conducted with this code as

   • P.Pracht, F.Bohle, S.Grimme, PCCP, 2020, 22, 7169-7192.
   • S.Grimme, JCTC, 2019, 15, 2847-2862.
   • P.Pracht, S.Grimme, C.Bannwarth, F.Bohle, S.Ehlert,
     G.Feldmann, J.Gorges, M.Müller, T.Neudecker, C.Plett,
     S.Spicher, P.Steinbach, P.Wesołowski, F.Zeller,
     J. Chem. Phys., 2024, 160, 114110.

   for works involving QCG cite

   • S.Spicher, C.Plett, P.Pracht, A.Hansen, S.Grimme,
     JCTC, 2022, 18 (5), 3174-3189.
   • C.Plett, S. Grimme,
     Angew. Chem. Int. Ed. 2023, 62, e202214477.

   for works involving MECP screening cite

   • P.Pracht, C.Bannwarth, JCTC, 2022, 18 (10), 6370-6385.

   Original code
     P.Pracht, S.Grimme, Universität Bonn, MCTC
   with help from (alphabetical order):
     C.Bannwarth, F.Bohle, S.Ehlert, G.Feldmann, J.Gorges,
     S.Grimme, C.Plett, P.Pracht, S.Spicher, P.Steinbach,
     P.Wesolowski, F.Zeller

   Online documentation is available at
   https://crest-lab.github.io/crest-docs/

   This program is distributed in the hope that it will be useful,
   but WITHOUT ANY WARRANTY; without even the implied warranty of
   MERCHANTABILITY or FITNESS FOR A PARTICULAR PURPOSE. See the
   GNU Lesser General Public License (LGPL) for more details.

 Command line input:
 $ ./crest m1_00_Vitamin_B9-uni_conformers-CLUST_1_gfn2_opt.xyz --T 16 --gfn2

  --T 16 (CPUs/Threads selected)
  --gfn2               : Use of GFN2-xTB requested.

> Setting up backup calculator ... done.
 ----------------
 Calculation info
 ----------------
> User-defined calculation level:
 : xTB calculation via tblite lib
 : GFN2-xTB level
 :   Molecular charge    : 0
 :   Fermi temperature   : 300.00000
 :   Accuracy            : 1.00000
 :   max SCC cycles      : 500


 -----------------------------
 Initial Geometry Optimization
 -----------------------------
 Geometry successfully optimized.

          ┍━━━━━━━━━━━━━━━━━━━━━━━━━━━━━━━━━━━━━━━━━━━━━━━━━┑
          │              CREST iMTD-GC SAMPLING             │
          ┕━━━━━━━━━━━━━━━━━━━━━━━━━━━━━━━━━━━━━━━━━━━━━━━━━┙

 Input structure:
  51

 O         -5.5239546405        2.4518904232       -1.2885802292
 O         -2.6601978213       -1.3990074653       -2.4802872958
 O         -3.8675078991        2.2834245646        0.1976089873
 O         -4.7119443684        0.3217935112        2.2521214233
 O         -6.5233058175        1.2324646079        1.3252934864
 O          2.7775068222        1.6568743505        2.1332960188
 N         -3.1496407113       -0.1663681079       -0.6631411286
 N          2.2289252179       -3.0464508743        1.2869581337
 N          3.5990347462       -0.7594252621        0.8571340085
 N          5.3966956222       -0.4788067781       -1.2428951752
 N          4.0468043996        2.8056123913        0.6572596755
 N          5.3694578753        1.8142047996       -1.0114279872
 N          5.3778455892        4.0783037442       -0.7593868029
 C         -4.3303323638        0.4120931704       -1.2477892043
 C         -5.5832521302       -0.4552872516       -0.9924823574
 C         -5.7018053626       -0.8727026120        0.4771229526
 C         -2.3696298648       -1.0433035956       -1.3511826133
 C         -1.1755172811       -1.5330083044       -0.6257482347
 C         -4.5302235329        1.8085151907       -0.6889023821
 C          1.1424545940       -2.5152788452        0.6222611140
 C          3.5116310501       -3.1544743413        0.6360500701
 C         -0.1168034680       -2.0417839551       -1.3744976758
 C         -1.0672114228       -1.5394734321        0.7652739349
 C          1.0267660828       -2.5164160129       -0.7704100608
 C          0.0682315533       -2.0235851336        1.3730759324
 C         -5.7206181475        0.3384503974        1.3784445801
 C          4.0489119776       -1.8112370316        0.2000827883
 C          4.0251192805        0.4417601072        0.4793158016
 C          4.9617327928       -1.6531714307       -0.8546224218
 C          4.9347576583        0.5988125921       -0.5938887622
 C          3.5321816715        1.6215867258        1.1928614341
 C          4.9262324449        2.8600066574       -0.3923375010
 H         -4.1876397923        0.4831116937       -2.3346307398
 H         -6.4649786902        0.1099458245       -1.2948067061
 H         -5.5038537765       -1.3517089765       -1.6073136220
 H         -4.8661049732       -1.5112185222        0.7616412950
 H         -6.6364948128       -1.4186561650        0.6150056222
 H         -2.8309754604        0.2517304762        0.1979964985
 H          3.4357004593       -3.8223477942       -0.2267697039
 H          4.2121765432       -3.6100622991        1.3437102515
 H         -0.2090400563       -2.0479084112       -2.4503347810
 H         -1.8781229518       -1.1854360207        1.3854051022
 H          2.2973140020       -2.7120872096        2.2384798434
 H          1.8302551588       -2.8856398440       -1.3884864817
 H          0.1427451393       -2.0221411769        2.4510048205
 H          5.3472988456       -2.5069759292       -1.3974593412
 H         -5.6913322335        3.3065890172       -0.8599145684
 H          3.7448244473        3.6589532779        1.1137880365
 H         -4.6932623098        1.1375933479        2.7781616697
 H          5.9389697191        4.1106481116       -1.5927690682
 H          4.9120597458        4.9154907229       -0.4578363515

 ------------------------------------------------
 Generating MTD length from a flexibility measure
 ------------------------------------------------
 Calculating GFN0-xTB WBOs   ... done.
 Calculating NCI flexibility ... done.
     covalent flexibility measure :   0.371
 non-covalent flexibility measure :   0.687
 flexibility measure :   0.394
 t(MTD) / ps    :    16.0
 Σ(t(MTD)) / ps :   224.0 (14 MTDs)

 -----------------------------------
 Starting trial MTD to test settings
 -----------------------------------
 Trial MTD 1 runtime (1.0 ps) ...        0 min,  8.473 sec
 Estimated runtime for one MTD (16.0 ps) on a single thread: 2 min 16 sec
 Estimated runtime for a batch of 14 MTDs on 16 threads: 2 min 16 sec

********************************************************************************
**                    N E W   I T E R A T I O N  C Y C L E                    **
********************************************************************************

 ------------------------------
 Meta-Dynamics Iteration 1
 ------------------------------
 list of applied metadynamics Vbias parameters:
$metadyn    0.15300   1.300
$metadyn    0.07650   1.300
$metadyn    0.03825   1.300
$metadyn    0.15300   0.780
$metadyn    0.07650   0.780
$metadyn    0.03825   0.780
$metadyn    0.15300   0.468
$metadyn    0.07650   0.468
$metadyn    0.03825   0.468
$metadyn    0.15300   0.281
$metadyn    0.07650   0.281
$metadyn    0.03825   0.281
$metadyn    0.05100   0.100
$metadyn    0.25500   0.800

  ::::::::::::: starting MTD    1 :::::::::::::
  |   MD simulation time   :    16.0 ps       |
  |   target T             :   300.0 K        |
  |   timestep dt          :     5.0 fs       |
  |   dump interval(trj)   :   100.0 fs       |
  |   SHAKE algorithm      : true (all bonds) |
  |   dump interval(Vbias) :    1.00 ps       |
  |   Vbias prefactor (k)  :  0.1530 Eh       |
  |   Vbias exponent (α)   :  1.3000 bohr⁻²   |
  ::::::::::::: starting MTD    8 :::::::::::::
  |   MD simulation time   :    16.0 ps       |
  |   target T             :   300.0 K        |
  |   timestep dt          :     5.0 fs       |
  |   dump interval(trj)   :   100.0 fs       |
  |   SHAKE algorithm      : true (all bonds) |
  |   dump interval(Vbias) :    1.00 ps       |
  |   Vbias prefactor (k)  :  0.0765 Eh       |
  |   Vbias exponent (α)   :  0.4680 bohr⁻²   |
  ::::::::::::: starting MTD    3 :::::::::::::
  |   MD simulation time   :    16.0 ps       |
  |   target T             :   300.0 K        |
  |   timestep dt          :     5.0 fs       |
  |   dump interval(trj)   :   100.0 fs       |
  |   SHAKE algorithm      : true (all bonds) |
  |   dump interval(Vbias) :    1.00 ps       |
  |   Vbias prefactor (k)  :  0.0382 Eh       |
  |   Vbias exponent (α)   :  1.3000 bohr⁻²   |
  ::::::::::::: starting MTD   13 :::::::::::::
  |   MD simulation time   :    16.0 ps       |
  |   target T             :   300.0 K        |
  |   timestep dt          :     5.0 fs       |
  |   dump interval(trj)   :   100.0 fs       |
  |   SHAKE algorithm      : true (all bonds) |
  |   dump interval(Vbias) :    1.00 ps       |
  |   Vbias prefactor (k)  :  0.0510 Eh       |
  |   Vbias exponent (α)   :  0.1000 bohr⁻²   |
  ::::::::::::: starting MTD    5 :::::::::::::
  |   MD simulation time   :    16.0 ps       |
  |   target T             :   300.0 K        |
  |   timestep dt          :     5.0 fs       |
  |   dump interval(trj)   :   100.0 fs       |
  |   SHAKE algorithm      : true (all bonds) |
  |   dump interval(Vbias) :    1.00 ps       |
  |   Vbias prefactor (k)  :  0.0765 Eh       |
  |   Vbias exponent (α)   :  0.7800 bohr⁻²   |
  ::::::::::::: starting MTD   10 :::::::::::::
  |   MD simulation time   :    16.0 ps       |
  |   target T             :   300.0 K        |
  |   timestep dt          :     5.0 fs       |
  |   dump interval(trj)   :   100.0 fs       |
  |   SHAKE algorithm      : true (all bonds) |
  |   dump interval(Vbias) :    1.00 ps       |
  |   Vbias prefactor (k)  :  0.1530 Eh       |
  |   Vbias exponent (α)   :  0.2808 bohr⁻²   |
  ::::::::::::: starting MTD   14 :::::::::::::
  |   MD simulation time   :    16.0 ps       |
  |   target T             :   300.0 K        |
  |   timestep dt          :     5.0 fs       |
  |   dump interval(trj)   :   100.0 fs       |
  |   SHAKE algorithm      : true (all bonds) |
  |   dump interval(Vbias) :    1.00 ps       |
  |   Vbias prefactor (k)  :  0.2550 Eh       |
  |   Vbias exponent (α)   :  0.8000 bohr⁻²   |
  ::::::::::::: starting MTD    4 :::::::::::::
  |   MD simulation time   :    16.0 ps       |
  |   target T             :   300.0 K        |
  |   timestep dt          :     5.0 fs       |
  |   dump interval(trj)   :   100.0 fs       |
  |   SHAKE algorithm      : true (all bonds) |
  |   dump interval(Vbias) :    1.00 ps       |
  |   Vbias prefactor (k)  :  0.1530 Eh       |
  |   Vbias exponent (α)   :  0.7800 bohr⁻²   |
  ::::::::::::: starting MTD   12 :::::::::::::
  |   MD simulation time   :    16.0 ps       |
  |   target T             :   300.0 K        |
  |   timestep dt          :     5.0 fs       |
  |   dump interval(trj)   :   100.0 fs       |
  |   SHAKE algorithm      : true (all bonds) |
  |   dump interval(Vbias) :    1.00 ps       |
  |   Vbias prefactor (k)  :  0.0382 Eh       |
  |   Vbias exponent (α)   :  0.2808 bohr⁻²   |
  ::::::::::::: starting MTD    7 :::::::::::::
  |   MD simulation time   :    16.0 ps       |
  |   target T             :   300.0 K        |
  |   timestep dt          :     5.0 fs       |
  |   dump interval(trj)   :   100.0 fs       |
  |   SHAKE algorithm      : true (all bonds) |
  |   dump interval(Vbias) :    1.00 ps       |
  |   Vbias prefactor (k)  :  0.1530 Eh       |
  |   Vbias exponent (α)   :  0.4680 bohr⁻²   |
  ::::::::::::: starting MTD   11 :::::::::::::
  |   MD simulation time   :    16.0 ps       |
  |   target T             :   300.0 K        |
  |   timestep dt          :     5.0 fs       |
  |   dump interval(trj)   :   100.0 fs       |
  |   SHAKE algorithm      : true (all bonds) |
  |   dump interval(Vbias) :    1.00 ps       |
  |   Vbias prefactor (k)  :  0.0765 Eh       |
  |   Vbias exponent (α)   :  0.2808 bohr⁻²   |
  ::::::::::::: starting MTD    9 :::::::::::::
  |   MD simulation time   :    16.0 ps       |
  |   target T             :   300.0 K        |
  |   timestep dt          :     5.0 fs       |
  |   dump interval(trj)   :   100.0 fs       |
  |   SHAKE algorithm      : true (all bonds) |
  |   dump interval(Vbias) :    1.00 ps       |
  |   Vbias prefactor (k)  :  0.0382 Eh       |
  |   Vbias exponent (α)   :  0.4680 bohr⁻²   |
  ::::::::::::: starting MTD    2 :::::::::::::
  |   MD simulation time   :    16.0 ps       |
  |   target T             :   300.0 K        |
  |   timestep dt          :     5.0 fs       |
  |   dump interval(trj)   :   100.0 fs       |
  |   SHAKE algorithm      : true (all bonds) |
  |   dump interval(Vbias) :    1.00 ps       |
  |   Vbias prefactor (k)  :  0.0765 Eh       |
  |   Vbias exponent (α)   :  1.3000 bohr⁻²   |
  ::::::::::::: starting MTD    6 :::::::::::::
  |   MD simulation time   :    16.0 ps       |
  |   target T             :   300.0 K        |
  |   timestep dt          :     5.0 fs       |
  |   dump interval(trj)   :   100.0 fs       |
  |   SHAKE algorithm      : true (all bonds) |
  |   dump interval(Vbias) :    1.00 ps       |
  |   Vbias prefactor (k)  :  0.0382 Eh       |
  |   Vbias exponent (α)   :  0.7800 bohr⁻²   |
*MTD   3 completed successfully ...        2 min, 57.726 sec
*MTD   8 completed successfully ...        2 min, 59.831 sec
*MTD   1 completed successfully ...        3 min,  0.588 sec
*MTD  14 completed successfully ...        3 min,  0.625 sec
*MTD   2 completed successfully ...        3 min,  1.091 sec
*MTD   7 completed successfully ...        3 min,  1.372 sec
*MTD  10 completed successfully ...        3 min,  2.067 sec
*MTD   4 completed successfully ...        3 min,  2.245 sec
*MTD   9 completed successfully ...        3 min,  2.299 sec
*MTD   6 completed successfully ...        3 min,  2.559 sec
*MTD   5 completed successfully ...        3 min,  3.232 sec
*MTD  12 completed successfully ...        3 min,  3.379 sec
*MTD  11 completed successfully ...        3 min,  4.369 sec
*MTD  13 completed successfully ...        3 min,  5.215 sec

 ======================================
 |  Multilevel Ensemble Optimization  |
 ======================================
 Optimizing all 2226 structures from file "crest_dynamics.trj" ...
 ----------------------
 crude pre-optimization
 ----------------------
 Optimization engine: ANCOPT
 Hessian update type: BFGS
 E/G convergence criteria:  0.500E-03 Eh, 0.100E-01 Eh/a0
 maximum optimization steps: 200
 |>0.0% |>7.5% |>15.0% |>22.5% |>30.0% |>37.5% |>45.0% |>52.5% |>60.0% |>67.5% |>75.0% |>82.5% |>90.0% |>97.5% |>100.0%
 done.
> 2226 of 2226 structures successfully optimized (100.0% success)
> Total runtime for 2226 optimizations:
 * wall-time:     0 d,  0 h,  2 min, 31.368 sec
 *  cpu-time:     0 d,  0 h, 39 min, 15.316 sec
 * ratio c/w:    15.560 speedup
> Corresponding to approximately 0.068 sec per processed structure

CREGEN> running RMSDs ... done.
CREGEN> E lowest :   -95.33778
 166 structures remain within    12.00 kcal/mol window
 ----------------------------------
 optimization with tight thresholds
 ----------------------------------
 Optimization engine: ANCOPT
 Hessian update type: BFGS
 E/G convergence criteria:  0.100E-05 Eh, 0.800E-03 Eh/a0
 maximum optimization steps: 200
 |>0.6% |>10.2% |>20.5% |>30.1% |>40.4% |>50.0% |>60.2% |>70.5% |>80.1% |>90.4% |>100.0%
 done.
> 164 of 166 structures successfully optimized (98.8% success)
> Total runtime for 166 optimizations:
 * wall-time:     0 d,  0 h,  0 min, 37.540 sec
 *  cpu-time:     0 d,  0 h,  9 min,  0.269 sec
 * ratio c/w:    14.392 speedup
> Corresponding to approximately 0.226 sec per processed structure

CREGEN> running RMSDs ... done.
CREGEN> E lowest :   -95.34218
 19 structures remain within     6.00 kcal/mol window

 ------------------------------
 Meta-Dynamics Iteration 2
 ------------------------------
 list of applied metadynamics Vbias parameters:
$metadyn    0.15300   1.300
$metadyn    0.07650   1.300
$metadyn    0.03825   1.300
$metadyn    0.15300   0.780
$metadyn    0.07650   0.780
$metadyn    0.03825   0.780
$metadyn    0.15300   0.468
$metadyn    0.07650   0.468
$metadyn    0.03825   0.468
$metadyn    0.15300   0.281
$metadyn    0.07650   0.281
$metadyn    0.03825   0.281
$metadyn    0.05100   0.100
$metadyn    0.25500   0.800

  ::::::::::::: starting MTD    6 :::::::::::::
  |   MD simulation time   :    16.0 ps       |
  |   target T             :   300.0 K        |
  |   timestep dt          :     5.0 fs       |
  |   dump interval(trj)   :   100.0 fs       |
  |   SHAKE algorithm      : true (all bonds) |
  |   dump interval(Vbias) :    1.00 ps       |
  |   Vbias prefactor (k)  :  0.0382 Eh       |
  |   Vbias exponent (α)   :  0.7800 bohr⁻²   |
  ::::::::::::: starting MTD    8 :::::::::::::
  |   MD simulation time   :    16.0 ps       |
  |   target T             :   300.0 K        |
  |   timestep dt          :     5.0 fs       |
  |   dump interval(trj)   :   100.0 fs       |
  |   SHAKE algorithm      : true (all bonds) |
  |   dump interval(Vbias) :    1.00 ps       |
  |   Vbias prefactor (k)  :  0.0765 Eh       |
  |   Vbias exponent (α)   :  0.4680 bohr⁻²   |
  ::::::::::::: starting MTD    3 :::::::::::::
  |   MD simulation time   :    16.0 ps       |
  |   target T             :   300.0 K        |
  |   timestep dt          :     5.0 fs       |
  |   dump interval(trj)   :   100.0 fs       |
  |   SHAKE algorithm      : true (all bonds) |
  |   dump interval(Vbias) :    1.00 ps       |
  |   Vbias prefactor (k)  :  0.0382 Eh       |
  |   Vbias exponent (α)   :  1.3000 bohr⁻²   |
  ::::::::::::: starting MTD   11 :::::::::::::
  |   MD simulation time   :    16.0 ps       |
  |   target T             :   300.0 K        |
  |   timestep dt          :     5.0 fs       |
  |   dump interval(trj)   :   100.0 fs       |
  |   SHAKE algorithm      : true (all bonds) |
  |   dump interval(Vbias) :    1.00 ps       |
  |   Vbias prefactor (k)  :  0.0765 Eh       |
  |   Vbias exponent (α)   :  0.2808 bohr⁻²   |
  ::::::::::::: starting MTD    7 :::::::::::::
  |   MD simulation time   :    16.0 ps       |
  |   target T             :   300.0 K        |
  |   timestep dt          :     5.0 fs       |
  |   dump interval(trj)   :   100.0 fs       |
  |   SHAKE algorithm      : true (all bonds) |
  |   dump interval(Vbias) :    1.00 ps       |
  |   Vbias prefactor (k)  :  0.1530 Eh       |
  |   Vbias exponent (α)   :  0.4680 bohr⁻²   |
  ::::::::::::: starting MTD    5 :::::::::::::
  |   MD simulation time   :    16.0 ps       |
  |   target T             :   300.0 K        |
  |   timestep dt          :     5.0 fs       |
  |   dump interval(trj)   :   100.0 fs       |
  |   SHAKE algorithm      : true (all bonds) |
  |   dump interval(Vbias) :    1.00 ps       |
  |   Vbias prefactor (k)  :  0.0765 Eh       |
  |   Vbias exponent (α)   :  0.7800 bohr⁻²   |
  ::::::::::::: starting MTD   10 :::::::::::::
  |   MD simulation time   :    16.0 ps       |
  |   target T             :   300.0 K        |
  |   timestep dt          :     5.0 fs       |
  |   dump interval(trj)   :   100.0 fs       |
  |   SHAKE algorithm      : true (all bonds) |
  |   dump interval(Vbias) :    1.00 ps       |
  |   Vbias prefactor (k)  :  0.1530 Eh       |
  |   Vbias exponent (α)   :  0.2808 bohr⁻²   |
  ::::::::::::: starting MTD    2 :::::::::::::
  |   MD simulation time   :    16.0 ps       |
  |   target T             :   300.0 K        |
  |   timestep dt          :     5.0 fs       |
  |   dump interval(trj)   :   100.0 fs       |
  |   SHAKE algorithm      : true (all bonds) |
  |   dump interval(Vbias) :    1.00 ps       |
  |   Vbias prefactor (k)  :  0.0765 Eh       |
  |   Vbias exponent (α)   :  1.3000 bohr⁻²   |
  ::::::::::::: starting MTD   14 :::::::::::::
  |   MD simulation time   :    16.0 ps       |
  |   target T             :   300.0 K        |
  |   timestep dt          :     5.0 fs       |
  |   dump interval(trj)   :   100.0 fs       |
  |   SHAKE algorithm      : true (all bonds) |
  |   dump interval(Vbias) :    1.00 ps       |
  |   Vbias prefactor (k)  :  0.2550 Eh       |
  |   Vbias exponent (α)   :  0.8000 bohr⁻²   |
  ::::::::::::: starting MTD    1 :::::::::::::
  |   MD simulation time   :    16.0 ps       |
  |   target T             :   300.0 K        |
  |   timestep dt          :     5.0 fs       |
  |   dump interval(trj)   :   100.0 fs       |
  |   SHAKE algorithm      : true (all bonds) |
  |   dump interval(Vbias) :    1.00 ps       |
  |   Vbias prefactor (k)  :  0.1530 Eh       |
  |   Vbias exponent (α)   :  1.3000 bohr⁻²   |
  ::::::::::::: starting MTD   12 :::::::::::::
  |   MD simulation time   :    16.0 ps       |
  |   target T             :   300.0 K        |
  |   timestep dt          :     5.0 fs       |
  |   dump interval(trj)   :   100.0 fs       |
  |   SHAKE algorithm      : true (all bonds) |
  |   dump interval(Vbias) :    1.00 ps       |
  |   Vbias prefactor (k)  :  0.0382 Eh       |
  |   Vbias exponent (α)   :  0.2808 bohr⁻²   |
  ::::::::::::: starting MTD    9 :::::::::::::
  |   MD simulation time   :    16.0 ps       |
  |   target T             :   300.0 K        |
  |   timestep dt          :     5.0 fs       |
  |   dump interval(trj)   :   100.0 fs       |
  |   SHAKE algorithm      : true (all bonds) |
  |   dump interval(Vbias) :    1.00 ps       |
  |   Vbias prefactor (k)  :  0.0382 Eh       |
  |   Vbias exponent (α)   :  0.4680 bohr⁻²   |
  ::::::::::::: starting MTD    4 :::::::::::::
  |   MD simulation time   :    16.0 ps       |
  |   target T             :   300.0 K        |
  |   timestep dt          :     5.0 fs       |
  |   dump interval(trj)   :   100.0 fs       |
  |   SHAKE algorithm      : true (all bonds) |
  |   dump interval(Vbias) :    1.00 ps       |
  |   Vbias prefactor (k)  :  0.1530 Eh       |
  |   Vbias exponent (α)   :  0.7800 bohr⁻²   |
  ::::::::::::: starting MTD   13 :::::::::::::
  |   MD simulation time   :    16.0 ps       |
  |   target T             :   300.0 K        |
  |   timestep dt          :     5.0 fs       |
  |   dump interval(trj)   :   100.0 fs       |
  |   SHAKE algorithm      : true (all bonds) |
  |   dump interval(Vbias) :    1.00 ps       |
  |   Vbias prefactor (k)  :  0.0510 Eh       |
  |   Vbias exponent (α)   :  0.1000 bohr⁻²   |
*MTD  14 completed successfully ...        2 min, 58.149 sec
*MTD   3 completed successfully ...        2 min, 58.468 sec
*MTD   1 completed successfully ...        2 min, 59.712 sec
*MTD  11 completed successfully ...        2 min, 59.727 sec
*MTD   6 completed successfully ...        3 min,  0.052 sec
*MTD   9 completed successfully ...        3 min,  0.179 sec
*MTD   2 completed successfully ...        3 min,  0.373 sec
*MTD   8 completed successfully ...        3 min,  1.348 sec
*MTD   7 completed successfully ...        3 min,  1.398 sec
*MTD   5 completed successfully ...        3 min,  1.770 sec
*MTD  10 completed successfully ...        3 min,  1.919 sec
*MTD   4 completed successfully ...        3 min,  2.248 sec
*MTD  13 completed successfully ...        3 min,  2.710 sec
*MTD  12 completed successfully ...        3 min,  2.984 sec

 ======================================
 |  Multilevel Ensemble Optimization  |
 ======================================
 Optimizing all 2226 structures from file "crest_dynamics.trj" ...
 ----------------------
 crude pre-optimization
 ----------------------
 Optimization engine: ANCOPT
 Hessian update type: BFGS
 E/G convergence criteria:  0.500E-03 Eh, 0.100E-01 Eh/a0
 maximum optimization steps: 200
 |>0.0% |>7.5% |>15.0% |>22.5% |>30.0% |>37.5% |>45.0% |>52.5% |>60.0% |>67.5% |>75.0% |>82.5% |>90.0% |>97.5% |>100.0%
 done.
> 2226 of 2226 structures successfully optimized (100.0% success)
> Total runtime for 2226 optimizations:
 * wall-time:     0 d,  0 h,  2 min, 30.135 sec
 *  cpu-time:     0 d,  0 h, 38 min, 57.405 sec
 * ratio c/w:    15.569 speedup
> Corresponding to approximately 0.067 sec per processed structure

CREGEN> running RMSDs ... done.
CREGEN> E lowest :   -95.34076
 120 structures remain within    12.00 kcal/mol window
 ----------------------------------
 optimization with tight thresholds
 ----------------------------------
 Optimization engine: ANCOPT
 Hessian update type: BFGS
 E/G convergence criteria:  0.100E-05 Eh, 0.800E-03 Eh/a0
 maximum optimization steps: 200
 |>0.8% |>10.0% |>20.0% |>30.0% |>40.0% |>50.0% |>60.0% |>70.8% |>80.0% |>90.8% |>100.0%
 done.
> 116 of 120 structures successfully optimized (96.7% success)
> Total runtime for 120 optimizations:
 * wall-time:     0 d,  0 h,  0 min, 31.076 sec
 *  cpu-time:     0 d,  0 h,  7 min, 22.541 sec
 * ratio c/w:    14.240 speedup
> Corresponding to approximately 0.259 sec per processed structure

CREGEN> running RMSDs ... done.
CREGEN> E lowest :   -95.34344
 13 structures remain within     6.00 kcal/mol window
 ...............................................
 A new lower conformer was found!
 Improved by    0.00126 Eh or    0.78974kcal/mol
 ...............................................

 ------------------------------
 Meta-Dynamics Iteration 3
 ------------------------------
 list of applied metadynamics Vbias parameters:
$metadyn    0.15300   1.300
$metadyn    0.07650   1.300
$metadyn    0.03825   1.300
$metadyn    0.15300   0.780
$metadyn    0.07650   0.780
$metadyn    0.03825   0.780
$metadyn    0.15300   0.468
$metadyn    0.07650   0.468
$metadyn    0.03825   0.468
$metadyn    0.15300   0.281
$metadyn    0.07650   0.281
$metadyn    0.03825   0.281
$metadyn    0.05100   0.100
$metadyn    0.25500   0.800

  ::::::::::::: starting MTD    8 :::::::::::::
  |   MD simulation time   :    16.0 ps       |
  |   target T             :   300.0 K        |
  |   timestep dt          :     5.0 fs       |
  |   dump interval(trj)   :   100.0 fs       |
  |   SHAKE algorithm      : true (all bonds) |
  |   dump interval(Vbias) :    1.00 ps       |
  |   Vbias prefactor (k)  :  0.0765 Eh       |
  |   Vbias exponent (α)   :  0.4680 bohr⁻²   |
  ::::::::::::: starting MTD    9 :::::::::::::
  |   MD simulation time   :    16.0 ps       |
  |   target T             :   300.0 K        |
  |   timestep dt          :     5.0 fs       |
  |   dump interval(trj)   :   100.0 fs       |
  |   SHAKE algorithm      : true (all bonds) |
  |   dump interval(Vbias) :    1.00 ps       |
  |   Vbias prefactor (k)  :  0.0382 Eh       |
  |   Vbias exponent (α)   :  0.4680 bohr⁻²   |
  ::::::::::::: starting MTD   12 :::::::::::::
  |   MD simulation time   :    16.0 ps       |
  |   target T             :   300.0 K        |
  |   timestep dt          :     5.0 fs       |
  |   dump interval(trj)   :   100.0 fs       |
  |   SHAKE algorithm      : true (all bonds) |
  |   dump interval(Vbias) :    1.00 ps       |
  |   Vbias prefactor (k)  :  0.0382 Eh       |
  |   Vbias exponent (α)   :  0.2808 bohr⁻²   |
  ::::::::::::: starting MTD    3 :::::::::::::
  |   MD simulation time   :    16.0 ps       |
  |   target T             :   300.0 K        |
  |   timestep dt          :     5.0 fs       |
  |   dump interval(trj)   :   100.0 fs       |
  |   SHAKE algorithm      : true (all bonds) |
  |   dump interval(Vbias) :    1.00 ps       |
  |   Vbias prefactor (k)  :  0.0382 Eh       |
  |   Vbias exponent (α)   :  1.3000 bohr⁻²   |
  ::::::::::::: starting MTD   10 :::::::::::::
  |   MD simulation time   :    16.0 ps       |
  |   target T             :   300.0 K        |
  |   timestep dt          :     5.0 fs       |
  |   dump interval(trj)   :   100.0 fs       |
  |   SHAKE algorithm      : true (all bonds) |
  |   dump interval(Vbias) :    1.00 ps       |
  |   Vbias prefactor (k)  :  0.1530 Eh       |
  |   Vbias exponent (α)   :  0.2808 bohr⁻²   |
  ::::::::::::: starting MTD   11 :::::::::::::
  |   MD simulation time   :    16.0 ps       |
  |   target T             :   300.0 K        |
  |   timestep dt          :     5.0 fs       |
  |   dump interval(trj)   :   100.0 fs       |
  |   SHAKE algorithm      : true (all bonds) |
  |   dump interval(Vbias) :    1.00 ps       |
  |   Vbias prefactor (k)  :  0.0765 Eh       |
  |   Vbias exponent (α)   :  0.2808 bohr⁻²   |
  ::::::::::::: starting MTD    1 :::::::::::::
  |   MD simulation time   :    16.0 ps       |
  |   target T             :   300.0 K        |
  |   timestep dt          :     5.0 fs       |
  |   dump interval(trj)   :   100.0 fs       |
  |   SHAKE algorithm      : true (all bonds) |
  |   dump interval(Vbias) :    1.00 ps       |
  |   Vbias prefactor (k)  :  0.1530 Eh       |
  |   Vbias exponent (α)   :  1.3000 bohr⁻²   |
  ::::::::::::: starting MTD    6 :::::::::::::
  |   MD simulation time   :    16.0 ps       |
  |   target T             :   300.0 K        |
  |   timestep dt          :     5.0 fs       |
  |   dump interval(trj)   :   100.0 fs       |
  |   SHAKE algorithm      : true (all bonds) |
  |   dump interval(Vbias) :    1.00 ps       |
  |   Vbias prefactor (k)  :  0.0382 Eh       |
  |   Vbias exponent (α)   :  0.7800 bohr⁻²   |
  ::::::::::::: starting MTD   14 :::::::::::::
  |   MD simulation time   :    16.0 ps       |
  |   target T             :   300.0 K        |
  |   timestep dt          :     5.0 fs       |
  |   dump interval(trj)   :   100.0 fs       |
  |   SHAKE algorithm      : true (all bonds) |
  |   dump interval(Vbias) :    1.00 ps       |
  |   Vbias prefactor (k)  :  0.2550 Eh       |
  |   Vbias exponent (α)   :  0.8000 bohr⁻²   |
  ::::::::::::: starting MTD    2 :::::::::::::
  |   MD simulation time   :    16.0 ps       |
  |   target T             :   300.0 K        |
  |   timestep dt          :     5.0 fs       |
  |   dump interval(trj)   :   100.0 fs       |
  |   SHAKE algorithm      : true (all bonds) |
  |   dump interval(Vbias) :    1.00 ps       |
  |   Vbias prefactor (k)  :  0.0765 Eh       |
  |   Vbias exponent (α)   :  1.3000 bohr⁻²   |
  ::::::::::::: starting MTD    5 :::::::::::::
  |   MD simulation time   :    16.0 ps       |
  |   target T             :   300.0 K        |
  |   timestep dt          :     5.0 fs       |
  |   dump interval(trj)   :   100.0 fs       |
  |   SHAKE algorithm      : true (all bonds) |
  |   dump interval(Vbias) :    1.00 ps       |
  |   Vbias prefactor (k)  :  0.0765 Eh       |
  |   Vbias exponent (α)   :  0.7800 bohr⁻²   |
  ::::::::::::: starting MTD    7 :::::::::::::
  |   MD simulation time   :    16.0 ps       |
  |   target T             :   300.0 K        |
  |   timestep dt          :     5.0 fs       |
  |   dump interval(trj)   :   100.0 fs       |
  |   SHAKE algorithm      : true (all bonds) |
  |   dump interval(Vbias) :    1.00 ps       |
  |   Vbias prefactor (k)  :  0.1530 Eh       |
  |   Vbias exponent (α)   :  0.4680 bohr⁻²   |
  ::::::::::::: starting MTD    4 :::::::::::::
  |   MD simulation time   :    16.0 ps       |
  |   target T             :   300.0 K        |
  |   timestep dt          :     5.0 fs       |
  |   dump interval(trj)   :   100.0 fs       |
  |   SHAKE algorithm      : true (all bonds) |
  |   dump interval(Vbias) :    1.00 ps       |
  |   Vbias prefactor (k)  :  0.1530 Eh       |
  |   Vbias exponent (α)   :  0.7800 bohr⁻²   |
  ::::::::::::: starting MTD   13 :::::::::::::
  |   MD simulation time   :    16.0 ps       |
  |   target T             :   300.0 K        |
  |   timestep dt          :     5.0 fs       |
  |   dump interval(trj)   :   100.0 fs       |
  |   SHAKE algorithm      : true (all bonds) |
  |   dump interval(Vbias) :    1.00 ps       |
  |   Vbias prefactor (k)  :  0.0510 Eh       |
  |   Vbias exponent (α)   :  0.1000 bohr⁻²   |
*MTD   3 completed successfully ...        2 min, 57.911 sec
*MTD   8 completed successfully ...        2 min, 58.990 sec
*MTD   4 completed successfully ...        2 min, 59.314 sec
*MTD   5 completed successfully ...        2 min, 59.807 sec
*MTD  12 completed successfully ...        3 min,  0.062 sec
*MTD   1 completed successfully ...        3 min,  0.151 sec
*MTD   2 completed successfully ...        3 min,  0.811 sec
*MTD  10 completed successfully ...        3 min,  0.833 sec
*MTD  11 completed successfully ...        3 min,  0.850 sec
*MTD   7 completed successfully ...        3 min,  1.144 sec
*MTD   9 completed successfully ...        3 min,  1.774 sec
*MTD  14 completed successfully ...        3 min,  2.331 sec
*MTD  13 completed successfully ...        3 min,  3.584 sec
*MTD   6 completed successfully ...        3 min,  3.643 sec

 ======================================
 |  Multilevel Ensemble Optimization  |
 ======================================
 Optimizing all 2226 structures from file "crest_dynamics.trj" ...
 ----------------------
 crude pre-optimization
 ----------------------
 Optimization engine: ANCOPT
 Hessian update type: BFGS
 E/G convergence criteria:  0.500E-03 Eh, 0.100E-01 Eh/a0
 maximum optimization steps: 200
 |>0.0% |>7.5% |>15.0% |>22.5% |>30.0% |>37.5% |>45.0% |>52.5% |>60.0% |>67.5% |>75.0% |>82.5% |>90.0% |>97.5% |>100.0%
 done.
> 2226 of 2226 structures successfully optimized (100.0% success)
> Total runtime for 2226 optimizations:
 * wall-time:     0 d,  0 h,  2 min, 31.130 sec
 *  cpu-time:     0 d,  0 h, 39 min,  4.559 sec
 * ratio c/w:    15.513 speedup
> Corresponding to approximately 0.068 sec per processed structure

CREGEN> running RMSDs ... done.
CREGEN> E lowest :   -95.33966
 107 structures remain within    12.00 kcal/mol window
 This is less than 5% of the initial 2226 structures.
 Increasing energy window to include more...
CREGEN> running RMSDs ... done.
CREGEN> E lowest :   -95.33966
 828 structures remain within    18.00 kcal/mol window
 ----------------------------------
 optimization with tight thresholds
 ----------------------------------
 Optimization engine: ANCOPT
 Hessian update type: BFGS
 E/G convergence criteria:  0.100E-05 Eh, 0.800E-03 Eh/a0
 maximum optimization steps: 200
 |>0.1% |>10.0% |>20.0% |>30.1% |>40.1% |>50.0% |>60.0% |>70.0% |>80.1% |>90.1% |>100.0%
 done.
> 804 of 828 structures successfully optimized (97.1% success)
> Total runtime for 828 optimizations:
 * wall-time:     0 d,  0 h,  3 min, 31.633 sec
 *  cpu-time:     0 d,  0 h, 54 min, 59.930 sec
 * ratio c/w:    15.593 speedup
> Corresponding to approximately 0.256 sec per processed structure

CREGEN> running RMSDs ... done.
CREGEN> E lowest :   -95.34344
 22 structures remain within     6.00 kcal/mol window
 This is less than 5% of the initial 804 structures.
 Increasing energy window to include more...
CREGEN> running RMSDs ... done.
CREGEN> E lowest :   -95.34344
 44 structures remain within     9.00 kcal/mol window

========================================
           MTD Simulations done         
========================================
 Collecting ensmbles.
CREGEN> running RMSDs ... done.
CREGEN> E lowest :   -95.34344
 45 structures remain within     6.00 kcal/mol window


 ===============================================
 Additional regular MDs on lowest 4 conformer(s)
 ===============================================
  :::::::::::::: starting MD   1 ::::::::::::::
  |   MD simulation time   :     8.0 ps       |
  |   target T             :   400.0 K        |
  |   timestep dt          :     5.0 fs       |
  |   dump interval(trj)   :   100.0 fs       |
  |   SHAKE algorithm      : true (all bonds) |
  :::::::::::::: starting MD   7 ::::::::::::::
  |   MD simulation time   :     8.0 ps       |
  |   target T             :   500.0 K        |
  |   timestep dt          :     5.0 fs       |
  |   dump interval(trj)   :   100.0 fs       |
  |   SHAKE algorithm      : true (all bonds) |
  :::::::::::::: starting MD   4 ::::::::::::::
  |   MD simulation time   :     8.0 ps       |
  |   target T             :   400.0 K        |
  |   timestep dt          :     5.0 fs       |
  |   dump interval(trj)   :   100.0 fs       |
  |   SHAKE algorithm      : true (all bonds) |
  :::::::::::::: starting MD   2 ::::::::::::::
  |   MD simulation time   :     8.0 ps       |
  |   target T             :   400.0 K        |
  |   timestep dt          :     5.0 fs       |
  |   dump interval(trj)   :   100.0 fs       |
  |   SHAKE algorithm      : true (all bonds) |
  :::::::::::::: starting MD   5 ::::::::::::::
  |   MD simulation time   :     8.0 ps       |
  |   target T             :   500.0 K        |
  |   timestep dt          :     5.0 fs       |
  |   dump interval(trj)   :   100.0 fs       |
  |   SHAKE algorithm      : true (all bonds) |
  :::::::::::::: starting MD   8 ::::::::::::::
  |   MD simulation time   :     8.0 ps       |
  |   target T             :   500.0 K        |
  |   timestep dt          :     5.0 fs       |
  |   dump interval(trj)   :   100.0 fs       |
  |   SHAKE algorithm      : true (all bonds) |
  :::::::::::::: starting MD   3 ::::::::::::::
  |   MD simulation time   :     8.0 ps       |
  |   target T             :   400.0 K        |
  |   timestep dt          :     5.0 fs       |
  |   dump interval(trj)   :   100.0 fs       |
  |   SHAKE algorithm      : true (all bonds) |
  :::::::::::::: starting MD   6 ::::::::::::::
  |   MD simulation time   :     8.0 ps       |
  |   target T             :   500.0 K        |
  |   timestep dt          :     5.0 fs       |
  |   dump interval(trj)   :   100.0 fs       |
  |   SHAKE algorithm      : true (all bonds) |
*MD   4 completed successfully ...        2 min, 10.911 sec
*MD   2 completed successfully ...        2 min, 12.038 sec
*MD   6 completed successfully ...        2 min, 12.875 sec
*MD   1 completed successfully ...        2 min, 13.421 sec
*MD   7 completed successfully ...        2 min, 13.456 sec
*MD   3 completed successfully ...        2 min, 14.170 sec
*MD   8 completed successfully ...        2 min, 14.999 sec
*MD   5 completed successfully ...        2 min, 16.018 sec
 Appending file crest_rotamers_1.xyz with new structures
 Optimizing all 677 structures from file "crest_rotamers_1.xyz" ...
 ----------------------------------
 optimization with tight thresholds
 ----------------------------------
 Optimization engine: ANCOPT
 Hessian update type: BFGS
 E/G convergence criteria:  0.100E-05 Eh, 0.800E-03 Eh/a0
 maximum optimization steps: 200
 |>0.1% |>10.0% |>20.1% |>30.1% |>40.0% |>50.1% |>60.1% |>70.0% |>80.1% |>90.1% |>100.0%
 done.
> 626 of 677 structures successfully optimized (92.5% success)
> Total runtime for 677 optimizations:
 * wall-time:     0 d,  0 h,  2 min, 30.408 sec
 *  cpu-time:     0 d,  0 h, 39 min, 13.982 sec
 * ratio c/w:    15.651 speedup
> Corresponding to approximately 0.222 sec per processed structure

CREGEN> running RMSDs ... done.
CREGEN> E lowest :   -95.34344
 45 structures remain within     6.00 kcal/mol window

     ========================================
     |        Structure Crossing (GC)       |
     ========================================

 =============================
  # threads =          16
 =============================
input  file name : crest_rotamers_2.xyz
number of atoms                :      51
number of points on xyz files  :      45
conformer energy window  /kcal :    6.00
CN per atom difference cut-off :  0.3000
RMSD threshold (Ang, Bohr)     :  0.2500  0.4724
max. # of generated structures :      800
 # in E window          45
  12.7 % done
  35.3 % done
  60.6 % done
  86.4 % done
 finished.
 average rmsd w.r.t input     :     2.60221
 number of clash discarded    :         989
 removed identical structures :           0

 1 structures written to confcross.xyz


 ======================================
 |  Multilevel Ensemble Optimization  |
 ======================================
 Optimizing all 1 structures from file "confcross.xyz" ...
 ----------------------
 crude pre-optimization
 ----------------------
 Optimization engine: ANCOPT
 Hessian update type: BFGS
 E/G convergence criteria:  0.500E-03 Eh, 0.100E-01 Eh/a0
 maximum optimization steps: 200
 |>100.0%
 done.
> 1 of 1 structures successfully optimized (100.0% success)
> Total runtime for 1 optimizations:
 * wall-time:     0 d,  0 h,  0 min,  0.417 sec
 *  cpu-time:     0 d,  0 h,  0 min,  1.851 sec
 * ratio c/w:     4.437 speedup
> Corresponding to approximately 0.417 sec per processed structure

CREGEN> running RMSDs ... done.
CREGEN> E lowest :   -95.34337
 1 structures remain within    12.00 kcal/mol window
 ----------------------------------
 optimization with tight thresholds
 ----------------------------------
 Optimization engine: ANCOPT
 Hessian update type: BFGS
 E/G convergence criteria:  0.100E-05 Eh, 0.800E-03 Eh/a0
 maximum optimization steps: 200
 |>100.0%
 done.
> 1 of 1 structures successfully optimized (100.0% success)
> Total runtime for 1 optimizations:
 * wall-time:     0 d,  0 h,  0 min,  0.555 sec
 *  cpu-time:     0 d,  0 h,  0 min,  2.691 sec
 * ratio c/w:     4.845 speedup
> Corresponding to approximately 0.555 sec per processed structure

CREGEN> running RMSDs ... done.
CREGEN> E lowest :   -95.34344
 1 structures remain within     6.00 kcal/mol window
appending new structures to crest_rotamers_2.xyz
CREGEN> running RMSDs ... done.
CREGEN> E lowest :   -95.34344


   ================================================
   |           Final Geometry Optimization        |
   ================================================
 Optimizing all 46 structures from file "crest_rotamers_3.xyz" ...
 ---------------------------------------
 optimization with very tight thresholds
 ---------------------------------------
 Optimization engine: ANCOPT
 Hessian update type: BFGS
 E/G convergence criteria:  0.100E-06 Eh, 0.200E-03 Eh/a0
 maximum optimization steps: 200
 |>2.2% |>10.9% |>21.7% |>30.4% |>41.3% |>50.0% |>60.9% |>71.7% |>80.4% |>91.3% |>100.0%
 done.
> 45 of 46 structures successfully optimized (97.8% success)
> Total runtime for 46 optimizations:
 * wall-time:     0 d,  0 h,  0 min,  9.361 sec
 *  cpu-time:     0 d,  0 h,  0 min, 54.914 sec
 * ratio c/w:     5.866 speedup
> Corresponding to approximately 0.204 sec per processed structure

CREGEN> running RMSDs ... done.
CREGEN> E lowest :   -95.34344
 43 structures remain within     6.00 kcal/mol window


 --------------------------
 Final Ensemble Information
 --------------------------
 input  file name : crest_rotamers_3.xyz
 output file name : crest_rotamers_4.xyz
 number of atoms                :   51
 number of points on xyz files  :   45
 RMSD threshold                 :   0.1250
 Bconst threshold               :   0.0100
 population threshold           :   0.0500
 # fragment in coord            :     1
 # bonds in reference structure :    53
 number of reliable points      :    45
 sorting energy window (EWIN)   :    6.0000 / kcal*mol⁻¹
 reference state Etot           :  -95.343438019999994
 number of doubles removed by rot/RMSD         :           2
 total number unique points considered further :          43
       Erel/kcal        Etot weight/tot  conformer     set   degen     origin
       1   0.000   -95.34344    0.24880    0.49758       1       2
       2   0.000   -95.34344    0.24878
       3   0.374   -95.34284    0.13234    0.13234       2       1
       4   0.749   -95.34224    0.07030    0.07030       3       1
       5   0.937   -95.34194    0.05125    0.05125       4       1
       6   0.989   -95.34186    0.04691    0.04691       5       1
       7   1.016   -95.34182    0.04486    0.04486       6       1
       8   1.094   -95.34169    0.03932    0.03932       7       1
       9   1.162   -95.34159    0.03508    0.07015       8       2
      10   1.162   -95.34159    0.03507
      11   1.533   -95.34100    0.01877    0.01877       9       1
      12   2.215   -95.33991    0.00593    0.00593      10       1
      13   2.232   -95.33988    0.00577    0.00577      11       1
      14   2.275   -95.33981    0.00537    0.00537      12       1
      15   2.347   -95.33970    0.00475    0.00475      13       1
      16   2.712   -95.33912    0.00257    0.00257      14       1
      17   3.128   -95.33845    0.00127    0.00127      15       1
      18   3.727   -95.33750    0.00046    0.00093      16       2
      19   3.728   -95.33750    0.00046
      20   3.740   -95.33748    0.00045    0.00045      17       1
      21   3.818   -95.33735    0.00040    0.00040      18       1
      22   4.262   -95.33665    0.00019    0.00019      19       1
      23   4.290   -95.33660    0.00018    0.00018      20       1
      24   4.586   -95.33613    0.00011    0.00022      21       2
      25   4.586   -95.33613    0.00011
      26   4.922   -95.33560    0.00006    0.00006      22       1
      27   5.019   -95.33544    0.00005    0.00005      23       1
      28   5.090   -95.33533    0.00005    0.00005      24       1
      29   5.215   -95.33513    0.00004    0.00004      25       1
      30   5.223   -95.33511    0.00004    0.00004      26       1
      31   5.272   -95.33504    0.00003    0.00003      27       1
      32   5.392   -95.33485    0.00003    0.00006      28       2
      33   5.392   -95.33484    0.00003
      34   5.417   -95.33481    0.00003    0.00003      29       1
      35   5.472   -95.33472    0.00002    0.00002      30       1
      36   5.484   -95.33470    0.00002    0.00002      31       1
      37   5.610   -95.33450    0.00002    0.00002      32       1
      38   5.693   -95.33437    0.00002    0.00002      33       1
      39   5.725   -95.33431    0.00002    0.00002      34       1
      40   5.734   -95.33430    0.00002    0.00002      35       1
      41   5.785   -95.33422    0.00001    0.00001      36       1
      42   5.795   -95.33420    0.00001    0.00001      37       1
      43   5.807   -95.33418    0.00001    0.00001      38       1
T /K                                  :   298.15
E lowest                              :   -95.34344
ensemble average energy (kcal)        :    0.468
ensemble entropy (J/mol K, cal/mol K) :   18.126    4.332
ensemble free energy (kcal/mol)       :   -1.292
population of lowest in %             :   49.758
 number of unique conformers for further calc           38
 list of relative energies saved as "crest.energies"

 -----------------
 Wall Time Summary
 -----------------
 CREST runtime (total)               0 d,  0 h, 26 min, 41.545 sec
 ------------------------------------------------------------------
 Trial metadynamics (MTD)   ...        0 min,  8.474 sec (  0.529%)
 Metadynamics (MTD)         ...        9 min, 14.277 sec ( 34.609%)
 Geometry optimization      ...       15 min,  1.252 sec ( 56.274%)
 Molecular dynamics (MD)    ...        2 min, 16.050 sec (  8.495%)
 Genetic crossing (GC)      ...        0 min,  1.029 sec (  0.064%)
 I/O and setup              ...        0 min,  0.462 sec (  0.029%)
 ------------------------------------------------------------------
 * wall-time:     0 d,  0 h, 26 min, 41.545 sec
 *  cpu-time:     0 d,  6 h, 24 min, 38.052 sec
 * ratio c/w:    14.410 speedup
 ------------------------------------------------------------------
 * Total number of energy+grad calls: 413637

 CREST terminated normally.
