  51
 Etot=         -62.1196933004
 O          8.0914605321       -0.0448764193       -1.1991809505
 C         -3.8291604655        1.1990304908        0.3140417029
 C         -5.3513790869        1.3275726563        0.4841525382
 C         -6.0971757303        0.7770605138       -0.7206225808
 C         -3.4896677062       -0.2503905177       -0.0123341093
 C         -5.8209315412       -0.7157995969       -0.8416414144
 C         -4.3991674894       -1.0894879407       -0.5358097750
 C         -3.1825289015        1.6230920082        1.6387528420
 C         -3.3555015044        2.1377251758       -0.8073746247
 C         -2.1603161075       -0.7693057907        0.2934791622
 C         -4.0602671885       -2.5210636638       -0.8575787962
 C         -0.9793787760       -0.1608169172        0.0961534465
 C          0.3147346436       -0.7083000266        0.4228240805
 C          0.3626956941       -2.0456691420        1.0994196504
 C          1.4200058925        0.0130200857        0.1043959782
 C          2.7860895307       -0.3296319499        0.3284551814
 C          3.8047563402        0.4741856905       -0.0411961843
 C          5.2131395850        0.2082080798        0.1398606409
 C          5.6036571992       -1.0487254461        0.8663867658
 C          6.1131386269        1.0816190123       -0.3446988431
 C          7.6050822629        0.9242513178       -0.2858078884
 H         -5.6093988940        2.3770273915        0.6413219721
 H         -5.6577836280        0.7716606663        1.3737187610
 H         -5.7705845756        1.2923580877       -1.6241402980
 H         -7.1703306324        0.9491441692       -0.6126477969
 H         -6.0786359437       -1.0642350195       -1.8460107360
 H         -6.4619738794       -1.2655740915       -0.1419029650
 H         -2.0986016991        1.5997266529        1.5814567296
 H         -3.4921570634        2.6355824016        1.8906447752
 H         -3.4949136854        0.9587253015        2.4421819221
 H         -2.2870152414        2.3190518705       -0.7406864616
 H         -3.5643809899        1.7140228790       -1.7862444966
 H         -3.8599695172        3.0990382515       -0.7277633032
 H         -2.1583059911       -1.7701801820        0.7048506179
 H         -4.8906850930       -3.0070207930       -1.3638126683
 H         -3.8474017031       -3.0828924747        0.0531083938
 H         -3.1820738206       -2.5817752928       -1.4981952610
 H         -0.9526279595        0.8126075060       -0.3720290524
 H          1.3767013468       -2.3383792312        1.3489653899
 H         -0.2218374540       -2.0206412773        2.0184083366
 H         -0.0625926382       -2.8093651515        0.4483657677
 H          1.2666520138        0.9694426269       -0.3830195069
 H          3.0000868811       -1.2726103693        0.8080820884
 H          3.5694288430        1.4101405696       -0.5328212590
 H          5.3455524697       -1.9242374071        0.2700143255
 H          5.0663994692       -1.1144635269        1.8111809600
 H          6.6678912573       -1.0777854671        1.0811268518
 H          5.7544391788        1.9545972778       -0.8711407371
 H          7.9279471997        0.6669647127        0.7363187517
 H          8.0961486646        1.8566794384       -0.5699949950
 H          7.5803568568       -0.8535405862       -1.0821196866
