  20
 Etot=         -41.2966246703
 O          0.1439547155        1.1754926648       -0.6191323697
 O         -1.2998256843       -0.5700523430        1.3729733804
 O          0.7766069787       -2.3473362338       -0.4879168403
 O         -3.9109671646        0.2626082026        0.1317953189
 O          3.0820765173       -0.4690511588        0.5547500919
 O          1.9532539436        2.2225937694        0.2073149548
 C         -0.2918588892       -0.1505695497       -0.8219148860
 C         -1.5741155762       -0.4608104852        0.0056796839
 C          0.8788877806       -0.9933743545       -0.4037367203
 C         -2.6081163696        0.6615140449       -0.1852473748
 C          1.8518558628       -0.1947668259        0.0596264097
 C          1.3885804207        1.2106746478       -0.0744415882
 H         -0.5266132569       -0.2830237657       -1.8858489439
 H         -1.9805410513       -1.4083265635       -0.3858403786
 H         -2.3610501727        1.4687284311        0.5047900750
 H         -2.5454439259        1.0373246501       -1.2150665750
 H         -0.8342327914       -1.3944906402        1.5521566320
 H          1.6324911526       -2.7680578693       -0.3406104290
 H         -4.1791168974       -0.4601117034       -0.4472963451
 H          3.1947194407       -1.4113027919        0.7293314982
