
       ╔════════════════════════════════════════════════╗
       ║                                                ║
       ║     ██████╗██████╗ ███████╗███████╗████████╗   ║
       ║    ██╔════╝██╔══██╗██╔════╝██╔════╝╚══██╔══╝   ║
       ║    ██║     ██████╔╝█████╗  ███████╗   ██║      ║
       ║    ██║     ██╔══██╗██╔══╝  ╚════██║   ██║      ║
       ║    ╚██████╗██║  ██║███████╗███████║   ██║      ║
       ║     ╚═════╝╚═╝  ╚═╝╚══════╝╚══════╝   ╚═╝      ║
       ║                                                ║
       ║    Conformer-Rotamer Ensemble Sampling Tool    ║
       ║            based on the xTB methods            ║
       ║                                                ║
       ╚════════════════════════════════════════════════╝
        Version 3.0.2, Mon, 29 September 16:25:59, 09/29/2025
        commit (c39758d) compiled by 'andrey@PC1'

   Cite work conducted with this code as

   • P.Pracht, F.Bohle, S.Grimme, PCCP, 2020, 22, 7169-7192.
   • S.Grimme, JCTC, 2019, 15, 2847-2862.
   • P.Pracht, S.Grimme, C.Bannwarth, F.Bohle, S.Ehlert,
     G.Feldmann, J.Gorges, M.Müller, T.Neudecker, C.Plett,
     S.Spicher, P.Steinbach, P.Wesołowski, F.Zeller,
     J. Chem. Phys., 2024, 160, 114110.

   for works involving QCG cite

   • S.Spicher, C.Plett, P.Pracht, A.Hansen, S.Grimme,
     JCTC, 2022, 18 (5), 3174-3189.
   • C.Plett, S. Grimme,
     Angew. Chem. Int. Ed. 2023, 62, e202214477.

   for works involving MECP screening cite

   • P.Pracht, C.Bannwarth, JCTC, 2022, 18 (10), 6370-6385.

   Original code
     P.Pracht, S.Grimme, Universität Bonn, MCTC
   with help from (alphabetical order):
     C.Bannwarth, F.Bohle, S.Ehlert, G.Feldmann, J.Gorges,
     S.Grimme, C.Plett, P.Pracht, S.Spicher, P.Steinbach,
     P.Wesolowski, F.Zeller

   Online documentation is available at
   https://crest-lab.github.io/crest-docs/

   This program is distributed in the hope that it will be useful,
   but WITHOUT ANY WARRANTY; without even the implied warranty of
   MERCHANTABILITY or FITNESS FOR A PARTICULAR PURPOSE. See the
   GNU Lesser General Public License (LGPL) for more details.

 Command line input:
 $ ./crest m1_00_Vitamin_A-uni_conformers-CLUST_4_gfn2_opt.xyz --T 16 --gfn2

  --T 16 (CPUs/Threads selected)
  --gfn2               : Use of GFN2-xTB requested.

> Setting up backup calculator ... done.
 ----------------
 Calculation info
 ----------------
> User-defined calculation level:
 : xTB calculation via tblite lib
 : GFN2-xTB level
 :   Molecular charge    : 0
 :   Fermi temperature   : 300.00000
 :   Accuracy            : 1.00000
 :   max SCC cycles      : 500


 -----------------------------
 Initial Geometry Optimization
 -----------------------------
 Geometry successfully optimized.

          ┍━━━━━━━━━━━━━━━━━━━━━━━━━━━━━━━━━━━━━━━━━━━━━━━━━┑
          │              CREST iMTD-GC SAMPLING             │
          ┕━━━━━━━━━━━━━━━━━━━━━━━━━━━━━━━━━━━━━━━━━━━━━━━━━┙

 Input structure:
  51

 O          6.6122697988       -1.3691368288       -0.0053485688
 C         -3.5893924655        0.8484660555        0.8154470819
 C         -4.9976738125        1.0668451339        0.2424008857
 C         -5.5372121672       -0.1783796544       -0.4429024677
 C         -2.7198681661        0.0310613055       -0.1329346689
 C         -4.6452998925       -0.4995613577       -1.6321038514
 C         -3.1940996034       -0.5521467433       -1.2411694943
 C         -3.6719278172        0.1002639175        2.1532593556
 C         -2.9727131334        2.2340344735        1.0626821181
 C         -1.3199149732       -0.0936258838        0.2721762493
 C         -2.3393859573       -1.2722836822       -2.2439128519
 C         -0.6441354938       -1.2470951087        0.3210712516
 C          0.7353648523       -1.3992352800        0.7558617492
 C          0.9766118619       -2.5895796722        1.6407555439
 C          1.7588996945       -0.5944639210        0.4027705027
 C          1.6975142861        0.4997292034       -0.5230898483
 C          2.7173341553        1.3076539132       -0.8626240826
 C          4.1065276055        1.2376067786       -0.4260281530
 C          4.7617863096        2.5495489441       -0.0843485686
 C          4.7965711764        0.0951922149       -0.3864658478
 C          6.2310574861       -0.0107053738        0.0252797568
 H         -4.9609346657        1.8754333673       -0.4917940109
 H         -5.6659858267        1.3785559283        1.0480803780
 H         -6.5649142094       -0.0132792874       -0.7733686102
 H         -5.5399009084       -1.0191149962        0.2526885853
 H         -4.7805128671        0.2619055067       -2.4086226704
 H         -4.9283837551       -1.4593746979       -2.0728451188
 H         -2.6741385954       -0.0711734972        2.5516558920
 H         -4.2405318229        0.6798464662        2.8780724811
 H         -4.1542786142       -0.8659089943        2.0265614523
 H         -2.0876240828        2.1732849187        1.6899348507
 H         -2.7033380496        2.7068211690        0.1202810589
 H         -3.6968513539        2.8686694354        1.5704662216
 H         -0.8311021554        0.8084557817        0.6120371311
 H         -2.6472311643       -0.9897886991       -3.2508706170
 H         -2.4693614027       -2.3512223872       -2.1540736235
 H         -1.2848074148       -1.0433593143       -2.1194268025
 H         -1.1679737729       -2.1716344903        0.1104177390
 H          2.0126407401       -2.6344708559        1.9661523391
 H          0.3325803757       -2.5473254575        2.5193652454
 H          0.7404661134       -3.5087376949        1.1039512476
 H          2.7313264985       -0.8002876671        0.8268761100
 H          0.7330729044        0.6956728688       -0.9713425110
 H          2.5014217776        2.1452228189       -1.5168256346
 H          4.0648600013        3.3751986772       -0.2014104265
 H          5.6267045152        2.7276091798       -0.7234180476
 H          5.1113168631        2.5377543808        0.9477076948
 H          4.3554367304       -0.8402200794       -0.6913229873
 H          6.3665020821        0.4045486861        1.0386869640
 H          6.8636519422        0.5826878929       -0.6577850991
 H          7.5401337572       -1.4440778398        0.2376724608

 ------------------------------------------------
 Generating MTD length from a flexibility measure
 ------------------------------------------------
 Calculating GFN0-xTB WBOs   ... done.
 Calculating NCI flexibility ... done.
     covalent flexibility measure :   0.144
 non-covalent flexibility measure :   0.733
 flexibility measure :   0.211
 t(MTD) / ps    :     7.0
 Σ(t(MTD)) / ps :    98.0 (14 MTDs)

 -----------------------------------
 Starting trial MTD to test settings
 -----------------------------------
 Trial MTD 1 runtime (1.0 ps) ...        0 min,  5.927 sec
 Estimated runtime for one MTD (7.0 ps) on a single thread: 41 sec
 Estimated runtime for a batch of 14 MTDs on 16 threads: 41 sec

********************************************************************************
**                    N E W   I T E R A T I O N  C Y C L E                    **
********************************************************************************

 ------------------------------
 Meta-Dynamics Iteration 1
 ------------------------------
 list of applied metadynamics Vbias parameters:
$metadyn    0.15300   1.300
$metadyn    0.07650   1.300
$metadyn    0.03825   1.300
$metadyn    0.15300   0.780
$metadyn    0.07650   0.780
$metadyn    0.03825   0.780
$metadyn    0.15300   0.468
$metadyn    0.07650   0.468
$metadyn    0.03825   0.468
$metadyn    0.15300   0.281
$metadyn    0.07650   0.281
$metadyn    0.03825   0.281
$metadyn    0.05100   0.100
$metadyn    0.25500   0.800

  ::::::::::::: starting MTD    1 :::::::::::::
  |   MD simulation time   :     7.0 ps       |
  |   target T             :   300.0 K        |
  |   timestep dt          :     5.0 fs       |
  |   dump interval(trj)   :   100.0 fs       |
  |   SHAKE algorithm      : true (all bonds) |
  |   dump interval(Vbias) :    1.00 ps       |
  |   Vbias prefactor (k)  :  0.1530 Eh       |
  |   Vbias exponent (α)   :  1.3000 bohr⁻²   |
  ::::::::::::: starting MTD    5 :::::::::::::
  |   MD simulation time   :     7.0 ps       |
  |   target T             :   300.0 K        |
  |   timestep dt          :     5.0 fs       |
  |   dump interval(trj)   :   100.0 fs       |
  |   SHAKE algorithm      : true (all bonds) |
  |   dump interval(Vbias) :    1.00 ps       |
  |   Vbias prefactor (k)  :  0.0765 Eh       |
  |   Vbias exponent (α)   :  0.7800 bohr⁻²   |
  ::::::::::::: starting MTD    9 :::::::::::::
  |   MD simulation time   :     7.0 ps       |
  |   target T             :   300.0 K        |
  |   timestep dt          :     5.0 fs       |
  |   dump interval(trj)   :   100.0 fs       |
  |   SHAKE algorithm      : true (all bonds) |
  |   dump interval(Vbias) :    1.00 ps       |
  |   Vbias prefactor (k)  :  0.0382 Eh       |
  |   Vbias exponent (α)   :  0.4680 bohr⁻²   |
  ::::::::::::: starting MTD    7 :::::::::::::
  |   MD simulation time   :     7.0 ps       |
  |   target T             :   300.0 K        |
  |   timestep dt          :     5.0 fs       |
  |   dump interval(trj)   :   100.0 fs       |
  |   SHAKE algorithm      : true (all bonds) |
  |   dump interval(Vbias) :    1.00 ps       |
  |   Vbias prefactor (k)  :  0.1530 Eh       |
  |   Vbias exponent (α)   :  0.4680 bohr⁻²   |
  ::::::::::::: starting MTD    4 :::::::::::::
  |   MD simulation time   :     7.0 ps       |
  |   target T             :   300.0 K        |
  |   timestep dt          :     5.0 fs       |
  |   dump interval(trj)   :   100.0 fs       |
  |   SHAKE algorithm      : true (all bonds) |
  |   dump interval(Vbias) :    1.00 ps       |
  |   Vbias prefactor (k)  :  0.1530 Eh       |
  |   Vbias exponent (α)   :  0.7800 bohr⁻²   |
  ::::::::::::: starting MTD    6 :::::::::::::
  |   MD simulation time   :     7.0 ps       |
  |   target T             :   300.0 K        |
  |   timestep dt          :     5.0 fs       |
  |   dump interval(trj)   :   100.0 fs       |
  |   SHAKE algorithm      : true (all bonds) |
  |   dump interval(Vbias) :    1.00 ps       |
  |   Vbias prefactor (k)  :  0.0382 Eh       |
  |   Vbias exponent (α)   :  0.7800 bohr⁻²   |
  ::::::::::::: starting MTD   10 :::::::::::::
  |   MD simulation time   :     7.0 ps       |
  |   target T             :   300.0 K        |
  |   timestep dt          :     5.0 fs       |
  |   dump interval(trj)   :   100.0 fs       |
  |   SHAKE algorithm      : true (all bonds) |
  |   dump interval(Vbias) :    1.00 ps       |
  |   Vbias prefactor (k)  :  0.1530 Eh       |
  |   Vbias exponent (α)   :  0.2808 bohr⁻²   |
  ::::::::::::: starting MTD    3 :::::::::::::
  |   MD simulation time   :     7.0 ps       |
  |   target T             :   300.0 K        |
  |   timestep dt          :     5.0 fs       |
  |   dump interval(trj)   :   100.0 fs       |
  |   SHAKE algorithm      : true (all bonds) |
  |   dump interval(Vbias) :    1.00 ps       |
  |   Vbias prefactor (k)  :  0.0382 Eh       |
  |   Vbias exponent (α)   :  1.3000 bohr⁻²   |
  ::::::::::::: starting MTD    2 :::::::::::::
  |   MD simulation time   :     7.0 ps       |
  |   target T             :   300.0 K        |
  |   timestep dt          :     5.0 fs       |
  |   dump interval(trj)   :   100.0 fs       |
  |   SHAKE algorithm      : true (all bonds) |
  |   dump interval(Vbias) :    1.00 ps       |
  |   Vbias prefactor (k)  :  0.0765 Eh       |
  |   Vbias exponent (α)   :  1.3000 bohr⁻²   |
  ::::::::::::: starting MTD   11 :::::::::::::
  |   MD simulation time   :     7.0 ps       |
  |   target T             :   300.0 K        |
  |   timestep dt          :     5.0 fs       |
  |   dump interval(trj)   :   100.0 fs       |
  |   SHAKE algorithm      : true (all bonds) |
  |   dump interval(Vbias) :    1.00 ps       |
  |   Vbias prefactor (k)  :  0.0765 Eh       |
  |   Vbias exponent (α)   :  0.2808 bohr⁻²   |
  ::::::::::::: starting MTD   12 :::::::::::::
  |   MD simulation time   :     7.0 ps       |
  |   target T             :   300.0 K        |
  |   timestep dt          :     5.0 fs       |
  |   dump interval(trj)   :   100.0 fs       |
  |   SHAKE algorithm      : true (all bonds) |
  |   dump interval(Vbias) :    1.00 ps       |
  |   Vbias prefactor (k)  :  0.0382 Eh       |
  |   Vbias exponent (α)   :  0.2808 bohr⁻²   |
  ::::::::::::: starting MTD   13 :::::::::::::
  |   MD simulation time   :     7.0 ps       |
  |   target T             :   300.0 K        |
  |   timestep dt          :     5.0 fs       |
  |   dump interval(trj)   :   100.0 fs       |
  |   SHAKE algorithm      : true (all bonds) |
  |   dump interval(Vbias) :    1.00 ps       |
  |   Vbias prefactor (k)  :  0.0510 Eh       |
  |   Vbias exponent (α)   :  0.1000 bohr⁻²   |
  ::::::::::::: starting MTD   14 :::::::::::::
  |   MD simulation time   :     7.0 ps       |
  |   target T             :   300.0 K        |
  |   timestep dt          :     5.0 fs       |
  |   dump interval(trj)   :   100.0 fs       |
  |   SHAKE algorithm      : true (all bonds) |
  |   dump interval(Vbias) :    1.00 ps       |
  |   Vbias prefactor (k)  :  0.2550 Eh       |
  |   Vbias exponent (α)   :  0.8000 bohr⁻²   |
  ::::::::::::: starting MTD    8 :::::::::::::
  |   MD simulation time   :     7.0 ps       |
  |   target T             :   300.0 K        |
  |   timestep dt          :     5.0 fs       |
  |   dump interval(trj)   :   100.0 fs       |
  |   SHAKE algorithm      : true (all bonds) |
  |   dump interval(Vbias) :    1.00 ps       |
  |   Vbias prefactor (k)  :  0.0765 Eh       |
  |   Vbias exponent (α)   :  0.4680 bohr⁻²   |
*MTD   8 completed successfully ...        0 min, 59.948 sec
*MTD   2 completed successfully ...        1 min,  0.208 sec
*MTD  12 completed successfully ...        1 min,  0.266 sec
*MTD   7 completed successfully ...        1 min,  0.330 sec
*MTD   5 completed successfully ...        1 min,  0.362 sec
*MTD   6 completed successfully ...        1 min,  0.400 sec
*MTD  14 completed successfully ...        1 min,  0.501 sec
*MTD  10 completed successfully ...        1 min,  0.504 sec
*MTD   1 completed successfully ...        1 min,  0.546 sec
*MTD   9 completed successfully ...        1 min,  0.618 sec
*MTD  13 completed successfully ...        1 min,  0.924 sec
*MTD   4 completed successfully ...        1 min,  0.945 sec
*MTD  11 completed successfully ...        1 min,  0.990 sec
*MTD   3 completed successfully ...        1 min,  1.249 sec

 ======================================
 |  Multilevel Ensemble Optimization  |
 ======================================
 Optimizing all 966 structures from file "crest_dynamics.trj" ...
 ----------------------
 crude pre-optimization
 ----------------------
 Optimization engine: ANCOPT
 Hessian update type: BFGS
 E/G convergence criteria:  0.500E-03 Eh, 0.100E-01 Eh/a0
 maximum optimization steps: 200
 |>0.1% |>10.0% |>20.1% |>30.0% |>40.1% |>50.0% |>60.0% |>70.1% |>80.0% |>90.1% |>100.0%
 done.
> 966 of 966 structures successfully optimized (100.0% success)
> Total runtime for 966 optimizations:
 * wall-time:     0 d,  0 h,  0 min, 40.901 sec
 *  cpu-time:     0 d,  0 h, 10 min, 29.189 sec
 * ratio c/w:    15.383 speedup
> Corresponding to approximately 0.042 sec per processed structure

CREGEN> running RMSDs ... done.
CREGEN> E lowest :   -62.11688
 947 structures remain within    12.00 kcal/mol window
 ----------------------------------
 optimization with tight thresholds
 ----------------------------------
 Optimization engine: ANCOPT
 Hessian update type: BFGS
 E/G convergence criteria:  0.100E-05 Eh, 0.800E-03 Eh/a0
 maximum optimization steps: 200
 |>0.1% |>10.0% |>20.1% |>30.1% |>40.0% |>50.1% |>60.1% |>70.0% |>80.0% |>90.1% |>100.0%
 done.
> 903 of 947 structures successfully optimized (95.4% success)
> Total runtime for 947 optimizations:
 * wall-time:     0 d,  0 h,  3 min,  6.439 sec
 *  cpu-time:     0 d,  0 h, 48 min, 19.329 sec
 * ratio c/w:    15.551 speedup
> Corresponding to approximately 0.197 sec per processed structure

CREGEN> running RMSDs ... done.
CREGEN> E lowest :   -62.11845
 636 structures remain within     6.00 kcal/mol window

 ------------------------------
 Meta-Dynamics Iteration 2
 ------------------------------
 list of applied metadynamics Vbias parameters:
$metadyn    0.15300   1.300
$metadyn    0.07650   1.300
$metadyn    0.03825   1.300
$metadyn    0.15300   0.780
$metadyn    0.07650   0.780
$metadyn    0.03825   0.780
$metadyn    0.15300   0.468
$metadyn    0.07650   0.468
$metadyn    0.03825   0.468
$metadyn    0.15300   0.281
$metadyn    0.07650   0.281
$metadyn    0.03825   0.281
$metadyn    0.05100   0.100
$metadyn    0.25500   0.800

  ::::::::::::: starting MTD    9 :::::::::::::
  |   MD simulation time   :     7.0 ps       |
  |   target T             :   300.0 K        |
  |   timestep dt          :     5.0 fs       |
  |   dump interval(trj)   :   100.0 fs       |
  |   SHAKE algorithm      : true (all bonds) |
  |   dump interval(Vbias) :    1.00 ps       |
  |   Vbias prefactor (k)  :  0.0382 Eh       |
  |   Vbias exponent (α)   :  0.4680 bohr⁻²   |
  ::::::::::::: starting MTD   11 :::::::::::::
  |   MD simulation time   :     7.0 ps       |
  |   target T             :   300.0 K        |
  |   timestep dt          :     5.0 fs       |
  |   dump interval(trj)   :   100.0 fs       |
  |   SHAKE algorithm      : true (all bonds) |
  |   dump interval(Vbias) :    1.00 ps       |
  |   Vbias prefactor (k)  :  0.0765 Eh       |
  |   Vbias exponent (α)   :  0.2808 bohr⁻²   |
  ::::::::::::: starting MTD    8 :::::::::::::
  |   MD simulation time   :     7.0 ps       |
  |   target T             :   300.0 K        |
  |   timestep dt          :     5.0 fs       |
  |   dump interval(trj)   :   100.0 fs       |
  |   SHAKE algorithm      : true (all bonds) |
  |   dump interval(Vbias) :    1.00 ps       |
  |   Vbias prefactor (k)  :  0.0765 Eh       |
  |   Vbias exponent (α)   :  0.4680 bohr⁻²   |
  ::::::::::::: starting MTD    2 :::::::::::::
  |   MD simulation time   :     7.0 ps       |
  |   target T             :   300.0 K        |
  |   timestep dt          :     5.0 fs       |
  |   dump interval(trj)   :   100.0 fs       |
  |   SHAKE algorithm      : true (all bonds) |
  |   dump interval(Vbias) :    1.00 ps       |
  |   Vbias prefactor (k)  :  0.0765 Eh       |
  |   Vbias exponent (α)   :  1.3000 bohr⁻²   |
  ::::::::::::: starting MTD    7 :::::::::::::
  |   MD simulation time   :     7.0 ps       |
  |   target T             :   300.0 K        |
  |   timestep dt          :     5.0 fs       |
  |   dump interval(trj)   :   100.0 fs       |
  |   SHAKE algorithm      : true (all bonds) |
  |   dump interval(Vbias) :    1.00 ps       |
  |   Vbias prefactor (k)  :  0.1530 Eh       |
  |   Vbias exponent (α)   :  0.4680 bohr⁻²   |
  ::::::::::::: starting MTD    1 :::::::::::::
  |   MD simulation time   :     7.0 ps       |
  |   target T             :   300.0 K        |
  |   timestep dt          :     5.0 fs       |
  |   dump interval(trj)   :   100.0 fs       |
  |   SHAKE algorithm      : true (all bonds) |
  |   dump interval(Vbias) :    1.00 ps       |
  |   Vbias prefactor (k)  :  0.1530 Eh       |
  |   Vbias exponent (α)   :  1.3000 bohr⁻²   |
  ::::::::::::: starting MTD   13 :::::::::::::
  |   MD simulation time   :     7.0 ps       |
  |   target T             :   300.0 K        |
  |   timestep dt          :     5.0 fs       |
  |   dump interval(trj)   :   100.0 fs       |
  |   SHAKE algorithm      : true (all bonds) |
  |   dump interval(Vbias) :    1.00 ps       |
  |   Vbias prefactor (k)  :  0.0510 Eh       |
  |   Vbias exponent (α)   :  0.1000 bohr⁻²   |
  ::::::::::::: starting MTD    4 :::::::::::::
  |   MD simulation time   :     7.0 ps       |
  |   target T             :   300.0 K        |
  |   timestep dt          :     5.0 fs       |
  |   dump interval(trj)   :   100.0 fs       |
  |   SHAKE algorithm      : true (all bonds) |
  |   dump interval(Vbias) :    1.00 ps       |
  |   Vbias prefactor (k)  :  0.1530 Eh       |
  |   Vbias exponent (α)   :  0.7800 bohr⁻²   |
  ::::::::::::: starting MTD   10 :::::::::::::
  |   MD simulation time   :     7.0 ps       |
  |   target T             :   300.0 K        |
  |   timestep dt          :     5.0 fs       |
  |   dump interval(trj)   :   100.0 fs       |
  |   SHAKE algorithm      : true (all bonds) |
  |   dump interval(Vbias) :    1.00 ps       |
  |   Vbias prefactor (k)  :  0.1530 Eh       |
  |   Vbias exponent (α)   :  0.2808 bohr⁻²   |
  ::::::::::::: starting MTD   12 :::::::::::::
  |   MD simulation time   :     7.0 ps       |
  |   target T             :   300.0 K        |
  |   timestep dt          :     5.0 fs       |
  |   dump interval(trj)   :   100.0 fs       |
  |   SHAKE algorithm      : true (all bonds) |
  |   dump interval(Vbias) :    1.00 ps       |
  |   Vbias prefactor (k)  :  0.0382 Eh       |
  |   Vbias exponent (α)   :  0.2808 bohr⁻²   |
  ::::::::::::: starting MTD    6 :::::::::::::
  |   MD simulation time   :     7.0 ps       |
  |   target T             :   300.0 K        |
  |   timestep dt          :     5.0 fs       |
  |   dump interval(trj)   :   100.0 fs       |
  |   SHAKE algorithm      : true (all bonds) |
  |   dump interval(Vbias) :    1.00 ps       |
  |   Vbias prefactor (k)  :  0.0382 Eh       |
  |   Vbias exponent (α)   :  0.7800 bohr⁻²   |
  ::::::::::::: starting MTD    3 :::::::::::::
  |   MD simulation time   :     7.0 ps       |
  |   target T             :   300.0 K        |
  |   timestep dt          :     5.0 fs       |
  |   dump interval(trj)   :   100.0 fs       |
  |   SHAKE algorithm      : true (all bonds) |
  |   dump interval(Vbias) :    1.00 ps       |
  |   Vbias prefactor (k)  :  0.0382 Eh       |
  |   Vbias exponent (α)   :  1.3000 bohr⁻²   |
  ::::::::::::: starting MTD   14 :::::::::::::
  |   MD simulation time   :     7.0 ps       |
  |   target T             :   300.0 K        |
  |   timestep dt          :     5.0 fs       |
  |   dump interval(trj)   :   100.0 fs       |
  |   SHAKE algorithm      : true (all bonds) |
  |   dump interval(Vbias) :    1.00 ps       |
  |   Vbias prefactor (k)  :  0.2550 Eh       |
  |   Vbias exponent (α)   :  0.8000 bohr⁻²   |
  ::::::::::::: starting MTD    5 :::::::::::::
  |   MD simulation time   :     7.0 ps       |
  |   target T             :   300.0 K        |
  |   timestep dt          :     5.0 fs       |
  |   dump interval(trj)   :   100.0 fs       |
  |   SHAKE algorithm      : true (all bonds) |
  |   dump interval(Vbias) :    1.00 ps       |
  |   Vbias prefactor (k)  :  0.0765 Eh       |
  |   Vbias exponent (α)   :  0.7800 bohr⁻²   |
*MTD   5 completed successfully ...        0 min, 58.944 sec
*MTD   9 completed successfully ...        0 min, 58.983 sec
*MTD   8 completed successfully ...        0 min, 59.139 sec
*MTD   7 completed successfully ...        0 min, 59.160 sec
*MTD   6 completed successfully ...        0 min, 59.225 sec
*MTD   3 completed successfully ...        0 min, 59.236 sec
*MTD   1 completed successfully ...        0 min, 59.403 sec
*MTD  10 completed successfully ...        0 min, 59.405 sec
*MTD   2 completed successfully ...        0 min, 59.420 sec
*MTD  12 completed successfully ...        0 min, 59.592 sec
*MTD  11 completed successfully ...        0 min, 59.611 sec
*MTD   4 completed successfully ...        0 min, 59.704 sec
*MTD  14 completed successfully ...        0 min, 59.791 sec
*MTD  13 completed successfully ...        0 min, 59.959 sec

 ======================================
 |  Multilevel Ensemble Optimization  |
 ======================================
 Optimizing all 966 structures from file "crest_dynamics.trj" ...
 ----------------------
 crude pre-optimization
 ----------------------
 Optimization engine: ANCOPT
 Hessian update type: BFGS
 E/G convergence criteria:  0.500E-03 Eh, 0.100E-01 Eh/a0
 maximum optimization steps: 200
 |>0.1% |>10.0% |>20.1% |>30.0% |>40.1% |>50.0% |>60.0% |>70.1% |>80.0% |>90.1% |>100.0%
 done.
> 966 of 966 structures successfully optimized (100.0% success)
> Total runtime for 966 optimizations:
 * wall-time:     0 d,  0 h,  0 min, 42.384 sec
 *  cpu-time:     0 d,  0 h, 10 min, 49.500 sec
 * ratio c/w:    15.324 speedup
> Corresponding to approximately 0.044 sec per processed structure

CREGEN> running RMSDs ... done.
CREGEN> E lowest :   -62.11711
 945 structures remain within    12.00 kcal/mol window
 ----------------------------------
 optimization with tight thresholds
 ----------------------------------
 Optimization engine: ANCOPT
 Hessian update type: BFGS
 E/G convergence criteria:  0.100E-05 Eh, 0.800E-03 Eh/a0
 maximum optimization steps: 200
 |>0.1% |>10.1% |>20.0% |>30.1% |>40.0% |>50.1% |>60.0% |>70.1% |>80.0% |>90.1% |>100.0%
 done.
> 912 of 945 structures successfully optimized (96.5% success)
> Total runtime for 945 optimizations:
 * wall-time:     0 d,  0 h,  3 min,  5.576 sec
 *  cpu-time:     0 d,  0 h, 47 min, 52.143 sec
 * ratio c/w:    15.477 speedup
> Corresponding to approximately 0.196 sec per processed structure

CREGEN> running RMSDs ... done.
CREGEN> E lowest :   -62.11845
 627 structures remain within     6.00 kcal/mol window

========================================
           MTD Simulations done         
========================================
 Collecting ensmbles.
CREGEN> running RMSDs ... done.
CREGEN> E lowest :   -62.11845
 1225 structures remain within     6.00 kcal/mol window


 ===============================================
 Additional regular MDs on lowest 4 conformer(s)
 ===============================================
  :::::::::::::: starting MD   8 ::::::::::::::
  |   MD simulation time   :     3.5 ps       |
  |   target T             :   500.0 K        |
  |   timestep dt          :     5.0 fs       |
  |   dump interval(trj)   :   100.0 fs       |
  |   SHAKE algorithm      : true (all bonds) |
  :::::::::::::: starting MD   1 ::::::::::::::
  |   MD simulation time   :     3.5 ps       |
  |   target T             :   400.0 K        |
  |   timestep dt          :     5.0 fs       |
  |   dump interval(trj)   :   100.0 fs       |
  |   SHAKE algorithm      : true (all bonds) |
  :::::::::::::: starting MD   5 ::::::::::::::
  |   MD simulation time   :     3.5 ps       |
  |   target T             :   500.0 K        |
  |   timestep dt          :     5.0 fs       |
  |   dump interval(trj)   :   100.0 fs       |
  |   SHAKE algorithm      : true (all bonds) |
  :::::::::::::: starting MD   2 ::::::::::::::
  |   MD simulation time   :     3.5 ps       |
  |   target T             :   400.0 K        |
  |   timestep dt          :     5.0 fs       |
  |   dump interval(trj)   :   100.0 fs       |
  |   SHAKE algorithm      : true (all bonds) |
  :::::::::::::: starting MD   4 ::::::::::::::
  |   MD simulation time   :     3.5 ps       |
  |   target T             :   400.0 K        |
  |   timestep dt          :     5.0 fs       |
  |   dump interval(trj)   :   100.0 fs       |
  |   SHAKE algorithm      : true (all bonds) |
  :::::::::::::: starting MD   6 ::::::::::::::
  |   MD simulation time   :     3.5 ps       |
  |   target T             :   500.0 K        |
  |   timestep dt          :     5.0 fs       |
  |   dump interval(trj)   :   100.0 fs       |
  |   SHAKE algorithm      : true (all bonds) |
  :::::::::::::: starting MD   7 ::::::::::::::
  |   MD simulation time   :     3.5 ps       |
  |   target T             :   500.0 K        |
  |   timestep dt          :     5.0 fs       |
  |   dump interval(trj)   :   100.0 fs       |
  |   SHAKE algorithm      : true (all bonds) |
  :::::::::::::: starting MD   3 ::::::::::::::
  |   MD simulation time   :     3.5 ps       |
  |   target T             :   400.0 K        |
  |   timestep dt          :     5.0 fs       |
  |   dump interval(trj)   :   100.0 fs       |
  |   SHAKE algorithm      : true (all bonds) |
*MD   3 completed successfully ...        0 min, 39.715 sec
*MD   2 completed successfully ...        0 min, 40.107 sec
*MD   7 completed successfully ...        0 min, 40.371 sec
*MD   4 completed successfully ...        0 min, 40.417 sec
*MD   6 completed successfully ...        0 min, 40.449 sec
*MD   1 completed successfully ...        0 min, 40.507 sec
*MD   8 completed successfully ...        0 min, 40.574 sec
*MD   5 completed successfully ...        0 min, 40.714 sec
 Appending file crest_rotamers_1.xyz with new structures
 Optimizing all 1497 structures from file "crest_rotamers_1.xyz" ...
 ----------------------------------
 optimization with tight thresholds
 ----------------------------------
 Optimization engine: ANCOPT
 Hessian update type: BFGS
 E/G convergence criteria:  0.100E-05 Eh, 0.800E-03 Eh/a0
 maximum optimization steps: 200
 |>0.1% |>7.5% |>15.0% |>22.5% |>30.1% |>37.5% |>45.0% |>52.5% |>60.1% |>67.5% |>75.0% |>82.6% |>90.0% |>97.5% |>100.0%
 done.
> 1496 of 1497 structures successfully optimized (99.9% success)
> Total runtime for 1497 optimizations:
 * wall-time:     0 d,  0 h,  1 min,  0.620 sec
 *  cpu-time:     0 d,  0 h, 15 min, 20.405 sec
 * ratio c/w:    15.183 speedup
> Corresponding to approximately 0.040 sec per processed structure

CREGEN> running RMSDs ... done.
CREGEN> E lowest :   -62.11845
 1341 structures remain within     6.00 kcal/mol window

     ========================================
     |        Structure Crossing (GC)       |
     ========================================

 =============================
  # threads =          16
 =============================
input  file name : crest_rotamers_2.xyz
number of atoms                :      51
number of points on xyz files  :    1341
conformer energy window  /kcal :    6.00
CN per atom difference cut-off :  0.3000
RMSD threshold (Ang, Bohr)     :  0.2500  0.4724
max. # of generated structures :      350
 # in E window        1341
  10.2 % done
  35.2 % done
  60.2 % done
  85.0 % done
 finished.
 average rmsd w.r.t input     :     1.57407
 number of clash discarded    :      482224
 removed identical structures :        1830

 350 structures written to confcross.xyz


 ======================================
 |  Multilevel Ensemble Optimization  |
 ======================================
 Optimizing all 350 structures from file "confcross.xyz" ...
 ----------------------
 crude pre-optimization
 ----------------------
 Optimization engine: ANCOPT
 Hessian update type: BFGS
 E/G convergence criteria:  0.500E-03 Eh, 0.100E-01 Eh/a0
 maximum optimization steps: 200
 |>0.3% |>10.0% |>20.0% |>30.0% |>40.0% |>50.0% |>60.0% |>70.3% |>80.0% |>90.3% |>100.0%
 done.
> 350 of 350 structures successfully optimized (100.0% success)
> Total runtime for 350 optimizations:
 * wall-time:     0 d,  0 h,  0 min,  7.283 sec
 *  cpu-time:     0 d,  0 h,  1 min, 51.300 sec
 * ratio c/w:    15.282 speedup
> Corresponding to approximately 0.021 sec per processed structure

CREGEN> running RMSDs ... done.
CREGEN> E lowest :   -62.11828
 129 structures remain within    12.00 kcal/mol window
 ----------------------------------
 optimization with tight thresholds
 ----------------------------------
 Optimization engine: ANCOPT
 Hessian update type: BFGS
 E/G convergence criteria:  0.100E-05 Eh, 0.800E-03 Eh/a0
 maximum optimization steps: 200
 |>0.8% |>10.1% |>20.2% |>30.2% |>40.3% |>50.4% |>60.5% |>70.5% |>80.6% |>90.7% |>100.0%
 done.
> 129 of 129 structures successfully optimized (100.0% success)
> Total runtime for 129 optimizations:
 * wall-time:     0 d,  0 h,  0 min,  6.155 sec
 *  cpu-time:     0 d,  0 h,  1 min, 21.352 sec
 * ratio c/w:    13.217 speedup
> Corresponding to approximately 0.048 sec per processed structure

CREGEN> running RMSDs ... done.
CREGEN> E lowest :   -62.11845
 118 structures remain within     6.00 kcal/mol window
appending new structures to crest_rotamers_2.xyz
CREGEN> running RMSDs ... done.
CREGEN> E lowest :   -62.11845


   ================================================
   |           Final Geometry Optimization        |
   ================================================
 Optimizing all 1448 structures from file "crest_rotamers_3.xyz" ...
 ---------------------------------------
 optimization with very tight thresholds
 ---------------------------------------
 Optimization engine: ANCOPT
 Hessian update type: BFGS
 E/G convergence criteria:  0.100E-06 Eh, 0.200E-03 Eh/a0
 maximum optimization steps: 200
 |>0.1% |>7.5% |>15.1% |>22.5% |>30.0% |>37.5% |>45.0% |>52.6% |>60.0% |>67.5% |>75.0% |>82.5% |>90.1% |>97.5% |>100.0%
 done.
> 1441 of 1448 structures successfully optimized (99.5% success)
> Total runtime for 1448 optimizations:
 * wall-time:     0 d,  0 h,  1 min, 41.393 sec
 *  cpu-time:     0 d,  0 h, 26 min,  4.054 sec
 * ratio c/w:    15.426 speedup
> Corresponding to approximately 0.070 sec per processed structure

CREGEN> running RMSDs ... done.
CREGEN> E lowest :   -62.11845
 1404 structures remain within     6.00 kcal/mol window


 --------------------------
 Final Ensemble Information
 --------------------------
 input  file name : crest_rotamers_3.xyz
 output file name : crest_rotamers_4.xyz
 number of atoms                :   51
 number of points on xyz files  :   1441
 RMSD threshold                 :   0.1250
 Bconst threshold               :   0.0100
 population threshold           :   0.0500
 # fragment in coord            :     1
 # bonds in reference structure :    51
 number of reliable points      :  1441
 sorting energy window (EWIN)   :    6.0000 / kcal*mol⁻¹
 reference state Etot           :  -62.118451960000002
 number of doubles removed by rot/RMSD         :          37
 total number unique points considered further :        1404
       Erel/kcal        Etot weight/tot  conformer     set   degen     origin
       1   0.000   -62.11845    0.00241    0.06711       1      28
       2   0.000   -62.11845    0.00241
       3   0.000   -62.11845    0.00241
       4   0.000   -62.11845    0.00241
       5   0.000   -62.11845    0.00241
       6   0.000   -62.11845    0.00241
       7   0.000   -62.11845    0.00241
       8   0.001   -62.11845    0.00241
       9   0.001   -62.11845    0.00240
      10   0.001   -62.11845    0.00240
      11   0.001   -62.11845    0.00240
      12   0.002   -62.11845    0.00240
      13   0.002   -62.11845    0.00240
      14   0.002   -62.11845    0.00240
      15   0.002   -62.11845    0.00240
      16   0.002   -62.11845    0.00240
      17   0.002   -62.11845    0.00240
      18   0.002   -62.11845    0.00240
      19   0.003   -62.11845    0.00240
      20   0.003   -62.11845    0.00239
      21   0.005   -62.11844    0.00239
      22   0.005   -62.11844    0.00239
      23   0.005   -62.11844    0.00239
      24   0.005   -62.11844    0.00239
      25   0.005   -62.11844    0.00239
      26   0.006   -62.11844    0.00239
      27   0.008   -62.11844    0.00237
      28   0.011   -62.11843    0.00236
      29   0.025   -62.11841    0.00231    0.11930       2      52
      30   0.025   -62.11841    0.00231
      31   0.025   -62.11841    0.00231
      32   0.025   -62.11841    0.00231
      33   0.025   -62.11841    0.00231
      34   0.025   -62.11841    0.00231
      35   0.025   -62.11841    0.00231
      36   0.025   -62.11841    0.00231
      37   0.025   -62.11841    0.00231
      38   0.025   -62.11841    0.00231
      39   0.025   -62.11841    0.00231
      40   0.026   -62.11841    0.00231
      41   0.026   -62.11841    0.00231
      42   0.026   -62.11841    0.00231
      43   0.026   -62.11841    0.00231
      44   0.026   -62.11841    0.00230
      45   0.026   -62.11841    0.00230
      46   0.026   -62.11841    0.00230
      47   0.026   -62.11841    0.00230
      48   0.026   -62.11841    0.00230
      49   0.026   -62.11841    0.00230
      50   0.026   -62.11841    0.00230
      51   0.026   -62.11841    0.00230
      52   0.026   -62.11841    0.00230
      53   0.027   -62.11841    0.00230
      54   0.027   -62.11841    0.00230
      55   0.027   -62.11841    0.00230
      56   0.027   -62.11841    0.00230
      57   0.027   -62.11841    0.00230
      58   0.027   -62.11841    0.00230
      59   0.027   -62.11841    0.00230
      60   0.027   -62.11841    0.00230
      61   0.028   -62.11841    0.00230
      62   0.029   -62.11841    0.00229
      63   0.029   -62.11841    0.00229
      64   0.030   -62.11840    0.00229
      65   0.030   -62.11840    0.00229
      66   0.030   -62.11840    0.00229
      67   0.030   -62.11840    0.00229
      68   0.031   -62.11840    0.00229
      69   0.031   -62.11840    0.00228
      70   0.031   -62.11840    0.00228
      71   0.031   -62.11840    0.00228
      72   0.032   -62.11840    0.00228
      73   0.032   -62.11840    0.00228
      74   0.033   -62.11840    0.00228
      75   0.034   -62.11840    0.00227
      76   0.034   -62.11840    0.00227
      77   0.040   -62.11839    0.00225
      78   0.041   -62.11839    0.00225
      79   0.041   -62.11839    0.00225
      80   0.041   -62.11839    0.00225
      81   0.041   -62.11839    0.00225    0.05577       3      25
      82   0.041   -62.11839    0.00225
      83   0.041   -62.11839    0.00224
      84   0.042   -62.11839    0.00224
      85   0.042   -62.11839    0.00224
      86   0.042   -62.11839    0.00224
      87   0.042   -62.11839    0.00224
      88   0.042   -62.11839    0.00224
      89   0.042   -62.11839    0.00224
      90   0.042   -62.11839    0.00224
      91   0.042   -62.11838    0.00224
      92   0.042   -62.11838    0.00224
      93   0.043   -62.11838    0.00224
      94   0.043   -62.11838    0.00224
      95   0.043   -62.11838    0.00224
      96   0.044   -62.11838    0.00224
      97   0.044   -62.11838    0.00223
      98   0.047   -62.11838    0.00222
      99   0.057   -62.11836    0.00219
     100   0.059   -62.11836    0.00218
     101   0.061   -62.11835    0.00217
     102   0.040   -62.11839    0.00225
     103   0.041   -62.11839    0.00225
     104   0.067   -62.11834    0.00215
     105   0.041   -62.11839    0.00225
     106   0.089   -62.11831    0.00207    0.02478       4      12
     107   0.089   -62.11831    0.00207
     108   0.089   -62.11831    0.00207
     109   0.089   -62.11831    0.00207
     110   0.089   -62.11831    0.00207
     111   0.089   -62.11831    0.00207
     112   0.090   -62.11831    0.00207
     113   0.091   -62.11831    0.00207
     114   0.092   -62.11831    0.00206
     115   0.092   -62.11831    0.00206
     116   0.095   -62.11830    0.00205
     117   0.098   -62.11830    0.00204
     118   0.123   -62.11826    0.00196    0.01173       5       6
     119   0.123   -62.11826    0.00196
     120   0.123   -62.11826    0.00196
     121   0.123   -62.11826    0.00195
     122   0.123   -62.11826    0.00195
     123   0.123   -62.11826    0.00195
     124   0.150   -62.11821    0.00187    0.08924       6      48
     125   0.150   -62.11821    0.00187
     126   0.150   -62.11821    0.00187
     127   0.150   -62.11821    0.00187
     128   0.150   -62.11821    0.00187
     129   0.150   -62.11821    0.00187
     130   0.150   -62.11821    0.00187
     131   0.151   -62.11821    0.00187
     132   0.151   -62.11821    0.00187
     133   0.151   -62.11821    0.00187
     134   0.151   -62.11821    0.00187
     135   0.151   -62.11821    0.00187
     136   0.151   -62.11821    0.00187
     137   0.151   -62.11821    0.00187
     138   0.151   -62.11821    0.00187
     139   0.151   -62.11821    0.00187
     140   0.151   -62.11821    0.00187
     141   0.151   -62.11821    0.00187
     142   0.151   -62.11821    0.00187
     143   0.151   -62.11821    0.00187
     144   0.151   -62.11821    0.00187
     145   0.151   -62.11821    0.00187
     146   0.151   -62.11821    0.00187
     147   0.151   -62.11821    0.00187
     148   0.151   -62.11821    0.00187
     149   0.152   -62.11821    0.00186
     150   0.152   -62.11821    0.00186
     151   0.152   -62.11821    0.00186
     152   0.152   -62.11821    0.00186
     153   0.153   -62.11821    0.00186
     154   0.153   -62.11821    0.00186
     155   0.153   -62.11821    0.00186
     156   0.153   -62.11821    0.00186
     157   0.154   -62.11821    0.00186
     158   0.155   -62.11821    0.00185
     159   0.155   -62.11821    0.00185
     160   0.155   -62.11821    0.00185
     161   0.155   -62.11821    0.00185
     162   0.155   -62.11820    0.00185
     163   0.156   -62.11820    0.00185
     164   0.157   -62.11820    0.00185
     165   0.158   -62.11820    0.00184
     166   0.158   -62.11820    0.00184
     167   0.160   -62.11820    0.00184
     168   0.161   -62.11820    0.00184
     169   0.163   -62.11819    0.00183
     170   0.163   -62.11819    0.00183
     171   0.163   -62.11819    0.00183
     172   0.163   -62.11819    0.00183    0.16397       7      90
     173   0.163   -62.11819    0.00183
     174   0.163   -62.11819    0.00183
     175   0.163   -62.11819    0.00183
     176   0.163   -62.11819    0.00183
     177   0.163   -62.11819    0.00183
     178   0.163   -62.11819    0.00183
     179   0.163   -62.11819    0.00183
     180   0.163   -62.11819    0.00183
     181   0.163   -62.11819    0.00183
     182   0.163   -62.11819    0.00183
     183   0.163   -62.11819    0.00183
     184   0.163   -62.11819    0.00183
     185   0.163   -62.11819    0.00183
     186   0.164   -62.11819    0.00183
     187   0.164   -62.11819    0.00183
     188   0.164   -62.11819    0.00183
     189   0.164   -62.11819    0.00183
     190   0.164   -62.11819    0.00183
     191   0.164   -62.11819    0.00183
     192   0.164   -62.11819    0.00183
     193   0.164   -62.11819    0.00183
     194   0.164   -62.11819    0.00183
     195   0.164   -62.11819    0.00183
     196   0.164   -62.11819    0.00183
     197   0.164   -62.11819    0.00183
     198   0.164   -62.11819    0.00183
     199   0.164   -62.11819    0.00183
     200   0.164   -62.11819    0.00183
     201   0.164   -62.11819    0.00183
     202   0.164   -62.11819    0.00183
     203   0.164   -62.11819    0.00183
     204   0.164   -62.11819    0.00183
     205   0.164   -62.11819    0.00183
     206   0.164   -62.11819    0.00183
     207   0.164   -62.11819    0.00183
     208   0.164   -62.11819    0.00183
     209   0.164   -62.11819    0.00183
     210   0.164   -62.11819    0.00183
     211   0.164   -62.11819    0.00183
     212   0.164   -62.11819    0.00183
     213   0.164   -62.11819    0.00183
     214   0.164   -62.11819    0.00183
     215   0.164   -62.11819    0.00183
     216   0.164   -62.11819    0.00183
     217   0.164   -62.11819    0.00183
     218   0.164   -62.11819    0.00183
     219   0.164   -62.11819    0.00183
     220   0.164   -62.11819    0.00183
     221   0.164   -62.11819    0.00183
     222   0.164   -62.11819    0.00183
     223   0.164   -62.11819    0.00183
     224   0.164   -62.11819    0.00182
     225   0.164   -62.11819    0.00182
     226   0.164   -62.11819    0.00182
     227   0.165   -62.11819    0.00182
     228   0.165   -62.11819    0.00182
     229   0.165   -62.11819    0.00182
     230   0.165   -62.11819    0.00182
     231   0.165   -62.11819    0.00182
     232   0.165   -62.11819    0.00182
     233   0.165   -62.11819    0.00182
     234   0.165   -62.11819    0.00182
     235   0.165   -62.11819    0.00182
     236   0.165   -62.11819    0.00182
     237   0.165   -62.11819    0.00182
     238   0.166   -62.11819    0.00182
     239   0.166   -62.11819    0.00182
     240   0.166   -62.11819    0.00182
     241   0.166   -62.11819    0.00182
     242   0.166   -62.11819    0.00182
     243   0.166   -62.11819    0.00182
     244   0.166   -62.11819    0.00182
     245   0.167   -62.11819    0.00182
     246   0.167   -62.11819    0.00182
     247   0.167   -62.11819    0.00182
     248   0.168   -62.11818    0.00181
     249   0.168   -62.11818    0.00181
     250   0.168   -62.11818    0.00181
     251   0.168   -62.11818    0.00181
     252   0.168   -62.11818    0.00181
     253   0.169   -62.11818    0.00181
     254   0.170   -62.11818    0.00181
     255   0.171   -62.11818    0.00180
     256   0.172   -62.11818    0.00180
     257   0.172   -62.11818    0.00180
     258   0.163   -62.11819    0.00183
     259   0.179   -62.11817    0.00178
     260   0.163   -62.11819    0.00183
     261   0.191   -62.11815    0.00175
     262   0.191   -62.11815    0.00175    0.06423       8      37
     263   0.191   -62.11815    0.00174
     264   0.191   -62.11815    0.00174
     265   0.191   -62.11815    0.00174
     266   0.191   -62.11815    0.00174
     267   0.191   -62.11815    0.00174
     268   0.191   -62.11815    0.00174
     269   0.191   -62.11815    0.00174
     270   0.191   -62.11815    0.00174
     271   0.192   -62.11815    0.00174
     272   0.192   -62.11815    0.00174
     273   0.192   -62.11815    0.00174
     274   0.192   -62.11815    0.00174
     275   0.192   -62.11815    0.00174
     276   0.192   -62.11815    0.00174
     277   0.192   -62.11815    0.00174
     278   0.192   -62.11815    0.00174
     279   0.192   -62.11815    0.00174
     280   0.192   -62.11815    0.00174
     281   0.192   -62.11815    0.00174
     282   0.193   -62.11815    0.00174
     283   0.193   -62.11814    0.00174
     284   0.193   -62.11814    0.00174
     285   0.193   -62.11814    0.00174
     286   0.193   -62.11814    0.00174
     287   0.193   -62.11814    0.00174
     288   0.193   -62.11814    0.00174
     289   0.193   -62.11814    0.00174
     290   0.193   -62.11814    0.00174
     291   0.195   -62.11814    0.00173
     292   0.195   -62.11814    0.00173
     293   0.197   -62.11814    0.00173
     294   0.197   -62.11814    0.00173
     295   0.197   -62.11814    0.00173
     296   0.201   -62.11813    0.00172
     297   0.204   -62.11813    0.00171
     298   0.219   -62.11810    0.00166
     299   0.230   -62.11808    0.00163    0.04718       9      29
     300   0.231   -62.11808    0.00163
     301   0.231   -62.11808    0.00163
     302   0.231   -62.11808    0.00163
     303   0.231   -62.11808    0.00163
     304   0.231   -62.11808    0.00163
     305   0.231   -62.11808    0.00163
     306   0.231   -62.11808    0.00163
     307   0.231   -62.11808    0.00163
     308   0.231   -62.11808    0.00163
     309   0.231   -62.11808    0.00163
     310   0.231   -62.11808    0.00163
     311   0.231   -62.11808    0.00163
     312   0.231   -62.11808    0.00163
     313   0.231   -62.11808    0.00163
     314   0.232   -62.11808    0.00163
     315   0.232   -62.11808    0.00163
     316   0.232   -62.11808    0.00163
     317   0.233   -62.11808    0.00163
     318   0.233   -62.11808    0.00163
     319   0.233   -62.11808    0.00162
     320   0.233   -62.11808    0.00162
     321   0.234   -62.11808    0.00162
     322   0.234   -62.11808    0.00162
     323   0.235   -62.11808    0.00162
     324   0.235   -62.11808    0.00162
     325   0.236   -62.11808    0.00162
     326   0.237   -62.11807    0.00162
     327   0.241   -62.11807    0.00160
     328   0.247   -62.11806    0.00159    0.01109      10       7
     329   0.248   -62.11806    0.00159
     330   0.248   -62.11806    0.00159
     331   0.248   -62.11806    0.00158
     332   0.248   -62.11806    0.00158
     333   0.248   -62.11806    0.00158
     334   0.249   -62.11806    0.00158
     335   0.252   -62.11805    0.00157    0.03929      11      25
     336   0.252   -62.11805    0.00157
     337   0.252   -62.11805    0.00157
     338   0.252   -62.11805    0.00157
     339   0.252   -62.11805    0.00157
     340   0.252   -62.11805    0.00157
     341   0.252   -62.11805    0.00157
     342   0.252   -62.11805    0.00157
     343   0.252   -62.11805    0.00157
     344   0.252   -62.11805    0.00157
     345   0.252   -62.11805    0.00157
     346   0.254   -62.11805    0.00157
     347   0.254   -62.11805    0.00157
     348   0.253   -62.11805    0.00157
     349   0.253   -62.11805    0.00157
     350   0.254   -62.11805    0.00157
     351   0.253   -62.11805    0.00157
     352   0.253   -62.11805    0.00157
     353   0.253   -62.11805    0.00157
     354   0.255   -62.11805    0.00157
     355   0.253   -62.11805    0.00157
     356   0.253   -62.11805    0.00157
     357   0.253   -62.11805    0.00157
     358   0.253   -62.11805    0.00157
     359   0.253   -62.11805    0.00157
     360   0.253   -62.11805    0.00157    0.00628      12       4
     361   0.253   -62.11805    0.00157
     362   0.254   -62.11805    0.00157
     363   0.254   -62.11805    0.00157
     364   0.309   -62.11796    0.00143    0.01858      13      13
     365   0.309   -62.11796    0.00143
     366   0.309   -62.11796    0.00143
     367   0.309   -62.11796    0.00143
     368   0.309   -62.11796    0.00143
     369   0.309   -62.11796    0.00143
     370   0.309   -62.11796    0.00143
     371   0.309   -62.11796    0.00143
     372   0.310   -62.11796    0.00143
     373   0.310   -62.11796    0.00143
     374   0.310   -62.11796    0.00143
     375   0.310   -62.11796    0.00143
     376   0.311   -62.11796    0.00142
     377   0.315   -62.11795    0.00141    0.02966      14      21
     378   0.315   -62.11795    0.00141
     379   0.315   -62.11795    0.00141
     380   0.316   -62.11795    0.00141
     381   0.316   -62.11795    0.00141
     382   0.316   -62.11795    0.00141
     383   0.316   -62.11795    0.00141
     384   0.316   -62.11795    0.00141
     385   0.316   -62.11795    0.00141
     386   0.316   -62.11795    0.00141
     387   0.316   -62.11795    0.00141
     388   0.316   -62.11795    0.00141
     389   0.316   -62.11795    0.00141
     390   0.316   -62.11795    0.00141
     391   0.316   -62.11795    0.00141
     392   0.317   -62.11795    0.00141
     393   0.317   -62.11795    0.00141
     394   0.317   -62.11795    0.00141
     395   0.318   -62.11795    0.00141
     396   0.318   -62.11795    0.00141
     397   0.318   -62.11795    0.00141
     398   0.363   -62.11787    0.00131    0.00522      15       4
     399   0.363   -62.11787    0.00131
     400   0.363   -62.11787    0.00130
     401   0.363   -62.11787    0.00130
     402   0.444   -62.11774    0.00114    0.00114      16       1
     403   0.561   -62.11756    0.00094    0.00560      17       6
     404   0.561   -62.11756    0.00093
     405   0.561   -62.11756    0.00093
     406   0.561   -62.11756    0.00093
     407   0.562   -62.11756    0.00093
     408   0.565   -62.11755    0.00093
     409   0.583   -62.11752    0.00090    0.00989      18      11
     410   0.583   -62.11752    0.00090
     411   0.584   -62.11752    0.00090
     412   0.584   -62.11752    0.00090
     413   0.584   -62.11752    0.00090
     414   0.584   -62.11752    0.00090
     415   0.584   -62.11752    0.00090
     416   0.585   -62.11752    0.00090
     417   0.585   -62.11752    0.00090
     418   0.585   -62.11752    0.00090
     419   0.586   -62.11752    0.00090
     420   0.603   -62.11749    0.00087    0.00435      19       5
     421   0.604   -62.11749    0.00087
     422   0.605   -62.11749    0.00087
     423   0.605   -62.11749    0.00087
     424   0.604   -62.11749    0.00087
     425   0.605   -62.11749    0.00087    0.01472      20      17
     426   0.605   -62.11749    0.00087
     427   0.605   -62.11749    0.00087
     428   0.606   -62.11749    0.00087
     429   0.606   -62.11749    0.00087
     430   0.606   -62.11749    0.00087
     431   0.606   -62.11749    0.00087
     432   0.606   -62.11749    0.00087
     433   0.607   -62.11749    0.00087
     434   0.607   -62.11748    0.00087
     435   0.604   -62.11749    0.00087
     436   0.607   -62.11748    0.00086
     437   0.608   -62.11748    0.00086
     438   0.608   -62.11748    0.00086
     439   0.609   -62.11748    0.00086
     440   0.604   -62.11749    0.00087
     441   0.611   -62.11748    0.00086
     442   0.619   -62.11747    0.00085    0.01012      21      12
     443   0.620   -62.11746    0.00085
     444   0.620   -62.11746    0.00085
     445   0.621   -62.11746    0.00085
     446   0.621   -62.11746    0.00085
     447   0.621   -62.11746    0.00085
     448   0.621   -62.11746    0.00085
     449   0.621   -62.11746    0.00084
     450   0.622   -62.11746    0.00084
     451   0.625   -62.11746    0.00084
     452   0.625   -62.11746    0.00084
     453   0.631   -62.11745    0.00083
     454   0.631   -62.11745    0.00083    0.01074      22      13
     455   0.631   -62.11745    0.00083
     456   0.631   -62.11745    0.00083
     457   0.631   -62.11745    0.00083
     458   0.631   -62.11745    0.00083
     459   0.632   -62.11744    0.00083
     460   0.632   -62.11744    0.00083
     461   0.632   -62.11744    0.00083
     462   0.633   -62.11744    0.00083
     463   0.633   -62.11744    0.00083
     464   0.633   -62.11744    0.00083
     465   0.645   -62.11742    0.00081
     466   0.647   -62.11742    0.00081
     467   0.647   -62.11742    0.00081    0.00323      23       4
     468   0.647   -62.11742    0.00081
     469   0.649   -62.11742    0.00081
     470   0.650   -62.11742    0.00080
     471   0.650   -62.11742    0.00080    0.00485      24       6
     472   0.650   -62.11742    0.00080
     473   0.650   -62.11742    0.00080
     474   0.652   -62.11741    0.00080
     475   0.654   -62.11741    0.00080
     476   0.631   -62.11745    0.00083
     477   0.684   -62.11736    0.00076    0.00152      25       2
     478   0.686   -62.11736    0.00076
     479   0.692   -62.11735    0.00075    0.00448      26       6
     480   0.692   -62.11735    0.00075
     481   0.693   -62.11735    0.00075
     482   0.694   -62.11735    0.00075
     483   0.695   -62.11734    0.00075
     484   0.697   -62.11734    0.00074
     485   0.709   -62.11732    0.00073    0.00572      27       8
     486   0.710   -62.11732    0.00073
     487   0.710   -62.11732    0.00073
     488   0.711   -62.11732    0.00073
     489   0.715   -62.11731    0.00072
     490   0.736   -62.11728    0.00070
     491   0.736   -62.11728    0.00070
     492   0.736   -62.11728    0.00070
     493   0.736   -62.11728    0.00070    0.01459      28      21
     494   0.736   -62.11728    0.00070
     495   0.736   -62.11728    0.00070
     496   0.736   -62.11728    0.00070
     497   0.736   -62.11728    0.00070
     498   0.736   -62.11728    0.00070
     499   0.736   -62.11728    0.00070
     500   0.736   -62.11728    0.00070
     501   0.736   -62.11728    0.00070
     502   0.736   -62.11728    0.00070
     503   0.736   -62.11728    0.00070
     504   0.737   -62.11728    0.00070
     505   0.737   -62.11728    0.00069
     506   0.737   -62.11728    0.00069
     507   0.737   -62.11728    0.00069
     508   0.738   -62.11728    0.00069
     509   0.738   -62.11728    0.00069
     510   0.738   -62.11728    0.00069
     511   0.736   -62.11728    0.00070
     512   0.738   -62.11728    0.00069
     513   0.741   -62.11727    0.00069
     514   0.736   -62.11728    0.00070    0.00208      29       3
     515   0.745   -62.11727    0.00069
     516   0.736   -62.11728    0.00070
     517   0.747   -62.11726    0.00068    0.00478      30       7
     518   0.747   -62.11726    0.00068
     519   0.747   -62.11726    0.00068
     520   0.747   -62.11726    0.00068
     521   0.747   -62.11726    0.00068
     522   0.747   -62.11726    0.00068
     523   0.748   -62.11726    0.00068
     524   0.771   -62.11722    0.00066    0.00851      31      13
     525   0.771   -62.11722    0.00066
     526   0.771   -62.11722    0.00066
     527   0.771   -62.11722    0.00066
     528   0.771   -62.11722    0.00066
     529   0.771   -62.11722    0.00066
     530   0.772   -62.11722    0.00065
     531   0.772   -62.11722    0.00065
     532   0.772   -62.11722    0.00065
     533   0.772   -62.11722    0.00065
     534   0.773   -62.11722    0.00065
     535   0.774   -62.11722    0.00065
     536   0.775   -62.11722    0.00065
     537   0.776   -62.11722    0.00065    0.00260      32       4
     538   0.776   -62.11721    0.00065
     539   0.778   -62.11721    0.00065
     540   0.778   -62.11721    0.00065
     541   0.778   -62.11721    0.00065    0.01228      33      19
     542   0.778   -62.11721    0.00065
     543   0.778   -62.11721    0.00065
     544   0.778   -62.11721    0.00065
     545   0.779   -62.11721    0.00065
     546   0.779   -62.11721    0.00065
     547   0.779   -62.11721    0.00065
     548   0.779   -62.11721    0.00065
     549   0.779   -62.11721    0.00065
     550   0.780   -62.11721    0.00065
     551   0.780   -62.11721    0.00065
     552   0.780   -62.11721    0.00065
     553   0.780   -62.11721    0.00065
     554   0.781   -62.11721    0.00065
     555   0.781   -62.11721    0.00065
     556   0.783   -62.11720    0.00064
     557   0.784   -62.11720    0.00064
     558   0.785   -62.11720    0.00064
     559   0.774   -62.11722    0.00065
     560   0.789   -62.11719    0.00064    0.00064      34       1
     561   0.793   -62.11719    0.00063    0.00821      35      13
     562   0.793   -62.11719    0.00063
     563   0.793   -62.11719    0.00063
     564   0.793   -62.11719    0.00063
     565   0.793   -62.11719    0.00063
     566   0.793   -62.11719    0.00063
     567   0.794   -62.11719    0.00063
     568   0.794   -62.11719    0.00063
     569   0.794   -62.11719    0.00063
     570   0.794   -62.11719    0.00063
     571   0.794   -62.11719    0.00063
     572   0.794   -62.11719    0.00063
     573   0.795   -62.11719    0.00063
     574   0.795   -62.11718    0.00063    0.00629      36      10
     575   0.795   -62.11718    0.00063
     576   0.795   -62.11719    0.00063
     577   0.795   -62.11718    0.00063
     578   0.796   -62.11718    0.00063
     579   0.796   -62.11718    0.00063
     580   0.796   -62.11718    0.00063
     581   0.797   -62.11718    0.00063
     582   0.799   -62.11718    0.00063
     583   0.799   -62.11718    0.00063
     584   0.797   -62.11718    0.00063    0.00063      37       1
     585   0.797   -62.11718    0.00063    0.00063      38       1
     586   0.816   -62.11715    0.00061    0.00061      39       1
     587   0.871   -62.11706    0.00055    0.00166      40       3
     588   0.872   -62.11706    0.00055
     589   0.873   -62.11706    0.00055
     590   0.875   -62.11706    0.00055    0.00275      41       5
     591   0.875   -62.11706    0.00055
     592   0.875   -62.11706    0.00055
     593   0.876   -62.11706    0.00055
     594   0.878   -62.11705    0.00055
     595   0.893   -62.11703    0.00053    0.00479      42       9
     596   0.894   -62.11703    0.00053
     597   0.895   -62.11703    0.00053
     598   0.895   -62.11703    0.00053
     599   0.895   -62.11703    0.00053
     600   0.895   -62.11703    0.00053
     601   0.895   -62.11703    0.00053
     602   0.896   -62.11702    0.00053
     603   0.896   -62.11702    0.00053
     604   0.925   -62.11698    0.00051    0.00051      43       1
     605   0.940   -62.11695    0.00049    0.00294      44       6
     606   0.940   -62.11695    0.00049
     607   0.941   -62.11695    0.00049
     608   0.942   -62.11695    0.00049
     609   0.942   -62.11695    0.00049
     610   0.962   -62.11692    0.00048
     611   0.973   -62.11690    0.00047    0.00140      45       3
     612   0.974   -62.11690    0.00047
     613   0.975   -62.11690    0.00047
     614   1.016   -62.11683    0.00043    0.01109      46      26
     615   1.016   -62.11683    0.00043
     616   1.016   -62.11683    0.00043
     617   1.016   -62.11683    0.00043
     618   1.017   -62.11683    0.00043
     619   1.017   -62.11683    0.00043
     620   1.019   -62.11683    0.00043
     621   1.019   -62.11683    0.00043
     622   1.019   -62.11683    0.00043
     623   1.020   -62.11683    0.00043
     624   1.020   -62.11683    0.00043
     625   1.023   -62.11682    0.00043
     626   1.024   -62.11682    0.00043
     627   1.024   -62.11682    0.00043
     628   1.026   -62.11682    0.00043
     629   1.033   -62.11681    0.00042
     630   1.033   -62.11681    0.00042
     631   1.034   -62.11680    0.00042
     632   1.035   -62.11680    0.00042
     633   1.035   -62.11680    0.00042
     634   1.036   -62.11680    0.00042
     635   1.036   -62.11680    0.00042
     636   1.036   -62.11680    0.00042
     637   1.038   -62.11680    0.00042
     638   1.038   -62.11680    0.00042
     639   1.041   -62.11679    0.00042
     640   1.043   -62.11679    0.00041    0.01747      47      43
     641   1.044   -62.11679    0.00041
     642   1.044   -62.11679    0.00041
     643   1.044   -62.11679    0.00041
     644   1.044   -62.11679    0.00041
     645   1.044   -62.11679    0.00041
     646   1.061   -62.11676    0.00040
     647   1.061   -62.11676    0.00040
     648   1.062   -62.11676    0.00040
     649   1.063   -62.11676    0.00040
     650   1.063   -62.11676    0.00040
     651   1.044   -62.11679    0.00041
     652   1.044   -62.11679    0.00041
     653   1.044   -62.11679    0.00041
     654   1.044   -62.11679    0.00041
     655   1.044   -62.11679    0.00041
     656   1.045   -62.11679    0.00041
     657   1.045   -62.11679    0.00041
     658   1.045   -62.11679    0.00041
     659   1.045   -62.11679    0.00041
     660   1.064   -62.11676    0.00040
     661   1.068   -62.11675    0.00040
     662   1.069   -62.11675    0.00040
     663   1.081   -62.11673    0.00039
     664   1.081   -62.11673    0.00039
     665   1.069   -62.11675    0.00040
     666   1.082   -62.11673    0.00039
     667   1.047   -62.11678    0.00041
     668   1.047   -62.11678    0.00041
     669   1.047   -62.11678    0.00041
     670   1.048   -62.11678    0.00041
     671   1.048   -62.11678    0.00041
     672   1.049   -62.11678    0.00041
     673   1.051   -62.11678    0.00041
     674   1.051   -62.11678    0.00041
     675   1.051   -62.11678    0.00041
     676   1.078   -62.11673    0.00039
     677   1.082   -62.11673    0.00039
     678   1.051   -62.11678    0.00041
     679   1.053   -62.11677    0.00041
     680   1.053   -62.11677    0.00041
     681   1.054   -62.11677    0.00041
     682   1.081   -62.11673    0.00039
     683   1.054   -62.11677    0.00041    0.00203      48       5
     684   1.055   -62.11677    0.00041
     685   1.055   -62.11677    0.00041
     686   1.056   -62.11677    0.00041
     687   1.056   -62.11677    0.00041
     688   1.056   -62.11677    0.00041    0.00243      49       6
     689   1.056   -62.11677    0.00041
     690   1.057   -62.11677    0.00041
     691   1.057   -62.11677    0.00040
     692   1.058   -62.11677    0.00040
     693   1.059   -62.11676    0.00040
     694   1.059   -62.11676    0.00040    0.00081      50       2
     695   1.060   -62.11676    0.00040
     696   1.083   -62.11673    0.00039    0.00039      51       1
     697   1.060   -62.11676    0.00040    0.00040      52       1
     698   1.061   -62.11676    0.00040    0.00114      53       3
     699   1.111   -62.11668    0.00037
     700   1.111   -62.11668    0.00037
     701   1.111   -62.11668    0.00037    0.00258      54       7
     702   1.111   -62.11668    0.00037
     703   1.111   -62.11668    0.00037
     704   1.112   -62.11668    0.00037
     705   1.115   -62.11668    0.00037
     706   1.111   -62.11668    0.00037
     707   1.116   -62.11667    0.00037
     708   1.111   -62.11668    0.00037    0.00109      55       3
     709   1.127   -62.11666    0.00036
     710   1.127   -62.11666    0.00036
     711   1.154   -62.11661    0.00034    0.00444      56      13
     712   1.154   -62.11661    0.00034
     713   1.154   -62.11661    0.00034
     714   1.154   -62.11661    0.00034
     715   1.155   -62.11661    0.00034
     716   1.156   -62.11661    0.00034
     717   1.157   -62.11661    0.00034
     718   1.157   -62.11661    0.00034
     719   1.159   -62.11661    0.00034
     720   1.161   -62.11660    0.00034
     721   1.161   -62.11660    0.00034
     722   1.166   -62.11659    0.00034
     723   1.172   -62.11658    0.00033
     724   1.181   -62.11657    0.00033    0.00066      57       2
     725   1.182   -62.11657    0.00033
     726   1.191   -62.11655    0.00032    0.00097      58       3
     727   1.192   -62.11655    0.00032
     728   1.192   -62.11655    0.00032
     729   1.192   -62.11655    0.00032    0.00258      59       8
     730   1.193   -62.11655    0.00032
     731   1.192   -62.11655    0.00032
     732   1.192   -62.11655    0.00032
     733   1.192   -62.11655    0.00032
     734   1.192   -62.11655    0.00032
     735   1.192   -62.11655    0.00032
     736   1.193   -62.11655    0.00032
     737   1.193   -62.11655    0.00032    0.00510      60      16
     738   1.200   -62.11654    0.00032
     739   1.201   -62.11654    0.00032
     740   1.194   -62.11655    0.00032
     741   1.202   -62.11654    0.00032
     742   1.194   -62.11655    0.00032
     743   1.201   -62.11654    0.00032
     744   1.195   -62.11655    0.00032
     745   1.204   -62.11653    0.00032
     746   1.205   -62.11653    0.00032
     747   1.208   -62.11653    0.00031
     748   1.195   -62.11655    0.00032
     749   1.196   -62.11655    0.00032
     750   1.196   -62.11655    0.00032
     751   1.196   -62.11655    0.00032
     752   1.201   -62.11654    0.00032
     753   1.198   -62.11654    0.00032    0.00350      61      11
     754   1.201   -62.11654    0.00032
     755   1.201   -62.11654    0.00032
     756   1.199   -62.11654    0.00032
     757   1.201   -62.11654    0.00032
     758   1.202   -62.11654    0.00032
     759   1.200   -62.11654    0.00032
     760   1.202   -62.11654    0.00032
     761   1.202   -62.11654    0.00032
     762   1.200   -62.11654    0.00032
     763   1.200   -62.11654    0.00032
     764   1.200   -62.11654    0.00032    0.00190      62       6
     765   1.202   -62.11654    0.00032
     766   1.206   -62.11653    0.00031
     767   1.200   -62.11654    0.00032
     768   1.209   -62.11653    0.00031
     769   1.207   -62.11653    0.00031
     770   1.208   -62.11653    0.00031    0.00031      63       1
     771   1.200   -62.11654    0.00032    0.00094      64       3
     772   1.210   -62.11652    0.00031
     773   1.223   -62.11650    0.00031
     774   1.219   -62.11651    0.00031    0.00031      65       1
     775   1.228   -62.11649    0.00030    0.00060      66       2
     776   1.234   -62.11648    0.00030
     777   1.252   -62.11646    0.00029    0.00058      67       2
     778   1.253   -62.11646    0.00029
     779   1.295   -62.11639    0.00027    0.00163      68       6
     780   1.295   -62.11639    0.00027
     781   1.295   -62.11639    0.00027
     782   1.295   -62.11639    0.00027
     783   1.296   -62.11639    0.00027
     784   1.296   -62.11639    0.00027
     785   1.331   -62.11633    0.00026    0.00051      69       2
     786   1.331   -62.11633    0.00026
     787   1.435   -62.11616    0.00021    0.00043      70       2
     788   1.435   -62.11616    0.00021
     789   1.445   -62.11615    0.00021    0.00084      71       4
     790   1.446   -62.11615    0.00021
     791   1.446   -62.11615    0.00021
     792   1.452   -62.11614    0.00021
     793   1.457   -62.11613    0.00021    0.00041      72       2
     794   1.460   -62.11612    0.00021
     795   1.458   -62.11613    0.00021    0.00061      73       3
     796   1.473   -62.11611    0.00020
     797   1.475   -62.11610    0.00020
     798   1.487   -62.11608    0.00020    0.00078      74       4
     799   1.487   -62.11608    0.00020
     800   1.498   -62.11606    0.00019
     801   1.501   -62.11606    0.00019
     802   1.469   -62.11611    0.00020    0.00040      75       2
     803   1.470   -62.11611    0.00020
     804   1.537   -62.11600    0.00018    0.00054      76       3
     805   1.537   -62.11600    0.00018
     806   1.537   -62.11600    0.00018
     807   1.581   -62.11593    0.00017    0.00299      77      18
     808   1.582   -62.11593    0.00017
     809   1.582   -62.11593    0.00017
     810   1.582   -62.11593    0.00017
     811   1.582   -62.11593    0.00017
     812   1.582   -62.11593    0.00017
     813   1.582   -62.11593    0.00017
     814   1.582   -62.11593    0.00017
     815   1.582   -62.11593    0.00017
     816   1.583   -62.11593    0.00017
     817   1.583   -62.11593    0.00017
     818   1.583   -62.11593    0.00017
     819   1.584   -62.11593    0.00017
     820   1.584   -62.11593    0.00017
     821   1.594   -62.11591    0.00016
     822   1.595   -62.11591    0.00016
     823   1.595   -62.11591    0.00016
     824   1.596   -62.11591    0.00016
     825   1.595   -62.11591    0.00016    0.00049      78       3
     826   1.600   -62.11590    0.00016
     827   1.600   -62.11590    0.00016
     828   1.601   -62.11590    0.00016    0.00032      79       2
     829   1.603   -62.11590    0.00016
     830   1.605   -62.11589    0.00016    0.00064      80       4
     831   1.602   -62.11590    0.00016
     832   1.609   -62.11589    0.00016
     833   1.611   -62.11588    0.00016
     834   1.606   -62.11589    0.00016    0.00016      81       1
     835   1.606   -62.11589    0.00016    0.00016      82       1
     836   1.612   -62.11588    0.00016    0.00016      83       1
     837   1.614   -62.11588    0.00016    0.00016      84       1
     838   1.615   -62.11588    0.00016    0.00016      85       1
     839   1.616   -62.11588    0.00016    0.00125      86       8
     840   1.616   -62.11588    0.00016
     841   1.617   -62.11588    0.00016
     842   1.619   -62.11587    0.00016
     843   1.625   -62.11586    0.00016
     844   1.620   -62.11587    0.00016
     845   1.621   -62.11587    0.00016
     846   1.625   -62.11586    0.00016
     847   1.621   -62.11587    0.00016    0.00031      87       2
     848   1.623   -62.11587    0.00016
     849   1.629   -62.11586    0.00015    0.00121      88       8
     850   1.629   -62.11586    0.00015
     851   1.631   -62.11585    0.00015
     852   1.633   -62.11585    0.00015
     853   1.634   -62.11585    0.00015
     854   1.659   -62.11581    0.00015
     855   1.637   -62.11584    0.00015
     856   1.659   -62.11581    0.00015
     857   1.638   -62.11584    0.00015    0.00030      89       2
     858   1.661   -62.11581    0.00015
     859   1.641   -62.11584    0.00015    0.00044      90       3
     860   1.661   -62.11581    0.00015
     861   1.686   -62.11576    0.00014
     862   1.695   -62.11575    0.00014    0.00041      91       3
     863   1.698   -62.11575    0.00014
     864   1.704   -62.11574    0.00014
     865   1.718   -62.11571    0.00013    0.00013      92       1
     866   1.718   -62.11571    0.00013    0.00053      93       4
     867   1.719   -62.11571    0.00013
     868   1.719   -62.11571    0.00013
     869   1.719   -62.11571    0.00013
     870   1.724   -62.11570    0.00013    0.00013      94       1
     871   1.773   -62.11563    0.00012    0.00048      95       4
     872   1.774   -62.11563    0.00012
     873   1.774   -62.11563    0.00012
     874   1.773   -62.11563    0.00012
     875   1.774   -62.11562    0.00012    0.00168      96      14
     876   1.774   -62.11562    0.00012
     877   1.775   -62.11562    0.00012
     878   1.773   -62.11563    0.00012
     879   1.775   -62.11562    0.00012
     880   1.775   -62.11562    0.00012
     881   1.777   -62.11562    0.00012
     882   1.778   -62.11562    0.00012
     883   1.778   -62.11562    0.00012
     884   1.773   -62.11563    0.00012
     885   1.779   -62.11562    0.00012
     886   1.779   -62.11562    0.00012
     887   1.780   -62.11562    0.00012
     888   1.780   -62.11562    0.00012
     889   1.780   -62.11561    0.00012    0.00048      97       4
     890   1.783   -62.11561    0.00012
     891   1.783   -62.11561    0.00012
     892   1.781   -62.11561    0.00012
     893   1.781   -62.11561    0.00012    0.00024      98       2
     894   1.782   -62.11561    0.00012
     895   1.786   -62.11561    0.00012    0.00024      99       2
     896   1.787   -62.11560    0.00012
     897   1.790   -62.11560    0.00012    0.00012     100       1
     898   1.816   -62.11556    0.00011    0.00056     101       5
     899   1.816   -62.11556    0.00011
     900   1.816   -62.11556    0.00011
     901   1.816   -62.11556    0.00011
     902   1.817   -62.11556    0.00011
     903   1.824   -62.11555    0.00011    0.00055     102       5
     904   1.824   -62.11555    0.00011
     905   1.824   -62.11555    0.00011
     906   1.825   -62.11554    0.00011
     907   1.826   -62.11554    0.00011
     908   1.828   -62.11554    0.00011    0.00022     103       2
     909   1.826   -62.11554    0.00011
     910   1.855   -62.11550    0.00011    0.00031     104       3
     911   1.857   -62.11549    0.00011
     912   1.862   -62.11548    0.00010
     913   1.912   -62.11541    0.00010    0.00057     105       6
     914   1.912   -62.11540    0.00010
     915   1.913   -62.11540    0.00010
     916   1.913   -62.11540    0.00010
     917   1.913   -62.11540    0.00010
     918   1.915   -62.11540    0.00010
     919   1.917   -62.11540    0.00010    0.00047     106       5
     920   1.917   -62.11540    0.00009
     921   1.919   -62.11539    0.00009
     922   1.924   -62.11539    0.00009
     923   1.927   -62.11538    0.00009
     924   1.926   -62.11538    0.00009    0.00009     107       1
     925   1.928   -62.11538    0.00009    0.00018     108       2
     926   1.943   -62.11536    0.00009
     927   2.000   -62.11526    0.00008    0.00033     109       4
     928   2.001   -62.11526    0.00008
     929   2.002   -62.11526    0.00008
     930   2.005   -62.11526    0.00008
     931   2.016   -62.11524    0.00008    0.00095     110      12
     932   2.017   -62.11524    0.00008
     933   2.018   -62.11524    0.00008
     934   2.018   -62.11524    0.00008
     935   2.018   -62.11524    0.00008
     936   2.022   -62.11523    0.00008
     937   2.023   -62.11523    0.00008
     938   2.024   -62.11523    0.00008
     939   2.025   -62.11523    0.00008
     940   2.025   -62.11522    0.00008
     941   2.026   -62.11522    0.00008
     942   2.035   -62.11521    0.00008
     943   2.031   -62.11522    0.00008    0.00023     111       3
     944   2.055   -62.11518    0.00008
     945   2.035   -62.11521    0.00008
     946   2.054   -62.11518    0.00008    0.00008     112       1
     947   2.060   -62.11517    0.00007    0.00022     113       3
     948   2.060   -62.11517    0.00007
     949   2.060   -62.11517    0.00007
     950   2.089   -62.11512    0.00007    0.00057     114       8
     951   2.089   -62.11512    0.00007
     952   2.089   -62.11512    0.00007
     953   2.089   -62.11512    0.00007
     954   2.089   -62.11512    0.00007
     955   2.089   -62.11512    0.00007
     956   2.091   -62.11512    0.00007
     957   2.091   -62.11512    0.00007
     958   2.130   -62.11506    0.00007    0.00013     115       2
     959   2.133   -62.11505    0.00007
     960   2.156   -62.11502    0.00006    0.00006     116       1
     961   2.176   -62.11498    0.00006    0.00006     117       1
     962   2.185   -62.11497    0.00006    0.00006     118       1
     963   2.190   -62.11496    0.00006    0.00018     119       3
     964   2.193   -62.11496    0.00006
     965   2.202   -62.11494    0.00006
     966   2.195   -62.11495    0.00006    0.00006     120       1
     967   2.242   -62.11488    0.00005    0.00005     121       1
     968   2.244   -62.11488    0.00005    0.00022     122       4
     969   2.244   -62.11488    0.00005
     970   2.245   -62.11487    0.00005
     971   2.246   -62.11487    0.00005
     972   2.296   -62.11479    0.00005    0.00005     123       1
     973   2.317   -62.11476    0.00005    0.00005     124       1
     974   2.329   -62.11474    0.00005    0.00005     125       1
     975   2.335   -62.11473    0.00005    0.00019     126       4
     976   2.335   -62.11473    0.00005
     977   2.336   -62.11473    0.00005
     978   2.337   -62.11473    0.00005
     979   2.342   -62.11472    0.00005    0.00042     127       9
     980   2.342   -62.11472    0.00005
     981   2.342   -62.11472    0.00005
     982   2.342   -62.11472    0.00005
     983   2.342   -62.11472    0.00005
     984   2.343   -62.11472    0.00005
     985   2.343   -62.11472    0.00005
     986   2.344   -62.11472    0.00005
     987   2.344   -62.11472    0.00005
     988   2.357   -62.11470    0.00005    0.00117     128      26
     989   2.357   -62.11470    0.00005
     990   2.357   -62.11470    0.00005
     991   2.357   -62.11470    0.00005
     992   2.357   -62.11470    0.00005
     993   2.357   -62.11470    0.00005
     994   2.357   -62.11470    0.00005
     995   2.357   -62.11470    0.00005
     996   2.357   -62.11470    0.00005
     997   2.357   -62.11470    0.00005
     998   2.357   -62.11470    0.00005
     999   2.358   -62.11469    0.00005
    1000   2.358   -62.11469    0.00005
    1001   2.358   -62.11469    0.00005
    1002   2.358   -62.11469    0.00005
    1003   2.359   -62.11469    0.00005
    1004   2.359   -62.11469    0.00005
    1005   2.359   -62.11469    0.00005
    1006   2.359   -62.11469    0.00005
    1007   2.359   -62.11469    0.00005
    1008   2.360   -62.11469    0.00005
    1009   2.360   -62.11469    0.00004
    1010   2.360   -62.11469    0.00004
    1011   2.360   -62.11469    0.00004
    1012   2.361   -62.11469    0.00004
    1013   2.364   -62.11468    0.00004
    1014   2.365   -62.11468    0.00004    0.00004     129       1
    1015   2.376   -62.11467    0.00004    0.00013     130       3
    1016   2.378   -62.11466    0.00004
    1017   2.379   -62.11466    0.00004
    1018   2.440   -62.11456    0.00004    0.00027     131       7
    1019   2.440   -62.11456    0.00004
    1020   2.441   -62.11456    0.00004
    1021   2.442   -62.11456    0.00004
    1022   2.442   -62.11456    0.00004
    1023   2.443   -62.11456    0.00004
    1024   2.443   -62.11456    0.00004
    1025   2.445   -62.11456    0.00004    0.00019     132       5
    1026   2.445   -62.11456    0.00004
    1027   2.445   -62.11456    0.00004
    1028   2.446   -62.11455    0.00004
    1029   2.449   -62.11455    0.00004
    1030   2.467   -62.11452    0.00004    0.00004     133       1
    1031   2.481   -62.11450    0.00004    0.00004     134       1
    1032   2.499   -62.11447    0.00004    0.00011     135       3
    1033   2.506   -62.11446    0.00004
    1034   2.506   -62.11446    0.00004
    1035   2.507   -62.11446    0.00004    0.00007     136       2
    1036   2.507   -62.11446    0.00004
    1037   2.508   -62.11446    0.00004    0.00021     137       6
    1038   2.508   -62.11446    0.00004
    1039   2.514   -62.11445    0.00003
    1040   2.529   -62.11442    0.00003
    1041   2.499   -62.11447    0.00004
    1042   2.506   -62.11446    0.00004
    1043   2.534   -62.11441    0.00003    0.00003     138       1
    1044   2.536   -62.11441    0.00003    0.00003     139       1
    1045   2.539   -62.11441    0.00003    0.00007     140       2
    1046   2.506   -62.11446    0.00004
    1047   2.541   -62.11440    0.00003    0.00013     141       4
    1048   2.541   -62.11440    0.00003
    1049   2.542   -62.11440    0.00003
    1050   2.547   -62.11439    0.00003
    1051   2.550   -62.11439    0.00003    0.00003     142       1
    1052   2.552   -62.11439    0.00003    0.00003     143       1
    1053   2.554   -62.11438    0.00003    0.00071     144      22
    1054   2.554   -62.11438    0.00003
    1055   2.554   -62.11438    0.00003
    1056   2.554   -62.11438    0.00003
    1057   2.555   -62.11438    0.00003
    1058   2.555   -62.11438    0.00003
    1059   2.555   -62.11438    0.00003
    1060   2.555   -62.11438    0.00003
    1061   2.555   -62.11438    0.00003
    1062   2.555   -62.11438    0.00003
    1063   2.555   -62.11438    0.00003
    1064   2.555   -62.11438    0.00003
    1065   2.556   -62.11438    0.00003
    1066   2.556   -62.11438    0.00003
    1067   2.556   -62.11438    0.00003
    1068   2.556   -62.11438    0.00003
    1069   2.556   -62.11438    0.00003
    1070   2.557   -62.11438    0.00003
    1071   2.557   -62.11438    0.00003
    1072   2.558   -62.11438    0.00003
    1073   2.558   -62.11438    0.00003
    1074   2.558   -62.11437    0.00003
    1075   2.562   -62.11437    0.00003    0.00003     145       1
    1076   2.568   -62.11436    0.00003    0.00003     146       1
    1077   2.581   -62.11434    0.00003    0.00022     147       7
    1078   2.581   -62.11434    0.00003
    1079   2.581   -62.11434    0.00003
    1080   2.582   -62.11434    0.00003
    1081   2.581   -62.11434    0.00003
    1082   2.581   -62.11434    0.00003
    1083   2.582   -62.11434    0.00003
    1084   2.582   -62.11434    0.00003    0.00003     148       1
    1085   2.596   -62.11431    0.00003    0.00003     149       1
    1086   2.608   -62.11430    0.00003    0.00006     150       2
    1087   2.610   -62.11429    0.00003
    1088   2.612   -62.11429    0.00003    0.00006     151       2
    1089   2.613   -62.11429    0.00003
    1090   2.619   -62.11428    0.00003    0.00015     152       5
    1091   2.619   -62.11428    0.00003
    1092   2.619   -62.11428    0.00003
    1093   2.620   -62.11428    0.00003
    1094   2.622   -62.11427    0.00003
    1095   2.662   -62.11421    0.00003    0.00005     153       2
    1096   2.665   -62.11420    0.00003
    1097   2.667   -62.11420    0.00003    0.00003     154       1
    1098   2.667   -62.11420    0.00003    0.00003     155       1
    1099   2.687   -62.11417    0.00003    0.00013     156       5
    1100   2.687   -62.11417    0.00003
    1101   2.687   -62.11417    0.00003
    1102   2.687   -62.11417    0.00003
    1103   2.688   -62.11417    0.00003
    1104   2.689   -62.11417    0.00003    0.00013     157       5
    1105   2.691   -62.11416    0.00003
    1106   2.695   -62.11416    0.00003
    1107   2.695   -62.11416    0.00003
    1108   2.693   -62.11416    0.00003
    1109   2.695   -62.11416    0.00003    0.00015     158       6
    1110   2.696   -62.11416    0.00003
    1111   2.693   -62.11416    0.00003
    1112   2.694   -62.11416    0.00003
    1113   2.698   -62.11415    0.00003
    1114   2.703   -62.11414    0.00003
    1115   2.701   -62.11415    0.00003    0.00005     159       2
    1116   2.706   -62.11414    0.00003
    1117   2.712   -62.11413    0.00002    0.00002     160       1
    1118   2.704   -62.11414    0.00003    0.00005     161       2
    1119   2.733   -62.11410    0.00002
    1120   2.727   -62.11411    0.00002    0.00002     162       1
    1121   2.751   -62.11407    0.00002    0.00005     163       2
    1122   2.752   -62.11407    0.00002
    1123   2.759   -62.11405    0.00002    0.00007     164       3
    1124   2.760   -62.11405    0.00002
    1125   2.760   -62.11405    0.00002
    1126   2.762   -62.11405    0.00002    0.00002     165       1
    1127   2.769   -62.11404    0.00002    0.00002     166       1
    1128   2.792   -62.11400    0.00002    0.00004     167       2
    1129   2.792   -62.11400    0.00002
    1130   2.802   -62.11399    0.00002    0.00002     168       1
    1131   2.802   -62.11399    0.00002    0.00004     169       2
    1132   2.805   -62.11398    0.00002
    1133   2.807   -62.11398    0.00002    0.00013     170       6
    1134   2.808   -62.11398    0.00002
    1135   2.806   -62.11398    0.00002
    1136   2.804   -62.11398    0.00002
    1137   2.806   -62.11398    0.00002
    1138   2.806   -62.11398    0.00002
    1139   2.806   -62.11398    0.00002    0.00002     171       1
    1140   2.807   -62.11398    0.00002    0.00002     172       1
    1141   2.831   -62.11394    0.00002    0.00002     173       1
    1142   2.842   -62.11392    0.00002    0.00004     174       2
    1143   2.843   -62.11392    0.00002
    1144   2.865   -62.11389    0.00002    0.00026     175      14
    1145   2.867   -62.11388    0.00002
    1146   2.868   -62.11388    0.00002
    1147   2.868   -62.11388    0.00002
    1148   2.868   -62.11388    0.00002
    1149   2.869   -62.11388    0.00002
    1150   2.869   -62.11388    0.00002
    1151   2.908   -62.11382    0.00002
    1152   2.909   -62.11382    0.00002
    1153   2.910   -62.11381    0.00002
    1154   2.911   -62.11381    0.00002
    1155   2.890   -62.11385    0.00002
    1156   2.893   -62.11384    0.00002
    1157   2.893   -62.11384    0.00002
    1158   2.894   -62.11384    0.00002    0.00002     176       1
    1159   2.908   -62.11382    0.00002    0.00005     177       3
    1160   2.908   -62.11382    0.00002
    1161   2.908   -62.11382    0.00002
    1162   2.945   -62.11376    0.00002    0.00002     178       1
    1163   2.954   -62.11374    0.00002    0.00003     179       2
    1164   2.957   -62.11374    0.00002
    1165   2.966   -62.11373    0.00002    0.00005     180       3
    1166   2.968   -62.11372    0.00002
    1167   2.969   -62.11372    0.00002
    1168   2.987   -62.11369    0.00002    0.00002     181       1
    1169   3.043   -62.11360    0.00001    0.00001     182       1
    1170   3.056   -62.11358    0.00001    0.00003     183       2
    1171   3.058   -62.11358    0.00001
    1172   3.062   -62.11357    0.00001    0.00004     184       3
    1173   3.064   -62.11357    0.00001
    1174   3.067   -62.11356    0.00001
    1175   3.067   -62.11356    0.00001    0.00001     185       1
    1176   3.093   -62.11352    0.00001    0.00005     186       4
    1177   3.094   -62.11352    0.00001
    1178   3.094   -62.11352    0.00001
    1179   3.097   -62.11352    0.00001
    1180   3.105   -62.11350    0.00001    0.00003     187       2
    1181   3.106   -62.11350    0.00001
    1182   3.114   -62.11349    0.00001    0.00004     188       3
    1183   3.114   -62.11349    0.00001
    1184   3.114   -62.11349    0.00001
    1185   3.115   -62.11349    0.00001    0.00003     189       2
    1186   3.116   -62.11349    0.00001
    1187   3.124   -62.11347    0.00001    0.00001     190       1
    1188   3.143   -62.11344    0.00001    0.00001     191       1
    1189   3.150   -62.11343    0.00001    0.00005     192       4
    1190   3.153   -62.11343    0.00001
    1191   3.153   -62.11343    0.00001
    1192   3.153   -62.11343    0.00001
    1193   3.154   -62.11343    0.00001    0.00005     193       4
    1194   3.153   -62.11343    0.00001
    1195   3.156   -62.11342    0.00001
    1196   3.168   -62.11340    0.00001
    1197   3.171   -62.11340    0.00001    0.00002     194       2
    1198   3.168   -62.11340    0.00001
    1199   3.175   -62.11339    0.00001    0.00007     195       6
    1200   3.177   -62.11339    0.00001
    1201   3.178   -62.11339    0.00001
    1202   3.178   -62.11339    0.00001
    1203   3.187   -62.11337    0.00001
    1204   3.178   -62.11339    0.00001
    1205   3.180   -62.11338    0.00001    0.00001     196       1
    1206   3.204   -62.11335    0.00001    0.00001     197       1
    1207   3.228   -62.11331    0.00001    0.00001     198       1
    1208   3.243   -62.11328    0.00001    0.00001     199       1
    1209   3.245   -62.11328    0.00001    0.00002     200       2
    1210   3.245   -62.11328    0.00001
    1211   3.261   -62.11325    0.00001    0.00001     201       1
    1212   3.264   -62.11325    0.00001    0.00003     202       3
    1213   3.264   -62.11325    0.00001
    1214   3.265   -62.11325    0.00001
    1215   3.269   -62.11324    0.00001    0.00003     203       3
    1216   3.269   -62.11324    0.00001
    1217   3.269   -62.11324    0.00001
    1218   3.298   -62.11320    0.00001    0.00004     204       4
    1219   3.298   -62.11320    0.00001
    1220   3.298   -62.11320    0.00001
    1221   3.298   -62.11320    0.00001
    1222   3.298   -62.11320    0.00001    0.00005     205       5
    1223   3.298   -62.11320    0.00001
    1224   3.300   -62.11319    0.00001
    1225   3.300   -62.11319    0.00001
    1226   3.301   -62.11319    0.00001
    1227   3.318   -62.11316    0.00001    0.00002     206       2
    1228   3.318   -62.11316    0.00001
    1229   3.340   -62.11313    0.00001    0.00002     207       2
    1230   3.343   -62.11312    0.00001
    1231   3.365   -62.11309    0.00001    0.00001     208       1
    1232   3.375   -62.11307    0.00001    0.00001     209       1
    1233   3.389   -62.11305    0.00001    0.00001     210       1
    1234   3.439   -62.11297    0.00001    0.00001     211       1
    1235   3.444   -62.11296    0.00001    0.00001     212       1
    1236   3.444   -62.11296    0.00001    0.00001     213       2
    1237   3.450   -62.11295    0.00001
    1238   3.448   -62.11296    0.00001    0.00001     214       1
    1239   3.462   -62.11294    0.00001    0.00002     215       3
    1240   3.462   -62.11294    0.00001
    1241   3.462   -62.11293    0.00001
    1242   3.463   -62.11293    0.00001    0.00003     216       4
    1243   3.464   -62.11293    0.00001
    1244   3.464   -62.11293    0.00001
    1245   3.464   -62.11293    0.00001
    1246   3.465   -62.11293    0.00001    0.00001     217       1
    1247   3.492   -62.11289    0.00001    0.00001     218       1
    1248   3.499   -62.11288    0.00001    0.00001     219       1
    1249   3.520   -62.11284    0.00001    0.00001     220       1
    1250   3.523   -62.11284    0.00001    0.00001     221       1
    1251   3.549   -62.11280    0.00001    0.00001     222       1
    1252   3.553   -62.11279    0.00001    0.00001     223       1
    1253   3.554   -62.11279    0.00001    0.00002     224       3
    1254   3.555   -62.11279    0.00001
    1255   3.555   -62.11279    0.00001
    1256   3.578   -62.11275    0.00001    0.00002     225       3
    1257   3.578   -62.11275    0.00001
    1258   3.578   -62.11275    0.00001
    1259   3.609   -62.11270    0.00001    0.00002     226       4
    1260   3.609   -62.11270    0.00001
    1261   3.610   -62.11270    0.00001
    1262   3.610   -62.11270    0.00001
    1263   3.630   -62.11267    0.00001    0.00003     227       5
    1264   3.631   -62.11267    0.00001
    1265   3.631   -62.11267    0.00001
    1266   3.631   -62.11267    0.00001
    1267   3.631   -62.11267    0.00001
    1268   3.641   -62.11265    0.00001    0.00001     228       1
    1269   3.657   -62.11262    0.00001    0.00001     229       1
    1270   3.659   -62.11262    0.00001    0.00001     230       2
    1271   3.661   -62.11262    0.00001
    1272   3.661   -62.11262    0.00001    0.00003     231       5
    1273   3.660   -62.11262    0.00001
    1274   3.662   -62.11262    0.00001
    1275   3.669   -62.11261    0.00000
    1276   3.662   -62.11262    0.00001
    1277   3.663   -62.11261    0.00000    0.00000     232       1
    1278   3.685   -62.11258    0.00000    0.00000     233       1
    1279   3.687   -62.11258    0.00000    0.00000     234       1
    1280   3.688   -62.11257    0.00000    0.00000     235       1
    1281   3.730   -62.11251    0.00000    0.00000     236       1
    1282   3.778   -62.11243    0.00000    0.00000     237       1
    1283   3.780   -62.11243    0.00000    0.00001     238       2
    1284   3.780   -62.11243    0.00000
    1285   3.782   -62.11243    0.00000    0.00000     239       1
    1286   3.784   -62.11242    0.00000    0.00001     240       2
    1287   3.784   -62.11242    0.00000
    1288   3.786   -62.11242    0.00000    0.00000     241       1
    1289   3.791   -62.11241    0.00000    0.00000     242       1
    1290   3.830   -62.11235    0.00000    0.00000     243       1
    1291   3.838   -62.11234    0.00000    0.00000     244       1
    1292   3.849   -62.11232    0.00000    0.00000     245       1
    1293   3.877   -62.11227    0.00000    0.00001     246       2
    1294   3.885   -62.11226    0.00000
    1295   3.878   -62.11227    0.00000    0.00000     247       1
    1296   3.888   -62.11226    0.00000    0.00002     248       5
    1297   3.888   -62.11226    0.00000
    1298   3.889   -62.11225    0.00000
    1299   3.904   -62.11223    0.00000
    1300   3.904   -62.11223    0.00000
    1301   3.904   -62.11223    0.00000    0.00008     249      24
    1302   3.904   -62.11223    0.00000
    1303   3.904   -62.11223    0.00000
    1304   3.905   -62.11223    0.00000
    1305   3.905   -62.11223    0.00000
    1306   3.905   -62.11223    0.00000
    1307   3.905   -62.11223    0.00000
    1308   3.905   -62.11223    0.00000
    1309   3.905   -62.11223    0.00000
    1310   3.905   -62.11223    0.00000
    1311   3.905   -62.11223    0.00000
    1312   3.905   -62.11223    0.00000
    1313   3.905   -62.11223    0.00000
    1314   3.906   -62.11223    0.00000
    1315   3.906   -62.11223    0.00000
    1316   3.906   -62.11223    0.00000
    1317   3.906   -62.11223    0.00000
    1318   3.907   -62.11223    0.00000
    1319   3.908   -62.11222    0.00000
    1320   3.908   -62.11222    0.00000
    1321   3.909   -62.11222    0.00000
    1322   3.909   -62.11222    0.00000
    1323   3.912   -62.11222    0.00000
    1324   3.904   -62.11223    0.00000
    1325   3.904   -62.11223    0.00000    0.00000     250       1
    1326   3.918   -62.11221    0.00000    0.00000     251       1
    1327   3.919   -62.11221    0.00000    0.00001     252       2
    1328   3.922   -62.11220    0.00000
    1329   3.979   -62.11211    0.00000    0.00000     253       1
    1330   4.005   -62.11207    0.00000    0.00000     254       1
    1331   4.054   -62.11199    0.00000    0.00001     255       2
    1332   4.054   -62.11199    0.00000
    1333   4.081   -62.11195    0.00000    0.00000     256       1
    1334   4.127   -62.11188    0.00000    0.00001     257       3
    1335   4.127   -62.11187    0.00000
    1336   4.129   -62.11187    0.00000
    1337   4.172   -62.11180    0.00000    0.00000     258       1
    1338   4.246   -62.11169    0.00000    0.00001     259       3
    1339   4.250   -62.11168    0.00000
    1340   4.252   -62.11168    0.00000
    1341   4.287   -62.11162    0.00000    0.00000     260       1
    1342   4.415   -62.11142    0.00000    0.00000     261       1
    1343   4.483   -62.11131    0.00000    0.00000     262       1
    1344   4.491   -62.11129    0.00000    0.00000     263       1
    1345   4.512   -62.11126    0.00000    0.00001     264       7
    1346   4.512   -62.11126    0.00000
    1347   4.512   -62.11126    0.00000
    1348   4.512   -62.11126    0.00000
    1349   4.512   -62.11126    0.00000
    1350   4.513   -62.11126    0.00000
    1351   4.513   -62.11126    0.00000
    1352   4.526   -62.11124    0.00000    0.00000     265       1
    1353   4.610   -62.11111    0.00000    0.00001     266       5
    1354   4.611   -62.11110    0.00000
    1355   4.612   -62.11110    0.00000
    1356   4.612   -62.11110    0.00000
    1357   4.613   -62.11110    0.00000
    1358   4.614   -62.11110    0.00000    0.00000     267       1
    1359   4.636   -62.11106    0.00000    0.00000     268       2
    1360   4.637   -62.11106    0.00000
    1361   4.668   -62.11101    0.00000    0.00000     269       1
    1362   4.689   -62.11098    0.00000    0.00000     270       2
    1363   4.690   -62.11098    0.00000
    1364   4.703   -62.11096    0.00000    0.00000     271       1
    1365   4.810   -62.11079    0.00000    0.00000     272       1
    1366   4.863   -62.11070    0.00000    0.00001     273      11
    1367   4.863   -62.11070    0.00000
    1368   4.863   -62.11070    0.00000
    1369   4.863   -62.11070    0.00000
    1370   4.863   -62.11070    0.00000
    1371   4.863   -62.11070    0.00000
    1372   4.863   -62.11070    0.00000
    1373   4.864   -62.11070    0.00000
    1374   4.864   -62.11070    0.00000
    1375   4.866   -62.11070    0.00000
    1376   4.867   -62.11070    0.00000
    1377   4.866   -62.11070    0.00000    0.00000     274       2
    1378   4.866   -62.11070    0.00000
    1379   4.921   -62.11061    0.00000    0.00000     275       1
    1380   4.995   -62.11049    0.00000    0.00000     276       2
    1381   5.006   -62.11047    0.00000
    1382   5.008   -62.11047    0.00000    0.00000     277       3
    1383   5.026   -62.11044    0.00000
    1384   5.006   -62.11047    0.00000
    1385   5.136   -62.11027    0.00000    0.00000     278       2
    1386   5.136   -62.11027    0.00000
    1387   5.193   -62.11018    0.00000    0.00000     279       1
    1388   5.237   -62.11011    0.00000    0.00000     280       1
    1389   5.288   -62.11003    0.00000    0.00000     281       1
    1390   5.388   -62.10987    0.00000    0.00000     282       1
    1391   5.465   -62.10974    0.00000    0.00000     283       2
    1392   5.465   -62.10974    0.00000
    1393   5.610   -62.10951    0.00000    0.00000     284       1
    1394   5.624   -62.10949    0.00000    0.00000     285       2
    1395   5.624   -62.10949    0.00000
    1396   5.636   -62.10947    0.00000    0.00000     286       1
    1397   5.775   -62.10925    0.00000    0.00000     287       2
    1398   5.782   -62.10924    0.00000
    1399   5.785   -62.10923    0.00000    0.00000     288       1
    1400   5.807   -62.10920    0.00000    0.00000     289       3
    1401   5.807   -62.10920    0.00000
    1402   5.807   -62.10920    0.00000
    1403   5.916   -62.10902    0.00000    0.00000     290       1
    1404   5.938   -62.10899    0.00000    0.00000     291       1
T /K                                  :   298.15
E lowest                              :   -62.11845
ensemble average energy (kcal)        :    0.344
ensemble entropy (J/mol K, cal/mol K) :   54.952   13.134
ensemble free energy (kcal/mol)       :   -3.916
population of lowest in %             :    6.711
 number of unique conformers for further calc          291
 list of relative energies saved as "crest.energies"

 -----------------
 Wall Time Summary
 -----------------
 CREST runtime (total)               0 d,  0 h, 13 min, 29.555 sec
 ------------------------------------------------------------------
 Trial metadynamics (MTD)   ...        0 min,  5.928 sec (  0.732%)
 Metadynamics (MTD)         ...        2 min,  2.192 sec ( 15.094%)
 Geometry optimization      ...       10 min, 24.835 sec ( 77.183%)
 Molecular dynamics (MD)    ...        0 min, 40.802 sec (  5.040%)
 Genetic crossing (GC)      ...        0 min, 14.389 sec (  1.777%)
 I/O and setup              ...        0 min,  1.409 sec (  0.174%)
 ------------------------------------------------------------------
 * wall-time:     0 d,  0 h, 13 min, 29.555 sec
 *  cpu-time:     0 d,  3 h, 19 min,  3.783 sec
 * ratio c/w:    14.754 speedup
 ------------------------------------------------------------------
 * Total number of energy+grad calls: 335841

 CREST terminated normally.
