  51
 Etot=         -62.1159618300
 O          7.6900871099        0.5014549590       -0.5112573556
 C         -3.8882665149       -1.2754054317        0.3434978387
 C         -5.3855518274       -1.3102810454        0.0027978436
 C         -6.0326544043        0.0600212248        0.1226937059
 C         -3.2124979515       -0.0308782928       -0.2239765545
 C         -5.3927356345        0.9848628595       -0.9007305368
 C         -3.8923832085        0.9666170216       -0.8069820964
 C         -3.2559961116       -2.5510872903       -0.2349033936
 C         -3.6919352328       -1.2744472873        1.8659126969
 C         -1.7629100339        0.0028521983       -0.0617904984
 C         -3.2461146722        2.1401123283       -1.4847185967
 C         -1.0731185973        1.0607469399        0.3976657577
 C          0.3549732587        1.1425292925        0.5893327774
 C          0.8523639658        2.2983684399        1.4142051264
 C          1.2179278444        0.2474042584        0.0456680391
 C          2.6359332690        0.2650114385        0.1885993335
 C          3.4402529852       -0.6497418158       -0.3929718458
 C          4.8816681497       -0.7231718107       -0.3111033755
 C          5.5532022349       -1.7026132529       -1.2341724444
 C          5.6079606877        0.0048333876        0.5518227425
 C          7.1028367502       -0.0646304554        0.6527481120
 H         -5.8835418448       -2.0261331218        0.6603049691
 H         -5.5082550898       -1.6602672966       -1.0251241667
 H         -5.8819087590        0.4607445462        1.1263479910
 H         -7.1082335395       -0.0124011750       -0.0516734204
 H         -5.7431478258        2.0110722698       -0.7598198647
 H         -5.6931430564        0.6798391384       -1.9095982676
 H         -3.8796287999       -3.4087609807        0.0107043698
 H         -3.1779098273       -2.4825064067       -1.3181682342
 H         -2.2675796021       -2.7323542135        0.1782331371
 H         -2.6328203489       -1.2272489163        2.1102578474
 H         -4.1794684756       -0.4140705872        2.3177914704
 H         -4.1098281616       -2.1793947400        2.3029356458
 H         -1.2368879725       -0.9159429229       -0.2750161957
 H         -2.1949423328        1.9602962296       -1.6912979205
 H         -3.3290348223        3.0352467403       -0.8674639708
 H         -3.7620869042        2.3436407790       -2.4232511888
 H         -1.6320381714        1.9371657774        0.6988753139
 H          1.3983814764        1.9397811388        2.2860341811
 H          1.5242399369        2.9278677050        0.8316522760
 H          0.0246880600        2.9117457337        1.7616386766
 H          0.8213963508       -0.5528384493       -0.5648617245
 H          3.0686708790        1.0563616090        0.7810311510
 H          2.9728567156       -1.4133289170       -1.0039561644
 H          6.4256257506       -1.2449298224       -1.6920635739
 H          4.8761823157       -2.0281843453       -2.0196045682
 H          5.8801109162       -2.5817981312       -0.6771147097
 H          5.1257854071        0.7016581796        1.2185819116
 H          7.4224896763       -1.1144127454        0.7551362818
 H          7.4383826376        0.4839026069        1.5435880852
 H          8.6480025541        0.4579423166       -0.4279408344
