  35
 Etot=         -52.9888905649
 S          2.3736384319       -1.4393619505       -1.0661692318
 O          2.0801397238        2.6177890845       -0.5451128562
 N          0.7183045301       -1.1190319795        0.8055182663
 N         -3.1741865809       -0.2692035787       -0.8925513535
 N         -2.8802268330        1.4819322855        0.6374728415
 N         -2.0908978245       -2.2821146753       -0.7401320157
 C          1.6334069158       -0.1099318277        0.9893094086
 C         -0.5111000745       -1.2751560605        1.5766777435
 C          2.6263264400       -0.1399146597        0.0500511856
 C          3.7188083360        0.8388724078       -0.1805405993
 C         -1.6216610492       -0.5230519120        0.8920415787
 C          0.9846580017       -1.8930565508       -0.2336003195
 C          1.5079377973        0.8651448541        2.1015635664
 C          3.1929148383        1.9729676358       -1.0994497655
 C         -2.3125115372       -1.0285666712       -0.2288893446
 C         -2.0000887106        0.7527568941        1.2897406827
 C         -3.4149028000        0.9601246338       -0.4630348243
 C         -4.3686310313        1.7935559248       -1.2356961937
 H         -0.3560964196       -0.8789938624        2.5802819167
 H         -0.7324751723       -2.3425454053        1.6486190424
 H          4.5642539130        0.3581804761       -0.6713661014
 H          4.0585387031        1.2631592740        0.7651817916
 H          0.3515141005       -2.7051859496       -0.5364633024
 H          1.3014467048        0.3661710024        3.0465692206
 H          2.4300308991        1.4264367089        2.2102398080
 H          0.7058654785        1.5710047836        1.8899510294
 H          2.8579778621        1.5385351613       -2.0459890096
 H          4.0109332491        2.6683019128       -1.3080752077
 H         -1.5863385572        1.2062954514        2.1822952484
 H         -1.9785069380       -3.0363995006       -0.0791130774
 H         -2.7364710109       -2.5013310960       -1.4877235475
 H          2.3640967382        3.3297888967        0.0379619203
 H         -4.0084473133        2.8171834485       -1.2869675165
 H         -4.5094785841        1.3797817252       -2.2288695500
 H         -5.3271895207        1.8075489163       -0.7185493919
  35
 Etot=         -52.9888905763
 S          2.3736411925       -1.4393579646       -1.0661675046
 O          2.0801424342        2.6177802068       -0.5451136247
 N          0.7183000032       -1.1190311784        0.8055228801
 N         -3.1741844686       -0.2692078287       -0.8925508980
 N         -2.8802276279        1.4819366050        0.6374737700
 N         -2.0908988983       -2.2821123338       -0.7401319445
 C          1.6334094626       -0.1099346625        0.9893057297
 C         -0.5111013718       -1.2751551950        1.5766774853
 C          2.6263332874       -0.1399104316        0.0500461970
 C          3.7187994845        0.8388702305       -0.1805309537
 C         -1.6216623527       -0.5230484349        0.8920408363
 C          0.9846563784       -1.8930621777       -0.2336026194
 C          1.5079368313        0.8651476034        2.1015678509
 C          3.1929125986        1.9729646435       -1.0994555918
 C         -2.3125116280       -1.0285664076       -0.2288896829
 C         -2.0000815670        0.7527511838        1.2897411358
 C         -3.4149022562        0.9601227364       -0.4630340825
 C         -4.3686333811        1.7935594175       -1.2356993049
 H         -0.3560959036       -0.8789941276        2.5802819935
 H         -0.7324751367       -2.3425469574        1.6486184948
 H          4.5642550514        0.3581810980       -0.6713681324
 H          4.0585380187        1.2631595492        0.7651813305
 H          0.3515151454       -2.7051856436       -0.5364628212
 H          1.3014492095        0.3661698584        3.0465699547
 H          2.4300293360        1.4264377877        2.2102395146
 H          0.7058636466        1.5710039751        1.8899523704
 H          2.8579775202        1.5385359428       -2.0459898011
 H          4.0109326557        2.6683029988       -1.3080749162
 H         -1.5863392414        1.2062954386        2.1822965389
 H         -1.9785067634       -3.0363998922       -0.0791133373
 H         -2.7364698467       -2.5013304963       -1.4877237958
 H          2.3640930135        3.3297935007        0.0379605661
 H         -4.0084466653        2.8171839875       -1.2869676285
 H         -4.5094774066        1.3797834075       -2.2288680155
 H         -5.3271880483        1.8075493587       -0.7185499511
