  51
 Etot=         -95.3180218855
 O         -5.5238618735        2.4517958136       -1.2887308314
 O         -2.6603634034       -1.3993149383       -2.4803739754
 O         -3.8672859820        2.2833680969        0.1973157841
 O         -4.7117483369        0.3220173953        2.2522294616
 O         -6.5230428694        1.2327448849        1.3253014535
 O          2.7773227226        1.6569523110        2.1332317832
 N         -3.1496623565       -0.1664996611       -0.6632729192
 N          2.2288889010       -3.0464630594        1.2869008278
 N          3.5989541357       -0.7593436150        0.8571220131
 N          5.3966887953       -0.4786944128       -1.2428606203
 N          4.0467604294        2.8056800866        0.6573076723
 N          5.3695145265        1.8142825273       -1.0113133204
 N          5.3779725225        4.0783627612       -0.7591900411
 C         -4.3303955970        0.4119433507       -1.2478388762
 C         -5.5833323852       -0.4552986345       -0.9922845143
 C         -5.7017314521       -0.8725534897        0.4773723390
 C         -2.3697116955       -1.0435141114       -1.3513280717
 C         -1.1756013267       -1.5332300885       -0.6258833595
 C         -4.5301498072        1.8084048437       -0.6890537101
 C          1.1423506380       -2.5154592567        0.6221782621
 C          3.5116161795       -3.1544098958        0.6360311623
 C         -0.1168340081       -2.0419096027       -1.3746151776
 C         -1.0673912474       -1.5398122018        0.7651384677
 C          1.0267098193       -2.5165588013       -0.7705003334
 C          0.0680545723       -2.0238787519        1.3729724676
 C         -5.7204298236        0.3386703208        1.3785579244
 C          4.0488422824       -1.8111442749        0.2000553537
 C          4.0250736137        0.4418494743        0.4793348345
 C          4.9616415223       -1.6530454785       -0.8546704052
 C          4.9347803008        0.5989061013       -0.5938202504
 C          3.5320437402        1.6216675143        1.1928299085
 C          4.9262784816        2.8600688069       -0.3922217472
 H         -4.1878208500        0.4828299555       -2.3346900265
 H         -6.4650448181        0.1099723520       -1.2945882758
 H         -5.5040065771       -1.3517608446       -1.6070401571
 H         -4.8660050680       -1.5110007868        0.7619094710
 H         -6.6363768605       -1.4184940080        0.6154490588
 H         -2.8308982130        0.2516411501        0.1978037044
 H          3.4357402149       -3.8223213252       -0.2267740926
 H          4.2121564616       -3.6099534499        1.3437271979
 H         -0.2089369541       -2.0477910592       -2.4504670855
 H         -1.8783557711       -1.1858337612        1.3852423819
 H          2.2972152815       -2.7121198142        2.2384320721
 H          1.8304154048       -2.8852881929       -1.3885695516
 H          0.1425491679       -2.0224157877        2.4509020581
 H          5.3473499207       -2.5068611316       -1.3973954924
 H         -5.6911059945        3.3065656349       -0.8601696006
 H          3.7447767099        3.6590181885        1.1138345761
 H         -4.6929960204        1.1378686108        2.7781792424
 H          5.9391455660        4.1107074202       -1.5925413484
 H          4.9121309316        4.9155457582       -0.4577134090
  51
 Etot=         -95.3180218902
 O         -5.5238634983        2.4517959347       -1.2887303230
 O         -2.6603660556       -1.3993130149       -2.4803914120
 O         -3.8672913492        2.2833684469        0.1973159014
 O         -4.7117512448        0.3220123099        2.2522235707
 O         -6.5230544149        1.2327547405        1.3253049375
 O          2.7773207339        1.6569512241        2.1332324051
 N         -3.1496496586       -0.1665161482       -0.6632782311
 N          2.2288885370       -3.0464703890        1.2869034053
 N          3.5989630697       -0.7593390019        0.8571131126
 N          5.3966929980       -0.4786904585       -1.2428670082
 N          4.0467637319        2.8056814240        0.6573006225
 N          5.3695198873        1.8142901360       -1.0113178062
 N          5.3779670928        4.0783624500       -0.7591954664
 C         -4.3303860393        0.4119457097       -1.2478303664
 C         -5.5833357506       -0.4552948990       -0.9922884495
 C         -5.7017214048       -0.8725561817        0.4773697741
 C         -2.3697136163       -1.0435028166       -1.3513006564
 C         -1.1756075466       -1.5332270047       -0.6258800756
 C         -4.5301474654        1.8084103017       -0.6890515150
 C          1.1423483822       -2.5154521685        0.6221772301
 C          3.5116178907       -3.1544089758        0.6360251171
 C         -0.1168403779       -2.0419076992       -1.3746171660
 C         -1.0673918537       -1.5398042132        0.7651364808
 C          1.0267142114       -2.5165473183       -0.7704900252
 C          0.0680609567       -2.0238788168        1.3729730656
 C         -5.7204256126        0.3386659579        1.3785597178
 C          4.0488378876       -1.8111417585        0.2000581495
 C          4.0250685827        0.4418356439        0.4793330241
 C          4.9616470389       -1.6530682438       -0.8546615094
 C          4.9347659742        0.5988982430       -0.5938115907
 C          3.5320544032        1.6216627001        1.1928330564
 C          4.9262764199        2.8600802744       -0.3922176675
 H         -4.1878191822        0.4828347743       -2.3346981821
 H         -6.4650445045        0.1099688920       -1.2945895549
 H         -5.5040080548       -1.3517688574       -1.6070462297
 H         -4.8660015713       -1.5110089613        0.7619065511
 H         -6.6363902705       -1.4185002993        0.6154433977
 H         -2.8308988903        0.2516446335        0.1978079657
 H          3.4357405525       -3.8223180860       -0.2267709091
 H          4.2121574654       -3.6099539244        1.3437260442
 H         -0.2089383797       -2.0477935251       -2.4504649077
 H         -1.8783512884       -1.1858314568        1.3852431288
 H          2.2972155404       -2.7121174318        2.2384330209
 H          1.8304190899       -2.8852997232       -1.3885727693
 H          0.1425513887       -2.0224140791        2.4509028745
 H          5.3473452553       -2.5068587724       -1.3973957488
 H         -5.6911104269        3.3065717600       -0.8601649933
 H          3.7447771201        3.6590201999        1.1138346669
 H         -4.6929978682        1.1378708459        2.7781822526
 H          5.9391434360        4.1107062557       -1.5925413753
 H          4.9121322291        4.9155442906       -0.4577132495
