  47
 Etot=         -82.7681557598
 O          2.8926184344        1.4690845901       -1.5953011479
 O          0.9184179670        0.3575250102        1.2947132384
 O          2.5875468519        2.4974485434        1.7617108589
 O          4.6498520240        2.6123179607        0.1263188531
 O         -1.9364596161       -4.1660377651        1.1585473422
 O          2.1243408338       -3.9996134581       -0.8248481210
 N         -0.3418147100       -0.1809584672       -0.9394090706
 N         -2.3468599743       -1.4520515125        0.5130222346
 N          0.9070863571       -2.1008705564       -0.9117570544
 N          0.0899782710       -4.0369882233        0.1639377057
 C          1.7550069339        1.2244382836       -0.7987301946
 C          0.7525560910        0.4231426256       -1.6618465739
 C          2.0927866304        0.4941938692        0.5258942302
 C          3.1194131208        1.2373661880        1.4200356898
 C         -1.4549760379        0.5237206368       -0.5662829919
 C         -0.1903531550       -1.4854741040       -0.5689597316
 C         -2.4669095169       -0.1546903061        0.1635213576
 C         -1.6482931329        1.8742001046       -0.8658139317
 C         -1.2745673090       -2.0885726817        0.1728360773
 C          4.5426346443        1.4152781767        0.8504811130
 C         -2.7924191331        2.5426049878       -0.4777347415
 C         -3.6245546987        0.5384472173        0.5472445835
 C         -3.8035834268        1.8651563166        0.2402666577
 C         -1.1129756891       -3.5148068900        0.5619190367
 C         -2.9582974010        3.9888804325       -0.8156692029
 C         -5.0454706510        2.5843817619        0.6615051236
 C          1.1147049662       -3.3942556356       -0.5566115014
 H          1.3503430356        2.2121888698       -0.5484018663
 H          0.3655888232        1.0660839695       -2.4552431422
 H          1.2998101205       -0.4132316157       -2.1093013195
 H          2.4519484095       -0.5165094572        0.2999636858
 H          3.1817097553        0.6382795923        2.3395088625
 H         -0.8939823010        2.4234453229       -1.4064691270
 H          5.2425390596        1.5137816435        1.6835689979
 H          4.8278027058        0.5418093382        0.2538742600
 H         -4.3671506048       -0.0165971544        1.0980395014
 H          3.2616316720        0.6200923324       -1.8725913170
 H          0.8378340781        1.1644023379        1.8243878211
 H          3.1467627213        3.1544728565        1.3107414222
 H         -3.0716521295        4.5801249542        0.0919719292
 H         -2.1013947046        4.3632193450       -1.3689153851
 H         -3.8536530779        4.1384625163       -1.4175204394
 H         -5.7096197189        1.9139907969        1.1988962510
 H         -4.8012804927        3.4250291883        1.3095338755
 H         -5.5749387034        2.9774385829       -0.2054166613
 H          0.2701049523       -5.0047831904        0.4093720009
 H          4.1401679636        2.5069536034       -0.6964081786
  47
 Etot=         -82.7681557469
 O          2.8926185945        1.4690846677       -1.5952989317
 O          0.9184196442        0.3575282524        1.2947153186
 O          2.5875452745        2.4974475304        1.7617111749
 O          4.6498513475        2.6123183265        0.1263192274
 O         -1.9364559808       -4.1660345839        1.1585467195
 O          2.1243298334       -3.9996091581       -0.8248482688
 N         -0.3418120852       -0.1809579384       -0.9394096027
 N         -2.3468610565       -1.4520499052        0.5130212995
 N          0.9070892484       -2.1008742430       -0.9117565087
 N          0.0899772555       -4.0369866348        0.1639355217
 C          1.7550049677        1.2244379387       -0.7987293011
 C          0.7525564425        0.4231438283       -1.6618464320
 C          2.0927895478        0.4941924538        0.5258950633
 C          3.1194135385        1.2373666182        1.4200352609
 C         -1.4549789029        0.5237214850       -0.5662826351
 C         -0.1903543495       -1.4854754558       -0.5689621883
 C         -2.4669092382       -0.1546906312        0.1635254034
 C         -1.6482919350        1.8741990894       -0.8658159859
 C         -1.2745684716       -2.0885722525        0.1728385769
 C          4.5426366933        1.4152776904        0.8504827839
 C         -2.7924217206        2.5426037999       -0.4777362488
 C         -3.6245531506        0.5384489121        0.5472460628
 C         -3.8035865476        1.8651572622        0.2402688946
 C         -1.1129756276       -3.5148101276        0.5619196047
 C         -2.9582979265        3.9888814210       -0.8156693912
 C         -5.0454683437        2.5843799194        0.6615042468
 C          1.1147109161       -3.3942605021       -0.5566138271
 H          1.3503431498        2.2121890254       -0.5484011738
 H          0.3655884658        1.0660842540       -2.4552439541
 H          1.2998100318       -0.4132325818       -2.1093001823
 H          2.4519491688       -0.5165076704        0.2999637265
 H          3.1817105971        0.6382788850        2.3395095432
 H         -0.8939821788        2.4234454652       -1.4064683073
 H          5.2425394546        1.5137812822        1.6835682795
 H          4.8278029911        0.5418100456        0.2538745826
 H         -4.3671498519       -0.0165966583        1.0980388409
 H          3.2616316590        0.6200933664       -1.8725916653
 H          0.8378339035        1.1643991102        1.8243864865
 H          3.1467634435        3.1544735251        1.3107416476
 H         -3.0716527297        4.5801260261        0.0919701670
 H         -2.1013956755        4.3632189692       -1.3689170471
 H         -3.8536534556        4.1384612202       -1.4175214269
 H         -5.7096194321        1.9139908721        1.1988968172
 H         -4.8012802333        3.4250310364        1.3095328969
 H         -5.5749386762        2.9774371860       -0.2054164717
 H          0.2701042508       -5.0047845714        0.4093709964
 H          4.1401673881        2.5069543871       -0.6964085830
  47
 Etot=         -82.7681557609
 O          2.8926187547        1.4690847454       -1.5952967155
 O          0.9184213214        0.3575314946        1.2947173988
 O          2.5875436970        2.4974465175        1.7617114909
 O          4.6498506709        2.6123186924        0.1263196017
 O         -1.9364523456       -4.1660314027        1.1585460968
 O          2.1243188330       -3.9996048582       -0.8248484166
 N         -0.3418094605       -0.1809574096       -0.9394101348
 N         -2.3468621388       -1.4520482979        0.5130203644
 N          0.9070921397       -2.1008779296       -0.9117559629
 N          0.0899762400       -4.0369850464        0.1639333376
 C          1.7550030015        1.2244375939       -0.7987284075
 C          0.7525567940        0.4231450309       -1.6618462902
 C          2.0927924651        0.4941910383        0.5258958965
 C          3.1194139563        1.2373670483        1.4200348320
 C         -1.4549817679        0.5237223332       -0.5662822782
 C         -0.1903555440       -1.4854768077       -0.5689646450
 C         -2.4669089594       -0.1546909563        0.1635294491
 C         -1.6482907371        1.8741980742       -0.8658180401
 C         -1.2745696341       -2.0885718233        0.1728410765
 C          4.5426387424        1.4152772041        0.8504844548
 C         -2.7924243081        2.5426026120       -0.4777377562
 C         -3.6245516026        0.5384506070        0.5472475421
 C         -3.8035896684        1.8651582079        0.2402711315
 C         -1.1129755660       -3.5148133652        0.5619201727
 C         -2.9582984520        3.9888824095       -0.8156695795
 C         -5.0454660365        2.5843780770        0.6615033700
 C          1.1147168659       -3.3942653686       -0.5566161528
 H          1.3503432641        2.2121891809       -0.5484004812
 H          0.3655881083        1.0660845385       -2.4552447659
 H          1.2998099430       -0.4132335480       -2.1092990451
 H          2.4519499282       -0.5165058837        0.2999637672
 H          3.1817114388        0.6382781778        2.3395102239
 H         -0.8939820567        2.4234456075       -1.4064674876
 H          5.2425398496        1.5137809209        1.6835675612
 H          4.8278032765        0.5418107530        0.2538749051
 H         -4.3671490991       -0.0165961621        1.0980381804
 H          3.2616316460        0.6200944003       -1.8725920135
 H          0.8378337289        1.1643958826        1.8243851518
 H          3.1467641657        3.1544741937        1.3107418730
 H         -3.0716533300        4.5801270980        0.0919684047
 H         -2.1013966463        4.3632185935       -1.3689187092
 H         -3.8536538333        4.1384599241       -1.4175224144
 H         -5.7096191453        1.9139909473        1.1988973833
 H         -4.8012799740        3.4250328844        1.3095319183
 H         -5.5749386491        2.9774357891       -0.2054162822
 H          0.2701035493       -5.0047859523        0.4093699919
 H          4.1401668127        2.5069551709       -0.6964089874
