  20
 Etot=         -41.3188340281
 O         -0.0644463766        1.1293595903       -0.4565552031
 O         -1.0044167218       -0.3768428311        1.8056612714
 O          0.7225579358       -2.3645065988       -0.4814301460
 O         -3.3443956948        0.3049709277       -0.9393658661
 O          3.0726991256       -0.4781179771        0.1677179861
 O          1.8598814544        2.1978788271        0.0762949575
 C         -0.4898077838       -0.2199255532       -0.5691171767
 C         -1.5460384593       -0.5298334715        0.5265102677
 C          0.7597786279       -1.0301331239       -0.3831557876
 C         -2.7903889953        0.3665997875        0.3460535882
 C          1.7710931158       -0.1895431579       -0.0994970433
 C          1.2566106039        1.1786367840       -0.1347542868
 H         -0.9406449750       -0.3828863903       -1.5543798773
 H         -1.8175592016       -1.5848435397        0.4295756065
 H         -3.5630634678        0.0188673576        1.0363087451
 H         -2.5181862235        1.3966296556        0.6135356022
 H         -0.7821023725        0.5535681788        1.9433569528
 H          1.5918044739       -2.7243081090       -0.2573296287
 H         -2.8324934402        0.8647912941       -1.5331422627
 H          3.5273399481        0.3613808542        0.3279181708
