
       ╔════════════════════════════════════════════════╗
       ║                                                ║
       ║     ██████╗██████╗ ███████╗███████╗████████╗   ║
       ║    ██╔════╝██╔══██╗██╔════╝██╔════╝╚══██╔══╝   ║
       ║    ██║     ██████╔╝█████╗  ███████╗   ██║      ║
       ║    ██║     ██╔══██╗██╔══╝  ╚════██║   ██║      ║
       ║    ╚██████╗██║  ██║███████╗███████║   ██║      ║
       ║     ╚═════╝╚═╝  ╚═╝╚══════╝╚══════╝   ╚═╝      ║
       ║                                                ║
       ║    Conformer-Rotamer Ensemble Sampling Tool    ║
       ║            based on the xTB methods            ║
       ║                                                ║
       ╚════════════════════════════════════════════════╝
        Version 3.0.2, Mon, 29 September 16:25:59, 09/29/2025
        commit (c39758d) compiled by 'andrey@PC1'

   Cite work conducted with this code as

   • P.Pracht, F.Bohle, S.Grimme, PCCP, 2020, 22, 7169-7192.
   • S.Grimme, JCTC, 2019, 15, 2847-2862.
   • P.Pracht, S.Grimme, C.Bannwarth, F.Bohle, S.Ehlert,
     G.Feldmann, J.Gorges, M.Müller, T.Neudecker, C.Plett,
     S.Spicher, P.Steinbach, P.Wesołowski, F.Zeller,
     J. Chem. Phys., 2024, 160, 114110.

   for works involving QCG cite

   • S.Spicher, C.Plett, P.Pracht, A.Hansen, S.Grimme,
     JCTC, 2022, 18 (5), 3174-3189.
   • C.Plett, S. Grimme,
     Angew. Chem. Int. Ed. 2023, 62, e202214477.

   for works involving MECP screening cite

   • P.Pracht, C.Bannwarth, JCTC, 2022, 18 (10), 6370-6385.

   Original code
     P.Pracht, S.Grimme, Universität Bonn, MCTC
   with help from (alphabetical order):
     C.Bannwarth, F.Bohle, S.Ehlert, G.Feldmann, J.Gorges,
     S.Grimme, C.Plett, P.Pracht, S.Spicher, P.Steinbach,
     P.Wesolowski, F.Zeller

   Online documentation is available at
   https://crest-lab.github.io/crest-docs/

   This program is distributed in the hope that it will be useful,
   but WITHOUT ANY WARRANTY; without even the implied warranty of
   MERCHANTABILITY or FITNESS FOR A PARTICULAR PURPOSE. See the
   GNU Lesser General Public License (LGPL) for more details.

 Command line input:
 $ ./crest m1_00_Vitamin_C-uni_conformers-CLUST_4_gfn2_opt.xyz --T 16 --gfn2

  --T 16 (CPUs/Threads selected)
  --gfn2               : Use of GFN2-xTB requested.

> Setting up backup calculator ... done.
 ----------------
 Calculation info
 ----------------
> User-defined calculation level:
 : xTB calculation via tblite lib
 : GFN2-xTB level
 :   Molecular charge    : 0
 :   Fermi temperature   : 300.00000
 :   Accuracy            : 1.00000
 :   max SCC cycles      : 500


 -----------------------------
 Initial Geometry Optimization
 -----------------------------
 Geometry successfully optimized.

          ┍━━━━━━━━━━━━━━━━━━━━━━━━━━━━━━━━━━━━━━━━━━━━━━━━━┑
          │              CREST iMTD-GC SAMPLING             │
          ┕━━━━━━━━━━━━━━━━━━━━━━━━━━━━━━━━━━━━━━━━━━━━━━━━━┙

 Input structure:
  20

 O          0.1439501057        1.1754890987       -0.6191297711
 O         -1.2998331588       -0.5700519221        1.3729727293
 O          0.7766024842       -2.3473393969       -0.4879166782
 O         -3.9109708355        0.2626131095        0.1317969815
 O          3.0820757847       -0.4690513521        0.5547505128
 O          1.9532504224        2.2225794966        0.2073108540
 C         -0.2918548371       -0.1505752452       -0.8219230719
 C         -1.5741076250       -0.4607919929        0.0056829141
 C          0.8788968029       -0.9933664509       -0.4037404509
 C         -2.6081208865        0.6615009648       -0.1852456359
 C          1.8518589773       -0.1947679296        0.0596247220
 C          1.3885855837        1.2106874106       -0.0744228208
 H         -0.5266183002       -0.2830216242       -1.8858554880
 H         -1.9805367659       -1.4083247453       -0.3858383948
 H         -2.3610458426        1.4687319757        0.5047868764
 H         -2.5454480514        1.0373196320       -1.2150732670
 H         -0.8342309323       -1.3944873984        1.5521579977
 H          1.6324917667       -2.7680584685       -0.3406144714
 H         -4.1791161189       -0.4601172060       -0.4472913423
 H          3.1947164598       -1.4113058299        0.7293333984

 ------------------------------------------------
 Generating MTD length from a flexibility measure
 ------------------------------------------------
 Calculating GFN0-xTB WBOs   ... done.
 Calculating NCI flexibility ... done.
     covalent flexibility measure :   0.317
 non-covalent flexibility measure :   0.802
 flexibility measure :   0.384
 t(MTD) / ps    :     5.0
 Σ(t(MTD)) / ps :    70.0 (14 MTDs)

 -----------------------------------
 Starting trial MTD to test settings
 -----------------------------------
 Trial MTD 1 runtime (1.0 ps) ...        0 min,  1.440 sec
 Estimated runtime for one MTD (5.0 ps) on a single thread: 7 sec
 Estimated runtime for a batch of 14 MTDs on 16 threads: 7 sec

********************************************************************************
**                    N E W   I T E R A T I O N  C Y C L E                    **
********************************************************************************

 ------------------------------
 Meta-Dynamics Iteration 1
 ------------------------------
 list of applied metadynamics Vbias parameters:
$metadyn    0.06000   1.300
$metadyn    0.03000   1.300
$metadyn    0.01500   1.300
$metadyn    0.06000   0.780
$metadyn    0.03000   0.780
$metadyn    0.01500   0.780
$metadyn    0.06000   0.468
$metadyn    0.03000   0.468
$metadyn    0.01500   0.468
$metadyn    0.06000   0.281
$metadyn    0.03000   0.281
$metadyn    0.01500   0.281
$metadyn    0.02000   0.100
$metadyn    0.10000   0.800

  ::::::::::::: starting MTD    9 :::::::::::::
  |   MD simulation time   :     5.0 ps       |
  |   target T             :   300.0 K        |
  |   timestep dt          :     5.0 fs       |
  |   dump interval(trj)   :   100.0 fs       |
  |   SHAKE algorithm      : true (all bonds) |
  |   dump interval(Vbias) :    1.00 ps       |
  |   Vbias prefactor (k)  :  0.0150 Eh       |
  |   Vbias exponent (α)   :  0.4680 bohr⁻²   |
  ::::::::::::: starting MTD    1 :::::::::::::
  |   MD simulation time   :     5.0 ps       |
  |   target T             :   300.0 K        |
  |   timestep dt          :     5.0 fs       |
  |   dump interval(trj)   :   100.0 fs       |
  |   SHAKE algorithm      : true (all bonds) |
  |   dump interval(Vbias) :    1.00 ps       |
  |   Vbias prefactor (k)  :  0.0600 Eh       |
  |   Vbias exponent (α)   :  1.3000 bohr⁻²   |
  ::::::::::::: starting MTD   14 :::::::::::::
  |   MD simulation time   :     5.0 ps       |
  |   target T             :   300.0 K        |
  |   timestep dt          :     5.0 fs       |
  |   dump interval(trj)   :   100.0 fs       |
  |   SHAKE algorithm      : true (all bonds) |
  |   dump interval(Vbias) :    1.00 ps       |
  |   Vbias prefactor (k)  :  0.1000 Eh       |
  |   Vbias exponent (α)   :  0.8000 bohr⁻²   |
  ::::::::::::: starting MTD    7 :::::::::::::
  |   MD simulation time   :     5.0 ps       |
  |   target T             :   300.0 K        |
  |   timestep dt          :     5.0 fs       |
  |   dump interval(trj)   :   100.0 fs       |
  |   SHAKE algorithm      : true (all bonds) |
  |   dump interval(Vbias) :    1.00 ps       |
  |   Vbias prefactor (k)  :  0.0600 Eh       |
  |   Vbias exponent (α)   :  0.4680 bohr⁻²   |
  ::::::::::::: starting MTD    6 :::::::::::::
  |   MD simulation time   :     5.0 ps       |
  |   target T             :   300.0 K        |
  |   timestep dt          :     5.0 fs       |
  |   dump interval(trj)   :   100.0 fs       |
  |   SHAKE algorithm      : true (all bonds) |
  |   dump interval(Vbias) :    1.00 ps       |
  |   Vbias prefactor (k)  :  0.0150 Eh       |
  |   Vbias exponent (α)   :  0.7800 bohr⁻²   |
  ::::::::::::: starting MTD    3 :::::::::::::
  |   MD simulation time   :     5.0 ps       |
  |   target T             :   300.0 K        |
  |   timestep dt          :     5.0 fs       |
  |   dump interval(trj)   :   100.0 fs       |
  |   SHAKE algorithm      : true (all bonds) |
  |   dump interval(Vbias) :    1.00 ps       |
  |   Vbias prefactor (k)  :  0.0150 Eh       |
  |   Vbias exponent (α)   :  1.3000 bohr⁻²   |
  ::::::::::::: starting MTD   12 :::::::::::::
  |   MD simulation time   :     5.0 ps       |
  |   target T             :   300.0 K        |
  |   timestep dt          :     5.0 fs       |
  |   dump interval(trj)   :   100.0 fs       |
  |   SHAKE algorithm      : true (all bonds) |
  |   dump interval(Vbias) :    1.00 ps       |
  |   Vbias prefactor (k)  :  0.0150 Eh       |
  |   Vbias exponent (α)   :  0.2808 bohr⁻²   |
  ::::::::::::: starting MTD    5 :::::::::::::
  |   MD simulation time   :     5.0 ps       |
  |   target T             :   300.0 K        |
  |   timestep dt          :     5.0 fs       |
  |   dump interval(trj)   :   100.0 fs       |
  |   SHAKE algorithm      : true (all bonds) |
  |   dump interval(Vbias) :    1.00 ps       |
  |   Vbias prefactor (k)  :  0.0300 Eh       |
  |   Vbias exponent (α)   :  0.7800 bohr⁻²   |
  ::::::::::::: starting MTD    4 :::::::::::::
  |   MD simulation time   :     5.0 ps       |
  |   target T             :   300.0 K        |
  |   timestep dt          :     5.0 fs       |
  |   dump interval(trj)   :   100.0 fs       |
  |   SHAKE algorithm      : true (all bonds) |
  |   dump interval(Vbias) :    1.00 ps       |
  |   Vbias prefactor (k)  :  0.0600 Eh       |
  |   Vbias exponent (α)   :  0.7800 bohr⁻²   |
  ::::::::::::: starting MTD    2 :::::::::::::
  |   MD simulation time   :     5.0 ps       |
  |   target T             :   300.0 K        |
  |   timestep dt          :     5.0 fs       |
  |   dump interval(trj)   :   100.0 fs       |
  |   SHAKE algorithm      : true (all bonds) |
  |   dump interval(Vbias) :    1.00 ps       |
  |   Vbias prefactor (k)  :  0.0300 Eh       |
  |   Vbias exponent (α)   :  1.3000 bohr⁻²   |
  ::::::::::::: starting MTD   13 :::::::::::::
  |   MD simulation time   :     5.0 ps       |
  |   target T             :   300.0 K        |
  |   timestep dt          :     5.0 fs       |
  |   dump interval(trj)   :   100.0 fs       |
  |   SHAKE algorithm      : true (all bonds) |
  |   dump interval(Vbias) :    1.00 ps       |
  |   Vbias prefactor (k)  :  0.0200 Eh       |
  |   Vbias exponent (α)   :  0.1000 bohr⁻²   |
  ::::::::::::: starting MTD   11 :::::::::::::
  |   MD simulation time   :     5.0 ps       |
  |   target T             :   300.0 K        |
  |   timestep dt          :     5.0 fs       |
  |   dump interval(trj)   :   100.0 fs       |
  |   SHAKE algorithm      : true (all bonds) |
  |   dump interval(Vbias) :    1.00 ps       |
  |   Vbias prefactor (k)  :  0.0300 Eh       |
  |   Vbias exponent (α)   :  0.2808 bohr⁻²   |
  ::::::::::::: starting MTD    8 :::::::::::::
  |   MD simulation time   :     5.0 ps       |
  |   target T             :   300.0 K        |
  |   timestep dt          :     5.0 fs       |
  |   dump interval(trj)   :   100.0 fs       |
  |   SHAKE algorithm      : true (all bonds) |
  |   dump interval(Vbias) :    1.00 ps       |
  |   Vbias prefactor (k)  :  0.0300 Eh       |
  |   Vbias exponent (α)   :  0.4680 bohr⁻²   |
  ::::::::::::: starting MTD   10 :::::::::::::
  |   MD simulation time   :     5.0 ps       |
  |   target T             :   300.0 K        |
  |   timestep dt          :     5.0 fs       |
  |   dump interval(trj)   :   100.0 fs       |
  |   SHAKE algorithm      : true (all bonds) |
  |   dump interval(Vbias) :    1.00 ps       |
  |   Vbias prefactor (k)  :  0.0600 Eh       |
  |   Vbias exponent (α)   :  0.2808 bohr⁻²   |
*MTD  10 completed successfully ...        0 min, 14.247 sec
*MTD  12 completed successfully ...        0 min, 14.261 sec
*MTD   7 completed successfully ...        0 min, 14.287 sec
*MTD   8 completed successfully ...        0 min, 14.291 sec
*MTD  13 completed successfully ...        0 min, 14.302 sec
*MTD   1 completed successfully ...        0 min, 14.303 sec
*MTD   2 completed successfully ...        0 min, 14.306 sec
*MTD   6 completed successfully ...        0 min, 14.310 sec
*MTD  14 completed successfully ...        0 min, 14.325 sec
*MTD   4 completed successfully ...        0 min, 14.332 sec
*MTD   3 completed successfully ...        0 min, 14.342 sec
*MTD   5 completed successfully ...        0 min, 14.346 sec
*MTD  11 completed successfully ...        0 min, 14.353 sec
*MTD   9 completed successfully ...        0 min, 14.358 sec

 ======================================
 |  Multilevel Ensemble Optimization  |
 ======================================
 Optimizing all 686 structures from file "crest_dynamics.trj" ...
 ----------------------
 crude pre-optimization
 ----------------------
 Optimization engine: ANCOPT
 Hessian update type: BFGS
 E/G convergence criteria:  0.500E-03 Eh, 0.100E-01 Eh/a0
 maximum optimization steps: 200
 |>0.1% |>10.1% |>20.1% |>30.0% |>40.1% |>50.0% |>60.1% |>70.1% |>80.0% |>90.1% |>100.0%
 done.
> 686 of 686 structures successfully optimized (100.0% success)
> Total runtime for 686 optimizations:
 * wall-time:     0 d,  0 h,  0 min,  8.292 sec
 *  cpu-time:     0 d,  0 h,  2 min,  2.240 sec
 * ratio c/w:    14.743 speedup
> Corresponding to approximately 0.012 sec per processed structure

CREGEN> running RMSDs ... done.
CREGEN> E lowest :   -41.32256
 390 structures remain within    12.00 kcal/mol window
 ----------------------------------
 optimization with tight thresholds
 ----------------------------------
 Optimization engine: ANCOPT
 Hessian update type: BFGS
 E/G convergence criteria:  0.100E-05 Eh, 0.800E-03 Eh/a0
 maximum optimization steps: 200
 |>0.3% |>10.0% |>20.0% |>30.0% |>40.0% |>50.0% |>60.0% |>70.3% |>80.0% |>90.3% |>100.0%
 done.
> 390 of 390 structures successfully optimized (100.0% success)
> Total runtime for 390 optimizations:
 * wall-time:     0 d,  0 h,  0 min,  6.908 sec
 *  cpu-time:     0 d,  0 h,  1 min, 41.060 sec
 * ratio c/w:    14.629 speedup
> Corresponding to approximately 0.018 sec per processed structure

CREGEN> running RMSDs ... done.
CREGEN> E lowest :   -41.32268
 67 structures remain within     6.00 kcal/mol window

 ------------------------------
 Meta-Dynamics Iteration 2
 ------------------------------
 list of applied metadynamics Vbias parameters:
$metadyn    0.06000   1.300
$metadyn    0.03000   1.300
$metadyn    0.01500   1.300
$metadyn    0.06000   0.780
$metadyn    0.03000   0.780
$metadyn    0.01500   0.780
$metadyn    0.06000   0.468
$metadyn    0.03000   0.468
$metadyn    0.01500   0.468
$metadyn    0.06000   0.281
$metadyn    0.03000   0.281
$metadyn    0.01500   0.281
$metadyn    0.02000   0.100
$metadyn    0.10000   0.800

  ::::::::::::: starting MTD    1 :::::::::::::
  |   MD simulation time   :     5.0 ps       |
  |   target T             :   300.0 K        |
  |   timestep dt          :     5.0 fs       |
  |   dump interval(trj)   :   100.0 fs       |
  |   SHAKE algorithm      : true (all bonds) |
  |   dump interval(Vbias) :    1.00 ps       |
  |   Vbias prefactor (k)  :  0.0600 Eh       |
  |   Vbias exponent (α)   :  1.3000 bohr⁻²   |
  ::::::::::::: starting MTD   14 :::::::::::::
  |   MD simulation time   :     5.0 ps       |
  |   target T             :   300.0 K        |
  |   timestep dt          :     5.0 fs       |
  |   dump interval(trj)   :   100.0 fs       |
  |   SHAKE algorithm      : true (all bonds) |
  |   dump interval(Vbias) :    1.00 ps       |
  |   Vbias prefactor (k)  :  0.1000 Eh       |
  |   Vbias exponent (α)   :  0.8000 bohr⁻²   |
  ::::::::::::: starting MTD   13 :::::::::::::
  |   MD simulation time   :     5.0 ps       |
  |   target T             :   300.0 K        |
  |   timestep dt          :     5.0 fs       |
  |   dump interval(trj)   :   100.0 fs       |
  |   SHAKE algorithm      : true (all bonds) |
  |   dump interval(Vbias) :    1.00 ps       |
  |   Vbias prefactor (k)  :  0.0200 Eh       |
  |   Vbias exponent (α)   :  0.1000 bohr⁻²   |
  ::::::::::::: starting MTD    6 :::::::::::::
  |   MD simulation time   :     5.0 ps       |
  |   target T             :   300.0 K        |
  |   timestep dt          :     5.0 fs       |
  |   dump interval(trj)   :   100.0 fs       |
  |   SHAKE algorithm      : true (all bonds) |
  |   dump interval(Vbias) :    1.00 ps       |
  |   Vbias prefactor (k)  :  0.0150 Eh       |
  |   Vbias exponent (α)   :  0.7800 bohr⁻²   |
  ::::::::::::: starting MTD   11 :::::::::::::
  |   MD simulation time   :     5.0 ps       |
  |   target T             :   300.0 K        |
  |   timestep dt          :     5.0 fs       |
  |   dump interval(trj)   :   100.0 fs       |
  |   SHAKE algorithm      : true (all bonds) |
  |   dump interval(Vbias) :    1.00 ps       |
  |   Vbias prefactor (k)  :  0.0300 Eh       |
  |   Vbias exponent (α)   :  0.2808 bohr⁻²   |
  ::::::::::::: starting MTD    5 :::::::::::::
  |   MD simulation time   :     5.0 ps       |
  |   target T             :   300.0 K        |
  |   timestep dt          :     5.0 fs       |
  |   dump interval(trj)   :   100.0 fs       |
  |   SHAKE algorithm      : true (all bonds) |
  |   dump interval(Vbias) :    1.00 ps       |
  |   Vbias prefactor (k)  :  0.0300 Eh       |
  |   Vbias exponent (α)   :  0.7800 bohr⁻²   |
  ::::::::::::: starting MTD   10 :::::::::::::
  |   MD simulation time   :     5.0 ps       |
  |   target T             :   300.0 K        |
  |   timestep dt          :     5.0 fs       |
  |   dump interval(trj)   :   100.0 fs       |
  |   SHAKE algorithm      : true (all bonds) |
  |   dump interval(Vbias) :    1.00 ps       |
  |   Vbias prefactor (k)  :  0.0600 Eh       |
  |   Vbias exponent (α)   :  0.2808 bohr⁻²   |
  ::::::::::::: starting MTD    2 :::::::::::::
  |   MD simulation time   :     5.0 ps       |
  |   target T             :   300.0 K        |
  |   timestep dt          :     5.0 fs       |
  |   dump interval(trj)   :   100.0 fs       |
  |   SHAKE algorithm      : true (all bonds) |
  |   dump interval(Vbias) :    1.00 ps       |
  |   Vbias prefactor (k)  :  0.0300 Eh       |
  |   Vbias exponent (α)   :  1.3000 bohr⁻²   |
  ::::::::::::: starting MTD   12 :::::::::::::
  |   MD simulation time   :     5.0 ps       |
  |   target T             :   300.0 K        |
  |   timestep dt          :     5.0 fs       |
  |   dump interval(trj)   :   100.0 fs       |
  |   SHAKE algorithm      : true (all bonds) |
  |   dump interval(Vbias) :    1.00 ps       |
  |   Vbias prefactor (k)  :  0.0150 Eh       |
  |   Vbias exponent (α)   :  0.2808 bohr⁻²   |
  ::::::::::::: starting MTD    3 :::::::::::::
  |   MD simulation time   :     5.0 ps       |
  |   target T             :   300.0 K        |
  |   timestep dt          :     5.0 fs       |
  |   dump interval(trj)   :   100.0 fs       |
  |   SHAKE algorithm      : true (all bonds) |
  |   dump interval(Vbias) :    1.00 ps       |
  |   Vbias prefactor (k)  :  0.0150 Eh       |
  |   Vbias exponent (α)   :  1.3000 bohr⁻²   |
  ::::::::::::: starting MTD    7 :::::::::::::
  |   MD simulation time   :     5.0 ps       |
  |   target T             :   300.0 K        |
  |   timestep dt          :     5.0 fs       |
  |   dump interval(trj)   :   100.0 fs       |
  |   SHAKE algorithm      : true (all bonds) |
  |   dump interval(Vbias) :    1.00 ps       |
  |   Vbias prefactor (k)  :  0.0600 Eh       |
  |   Vbias exponent (α)   :  0.4680 bohr⁻²   |
  ::::::::::::: starting MTD    4 :::::::::::::
  |   MD simulation time   :     5.0 ps       |
  |   target T             :   300.0 K        |
  |   timestep dt          :     5.0 fs       |
  |   dump interval(trj)   :   100.0 fs       |
  |   SHAKE algorithm      : true (all bonds) |
  |   dump interval(Vbias) :    1.00 ps       |
  |   Vbias prefactor (k)  :  0.0600 Eh       |
  |   Vbias exponent (α)   :  0.7800 bohr⁻²   |
  ::::::::::::: starting MTD    8 :::::::::::::
  |   MD simulation time   :     5.0 ps       |
  |   target T             :   300.0 K        |
  |   timestep dt          :     5.0 fs       |
  |   dump interval(trj)   :   100.0 fs       |
  |   SHAKE algorithm      : true (all bonds) |
  |   dump interval(Vbias) :    1.00 ps       |
  |   Vbias prefactor (k)  :  0.0300 Eh       |
  |   Vbias exponent (α)   :  0.4680 bohr⁻²   |
  ::::::::::::: starting MTD    9 :::::::::::::
  |   MD simulation time   :     5.0 ps       |
  |   target T             :   300.0 K        |
  |   timestep dt          :     5.0 fs       |
  |   dump interval(trj)   :   100.0 fs       |
  |   SHAKE algorithm      : true (all bonds) |
  |   dump interval(Vbias) :    1.00 ps       |
  |   Vbias prefactor (k)  :  0.0150 Eh       |
  |   Vbias exponent (α)   :  0.4680 bohr⁻²   |
*MTD   9 completed successfully ...        0 min, 14.197 sec
*MTD  14 completed successfully ...        0 min, 14.225 sec
*MTD  11 completed successfully ...        0 min, 14.244 sec
*MTD   8 completed successfully ...        0 min, 14.244 sec
*MTD  10 completed successfully ...        0 min, 14.251 sec
*MTD   4 completed successfully ...        0 min, 14.263 sec
*MTD  13 completed successfully ...        0 min, 14.286 sec
*MTD   6 completed successfully ...        0 min, 14.291 sec
*MTD   5 completed successfully ...        0 min, 14.299 sec
*MTD  12 completed successfully ...        0 min, 14.322 sec
*MTD   7 completed successfully ...        0 min, 14.322 sec
*MTD   1 completed successfully ...        0 min, 14.329 sec
*MTD   2 completed successfully ...        0 min, 14.351 sec
*MTD   3 completed successfully ...        0 min, 14.355 sec

 ======================================
 |  Multilevel Ensemble Optimization  |
 ======================================
 Optimizing all 686 structures from file "crest_dynamics.trj" ...
 ----------------------
 crude pre-optimization
 ----------------------
 Optimization engine: ANCOPT
 Hessian update type: BFGS
 E/G convergence criteria:  0.500E-03 Eh, 0.100E-01 Eh/a0
 maximum optimization steps: 200
 |>0.1% |>10.1% |>20.1% |>30.0% |>40.1% |>50.0% |>60.1% |>70.1% |>80.0% |>90.1% |>100.0%
 done.
> 686 of 686 structures successfully optimized (100.0% success)
> Total runtime for 686 optimizations:
 * wall-time:     0 d,  0 h,  0 min,  7.982 sec
 *  cpu-time:     0 d,  0 h,  1 min, 57.435 sec
 * ratio c/w:    14.713 speedup
> Corresponding to approximately 0.012 sec per processed structure

CREGEN> running RMSDs ... done.
CREGEN> E lowest :   -41.32252
 421 structures remain within    12.00 kcal/mol window
 ----------------------------------
 optimization with tight thresholds
 ----------------------------------
 Optimization engine: ANCOPT
 Hessian update type: BFGS
 E/G convergence criteria:  0.100E-05 Eh, 0.800E-03 Eh/a0
 maximum optimization steps: 200
 |>0.2% |>10.2% |>20.2% |>30.2% |>40.1% |>50.1% |>60.1% |>70.1% |>80.0% |>90.0% |>100.0%
 done.
> 421 of 421 structures successfully optimized (100.0% success)
> Total runtime for 421 optimizations:
 * wall-time:     0 d,  0 h,  0 min,  7.504 sec
 *  cpu-time:     0 d,  0 h,  1 min, 49.441 sec
 * ratio c/w:    14.584 speedup
> Corresponding to approximately 0.018 sec per processed structure

CREGEN> running RMSDs ... done.
CREGEN> E lowest :   -41.32268
 58 structures remain within     6.00 kcal/mol window

========================================
           MTD Simulations done         
========================================
 Collecting ensmbles.
CREGEN> running RMSDs ... done.
CREGEN> E lowest :   -41.32268
 76 structures remain within     6.00 kcal/mol window


 ===============================================
 Additional regular MDs on lowest 4 conformer(s)
 ===============================================
  :::::::::::::: starting MD   1 ::::::::::::::
  |   MD simulation time   :     2.5 ps       |
  |   target T             :   400.0 K        |
  |   timestep dt          :     5.0 fs       |
  |   dump interval(trj)   :   100.0 fs       |
  |   SHAKE algorithm      : true (all bonds) |
  :::::::::::::: starting MD   7 ::::::::::::::
  |   MD simulation time   :     2.5 ps       |
  |   target T             :   500.0 K        |
  |   timestep dt          :     5.0 fs       |
  |   dump interval(trj)   :   100.0 fs       |
  |   SHAKE algorithm      : true (all bonds) |
  :::::::::::::: starting MD   6 ::::::::::::::
  |   MD simulation time   :     2.5 ps       |
  |   target T             :   500.0 K        |
  |   timestep dt          :     5.0 fs       |
  |   dump interval(trj)   :   100.0 fs       |
  |   SHAKE algorithm      : true (all bonds) |
  :::::::::::::: starting MD   5 ::::::::::::::
  |   MD simulation time   :     2.5 ps       |
  |   target T             :   500.0 K        |
  |   timestep dt          :     5.0 fs       |
  |   dump interval(trj)   :   100.0 fs       |
  |   SHAKE algorithm      : true (all bonds) |
  :::::::::::::: starting MD   8 ::::::::::::::
  |   MD simulation time   :     2.5 ps       |
  |   target T             :   500.0 K        |
  |   timestep dt          :     5.0 fs       |
  |   dump interval(trj)   :   100.0 fs       |
  |   SHAKE algorithm      : true (all bonds) |
  :::::::::::::: starting MD   4 ::::::::::::::
  |   MD simulation time   :     2.5 ps       |
  |   target T             :   400.0 K        |
  |   timestep dt          :     5.0 fs       |
  |   dump interval(trj)   :   100.0 fs       |
  |   SHAKE algorithm      : true (all bonds) |
  :::::::::::::: starting MD   3 ::::::::::::::
  |   MD simulation time   :     2.5 ps       |
  |   target T             :   400.0 K        |
  |   timestep dt          :     5.0 fs       |
  |   dump interval(trj)   :   100.0 fs       |
  |   SHAKE algorithm      : true (all bonds) |
  :::::::::::::: starting MD   2 ::::::::::::::
  |   MD simulation time   :     2.5 ps       |
  |   target T             :   400.0 K        |
  |   timestep dt          :     5.0 fs       |
  |   dump interval(trj)   :   100.0 fs       |
  |   SHAKE algorithm      : true (all bonds) |
*MD   2 completed successfully ...        0 min,  8.471 sec
*MD   4 completed successfully ...        0 min,  8.553 sec
*MD   6 completed successfully ...        0 min,  8.590 sec
*MD   5 completed successfully ...        0 min,  8.590 sec
*MD   7 completed successfully ...        0 min,  8.623 sec
*MD   3 completed successfully ...        0 min,  8.684 sec
*MD   8 completed successfully ...        0 min,  8.739 sec
*MD   1 completed successfully ...        0 min,  8.764 sec
 Appending file crest_rotamers_1.xyz with new structures
 Optimizing all 268 structures from file "crest_rotamers_1.xyz" ...
 ----------------------------------
 optimization with tight thresholds
 ----------------------------------
 Optimization engine: ANCOPT
 Hessian update type: BFGS
 E/G convergence criteria:  0.100E-05 Eh, 0.800E-03 Eh/a0
 maximum optimization steps: 200
 |>0.4% |>10.1% |>20.1% |>30.2% |>40.3% |>50.0% |>60.1% |>70.1% |>80.2% |>90.3% |>100.0%
 done.
> 268 of 268 structures successfully optimized (100.0% success)
> Total runtime for 268 optimizations:
 * wall-time:     0 d,  0 h,  0 min,  3.934 sec
 *  cpu-time:     0 d,  0 h,  0 min, 58.017 sec
 * ratio c/w:    14.749 speedup
> Corresponding to approximately 0.015 sec per processed structure

CREGEN> running RMSDs ... done.
CREGEN> E lowest :   -41.32268
 75 structures remain within     6.00 kcal/mol window

     ========================================
     |        Structure Crossing (GC)       |
     ========================================

 =============================
  # threads =          16
 =============================
input  file name : crest_rotamers_2.xyz
number of atoms                :      20
number of points on xyz files  :      75
conformer energy window  /kcal :    6.00
CN per atom difference cut-off :  0.3000
RMSD threshold (Ang, Bohr)     :  0.2500  0.4724
max. # of generated structures :      250
 # in E window          75
  11.5 % done
  35.5 % done
  61.2 % done
 finished.
 average rmsd w.r.t input     :     1.51863
 number of clash discarded    :        2760
 removed identical structures :           1

 14 structures written to confcross.xyz


 ======================================
 |  Multilevel Ensemble Optimization  |
 ======================================
 Optimizing all 14 structures from file "confcross.xyz" ...
 ----------------------
 crude pre-optimization
 ----------------------
 Optimization engine: ANCOPT
 Hessian update type: BFGS
 E/G convergence criteria:  0.500E-03 Eh, 0.100E-01 Eh/a0
 maximum optimization steps: 200
 |>7.1% |>14.3% |>21.4% |>35.7% |>42.9% |>50.0% |>64.3% |>71.4% |>85.7% |>92.9% |>100.0%
 done.
> 14 of 14 structures successfully optimized (100.0% success)
> Total runtime for 14 optimizations:
 * wall-time:     0 d,  0 h,  0 min,  0.145 sec
 *  cpu-time:     0 d,  0 h,  0 min,  1.547 sec
 * ratio c/w:    10.657 speedup
> Corresponding to approximately 0.010 sec per processed structure

CREGEN> running RMSDs ... done.
CREGEN> E lowest :   -41.32046
 13 structures remain within    12.00 kcal/mol window
 ----------------------------------
 optimization with tight thresholds
 ----------------------------------
 Optimization engine: ANCOPT
 Hessian update type: BFGS
 E/G convergence criteria:  0.100E-05 Eh, 0.800E-03 Eh/a0
 maximum optimization steps: 200
 |>7.7% |>15.4% |>23.1% |>30.8% |>46.2% |>53.8% |>61.5% |>76.9% |>84.6% |>92.3% |>100.0%
 done.
> 13 of 13 structures successfully optimized (100.0% success)
> Total runtime for 13 optimizations:
 * wall-time:     0 d,  0 h,  0 min,  0.367 sec
 *  cpu-time:     0 d,  0 h,  0 min,  2.908 sec
 * ratio c/w:     7.915 speedup
> Corresponding to approximately 0.028 sec per processed structure

CREGEN> running RMSDs ... done.
CREGEN> E lowest :   -41.32088
 10 structures remain within     6.00 kcal/mol window
appending new structures to crest_rotamers_2.xyz
CREGEN> running RMSDs ... done.
CREGEN> E lowest :   -41.32268


   ================================================
   |           Final Geometry Optimization        |
   ================================================
 Optimizing all 75 structures from file "crest_rotamers_3.xyz" ...
 ---------------------------------------
 optimization with very tight thresholds
 ---------------------------------------
 Optimization engine: ANCOPT
 Hessian update type: BFGS
 E/G convergence criteria:  0.100E-06 Eh, 0.200E-03 Eh/a0
 maximum optimization steps: 200
 |>1.3% |>10.7% |>20.0% |>30.7% |>40.0% |>50.7% |>60.0% |>70.7% |>80.0% |>90.7% |>100.0%
 done.
> 75 of 75 structures successfully optimized (100.0% success)
> Total runtime for 75 optimizations:
 * wall-time:     0 d,  0 h,  0 min,  0.760 sec
 *  cpu-time:     0 d,  0 h,  0 min,  7.026 sec
 * ratio c/w:     9.244 speedup
> Corresponding to approximately 0.010 sec per processed structure

CREGEN> running RMSDs ... done.
CREGEN> E lowest :   -41.32268
 69 structures remain within     6.00 kcal/mol window


 --------------------------
 Final Ensemble Information
 --------------------------
 input  file name : crest_rotamers_3.xyz
 output file name : crest_rotamers_4.xyz
 number of atoms                :   20
 number of points on xyz files  :   75
 RMSD threshold                 :   0.1250
 Bconst threshold               :   0.0100
 population threshold           :   0.0500
 # fragment in coord            :     1
 # bonds in reference structure :    20
 number of reliable points      :    75
 sorting energy window (EWIN)   :    6.0000 / kcal*mol⁻¹
 reference state Etot           :  -41.322681760000002
 number of doubles removed by rot/RMSD         :           6
 total number unique points considered further :          69
       Erel/kcal        Etot weight/tot  conformer     set   degen     origin
       1   0.000   -41.32268    0.47653    0.47653       1       1
       2   1.063   -41.32099    0.07939    0.07939       2       1
       3   1.133   -41.32088    0.07053    0.07053       3       1
       4   1.164   -41.32083    0.06697    0.06697       4       1
       5   1.274   -41.32065    0.05559    0.05559       5       1
       6   1.517   -41.32026    0.03692    0.03692       6       1
       7   1.520   -41.32026    0.03675    0.03675       7       1
       8   1.557   -41.32020    0.03449    0.03449       8       1
       9   1.931   -41.31960    0.01835    0.01835       9       1
      10   1.952   -41.31957    0.01772    0.01772      10       1
      11   1.987   -41.31952    0.01671    0.01671      11       1
      12   2.088   -41.31935    0.01408    0.01408      12       1
      13   2.201   -41.31917    0.01165    0.01165      13       1
      14   2.407   -41.31885    0.00823    0.00823      14       1
      15   2.415   -41.31883    0.00812    0.00812      15       1
      16   2.594   -41.31855    0.00600    0.00600      16       1
      17   2.658   -41.31845    0.00539    0.00539      17       1
      18   2.787   -41.31824    0.00434    0.00434      18       1
      19   2.834   -41.31816    0.00400    0.00400      19       1
      20   2.839   -41.31816    0.00397    0.00397      20       1
      21   2.841   -41.31815    0.00395    0.00395      21       1
      22   2.906   -41.31805    0.00354    0.00354      22       1
      23   3.250   -41.31750    0.00199    0.00199      23       1
      24   3.368   -41.31732    0.00163    0.00163      24       1
      25   3.517   -41.31708    0.00127    0.00127      25       1
      26   3.657   -41.31685    0.00100    0.00100      26       1
      27   3.801   -41.31662    0.00078    0.00078      27       1
      28   3.854   -41.31654    0.00072    0.00072      28       1
      29   3.927   -41.31642    0.00063    0.00063      29       1
      30   3.961   -41.31637    0.00060    0.00060      30       1
      31   3.992   -41.31632    0.00057    0.00057      31       1
      32   3.997   -41.31631    0.00056    0.00056      32       1
      33   4.010   -41.31629    0.00055    0.00055      33       1
      34   4.072   -41.31619    0.00050    0.00050      34       1
      35   4.074   -41.31619    0.00049    0.00049      35       1
      36   4.156   -41.31606    0.00043    0.00043      36       1
      37   4.162   -41.31605    0.00043    0.00043      37       1
      38   4.165   -41.31604    0.00042    0.00042      38       1
      39   4.173   -41.31603    0.00042    0.00042      39       1
      40   4.271   -41.31588    0.00036    0.00036      40       1
      41   4.271   -41.31588    0.00035    0.00035      41       1
      42   4.501   -41.31551    0.00024    0.00024      42       1
      43   4.534   -41.31546    0.00023    0.00023      43       1
      44   4.535   -41.31545    0.00023    0.00023      44       1
      45   4.549   -41.31543    0.00022    0.00022      45       1
      46   4.634   -41.31530    0.00019    0.00019      46       1
      47   4.664   -41.31525    0.00018    0.00018      47       1
      48   4.810   -41.31502    0.00014    0.00014      48       1
      49   4.847   -41.31496    0.00013    0.00013      49       1
      50   4.863   -41.31493    0.00013    0.00013      50       1
      51   4.870   -41.31492    0.00013    0.00013      51       1
      52   4.899   -41.31488    0.00012    0.00012      52       1
      53   4.931   -41.31482    0.00012    0.00012      53       1
      54   4.966   -41.31477    0.00011    0.00011      54       1
      55   5.005   -41.31471    0.00010    0.00010      55       1
      56   5.033   -41.31466    0.00010    0.00010      56       1
      57   5.079   -41.31459    0.00009    0.00009      57       1
      58   5.143   -41.31449    0.00008    0.00008      58       1
      59   5.194   -41.31441    0.00007    0.00007      59       1
      60   5.217   -41.31437    0.00007    0.00007      60       1
      61   5.232   -41.31434    0.00007    0.00007      61       1
      62   5.237   -41.31434    0.00007    0.00007      62       1
      63   5.414   -41.31405    0.00005    0.00005      63       1
      64   5.577   -41.31379    0.00004    0.00004      64       1
      65   5.626   -41.31372    0.00004    0.00004      65       1
      66   5.684   -41.31362    0.00003    0.00003      66       1
      67   5.748   -41.31352    0.00003    0.00003      67       1
      68   5.802   -41.31344    0.00003    0.00003      68       1
      69   5.973   -41.31316    0.00002    0.00002      69       1
T /K                                  :   298.15
E lowest                              :   -41.32268
ensemble average energy (kcal)        :    0.829
ensemble entropy (J/mol K, cal/mol K) :   17.785    4.251
ensemble free energy (kcal/mol)       :   -1.267
population of lowest in %             :   47.653
 number of unique conformers for further calc           69
 list of relative energies saved as "crest.energies"

 -----------------
 Wall Time Summary
 -----------------
 CREST runtime (total)               0 d,  0 h,  1 min, 17.701 sec
 ------------------------------------------------------------------
 Trial metadynamics (MTD)   ...        0 min,  1.441 sec (  1.854%)
 Metadynamics (MTD)         ...        0 min, 28.994 sec ( 37.315%)
 Geometry optimization      ...        0 min, 37.229 sec ( 47.913%)
 Molecular dynamics (MD)    ...        0 min,  8.774 sec ( 11.292%)
 Genetic crossing (GC)      ...        0 min,  0.707 sec (  0.909%)
 I/O and setup              ...        0 min,  0.556 sec (  0.716%)
 ------------------------------------------------------------------
 * wall-time:     0 d,  0 h,  1 min, 17.701 sec
 *  cpu-time:     0 d,  0 h, 17 min, 14.446 sec
 * ratio c/w:    13.313 speedup
 ------------------------------------------------------------------
 * Total number of energy+grad calls: 73349

 CREST terminated normally.
