
       в•”в•ђв•ђв•ђв•ђв•ђв•ђв•ђв•ђв•ђв•ђв•ђв•ђв•ђв•ђв•ђв•ђв•ђв•ђв•ђв•ђв•ђв•ђв•ђв•ђв•ђв•ђв•ђв•ђв•ђв•ђв•ђв•ђв•ђв•ђв•ђв•ђв•ђв•ђв•ђв•ђв•ђв•ђв•ђв•ђв•ђв•ђв•ђв•ђв•—
       в•‘                                                в•‘
       в•‘     в–€в–€в–€в–€в–€в–€в•—в–€в–€в–€в–€в–€в–€в•— в–€в–€в–€в–€в–€в–€в–€в•—в–€в–€в–€в–€в–€в–€в–€в•—в–€в–€в–€в–€в–€в–€в–€в–€в•—   в•‘
       в•‘    в–€в–€в•”в•ђв•ђв•ђв•ђв•ќв–€в–€в•”в•ђв•ђв–€в–€в•—в–€в–€в•”в•ђв•ђв•ђв•ђв•ќв–€в–€в•”в•ђв•ђв•ђв•ђв•ќв•љв•ђв•ђв–€в–€в•”в•ђв•ђв•ќ   в•‘
       в•‘    в–€в–€в•‘     в–€в–€в–€в–€в–€в–€в•”в•ќв–€в–€в–€в–€в–€в•—  в–€в–€в–€в–€в–€в–€в–€в•—   в–€в–€в•‘      в•‘
       в•‘    в–€в–€в•‘     в–€в–€в•”в•ђв•ђв–€в–€в•—в–€в–€в•”в•ђв•ђв•ќ  в•љв•ђв•ђв•ђв•ђв–€в–€в•‘   в–€в–€в•‘      в•‘
       в•‘    в•љв–€в–€в–€в–€в–€в–€в•—в–€в–€в•‘  в–€в–€в•‘в–€в–€в–€в–€в–€в–€в–€в•—в–€в–€в–€в–€в–€в–€в–€в•‘   в–€в–€в•‘      в•‘
       в•‘     в•љв•ђв•ђв•ђв•ђв•ђв•ќв•љв•ђв•ќ  в•љв•ђв•ќв•љв•ђв•ђв•ђв•ђв•ђв•ђв•ќв•љв•ђв•ђв•ђв•ђв•ђв•ђв•ќ   в•љв•ђв•ќ      в•‘
       в•‘                                                в•‘
       в•‘    Conformer-Rotamer Ensemble Sampling Tool    в•‘
       в•‘            based on the xTB methods            в•‘
       в•‘                                                в•‘
       в•љв•ђв•ђв•ђв•ђв•ђв•ђв•ђв•ђв•ђв•ђв•ђв•ђв•ђв•ђв•ђв•ђв•ђв•ђв•ђв•ђв•ђв•ђв•ђв•ђв•ђв•ђв•ђв•ђв•ђв•ђв•ђв•ђв•ђв•ђв•ђв•ђв•ђв•ђв•ђв•ђв•ђв•ђв•ђв•ђв•ђв•ђв•ђв•ђв•ќ
        Version 3.0.2, Mon, 29 September 16:25:59, 09/29/2025
        commit (c39758d) compiled by 'andrey@PC1'

   Cite work conducted with this code as

   вЂў P.Pracht, F.Bohle, S.Grimme, PCCP, 2020, 22, 7169-7192.
   вЂў S.Grimme, JCTC, 2019, 15, 2847-2862.
   вЂў P.Pracht, S.Grimme, C.Bannwarth, F.Bohle, S.Ehlert,
     G.Feldmann, J.Gorges, M.MГјller, T.Neudecker, C.Plett,
     S.Spicher, P.Steinbach, P.WesoЕ‚owski, F.Zeller,
     J. Chem. Phys., 2024, 160, 114110.

   for works involving QCG cite

   вЂў S.Spicher, C.Plett, P.Pracht, A.Hansen, S.Grimme,
     JCTC, 2022, 18 (5), 3174-3189.
   вЂў C.Plett, S. Grimme,
     Angew. Chem. Int. Ed. 2023, 62, e202214477.

   for works involving MECP screening cite

   вЂў P.Pracht, C.Bannwarth, JCTC, 2022, 18 (10), 6370-6385.

   Original code
     P.Pracht, S.Grimme, UniversitГ¤t Bonn, MCTC
   with help from (alphabetical order):
     C.Bannwarth, F.Bohle, S.Ehlert, G.Feldmann, J.Gorges,
     S.Grimme, C.Plett, P.Pracht, S.Spicher, P.Steinbach,
     P.Wesolowski, F.Zeller

   Online documentation is available at
   https://crest-lab.github.io/crest-docs/

   This program is distributed in the hope that it will be useful,
   but WITHOUT ANY WARRANTY; without even the implied warranty of
   MERCHANTABILITY or FITNESS FOR A PARTICULAR PURPOSE. See the
   GNU Lesser General Public License (LGPL) for more details.

 Command line input:
 $ ./crest m1_00_Vitamin_B5-uni_conformers-CLUST_0_gfn2_opt.xyz --T 16 --gfn2

  --T 16 (CPUs/Threads selected)
  --gfn2               : Use of GFN2-xTB requested.

> Setting up backup calculator ... done.
 ----------------
 Calculation info
 ----------------
> User-defined calculation level:
 : xTB calculation via tblite lib
 : GFN2-xTB level
 :   Molecular charge    : 0
 :   Fermi temperature   : 300.00000
 :   Accuracy            : 1.00000
 :   max SCC cycles      : 500


 -----------------------------
 Initial Geometry Optimization
 -----------------------------
 Geometry successfully optimized.

          в”Ќв”Ѓв”Ѓв”Ѓв”Ѓв”Ѓв”Ѓв”Ѓв”Ѓв”Ѓв”Ѓв”Ѓв”Ѓв”Ѓв”Ѓв”Ѓв”Ѓв”Ѓв”Ѓв”Ѓв”Ѓв”Ѓв”Ѓв”Ѓв”Ѓв”Ѓв”Ѓв”Ѓв”Ѓв”Ѓв”Ѓв”Ѓв”Ѓв”Ѓв”Ѓв”Ѓв”Ѓв”Ѓв”Ѓв”Ѓв”Ѓв”Ѓв”Ѓв”Ѓв”Ѓв”Ѓв”Ѓв”Ѓв”Ѓв”Ѓв”‘
          в”‚              CREST iMTD-GC SAMPLING             в”‚
          в”•в”Ѓв”Ѓв”Ѓв”Ѓв”Ѓв”Ѓв”Ѓв”Ѓв”Ѓв”Ѓв”Ѓв”Ѓв”Ѓв”Ѓв”Ѓв”Ѓв”Ѓв”Ѓв”Ѓв”Ѓв”Ѓв”Ѓв”Ѓв”Ѓв”Ѓв”Ѓв”Ѓв”Ѓв”Ѓв”Ѓв”Ѓв”Ѓв”Ѓв”Ѓв”Ѓв”Ѓв”Ѓв”Ѓв”Ѓв”Ѓв”Ѓв”Ѓв”Ѓв”Ѓв”Ѓв”Ѓв”Ѓв”Ѓв”Ѓв”™

 Input structure:
  32

 O         -2.0097345828        0.9429769653       -1.4711944981
 O         -4.1957525968       -0.6377587484       -0.9917500186
 O         -0.3108057218        2.1571257893        0.1057646454
 O          4.9514623192       -0.6464935080       -0.6537644615
 O          2.9722080474       -1.5308062784       -0.1469715098
 N          0.9155024702        0.2864281362        0.4313743648
 C         -2.2125798370       -0.5317793554        0.4868461958
 C         -1.2911610709        0.1027662502       -0.5991922050
 C         -3.2873135879       -1.3808842921       -0.2318309145
 C         -2.8956182350        0.5620991810        1.3090946597
 C         -1.4036316161       -1.4527138521        1.4007626267
 C         -0.1745959393        0.9488761373        0.0181108343
 C          2.0776552188        0.9527616670        0.9681925400
 C          3.2702481812        0.8629902891        0.0100619752
 C          3.6819427083       -0.5639960935       -0.2564355677
 H         -0.8548151467       -0.7018994342       -1.2054912011
 H         -3.8845697216       -1.9125681999        0.5148622944
 H         -2.7801606323       -2.1313560123       -0.8611553547
 H         -2.1645830991        1.2497895602        1.7277268691
 H         -3.4587571315        0.1118933402        2.1229293684
 H         -3.5903159240        1.1212498149        0.6869150580
 H         -0.7063808413       -0.8826812563        2.0089721868
 H         -0.8506940409       -2.1912628761        0.8234107597
 H         -2.0770415401       -1.9843825009        2.0691600822
 H          1.0287187828       -0.6988189081        0.2398594591
 H         -1.8854685101        1.8458967150       -1.1271353589
 H          1.8061790438        1.9990119515        1.1260808927
 H          2.3409504863        0.4965994520        1.9278519245
 H         -3.6775660789       -0.0218850961       -1.5339710196
 H          4.1272510763        1.4094702389        0.4029130661
 H          3.0011235415        1.3084119123       -0.9515039281
 H          5.1973801505       -1.5658553273       -0.8462758446

 ------------------------------------------------
 Generating MTD length from a flexibility measure
 ------------------------------------------------
 Calculating GFN0-xTB WBOs   ... done.
 Calculating NCI flexibility ... done.
     covalent flexibility measure :   0.519
 non-covalent flexibility measure :   0.747
 flexibility measure :   0.529
 t(MTD) / ps    :    11.0
 ОЈ(t(MTD)) / ps :   154.0 (14 MTDs)

 -----------------------------------
 Starting trial MTD to test settings
 -----------------------------------
 Trial MTD 1 runtime (1.0 ps) ...        0 min,  2.608 sec
 Estimated runtime for one MTD (11.0 ps) on a single thread: 29 sec
 Estimated runtime for a batch of 14 MTDs on 16 threads: 29 sec

********************************************************************************
**                    N E W   I T E R A T I O N  C Y C L E                    **
********************************************************************************

 ------------------------------
 Meta-Dynamics Iteration 1
 ------------------------------
 list of applied metadynamics Vbias parameters:
$metadyn    0.09600   1.300
$metadyn    0.04800   1.300
$metadyn    0.02400   1.300
$metadyn    0.09600   0.780
$metadyn    0.04800   0.780
$metadyn    0.02400   0.780
$metadyn    0.09600   0.468
$metadyn    0.04800   0.468
$metadyn    0.02400   0.468
$metadyn    0.09600   0.281
$metadyn    0.04800   0.281
$metadyn    0.02400   0.281
$metadyn    0.03200   0.100
$metadyn    0.16000   0.800

  ::::::::::::: starting MTD   13 :::::::::::::
  |   MD simulation time   :    11.0 ps       |
  |   target T             :   300.0 K        |
  |   timestep dt          :     5.0 fs       |
  |   dump interval(trj)   :   100.0 fs       |
  |   SHAKE algorithm      : true (all bonds) |
  |   dump interval(Vbias) :    1.00 ps       |
  |   Vbias prefactor (k)  :  0.0320 Eh       |
  |   Vbias exponent (О±)   :  0.1000 bohrвЃ»ВІ   |
  ::::::::::::: starting MTD    3 :::::::::::::
  |   MD simulation time   :    11.0 ps       |
  |   target T             :   300.0 K        |
  |   timestep dt          :     5.0 fs       |
  |   dump interval(trj)   :   100.0 fs       |
  |   SHAKE algorithm      : true (all bonds) |
  |   dump interval(Vbias) :    1.00 ps       |
  |   Vbias prefactor (k)  :  0.0240 Eh       |
  |   Vbias exponent (О±)   :  1.3000 bohrвЃ»ВІ   |
  ::::::::::::: starting MTD    1 :::::::::::::
  |   MD simulation time   :    11.0 ps       |
  |   target T             :   300.0 K        |
  |   timestep dt          :     5.0 fs       |
  |   dump interval(trj)   :   100.0 fs       |
  |   SHAKE algorithm      : true (all bonds) |
  |   dump interval(Vbias) :    1.00 ps       |
  |   Vbias prefactor (k)  :  0.0960 Eh       |
  |   Vbias exponent (О±)   :  1.3000 bohrвЃ»ВІ   |
  ::::::::::::: starting MTD    5 :::::::::::::
  |   MD simulation time   :    11.0 ps       |
  |   target T             :   300.0 K        |
  |   timestep dt          :     5.0 fs       |
  |   dump interval(trj)   :   100.0 fs       |
  |   SHAKE algorithm      : true (all bonds) |
  |   dump interval(Vbias) :    1.00 ps       |
  |   Vbias prefactor (k)  :  0.0480 Eh       |
  |   Vbias exponent (О±)   :  0.7800 bohrвЃ»ВІ   |
  ::::::::::::: starting MTD   14 :::::::::::::
  |   MD simulation time   :    11.0 ps       |
  |   target T             :   300.0 K        |
  |   timestep dt          :     5.0 fs       |
  |   dump interval(trj)   :   100.0 fs       |
  |   SHAKE algorithm      : true (all bonds) |
  |   dump interval(Vbias) :    1.00 ps       |
  |   Vbias prefactor (k)  :  0.1600 Eh       |
  |   Vbias exponent (О±)   :  0.8000 bohrвЃ»ВІ   |
  ::::::::::::: starting MTD   11 :::::::::::::
  |   MD simulation time   :    11.0 ps       |
  |   target T             :   300.0 K        |
  |   timestep dt          :     5.0 fs       |
  |   dump interval(trj)   :   100.0 fs       |
  |   SHAKE algorithm      : true (all bonds) |
  |   dump interval(Vbias) :    1.00 ps       |
  |   Vbias prefactor (k)  :  0.0480 Eh       |
  |   Vbias exponent (О±)   :  0.2808 bohrвЃ»ВІ   |
  ::::::::::::: starting MTD    2 :::::::::::::
  |   MD simulation time   :    11.0 ps       |
  |   target T             :   300.0 K        |
  |   timestep dt          :     5.0 fs       |
  |   dump interval(trj)   :   100.0 fs       |
  |   SHAKE algorithm      : true (all bonds) |
  |   dump interval(Vbias) :    1.00 ps       |
  |   Vbias prefactor (k)  :  0.0480 Eh       |
  |   Vbias exponent (О±)   :  1.3000 bohrвЃ»ВІ   |
  ::::::::::::: starting MTD    4 :::::::::::::
  |   MD simulation time   :    11.0 ps       |
  |   target T             :   300.0 K        |
  |   timestep dt          :     5.0 fs       |
  |   dump interval(trj)   :   100.0 fs       |
  |   SHAKE algorithm      : true (all bonds) |
  |   dump interval(Vbias) :    1.00 ps       |
  |   Vbias prefactor (k)  :  0.0960 Eh       |
  |   Vbias exponent (О±)   :  0.7800 bohrвЃ»ВІ   |
  ::::::::::::: starting MTD    6 :::::::::::::
  |   MD simulation time   :    11.0 ps       |
  |   target T             :   300.0 K        |
  |   timestep dt          :     5.0 fs       |
  |   dump interval(trj)   :   100.0 fs       |
  |   SHAKE algorithm      : true (all bonds) |
  |   dump interval(Vbias) :    1.00 ps       |
  |   Vbias prefactor (k)  :  0.0240 Eh       |
  |   Vbias exponent (О±)   :  0.7800 bohrвЃ»ВІ   |
  ::::::::::::: starting MTD   12 :::::::::::::
  |   MD simulation time   :    11.0 ps       |
  |   target T             :   300.0 K        |
  |   timestep dt          :     5.0 fs       |
  |   dump interval(trj)   :   100.0 fs       |
  |   SHAKE algorithm      : true (all bonds) |
  |   dump interval(Vbias) :    1.00 ps       |
  |   Vbias prefactor (k)  :  0.0240 Eh       |
  |   Vbias exponent (О±)   :  0.2808 bohrвЃ»ВІ   |
  ::::::::::::: starting MTD    7 :::::::::::::
  |   MD simulation time   :    11.0 ps       |
  |   target T             :   300.0 K        |
  |   timestep dt          :     5.0 fs       |
  |   dump interval(trj)   :   100.0 fs       |
  |   SHAKE algorithm      : true (all bonds) |
  |   dump interval(Vbias) :    1.00 ps       |
  |   Vbias prefactor (k)  :  0.0960 Eh       |
  |   Vbias exponent (О±)   :  0.4680 bohrвЃ»ВІ   |
  ::::::::::::: starting MTD   10 :::::::::::::
  |   MD simulation time   :    11.0 ps       |
  |   target T             :   300.0 K        |
  |   timestep dt          :     5.0 fs       |
  |   dump interval(trj)   :   100.0 fs       |
  |   SHAKE algorithm      : true (all bonds) |
  |   dump interval(Vbias) :    1.00 ps       |
  |   Vbias prefactor (k)  :  0.0960 Eh       |
  |   Vbias exponent (О±)   :  0.2808 bohrвЃ»ВІ   |
  ::::::::::::: starting MTD    9 :::::::::::::
  |   MD simulation time   :    11.0 ps       |
  |   target T             :   300.0 K        |
  |   timestep dt          :     5.0 fs       |
  |   dump interval(trj)   :   100.0 fs       |
  |   SHAKE algorithm      : true (all bonds) |
  |   dump interval(Vbias) :    1.00 ps       |
  |   Vbias prefactor (k)  :  0.0240 Eh       |
  |   Vbias exponent (О±)   :  0.4680 bohrвЃ»ВІ   |
  ::::::::::::: starting MTD    8 :::::::::::::
  |   MD simulation time   :    11.0 ps       |
  |   target T             :   300.0 K        |
  |   timestep dt          :     5.0 fs       |
  |   dump interval(trj)   :   100.0 fs       |
  |   SHAKE algorithm      : true (all bonds) |
  |   dump interval(Vbias) :    1.00 ps       |
  |   Vbias prefactor (k)  :  0.0480 Eh       |
  |   Vbias exponent (О±)   :  0.4680 bohrвЃ»ВІ   |
*MTD   2 completed successfully ...        0 min, 46.343 sec
*MTD   7 completed successfully ...        0 min, 46.373 sec
*MTD   5 completed successfully ...        0 min, 46.377 sec
*MTD   3 completed successfully ...        0 min, 46.395 sec
*MTD  11 completed successfully ...        0 min, 46.456 sec
*MTD  13 completed successfully ...        0 min, 46.466 sec
*MTD  14 completed successfully ...        0 min, 46.470 sec
*MTD   6 completed successfully ...        0 min, 46.486 sec
*MTD  12 completed successfully ...        0 min, 46.498 sec
*MTD   1 completed successfully ...        0 min, 46.535 sec
*MTD   4 completed successfully ...        0 min, 46.555 sec
*MTD   9 completed successfully ...        0 min, 46.639 sec
*MTD   8 completed successfully ...        0 min, 46.645 sec
*MTD  10 completed successfully ...        0 min, 46.657 sec

 ======================================
 |  Multilevel Ensemble Optimization  |
 ======================================
 Optimizing all 1526 structures from file "crest_dynamics.trj" ...
 ----------------------
 crude pre-optimization
 ----------------------
 Optimization engine: ANCOPT
 Hessian update type: BFGS
 E/G convergence criteria:  0.500E-03 Eh, 0.100E-01 Eh/a0
 maximum optimization steps: 200
 |>0.1% |>7.5% |>15.0% |>22.5% |>30.0% |>37.5% |>45.0% |>52.6% |>60.0% |>67.6% |>75.0% |>82.5% |>90.0% |>97.5% |>100.0%
 done.
> 1526 of 1526 structures successfully optimized (100.0% success)
> Total runtime for 1526 optimizations:
 * wall-time:     0 d,  0 h,  0 min, 33.070 sec
 *  cpu-time:     0 d,  0 h,  8 min, 17.186 sec
 * ratio c/w:    15.035 speedup
> Corresponding to approximately 0.022 sec per processed structure

CREGEN> running RMSDs ... done.
CREGEN> E lowest :   -51.23439
 1333 structures remain within    12.00 kcal/mol window
 ----------------------------------
 optimization with tight thresholds
 ----------------------------------
 Optimization engine: ANCOPT
 Hessian update type: BFGS
 E/G convergence criteria:  0.100E-05 Eh, 0.800E-03 Eh/a0
 maximum optimization steps: 200
 |>0.1% |>7.5% |>15.0% |>22.5% |>30.0% |>37.5% |>45.0% |>52.5% |>60.0% |>67.5% |>75.0% |>82.5% |>90.0% |>97.5% |>100.0%
 done.
> 1331 of 1333 structures successfully optimized (99.8% success)
> Total runtime for 1333 optimizations:
 * wall-time:     0 d,  0 h,  1 min, 26.318 sec
 *  cpu-time:     0 d,  0 h, 21 min, 43.810 sec
 * ratio c/w:    15.105 speedup
> Corresponding to approximately 0.065 sec per processed structure

CREGEN> running RMSDs ... done.
CREGEN> E lowest :   -51.23611
 278 structures remain within     6.00 kcal/mol window

 ------------------------------
 Meta-Dynamics Iteration 2
 ------------------------------
 list of applied metadynamics Vbias parameters:
$metadyn    0.09600   1.300
$metadyn    0.04800   1.300
$metadyn    0.02400   1.300
$metadyn    0.09600   0.780
$metadyn    0.04800   0.780
$metadyn    0.02400   0.780
$metadyn    0.09600   0.468
$metadyn    0.04800   0.468
$metadyn    0.02400   0.468
$metadyn    0.09600   0.281
$metadyn    0.04800   0.281
$metadyn    0.02400   0.281
$metadyn    0.03200   0.100
$metadyn    0.16000   0.800

  ::::::::::::: starting MTD    1 :::::::::::::
  |   MD simulation time   :    11.0 ps       |
  |   target T             :   300.0 K        |
  |   timestep dt          :     5.0 fs       |
  |   dump interval(trj)   :   100.0 fs       |
  |   SHAKE algorithm      : true (all bonds) |
  |   dump interval(Vbias) :    1.00 ps       |
  |   Vbias prefactor (k)  :  0.0960 Eh       |
  |   Vbias exponent (О±)   :  1.3000 bohrвЃ»ВІ   |
  ::::::::::::: starting MTD    4 :::::::::::::
  |   MD simulation time   :    11.0 ps       |
  |   target T             :   300.0 K        |
  |   timestep dt          :     5.0 fs       |
  |   dump interval(trj)   :   100.0 fs       |
  |   SHAKE algorithm      : true (all bonds) |
  |   dump interval(Vbias) :    1.00 ps       |
  |   Vbias prefactor (k)  :  0.0960 Eh       |
  |   Vbias exponent (О±)   :  0.7800 bohrвЃ»ВІ   |
  ::::::::::::: starting MTD    2 :::::::::::::
  |   MD simulation time   :    11.0 ps       |
  |   target T             :   300.0 K        |
  |   timestep dt          :     5.0 fs       |
  |   dump interval(trj)   :   100.0 fs       |
  |   SHAKE algorithm      : true (all bonds) |
  |   dump interval(Vbias) :    1.00 ps       |
  |   Vbias prefactor (k)  :  0.0480 Eh       |
  |   Vbias exponent (О±)   :  1.3000 bohrвЃ»ВІ   |
  ::::::::::::: starting MTD   14 :::::::::::::
  |   MD simulation time   :    11.0 ps       |
  |   target T             :   300.0 K        |
  |   timestep dt          :     5.0 fs       |
  |   dump interval(trj)   :   100.0 fs       |
  |   SHAKE algorithm      : true (all bonds) |
  |   dump interval(Vbias) :    1.00 ps       |
  |   Vbias prefactor (k)  :  0.1600 Eh       |
  |   Vbias exponent (О±)   :  0.8000 bohrвЃ»ВІ   |
  ::::::::::::: starting MTD   11 :::::::::::::
  |   MD simulation time   :    11.0 ps       |
  |   target T             :   300.0 K        |
  |   timestep dt          :     5.0 fs       |
  |   dump interval(trj)   :   100.0 fs       |
  |   SHAKE algorithm      : true (all bonds) |
  |   dump interval(Vbias) :    1.00 ps       |
  |   Vbias prefactor (k)  :  0.0480 Eh       |
  |   Vbias exponent (О±)   :  0.2808 bohrвЃ»ВІ   |
  ::::::::::::: starting MTD   13 :::::::::::::
  |   MD simulation time   :    11.0 ps       |
  |   target T             :   300.0 K        |
  |   timestep dt          :     5.0 fs       |
  |   dump interval(trj)   :   100.0 fs       |
  |   SHAKE algorithm      : true (all bonds) |
  |   dump interval(Vbias) :    1.00 ps       |
  |   Vbias prefactor (k)  :  0.0320 Eh       |
  |   Vbias exponent (О±)   :  0.1000 bohrвЃ»ВІ   |
  ::::::::::::: starting MTD    6 :::::::::::::
  |   MD simulation time   :    11.0 ps       |
  |   target T             :   300.0 K        |
  |   timestep dt          :     5.0 fs       |
  |   dump interval(trj)   :   100.0 fs       |
  |   SHAKE algorithm      : true (all bonds) |
  |   dump interval(Vbias) :    1.00 ps       |
  |   Vbias prefactor (k)  :  0.0240 Eh       |
  |   Vbias exponent (О±)   :  0.7800 bohrвЃ»ВІ   |
  ::::::::::::: starting MTD   10 :::::::::::::
  |   MD simulation time   :    11.0 ps       |
  |   target T             :   300.0 K        |
  |   timestep dt          :     5.0 fs       |
  |   dump interval(trj)   :   100.0 fs       |
  |   SHAKE algorithm      : true (all bonds) |
  |   dump interval(Vbias) :    1.00 ps       |
  |   Vbias prefactor (k)  :  0.0960 Eh       |
  |   Vbias exponent (О±)   :  0.2808 bohrвЃ»ВІ   |
  ::::::::::::: starting MTD    5 :::::::::::::
  |   MD simulation time   :    11.0 ps       |
  |   target T             :   300.0 K        |
  |   timestep dt          :     5.0 fs       |
  |   dump interval(trj)   :   100.0 fs       |
  |   SHAKE algorithm      : true (all bonds) |
  |   dump interval(Vbias) :    1.00 ps       |
  |   Vbias prefactor (k)  :  0.0480 Eh       |
  |   Vbias exponent (О±)   :  0.7800 bohrвЃ»ВІ   |
  ::::::::::::: starting MTD    3 :::::::::::::
  |   MD simulation time   :    11.0 ps       |
  |   target T             :   300.0 K        |
  |   timestep dt          :     5.0 fs       |
  |   dump interval(trj)   :   100.0 fs       |
  |   SHAKE algorithm      : true (all bonds) |
  |   dump interval(Vbias) :    1.00 ps       |
  |   Vbias prefactor (k)  :  0.0240 Eh       |
  |   Vbias exponent (О±)   :  1.3000 bohrвЃ»ВІ   |
  ::::::::::::: starting MTD    7 :::::::::::::
  |   MD simulation time   :    11.0 ps       |
  |   target T             :   300.0 K        |
  |   timestep dt          :     5.0 fs       |
  |   dump interval(trj)   :   100.0 fs       |
  |   SHAKE algorithm      : true (all bonds) |
  |   dump interval(Vbias) :    1.00 ps       |
  |   Vbias prefactor (k)  :  0.0960 Eh       |
  |   Vbias exponent (О±)   :  0.4680 bohrвЃ»ВІ   |
  ::::::::::::: starting MTD    9 :::::::::::::
  |   MD simulation time   :    11.0 ps       |
  |   target T             :   300.0 K        |
  |   timestep dt          :     5.0 fs       |
  |   dump interval(trj)   :   100.0 fs       |
  |   SHAKE algorithm      : true (all bonds) |
  |   dump interval(Vbias) :    1.00 ps       |
  |   Vbias prefactor (k)  :  0.0240 Eh       |
  |   Vbias exponent (О±)   :  0.4680 bohrвЃ»ВІ   |
  ::::::::::::: starting MTD    8 :::::::::::::
  |   MD simulation time   :    11.0 ps       |
  |   target T             :   300.0 K        |
  |   timestep dt          :     5.0 fs       |
  |   dump interval(trj)   :   100.0 fs       |
  |   SHAKE algorithm      : true (all bonds) |
  |   dump interval(Vbias) :    1.00 ps       |
  |   Vbias prefactor (k)  :  0.0480 Eh       |
  |   Vbias exponent (О±)   :  0.4680 bohrвЃ»ВІ   |
  ::::::::::::: starting MTD   12 :::::::::::::
  |   MD simulation time   :    11.0 ps       |
  |   target T             :   300.0 K        |
  |   timestep dt          :     5.0 fs       |
  |   dump interval(trj)   :   100.0 fs       |
  |   SHAKE algorithm      : true (all bonds) |
  |   dump interval(Vbias) :    1.00 ps       |
  |   Vbias prefactor (k)  :  0.0240 Eh       |
  |   Vbias exponent (О±)   :  0.2808 bohrвЃ»ВІ   |
*MTD   9 completed successfully ...        0 min, 46.018 sec
*MTD   7 completed successfully ...        0 min, 46.141 sec
*MTD  14 completed successfully ...        0 min, 46.148 sec
*MTD  11 completed successfully ...        0 min, 46.204 sec
*MTD   8 completed successfully ...        0 min, 46.318 sec
*MTD   2 completed successfully ...        0 min, 46.328 sec
*MTD   6 completed successfully ...        0 min, 46.328 sec
*MTD   1 completed successfully ...        0 min, 46.347 sec
*MTD   4 completed successfully ...        0 min, 46.350 sec
*MTD  13 completed successfully ...        0 min, 46.370 sec
*MTD   5 completed successfully ...        0 min, 46.384 sec
*MTD  10 completed successfully ...        0 min, 46.388 sec
*MTD   3 completed successfully ...        0 min, 46.406 sec
*MTD  12 completed successfully ...        0 min, 46.452 sec

 ======================================
 |  Multilevel Ensemble Optimization  |
 ======================================
 Optimizing all 1526 structures from file "crest_dynamics.trj" ...
 ----------------------
 crude pre-optimization
 ----------------------
 Optimization engine: ANCOPT
 Hessian update type: BFGS
 E/G convergence criteria:  0.500E-03 Eh, 0.100E-01 Eh/a0
 maximum optimization steps: 200
 |>0.1% |>7.5% |>15.0% |>22.5% |>30.0% |>37.5% |>45.0% |>52.6% |>60.0% |>67.6% |>75.0% |>82.5% |>90.0% |>97.5% |>100.0%
 done.
> 1526 of 1526 structures successfully optimized (100.0% success)
> Total runtime for 1526 optimizations:
 * wall-time:     0 d,  0 h,  0 min, 33.296 sec
 *  cpu-time:     0 d,  0 h,  8 min, 20.464 sec
 * ratio c/w:    15.031 speedup
> Corresponding to approximately 0.022 sec per processed structure

CREGEN> running RMSDs ... done.
CREGEN> E lowest :   -51.23400
 1361 structures remain within    12.00 kcal/mol window
 ----------------------------------
 optimization with tight thresholds
 ----------------------------------
 Optimization engine: ANCOPT
 Hessian update type: BFGS
 E/G convergence criteria:  0.100E-05 Eh, 0.800E-03 Eh/a0
 maximum optimization steps: 200
 |>0.1% |>7.6% |>15.1% |>22.6% |>30.1% |>37.5% |>45.0% |>52.5% |>60.0% |>67.5% |>75.0% |>82.5% |>90.0% |>97.5% |>100.0%
 done.
> 1361 of 1361 structures successfully optimized (100.0% success)
> Total runtime for 1361 optimizations:
 * wall-time:     0 d,  0 h,  1 min, 30.274 sec
 *  cpu-time:     0 d,  0 h, 22 min, 49.639 sec
 * ratio c/w:    15.172 speedup
> Corresponding to approximately 0.066 sec per processed structure

CREGEN> running RMSDs ... done.
CREGEN> E lowest :   -51.23706
 248 structures remain within     6.00 kcal/mol window
 ...............................................
 A new lower conformer was found!
 Improved by    0.00096 Eh or    0.60068kcal/mol
 ...............................................

 ------------------------------
 Meta-Dynamics Iteration 3
 ------------------------------
 list of applied metadynamics Vbias parameters:
$metadyn    0.09600   1.300
$metadyn    0.04800   1.300
$metadyn    0.02400   1.300
$metadyn    0.09600   0.780
$metadyn    0.04800   0.780
$metadyn    0.02400   0.780
$metadyn    0.09600   0.468
$metadyn    0.04800   0.468
$metadyn    0.02400   0.468
$metadyn    0.09600   0.281
$metadyn    0.04800   0.281
$metadyn    0.02400   0.281
$metadyn    0.03200   0.100
$metadyn    0.16000   0.800

  ::::::::::::: starting MTD   13 :::::::::::::
  |   MD simulation time   :    11.0 ps       |
  |   target T             :   300.0 K        |
  |   timestep dt          :     5.0 fs       |
  |   dump interval(trj)   :   100.0 fs       |
  |   SHAKE algorithm      : true (all bonds) |
  |   dump interval(Vbias) :    1.00 ps       |
  |   Vbias prefactor (k)  :  0.0320 Eh       |
  |   Vbias exponent (О±)   :  0.1000 bohrвЃ»ВІ   |
  ::::::::::::: starting MTD    3 :::::::::::::
  |   MD simulation time   :    11.0 ps       |
  |   target T             :   300.0 K        |
  |   timestep dt          :     5.0 fs       |
  |   dump interval(trj)   :   100.0 fs       |
  |   SHAKE algorithm      : true (all bonds) |
  |   dump interval(Vbias) :    1.00 ps       |
  |   Vbias prefactor (k)  :  0.0240 Eh       |
  |   Vbias exponent (О±)   :  1.3000 bohrвЃ»ВІ   |
  ::::::::::::: starting MTD    4 :::::::::::::
  |   MD simulation time   :    11.0 ps       |
  |   target T             :   300.0 K        |
  |   timestep dt          :     5.0 fs       |
  |   dump interval(trj)   :   100.0 fs       |
  |   SHAKE algorithm      : true (all bonds) |
  |   dump interval(Vbias) :    1.00 ps       |
  |   Vbias prefactor (k)  :  0.0960 Eh       |
  |   Vbias exponent (О±)   :  0.7800 bohrвЃ»ВІ   |
  ::::::::::::: starting MTD   14 :::::::::::::
  |   MD simulation time   :    11.0 ps       |
  |   target T             :   300.0 K        |
  |   timestep dt          :     5.0 fs       |
  |   dump interval(trj)   :   100.0 fs       |
  |   SHAKE algorithm      : true (all bonds) |
  |   dump interval(Vbias) :    1.00 ps       |
  |   Vbias prefactor (k)  :  0.1600 Eh       |
  |   Vbias exponent (О±)   :  0.8000 bohrвЃ»ВІ   |
  ::::::::::::: starting MTD    5 :::::::::::::
  |   MD simulation time   :    11.0 ps       |
  |   target T             :   300.0 K        |
  |   timestep dt          :     5.0 fs       |
  |   dump interval(trj)   :   100.0 fs       |
  |   SHAKE algorithm      : true (all bonds) |
  |   dump interval(Vbias) :    1.00 ps       |
  |   Vbias prefactor (k)  :  0.0480 Eh       |
  |   Vbias exponent (О±)   :  0.7800 bohrвЃ»ВІ   |
  ::::::::::::: starting MTD    6 :::::::::::::
  |   MD simulation time   :    11.0 ps       |
  |   target T             :   300.0 K        |
  |   timestep dt          :     5.0 fs       |
  |   dump interval(trj)   :   100.0 fs       |
  |   SHAKE algorithm      : true (all bonds) |
  |   dump interval(Vbias) :    1.00 ps       |
  |   Vbias prefactor (k)  :  0.0240 Eh       |
  |   Vbias exponent (О±)   :  0.7800 bohrвЃ»ВІ   |
  ::::::::::::: starting MTD   12 :::::::::::::
  |   MD simulation time   :    11.0 ps       |
  |   target T             :   300.0 K        |
  |   timestep dt          :     5.0 fs       |
  |   dump interval(trj)   :   100.0 fs       |
  |   SHAKE algorithm      : true (all bonds) |
  |   dump interval(Vbias) :    1.00 ps       |
  |   Vbias prefactor (k)  :  0.0240 Eh       |
  |   Vbias exponent (О±)   :  0.2808 bohrвЃ»ВІ   |
  ::::::::::::: starting MTD    1 :::::::::::::
  |   MD simulation time   :    11.0 ps       |
  |   target T             :   300.0 K        |
  |   timestep dt          :     5.0 fs       |
  |   dump interval(trj)   :   100.0 fs       |
  |   SHAKE algorithm      : true (all bonds) |
  |   dump interval(Vbias) :    1.00 ps       |
  |   Vbias prefactor (k)  :  0.0960 Eh       |
  |   Vbias exponent (О±)   :  1.3000 bohrвЃ»ВІ   |
  ::::::::::::: starting MTD    8 :::::::::::::
  |   MD simulation time   :    11.0 ps       |
  |   target T             :   300.0 K        |
  |   timestep dt          :     5.0 fs       |
  |   dump interval(trj)   :   100.0 fs       |
  |   SHAKE algorithm      : true (all bonds) |
  |   dump interval(Vbias) :    1.00 ps       |
  |   Vbias prefactor (k)  :  0.0480 Eh       |
  |   Vbias exponent (О±)   :  0.4680 bohrвЃ»ВІ   |
  ::::::::::::: starting MTD    7 :::::::::::::
  |   MD simulation time   :    11.0 ps       |
  |   target T             :   300.0 K        |
  |   timestep dt          :     5.0 fs       |
  |   dump interval(trj)   :   100.0 fs       |
  |   SHAKE algorithm      : true (all bonds) |
  |   dump interval(Vbias) :    1.00 ps       |
  |   Vbias prefactor (k)  :  0.0960 Eh       |
  |   Vbias exponent (О±)   :  0.4680 bohrвЃ»ВІ   |
  ::::::::::::: starting MTD   11 :::::::::::::
  |   MD simulation time   :    11.0 ps       |
  |   target T             :   300.0 K        |
  |   timestep dt          :     5.0 fs       |
  |   dump interval(trj)   :   100.0 fs       |
  |   SHAKE algorithm      : true (all bonds) |
  |   dump interval(Vbias) :    1.00 ps       |
  |   Vbias prefactor (k)  :  0.0480 Eh       |
  |   Vbias exponent (О±)   :  0.2808 bohrвЃ»ВІ   |
  ::::::::::::: starting MTD    2 :::::::::::::
  |   MD simulation time   :    11.0 ps       |
  |   target T             :   300.0 K        |
  |   timestep dt          :     5.0 fs       |
  |   dump interval(trj)   :   100.0 fs       |
  |   SHAKE algorithm      : true (all bonds) |
  |   dump interval(Vbias) :    1.00 ps       |
  |   Vbias prefactor (k)  :  0.0480 Eh       |
  |   Vbias exponent (О±)   :  1.3000 bohrвЃ»ВІ   |
  ::::::::::::: starting MTD   10 :::::::::::::
  |   MD simulation time   :    11.0 ps       |
  |   target T             :   300.0 K        |
  |   timestep dt          :     5.0 fs       |
  |   dump interval(trj)   :   100.0 fs       |
  |   SHAKE algorithm      : true (all bonds) |
  |   dump interval(Vbias) :    1.00 ps       |
  |   Vbias prefactor (k)  :  0.0960 Eh       |
  |   Vbias exponent (О±)   :  0.2808 bohrвЃ»ВІ   |
  ::::::::::::: starting MTD    9 :::::::::::::
  |   MD simulation time   :    11.0 ps       |
  |   target T             :   300.0 K        |
  |   timestep dt          :     5.0 fs       |
  |   dump interval(trj)   :   100.0 fs       |
  |   SHAKE algorithm      : true (all bonds) |
  |   dump interval(Vbias) :    1.00 ps       |
  |   Vbias prefactor (k)  :  0.0240 Eh       |
  |   Vbias exponent (О±)   :  0.4680 bohrвЃ»ВІ   |
*MTD   4 completed successfully ...        0 min, 46.168 sec
*MTD   2 completed successfully ...        0 min, 46.182 sec
*MTD   7 completed successfully ...        0 min, 46.210 sec
*MTD   6 completed successfully ...        0 min, 46.259 sec
*MTD   3 completed successfully ...        0 min, 46.286 sec
*MTD   5 completed successfully ...        0 min, 46.288 sec
*MTD   8 completed successfully ...        0 min, 46.298 sec
*MTD  14 completed successfully ...        0 min, 46.299 sec
*MTD  10 completed successfully ...        0 min, 46.404 sec
*MTD   9 completed successfully ...        0 min, 46.404 sec
*MTD  12 completed successfully ...        0 min, 46.436 sec
*MTD  11 completed successfully ...        0 min, 46.501 sec
*MTD  13 completed successfully ...        0 min, 46.614 sec
*MTD   1 completed successfully ...        0 min, 46.649 sec

 ======================================
 |  Multilevel Ensemble Optimization  |
 ======================================
 Optimizing all 1526 structures from file "crest_dynamics.trj" ...
 ----------------------
 crude pre-optimization
 ----------------------
 Optimization engine: ANCOPT
 Hessian update type: BFGS
 E/G convergence criteria:  0.500E-03 Eh, 0.100E-01 Eh/a0
 maximum optimization steps: 200
 |>0.1% |>7.5% |>15.0% |>22.5% |>30.0% |>37.5% |>45.0% |>52.6% |>60.0% |>67.6% |>75.0% |>82.5% |>90.0% |>97.5% |>100.0%
 done.
> 1526 of 1526 structures successfully optimized (100.0% success)
> Total runtime for 1526 optimizations:
 * wall-time:     0 d,  0 h,  0 min, 33.752 sec
 *  cpu-time:     0 d,  0 h,  8 min, 27.426 sec
 * ratio c/w:    15.034 speedup
> Corresponding to approximately 0.022 sec per processed structure

CREGEN> running RMSDs ... done.
CREGEN> E lowest :   -51.23335
 1357 structures remain within    12.00 kcal/mol window
 ----------------------------------
 optimization with tight thresholds
 ----------------------------------
 Optimization engine: ANCOPT
 Hessian update type: BFGS
 E/G convergence criteria:  0.100E-05 Eh, 0.800E-03 Eh/a0
 maximum optimization steps: 200
 |>0.1% |>7.5% |>15.0% |>22.5% |>30.1% |>37.5% |>45.0% |>52.5% |>60.1% |>67.5% |>75.0% |>82.5% |>90.1% |>97.6% |>100.0%
 done.
> 1357 of 1357 structures successfully optimized (100.0% success)
> Total runtime for 1357 optimizations:
 * wall-time:     0 d,  0 h,  1 min, 25.777 sec
 *  cpu-time:     0 d,  0 h, 21 min, 45.914 sec
 * ratio c/w:    15.225 speedup
> Corresponding to approximately 0.063 sec per processed structure

CREGEN> running RMSDs ... done.
CREGEN> E lowest :   -51.23611
 295 structures remain within     6.00 kcal/mol window

========================================
           MTD Simulations done         
========================================
 Collecting ensmbles.
CREGEN> running RMSDs ... done.
CREGEN> E lowest :   -51.23706
 569 structures remain within     6.00 kcal/mol window


 ===============================================
 Additional regular MDs on lowest 4 conformer(s)
 ===============================================
  :::::::::::::: starting MD   1 ::::::::::::::
  |   MD simulation time   :     5.5 ps       |
  |   target T             :   400.0 K        |
  |   timestep dt          :     5.0 fs       |
  |   dump interval(trj)   :   100.0 fs       |
  |   SHAKE algorithm      : true (all bonds) |
  :::::::::::::: starting MD   6 ::::::::::::::
  |   MD simulation time   :     5.5 ps       |
  |   target T             :   500.0 K        |
  |   timestep dt          :     5.0 fs       |
  |   dump interval(trj)   :   100.0 fs       |
  |   SHAKE algorithm      : true (all bonds) |
  :::::::::::::: starting MD   7 ::::::::::::::
  |   MD simulation time   :     5.5 ps       |
  |   target T             :   500.0 K        |
  |   timestep dt          :     5.0 fs       |
  |   dump interval(trj)   :   100.0 fs       |
  |   SHAKE algorithm      : true (all bonds) |
  :::::::::::::: starting MD   8 ::::::::::::::
  |   MD simulation time   :     5.5 ps       |
  |   target T             :   500.0 K        |
  |   timestep dt          :     5.0 fs       |
  |   dump interval(trj)   :   100.0 fs       |
  |   SHAKE algorithm      : true (all bonds) |
  :::::::::::::: starting MD   5 ::::::::::::::
  |   MD simulation time   :     5.5 ps       |
  |   target T             :   500.0 K        |
  |   timestep dt          :     5.0 fs       |
  |   dump interval(trj)   :   100.0 fs       |
  |   SHAKE algorithm      : true (all bonds) |
  :::::::::::::: starting MD   4 ::::::::::::::
  |   MD simulation time   :     5.5 ps       |
  |   target T             :   400.0 K        |
  |   timestep dt          :     5.0 fs       |
  |   dump interval(trj)   :   100.0 fs       |
  |   SHAKE algorithm      : true (all bonds) |
  :::::::::::::: starting MD   3 ::::::::::::::
  |   MD simulation time   :     5.5 ps       |
  |   target T             :   400.0 K        |
  |   timestep dt          :     5.0 fs       |
  |   dump interval(trj)   :   100.0 fs       |
  |   SHAKE algorithm      : true (all bonds) |
  :::::::::::::: starting MD   2 ::::::::::::::
  |   MD simulation time   :     5.5 ps       |
  |   target T             :   400.0 K        |
  |   timestep dt          :     5.0 fs       |
  |   dump interval(trj)   :   100.0 fs       |
  |   SHAKE algorithm      : true (all bonds) |
*MD   6 completed successfully ...        0 min, 30.677 sec
*MD   2 completed successfully ...        0 min, 30.736 sec
*MD   3 completed successfully ...        0 min, 30.843 sec
*MD   4 completed successfully ...        0 min, 30.851 sec
*MD   1 completed successfully ...        0 min, 31.092 sec
*MD   5 completed successfully ...        0 min, 31.141 sec
*MD   7 completed successfully ...        0 min, 31.628 sec
*MD   8 completed successfully ...        0 min, 31.662 sec
 Appending file crest_rotamers_1.xyz with new structures
 Optimizing all 1001 structures from file "crest_rotamers_1.xyz" ...
 ----------------------------------
 optimization with tight thresholds
 ----------------------------------
 Optimization engine: ANCOPT
 Hessian update type: BFGS
 E/G convergence criteria:  0.100E-05 Eh, 0.800E-03 Eh/a0
 maximum optimization steps: 200
 |>0.1% |>7.6% |>15.1% |>22.6% |>30.1% |>37.6% |>45.1% |>52.5% |>60.0% |>67.5% |>75.0% |>82.5% |>90.0% |>97.5% |>100.0%
 done.
> 1001 of 1001 structures successfully optimized (100.0% success)
> Total runtime for 1001 optimizations:
 * wall-time:     0 d,  0 h,  0 min, 21.339 sec
 *  cpu-time:     0 d,  0 h,  5 min, 25.461 sec
 * ratio c/w:    15.252 speedup
> Corresponding to approximately 0.021 sec per processed structure

CREGEN> running RMSDs ... done.
CREGEN> E lowest :   -51.23706
 595 structures remain within     6.00 kcal/mol window

     ========================================
     |        Structure Crossing (GC)       |
     ========================================

 =============================
  # threads =          16
 =============================
input  file name : crest_rotamers_2.xyz
number of atoms                :      32
number of points on xyz files  :     595
conformer energy window  /kcal :    6.00
CN per atom difference cut-off :  0.3000
RMSD threshold (Ang, Bohr)     :  0.2500  0.4724
max. # of generated structures :      550
 # in E window         595
 finished.
 average rmsd w.r.t input     :     1.20162
 number of clash discarded    :      175926
 removed identical structures :         762

 27 structures written to confcross.xyz


 ======================================
 |  Multilevel Ensemble Optimization  |
 ======================================
 Optimizing all 27 structures from file "confcross.xyz" ...
 ----------------------
 crude pre-optimization
 ----------------------
 Optimization engine: ANCOPT
 Hessian update type: BFGS
 E/G convergence criteria:  0.500E-03 Eh, 0.100E-01 Eh/a0
 maximum optimization steps: 200
 |>3.7% |>11.1% |>22.2% |>33.3% |>40.7% |>51.9% |>63.0% |>70.4% |>81.5% |>92.6% |>100.0%
 done.
> 27 of 27 structures successfully optimized (100.0% success)
> Total runtime for 27 optimizations:
 * wall-time:     0 d,  0 h,  0 min,  0.291 sec
 *  cpu-time:     0 d,  0 h,  0 min,  3.272 sec
 * ratio c/w:    11.239 speedup
> Corresponding to approximately 0.011 sec per processed structure

CREGEN> running RMSDs ... done.
CREGEN> E lowest :   -51.23706
 23 structures remain within    12.00 kcal/mol window
 ----------------------------------
 optimization with tight thresholds
 ----------------------------------
 Optimization engine: ANCOPT
 Hessian update type: BFGS
 E/G convergence criteria:  0.100E-05 Eh, 0.800E-03 Eh/a0
 maximum optimization steps: 200
 |>4.3% |>13.0% |>21.7% |>30.4% |>43.5% |>52.2% |>60.9% |>73.9% |>82.6% |>91.3% |>100.0%
 done.
> 23 of 23 structures successfully optimized (100.0% success)
> Total runtime for 23 optimizations:
 * wall-time:     0 d,  0 h,  0 min,  0.439 sec
 *  cpu-time:     0 d,  0 h,  0 min,  3.857 sec
 * ratio c/w:     8.777 speedup
> Corresponding to approximately 0.019 sec per processed structure

CREGEN> running RMSDs ... done.
CREGEN> E lowest :   -51.23706
 8 structures remain within     6.00 kcal/mol window
appending new structures to crest_rotamers_2.xyz
CREGEN> running RMSDs ... done.
CREGEN> E lowest :   -51.23706


   ================================================
   |           Final Geometry Optimization        |
   ================================================
 Optimizing all 599 structures from file "crest_rotamers_3.xyz" ...
 ---------------------------------------
 optimization with very tight thresholds
 ---------------------------------------
 Optimization engine: ANCOPT
 Hessian update type: BFGS
 E/G convergence criteria:  0.100E-06 Eh, 0.200E-03 Eh/a0
 maximum optimization steps: 200
 |>0.2% |>10.0% |>20.0% |>30.1% |>40.1% |>50.1% |>60.1% |>70.1% |>80.1% |>90.2% |>100.0%
 done.
> 595 of 599 structures successfully optimized (99.3% success)
> Total runtime for 599 optimizations:
 * wall-time:     0 d,  0 h,  0 min, 12.782 sec
 *  cpu-time:     0 d,  0 h,  3 min,  8.154 sec
 * ratio c/w:    14.720 speedup
> Corresponding to approximately 0.021 sec per processed structure

CREGEN> running RMSDs ... done.
CREGEN> E lowest :   -51.23706
 552 structures remain within     6.00 kcal/mol window


 --------------------------
 Final Ensemble Information
 --------------------------
 input  file name : crest_rotamers_3.xyz
 output file name : crest_rotamers_4.xyz
 number of atoms                :   32
 number of points on xyz files  :   595
 RMSD threshold                 :   0.1250
 Bconst threshold               :   0.0100
 population threshold           :   0.0500
 # fragment in coord            :     1
 # bonds in reference structure :    31
 number of reliable points      :   595
 sorting energy window (EWIN)   :    6.0000 / kcal*molвЃ»В№
 reference state Etot           :  -51.237064629999999
 number of doubles removed by rot/RMSD         :          43
 total number unique points considered further :         552
       Erel/kcal        Etot weight/tot  conformer     set   degen     origin
       1   0.000   -51.23706    0.06741    0.60669       1       9
       2   0.000   -51.23706    0.06741
       3   0.000   -51.23706    0.06741
       4   0.000   -51.23706    0.06741
       5   0.000   -51.23706    0.06741
       6   0.000   -51.23706    0.06741
       7   0.000   -51.23706    0.06741
       8   0.000   -51.23706    0.06741
       9   0.000   -51.23706    0.06741
      10   0.601   -51.23611    0.02449    0.22030       2       9
      11   0.601   -51.23611    0.02449
      12   0.601   -51.23611    0.02449
      13   0.601   -51.23611    0.02449
      14   0.601   -51.23611    0.02449
      15   0.601   -51.23611    0.02449
      16   0.601   -51.23611    0.02448
      17   0.601   -51.23611    0.02445
      18   0.602   -51.23611    0.02444
      19   0.954   -51.23554    0.01348    0.06740       3       5
      20   0.954   -51.23554    0.01348
      21   0.955   -51.23554    0.01348
      22   0.955   -51.23554    0.01348
      23   0.955   -51.23554    0.01348
      24   1.456   -51.23474    0.00579    0.01736       4       3
      25   1.456   -51.23474    0.00579
      26   1.456   -51.23474    0.00579
      27   1.656   -51.23443    0.00413    0.03306       5       8
      28   1.656   -51.23443    0.00413
      29   1.656   -51.23443    0.00413
      30   1.656   -51.23443    0.00413
      31   1.656   -51.23443    0.00413
      32   1.656   -51.23443    0.00413
      33   1.656   -51.23443    0.00413
      34   1.656   -51.23443    0.00413
      35   2.196   -51.23356    0.00166    0.00664       6       4
      36   2.196   -51.23356    0.00166
      37   2.196   -51.23356    0.00166
      38   2.196   -51.23356    0.00166
      39   2.394   -51.23325    0.00119    0.00119       7       1
      40   2.421   -51.23321    0.00114    0.00569       8       5
      41   2.421   -51.23321    0.00114
      42   2.421   -51.23321    0.00114
      43   2.421   -51.23321    0.00114
      44   2.421   -51.23321    0.00114
      45   2.481   -51.23311    0.00103    0.00205       9       2
      46   2.481   -51.23311    0.00103
      47   2.507   -51.23307    0.00098    0.00197      10       2
      48   2.507   -51.23307    0.00098
      49   2.510   -51.23306    0.00098    0.00196      11       2
      50   2.510   -51.23306    0.00098
      51   2.576   -51.23296    0.00087    0.00175      12       2
      52   2.576   -51.23296    0.00087
      53   2.578   -51.23296    0.00087    0.00349      13       4
      54   2.578   -51.23296    0.00087
      55   2.578   -51.23296    0.00087
      56   2.578   -51.23296    0.00087
      57   2.620   -51.23289    0.00081    0.00243      14       3
      58   2.620   -51.23289    0.00081
      59   2.629   -51.23287    0.00080
      60   2.695   -51.23277    0.00072    0.00287      15       4
      61   2.695   -51.23277    0.00072
      62   2.695   -51.23277    0.00072
      63   2.695   -51.23277    0.00072
      64   2.782   -51.23263    0.00062    0.00494      16       8
      65   2.782   -51.23263    0.00062
      66   2.782   -51.23263    0.00062
      67   2.782   -51.23263    0.00062
      68   2.783   -51.23263    0.00062
      69   2.783   -51.23263    0.00062
      70   2.783   -51.23263    0.00062
      71   2.783   -51.23263    0.00062
      72   2.999   -51.23229    0.00043    0.00086      17       2
      73   2.999   -51.23228    0.00043
      74   3.041   -51.23222    0.00040    0.00240      18       6
      75   3.041   -51.23222    0.00040
      76   3.041   -51.23222    0.00040
      77   3.041   -51.23222    0.00040
      78   3.041   -51.23222    0.00040
      79   3.041   -51.23222    0.00040
      80   3.168   -51.23202    0.00032    0.00064      19       2
      81   3.169   -51.23202    0.00032
      82   3.260   -51.23187    0.00028    0.00083      20       3
      83   3.260   -51.23187    0.00028
      84   3.260   -51.23187    0.00028
      85   3.420   -51.23161    0.00021    0.00105      21       5
      86   3.420   -51.23161    0.00021
      87   3.420   -51.23161    0.00021
      88   3.420   -51.23161    0.00021
      89   3.426   -51.23160    0.00021
      90   3.491   -51.23150    0.00019    0.00056      22       3
      91   3.491   -51.23150    0.00019
      92   3.491   -51.23150    0.00019
      93   3.552   -51.23140    0.00017    0.00017      23       1
      94   3.553   -51.23140    0.00017    0.00034      24       2
      95   3.553   -51.23140    0.00017
      96   3.698   -51.23117    0.00013    0.00053      25       4
      97   3.698   -51.23117    0.00013
      98   3.698   -51.23117    0.00013
      99   3.698   -51.23117    0.00013
     100   3.726   -51.23113    0.00013    0.00025      26       2
     101   3.726   -51.23113    0.00013
     102   3.727   -51.23113    0.00013    0.00025      27       2
     103   3.727   -51.23113    0.00013
     104   3.753   -51.23108    0.00012    0.00012      28       1
     105   3.760   -51.23107    0.00012    0.00059      29       5
     106   3.760   -51.23107    0.00012
     107   3.760   -51.23107    0.00012
     108   3.760   -51.23107    0.00012
     109   3.760   -51.23107    0.00012
     110   3.826   -51.23097    0.00011    0.00011      30       1
     111   3.846   -51.23094    0.00010    0.00031      31       3
     112   3.846   -51.23094    0.00010
     113   3.846   -51.23094    0.00010
     114   3.995   -51.23070    0.00008    0.00016      32       2
     115   3.995   -51.23070    0.00008
     116   3.997   -51.23070    0.00008    0.00040      33       5
     117   3.997   -51.23070    0.00008
     118   3.997   -51.23070    0.00008
     119   3.997   -51.23070    0.00008
     120   3.997   -51.23069    0.00008
     121   3.999   -51.23069    0.00008    0.00071      34       9
     122   3.999   -51.23069    0.00008
     123   3.999   -51.23069    0.00008
     124   3.999   -51.23069    0.00008
     125   3.999   -51.23069    0.00008
     126   3.999   -51.23069    0.00008
     127   3.999   -51.23069    0.00008
     128   3.999   -51.23069    0.00008
     129   3.999   -51.23069    0.00008
     130   4.012   -51.23067    0.00008    0.00047      35       6
     131   4.012   -51.23067    0.00008
     132   4.012   -51.23067    0.00008
     133   4.012   -51.23067    0.00008
     134   4.013   -51.23067    0.00008
     135   4.013   -51.23067    0.00008
     136   4.029   -51.23064    0.00008    0.00015      36       2
     137   4.029   -51.23064    0.00008
     138   4.034   -51.23064    0.00007    0.00007      37       1
     139   4.043   -51.23062    0.00007    0.00059      38       8
     140   4.043   -51.23062    0.00007
     141   4.043   -51.23062    0.00007
     142   4.043   -51.23062    0.00007
     143   4.044   -51.23062    0.00007
     144   4.044   -51.23062    0.00007
     145   4.044   -51.23062    0.00007
     146   4.044   -51.23062    0.00007
     147   4.089   -51.23055    0.00007    0.00034      39       5
     148   4.089   -51.23055    0.00007
     149   4.089   -51.23055    0.00007
     150   4.089   -51.23055    0.00007
     151   4.089   -51.23055    0.00007
     152   4.092   -51.23054    0.00007    0.00014      40       2
     153   4.092   -51.23054    0.00007
     154   4.119   -51.23050    0.00006    0.00026      41       4
     155   4.120   -51.23050    0.00006
     156   4.120   -51.23050    0.00006
     157   4.120   -51.23050    0.00006
     158   4.139   -51.23047    0.00006    0.00025      42       4
     159   4.139   -51.23047    0.00006
     160   4.139   -51.23047    0.00006
     161   4.140   -51.23047    0.00006
     162   4.183   -51.23040    0.00006    0.00017      43       3
     163   4.183   -51.23040    0.00006
     164   4.183   -51.23040    0.00006
     165   4.194   -51.23038    0.00006    0.00011      44       2
     166   4.194   -51.23038    0.00006
     167   4.213   -51.23035    0.00006    0.00017      45       3
     168   4.213   -51.23035    0.00006
     169   4.213   -51.23035    0.00006
     170   4.221   -51.23034    0.00005    0.00011      46       2
     171   4.221   -51.23034    0.00005
     172   4.224   -51.23033    0.00005    0.00016      47       3
     173   4.225   -51.23033    0.00005
     174   4.225   -51.23033    0.00005
     175   4.247   -51.23030    0.00005    0.00010      48       2
     176   4.247   -51.23030    0.00005
     177   4.253   -51.23029    0.00005    0.00005      49       1
     178   4.265   -51.23027    0.00005    0.00005      50       1
     179   4.269   -51.23026    0.00005    0.00030      51       6
     180   4.270   -51.23026    0.00005
     181   4.270   -51.23026    0.00005
     182   4.270   -51.23026    0.00005
     183   4.271   -51.23026    0.00005
     184   4.271   -51.23026    0.00005
     185   4.272   -51.23026    0.00005    0.00010      52       2
     186   4.273   -51.23026    0.00005
     187   4.277   -51.23025    0.00005    0.00010      53       2
     188   4.277   -51.23025    0.00005
     189   4.278   -51.23025    0.00005    0.00005      54       1
     190   4.295   -51.23022    0.00005    0.00010      55       2
     191   4.296   -51.23022    0.00005
     192   4.297   -51.23022    0.00005    0.00014      56       3
     193   4.297   -51.23022    0.00005
     194   4.297   -51.23022    0.00005
     195   4.318   -51.23018    0.00005    0.00023      57       5
     196   4.318   -51.23018    0.00005
     197   4.318   -51.23018    0.00005
     198   4.318   -51.23018    0.00005
     199   4.318   -51.23018    0.00005
     200   4.326   -51.23017    0.00005    0.00023      58       5
     201   4.328   -51.23017    0.00005
     202   4.326   -51.23017    0.00005
     203   4.329   -51.23017    0.00005
     204   4.327   -51.23017    0.00005
     205   4.327   -51.23017    0.00005    0.00009      59       2
     206   4.328   -51.23017    0.00005
     207   4.330   -51.23016    0.00005    0.00027      60       6
     208   4.330   -51.23016    0.00005
     209   4.331   -51.23016    0.00005
     210   4.331   -51.23016    0.00005
     211   4.331   -51.23016    0.00005
     212   4.331   -51.23016    0.00005
     213   4.338   -51.23015    0.00004    0.00009      61       2
     214   4.338   -51.23015    0.00004
     215   4.348   -51.23014    0.00004    0.00018      62       4
     216   4.349   -51.23013    0.00004
     217   4.349   -51.23013    0.00004
     218   4.349   -51.23013    0.00004
     219   4.402   -51.23005    0.00004    0.00004      63       1
     220   4.407   -51.23004    0.00004    0.00004      64       1
     221   4.409   -51.23004    0.00004    0.00008      65       2
     222   4.412   -51.23003    0.00004
     223   4.410   -51.23004    0.00004    0.00008      66       2
     224   4.412   -51.23003    0.00004
     225   4.414   -51.23003    0.00004    0.00004      67       1
     226   4.415   -51.23003    0.00004    0.00024      68       6
     227   4.415   -51.23003    0.00004
     228   4.416   -51.23003    0.00004
     229   4.416   -51.23003    0.00004
     230   4.416   -51.23003    0.00004
     231   4.416   -51.23003    0.00004
     232   4.416   -51.23003    0.00004    0.00020      69       5
     233   4.417   -51.23003    0.00004
     234   4.417   -51.23003    0.00004
     235   4.416   -51.23003    0.00004
     236   4.416   -51.23003    0.00004
     237   4.416   -51.23003    0.00004    0.00004      70       1
     238   4.447   -51.22998    0.00004    0.00011      71       3
     239   4.447   -51.22998    0.00004
     240   4.448   -51.22998    0.00004
     241   4.481   -51.22992    0.00004    0.00004      72       1
     242   4.494   -51.22990    0.00003    0.00003      73       1
     243   4.541   -51.22983    0.00003    0.00019      74       6
     244   4.541   -51.22983    0.00003
     245   4.542   -51.22983    0.00003
     246   4.542   -51.22983    0.00003
     247   4.542   -51.22983    0.00003
     248   4.543   -51.22982    0.00003
     249   4.544   -51.22982    0.00003    0.00025      75       8
     250   4.544   -51.22982    0.00003
     251   4.544   -51.22982    0.00003
     252   4.544   -51.22982    0.00003
     253   4.544   -51.22982    0.00003
     254   4.544   -51.22982    0.00003
     255   4.544   -51.22982    0.00003
     256   4.544   -51.22982    0.00003
     257   4.576   -51.22977    0.00003    0.00012      76       4
     258   4.576   -51.22977    0.00003
     259   4.576   -51.22977    0.00003
     260   4.576   -51.22977    0.00003
     261   4.584   -51.22976    0.00003    0.00003      77       1
     262   4.587   -51.22976    0.00003    0.00006      78       2
     263   4.587   -51.22975    0.00003
     264   4.596   -51.22974    0.00003    0.00003      79       1
     265   4.604   -51.22973    0.00003    0.00003      80       1
     266   4.608   -51.22972    0.00003    0.00003      81       1
     267   4.609   -51.22972    0.00003    0.00006      82       2
     268   4.609   -51.22972    0.00003
     269   4.614   -51.22971    0.00003    0.00006      83       2
     270   4.616   -51.22971    0.00003
     271   4.618   -51.22971    0.00003    0.00003      84       1
     272   4.625   -51.22969    0.00003    0.00019      85       7
     273   4.625   -51.22969    0.00003
     274   4.626   -51.22969    0.00003
     275   4.626   -51.22969    0.00003
     276   4.626   -51.22969    0.00003
     277   4.626   -51.22969    0.00003
     278   4.626   -51.22969    0.00003
     279   4.632   -51.22968    0.00003    0.00003      86       1
     280   4.643   -51.22967    0.00003    0.00005      87       2
     281   4.643   -51.22967    0.00003
     282   4.656   -51.22965    0.00003    0.00003      88       1
     283   4.669   -51.22962    0.00003    0.00018      89       7
     284   4.669   -51.22962    0.00003
     285   4.669   -51.22962    0.00003
     286   4.669   -51.22962    0.00003
     287   4.669   -51.22962    0.00003
     288   4.669   -51.22962    0.00003
     289   4.669   -51.22962    0.00003
     290   4.673   -51.22962    0.00003    0.00015      90       6
     291   4.673   -51.22962    0.00003
     292   4.673   -51.22962    0.00003
     293   4.673   -51.22962    0.00003
     294   4.673   -51.22962    0.00003
     295   4.673   -51.22962    0.00003
     296   4.684   -51.22960    0.00003    0.00005      91       2
     297   4.684   -51.22960    0.00003
     298   4.689   -51.22959    0.00002    0.00005      92       2
     299   4.689   -51.22959    0.00002
     300   4.722   -51.22954    0.00002    0.00014      93       6
     301   4.722   -51.22954    0.00002
     302   4.722   -51.22954    0.00002
     303   4.722   -51.22954    0.00002
     304   4.722   -51.22954    0.00002
     305   4.722   -51.22954    0.00002
     306   4.745   -51.22950    0.00002    0.00007      94       3
     307   4.745   -51.22950    0.00002
     308   4.745   -51.22950    0.00002
     309   4.746   -51.22950    0.00002    0.00002      95       1
     310   4.784   -51.22944    0.00002    0.00006      96       3
     311   4.784   -51.22944    0.00002
     312   4.784   -51.22944    0.00002
     313   4.805   -51.22941    0.00002    0.00004      97       2
     314   4.805   -51.22941    0.00002
     315   4.813   -51.22940    0.00002    0.00006      98       3
     316   4.813   -51.22939    0.00002
     317   4.813   -51.22939    0.00002
     318   4.846   -51.22934    0.00002    0.00002      99       1
     319   4.852   -51.22933    0.00002    0.00002     100       1
     320   4.853   -51.22933    0.00002    0.00004     101       2
     321   4.854   -51.22933    0.00002
     322   4.873   -51.22930    0.00002    0.00004     102       2
     323   4.873   -51.22930    0.00002
     324   4.875   -51.22930    0.00002    0.00004     103       2
     325   4.875   -51.22930    0.00002
     326   4.880   -51.22929    0.00002    0.00005     104       3
     327   4.880   -51.22929    0.00002
     328   4.881   -51.22929    0.00002
     329   4.884   -51.22928    0.00002    0.00005     105       3
     330   4.884   -51.22928    0.00002
     331   4.884   -51.22928    0.00002
     332   4.893   -51.22927    0.00002    0.00002     106       1
     333   4.912   -51.22924    0.00002    0.00002     107       1
     334   4.966   -51.22915    0.00002    0.00002     108       1
     335   4.967   -51.22915    0.00002    0.00006     109       4
     336   4.967   -51.22915    0.00002
     337   4.967   -51.22915    0.00002
     338   4.968   -51.22915    0.00002
     339   4.971   -51.22914    0.00002    0.00002     110       1
     340   4.993   -51.22911    0.00001    0.00001     111       1
     341   4.994   -51.22911    0.00001    0.00007     112       5
     342   4.995   -51.22910    0.00001
     343   4.995   -51.22910    0.00001
     344   4.995   -51.22910    0.00001
     345   5.014   -51.22907    0.00001
     346   5.014   -51.22907    0.00001    0.00001     113       1
     347   5.014   -51.22907    0.00001    0.00003     114       2
     348   4.995   -51.22910    0.00001
     349   5.014   -51.22907    0.00001    0.00004     115       3
     350   4.995   -51.22910    0.00001
     351   5.015   -51.22907    0.00001
     352   5.037   -51.22904    0.00001    0.00001     116       1
     353   5.063   -51.22900    0.00001    0.00001     117       1
     354   5.102   -51.22893    0.00001    0.00001     118       1
     355   5.121   -51.22890    0.00001    0.00007     119       6
     356   5.121   -51.22890    0.00001
     357   5.121   -51.22890    0.00001
     358   5.121   -51.22890    0.00001
     359   5.121   -51.22890    0.00001
     360   5.121   -51.22890    0.00001
     361   5.126   -51.22890    0.00001    0.00001     120       1
     362   5.131   -51.22889    0.00001    0.00001     121       1
     363   5.155   -51.22885    0.00001    0.00005     122       4
     364   5.155   -51.22885    0.00001
     365   5.155   -51.22885    0.00001
     366   5.155   -51.22885    0.00001
     367   5.164   -51.22884    0.00001    0.00003     123       3
     368   5.164   -51.22884    0.00001
     369   5.164   -51.22884    0.00001
     370   5.177   -51.22882    0.00001    0.00002     124       2
     371   5.177   -51.22881    0.00001
     372   5.178   -51.22881    0.00001    0.00001     125       1
     373   5.185   -51.22880    0.00001    0.00003     126       3
     374   5.185   -51.22880    0.00001
     375   5.185   -51.22880    0.00001
     376   5.189   -51.22880    0.00001    0.00002     127       2
     377   5.197   -51.22878    0.00001
     378   5.200   -51.22878    0.00001    0.00006     128       6
     379   5.200   -51.22878    0.00001
     380   5.200   -51.22878    0.00001
     381   5.200   -51.22878    0.00001
     382   5.200   -51.22878    0.00001
     383   5.200   -51.22878    0.00001
     384   5.209   -51.22876    0.00001    0.00001     129       1
     385   5.214   -51.22876    0.00001    0.00002     130       2
     386   5.214   -51.22876    0.00001
     387   5.237   -51.22872    0.00001    0.00003     131       3
     388   5.238   -51.22872    0.00001
     389   5.238   -51.22872    0.00001
     390   5.239   -51.22872    0.00001    0.00001     132       1
     391   5.245   -51.22871    0.00001    0.00001     133       1
     392   5.247   -51.22870    0.00001    0.00002     134       2
     393   5.247   -51.22870    0.00001
     394   5.259   -51.22868    0.00001    0.00007     135       7
     395   5.259   -51.22868    0.00001
     396   5.260   -51.22868    0.00001
     397   5.260   -51.22868    0.00001
     398   5.260   -51.22868    0.00001
     399   5.260   -51.22868    0.00001
     400   5.260   -51.22868    0.00001
     401   5.278   -51.22865    0.00001    0.00005     136       5
     402   5.279   -51.22865    0.00001
     403   5.279   -51.22865    0.00001
     404   5.279   -51.22865    0.00001
     405   5.279   -51.22865    0.00001
     406   5.281   -51.22865    0.00001    0.00001     137       1
     407   5.300   -51.22862    0.00001    0.00001     138       1
     408   5.309   -51.22860    0.00001    0.00002     139       2
     409   5.309   -51.22860    0.00001
     410   5.311   -51.22860    0.00001    0.00001     140       1
     411   5.317   -51.22859    0.00001    0.00003     141       3
     412   5.317   -51.22859    0.00001
     413   5.317   -51.22859    0.00001
     414   5.335   -51.22856    0.00001    0.00003     142       4
     415   5.335   -51.22856    0.00001
     416   5.337   -51.22856    0.00001
     417   5.339   -51.22856    0.00001
     418   5.342   -51.22855    0.00001    0.00003     143       4
     419   5.342   -51.22855    0.00001
     420   5.342   -51.22855    0.00001
     421   5.343   -51.22855    0.00001
     422   5.354   -51.22853    0.00001    0.00002     144       3
     423   5.354   -51.22853    0.00001
     424   5.354   -51.22853    0.00001
     425   5.358   -51.22853    0.00001    0.00002     145       2
     426   5.358   -51.22853    0.00001
     427   5.360   -51.22852    0.00001    0.00001     146       1
     428   5.373   -51.22850    0.00001    0.00003     147       4
     429   5.373   -51.22850    0.00001
     430   5.373   -51.22850    0.00001
     431   5.373   -51.22850    0.00001
     432   5.373   -51.22850    0.00001    0.00001     148       1
     433   5.416   -51.22843    0.00001    0.00001     149       1
     434   5.448   -51.22838    0.00001    0.00002     150       3
     435   5.448   -51.22838    0.00001
     436   5.448   -51.22838    0.00001
     437   5.452   -51.22838    0.00001    0.00001     151       1
     438   5.485   -51.22832    0.00001    0.00004     152       6
     439   5.485   -51.22832    0.00001
     440   5.485   -51.22832    0.00001
     441   5.485   -51.22832    0.00001
     442   5.485   -51.22832    0.00001
     443   5.486   -51.22832    0.00001
     444   5.494   -51.22831    0.00001    0.00004     153       7
     445   5.494   -51.22831    0.00001
     446   5.494   -51.22831    0.00001
     447   5.494   -51.22831    0.00001
     448   5.494   -51.22831    0.00001
     449   5.494   -51.22831    0.00001
     450   5.494   -51.22831    0.00001
     451   5.495   -51.22831    0.00001    0.00001     154       1
     452   5.501   -51.22830    0.00001    0.00001     155       1
     453   5.504   -51.22829    0.00001    0.00001     156       2
     454   5.504   -51.22829    0.00001
     455   5.515   -51.22828    0.00001    0.00002     157       3
     456   5.516   -51.22828    0.00001
     457   5.516   -51.22827    0.00001
     458   5.537   -51.22824    0.00001    0.00002     158       3
     459   5.537   -51.22824    0.00001
     460   5.538   -51.22824    0.00001
     461   5.542   -51.22823    0.00001    0.00001     159       2
     462   5.542   -51.22823    0.00001
     463   5.546   -51.22823    0.00001    0.00001     160       1
     464   5.552   -51.22822    0.00001    0.00002     161       3
     465   5.552   -51.22822    0.00001
     466   5.553   -51.22821    0.00001
     467   5.566   -51.22820    0.00001    0.00001     162       2
     468   5.566   -51.22820    0.00001
     469   5.585   -51.22816    0.00001    0.00001     163       1
     470   5.592   -51.22815    0.00001    0.00001     164       1
     471   5.594   -51.22815    0.00001    0.00001     165       2
     472   5.594   -51.22815    0.00001
     473   5.603   -51.22814    0.00001    0.00001     166       2
     474   5.604   -51.22813    0.00001
     475   5.604   -51.22813    0.00001    0.00001     167       1
     476   5.607   -51.22813    0.00001    0.00001     168       2
     477   5.607   -51.22813    0.00001
     478   5.619   -51.22811    0.00001    0.00002     169       3
     479   5.619   -51.22811    0.00001
     480   5.619   -51.22811    0.00001
     481   5.623   -51.22810    0.00001    0.00001     170       1
     482   5.625   -51.22810    0.00001    0.00002     171       3
     483   5.625   -51.22810    0.00001
     484   5.625   -51.22810    0.00001
     485   5.631   -51.22809    0.00001    0.00002     172       3
     486   5.639   -51.22808    0.00000
     487   5.637   -51.22808    0.00001
     488   5.637   -51.22808    0.00001    0.00001     173       1
     489   5.655   -51.22805    0.00000    0.00000     174       1
     490   5.659   -51.22805    0.00000    0.00000     175       1
     491   5.664   -51.22804    0.00000    0.00001     176       3
     492   5.664   -51.22804    0.00000
     493   5.664   -51.22804    0.00000
     494   5.668   -51.22803    0.00000    0.00001     177       2
     495   5.669   -51.22803    0.00000
     496   5.681   -51.22801    0.00000    0.00000     178       1
     497   5.687   -51.22800    0.00000    0.00000     179       1
     498   5.696   -51.22799    0.00000    0.00000     180       1
     499   5.725   -51.22794    0.00000    0.00001     181       3
     500   5.726   -51.22794    0.00000
     501   5.725   -51.22794    0.00000
     502   5.725   -51.22794    0.00000    0.00000     182       1
     503   5.737   -51.22792    0.00000    0.00000     183       1
     504   5.741   -51.22792    0.00000    0.00001     184       2
     505   5.741   -51.22792    0.00000
     506   5.757   -51.22789    0.00000    0.00000     185       1
     507   5.798   -51.22783    0.00000    0.00001     186       2
     508   5.798   -51.22783    0.00000
     509   5.807   -51.22781    0.00000    0.00000     187       1
     510   5.844   -51.22775    0.00000    0.00001     188       4
     511   5.844   -51.22775    0.00000
     512   5.844   -51.22775    0.00000
     513   5.844   -51.22775    0.00000
     514   5.850   -51.22774    0.00000    0.00001     189       3
     515   5.850   -51.22774    0.00000
     516   5.850   -51.22774    0.00000
     517   5.851   -51.22774    0.00000    0.00001     190       3
     518   5.852   -51.22774    0.00000
     519   5.852   -51.22774    0.00000
     520   5.856   -51.22773    0.00000    0.00001     191       2
     521   5.856   -51.22773    0.00000
     522   5.868   -51.22771    0.00000    0.00000     192       1
     523   5.886   -51.22768    0.00000    0.00001     193       2
     524   5.886   -51.22768    0.00000
     525   5.886   -51.22768    0.00000    0.00000     194       1
     526   5.911   -51.22765    0.00000    0.00000     195       1
     527   5.916   -51.22764    0.00000    0.00002     196       6
     528   5.916   -51.22764    0.00000
     529   5.916   -51.22764    0.00000
     530   5.916   -51.22764    0.00000
     531   5.916   -51.22764    0.00000
     532   5.916   -51.22764    0.00000
     533   5.919   -51.22763    0.00000    0.00001     197       3
     534   5.919   -51.22763    0.00000
     535   5.920   -51.22763    0.00000
     536   5.926   -51.22762    0.00000    0.00001     198       4
     537   5.926   -51.22762    0.00000
     538   5.926   -51.22762    0.00000
     539   5.926   -51.22762    0.00000
     540   5.984   -51.22753    0.00000    0.00000     199       1
     541   5.995   -51.22751    0.00000    0.00001     200       5
     542   5.996   -51.22751    0.00000
     543   5.996   -51.22751    0.00000
     544   5.996   -51.22751    0.00000
     545   5.996   -51.22751    0.00000
     546   5.997   -51.22751    0.00000    0.00002     201       7
     547   5.997   -51.22751    0.00000
     548   5.997   -51.22751    0.00000
     549   5.997   -51.22751    0.00000
     550   5.997   -51.22751    0.00000
     551   5.997   -51.22751    0.00000
     552   5.997   -51.22751    0.00000
T /K                                  :   298.15
E lowest                              :   -51.23706
ensemble average energy (kcal)        :    0.444
ensemble entropy (J/mol K, cal/mol K) :   28.651    6.848
ensemble free energy (kcal/mol)       :   -2.042
population of lowest in %             :   60.669
 number of unique conformers for further calc          201
 list of relative energies saved as "crest.energies"

 -----------------
 Wall Time Summary
 -----------------
 CREST runtime (total)               0 d,  0 h,  9 min, 39.973 sec
 ------------------------------------------------------------------
 Trial metadynamics (MTD)   ...        0 min,  2.609 sec (  0.450%)
 Metadynamics (MTD)         ...        2 min, 20.508 sec ( 24.227%)
 Geometry optimization      ...        6 min, 43.321 sec ( 69.541%)
 Molecular dynamics (MD)    ...        0 min, 31.703 sec (  5.466%)
 Genetic crossing (GC)      ...        0 min,  1.154 sec (  0.199%)
 I/O and setup              ...        0 min,  0.677 sec (  0.117%)
 ------------------------------------------------------------------
 * wall-time:     0 d,  0 h,  9 min, 39.973 sec
 *  cpu-time:     0 d,  2 h, 18 min, 14.082 sec
 * ratio c/w:    14.301 speedup
 ------------------------------------------------------------------
 * Total number of energy+grad calls: 434791

 CREST terminated normally.
