  23
 Etot=         -37.8448736190
 O          1.6829338095       -1.8111018186       -0.4595617793
 O         -1.6794372116       -2.1249429878        0.9342030276
 O         -2.8433996124        1.0111047410       -0.9455767972
 N          1.4779062606        1.6814649097        0.3000641626
 C         -0.2877430858       -0.4285824871       -0.1155843313
 C         -0.7586643095        0.8520389118        0.1976840344
 C          1.0922558603       -0.6143896508       -0.1952421278
 C          1.9464649277        0.4833114551        0.0173137203
 C         -1.2580022849       -1.5721783870       -0.2990946026
 C         -2.2322545899        1.1297982609        0.3283387437
 C          0.1706308841        1.8614432540        0.3860282392
 C          3.4268721462        0.3066247152       -0.0701578192
 H         -2.1607172727       -1.2092786631       -0.7916951885
 H         -0.8294291612       -2.3621512013       -0.9391527685
 H         -2.6772997438        0.4130054062        1.0336966310
 H         -2.3710972287        2.1443620116        0.7252644494
 H         -0.1435756882        2.8688034155        0.6237614673
 H          3.7604867643       -0.4196718599        0.6688658233
 H          3.6978775015       -0.0759492305       -1.0523295126
 H          3.9151765292        1.2597849318        0.1036204695
 H          1.0164893707       -2.4842799827       -0.6469905385
 H         -0.9055465002       -2.3364706473        1.4688674331
 H         -3.7796657811        1.2167302805       -0.8588962318
  23
 Etot=         -37.8448736178
 O          1.6829295160       -1.8111007871       -0.4595581659
 O         -1.6794409918       -2.1249423047        0.9342037570
 O         -2.8433928607        1.0111028363       -0.9455758069
 N          1.4779088640        1.6814694430        0.3000705260
 C         -0.2877528590       -0.4285665756       -0.1155896650
 C         -0.7586642743        0.8520365924        0.1976864516
 C          1.0922712004       -0.6143962217       -0.1952482482
 C          1.9464604884        0.4833032443        0.0173106947
 C         -1.2580016258       -1.5721722514       -0.2990904800
 C         -2.2322511738        1.1297983381        0.3283373543
 C          0.1706233979        1.8614364798        0.3860469168
 C          3.4268846435        0.3066164090       -0.0701511847
 H         -2.1607148302       -1.2092770122       -0.7916900664
 H         -0.8294228676       -2.3621562732       -0.9391546916
 H         -2.6772966030        0.4130057997        1.0336932149
 H         -2.3710971834        2.1443575743        0.7252616122
 H         -0.1435765450        2.8688014826        0.6237458913
 H          3.7604789610       -0.4196600593        0.6688623482
 H          3.6978742508       -0.0759410156       -1.0523348678
 H          3.9151666046        1.2597730369        0.1036184507
 H          1.0164893881       -2.4842756519       -0.6469896865
 H         -0.9055481042       -2.3364685416        1.4688640369
 H         -3.7796658119        1.2167308352       -0.8588918878
  23
 Etot=         -37.8448736167
 O          1.6829252226       -1.8110997556       -0.4595545526
 O         -1.6794447719       -2.1249416215        0.9342044864
 O         -2.8433861089        1.0111009315       -0.9455748165
 N          1.4779114673        1.6814739762        0.3000768895
 C         -0.2877626321       -0.4285506641       -0.1155949986
 C         -0.7586642391        0.8520342730        0.1976888688
 C          1.0922865406       -0.6144027925       -0.1952543686
 C          1.9464560491        0.4832950334        0.0173076691
 C         -1.2580009668       -1.5721661159       -0.2990863575
 C         -2.2322477577        1.1297984153        0.3283359650
 C          0.1706159117        1.8614297057        0.3860655944
 C          3.4268971407        0.3066081028       -0.0701445502
 H         -2.1607123877       -1.2092753613       -0.7916849442
 H         -0.8294165741       -2.3621613452       -0.9391566147
 H         -2.6772934622        0.4130061931        1.0336897988
 H         -2.3710971382        2.1443531370        0.7252587750
 H         -0.1435774019        2.8687995497        0.6237303153
 H          3.7604711576       -0.4196482587        0.6688588732
 H          3.6978710002       -0.0759328007       -1.0523402230
 H          3.9151566800        1.2597611420        0.1036164319
 H          1.0164894056       -2.4842713210       -0.6469888344
 H         -0.9055497081       -2.3364664358        1.4688606407
 H         -3.7796658427        1.2167313898       -0.8588875438
  23
 Etot=         -37.8448736080
 O          1.6829209291       -1.8110987240       -0.4595509392
 O         -1.6794485521       -2.1249409384        0.9342052158
 O         -2.8433793571        1.0110990267       -0.9455738262
 N          1.4779140707        1.6814785095        0.3000832529
 C         -0.2877724053       -0.4285347526       -0.1156003323
 C         -0.7586642039        0.8520319536        0.1976912861
 C          1.0923018808       -0.6144093634       -0.1952604891
 C          1.9464516098        0.4832868226        0.0173046435
 C         -1.2580003078       -1.5721599803       -0.2990822349
 C         -2.2322443417        1.1297984924        0.3283345756
 C          0.1706084254        1.8614229315        0.3860842720
 C          3.4269096380        0.3065997967       -0.0701379157
 H         -2.1607099452       -1.2092737104       -0.7916798221
 H         -0.8294102805       -2.3621664171       -0.9391585377
 H         -2.6772903214        0.4130065865        1.0336863827
 H         -2.3710970929        2.1443486997        0.7252559378
 H         -0.1435782587        2.8687976168        0.6237147394
 H          3.7604633543       -0.4196364582        0.6688553981
 H          3.6978677495       -0.0759245858       -1.0523455782
 H          3.9151467553        1.2597492471        0.1036144131
 H          1.0164894230       -2.4842669902       -0.6469879823
 H         -0.9055513120       -2.3364643300        1.4688572444
 H         -3.7796658735        1.2167319445       -0.8588831997
  23
 Etot=         -37.8448735929
 O          1.6829166357       -1.8110976925       -0.4595473258
 O         -1.6794523322       -2.1249402552        0.9342059452
 O         -2.8433726054        1.0110971220       -0.9455728359
 N          1.4779166740        1.6814830427        0.3000896164
 C         -0.2877821784       -0.4285188411       -0.1156056659
 C         -0.7586641687        0.8520296342        0.1976937033
 C          1.0923172209       -0.6144159342       -0.1952666095
 C          1.9464471705        0.4832786117        0.0173016179
 C         -1.2579996487       -1.5721538447       -0.2990781123
 C         -2.2322409256        1.1297985696        0.3283331862
 C          0.1706009392        1.8614161574        0.3861029497
 C          3.4269221352        0.3065914905       -0.0701312812
 H         -2.1607075026       -1.2092720594       -0.7916746999
 H         -0.8294039869       -2.3621714891       -0.9391604608
 H         -2.6772871807        0.4130069800        1.0336829666
 H         -2.3710970476        2.1443442624        0.7252531006
 H         -0.1435791156        2.8687956839        0.6236991634
 H          3.7604555509       -0.4196246576        0.6688519230
 H          3.6978644989       -0.0759163709       -1.0523509334
 H          3.9151368307        1.2597373522        0.1036123942
 H          1.0164894405       -2.4842626594       -0.6469871303
 H         -0.9055529159       -2.3364622243        1.4688538482
 H         -3.7796659043        1.2167324991       -0.8588788557
  23
 Etot=         -37.8448736058
 O          1.6828652527       -1.8111407615       -0.4595569130
 O         -1.6794903946       -2.1248626793        0.9341779918
 O         -2.8432879359        1.0110662679       -0.9455745700
 N          1.4779182990        1.6814070943        0.3002772816
 C         -0.2877261333       -0.4285680750       -0.1155692574
 C         -0.7586372228        0.8520157804        0.1977924618
 C          1.0922472601       -0.6144042738       -0.1952288393
 C          1.9464516044        0.4832690604        0.0174039001
 C         -1.2579660110       -1.5721492376       -0.2991064644
 C         -2.2322178661        1.1297577004        0.3283672771
 C          0.1706569978        1.8613945949        0.3862599855
 C          3.4268361023        0.3066066187       -0.0702029174
 H         -2.1606578010       -1.2092478860       -0.7917455220
 H         -0.8292936134       -2.3621347098       -0.9390883981
 H         -2.6772654174        0.4129277254        1.0336775532
 H         -2.3711058441        2.1443102395        0.7252939037
 H         -0.1435827892        2.8688987902        0.6233197013
 H          3.7604795340       -0.4197413784        0.6687655283
 H          3.6977810753       -0.0757443470       -1.0524801133
 H          3.9150703591        1.2597687320        0.1036868992
 H          1.0163666524       -2.4842580132       -0.6470286557
 H         -0.9056313152       -2.3363781184        1.4688876418
 H         -3.7795492089        1.2166822531       -0.8589019706
