  35
 Etot=         -52.9851189408
 S          1.6983720766        1.6477943101       -0.6454815103
 O          6.1991205014       -0.2278414467        0.0687407124
 N          0.4749434267       -0.3203652639        0.3359262173
 N         -3.8871534824        0.6794751714        0.4818506111
 N         -3.7139091102       -0.9988349515       -1.1474323530
 N         -2.2504649103        1.1321931829        2.0080622639
 C          1.7308593320       -0.8067903627        0.0675834514
 C         -0.5965265137       -1.1290235088        0.9185278046
 C          2.5431411534        0.1407559670       -0.4920070497
 C          3.9673273559        0.0186937329       -0.8830427083
 C         -1.9524321413       -0.7088496559        0.4303059089
 C          0.3173673156        0.9539343078        0.0202749249
 C          2.0987294037       -2.2130076271        0.3750283095
 C          4.9118763399        0.2239287441        0.3354190747
 C         -2.7092812779        0.3408563135        0.9939090046
 C         -2.5453732287       -1.3460229657       -0.6536598163
 C         -4.3526471733        0.0114354873       -0.5618291982
 C         -5.6764191530        0.4033282661       -1.1045701292
 H         -0.5228903181       -1.0568476332        2.0091905459
 H         -0.4226712190       -2.1676893638        0.6316170753
 H          4.2081999121        0.7551409716       -1.6510976464
 H          4.1644575755       -0.9750650041       -1.2897979671
 H         -0.5987184202        1.4901129142        0.1857903077
 H          1.5368765687       -2.9085184162       -0.2486680200
 H          3.1558447004       -2.3728426057        0.1898873601
 H          1.8968719991       -2.4473263869        1.4189946889
 H          4.5576313765       -0.3783870145        1.1764559210
 H          4.8981268042        1.2808790218        0.6330192960
 H         -2.0523967678       -2.1744352523       -1.1486128512
 H         -1.6412004279        0.7329733494        2.7038289735
 H         -2.9547658897        1.7568179652        2.3744339224
 H          6.6461593404        0.3557769636       -0.5550690205
 H         -6.4219833412       -0.3195733253       -0.7760595013
 H         -5.9550013237        1.3873392198       -0.7419406762
 H         -5.6532896257        0.3791166586       -2.1904381691
  35
 Etot=         -52.9851189543
 S          1.6983799793        1.6477906017       -0.6454793483
 O          6.1991248184       -0.2278500279        0.0687380085
 N          0.4749416215       -0.3203582917        0.3359353587
 N         -3.8871560064        0.6794699981        0.4818467704
 N         -3.7139251508       -0.9988285621       -1.1474392762
 N         -2.2504724036        1.1321937115        2.0080583680
 C          1.7308631978       -0.8067828147        0.0675819805
 C         -0.5965254752       -1.1290219245        0.9185238261
 C          2.5431493302        0.1407583103       -0.4920227916
 C          3.9673109708        0.0186915205       -0.8830396317
 C         -1.9524424844       -0.7088479343        0.4303096850
 C          0.3173651762        0.9539319405        0.0202806877
 C          2.0987343598       -2.2130139673        0.3750350183
 C          4.9118771779        0.2239375814        0.3354142904
 C         -2.7092775175        0.3408547780        0.9939083323
 C         -2.5453597995       -1.3460230002       -0.6536560226
 C         -4.3526352781        0.0114419568       -0.5618264576
 C         -5.6764018777        0.4033355177       -1.1045727901
 H         -0.5228887871       -1.0568509762        2.0091910354
 H         -0.4226702863       -2.1676871740        0.6316121071
 H          4.2081968372        0.7551391586       -1.6510956475
 H          4.1644558245       -0.9750608565       -1.2897983049
 H         -0.5987178745        1.4901104823        0.1857856238
 H          1.5368811116       -2.9085168231       -0.2486683238
 H          3.1558473630       -2.3728420724        0.1898903582
 H          1.8968674180       -2.4473272105        1.4189937235
 H          4.5576386115       -0.3783818427        1.1764550890
 H          4.8981239760        1.2808730185        0.6330249170
 H         -2.0524013121       -2.1744400653       -1.1486113472
 H         -1.6411999919        0.7329730714        2.7038265189
 H         -2.9547589312        1.7568111597        2.3744301515
 H          6.6461584210        0.3557782610       -0.5550622660
 H         -6.4220056153       -0.3195798950       -0.7760501538
 H         -5.9550018959        1.3873418420       -0.7419424208
 H         -5.6532946493        0.3791122915       -2.1904373109
