  47
 Etot=         -82.7617337389
 O          1.2991991153        2.7638895160        0.3461479574
 O          2.9728212650        0.4457935128       -1.7933928100
 O          3.4719626771       -0.2162517579        1.1228566053
 O          4.8751966873        3.0572800477        0.6890884245
 O         -1.2804781311       -4.4135047335        0.6395091283
 O          2.8337658670       -2.7846052474       -0.3396090709
 N         -0.5916343203        0.1474859436       -0.6232280473
 N         -2.3404914688       -1.8100015127        0.3232949365
 N          1.1145185886       -1.3711806940       -0.6045042238
 N          0.7548637438       -3.5928445217        0.0890326381
 C          1.4754519708        1.4392560236       -0.1061577553
 C          0.3921337662        1.0705925083       -1.1496655233
 C          2.9052837000        1.3233738999       -0.7065361439
 C          3.9181304539        0.8979374800        0.3859584290
 C         -1.8863518076        0.4855653229       -0.3241125192
 C         -0.1488059079       -1.1200723410       -0.3899561329
 C         -2.7563066455       -0.5411188961        0.1426403083
 C         -2.4038584392        1.7795340377       -0.4392420153
 C         -1.0989307787       -2.0933802661        0.0869136433
 C          4.1941622818        2.0322556972        1.3738514017
 C         -3.7199327634        2.0640320149       -0.1371343623
 C         -4.0943076390       -0.2345546203        0.4376113514
 C         -4.5889436255        1.0383861513        0.3025186252
 C         -0.5986245204       -3.4773471911        0.3026270834
 C         -4.2257481277        3.4628827824       -0.2733923558
 C         -6.0177720738        1.3402775317        0.6215619510
 C          1.6385562395       -2.5802083989       -0.2986653085
 H          1.4163562254        0.7371869692        0.7364104295
 H         -0.0832519872        1.9815107156       -1.5039675217
 H          0.8896593015        0.5826973887       -1.9933648278
 H          3.1986627723        2.3079447530       -1.0814905181
 H          4.8610991132        0.6738429229       -0.1323943982
 H         -1.7729389704        2.5928782655       -0.7616004566
 H          3.2477338979        2.3962025175        1.7890636834
 H          4.8050903818        1.6277533377        2.1923837317
 H         -4.7147789473       -1.0467960793        0.7812905549
 H          0.5683836467        2.7943363631        0.9735096409
 H          2.7560776989       -0.4468771076       -1.4731908274
 H          3.4924508450       -1.0060507333        0.5591188188
 H         -5.0459384271        3.5004283958       -0.9890109950
 H         -4.6079244847        3.8241431897        0.6803978425
 H         -3.4404857991        4.1337844588       -0.6105005407
 H         -6.0857206929        2.0796789555        1.4184399255
 H         -6.5276390282        1.7465311847       -0.2508514222
 H         -6.5357454032        0.4399969558        0.9385447817
 H          1.1685787381       -4.5018220489        0.2677553145
 H          4.9768920604        3.8092912171        1.2809648554
  47
 Etot=         -82.7617337263
 O          1.2991971272        2.7638848193        0.3461509752
 O          2.9728318555        0.4457919058       -1.7933875334
 O          3.4719650071       -0.2162509738        1.1228567157
 O          4.8751907849        3.0572915782        0.6890834678
 O         -1.2804619718       -4.4134828596        0.6395006475
 O          2.8337452859       -2.7846029508       -0.3396109398
 N         -0.5916330398        0.1474914603       -0.6232272524
 N         -2.3404987095       -1.8100017170        0.3232920212
 N          1.1145263247       -1.3711828582       -0.6045085836
 N          0.7548585216       -3.5928437874        0.0890396277
 C          1.4754529657        1.4392586477       -0.1061660514
 C          0.3921204536        1.0705894206       -1.1496540278
 C          2.9052797609        1.3233806547       -0.7065267460
 C          3.9181381530        0.8979317811        0.3859536833
 C         -1.8863578745        0.4855617369       -0.3241107790
 C         -0.1488024102       -1.1200769811       -0.3899542857
 C         -2.7563157407       -0.5411089408        0.1426409351
 C         -2.4038486644        1.7795326578       -0.4392413954
 C         -1.0989358323       -2.0933863361        0.0869222396
 C          4.1941652661        2.0322571349        1.3738470051
 C         -3.7199379262        2.0640308148       -0.1371324270
 C         -4.0943077673       -0.2345604794        0.4376096196
 C         -4.5889496904        1.0383892018        0.3025163547
 C         -0.5986260358       -3.4773612003        0.3026225417
 C         -4.2257489517        3.4628840186       -0.2733923025
 C         -6.0177692289        1.3402742591        0.6215625319
 C          1.6385714534       -2.5802116317       -0.2986535748
 H          1.4163563245        0.7371869445        0.7364073288
 H         -0.0832525336        1.9815164212       -1.5039654846
 H          0.8896583120        0.5826989121       -1.9933632960
 H          3.1986610257        2.3079442451       -1.0814921453
 H          4.8611040130        0.6738416727       -0.1323968430
 H         -1.7729398039        2.5928782909       -0.7616002621
 H          3.2477339482        2.3962039493        1.7890624934
 H          4.8050926809        1.6277530785        2.1923793349
 H         -4.7147792230       -1.0467936854        0.7812883211
 H          0.5683848196        2.7943342720        0.9735168687
 H          2.7560770195       -0.4468752060       -1.4731910306
 H          3.4924506650       -1.0060522055        0.5591184253
 H         -5.0459404591        3.5004275238       -0.9890131924
 H         -4.6079256485        3.8241434246        0.6804014622
 H         -3.4404864403        4.1337825257       -0.6105002060
 H         -6.0857222962        2.0796779636        1.4184392603
 H         -6.5276387126        1.7465323152       -0.2508585343
 H         -6.5357464259        0.4399969361        0.9385409715
 H          1.1685793501       -4.5018246379        0.2677550950
 H          4.9769053171        3.8092817949        1.2809632520
  47
 Etot=         -82.7617337294
 O          1.2991951391        2.7638801226        0.3461539930
 O          2.9728424460        0.4457902989       -1.7933822567
 O          3.4719673371       -0.2162501898        1.1228568262
 O          4.8751848825        3.0573031086        0.6890785111
 O         -1.2804458125       -4.4134609858        0.6394921667
 O          2.8337247048       -2.7846006543       -0.3396128086
 N         -0.5916317593        0.1474969771       -0.6232264575
 N         -2.3405059503       -1.8100019213        0.3232891059
 N          1.1145340608       -1.3711850225       -0.6045129435
 N          0.7548532995       -3.5928430531        0.0890466172
 C          1.4754539605        1.4392612719       -0.1061743475
 C          0.3921071411        1.0705863329       -1.1496425323
 C          2.9052758218        1.3233874096       -0.7065173481
 C          3.9181458520        0.8979260823        0.3859489377
 C         -1.8863639415        0.4855581508       -0.3241090387
 C         -0.1487989126       -1.1200816213       -0.3899524385
 C         -2.7563248359       -0.5410989854        0.1426415618
 C         -2.4038388896        1.7795312779       -0.4392407755
 C         -1.0989408859       -2.0933924061        0.0869308358
 C          4.1941682504        2.0322585726        1.3738426086
 C         -3.7199430889        2.0640296146       -0.1371304917
 C         -4.0943078955       -0.2345663385        0.4376078879
 C         -4.5889557553        1.0383922523        0.3025140843
 C         -0.5986275512       -3.4773752095        0.3026179999
 C         -4.2257497757        3.4628852548       -0.2733922492
 C         -6.0177663841        1.3402709865        0.6215631129
 C          1.6385866672       -2.5802148645       -0.2986418411
 H          1.4163564237        0.7371869199        0.7364042280
 H         -0.0832530800        1.9815221269       -1.5039634476
 H          0.8896573225        0.5827004354       -1.9933617642
 H          3.1986592792        2.3079437371       -1.0814937725
 H          4.8611089128        0.6738404225       -0.1323992878
 H         -1.7729406373        2.5928783164       -0.7616000677
 H          3.2477339984        2.3962053810        1.7890613034
 H          4.8050949801        1.6277528194        2.1923749382
 H         -4.7147794988       -1.0467912915        0.7812860873
 H          0.5683859925        2.7943321810        0.9735240964
 H          2.7560763400       -0.4468733044       -1.4731912337
 H          3.4924504849       -1.0060536777        0.5591180317
 H         -5.0459424911        3.5004266519       -0.9890153899
 H         -4.6079268124        3.8241436594        0.6804050818
 H         -3.4404870815        4.1337805926       -0.6104998713
 H         -6.0857238994        2.0796769717        1.4184385950
 H         -6.5276383969        1.7465334456       -0.2508656463
 H         -6.5357474485        0.4399969163        0.9385371613
 H          1.1685799621       -4.5018272268        0.2677548755
 H          4.9769185738        3.8092723728        1.2809616485
