  14
 Etot=         -26.4312492084
 O         -2.3295155095       -1.0491694058        0.2992266074
 O         -2.2874486137        1.0820631136       -0.2998274574
 N          1.8623750043       -1.1823117631       -0.1560434639
 C         -0.1911635002        0.0279710538       -0.0062458745
 C          0.5178634693        1.2201650689        0.1450725167
 C          0.5436780767       -1.1455222916       -0.1720407878
 C          1.8995249259        1.1819042142        0.1592211638
 C          2.5233427864       -0.0510939044        0.0168915968
 C         -1.6829899563        0.0839112825       -0.0231044188
 H         -0.0308716939        2.1440588304        0.2520490368
 H          0.0687006156       -2.1040501438       -0.3538505441
 H          2.4807245100        2.0823988571        0.2785726623
 H          3.6011233652       -0.1415756191        0.0340864091
 H         -1.7333916016       -1.7706585032        0.5396342424
  14
 Etot=         -26.4312492077
 O         -2.3294881042       -1.0491760596        0.2992209692
 O         -2.2874179001        1.0820044784       -0.2999016355
 N          1.8623461353       -1.1823080067       -0.1560287276
 C         -0.1911633425        0.0279815107       -0.0062112145
 C          0.5178681828        1.2201685221        0.1451170056
 C          0.5436525611       -1.1455200277       -0.1719720302
 C          1.8995215704        1.1819099623        0.1591627155
 C          2.5233222228       -0.0510958161        0.0169048424
 C         -1.6829731543        0.0839043209       -0.0230883616
 H         -0.0308573348        2.1440692381        0.2520668084
 H          0.0686675880       -2.1040107120       -0.3539426106
 H          2.4807258356        2.0823906598        0.2785806363
 H          3.6011011711       -0.1415821320        0.0340662246
 H         -1.7333535530       -1.7706451487        0.5396670671
  14
 Etot=         -26.4312492100
 O         -2.3294906372       -1.0491728525        0.2992379172
 O         -2.2874393652        1.0820290375       -0.2998697899
 N          1.8623559137       -1.1823069954       -0.1560536943
 C         -0.1911651382        0.0279816355       -0.0062453376
 C          0.5178658663        1.2201679527        0.1451073475
 C          0.5436616114       -1.1455124144       -0.1720514747
 C          1.8995222600        1.1819051311        0.1591991941
 C          2.5233281723       -0.0510977871        0.0169062278
 C         -1.6829820483        0.0839004749       -0.0231271983
 H         -0.0308625109        2.1440652250        0.2520813216
 H          0.0686737043       -2.1040327878       -0.3538627088
 H          2.4807263024        2.0823936399        0.2785657765
 H          3.6011076639       -0.1415859066        0.0340909278
 H         -1.7333499162       -1.7706435634        0.5396631800
