  32
 Etot=         -51.2306214016
 O         -2.0097380048        0.9429743781       -1.4711866676
 O         -4.1957518871       -0.6377545109       -0.9917483881
 O         -0.3108122132        2.1571301225        0.1057775657
 O          4.9514663440       -0.6464948821       -0.6537518562
 O          2.9722166702       -1.5307992611       -0.1469628637
 N          0.9155072638        0.2864296613        0.4313870286
 C         -2.2126005183       -0.5317778558        0.4868441128
 C         -1.2911679336        0.1027644667       -0.5991808401
 C         -3.2873123222       -1.3808944884       -0.2318294686
 C         -2.8956147517        0.5620989921        1.3090974854
 C         -1.4036365094       -1.4527055975        1.4007543731
 C         -0.1745760816        0.9488775645        0.0180720789
 C          2.0776628402        0.9527654197        0.9681975409
 C          3.2702505259        0.8629842240        0.0100680456
 C          3.6819258822       -0.5640014915       -0.2564648704
 H         -0.8548090413       -0.7018983752       -1.2054946605
 H         -3.8845672987       -1.9125664482        0.5148645581
 H         -2.7801547813       -2.1313604644       -0.8611573313
 H         -2.1645791726        1.2497945384        1.7277291394
 H         -3.4587641219        0.1118917976        2.1229314702
 H         -3.5903175198        1.1212474057        0.6869133176
 H         -0.7063853032       -0.8826856193        2.0089719595
 H         -0.8506925549       -2.1912633819        0.8234156570
 H         -2.0770376520       -1.9843808176        2.0691595614
 H          1.0287185914       -0.6988149488        0.2398600807
 H         -1.8854647786        1.8458975115       -1.1271354492
 H          1.8061762492        1.9989948732        1.1260818562
 H          2.3409468276        0.4966068509        1.9278501022
 H         -3.6775652612       -0.0218826562       -1.5339733926
 H          4.1272518695        1.4094753795        0.4029211940
 H          3.0011210964        1.3084062558       -0.9515136738
 H          5.1973797191       -1.5658529812       -0.8462797447
