  51
 Etot=         -62.1122283536
 O          6.6122665646       -1.3691420997       -0.0053528637
 C         -3.5894019607        0.8484600822        0.8154275786
 C         -4.9976929692        1.0668585018        0.2424106614
 C         -5.5371955552       -0.1783774758       -0.4429005310
 C         -2.7198599210        0.0310588229       -0.1329308175
 C         -4.6453039867       -0.4995749013       -1.6321121143
 C         -3.1941027495       -0.5521372435       -1.2411554828
 C         -3.6719245943        0.1002641233        2.1532581744
 C         -2.9727142690        2.2340347389        1.0626912414
 C         -1.3199253206       -0.0936284259        0.2721790686
 C         -2.3393836270       -1.2722837221       -2.2439158125
 C         -0.6441336440       -1.2470898367        0.3210796406
 C          0.7353697241       -1.3992342938        0.7558631930
 C          0.9766141282       -2.5895815229        1.6407559723
 C          1.7589012797       -0.5944676378        0.4027689207
 C          1.6975156146        0.4997345446       -0.5230867888
 C          2.7173359214        1.3076460666       -0.8626239157
 C          4.1065236786        1.2375964343       -0.4260302498
 C          4.7617862812        2.5495495937       -0.0843491045
 C          4.7965647095        0.0951967812       -0.3864679425
 C          6.2310564309       -0.0107076183        0.0252769453
 H         -4.9609313616        1.8754302433       -0.4917946911
 H         -5.6659858163        1.3785585383        1.0480753903
 H         -6.5649121891       -0.0132767299       -0.7733722450
 H         -5.5399048391       -1.0191169567        0.2526870498
 H         -4.7805083949        0.2619061472       -2.4086261517
 H         -4.9283802175       -1.4593758594       -2.0728511525
 H         -2.6741424405       -0.0711756267        2.5516600478
 H         -4.2405348243        0.6798443059        2.8780683530
 H         -4.1542823686       -0.8659079498        2.0265600687
 H         -2.0876241528        2.1732862724        1.6899370411
 H         -2.7033397850        2.7068185307        0.1202834291
 H         -3.6968518278        2.8686674813        1.5704662134
 H         -0.8310998489        0.8084577669        0.6120399753
 H         -2.6472268209       -0.9897909253       -3.2508698583
 H         -2.4693589336       -2.3512222107       -2.1540735921
 H         -1.2848032632       -1.0433592329       -2.1194250567
 H         -1.1679729562       -2.1716356050        0.1104174745
 H          2.0126399409       -2.6344692165        1.9661519493
 H          0.3325797274       -2.5473251897        2.5193684176
 H          0.7404668959       -3.5087362737        1.1039557890
 H          2.7313223696       -0.8002824741        0.8268799803
 H          0.7330736805        0.6956752091       -0.9713387985
 H          2.5014201800        2.1452295279       -1.5168233358
 H          4.0648618882        3.3752015561       -0.2014079046
 H          5.6267055678        2.7276117146       -0.7234219868
 H          5.1113236328        2.5377543786        0.9477105981
 H          4.3554355845       -0.8402194756       -0.6913245690
 H          6.3665041235        0.4045488477        1.0386843416
 H          6.8636523878        0.5826883360       -0.6577918557
 H          7.5401357096       -1.4440804881        0.2376670897
