
       ╔════════════════════════════════════════════════╗
       ║                                                ║
       ║     ██████╗██████╗ ███████╗███████╗████████╗   ║
       ║    ██╔════╝██╔══██╗██╔════╝██╔════╝╚══██╔══╝   ║
       ║    ██║     ██████╔╝█████╗  ███████╗   ██║      ║
       ║    ██║     ██╔══██╗██╔══╝  ╚════██║   ██║      ║
       ║    ╚██████╗██║  ██║███████╗███████║   ██║      ║
       ║     ╚═════╝╚═╝  ╚═╝╚══════╝╚══════╝   ╚═╝      ║
       ║                                                ║
       ║    Conformer-Rotamer Ensemble Sampling Tool    ║
       ║            based on the xTB methods            ║
       ║                                                ║
       ╚════════════════════════════════════════════════╝
        Version 3.0.2, Mon, 29 September 16:25:59, 09/29/2025
        commit (c39758d) compiled by 'andrey@PC1'

   Cite work conducted with this code as

   • P.Pracht, F.Bohle, S.Grimme, PCCP, 2020, 22, 7169-7192.
   • S.Grimme, JCTC, 2019, 15, 2847-2862.
   • P.Pracht, S.Grimme, C.Bannwarth, F.Bohle, S.Ehlert,
     G.Feldmann, J.Gorges, M.Müller, T.Neudecker, C.Plett,
     S.Spicher, P.Steinbach, P.Wesołowski, F.Zeller,
     J. Chem. Phys., 2024, 160, 114110.

   for works involving QCG cite

   • S.Spicher, C.Plett, P.Pracht, A.Hansen, S.Grimme,
     JCTC, 2022, 18 (5), 3174-3189.
   • C.Plett, S. Grimme,
     Angew. Chem. Int. Ed. 2023, 62, e202214477.

   for works involving MECP screening cite

   • P.Pracht, C.Bannwarth, JCTC, 2022, 18 (10), 6370-6385.

   Original code
     P.Pracht, S.Grimme, Universität Bonn, MCTC
   with help from (alphabetical order):
     C.Bannwarth, F.Bohle, S.Ehlert, G.Feldmann, J.Gorges,
     S.Grimme, C.Plett, P.Pracht, S.Spicher, P.Steinbach,
     P.Wesolowski, F.Zeller

   Online documentation is available at
   https://crest-lab.github.io/crest-docs/

   This program is distributed in the hope that it will be useful,
   but WITHOUT ANY WARRANTY; without even the implied warranty of
   MERCHANTABILITY or FITNESS FOR A PARTICULAR PURPOSE. See the
   GNU Lesser General Public License (LGPL) for more details.

 Command line input:
 $ ./crest m1_00_Vitamin_B5-uni_conformers-CLUST_1_gfn2_opt.xyz --T 16 --gfn2

  --T 16 (CPUs/Threads selected)
  --gfn2               : Use of GFN2-xTB requested.

> Setting up backup calculator ... done.
 ----------------
 Calculation info
 ----------------
> User-defined calculation level:
 : xTB calculation via tblite lib
 : GFN2-xTB level
 :   Molecular charge    : 0
 :   Fermi temperature   : 300.00000
 :   Accuracy            : 1.00000
 :   max SCC cycles      : 500


 -----------------------------
 Initial Geometry Optimization
 -----------------------------
 Geometry successfully optimized.

          ┍━━━━━━━━━━━━━━━━━━━━━━━━━━━━━━━━━━━━━━━━━━━━━━━━━┑
          │              CREST iMTD-GC SAMPLING             │
          ┕━━━━━━━━━━━━━━━━━━━━━━━━━━━━━━━━━━━━━━━━━━━━━━━━━┙

 Input structure:
  32

 O         -1.7456960210       -2.2820879135       -0.4375948801
 O         -2.1674104436        2.5032239796        0.5181813318
 O          0.7971314180       -1.5663737750       -0.6592299922
 O          3.2375230282        0.1266708136       -1.2659298343
 O          1.4657983866        1.4442084840       -0.9422887366
 N          0.8179125391       -0.7395068913        1.4387290179
 C         -1.9906815917        0.1265208688       -0.1025722266
 C         -1.3308039019       -1.2077917193        0.3637920540
 C         -1.5021554946        1.2935312369        0.7786940538
 C         -3.5049894404       -0.0305868233        0.0507321024
 C         -1.6393901901        0.3982078349       -1.5672179633
 C          0.1954971274       -1.1625343027        0.3189063634
 C          2.2563648649       -0.6216384802        1.5021737201
 C          2.7605492568        0.7271641035        0.9581698901
 C          2.3999273029        0.8236205613       -0.5069002388
 H         -1.6615444989       -1.4196116004        1.3889421591
 H         -0.4218792120        1.4294528774        0.6399709504
 H         -1.7094211107        1.0759546680        1.8316628837
 H         -3.8516899591       -0.8664939951       -0.5501054812
 H         -4.0082092704        0.8780737532       -0.2685993464
 H         -3.7647117478       -0.2185469912        1.0901434788
 H         -2.2119856498        1.2436251286       -1.9435270262
 H         -1.8877092995       -0.4670936215       -2.1766078514
 H         -0.5794157853        0.6168914693       -1.6751100461
 H          0.2735715634       -0.3251288073        2.1774787739
 H         -1.0494365563       -2.4054456329       -1.1038762124
 H          2.5716161325       -0.7434773312        2.5396999908
 H          2.6756109690       -1.4274053186        0.8938118383
 H         -1.9366390889        2.7795729432       -0.3756046441
 H          3.8436444526        0.7683115534        1.0627247095
 H          2.2973017465        1.5528641749        1.4989955786
 H          2.9288931639        0.0944152365       -2.1848652386

 ------------------------------------------------
 Generating MTD length from a flexibility measure
 ------------------------------------------------
 Calculating GFN0-xTB WBOs   ... done.
 Calculating NCI flexibility ... done.
     covalent flexibility measure :   0.521
 non-covalent flexibility measure :   0.731
 flexibility measure :   0.524
 t(MTD) / ps    :    11.0
 Σ(t(MTD)) / ps :   154.0 (14 MTDs)

 -----------------------------------
 Starting trial MTD to test settings
 -----------------------------------
 Trial MTD 1 runtime (1.0 ps) ...        0 min,  2.643 sec
 Estimated runtime for one MTD (11.0 ps) on a single thread: 29 sec
 Estimated runtime for a batch of 14 MTDs on 16 threads: 29 sec

********************************************************************************
**                    N E W   I T E R A T I O N  C Y C L E                    **
********************************************************************************

 ------------------------------
 Meta-Dynamics Iteration 1
 ------------------------------
 list of applied metadynamics Vbias parameters:
$metadyn    0.09600   1.300
$metadyn    0.04800   1.300
$metadyn    0.02400   1.300
$metadyn    0.09600   0.780
$metadyn    0.04800   0.780
$metadyn    0.02400   0.780
$metadyn    0.09600   0.468
$metadyn    0.04800   0.468
$metadyn    0.02400   0.468
$metadyn    0.09600   0.281
$metadyn    0.04800   0.281
$metadyn    0.02400   0.281
$metadyn    0.03200   0.100
$metadyn    0.16000   0.800

  ::::::::::::: starting MTD    8 :::::::::::::
  |   MD simulation time   :    11.0 ps       |
  |   target T             :   300.0 K        |
  |   timestep dt          :     5.0 fs       |
  |   dump interval(trj)   :   100.0 fs       |
  |   SHAKE algorithm      : true (all bonds) |
  |   dump interval(Vbias) :    1.00 ps       |
  |   Vbias prefactor (k)  :  0.0480 Eh       |
  |   Vbias exponent (α)   :  0.4680 bohr⁻²   |
  ::::::::::::: starting MTD    3 :::::::::::::
  |   MD simulation time   :    11.0 ps       |
  |   target T             :   300.0 K        |
  |   timestep dt          :     5.0 fs       |
  |   dump interval(trj)   :   100.0 fs       |
  |   SHAKE algorithm      : true (all bonds) |
  |   dump interval(Vbias) :    1.00 ps       |
  |   Vbias prefactor (k)  :  0.0240 Eh       |
  |   Vbias exponent (α)   :  1.3000 bohr⁻²   |
  ::::::::::::: starting MTD    5 :::::::::::::
  |   MD simulation time   :    11.0 ps       |
  |   target T             :   300.0 K        |
  |   timestep dt          :     5.0 fs       |
  |   dump interval(trj)   :   100.0 fs       |
  |   SHAKE algorithm      : true (all bonds) |
  |   dump interval(Vbias) :    1.00 ps       |
  |   Vbias prefactor (k)  :  0.0480 Eh       |
  |   Vbias exponent (α)   :  0.7800 bohr⁻²   |
  ::::::::::::: starting MTD    1 :::::::::::::
  |   MD simulation time   :    11.0 ps       |
  |   target T             :   300.0 K        |
  |   timestep dt          :     5.0 fs       |
  |   dump interval(trj)   :   100.0 fs       |
  |   SHAKE algorithm      : true (all bonds) |
  |   dump interval(Vbias) :    1.00 ps       |
  |   Vbias prefactor (k)  :  0.0960 Eh       |
  |   Vbias exponent (α)   :  1.3000 bohr⁻²   |
  ::::::::::::: starting MTD   13 :::::::::::::
  |   MD simulation time   :    11.0 ps       |
  |   target T             :   300.0 K        |
  |   timestep dt          :     5.0 fs       |
  |   dump interval(trj)   :   100.0 fs       |
  |   SHAKE algorithm      : true (all bonds) |
  |   dump interval(Vbias) :    1.00 ps       |
  |   Vbias prefactor (k)  :  0.0320 Eh       |
  |   Vbias exponent (α)   :  0.1000 bohr⁻²   |
  ::::::::::::: starting MTD   10 :::::::::::::
  |   MD simulation time   :    11.0 ps       |
  |   target T             :   300.0 K        |
  |   timestep dt          :     5.0 fs       |
  |   dump interval(trj)   :   100.0 fs       |
  |   SHAKE algorithm      : true (all bonds) |
  |   dump interval(Vbias) :    1.00 ps       |
  |   Vbias prefactor (k)  :  0.0960 Eh       |
  |   Vbias exponent (α)   :  0.2808 bohr⁻²   |
  ::::::::::::: starting MTD    4 :::::::::::::
  |   MD simulation time   :    11.0 ps       |
  |   target T             :   300.0 K        |
  |   timestep dt          :     5.0 fs       |
  |   dump interval(trj)   :   100.0 fs       |
  |   SHAKE algorithm      : true (all bonds) |
  |   dump interval(Vbias) :    1.00 ps       |
  |   Vbias prefactor (k)  :  0.0960 Eh       |
  |   Vbias exponent (α)   :  0.7800 bohr⁻²   |
  ::::::::::::: starting MTD    7 :::::::::::::
  |   MD simulation time   :    11.0 ps       |
  |   target T             :   300.0 K        |
  |   timestep dt          :     5.0 fs       |
  |   dump interval(trj)   :   100.0 fs       |
  |   SHAKE algorithm      : true (all bonds) |
  |   dump interval(Vbias) :    1.00 ps       |
  |   Vbias prefactor (k)  :  0.0960 Eh       |
  |   Vbias exponent (α)   :  0.4680 bohr⁻²   |
  ::::::::::::: starting MTD    6 :::::::::::::
  |   MD simulation time   :    11.0 ps       |
  |   target T             :   300.0 K        |
  |   timestep dt          :     5.0 fs       |
  |   dump interval(trj)   :   100.0 fs       |
  |   SHAKE algorithm      : true (all bonds) |
  |   dump interval(Vbias) :    1.00 ps       |
  |   Vbias prefactor (k)  :  0.0240 Eh       |
  |   Vbias exponent (α)   :  0.7800 bohr⁻²   |
  ::::::::::::: starting MTD   14 :::::::::::::
  |   MD simulation time   :    11.0 ps       |
  |   target T             :   300.0 K        |
  |   timestep dt          :     5.0 fs       |
  |   dump interval(trj)   :   100.0 fs       |
  |   SHAKE algorithm      : true (all bonds) |
  |   dump interval(Vbias) :    1.00 ps       |
  |   Vbias prefactor (k)  :  0.1600 Eh       |
  |   Vbias exponent (α)   :  0.8000 bohr⁻²   |
  ::::::::::::: starting MTD   12 :::::::::::::
  |   MD simulation time   :    11.0 ps       |
  |   target T             :   300.0 K        |
  |   timestep dt          :     5.0 fs       |
  |   dump interval(trj)   :   100.0 fs       |
  |   SHAKE algorithm      : true (all bonds) |
  |   dump interval(Vbias) :    1.00 ps       |
  |   Vbias prefactor (k)  :  0.0240 Eh       |
  |   Vbias exponent (α)   :  0.2808 bohr⁻²   |
  ::::::::::::: starting MTD   11 :::::::::::::
  |   MD simulation time   :    11.0 ps       |
  |   target T             :   300.0 K        |
  |   timestep dt          :     5.0 fs       |
  |   dump interval(trj)   :   100.0 fs       |
  |   SHAKE algorithm      : true (all bonds) |
  |   dump interval(Vbias) :    1.00 ps       |
  |   Vbias prefactor (k)  :  0.0480 Eh       |
  |   Vbias exponent (α)   :  0.2808 bohr⁻²   |
  ::::::::::::: starting MTD    9 :::::::::::::
  |   MD simulation time   :    11.0 ps       |
  |   target T             :   300.0 K        |
  |   timestep dt          :     5.0 fs       |
  |   dump interval(trj)   :   100.0 fs       |
  |   SHAKE algorithm      : true (all bonds) |
  |   dump interval(Vbias) :    1.00 ps       |
  |   Vbias prefactor (k)  :  0.0240 Eh       |
  |   Vbias exponent (α)   :  0.4680 bohr⁻²   |
  ::::::::::::: starting MTD    2 :::::::::::::
  |   MD simulation time   :    11.0 ps       |
  |   target T             :   300.0 K        |
  |   timestep dt          :     5.0 fs       |
  |   dump interval(trj)   :   100.0 fs       |
  |   SHAKE algorithm      : true (all bonds) |
  |   dump interval(Vbias) :    1.00 ps       |
  |   Vbias prefactor (k)  :  0.0480 Eh       |
  |   Vbias exponent (α)   :  1.3000 bohr⁻²   |
*MTD  14 completed successfully ...        0 min, 50.596 sec
*MTD   8 completed successfully ...        0 min, 50.715 sec
*MTD  13 completed successfully ...        0 min, 50.790 sec
*MTD   1 completed successfully ...        0 min, 50.918 sec
*MTD   9 completed successfully ...        0 min, 50.956 sec
*MTD   6 completed successfully ...        0 min, 50.958 sec
*MTD   5 completed successfully ...        0 min, 50.992 sec
*MTD  11 completed successfully ...        0 min, 51.003 sec
*MTD   2 completed successfully ...        0 min, 51.025 sec
*MTD   7 completed successfully ...        0 min, 51.275 sec
*MTD  12 completed successfully ...        0 min, 51.281 sec
*MTD  10 completed successfully ...        0 min, 51.311 sec
*MTD   3 completed successfully ...        0 min, 51.326 sec
*MTD   4 completed successfully ...        0 min, 51.426 sec

 ======================================
 |  Multilevel Ensemble Optimization  |
 ======================================
 Optimizing all 1526 structures from file "crest_dynamics.trj" ...
 ----------------------
 crude pre-optimization
 ----------------------
 Optimization engine: ANCOPT
 Hessian update type: BFGS
 E/G convergence criteria:  0.500E-03 Eh, 0.100E-01 Eh/a0
 maximum optimization steps: 200
 |>0.1% |>7.5% |>15.0% |>22.5% |>30.0% |>37.5% |>45.0% |>52.6% |>60.0% |>67.6% |>75.0% |>82.5% |>90.0% |>97.5% |>100.0%
 done.
> 1526 of 1526 structures successfully optimized (100.0% success)
> Total runtime for 1526 optimizations:
 * wall-time:     0 d,  0 h,  0 min, 37.179 sec
 *  cpu-time:     0 d,  0 h,  9 min, 17.660 sec
 * ratio c/w:    14.999 speedup
> Corresponding to approximately 0.024 sec per processed structure

CREGEN> running RMSDs ... done.
CREGEN> E lowest :   -51.23570
 1227 structures remain within    12.00 kcal/mol window
 ----------------------------------
 optimization with tight thresholds
 ----------------------------------
 Optimization engine: ANCOPT
 Hessian update type: BFGS
 E/G convergence criteria:  0.100E-05 Eh, 0.800E-03 Eh/a0
 maximum optimization steps: 200
 |>0.1% |>7.6% |>15.1% |>22.6% |>30.1% |>37.6% |>45.1% |>52.6% |>60.1% |>67.6% |>75.1% |>82.6% |>90.1% |>97.6% |>100.0%
 done.
> 1227 of 1227 structures successfully optimized (100.0% success)
> Total runtime for 1227 optimizations:
 * wall-time:     0 d,  0 h,  1 min, 23.801 sec
 *  cpu-time:     0 d,  0 h, 21 min,  9.844 sec
 * ratio c/w:    15.153 speedup
> Corresponding to approximately 0.068 sec per processed structure

CREGEN> running RMSDs ... done.
CREGEN> E lowest :   -51.23611
 248 structures remain within     6.00 kcal/mol window

 ------------------------------
 Meta-Dynamics Iteration 2
 ------------------------------
 list of applied metadynamics Vbias parameters:
$metadyn    0.09600   1.300
$metadyn    0.04800   1.300
$metadyn    0.02400   1.300
$metadyn    0.09600   0.780
$metadyn    0.04800   0.780
$metadyn    0.02400   0.780
$metadyn    0.09600   0.468
$metadyn    0.04800   0.468
$metadyn    0.02400   0.468
$metadyn    0.09600   0.281
$metadyn    0.04800   0.281
$metadyn    0.02400   0.281
$metadyn    0.03200   0.100
$metadyn    0.16000   0.800

  ::::::::::::: starting MTD    1 :::::::::::::
  |   MD simulation time   :    11.0 ps       |
  |   target T             :   300.0 K        |
  |   timestep dt          :     5.0 fs       |
  |   dump interval(trj)   :   100.0 fs       |
  |   SHAKE algorithm      : true (all bonds) |
  |   dump interval(Vbias) :    1.00 ps       |
  |   Vbias prefactor (k)  :  0.0960 Eh       |
  |   Vbias exponent (α)   :  1.3000 bohr⁻²   |
  ::::::::::::: starting MTD   13 :::::::::::::
  |   MD simulation time   :    11.0 ps       |
  |   target T             :   300.0 K        |
  |   timestep dt          :     5.0 fs       |
  |   dump interval(trj)   :   100.0 fs       |
  |   SHAKE algorithm      : true (all bonds) |
  |   dump interval(Vbias) :    1.00 ps       |
  |   Vbias prefactor (k)  :  0.0320 Eh       |
  |   Vbias exponent (α)   :  0.1000 bohr⁻²   |
  ::::::::::::: starting MTD    6 :::::::::::::
  |   MD simulation time   :    11.0 ps       |
  |   target T             :   300.0 K        |
  |   timestep dt          :     5.0 fs       |
  |   dump interval(trj)   :   100.0 fs       |
  |   SHAKE algorithm      : true (all bonds) |
  |   dump interval(Vbias) :    1.00 ps       |
  |   Vbias prefactor (k)  :  0.0240 Eh       |
  |   Vbias exponent (α)   :  0.7800 bohr⁻²   |
  ::::::::::::: starting MTD   12 :::::::::::::
  |   MD simulation time   :    11.0 ps       |
  |   target T             :   300.0 K        |
  |   timestep dt          :     5.0 fs       |
  |   dump interval(trj)   :   100.0 fs       |
  |   SHAKE algorithm      : true (all bonds) |
  |   dump interval(Vbias) :    1.00 ps       |
  |   Vbias prefactor (k)  :  0.0240 Eh       |
  |   Vbias exponent (α)   :  0.2808 bohr⁻²   |
  ::::::::::::: starting MTD   10 :::::::::::::
  |   MD simulation time   :    11.0 ps       |
  |   target T             :   300.0 K        |
  |   timestep dt          :     5.0 fs       |
  |   dump interval(trj)   :   100.0 fs       |
  |   SHAKE algorithm      : true (all bonds) |
  |   dump interval(Vbias) :    1.00 ps       |
  |   Vbias prefactor (k)  :  0.0960 Eh       |
  |   Vbias exponent (α)   :  0.2808 bohr⁻²   |
  ::::::::::::: starting MTD    3 :::::::::::::
  |   MD simulation time   :    11.0 ps       |
  |   target T             :   300.0 K        |
  |   timestep dt          :     5.0 fs       |
  |   dump interval(trj)   :   100.0 fs       |
  |   SHAKE algorithm      : true (all bonds) |
  |   dump interval(Vbias) :    1.00 ps       |
  |   Vbias prefactor (k)  :  0.0240 Eh       |
  |   Vbias exponent (α)   :  1.3000 bohr⁻²   |
  ::::::::::::: starting MTD    5 :::::::::::::
  |   MD simulation time   :    11.0 ps       |
  |   target T             :   300.0 K        |
  |   timestep dt          :     5.0 fs       |
  |   dump interval(trj)   :   100.0 fs       |
  |   SHAKE algorithm      : true (all bonds) |
  |   dump interval(Vbias) :    1.00 ps       |
  |   Vbias prefactor (k)  :  0.0480 Eh       |
  |   Vbias exponent (α)   :  0.7800 bohr⁻²   |
  ::::::::::::: starting MTD    2 :::::::::::::
  |   MD simulation time   :    11.0 ps       |
  |   target T             :   300.0 K        |
  |   timestep dt          :     5.0 fs       |
  |   dump interval(trj)   :   100.0 fs       |
  |   SHAKE algorithm      : true (all bonds) |
  |   dump interval(Vbias) :    1.00 ps       |
  |   Vbias prefactor (k)  :  0.0480 Eh       |
  |   Vbias exponent (α)   :  1.3000 bohr⁻²   |
  ::::::::::::: starting MTD   11 :::::::::::::
  |   MD simulation time   :    11.0 ps       |
  |   target T             :   300.0 K        |
  |   timestep dt          :     5.0 fs       |
  |   dump interval(trj)   :   100.0 fs       |
  |   SHAKE algorithm      : true (all bonds) |
  |   dump interval(Vbias) :    1.00 ps       |
  |   Vbias prefactor (k)  :  0.0480 Eh       |
  |   Vbias exponent (α)   :  0.2808 bohr⁻²   |
  ::::::::::::: starting MTD    9 :::::::::::::
  |   MD simulation time   :    11.0 ps       |
  |   target T             :   300.0 K        |
  |   timestep dt          :     5.0 fs       |
  |   dump interval(trj)   :   100.0 fs       |
  |   SHAKE algorithm      : true (all bonds) |
  |   dump interval(Vbias) :    1.00 ps       |
  |   Vbias prefactor (k)  :  0.0240 Eh       |
  |   Vbias exponent (α)   :  0.4680 bohr⁻²   |
  ::::::::::::: starting MTD   14 :::::::::::::
  |   MD simulation time   :    11.0 ps       |
  |   target T             :   300.0 K        |
  |   timestep dt          :     5.0 fs       |
  |   dump interval(trj)   :   100.0 fs       |
  |   SHAKE algorithm      : true (all bonds) |
  |   dump interval(Vbias) :    1.00 ps       |
  |   Vbias prefactor (k)  :  0.1600 Eh       |
  |   Vbias exponent (α)   :  0.8000 bohr⁻²   |
  ::::::::::::: starting MTD    8 :::::::::::::
  |   MD simulation time   :    11.0 ps       |
  |   target T             :   300.0 K        |
  |   timestep dt          :     5.0 fs       |
  |   dump interval(trj)   :   100.0 fs       |
  |   SHAKE algorithm      : true (all bonds) |
  |   dump interval(Vbias) :    1.00 ps       |
  |   Vbias prefactor (k)  :  0.0480 Eh       |
  |   Vbias exponent (α)   :  0.4680 bohr⁻²   |
  ::::::::::::: starting MTD    4 :::::::::::::
  |   MD simulation time   :    11.0 ps       |
  |   target T             :   300.0 K        |
  |   timestep dt          :     5.0 fs       |
  |   dump interval(trj)   :   100.0 fs       |
  |   SHAKE algorithm      : true (all bonds) |
  |   dump interval(Vbias) :    1.00 ps       |
  |   Vbias prefactor (k)  :  0.0960 Eh       |
  |   Vbias exponent (α)   :  0.7800 bohr⁻²   |
  ::::::::::::: starting MTD    7 :::::::::::::
  |   MD simulation time   :    11.0 ps       |
  |   target T             :   300.0 K        |
  |   timestep dt          :     5.0 fs       |
  |   dump interval(trj)   :   100.0 fs       |
  |   SHAKE algorithm      : true (all bonds) |
  |   dump interval(Vbias) :    1.00 ps       |
  |   Vbias prefactor (k)  :  0.0960 Eh       |
  |   Vbias exponent (α)   :  0.4680 bohr⁻²   |
*MTD  13 completed successfully ...        0 min, 50.306 sec
*MTD   1 completed successfully ...        0 min, 50.315 sec
*MTD   5 completed successfully ...        0 min, 50.318 sec
*MTD  12 completed successfully ...        0 min, 50.396 sec
*MTD  11 completed successfully ...        0 min, 50.435 sec
*MTD   4 completed successfully ...        0 min, 50.445 sec
*MTD   3 completed successfully ...        0 min, 50.474 sec
*MTD   6 completed successfully ...        0 min, 50.477 sec
*MTD   8 completed successfully ...        0 min, 50.483 sec
*MTD   9 completed successfully ...        0 min, 50.507 sec
*MTD  10 completed successfully ...        0 min, 50.695 sec
*MTD   2 completed successfully ...        0 min, 50.748 sec
*MTD  14 completed successfully ...        0 min, 50.773 sec
*MTD   7 completed successfully ...        0 min, 52.499 sec

 ======================================
 |  Multilevel Ensemble Optimization  |
 ======================================
 Optimizing all 1526 structures from file "crest_dynamics.trj" ...
 ----------------------
 crude pre-optimization
 ----------------------
 Optimization engine: ANCOPT
 Hessian update type: BFGS
 E/G convergence criteria:  0.500E-03 Eh, 0.100E-01 Eh/a0
 maximum optimization steps: 200
 |>0.1% |>7.5% |>15.0% |>22.5% |>30.0% |>37.5% |>45.0% |>52.6% |>60.0% |>67.6% |>75.0% |>82.5% |>90.0% |>97.5% |>100.0%
 done.
> 1526 of 1526 structures successfully optimized (100.0% success)
> Total runtime for 1526 optimizations:
 * wall-time:     0 d,  0 h,  0 min, 36.506 sec
 *  cpu-time:     0 d,  0 h,  9 min,  5.029 sec
 * ratio c/w:    14.930 speedup
> Corresponding to approximately 0.024 sec per processed structure

CREGEN> running RMSDs ... done.
CREGEN> E lowest :   -51.23580
 1197 structures remain within    12.00 kcal/mol window
 ----------------------------------
 optimization with tight thresholds
 ----------------------------------
 Optimization engine: ANCOPT
 Hessian update type: BFGS
 E/G convergence criteria:  0.100E-05 Eh, 0.800E-03 Eh/a0
 maximum optimization steps: 200
 |>0.1% |>7.5% |>15.0% |>22.6% |>30.1% |>37.5% |>45.0% |>52.5% |>60.1% |>67.5% |>75.0% |>82.5% |>90.1% |>97.6% |>100.0%
 done.
> 1193 of 1197 structures successfully optimized (99.7% success)
> Total runtime for 1197 optimizations:
 * wall-time:     0 d,  0 h,  1 min, 26.249 sec
 *  cpu-time:     0 d,  0 h, 21 min, 41.747 sec
 * ratio c/w:    15.093 speedup
> Corresponding to approximately 0.072 sec per processed structure

CREGEN> running RMSDs ... done.
CREGEN> E lowest :   -51.23706
 173 structures remain within     6.00 kcal/mol window
 ...............................................
 A new lower conformer was found!
 Improved by    0.00096 Eh or    0.60054kcal/mol
 ...............................................

 ------------------------------
 Meta-Dynamics Iteration 3
 ------------------------------
 list of applied metadynamics Vbias parameters:
$metadyn    0.09600   1.300
$metadyn    0.04800   1.300
$metadyn    0.02400   1.300
$metadyn    0.09600   0.780
$metadyn    0.04800   0.780
$metadyn    0.02400   0.780
$metadyn    0.09600   0.468
$metadyn    0.04800   0.468
$metadyn    0.02400   0.468
$metadyn    0.09600   0.281
$metadyn    0.04800   0.281
$metadyn    0.02400   0.281
$metadyn    0.03200   0.100
$metadyn    0.16000   0.800

  ::::::::::::: starting MTD    6 :::::::::::::
  |   MD simulation time   :    11.0 ps       |
  |   target T             :   300.0 K        |
  |   timestep dt          :     5.0 fs       |
  |   dump interval(trj)   :   100.0 fs       |
  |   SHAKE algorithm      : true (all bonds) |
  |   dump interval(Vbias) :    1.00 ps       |
  |   Vbias prefactor (k)  :  0.0240 Eh       |
  |   Vbias exponent (α)   :  0.7800 bohr⁻²   |
  ::::::::::::: starting MTD   14 :::::::::::::
  |   MD simulation time   :    11.0 ps       |
  |   target T             :   300.0 K        |
  |   timestep dt          :     5.0 fs       |
  |   dump interval(trj)   :   100.0 fs       |
  |   SHAKE algorithm      : true (all bonds) |
  |   dump interval(Vbias) :    1.00 ps       |
  |   Vbias prefactor (k)  :  0.1600 Eh       |
  |   Vbias exponent (α)   :  0.8000 bohr⁻²   |
  ::::::::::::: starting MTD    7 :::::::::::::
  |   MD simulation time   :    11.0 ps       |
  |   target T             :   300.0 K        |
  |   timestep dt          :     5.0 fs       |
  |   dump interval(trj)   :   100.0 fs       |
  |   SHAKE algorithm      : true (all bonds) |
  |   dump interval(Vbias) :    1.00 ps       |
  |   Vbias prefactor (k)  :  0.0960 Eh       |
  |   Vbias exponent (α)   :  0.4680 bohr⁻²   |
  ::::::::::::: starting MTD    3 :::::::::::::
  |   MD simulation time   :    11.0 ps       |
  |   target T             :   300.0 K        |
  |   timestep dt          :     5.0 fs       |
  |   dump interval(trj)   :   100.0 fs       |
  |   SHAKE algorithm      : true (all bonds) |
  |   dump interval(Vbias) :    1.00 ps       |
  |   Vbias prefactor (k)  :  0.0240 Eh       |
  |   Vbias exponent (α)   :  1.3000 bohr⁻²   |
  ::::::::::::: starting MTD    4 :::::::::::::
  |   MD simulation time   :    11.0 ps       |
  |   target T             :   300.0 K        |
  |   timestep dt          :     5.0 fs       |
  |   dump interval(trj)   :   100.0 fs       |
  |   SHAKE algorithm      : true (all bonds) |
  |   dump interval(Vbias) :    1.00 ps       |
  |   Vbias prefactor (k)  :  0.0960 Eh       |
  |   Vbias exponent (α)   :  0.7800 bohr⁻²   |
  ::::::::::::: starting MTD    8 :::::::::::::
  |   MD simulation time   :    11.0 ps       |
  |   target T             :   300.0 K        |
  |   timestep dt          :     5.0 fs       |
  |   dump interval(trj)   :   100.0 fs       |
  |   SHAKE algorithm      : true (all bonds) |
  |   dump interval(Vbias) :    1.00 ps       |
  |   Vbias prefactor (k)  :  0.0480 Eh       |
  |   Vbias exponent (α)   :  0.4680 bohr⁻²   |
  ::::::::::::: starting MTD   13 :::::::::::::
  |   MD simulation time   :    11.0 ps       |
  |   target T             :   300.0 K        |
  |   timestep dt          :     5.0 fs       |
  |   dump interval(trj)   :   100.0 fs       |
  |   SHAKE algorithm      : true (all bonds) |
  |   dump interval(Vbias) :    1.00 ps       |
  |   Vbias prefactor (k)  :  0.0320 Eh       |
  |   Vbias exponent (α)   :  0.1000 bohr⁻²   |
  ::::::::::::: starting MTD   10 :::::::::::::
  |   MD simulation time   :    11.0 ps       |
  |   target T             :   300.0 K        |
  |   timestep dt          :     5.0 fs       |
  |   dump interval(trj)   :   100.0 fs       |
  |   SHAKE algorithm      : true (all bonds) |
  |   dump interval(Vbias) :    1.00 ps       |
  |   Vbias prefactor (k)  :  0.0960 Eh       |
  |   Vbias exponent (α)   :  0.2808 bohr⁻²   |
  ::::::::::::: starting MTD    1 :::::::::::::
  |   MD simulation time   :    11.0 ps       |
  |   target T             :   300.0 K        |
  |   timestep dt          :     5.0 fs       |
  |   dump interval(trj)   :   100.0 fs       |
  |   SHAKE algorithm      : true (all bonds) |
  |   dump interval(Vbias) :    1.00 ps       |
  |   Vbias prefactor (k)  :  0.0960 Eh       |
  |   Vbias exponent (α)   :  1.3000 bohr⁻²   |
  ::::::::::::: starting MTD    5 :::::::::::::
  |   MD simulation time   :    11.0 ps       |
  |   target T             :   300.0 K        |
  |   timestep dt          :     5.0 fs       |
  |   dump interval(trj)   :   100.0 fs       |
  |   SHAKE algorithm      : true (all bonds) |
  |   dump interval(Vbias) :    1.00 ps       |
  |   Vbias prefactor (k)  :  0.0480 Eh       |
  |   Vbias exponent (α)   :  0.7800 bohr⁻²   |
  ::::::::::::: starting MTD   11 :::::::::::::
  |   MD simulation time   :    11.0 ps       |
  |   target T             :   300.0 K        |
  |   timestep dt          :     5.0 fs       |
  |   dump interval(trj)   :   100.0 fs       |
  |   SHAKE algorithm      : true (all bonds) |
  |   dump interval(Vbias) :    1.00 ps       |
  |   Vbias prefactor (k)  :  0.0480 Eh       |
  |   Vbias exponent (α)   :  0.2808 bohr⁻²   |
  ::::::::::::: starting MTD    2 :::::::::::::
  |   MD simulation time   :    11.0 ps       |
  |   target T             :   300.0 K        |
  |   timestep dt          :     5.0 fs       |
  |   dump interval(trj)   :   100.0 fs       |
  |   SHAKE algorithm      : true (all bonds) |
  |   dump interval(Vbias) :    1.00 ps       |
  |   Vbias prefactor (k)  :  0.0480 Eh       |
  |   Vbias exponent (α)   :  1.3000 bohr⁻²   |
  ::::::::::::: starting MTD    9 :::::::::::::
  |   MD simulation time   :    11.0 ps       |
  |   target T             :   300.0 K        |
  |   timestep dt          :     5.0 fs       |
  |   dump interval(trj)   :   100.0 fs       |
  |   SHAKE algorithm      : true (all bonds) |
  |   dump interval(Vbias) :    1.00 ps       |
  |   Vbias prefactor (k)  :  0.0240 Eh       |
  |   Vbias exponent (α)   :  0.4680 bohr⁻²   |
  ::::::::::::: starting MTD   12 :::::::::::::
  |   MD simulation time   :    11.0 ps       |
  |   target T             :   300.0 K        |
  |   timestep dt          :     5.0 fs       |
  |   dump interval(trj)   :   100.0 fs       |
  |   SHAKE algorithm      : true (all bonds) |
  |   dump interval(Vbias) :    1.00 ps       |
  |   Vbias prefactor (k)  :  0.0240 Eh       |
  |   Vbias exponent (α)   :  0.2808 bohr⁻²   |
*MTD  12 completed successfully ...        0 min, 50.601 sec
*MTD   9 completed successfully ...        0 min, 50.654 sec
*MTD   2 completed successfully ...        0 min, 50.771 sec
*MTD   6 completed successfully ...        0 min, 50.885 sec
*MTD   8 completed successfully ...        0 min, 50.902 sec
*MTD   1 completed successfully ...        0 min, 50.925 sec
*MTD   5 completed successfully ...        0 min, 50.946 sec
*MTD  13 completed successfully ...        0 min, 50.964 sec
*MTD   7 completed successfully ...        0 min, 51.000 sec
*MTD  14 completed successfully ...        0 min, 51.009 sec
*MTD   4 completed successfully ...        0 min, 51.021 sec
*MTD  10 completed successfully ...        0 min, 51.056 sec
*MTD   3 completed successfully ...        0 min, 51.102 sec
*MTD  11 completed successfully ...        0 min, 51.172 sec

 ======================================
 |  Multilevel Ensemble Optimization  |
 ======================================
 Optimizing all 1526 structures from file "crest_dynamics.trj" ...
 ----------------------
 crude pre-optimization
 ----------------------
 Optimization engine: ANCOPT
 Hessian update type: BFGS
 E/G convergence criteria:  0.500E-03 Eh, 0.100E-01 Eh/a0
 maximum optimization steps: 200
 |>0.1% |>7.5% |>15.0% |>22.5% |>30.0% |>37.5% |>45.0% |>52.6% |>60.0% |>67.6% |>75.0% |>82.5% |>90.0% |>97.5% |>100.0%
 done.
> 1526 of 1526 structures successfully optimized (100.0% success)
> Total runtime for 1526 optimizations:
 * wall-time:     0 d,  0 h,  0 min, 37.823 sec
 *  cpu-time:     0 d,  0 h,  9 min, 25.824 sec
 * ratio c/w:    14.960 speedup
> Corresponding to approximately 0.025 sec per processed structure

CREGEN> running RMSDs ... done.
CREGEN> E lowest :   -51.23528
 1307 structures remain within    12.00 kcal/mol window
 ----------------------------------
 optimization with tight thresholds
 ----------------------------------
 Optimization engine: ANCOPT
 Hessian update type: BFGS
 E/G convergence criteria:  0.100E-05 Eh, 0.800E-03 Eh/a0
 maximum optimization steps: 200
 |>0.1% |>7.6% |>15.1% |>22.6% |>30.1% |>37.6% |>45.1% |>52.6% |>60.1% |>67.6% |>75.1% |>82.6% |>90.1% |>97.6% |>100.0%
 done.
> 1306 of 1307 structures successfully optimized (99.9% success)
> Total runtime for 1307 optimizations:
 * wall-time:     0 d,  0 h,  1 min, 33.047 sec
 *  cpu-time:     0 d,  0 h, 23 min, 27.890 sec
 * ratio c/w:    15.131 speedup
> Corresponding to approximately 0.071 sec per processed structure

CREGEN> running RMSDs ... done.
CREGEN> E lowest :   -51.23706
 187 structures remain within     6.00 kcal/mol window

========================================
           MTD Simulations done         
========================================
 Collecting ensmbles.
CREGEN> running RMSDs ... done.
CREGEN> E lowest :   -51.23706
 511 structures remain within     6.00 kcal/mol window


 ===============================================
 Additional regular MDs on lowest 4 conformer(s)
 ===============================================
  :::::::::::::: starting MD   1 ::::::::::::::
  |   MD simulation time   :     5.5 ps       |
  |   target T             :   400.0 K        |
  |   timestep dt          :     5.0 fs       |
  |   dump interval(trj)   :   100.0 fs       |
  |   SHAKE algorithm      : true (all bonds) |
  :::::::::::::: starting MD   8 ::::::::::::::
  |   MD simulation time   :     5.5 ps       |
  |   target T             :   500.0 K        |
  |   timestep dt          :     5.0 fs       |
  |   dump interval(trj)   :   100.0 fs       |
  |   SHAKE algorithm      : true (all bonds) |
  :::::::::::::: starting MD   3 ::::::::::::::
  |   MD simulation time   :     5.5 ps       |
  |   target T             :   400.0 K        |
  |   timestep dt          :     5.0 fs       |
  |   dump interval(trj)   :   100.0 fs       |
  |   SHAKE algorithm      : true (all bonds) |
  :::::::::::::: starting MD   6 ::::::::::::::
  |   MD simulation time   :     5.5 ps       |
  |   target T             :   500.0 K        |
  |   timestep dt          :     5.0 fs       |
  |   dump interval(trj)   :   100.0 fs       |
  |   SHAKE algorithm      : true (all bonds) |
  :::::::::::::: starting MD   4 ::::::::::::::
  |   MD simulation time   :     5.5 ps       |
  |   target T             :   400.0 K        |
  |   timestep dt          :     5.0 fs       |
  |   dump interval(trj)   :   100.0 fs       |
  |   SHAKE algorithm      : true (all bonds) |
  :::::::::::::: starting MD   7 ::::::::::::::
  |   MD simulation time   :     5.5 ps       |
  |   target T             :   500.0 K        |
  |   timestep dt          :     5.0 fs       |
  |   dump interval(trj)   :   100.0 fs       |
  |   SHAKE algorithm      : true (all bonds) |
  :::::::::::::: starting MD   2 ::::::::::::::
  |   MD simulation time   :     5.5 ps       |
  |   target T             :   400.0 K        |
  |   timestep dt          :     5.0 fs       |
  |   dump interval(trj)   :   100.0 fs       |
  |   SHAKE algorithm      : true (all bonds) |
  :::::::::::::: starting MD   5 ::::::::::::::
  |   MD simulation time   :     5.5 ps       |
  |   target T             :   500.0 K        |
  |   timestep dt          :     5.0 fs       |
  |   dump interval(trj)   :   100.0 fs       |
  |   SHAKE algorithm      : true (all bonds) |
*MD   4 completed successfully ...        0 min, 28.712 sec
*MD   2 completed successfully ...        0 min, 28.848 sec
*MD   3 completed successfully ...        0 min, 29.035 sec
*MD   8 completed successfully ...        0 min, 29.092 sec
*MD   1 completed successfully ...        0 min, 29.386 sec
*MD   7 completed successfully ...        0 min, 29.542 sec
*MD   5 completed successfully ...        0 min, 29.613 sec
*MD   6 completed successfully ...        0 min, 30.081 sec
 Appending file crest_rotamers_1.xyz with new structures
 Optimizing all 943 structures from file "crest_rotamers_1.xyz" ...
 ----------------------------------
 optimization with tight thresholds
 ----------------------------------
 Optimization engine: ANCOPT
 Hessian update type: BFGS
 E/G convergence criteria:  0.100E-05 Eh, 0.800E-03 Eh/a0
 maximum optimization steps: 200
 |>0.1% |>10.1% |>20.0% |>30.0% |>40.1% |>50.1% |>60.0% |>70.1% |>80.1% |>90.0% |>100.0%
 done.
> 943 of 943 structures successfully optimized (100.0% success)
> Total runtime for 943 optimizations:
 * wall-time:     0 d,  0 h,  0 min, 25.430 sec
 *  cpu-time:     0 d,  0 h,  6 min, 12.439 sec
 * ratio c/w:    14.646 speedup
> Corresponding to approximately 0.027 sec per processed structure

CREGEN> running RMSDs ... done.
CREGEN> E lowest :   -51.23706
 521 structures remain within     6.00 kcal/mol window

     ========================================
     |        Structure Crossing (GC)       |
     ========================================

 =============================
  # threads =          16
 =============================
input  file name : crest_rotamers_2.xyz
number of atoms                :      32
number of points on xyz files  :     521
conformer energy window  /kcal :    6.00
CN per atom difference cut-off :  0.3000
RMSD threshold (Ang, Bohr)     :  0.2500  0.4724
max. # of generated structures :      550
 # in E window         521
 finished.
 average rmsd w.r.t input     :     1.21632
 number of clash discarded    :      134910
 removed identical structures :         527

 23 structures written to confcross.xyz


 ======================================
 |  Multilevel Ensemble Optimization  |
 ======================================
 Optimizing all 23 structures from file "confcross.xyz" ...
 ----------------------
 crude pre-optimization
 ----------------------
 Optimization engine: ANCOPT
 Hessian update type: BFGS
 E/G convergence criteria:  0.500E-03 Eh, 0.100E-01 Eh/a0
 maximum optimization steps: 200
 |>4.3% |>13.0% |>21.7% |>30.4% |>43.5% |>52.2% |>60.9% |>73.9% |>82.6% |>91.3% |>100.0%
 done.
> 23 of 23 structures successfully optimized (100.0% success)
> Total runtime for 23 optimizations:
 * wall-time:     0 d,  0 h,  0 min,  0.250 sec
 *  cpu-time:     0 d,  0 h,  0 min,  2.789 sec
 * ratio c/w:    11.155 speedup
> Corresponding to approximately 0.011 sec per processed structure

CREGEN> running RMSDs ... done.
CREGEN> E lowest :   -51.23706
 14 structures remain within    12.00 kcal/mol window
 ----------------------------------
 optimization with tight thresholds
 ----------------------------------
 Optimization engine: ANCOPT
 Hessian update type: BFGS
 E/G convergence criteria:  0.100E-05 Eh, 0.800E-03 Eh/a0
 maximum optimization steps: 200
 |>7.1% |>14.3% |>21.4% |>35.7% |>42.9% |>50.0% |>64.3% |>71.4% |>85.7% |>92.9% |>100.0%
 done.
> 14 of 14 structures successfully optimized (100.0% success)
> Total runtime for 14 optimizations:
 * wall-time:     0 d,  0 h,  0 min,  0.297 sec
 *  cpu-time:     0 d,  0 h,  0 min,  1.830 sec
 * ratio c/w:     6.160 speedup
> Corresponding to approximately 0.021 sec per processed structure

CREGEN> running RMSDs ... done.
CREGEN> E lowest :   -51.23706
 8 structures remain within     6.00 kcal/mol window
appending new structures to crest_rotamers_2.xyz
CREGEN> running RMSDs ... done.
CREGEN> E lowest :   -51.23706


   ================================================
   |           Final Geometry Optimization        |
   ================================================
 Optimizing all 525 structures from file "crest_rotamers_3.xyz" ...
 ---------------------------------------
 optimization with very tight thresholds
 ---------------------------------------
 Optimization engine: ANCOPT
 Hessian update type: BFGS
 E/G convergence criteria:  0.100E-06 Eh, 0.200E-03 Eh/a0
 maximum optimization steps: 200
 |>0.2% |>10.1% |>20.0% |>30.1% |>40.0% |>50.1% |>60.0% |>70.1% |>80.0% |>90.1% |>100.0%
 done.
> 525 of 525 structures successfully optimized (100.0% success)
> Total runtime for 525 optimizations:
 * wall-time:     0 d,  0 h,  0 min, 10.876 sec
 *  cpu-time:     0 d,  0 h,  2 min, 45.525 sec
 * ratio c/w:    15.219 speedup
> Corresponding to approximately 0.021 sec per processed structure

CREGEN> running RMSDs ... done.
CREGEN> E lowest :   -51.23706
 499 structures remain within     6.00 kcal/mol window


 --------------------------
 Final Ensemble Information
 --------------------------
 input  file name : crest_rotamers_3.xyz
 output file name : crest_rotamers_4.xyz
 number of atoms                :   32
 number of points on xyz files  :   525
 RMSD threshold                 :   0.1250
 Bconst threshold               :   0.0100
 population threshold           :   0.0500
 # fragment in coord            :     1
 # bonds in reference structure :    31
 number of reliable points      :   525
 sorting energy window (EWIN)   :    6.0000 / kcal*mol⁻¹
 reference state Etot           :  -51.237064640000000
 number of doubles removed by rot/RMSD         :          26
 total number unique points considered further :         499
       Erel/kcal        Etot weight/tot  conformer     set   degen     origin
       1   0.000   -51.23706    0.07372    0.66344       1       9
       2   0.000   -51.23706    0.07372
       3   0.000   -51.23706    0.07372
       4   0.000   -51.23706    0.07372
       5   0.000   -51.23706    0.07372
       6   0.000   -51.23706    0.07372
       7   0.000   -51.23706    0.07371
       8   0.000   -51.23706    0.07371
       9   0.000   -51.23706    0.07371
      10   0.601   -51.23611    0.02678    0.16065       2       6
      11   0.601   -51.23611    0.02678
      12   0.601   -51.23611    0.02678
      13   0.601   -51.23611    0.02678
      14   0.601   -51.23611    0.02677
      15   0.601   -51.23611    0.02677
      16   0.954   -51.23554    0.01474    0.07371       3       5
      17   0.954   -51.23554    0.01474
      18   0.954   -51.23554    0.01474
      19   0.955   -51.23554    0.01474
      20   0.955   -51.23554    0.01474
      21   1.456   -51.23474    0.00633    0.01899       4       3
      22   1.456   -51.23474    0.00633
      23   1.456   -51.23474    0.00633
      24   1.656   -51.23443    0.00452    0.03615       5       8
      25   1.656   -51.23443    0.00452
      26   1.656   -51.23443    0.00452
      27   1.656   -51.23443    0.00452
      28   1.656   -51.23443    0.00452
      29   1.656   -51.23443    0.00452
      30   1.656   -51.23443    0.00452
      31   1.656   -51.23443    0.00452
      32   2.196   -51.23356    0.00182    0.00545       6       3
      33   2.196   -51.23356    0.00182
      34   2.196   -51.23356    0.00182
      35   2.410   -51.23322    0.00127    0.00633       7       5
      36   2.410   -51.23322    0.00127
      37   2.410   -51.23322    0.00127
      38   2.410   -51.23322    0.00127
      39   2.410   -51.23322    0.00127
      40   2.421   -51.23321    0.00124    0.00373       8       3
      41   2.421   -51.23321    0.00124
      42   2.421   -51.23321    0.00124
      43   2.481   -51.23311    0.00112    0.00112       9       1
      44   2.507   -51.23307    0.00108    0.00215      10       2
      45   2.507   -51.23307    0.00108
      46   2.510   -51.23306    0.00107    0.00107      11       1
      47   2.576   -51.23296    0.00096    0.00191      12       2
      48   2.576   -51.23296    0.00096
      49   2.578   -51.23296    0.00095    0.00382      13       4
      50   2.578   -51.23296    0.00095
      51   2.578   -51.23296    0.00095
      52   2.578   -51.23296    0.00095
      53   2.695   -51.23277    0.00078    0.00235      14       3
      54   2.695   -51.23277    0.00078
      55   2.695   -51.23277    0.00078
      56   2.783   -51.23263    0.00068    0.00068      15       1
      57   2.999   -51.23228    0.00047    0.00047      16       1
      58   3.041   -51.23222    0.00044    0.00131      17       3
      59   3.041   -51.23222    0.00044
      60   3.041   -51.23222    0.00044
      61   3.168   -51.23202    0.00035    0.00141      18       4
      62   3.168   -51.23202    0.00035
      63   3.169   -51.23202    0.00035
      64   3.169   -51.23202    0.00035
      65   3.260   -51.23187    0.00030    0.00030      19       1
      66   3.420   -51.23161    0.00023    0.00069      20       3
      67   3.420   -51.23161    0.00023
      68   3.420   -51.23161    0.00023
      69   3.491   -51.23150    0.00020    0.00143      21       7
      70   3.491   -51.23150    0.00020
      71   3.491   -51.23150    0.00020
      72   3.491   -51.23150    0.00020
      73   3.491   -51.23150    0.00020
      74   3.491   -51.23150    0.00020
      75   3.494   -51.23150    0.00020
      76   3.552   -51.23140    0.00018    0.00055      22       3
      77   3.553   -51.23140    0.00018
      78   3.553   -51.23140    0.00018
      79   3.553   -51.23140    0.00018    0.00092      23       5
      80   3.553   -51.23140    0.00018
      81   3.553   -51.23140    0.00018
      82   3.553   -51.23140    0.00018
      83   3.553   -51.23140    0.00018
      84   3.609   -51.23131    0.00017    0.00017      24       1
      85   3.698   -51.23117    0.00014    0.00043      25       3
      86   3.698   -51.23117    0.00014
      87   3.698   -51.23117    0.00014
      88   3.726   -51.23113    0.00014    0.00028      26       2
      89   3.726   -51.23113    0.00014
      90   3.727   -51.23113    0.00014    0.00014      27       1
      91   3.753   -51.23108    0.00013    0.00013      28       1
      92   3.760   -51.23107    0.00013    0.00013      29       1
      93   3.826   -51.23097    0.00012    0.00012      30       1
      94   3.846   -51.23094    0.00011    0.00034      31       3
      95   3.846   -51.23094    0.00011
      96   3.846   -51.23094    0.00011
      97   3.994   -51.23070    0.00009    0.00026      32       3
      98   3.995   -51.23070    0.00009
      99   3.995   -51.23070    0.00009
     100   3.997   -51.23070    0.00009    0.00009      33       1
     101   3.999   -51.23069    0.00009    0.00017      34       2
     102   3.999   -51.23069    0.00009
     103   4.009   -51.23068    0.00009    0.00017      35       2
     104   4.010   -51.23067    0.00009
     105   4.012   -51.23067    0.00009    0.00034      36       4
     106   4.013   -51.23067    0.00008
     107   4.014   -51.23067    0.00008
     108   4.015   -51.23067    0.00008
     109   4.018   -51.23066    0.00008    0.00008      37       1
     110   4.044   -51.23062    0.00008    0.00040      38       5
     111   4.044   -51.23062    0.00008
     112   4.045   -51.23062    0.00008
     113   4.045   -51.23062    0.00008
     114   4.048   -51.23061    0.00008
     115   4.089   -51.23055    0.00007    0.00030      39       4
     116   4.089   -51.23055    0.00007
     117   4.089   -51.23055    0.00007
     118   4.089   -51.23055    0.00007
     119   4.120   -51.23050    0.00007    0.00007      40       1
     120   4.139   -51.23047    0.00007    0.00048      41       7
     121   4.139   -51.23047    0.00007
     122   4.139   -51.23047    0.00007
     123   4.139   -51.23047    0.00007
     124   4.140   -51.23047    0.00007
     125   4.140   -51.23047    0.00007
     126   4.143   -51.23046    0.00007
     127   4.183   -51.23040    0.00006    0.00013      42       2
     128   4.186   -51.23039    0.00006
     129   4.193   -51.23038    0.00006    0.00013      43       2
     130   4.194   -51.23038    0.00006
     131   4.213   -51.23035    0.00006    0.00024      44       4
     132   4.213   -51.23035    0.00006
     133   4.213   -51.23035    0.00006
     134   4.213   -51.23035    0.00006
     135   4.220   -51.23034    0.00006    0.00012      45       2
     136   4.221   -51.23034    0.00006
     137   4.224   -51.23033    0.00006    0.00036      46       6
     138   4.225   -51.23033    0.00006
     139   4.225   -51.23033    0.00006
     140   4.225   -51.23033    0.00006
     141   4.225   -51.23033    0.00006
     142   4.225   -51.23033    0.00006
     143   4.253   -51.23029    0.00006    0.00028      47       5
     144   4.254   -51.23029    0.00006
     145   4.254   -51.23029    0.00006
     146   4.254   -51.23029    0.00006
     147   4.254   -51.23029    0.00006
     148   4.265   -51.23027    0.00006    0.00006      48       1
     149   4.271   -51.23026    0.00005    0.00011      49       2
     150   4.271   -51.23026    0.00005
     151   4.273   -51.23026    0.00005    0.00011      50       2
     152   4.273   -51.23025    0.00005
     153   4.277   -51.23025    0.00005    0.00016      51       3
     154   4.277   -51.23025    0.00005
     155   4.277   -51.23025    0.00005
     156   4.282   -51.23024    0.00005    0.00005      52       1
     157   4.297   -51.23022    0.00005    0.00005      53       1
     158   4.318   -51.23018    0.00005    0.00010      54       2
     159   4.318   -51.23018    0.00005
     160   4.326   -51.23017    0.00005    0.00015      55       3
     161   4.327   -51.23017    0.00005
     162   4.327   -51.23017    0.00005
     163   4.327   -51.23017    0.00005    0.00020      56       4
     164   4.328   -51.23017    0.00005
     165   4.328   -51.23017    0.00005
     166   4.330   -51.23016    0.00005
     167   4.330   -51.23016    0.00005    0.00030      57       6
     168   4.330   -51.23016    0.00005
     169   4.331   -51.23016    0.00005
     170   4.331   -51.23016    0.00005
     171   4.331   -51.23016    0.00005
     172   4.331   -51.23016    0.00005
     173   4.338   -51.23015    0.00005    0.00010      58       2
     174   4.338   -51.23015    0.00005
     175   4.348   -51.23014    0.00005    0.00019      59       4
     176   4.349   -51.23013    0.00005
     177   4.351   -51.23013    0.00005
     178   4.356   -51.23012    0.00005
     179   4.404   -51.23005    0.00004    0.00004      60       1
     180   4.408   -51.23004    0.00004    0.00004      61       1
     181   4.414   -51.23003    0.00004    0.00009      62       2
     182   4.415   -51.23003    0.00004
     183   4.416   -51.23003    0.00004    0.00004      63       1
     184   4.479   -51.22993    0.00004    0.00008      64       2
     185   4.480   -51.22993    0.00004
     186   4.481   -51.22992    0.00004    0.00004      65       1
     187   4.512   -51.22987    0.00004    0.00004      66       1
     188   4.541   -51.22983    0.00003    0.00021      67       6
     189   4.542   -51.22983    0.00003
     190   4.542   -51.22983    0.00003
     191   4.542   -51.22983    0.00003
     192   4.543   -51.22982    0.00003
     193   4.548   -51.22982    0.00003
     194   4.544   -51.22982    0.00003    0.00003      68       1
     195   4.576   -51.22977    0.00003    0.00007      69       2
     196   4.576   -51.22977    0.00003
     197   4.584   -51.22976    0.00003    0.00006      70       2
     198   4.585   -51.22976    0.00003
     199   4.587   -51.22976    0.00003    0.00006      71       2
     200   4.589   -51.22975    0.00003
     201   4.593   -51.22975    0.00003    0.00003      72       1
     202   4.596   -51.22974    0.00003    0.00013      73       4
     203   4.596   -51.22974    0.00003
     204   4.596   -51.22974    0.00003
     205   4.596   -51.22974    0.00003
     206   4.602   -51.22973    0.00003    0.00003      74       1
     207   4.625   -51.22969    0.00003    0.00024      75       8
     208   4.625   -51.22969    0.00003
     209   4.626   -51.22969    0.00003
     210   4.626   -51.22969    0.00003
     211   4.626   -51.22969    0.00003
     212   4.626   -51.22969    0.00003
     213   4.627   -51.22969    0.00003
     214   4.627   -51.22969    0.00003
     215   4.643   -51.22967    0.00003    0.00006      76       2
     216   4.643   -51.22967    0.00003
     217   4.655   -51.22965    0.00003    0.00009      77       3
     218   4.665   -51.22963    0.00003
     219   4.656   -51.22964    0.00003
     220   4.662   -51.22964    0.00003    0.00003      78       1
     221   4.669   -51.22962    0.00003    0.00011      79       4
     222   4.669   -51.22962    0.00003
     223   4.669   -51.22962    0.00003
     224   4.669   -51.22962    0.00003
     225   4.674   -51.22962    0.00003    0.00006      80       2
     226   4.674   -51.22962    0.00003
     227   4.683   -51.22960    0.00003    0.00008      81       3
     228   4.683   -51.22960    0.00003
     229   4.684   -51.22960    0.00003
     230   4.689   -51.22959    0.00003    0.00014      82       5
     231   4.689   -51.22959    0.00003
     232   4.689   -51.22959    0.00003
     233   4.689   -51.22959    0.00003
     234   4.690   -51.22959    0.00003
     235   4.722   -51.22954    0.00003    0.00010      83       4
     236   4.722   -51.22954    0.00003
     237   4.722   -51.22954    0.00003
     238   4.722   -51.22954    0.00003
     239   4.745   -51.22950    0.00002    0.00010      84       4
     240   4.745   -51.22950    0.00002
     241   4.745   -51.22950    0.00002
     242   4.745   -51.22950    0.00002
     243   4.746   -51.22950    0.00002    0.00002      85       1
     244   4.767   -51.22947    0.00002    0.00002      86       1
     245   4.774   -51.22946    0.00002    0.00002      87       1
     246   4.805   -51.22941    0.00002    0.00011      88       5
     247   4.805   -51.22941    0.00002
     248   4.805   -51.22941    0.00002
     249   4.805   -51.22941    0.00002
     250   4.805   -51.22941    0.00002
     251   4.811   -51.22940    0.00002    0.00004      89       2
     252   4.813   -51.22939    0.00002
     253   4.853   -51.22933    0.00002    0.00006      90       3
     254   4.853   -51.22933    0.00002
     255   4.856   -51.22933    0.00002
     256   4.855   -51.22933    0.00002    0.00002      91       1
     257   4.873   -51.22930    0.00002    0.00002      92       1
     258   4.875   -51.22930    0.00002    0.00002      93       1
     259   4.880   -51.22929    0.00002    0.00002      94       1
     260   4.883   -51.22928    0.00002    0.00004      95       2
     261   4.884   -51.22928    0.00002
     262   4.912   -51.22924    0.00002    0.00006      96       3
     263   4.913   -51.22924    0.00002
     264   4.914   -51.22923    0.00002
     265   4.934   -51.22920    0.00002    0.00002      97       1
     266   4.965   -51.22915    0.00002    0.00003      98       2
     267   4.966   -51.22915    0.00002
     268   4.967   -51.22915    0.00002    0.00003      99       2
     269   4.969   -51.22915    0.00002
     270   4.968   -51.22915    0.00002    0.00002     100       1
     271   4.974   -51.22914    0.00002    0.00002     101       1
     272   4.995   -51.22910    0.00002    0.00014     102       9
     273   5.014   -51.22907    0.00002
     274   5.014   -51.22907    0.00002
     275   4.995   -51.22910    0.00002
     276   4.995   -51.22910    0.00002
     277   4.996   -51.22910    0.00002
     278   5.014   -51.22907    0.00002
     279   5.014   -51.22907    0.00002
     280   4.996   -51.22910    0.00002
     281   4.997   -51.22910    0.00002    0.00003     103       2
     282   4.999   -51.22910    0.00002
     283   5.002   -51.22909    0.00002    0.00002     104       1
     284   5.014   -51.22907    0.00002    0.00002     105       1
     285   5.036   -51.22904    0.00002    0.00003     106       2
     286   5.037   -51.22904    0.00002
     287   5.037   -51.22904    0.00002    0.00002     107       1
     288   5.040   -51.22903    0.00002    0.00005     108       3
     289   5.040   -51.22903    0.00002
     290   5.040   -51.22903    0.00002
     291   5.102   -51.22893    0.00001    0.00003     109       2
     292   5.102   -51.22893    0.00001
     293   5.121   -51.22890    0.00001    0.00007     110       5
     294   5.121   -51.22890    0.00001
     295   5.121   -51.22890    0.00001
     296   5.121   -51.22890    0.00001
     297   5.122   -51.22890    0.00001
     298   5.128   -51.22889    0.00001    0.00001     111       1
     299   5.131   -51.22889    0.00001    0.00005     112       4
     300   5.131   -51.22889    0.00001
     301   5.131   -51.22889    0.00001
     302   5.131   -51.22889    0.00001
     303   5.164   -51.22884    0.00001    0.00004     113       3
     304   5.164   -51.22884    0.00001
     305   5.164   -51.22884    0.00001
     306   5.179   -51.22881    0.00001    0.00001     114       1
     307   5.185   -51.22880    0.00001    0.00001     115       1
     308   5.186   -51.22880    0.00001    0.00002     116       2
     309   5.191   -51.22879    0.00001
     310   5.200   -51.22878    0.00001    0.00006     117       5
     311   5.200   -51.22878    0.00001
     312   5.200   -51.22878    0.00001
     313   5.200   -51.22878    0.00001
     314   5.200   -51.22878    0.00001
     315   5.214   -51.22876    0.00001    0.00001     118       1
     316   5.224   -51.22874    0.00001    0.00001     119       1
     317   5.228   -51.22873    0.00001    0.00003     120       3
     318   5.228   -51.22873    0.00001
     319   5.228   -51.22873    0.00001
     320   5.237   -51.22872    0.00001    0.00005     121       5
     321   5.237   -51.22872    0.00001
     322   5.238   -51.22872    0.00001
     323   5.238   -51.22872    0.00001
     324   5.238   -51.22872    0.00001
     325   5.239   -51.22872    0.00001    0.00002     122       2
     326   5.239   -51.22872    0.00001
     327   5.245   -51.22871    0.00001    0.00003     123       3
     328   5.245   -51.22871    0.00001
     329   5.245   -51.22871    0.00001
     330   5.246   -51.22870    0.00001    0.00002     124       2
     331   5.247   -51.22870    0.00001
     332   5.248   -51.22870    0.00001    0.00001     125       1
     333   5.259   -51.22868    0.00001    0.00002     126       2
     334   5.260   -51.22868    0.00001
     335   5.278   -51.22865    0.00001    0.00002     127       2
     336   5.279   -51.22865    0.00001
     337   5.281   -51.22865    0.00001    0.00003     128       3
     338   5.281   -51.22865    0.00001
     339   5.281   -51.22865    0.00001
     340   5.309   -51.22860    0.00001    0.00001     129       1
     341   5.309   -51.22860    0.00001    0.00002     130       2
     342   5.310   -51.22860    0.00001
     343   5.312   -51.22860    0.00001    0.00001     131       1
     344   5.334   -51.22856    0.00001    0.00003     132       3
     345   5.334   -51.22856    0.00001
     346   5.337   -51.22856    0.00001
     347   5.342   -51.22855    0.00001    0.00003     133       3
     348   5.342   -51.22855    0.00001
     349   5.342   -51.22855    0.00001
     350   5.342   -51.22855    0.00001    0.00003     134       3
     351   5.343   -51.22855    0.00001
     352   5.343   -51.22855    0.00001
     353   5.354   -51.22853    0.00001    0.00004     135       5
     354   5.354   -51.22853    0.00001
     355   5.354   -51.22853    0.00001
     356   5.354   -51.22853    0.00001
     357   5.355   -51.22853    0.00001
     358   5.357   -51.22853    0.00001    0.00004     136       4
     359   5.357   -51.22853    0.00001
     360   5.358   -51.22853    0.00001
     361   5.358   -51.22853    0.00001
     362   5.360   -51.22852    0.00001    0.00001     137       1
     363   5.366   -51.22851    0.00001    0.00002     138       2
     364   5.366   -51.22851    0.00001
     365   5.370   -51.22851    0.00001    0.00001     139       1
     366   5.370   -51.22851    0.00001    0.00001     140       1
     367   5.370   -51.22851    0.00001    0.00002     141       2
     368   5.370   -51.22851    0.00001
     369   5.370   -51.22851    0.00001    0.00002     142       2
     370   5.371   -51.22851    0.00001
     371   5.373   -51.22850    0.00001    0.00003     143       3
     372   5.373   -51.22850    0.00001
     373   5.373   -51.22850    0.00001
     374   5.373   -51.22850    0.00001    0.00001     144       1
     375   5.416   -51.22843    0.00001    0.00003     145       4
     376   5.416   -51.22843    0.00001
     377   5.416   -51.22843    0.00001
     378   5.416   -51.22843    0.00001
     379   5.446   -51.22839    0.00001    0.00002     146       3
     380   5.446   -51.22839    0.00001
     381   5.446   -51.22839    0.00001
     382   5.448   -51.22838    0.00001    0.00002     147       2
     383   5.448   -51.22838    0.00001
     384   5.452   -51.22838    0.00001    0.00004     148       6
     385   5.452   -51.22838    0.00001
     386   5.453   -51.22838    0.00001
     387   5.453   -51.22838    0.00001
     388   5.453   -51.22837    0.00001
     389   5.465   -51.22835    0.00001
     390   5.485   -51.22832    0.00001    0.00004     149       6
     391   5.485   -51.22832    0.00001
     392   5.485   -51.22832    0.00001
     393   5.485   -51.22832    0.00001
     394   5.485   -51.22832    0.00001
     395   5.485   -51.22832    0.00001
     396   5.493   -51.22831    0.00001    0.00003     150       4
     397   5.501   -51.22830    0.00001
     398   5.494   -51.22831    0.00001
     399   5.494   -51.22831    0.00001
     400   5.502   -51.22830    0.00001    0.00001     151       1
     401   5.499   -51.22830    0.00001    0.00001     152       1
     402   5.504   -51.22829    0.00001    0.00001     153       1
     403   5.517   -51.22827    0.00001    0.00001     154       1
     404   5.523   -51.22826    0.00001    0.00001     155       1
     405   5.538   -51.22824    0.00001    0.00003     156       5
     406   5.538   -51.22824    0.00001
     407   5.538   -51.22824    0.00001
     408   5.538   -51.22824    0.00001
     409   5.538   -51.22824    0.00001
     410   5.546   -51.22823    0.00001    0.00001     157       1
     411   5.553   -51.22822    0.00001    0.00002     158       3
     412   5.554   -51.22821    0.00001
     413   5.554   -51.22821    0.00001
     414   5.585   -51.22816    0.00001    0.00002     159       3
     415   5.585   -51.22816    0.00001
     416   5.585   -51.22816    0.00001
     417   5.592   -51.22815    0.00001    0.00001     160       1
     418   5.598   -51.22814    0.00001    0.00001     161       1
     419   5.599   -51.22814    0.00001    0.00001     162       1
     420   5.603   -51.22813    0.00001    0.00001     163       2
     421   5.604   -51.22813    0.00001
     422   5.607   -51.22813    0.00001    0.00002     164       3
     423   5.607   -51.22813    0.00001
     424   5.607   -51.22813    0.00001
     425   5.619   -51.22811    0.00001    0.00003     165       6
     426   5.619   -51.22811    0.00001
     427   5.619   -51.22811    0.00001
     428   5.619   -51.22811    0.00001
     429   5.619   -51.22811    0.00001
     430   5.620   -51.22811    0.00001
     431   5.625   -51.22810    0.00001    0.00001     166       1
     432   5.628   -51.22810    0.00001    0.00002     167       4
     433   5.628   -51.22810    0.00001
     434   5.631   -51.22809    0.00001
     435   5.630   -51.22809    0.00001
     436   5.631   -51.22809    0.00001    0.00001     168       1
     437   5.635   -51.22809    0.00001    0.00001     169       1
     438   5.637   -51.22808    0.00001    0.00003     170       5
     439   5.637   -51.22808    0.00001
     440   5.637   -51.22808    0.00001
     441   5.637   -51.22808    0.00001
     442   5.638   -51.22808    0.00001
     443   5.642   -51.22807    0.00001    0.00001     171       1
     444   5.653   -51.22806    0.00001    0.00001     172       1
     445   5.659   -51.22805    0.00001    0.00001     173       1
     446   5.665   -51.22804    0.00001    0.00001     174       2
     447   5.665   -51.22804    0.00001
     448   5.668   -51.22803    0.00001    0.00001     175       1
     449   5.669   -51.22803    0.00001    0.00001     176       2
     450   5.670   -51.22803    0.00001
     451   5.696   -51.22799    0.00000    0.00000     177       1
     452   5.725   -51.22794    0.00000    0.00001     178       2
     453   5.725   -51.22794    0.00000
     454   5.735   -51.22793    0.00000    0.00001     179       2
     455   5.725   -51.22794    0.00000
     456   5.737   -51.22792    0.00000    0.00000     180       1
     457   5.741   -51.22792    0.00000    0.00001     181       2
     458   5.741   -51.22792    0.00000
     459   5.757   -51.22789    0.00000    0.00000     182       1
     460   5.757   -51.22789    0.00000    0.00002     183       4
     461   5.758   -51.22789    0.00000
     462   5.758   -51.22789    0.00000
     463   5.758   -51.22789    0.00000
     464   5.776   -51.22786    0.00000    0.00001     184       2
     465   5.776   -51.22786    0.00000
     466   5.804   -51.22782    0.00000    0.00000     185       1
     467   5.807   -51.22781    0.00000    0.00001     186       3
     468   5.808   -51.22781    0.00000
     469   5.808   -51.22781    0.00000
     470   5.844   -51.22775    0.00000    0.00001     187       3
     471   5.844   -51.22775    0.00000
     472   5.844   -51.22775    0.00000
     473   5.850   -51.22774    0.00000    0.00001     188       2
     474   5.850   -51.22774    0.00000
     475   5.852   -51.22774    0.00000    0.00001     189       3
     476   5.852   -51.22774    0.00000
     477   5.852   -51.22774    0.00000
     478   5.856   -51.22773    0.00000    0.00000     190       1
     479   5.867   -51.22771    0.00000    0.00000     191       1
     480   5.868   -51.22771    0.00000    0.00000     192       1
     481   5.876   -51.22770    0.00000    0.00000     193       1
     482   5.884   -51.22769    0.00000    0.00001     194       3
     483   5.885   -51.22769    0.00000
     484   5.885   -51.22769    0.00000
     485   5.886   -51.22769    0.00000    0.00001     195       2
     486   5.886   -51.22768    0.00000
     487   5.886   -51.22768    0.00000    0.00000     196       1
     488   5.916   -51.22764    0.00000    0.00000     197       1
     489   5.926   -51.22762    0.00000    0.00001     198       3
     490   5.926   -51.22762    0.00000
     491   5.926   -51.22762    0.00000
     492   5.956   -51.22757    0.00000    0.00000     199       1
     493   5.957   -51.22757    0.00000    0.00001     200       2
     494   5.958   -51.22757    0.00000
     495   5.981   -51.22753    0.00000    0.00000     201       1
     496   5.996   -51.22751    0.00000    0.00001     202       2
     497   5.996   -51.22751    0.00000
     498   5.997   -51.22751    0.00000    0.00001     203       2
     499   5.997   -51.22751    0.00000
T /K                                  :   298.15
E lowest                              :   -51.23706
ensemble average energy (kcal)        :    0.398
ensemble entropy (J/mol K, cal/mol K) :   27.260    6.515
ensemble free energy (kcal/mol)       :   -1.943
population of lowest in %             :   66.344
 number of unique conformers for further calc          203
 list of relative energies saved as "crest.energies"

 -----------------
 Wall Time Summary
 -----------------
 CREST runtime (total)               0 d,  0 h, 10 min,  8.391 sec
 ------------------------------------------------------------------
 Trial metadynamics (MTD)   ...        0 min,  2.644 sec (  0.435%)
 Metadynamics (MTD)         ...        2 min, 35.802 sec ( 25.609%)
 Geometry optimization      ...        6 min, 58.163 sec ( 68.733%)
 Molecular dynamics (MD)    ...        0 min, 30.120 sec (  4.951%)
 Genetic crossing (GC)      ...        0 min,  1.011 sec (  0.166%)
 I/O and setup              ...        0 min,  0.652 sec (  0.107%)
 ------------------------------------------------------------------
 * wall-time:     0 d,  0 h, 10 min,  8.391 sec
 *  cpu-time:     0 d,  2 h, 24 min,  6.802 sec
 * ratio c/w:    14.213 speedup
 ------------------------------------------------------------------
 * Total number of energy+grad calls: 418249

 CREST terminated normally.
