
       в•”в•ђв•ђв•ђв•ђв•ђв•ђв•ђв•ђв•ђв•ђв•ђв•ђв•ђв•ђв•ђв•ђв•ђв•ђв•ђв•ђв•ђв•ђв•ђв•ђв•ђв•ђв•ђв•ђв•ђв•ђв•ђв•ђв•ђв•ђв•ђв•ђв•ђв•ђв•ђв•ђв•ђв•ђв•ђв•ђв•ђв•ђв•ђв•ђв•—
       в•‘                                                в•‘
       в•‘     в–€в–€в–€в–€в–€в–€в•—в–€в–€в–€в–€в–€в–€в•— в–€в–€в–€в–€в–€в–€в–€в•—в–€в–€в–€в–€в–€в–€в–€в•—в–€в–€в–€в–€в–€в–€в–€в–€в•—   в•‘
       в•‘    в–€в–€в•”в•ђв•ђв•ђв•ђв•ќв–€в–€в•”в•ђв•ђв–€в–€в•—в–€в–€в•”в•ђв•ђв•ђв•ђв•ќв–€в–€в•”в•ђв•ђв•ђв•ђв•ќв•љв•ђв•ђв–€в–€в•”в•ђв•ђв•ќ   в•‘
       в•‘    в–€в–€в•‘     в–€в–€в–€в–€в–€в–€в•”в•ќв–€в–€в–€в–€в–€в•—  в–€в–€в–€в–€в–€в–€в–€в•—   в–€в–€в•‘      в•‘
       в•‘    в–€в–€в•‘     в–€в–€в•”в•ђв•ђв–€в–€в•—в–€в–€в•”в•ђв•ђв•ќ  в•љв•ђв•ђв•ђв•ђв–€в–€в•‘   в–€в–€в•‘      в•‘
       в•‘    в•љв–€в–€в–€в–€в–€в–€в•—в–€в–€в•‘  в–€в–€в•‘в–€в–€в–€в–€в–€в–€в–€в•—в–€в–€в–€в–€в–€в–€в–€в•‘   в–€в–€в•‘      в•‘
       в•‘     в•љв•ђв•ђв•ђв•ђв•ђв•ќв•љв•ђв•ќ  в•љв•ђв•ќв•љв•ђв•ђв•ђв•ђв•ђв•ђв•ќв•љв•ђв•ђв•ђв•ђв•ђв•ђв•ќ   в•љв•ђв•ќ      в•‘
       в•‘                                                в•‘
       в•‘    Conformer-Rotamer Ensemble Sampling Tool    в•‘
       в•‘            based on the xTB methods            в•‘
       в•‘                                                в•‘
       в•љв•ђв•ђв•ђв•ђв•ђв•ђв•ђв•ђв•ђв•ђв•ђв•ђв•ђв•ђв•ђв•ђв•ђв•ђв•ђв•ђв•ђв•ђв•ђв•ђв•ђв•ђв•ђв•ђв•ђв•ђв•ђв•ђв•ђв•ђв•ђв•ђв•ђв•ђв•ђв•ђв•ђв•ђв•ђв•ђв•ђв•ђв•ђв•ђв•ќ
        Version 3.0.2, Mon, 29 September 16:25:59, 09/29/2025
        commit (c39758d) compiled by 'andrey@PC1'

   Cite work conducted with this code as

   вЂў P.Pracht, F.Bohle, S.Grimme, PCCP, 2020, 22, 7169-7192.
   вЂў S.Grimme, JCTC, 2019, 15, 2847-2862.
   вЂў P.Pracht, S.Grimme, C.Bannwarth, F.Bohle, S.Ehlert,
     G.Feldmann, J.Gorges, M.MГјller, T.Neudecker, C.Plett,
     S.Spicher, P.Steinbach, P.WesoЕ‚owski, F.Zeller,
     J. Chem. Phys., 2024, 160, 114110.

   for works involving QCG cite

   вЂў S.Spicher, C.Plett, P.Pracht, A.Hansen, S.Grimme,
     JCTC, 2022, 18 (5), 3174-3189.
   вЂў C.Plett, S. Grimme,
     Angew. Chem. Int. Ed. 2023, 62, e202214477.

   for works involving MECP screening cite

   вЂў P.Pracht, C.Bannwarth, JCTC, 2022, 18 (10), 6370-6385.

   Original code
     P.Pracht, S.Grimme, UniversitГ¤t Bonn, MCTC
   with help from (alphabetical order):
     C.Bannwarth, F.Bohle, S.Ehlert, G.Feldmann, J.Gorges,
     S.Grimme, C.Plett, P.Pracht, S.Spicher, P.Steinbach,
     P.Wesolowski, F.Zeller

   Online documentation is available at
   https://crest-lab.github.io/crest-docs/

   This program is distributed in the hope that it will be useful,
   but WITHOUT ANY WARRANTY; without even the implied warranty of
   MERCHANTABILITY or FITNESS FOR A PARTICULAR PURPOSE. See the
   GNU Lesser General Public License (LGPL) for more details.

 Command line input:
 $ ./crest m1_00_Vitamin_B6-uni_conformers-CLUST_4_gfn2_opt.xyz --T 16 --gfn2

  --T 16 (CPUs/Threads selected)
  --gfn2               : Use of GFN2-xTB requested.

> Setting up backup calculator ... done.
 ----------------
 Calculation info
 ----------------
> User-defined calculation level:
 : xTB calculation via tblite lib
 : GFN2-xTB level
 :   Molecular charge    : 0
 :   Fermi temperature   : 300.00000
 :   Accuracy            : 1.00000
 :   max SCC cycles      : 500


 -----------------------------
 Initial Geometry Optimization
 -----------------------------
 Geometry successfully optimized.

          в”Ќв”Ѓв”Ѓв”Ѓв”Ѓв”Ѓв”Ѓв”Ѓв”Ѓв”Ѓв”Ѓв”Ѓв”Ѓв”Ѓв”Ѓв”Ѓв”Ѓв”Ѓв”Ѓв”Ѓв”Ѓв”Ѓв”Ѓв”Ѓв”Ѓв”Ѓв”Ѓв”Ѓв”Ѓв”Ѓв”Ѓв”Ѓв”Ѓв”Ѓв”Ѓв”Ѓв”Ѓв”Ѓв”Ѓв”Ѓв”Ѓв”Ѓв”Ѓв”Ѓв”Ѓв”Ѓв”Ѓв”Ѓв”Ѓв”Ѓв”‘
          в”‚              CREST iMTD-GC SAMPLING             в”‚
          в”•в”Ѓв”Ѓв”Ѓв”Ѓв”Ѓв”Ѓв”Ѓв”Ѓв”Ѓв”Ѓв”Ѓв”Ѓв”Ѓв”Ѓв”Ѓв”Ѓв”Ѓв”Ѓв”Ѓв”Ѓв”Ѓв”Ѓв”Ѓв”Ѓв”Ѓв”Ѓв”Ѓв”Ѓв”Ѓв”Ѓв”Ѓв”Ѓв”Ѓв”Ѓв”Ѓв”Ѓв”Ѓв”Ѓв”Ѓв”Ѓв”Ѓв”Ѓв”Ѓв”Ѓв”Ѓв”Ѓв”Ѓв”Ѓв”Ѓв”™

 Input structure:
  23

 O          1.6829753043       -1.8111272335       -0.4595612447
 O         -1.6796089593       -2.1247522558        0.9342248921
 O         -2.8433180112        1.0109992195       -0.9456106239
 N          1.4779207462        1.6814241590        0.3001571456
 C         -0.2876982303       -0.4286003234       -0.1155580414
 C         -0.7586296358        0.8520343592        0.1976773965
 C          1.0922671126       -0.6144060167       -0.1952196618
 C          1.9464875633        0.4832820935        0.0173938095
 C         -1.2580158989       -1.5721351182       -0.2990800457
 C         -2.2322110856        1.1297378244        0.3283145163
 C          0.1706532164        1.8614584486        0.3859485797
 C          3.4268597882        0.3066349435       -0.0702125377
 H         -2.1606627944       -1.2091911995       -0.7917617511
 H         -0.8294773429       -2.3621883838       -0.9390411263
 H         -2.6772284299        0.4129260247        1.0336650802
 H         -2.3711100327        2.1442977365        0.7252211613
 H         -0.1435868014        2.8687551892        0.6238982593
 H          3.7605521216       -0.4197997070        0.6686592428
 H          3.6978079948       -0.0756597727       -1.0525000112
 H          3.9151326551        1.2597748826        0.1037606363
 H          1.0165085581       -2.4842808763       -0.6470036310
 H         -0.9057772515       -2.3363017009        1.4689644786
 H         -3.7795790027        1.2165930843       -0.8589100196

 ------------------------------------------------
 Generating MTD length from a flexibility measure
 ------------------------------------------------
 Calculating GFN0-xTB WBOs   ... done.
 Calculating NCI flexibility ... done.
     covalent flexibility measure :   0.164
 non-covalent flexibility measure :   0.791
 flexibility measure :   0.242
 t(MTD) / ps    :     5.0
 ОЈ(t(MTD)) / ps :    70.0 (14 MTDs)

 -----------------------------------
 Starting trial MTD to test settings
 -----------------------------------
 Trial MTD 1 runtime (1.0 ps) ...        0 min,  1.671 sec
 Estimated runtime for one MTD (5.0 ps) on a single thread: 8 sec
 Estimated runtime for a batch of 14 MTDs on 16 threads: 8 sec

********************************************************************************
**                    N E W   I T E R A T I O N  C Y C L E                    **
********************************************************************************

 ------------------------------
 Meta-Dynamics Iteration 1
 ------------------------------
 list of applied metadynamics Vbias parameters:
$metadyn    0.06900   1.300
$metadyn    0.03450   1.300
$metadyn    0.01725   1.300
$metadyn    0.06900   0.780
$metadyn    0.03450   0.780
$metadyn    0.01725   0.780
$metadyn    0.06900   0.468
$metadyn    0.03450   0.468
$metadyn    0.01725   0.468
$metadyn    0.06900   0.281
$metadyn    0.03450   0.281
$metadyn    0.01725   0.281
$metadyn    0.02300   0.100
$metadyn    0.11500   0.800

  ::::::::::::: starting MTD   12 :::::::::::::
  |   MD simulation time   :     5.0 ps       |
  |   target T             :   300.0 K        |
  |   timestep dt          :     5.0 fs       |
  |   dump interval(trj)   :   100.0 fs       |
  |   SHAKE algorithm      : true (all bonds) |
  |   dump interval(Vbias) :    1.00 ps       |
  |   Vbias prefactor (k)  :  0.0173 Eh       |
  |   Vbias exponent (О±)   :  0.2808 bohrвЃ»ВІ   |
  ::::::::::::: starting MTD   14 :::::::::::::
  |   MD simulation time   :     5.0 ps       |
  |   target T             :   300.0 K        |
  |   timestep dt          :     5.0 fs       |
  |   dump interval(trj)   :   100.0 fs       |
  |   SHAKE algorithm      : true (all bonds) |
  |   dump interval(Vbias) :    1.00 ps       |
  |   Vbias prefactor (k)  :  0.1150 Eh       |
  |   Vbias exponent (О±)   :  0.8000 bohrвЃ»ВІ   |
  ::::::::::::: starting MTD    3 :::::::::::::
  |   MD simulation time   :     5.0 ps       |
  |   target T             :   300.0 K        |
  |   timestep dt          :     5.0 fs       |
  |   dump interval(trj)   :   100.0 fs       |
  |   SHAKE algorithm      : true (all bonds) |
  |   dump interval(Vbias) :    1.00 ps       |
  |   Vbias prefactor (k)  :  0.0173 Eh       |
  |   Vbias exponent (О±)   :  1.3000 bohrвЃ»ВІ   |
  ::::::::::::: starting MTD    5 :::::::::::::
  |   MD simulation time   :     5.0 ps       |
  |   target T             :   300.0 K        |
  |   timestep dt          :     5.0 fs       |
  |   dump interval(trj)   :   100.0 fs       |
  |   SHAKE algorithm      : true (all bonds) |
  |   dump interval(Vbias) :    1.00 ps       |
  |   Vbias prefactor (k)  :  0.0345 Eh       |
  |   Vbias exponent (О±)   :  0.7800 bohrвЃ»ВІ   |
  ::::::::::::: starting MTD   11 :::::::::::::
  |   MD simulation time   :     5.0 ps       |
  |   target T             :   300.0 K        |
  |   timestep dt          :     5.0 fs       |
  |   dump interval(trj)   :   100.0 fs       |
  |   SHAKE algorithm      : true (all bonds) |
  |   dump interval(Vbias) :    1.00 ps       |
  |   Vbias prefactor (k)  :  0.0345 Eh       |
  |   Vbias exponent (О±)   :  0.2808 bohrвЃ»ВІ   |
  ::::::::::::: starting MTD    6 :::::::::::::
  |   MD simulation time   :     5.0 ps       |
  |   target T             :   300.0 K        |
  |   timestep dt          :     5.0 fs       |
  |   dump interval(trj)   :   100.0 fs       |
  |   SHAKE algorithm      : true (all bonds) |
  |   dump interval(Vbias) :    1.00 ps       |
  |   Vbias prefactor (k)  :  0.0173 Eh       |
  |   Vbias exponent (О±)   :  0.7800 bohrвЃ»ВІ   |
  ::::::::::::: starting MTD   10 :::::::::::::
  |   MD simulation time   :     5.0 ps       |
  |   target T             :   300.0 K        |
  |   timestep dt          :     5.0 fs       |
  |   dump interval(trj)   :   100.0 fs       |
  |   SHAKE algorithm      : true (all bonds) |
  |   dump interval(Vbias) :    1.00 ps       |
  |   Vbias prefactor (k)  :  0.0690 Eh       |
  |   Vbias exponent (О±)   :  0.2808 bohrвЃ»ВІ   |
  ::::::::::::: starting MTD    8 :::::::::::::
  |   MD simulation time   :     5.0 ps       |
  |   target T             :   300.0 K        |
  |   timestep dt          :     5.0 fs       |
  |   dump interval(trj)   :   100.0 fs       |
  |   SHAKE algorithm      : true (all bonds) |
  |   dump interval(Vbias) :    1.00 ps       |
  |   Vbias prefactor (k)  :  0.0345 Eh       |
  |   Vbias exponent (О±)   :  0.4680 bohrвЃ»ВІ   |
  ::::::::::::: starting MTD    1 :::::::::::::
  |   MD simulation time   :     5.0 ps       |
  |   target T             :   300.0 K        |
  |   timestep dt          :     5.0 fs       |
  |   dump interval(trj)   :   100.0 fs       |
  |   SHAKE algorithm      : true (all bonds) |
  |   dump interval(Vbias) :    1.00 ps       |
  |   Vbias prefactor (k)  :  0.0690 Eh       |
  |   Vbias exponent (О±)   :  1.3000 bohrвЃ»ВІ   |
  ::::::::::::: starting MTD    4 :::::::::::::
  |   MD simulation time   :     5.0 ps       |
  |   target T             :   300.0 K        |
  |   timestep dt          :     5.0 fs       |
  |   dump interval(trj)   :   100.0 fs       |
  |   SHAKE algorithm      : true (all bonds) |
  |   dump interval(Vbias) :    1.00 ps       |
  |   Vbias prefactor (k)  :  0.0690 Eh       |
  |   Vbias exponent (О±)   :  0.7800 bohrвЃ»ВІ   |
  ::::::::::::: starting MTD   13 :::::::::::::
  |   MD simulation time   :     5.0 ps       |
  |   target T             :   300.0 K        |
  |   timestep dt          :     5.0 fs       |
  |   dump interval(trj)   :   100.0 fs       |
  |   SHAKE algorithm      : true (all bonds) |
  |   dump interval(Vbias) :    1.00 ps       |
  |   Vbias prefactor (k)  :  0.0230 Eh       |
  |   Vbias exponent (О±)   :  0.1000 bohrвЃ»ВІ   |
  ::::::::::::: starting MTD    9 :::::::::::::
  |   MD simulation time   :     5.0 ps       |
  |   target T             :   300.0 K        |
  |   timestep dt          :     5.0 fs       |
  |   dump interval(trj)   :   100.0 fs       |
  |   SHAKE algorithm      : true (all bonds) |
  |   dump interval(Vbias) :    1.00 ps       |
  |   Vbias prefactor (k)  :  0.0173 Eh       |
  |   Vbias exponent (О±)   :  0.4680 bohrвЃ»ВІ   |
  ::::::::::::: starting MTD    2 :::::::::::::
  |   MD simulation time   :     5.0 ps       |
  |   target T             :   300.0 K        |
  |   timestep dt          :     5.0 fs       |
  |   dump interval(trj)   :   100.0 fs       |
  |   SHAKE algorithm      : true (all bonds) |
  |   dump interval(Vbias) :    1.00 ps       |
  |   Vbias prefactor (k)  :  0.0345 Eh       |
  |   Vbias exponent (О±)   :  1.3000 bohrвЃ»ВІ   |
  ::::::::::::: starting MTD    7 :::::::::::::
  |   MD simulation time   :     5.0 ps       |
  |   target T             :   300.0 K        |
  |   timestep dt          :     5.0 fs       |
  |   dump interval(trj)   :   100.0 fs       |
  |   SHAKE algorithm      : true (all bonds) |
  |   dump interval(Vbias) :    1.00 ps       |
  |   Vbias prefactor (k)  :  0.0690 Eh       |
  |   Vbias exponent (О±)   :  0.4680 bohrвЃ»ВІ   |
*MTD   9 completed successfully ...        0 min, 14.753 sec
*MTD   5 completed successfully ...        0 min, 14.788 sec
*MTD   4 completed successfully ...        0 min, 14.795 sec
*MTD  13 completed successfully ...        0 min, 14.812 sec
*MTD   3 completed successfully ...        0 min, 14.817 sec
*MTD   8 completed successfully ...        0 min, 14.822 sec
*MTD  11 completed successfully ...        0 min, 14.827 sec
*MTD   6 completed successfully ...        0 min, 14.843 sec
*MTD  12 completed successfully ...        0 min, 14.845 sec
*MTD  14 completed successfully ...        0 min, 14.861 sec
*MTD   7 completed successfully ...        0 min, 14.875 sec
*MTD   1 completed successfully ...        0 min, 14.880 sec
*MTD   2 completed successfully ...        0 min, 14.891 sec
*MTD  10 completed successfully ...        0 min, 14.908 sec

 ======================================
 |  Multilevel Ensemble Optimization  |
 ======================================
 Optimizing all 686 structures from file "crest_dynamics.trj" ...
 ----------------------
 crude pre-optimization
 ----------------------
 Optimization engine: ANCOPT
 Hessian update type: BFGS
 E/G convergence criteria:  0.500E-03 Eh, 0.100E-01 Eh/a0
 maximum optimization steps: 200
 |>0.1% |>10.1% |>20.1% |>30.0% |>40.1% |>50.0% |>60.1% |>70.1% |>80.0% |>90.1% |>100.0%
 done.
> 686 of 686 structures successfully optimized (100.0% success)
> Total runtime for 686 optimizations:
 * wall-time:     0 d,  0 h,  0 min,  7.809 sec
 *  cpu-time:     0 d,  0 h,  1 min, 55.044 sec
 * ratio c/w:    14.731 speedup
> Corresponding to approximately 0.011 sec per processed structure

CREGEN> running RMSDs ... done.
CREGEN> E lowest :   -37.85467
 574 structures remain within    12.00 kcal/mol window
 ----------------------------------
 optimization with tight thresholds
 ----------------------------------
 Optimization engine: ANCOPT
 Hessian update type: BFGS
 E/G convergence criteria:  0.100E-05 Eh, 0.800E-03 Eh/a0
 maximum optimization steps: 200
 |>0.2% |>10.1% |>20.0% |>30.1% |>40.1% |>50.0% |>60.1% |>70.0% |>80.1% |>90.1% |>100.0%
 done.
> 574 of 574 structures successfully optimized (100.0% success)
> Total runtime for 574 optimizations:
 * wall-time:     0 d,  0 h,  0 min, 13.247 sec
 *  cpu-time:     0 d,  0 h,  3 min, 14.604 sec
 * ratio c/w:    14.690 speedup
> Corresponding to approximately 0.023 sec per processed structure

CREGEN> running RMSDs ... done.
CREGEN> E lowest :   -37.85487
 139 structures remain within     6.00 kcal/mol window

 ------------------------------
 Meta-Dynamics Iteration 2
 ------------------------------
 list of applied metadynamics Vbias parameters:
$metadyn    0.06900   1.300
$metadyn    0.03450   1.300
$metadyn    0.01725   1.300
$metadyn    0.06900   0.780
$metadyn    0.03450   0.780
$metadyn    0.01725   0.780
$metadyn    0.06900   0.468
$metadyn    0.03450   0.468
$metadyn    0.01725   0.468
$metadyn    0.06900   0.281
$metadyn    0.03450   0.281
$metadyn    0.01725   0.281
$metadyn    0.02300   0.100
$metadyn    0.11500   0.800

  ::::::::::::: starting MTD    5 :::::::::::::
  |   MD simulation time   :     5.0 ps       |
  |   target T             :   300.0 K        |
  |   timestep dt          :     5.0 fs       |
  |   dump interval(trj)   :   100.0 fs       |
  |   SHAKE algorithm      : true (all bonds) |
  |   dump interval(Vbias) :    1.00 ps       |
  |   Vbias prefactor (k)  :  0.0345 Eh       |
  |   Vbias exponent (О±)   :  0.7800 bohrвЃ»ВІ   |
  ::::::::::::: starting MTD    4 :::::::::::::
  |   MD simulation time   :     5.0 ps       |
  |   target T             :   300.0 K        |
  |   timestep dt          :     5.0 fs       |
  |   dump interval(trj)   :   100.0 fs       |
  |   SHAKE algorithm      : true (all bonds) |
  |   dump interval(Vbias) :    1.00 ps       |
  |   Vbias prefactor (k)  :  0.0690 Eh       |
  |   Vbias exponent (О±)   :  0.7800 bohrвЃ»ВІ   |
  ::::::::::::: starting MTD    8 :::::::::::::
  |   MD simulation time   :     5.0 ps       |
  |   target T             :   300.0 K        |
  |   timestep dt          :     5.0 fs       |
  |   dump interval(trj)   :   100.0 fs       |
  |   SHAKE algorithm      : true (all bonds) |
  |   dump interval(Vbias) :    1.00 ps       |
  |   Vbias prefactor (k)  :  0.0345 Eh       |
  |   Vbias exponent (О±)   :  0.4680 bohrвЃ»ВІ   |
  ::::::::::::: starting MTD    2 :::::::::::::
  |   MD simulation time   :     5.0 ps       |
  |   target T             :   300.0 K        |
  |   timestep dt          :     5.0 fs       |
  |   dump interval(trj)   :   100.0 fs       |
  |   SHAKE algorithm      : true (all bonds) |
  |   dump interval(Vbias) :    1.00 ps       |
  |   Vbias prefactor (k)  :  0.0345 Eh       |
  |   Vbias exponent (О±)   :  1.3000 bohrвЃ»ВІ   |
  ::::::::::::: starting MTD   14 :::::::::::::
  |   MD simulation time   :     5.0 ps       |
  |   target T             :   300.0 K        |
  |   timestep dt          :     5.0 fs       |
  |   dump interval(trj)   :   100.0 fs       |
  |   SHAKE algorithm      : true (all bonds) |
  |   dump interval(Vbias) :    1.00 ps       |
  |   Vbias prefactor (k)  :  0.1150 Eh       |
  |   Vbias exponent (О±)   :  0.8000 bohrвЃ»ВІ   |
  ::::::::::::: starting MTD   12 :::::::::::::
  |   MD simulation time   :     5.0 ps       |
  |   target T             :   300.0 K        |
  |   timestep dt          :     5.0 fs       |
  |   dump interval(trj)   :   100.0 fs       |
  |   SHAKE algorithm      : true (all bonds) |
  |   dump interval(Vbias) :    1.00 ps       |
  |   Vbias prefactor (k)  :  0.0173 Eh       |
  |   Vbias exponent (О±)   :  0.2808 bohrвЃ»ВІ   |
  ::::::::::::: starting MTD    9 :::::::::::::
  |   MD simulation time   :     5.0 ps       |
  |   target T             :   300.0 K        |
  |   timestep dt          :     5.0 fs       |
  |   dump interval(trj)   :   100.0 fs       |
  |   SHAKE algorithm      : true (all bonds) |
  |   dump interval(Vbias) :    1.00 ps       |
  |   Vbias prefactor (k)  :  0.0173 Eh       |
  |   Vbias exponent (О±)   :  0.4680 bohrвЃ»ВІ   |
  ::::::::::::: starting MTD    6 :::::::::::::
  |   MD simulation time   :     5.0 ps       |
  |   target T             :   300.0 K        |
  |   timestep dt          :     5.0 fs       |
  |   dump interval(trj)   :   100.0 fs       |
  |   SHAKE algorithm      : true (all bonds) |
  |   dump interval(Vbias) :    1.00 ps       |
  |   Vbias prefactor (k)  :  0.0173 Eh       |
  |   Vbias exponent (О±)   :  0.7800 bohrвЃ»ВІ   |
  ::::::::::::: starting MTD   10 :::::::::::::
  |   MD simulation time   :     5.0 ps       |
  |   target T             :   300.0 K        |
  |   timestep dt          :     5.0 fs       |
  |   dump interval(trj)   :   100.0 fs       |
  |   SHAKE algorithm      : true (all bonds) |
  |   dump interval(Vbias) :    1.00 ps       |
  |   Vbias prefactor (k)  :  0.0690 Eh       |
  |   Vbias exponent (О±)   :  0.2808 bohrвЃ»ВІ   |
  ::::::::::::: starting MTD    1 :::::::::::::
  |   MD simulation time   :     5.0 ps       |
  |   target T             :   300.0 K        |
  |   timestep dt          :     5.0 fs       |
  |   dump interval(trj)   :   100.0 fs       |
  |   SHAKE algorithm      : true (all bonds) |
  |   dump interval(Vbias) :    1.00 ps       |
  |   Vbias prefactor (k)  :  0.0690 Eh       |
  |   Vbias exponent (О±)   :  1.3000 bohrвЃ»ВІ   |
  ::::::::::::: starting MTD   13 :::::::::::::
  |   MD simulation time   :     5.0 ps       |
  |   target T             :   300.0 K        |
  |   timestep dt          :     5.0 fs       |
  |   dump interval(trj)   :   100.0 fs       |
  |   SHAKE algorithm      : true (all bonds) |
  |   dump interval(Vbias) :    1.00 ps       |
  |   Vbias prefactor (k)  :  0.0230 Eh       |
  |   Vbias exponent (О±)   :  0.1000 bohrвЃ»ВІ   |
  ::::::::::::: starting MTD    7 :::::::::::::
  |   MD simulation time   :     5.0 ps       |
  |   target T             :   300.0 K        |
  |   timestep dt          :     5.0 fs       |
  |   dump interval(trj)   :   100.0 fs       |
  |   SHAKE algorithm      : true (all bonds) |
  |   dump interval(Vbias) :    1.00 ps       |
  |   Vbias prefactor (k)  :  0.0690 Eh       |
  |   Vbias exponent (О±)   :  0.4680 bohrвЃ»ВІ   |
  ::::::::::::: starting MTD   11 :::::::::::::
  |   MD simulation time   :     5.0 ps       |
  |   target T             :   300.0 K        |
  |   timestep dt          :     5.0 fs       |
  |   dump interval(trj)   :   100.0 fs       |
  |   SHAKE algorithm      : true (all bonds) |
  |   dump interval(Vbias) :    1.00 ps       |
  |   Vbias prefactor (k)  :  0.0345 Eh       |
  |   Vbias exponent (О±)   :  0.2808 bohrвЃ»ВІ   |
  ::::::::::::: starting MTD    3 :::::::::::::
  |   MD simulation time   :     5.0 ps       |
  |   target T             :   300.0 K        |
  |   timestep dt          :     5.0 fs       |
  |   dump interval(trj)   :   100.0 fs       |
  |   SHAKE algorithm      : true (all bonds) |
  |   dump interval(Vbias) :    1.00 ps       |
  |   Vbias prefactor (k)  :  0.0173 Eh       |
  |   Vbias exponent (О±)   :  1.3000 bohrвЃ»ВІ   |
*MTD   6 completed successfully ...        0 min, 14.762 sec
*MTD   8 completed successfully ...        0 min, 14.776 sec
*MTD   3 completed successfully ...        0 min, 14.780 sec
*MTD  12 completed successfully ...        0 min, 14.798 sec
*MTD   7 completed successfully ...        0 min, 14.802 sec
*MTD   4 completed successfully ...        0 min, 14.805 sec
*MTD  10 completed successfully ...        0 min, 14.806 sec
*MTD   5 completed successfully ...        0 min, 14.810 sec
*MTD  13 completed successfully ...        0 min, 14.813 sec
*MTD  14 completed successfully ...        0 min, 14.814 sec
*MTD  11 completed successfully ...        0 min, 14.826 sec
*MTD   1 completed successfully ...        0 min, 14.829 sec
*MTD   9 completed successfully ...        0 min, 14.857 sec
*MTD   2 completed successfully ...        0 min, 14.862 sec

 ======================================
 |  Multilevel Ensemble Optimization  |
 ======================================
 Optimizing all 686 structures from file "crest_dynamics.trj" ...
 ----------------------
 crude pre-optimization
 ----------------------
 Optimization engine: ANCOPT
 Hessian update type: BFGS
 E/G convergence criteria:  0.500E-03 Eh, 0.100E-01 Eh/a0
 maximum optimization steps: 200
 |>0.1% |>10.1% |>20.1% |>30.0% |>40.1% |>50.0% |>60.1% |>70.1% |>80.0% |>90.1% |>100.0%
 done.
> 686 of 686 structures successfully optimized (100.0% success)
> Total runtime for 686 optimizations:
 * wall-time:     0 d,  0 h,  0 min,  7.648 sec
 *  cpu-time:     0 d,  0 h,  1 min, 53.763 sec
 * ratio c/w:    14.874 speedup
> Corresponding to approximately 0.011 sec per processed structure

CREGEN> running RMSDs ... done.
CREGEN> E lowest :   -37.85472
 583 structures remain within    12.00 kcal/mol window
 ----------------------------------
 optimization with tight thresholds
 ----------------------------------
 Optimization engine: ANCOPT
 Hessian update type: BFGS
 E/G convergence criteria:  0.100E-05 Eh, 0.800E-03 Eh/a0
 maximum optimization steps: 200
 |>0.2% |>10.1% |>20.1% |>30.0% |>40.1% |>50.1% |>60.0% |>70.2% |>80.1% |>90.1% |>100.0%
 done.
> 583 of 583 structures successfully optimized (100.0% success)
> Total runtime for 583 optimizations:
 * wall-time:     0 d,  0 h,  0 min, 13.066 sec
 *  cpu-time:     0 d,  0 h,  3 min, 12.250 sec
 * ratio c/w:    14.714 speedup
> Corresponding to approximately 0.022 sec per processed structure

CREGEN> running RMSDs ... done.
CREGEN> E lowest :   -37.85487
 134 structures remain within     6.00 kcal/mol window

========================================
           MTD Simulations done         
========================================
 Collecting ensmbles.
CREGEN> running RMSDs ... done.
CREGEN> E lowest :   -37.85487
 174 structures remain within     6.00 kcal/mol window


 ===============================================
 Additional regular MDs on lowest 4 conformer(s)
 ===============================================
  :::::::::::::: starting MD   1 ::::::::::::::
  |   MD simulation time   :     2.5 ps       |
  |   target T             :   400.0 K        |
  |   timestep dt          :     5.0 fs       |
  |   dump interval(trj)   :   100.0 fs       |
  |   SHAKE algorithm      : true (all bonds) |
  :::::::::::::: starting MD   7 ::::::::::::::
  |   MD simulation time   :     2.5 ps       |
  |   target T             :   500.0 K        |
  |   timestep dt          :     5.0 fs       |
  |   dump interval(trj)   :   100.0 fs       |
  |   SHAKE algorithm      : true (all bonds) |
  :::::::::::::: starting MD   2 ::::::::::::::
  |   MD simulation time   :     2.5 ps       |
  |   target T             :   400.0 K        |
  |   timestep dt          :     5.0 fs       |
  |   dump interval(trj)   :   100.0 fs       |
  |   SHAKE algorithm      : true (all bonds) |
  :::::::::::::: starting MD   6 ::::::::::::::
  |   MD simulation time   :     2.5 ps       |
  |   target T             :   500.0 K        |
  |   timestep dt          :     5.0 fs       |
  |   dump interval(trj)   :   100.0 fs       |
  |   SHAKE algorithm      : true (all bonds) |
  :::::::::::::: starting MD   8 ::::::::::::::
  |   MD simulation time   :     2.5 ps       |
  |   target T             :   500.0 K        |
  |   timestep dt          :     5.0 fs       |
  |   dump interval(trj)   :   100.0 fs       |
  |   SHAKE algorithm      : true (all bonds) |
  :::::::::::::: starting MD   4 ::::::::::::::
  |   MD simulation time   :     2.5 ps       |
  |   target T             :   400.0 K        |
  |   timestep dt          :     5.0 fs       |
  |   dump interval(trj)   :   100.0 fs       |
  |   SHAKE algorithm      : true (all bonds) |
  :::::::::::::: starting MD   5 ::::::::::::::
  |   MD simulation time   :     2.5 ps       |
  |   target T             :   500.0 K        |
  |   timestep dt          :     5.0 fs       |
  |   dump interval(trj)   :   100.0 fs       |
  |   SHAKE algorithm      : true (all bonds) |
  :::::::::::::: starting MD   3 ::::::::::::::
  |   MD simulation time   :     2.5 ps       |
  |   target T             :   400.0 K        |
  |   timestep dt          :     5.0 fs       |
  |   dump interval(trj)   :   100.0 fs       |
  |   SHAKE algorithm      : true (all bonds) |
*MD   2 completed successfully ...        0 min,  9.274 sec
*MD   4 completed successfully ...        0 min,  9.302 sec
*MD   1 completed successfully ...        0 min,  9.310 sec
*MD   3 completed successfully ...        0 min,  9.312 sec
*MD   7 completed successfully ...        0 min,  9.350 sec
*MD   8 completed successfully ...        0 min,  9.380 sec
*MD   6 completed successfully ...        0 min,  9.389 sec
*MD   5 completed successfully ...        0 min,  9.509 sec
 Appending file crest_rotamers_1.xyz with new structures
 Optimizing all 366 structures from file "crest_rotamers_1.xyz" ...
 ----------------------------------
 optimization with tight thresholds
 ----------------------------------
 Optimization engine: ANCOPT
 Hessian update type: BFGS
 E/G convergence criteria:  0.100E-05 Eh, 0.800E-03 Eh/a0
 maximum optimization steps: 200
 |>0.3% |>10.1% |>20.2% |>30.1% |>40.2% |>50.0% |>60.1% |>70.2% |>80.1% |>90.2% |>100.0%
 done.
> 366 of 366 structures successfully optimized (100.0% success)
> Total runtime for 366 optimizations:
 * wall-time:     0 d,  0 h,  0 min,  6.080 sec
 *  cpu-time:     0 d,  0 h,  1 min, 28.342 sec
 * ratio c/w:    14.530 speedup
> Corresponding to approximately 0.017 sec per processed structure

CREGEN> running RMSDs ... done.
CREGEN> E lowest :   -37.85487
 184 structures remain within     6.00 kcal/mol window

     ========================================
     |        Structure Crossing (GC)       |
     ========================================

 =============================
  # threads =          16
 =============================
input  file name : crest_rotamers_2.xyz
number of atoms                :      23
number of points on xyz files  :     184
conformer energy window  /kcal :    6.00
CN per atom difference cut-off :  0.3000
RMSD threshold (Ang, Bohr)     :  0.2500  0.4724
max. # of generated structures :      250
 # in E window         184
  10.2 % done
 finished.
 average rmsd w.r.t input     :     1.59000
 number of clash discarded    :       16416
 removed identical structures :         255

 165 structures written to confcross.xyz


 ======================================
 |  Multilevel Ensemble Optimization  |
 ======================================
 Optimizing all 165 structures from file "confcross.xyz" ...
 ----------------------
 crude pre-optimization
 ----------------------
 Optimization engine: ANCOPT
 Hessian update type: BFGS
 E/G convergence criteria:  0.500E-03 Eh, 0.100E-01 Eh/a0
 maximum optimization steps: 200
 |>0.6% |>10.3% |>20.0% |>30.3% |>40.0% |>50.3% |>60.0% |>70.3% |>80.0% |>90.3% |>100.0%
 done.
> 165 of 165 structures successfully optimized (100.0% success)
> Total runtime for 165 optimizations:
 * wall-time:     0 d,  0 h,  0 min,  1.375 sec
 *  cpu-time:     0 d,  0 h,  0 min, 19.167 sec
 * ratio c/w:    13.942 speedup
> Corresponding to approximately 0.008 sec per processed structure

CREGEN> running RMSDs ... done.
CREGEN> E lowest :   -37.85487
 135 structures remain within    12.00 kcal/mol window
 ----------------------------------
 optimization with tight thresholds
 ----------------------------------
 Optimization engine: ANCOPT
 Hessian update type: BFGS
 E/G convergence criteria:  0.100E-05 Eh, 0.800E-03 Eh/a0
 maximum optimization steps: 200
 |>0.7% |>10.4% |>20.0% |>30.4% |>40.0% |>50.4% |>60.0% |>70.4% |>80.0% |>90.4% |>100.0%
 done.
> 135 of 135 structures successfully optimized (100.0% success)
> Total runtime for 135 optimizations:
 * wall-time:     0 d,  0 h,  0 min,  3.400 sec
 *  cpu-time:     0 d,  0 h,  0 min, 48.726 sec
 * ratio c/w:    14.331 speedup
> Corresponding to approximately 0.025 sec per processed structure

CREGEN> running RMSDs ... done.
CREGEN> E lowest :   -37.85487
 75 structures remain within     6.00 kcal/mol window
appending new structures to crest_rotamers_2.xyz
CREGEN> running RMSDs ... done.
CREGEN> E lowest :   -37.85487


   ================================================
   |           Final Geometry Optimization        |
   ================================================
 Optimizing all 211 structures from file "crest_rotamers_3.xyz" ...
 ---------------------------------------
 optimization with very tight thresholds
 ---------------------------------------
 Optimization engine: ANCOPT
 Hessian update type: BFGS
 E/G convergence criteria:  0.100E-06 Eh, 0.200E-03 Eh/a0
 maximum optimization steps: 200
 |>0.5% |>10.4% |>20.4% |>30.3% |>40.3% |>50.2% |>60.2% |>70.1% |>80.1% |>90.0% |>100.0%
 done.
> 211 of 211 structures successfully optimized (100.0% success)
> Total runtime for 211 optimizations:
 * wall-time:     0 d,  0 h,  0 min,  1.611 sec
 *  cpu-time:     0 d,  0 h,  0 min, 20.285 sec
 * ratio c/w:    12.594 speedup
> Corresponding to approximately 0.008 sec per processed structure

CREGEN> running RMSDs ... done.
CREGEN> E lowest :   -37.85487
 199 structures remain within     6.00 kcal/mol window


 --------------------------
 Final Ensemble Information
 --------------------------
 input  file name : crest_rotamers_3.xyz
 output file name : crest_rotamers_4.xyz
 number of atoms                :   23
 number of points on xyz files  :   211
 RMSD threshold                 :   0.1250
 Bconst threshold               :   0.0100
 population threshold           :   0.0500
 # fragment in coord            :     1
 # bonds in reference structure :    23
 number of reliable points      :   211
 sorting energy window (EWIN)   :    6.0000 / kcal*molвЃ»В№
 reference state Etot           :  -37.854874080000002
 number of doubles removed by rot/RMSD         :          12
 total number unique points considered further :         199
       Erel/kcal        Etot weight/tot  conformer     set   degen     origin
       1   0.000   -37.85487    0.05265    0.31586       1       6
       2   0.000   -37.85487    0.05264
       3   0.000   -37.85487    0.05264
       4   0.000   -37.85487    0.05264
       5   0.000   -37.85487    0.05264
       6   0.000   -37.85487    0.05264
       7   0.151   -37.85463    0.04081    0.24484       2       6
       8   0.151   -37.85463    0.04081
       9   0.151   -37.85463    0.04081
      10   0.151   -37.85463    0.04081
      11   0.151   -37.85463    0.04081
      12   0.151   -37.85463    0.04081
      13   0.486   -37.85410    0.02321    0.04641       3       2
      14   0.486   -37.85410    0.02320
      15   0.617   -37.85389    0.01859    0.05576       4       3
      16   0.617   -37.85389    0.01859
      17   0.617   -37.85389    0.01859
      18   0.768   -37.85365    0.01442    0.08654       5       6
      19   0.768   -37.85365    0.01442
      20   0.768   -37.85365    0.01442
      21   0.768   -37.85365    0.01442
      22   0.768   -37.85365    0.01442
      23   0.768   -37.85365    0.01442
      24   1.067   -37.85317    0.00870    0.05223       6       6
      25   1.067   -37.85317    0.00870
      26   1.067   -37.85317    0.00870
      27   1.067   -37.85317    0.00870
      28   1.067   -37.85317    0.00870
      29   1.067   -37.85317    0.00870
      30   1.098   -37.85312    0.00827    0.04133       7       5
      31   1.098   -37.85312    0.00827
      32   1.098   -37.85312    0.00827
      33   1.098   -37.85312    0.00827
      34   1.098   -37.85312    0.00827
      35   1.232   -37.85291    0.00659    0.03952       8       6
      36   1.232   -37.85291    0.00659
      37   1.232   -37.85291    0.00659
      38   1.233   -37.85291    0.00659
      39   1.233   -37.85291    0.00659
      40   1.233   -37.85291    0.00658
      41   1.502   -37.85248    0.00418    0.02511       9       6
      42   1.502   -37.85248    0.00418
      43   1.502   -37.85248    0.00418
      44   1.502   -37.85248    0.00418
      45   1.502   -37.85248    0.00418
      46   1.502   -37.85248    0.00418
      47   1.588   -37.85234    0.00361    0.02169      10       6
      48   1.588   -37.85234    0.00361
      49   1.588   -37.85234    0.00361
      50   1.588   -37.85234    0.00361
      51   1.588   -37.85234    0.00361
      52   1.588   -37.85234    0.00361
      53   1.840   -37.85194    0.00236    0.01419      11       6
      54   1.840   -37.85194    0.00236
      55   1.840   -37.85194    0.00236
      56   1.840   -37.85194    0.00236
      57   1.840   -37.85194    0.00236
      58   1.840   -37.85194    0.00236
      59   1.920   -37.85181    0.00207    0.00620      12       3
      60   1.920   -37.85181    0.00207
      61   1.920   -37.85181    0.00207
      62   2.142   -37.85146    0.00142    0.00710      13       5
      63   2.142   -37.85146    0.00142
      64   2.142   -37.85146    0.00142
      65   2.143   -37.85146    0.00142
      66   2.143   -37.85146    0.00142
      67   2.186   -37.85139    0.00132    0.00660      14       5
      68   2.186   -37.85139    0.00132
      69   2.186   -37.85139    0.00132
      70   2.186   -37.85139    0.00132
      71   2.186   -37.85139    0.00132
      72   2.226   -37.85133    0.00123    0.00740      15       6
      73   2.226   -37.85133    0.00123
      74   2.226   -37.85133    0.00123
      75   2.226   -37.85133    0.00123
      76   2.226   -37.85133    0.00123
      77   2.226   -37.85133    0.00123
      78   2.227   -37.85133    0.00123    0.00739      16       6
      79   2.227   -37.85133    0.00123
      80   2.227   -37.85133    0.00123
      81   2.227   -37.85133    0.00123
      82   2.227   -37.85133    0.00123
      83   2.227   -37.85133    0.00123
      84   2.394   -37.85106    0.00093    0.00372      17       4
      85   2.394   -37.85106    0.00093
      86   2.394   -37.85106    0.00093
      87   2.394   -37.85106    0.00093
      88   2.531   -37.85084    0.00074    0.00147      18       2
      89   2.531   -37.85084    0.00074
      90   2.700   -37.85057    0.00055    0.00055      19       1
      91   2.781   -37.85044    0.00048    0.00290      20       6
      92   2.781   -37.85044    0.00048
      93   2.781   -37.85044    0.00048
      94   2.781   -37.85044    0.00048
      95   2.781   -37.85044    0.00048
      96   2.781   -37.85044    0.00048
      97   2.807   -37.85040    0.00046    0.00139      21       3
      98   2.807   -37.85040    0.00046
      99   2.807   -37.85040    0.00046
     100   2.861   -37.85032    0.00042    0.00042      22       1
     101   2.875   -37.85029    0.00041    0.00041      23       1
     102   2.978   -37.85013    0.00035    0.00208      24       6
     103   2.978   -37.85013    0.00035
     104   2.978   -37.85013    0.00035
     105   2.978   -37.85013    0.00035
     106   2.978   -37.85013    0.00035
     107   2.978   -37.85013    0.00035
     108   2.999   -37.85009    0.00033    0.00100      25       3
     109   2.999   -37.85009    0.00033
     110   2.999   -37.85009    0.00033
     111   3.009   -37.85008    0.00033    0.00099      26       3
     112   3.009   -37.85008    0.00033
     113   3.010   -37.85008    0.00033
     114   3.134   -37.84988    0.00027    0.00080      27       3
     115   3.134   -37.84988    0.00027
     116   3.134   -37.84988    0.00027
     117   3.248   -37.84970    0.00022    0.00022      28       1
     118   3.248   -37.84970    0.00022    0.00132      29       6
     119   3.248   -37.84970    0.00022
     120   3.248   -37.84970    0.00022
     121   3.248   -37.84970    0.00022
     122   3.248   -37.84970    0.00022
     123   3.248   -37.84970    0.00022
     124   3.346   -37.84954    0.00019    0.00019      30       1
     125   3.390   -37.84947    0.00017    0.00104      31       6
     126   3.390   -37.84947    0.00017
     127   3.390   -37.84947    0.00017
     128   3.390   -37.84947    0.00017
     129   3.390   -37.84947    0.00017
     130   3.390   -37.84947    0.00017
     131   3.402   -37.84945    0.00017    0.00102      32       6
     132   3.402   -37.84945    0.00017
     133   3.402   -37.84945    0.00017
     134   3.402   -37.84945    0.00017
     135   3.402   -37.84945    0.00017
     136   3.402   -37.84945    0.00017
     137   3.587   -37.84916    0.00012    0.00062      33       5
     138   3.587   -37.84916    0.00012
     139   3.587   -37.84916    0.00012
     140   3.587   -37.84916    0.00012
     141   3.587   -37.84916    0.00012
     142   3.891   -37.84867    0.00007    0.00045      34       6
     143   3.891   -37.84867    0.00007
     144   3.891   -37.84867    0.00007
     145   3.891   -37.84867    0.00007
     146   3.891   -37.84867    0.00007
     147   3.891   -37.84867    0.00007
     148   3.921   -37.84863    0.00007    0.00035      35       5
     149   3.921   -37.84863    0.00007
     150   3.921   -37.84863    0.00007
     151   3.921   -37.84863    0.00007
     152   3.921   -37.84863    0.00007
     153   4.012   -37.84848    0.00006    0.00006      36       1
     154   4.213   -37.84816    0.00004    0.00013      37       3
     155   4.213   -37.84816    0.00004
     156   4.213   -37.84816    0.00004
     157   4.350   -37.84794    0.00003    0.00017      38       5
     158   4.350   -37.84794    0.00003
     159   4.350   -37.84794    0.00003
     160   4.350   -37.84794    0.00003
     161   4.350   -37.84794    0.00003
     162   4.488   -37.84772    0.00003    0.00005      39       2
     163   4.488   -37.84772    0.00003
     164   4.695   -37.84739    0.00002    0.00004      40       2
     165   4.695   -37.84739    0.00002
     166   4.716   -37.84736    0.00002    0.00006      41       3
     167   4.716   -37.84736    0.00002
     168   4.716   -37.84736    0.00002
     169   4.721   -37.84735    0.00002    0.00004      42       2
     170   4.721   -37.84735    0.00002
     171   4.729   -37.84734    0.00002    0.00009      43       5
     172   4.729   -37.84734    0.00002
     173   4.730   -37.84734    0.00002
     174   4.730   -37.84734    0.00002
     175   4.730   -37.84734    0.00002
     176   4.788   -37.84724    0.00002    0.00005      44       3
     177   4.788   -37.84724    0.00002
     178   4.788   -37.84724    0.00002
     179   4.867   -37.84712    0.00001    0.00003      45       2
     180   4.867   -37.84712    0.00001
     181   4.999   -37.84691    0.00001    0.00002      46       2
     182   4.999   -37.84691    0.00001
     183   5.046   -37.84683    0.00001    0.00006      47       6
     184   5.046   -37.84683    0.00001
     185   5.046   -37.84683    0.00001
     186   5.046   -37.84683    0.00001
     187   5.046   -37.84683    0.00001
     188   5.046   -37.84683    0.00001
     189   5.238   -37.84653    0.00001    0.00002      48       2
     190   5.238   -37.84653    0.00001
     191   5.272   -37.84647    0.00001    0.00004      49       6
     192   5.272   -37.84647    0.00001
     193   5.272   -37.84647    0.00001
     194   5.272   -37.84647    0.00001
     195   5.272   -37.84647    0.00001
     196   5.272   -37.84647    0.00001
     197   5.703   -37.84579    0.00000    0.00001      50       3
     198   5.703   -37.84579    0.00000
     199   5.703   -37.84579    0.00000
T /K                                  :   298.15
E lowest                              :   -37.85487
ensemble average energy (kcal)        :    0.548
ensemble entropy (J/mol K, cal/mol K) :   32.165    7.688
ensemble free energy (kcal/mol)       :   -2.292
population of lowest in %             :   31.586
 number of unique conformers for further calc           50
 list of relative energies saved as "crest.energies"

 -----------------
 Wall Time Summary
 -----------------
 CREST runtime (total)               0 d,  0 h,  1 min, 37.797 sec
 ------------------------------------------------------------------
 Trial metadynamics (MTD)   ...        0 min,  1.672 sec (  1.710%)
 Metadynamics (MTD)         ...        0 min, 30.072 sec ( 30.749%)
 Geometry optimization      ...        0 min, 51.056 sec ( 52.206%)
 Molecular dynamics (MD)    ...        0 min,  9.519 sec (  9.733%)
 Genetic crossing (GC)      ...        0 min,  5.170 sec (  5.287%)
 I/O and setup              ...        0 min,  0.308 sec (  0.315%)
 ------------------------------------------------------------------
 * wall-time:     0 d,  0 h,  1 min, 37.797 sec
 *  cpu-time:     0 d,  0 h, 22 min,  6.984 sec
 * ratio c/w:    13.569 speedup
 ------------------------------------------------------------------
 * Total number of energy+grad calls: 96036

 CREST terminated normally.
