  20
 Etot=         -41.3043885424
 O          0.6582912059        1.4827601477       -0.5812013207
 O         -2.7440511723        0.3108890504       -0.6483662406
 O         -0.5632953880       -1.8567896766       -0.9622186109
 O         -1.4561428824       -0.8160805348        1.5447844942
 O          2.2227493021       -1.5961762942        0.3669565167
 O          2.6779118447        1.3466571035        0.4014052591
 C         -0.3941559803        0.6084896527       -0.9196783562
 C         -1.6409767236        0.9780880805       -0.0813710438
 C          0.1525530550       -0.7621252348       -0.6445519460
 C         -1.4761177319        0.5777503333        1.3939831119
 C          1.3663668552       -0.6355955293       -0.0783671111
 C          1.7052729778        0.7982803186       -0.0226266879
 H         -0.6574697122        0.7327929788       -1.9768866187
 H         -1.7509980082        2.0692527120       -0.1520094040
 H         -0.5365547002        0.9686975504        1.7904384179
 H         -2.3077623503        1.0108390523        1.9724120785
 H         -3.5550768493        0.6451129488       -0.2483571375
 H         -0.0475431132       -2.6557633093       -0.7923824536
 H         -2.0852629961       -1.1816714303        0.9034230731
 H          1.7346099332       -2.3197402990        0.7787345405
