
       ╔════════════════════════════════════════════════╗
       ║                                                ║
       ║     ██████╗██████╗ ███████╗███████╗████████╗   ║
       ║    ██╔════╝██╔══██╗██╔════╝██╔════╝╚══██╔══╝   ║
       ║    ██║     ██████╔╝█████╗  ███████╗   ██║      ║
       ║    ██║     ██╔══██╗██╔══╝  ╚════██║   ██║      ║
       ║    ╚██████╗██║  ██║███████╗███████║   ██║      ║
       ║     ╚═════╝╚═╝  ╚═╝╚══════╝╚══════╝   ╚═╝      ║
       ║                                                ║
       ║    Conformer-Rotamer Ensemble Sampling Tool    ║
       ║            based on the xTB methods            ║
       ║                                                ║
       ╚════════════════════════════════════════════════╝
        Version 3.0.2, Mon, 29 September 16:25:59, 09/29/2025
        commit (c39758d) compiled by 'andrey@PC1'

   Cite work conducted with this code as

   • P.Pracht, F.Bohle, S.Grimme, PCCP, 2020, 22, 7169-7192.
   • S.Grimme, JCTC, 2019, 15, 2847-2862.
   • P.Pracht, S.Grimme, C.Bannwarth, F.Bohle, S.Ehlert,
     G.Feldmann, J.Gorges, M.Müller, T.Neudecker, C.Plett,
     S.Spicher, P.Steinbach, P.Wesołowski, F.Zeller,
     J. Chem. Phys., 2024, 160, 114110.

   for works involving QCG cite

   • S.Spicher, C.Plett, P.Pracht, A.Hansen, S.Grimme,
     JCTC, 2022, 18 (5), 3174-3189.
   • C.Plett, S. Grimme,
     Angew. Chem. Int. Ed. 2023, 62, e202214477.

   for works involving MECP screening cite

   • P.Pracht, C.Bannwarth, JCTC, 2022, 18 (10), 6370-6385.

   Original code
     P.Pracht, S.Grimme, Universität Bonn, MCTC
   with help from (alphabetical order):
     C.Bannwarth, F.Bohle, S.Ehlert, G.Feldmann, J.Gorges,
     S.Grimme, C.Plett, P.Pracht, S.Spicher, P.Steinbach,
     P.Wesolowski, F.Zeller

   Online documentation is available at
   https://crest-lab.github.io/crest-docs/

   This program is distributed in the hope that it will be useful,
   but WITHOUT ANY WARRANTY; without even the implied warranty of
   MERCHANTABILITY or FITNESS FOR A PARTICULAR PURPOSE. See the
   GNU Lesser General Public License (LGPL) for more details.

 Command line input:
 $ ./crest m1_00_Vitamin_B2-uni_conformers-CLUST_1_gfn2_opt.xyz --T 16 --gfn2

  --T 16 (CPUs/Threads selected)
  --gfn2               : Use of GFN2-xTB requested.

> Setting up backup calculator ... done.
 ----------------
 Calculation info
 ----------------
> User-defined calculation level:
 : xTB calculation via tblite lib
 : GFN2-xTB level
 :   Molecular charge    : 0
 :   Fermi temperature   : 300.00000
 :   Accuracy            : 1.00000
 :   max SCC cycles      : 500


 -----------------------------
 Initial Geometry Optimization
 -----------------------------
 Geometry successfully optimized.

          ┍━━━━━━━━━━━━━━━━━━━━━━━━━━━━━━━━━━━━━━━━━━━━━━━━━┑
          │              CREST iMTD-GC SAMPLING             │
          ┕━━━━━━━━━━━━━━━━━━━━━━━━━━━━━━━━━━━━━━━━━━━━━━━━━┙

 Input structure:
  47

 O          1.2992071952        2.7637796712        0.3464878640
 O          2.9728668679        0.4458558028       -1.7933581463
 O          3.4722090445       -0.2161930184        1.1228028287
 O          4.8753981496        3.0573488535        0.6887566647
 O         -1.2805536343       -4.4135542467        0.6393407495
 O          2.8337375566       -2.7845969281       -0.3394344161
 N         -0.5916915372        0.1475048564       -0.6230493953
 N         -2.3406017538       -1.8100433897        0.3232349339
 N          1.1144820103       -1.3711601924       -0.6043260445
 N          0.7548267430       -3.5928209006        0.0891764114
 C          1.4754770212        1.4392271187       -0.1060436415
 C          0.3920295287        1.0706673968       -1.1494507453
 C          2.9052898251        1.3234375329       -0.7065052141
 C          3.9182989810        0.8979752695        0.3858228659
 C         -1.8864430974        0.4855581704       -0.3239931184
 C         -0.1488473258       -1.1200629306       -0.3898043913
 C         -2.7564351787       -0.5411399276        0.1426292695
 C         -2.4039282932        1.7795332275       -0.4391234260
 C         -1.0990150907       -2.0933808367        0.0869833011
 C          4.1944431339        2.0323377073        1.3736229565
 C         -3.7200335061        2.0640123815       -0.1371108874
 C         -4.0944585354       -0.2345985832        0.4374832219
 C         -4.5890802765        1.0383531661        0.3024037513
 C         -0.5986794888       -3.4773605379        0.3026217948
 C         -4.2258511525        3.4628699916       -0.2733560494
 C         -6.0179223704        1.3402258379        0.6213055146
 C          1.6385361337       -2.5801791120       -0.2984318509
 H          1.4164605644        0.7370476128        0.7364275681
 H         -0.0833620739        1.9816414447       -1.5036252550
 H          0.8894969228        0.5828665494       -1.9932349270
 H          3.1985902189        2.3080201033       -1.0814888664
 H          4.8612099731        0.6738562708       -0.1326438696
 H         -1.7729951706        2.5928823240       -0.7614494858
 H          3.2480714343        2.3962948166        1.7889664892
 H          4.8054876856        1.6278176541        2.1920546083
 H         -4.7149625596       -1.0468440873        0.7810767605
 H          0.5685144332        2.7940818351        0.9740037813
 H          2.7560852215       -0.4468067133       -1.4731617625
 H          3.4925844518       -1.0060048400        0.5590792638
 H         -5.0460088729        3.5004268475       -0.9890180871
 H         -4.6080504825        3.8241133372        0.6804380440
 H         -3.4405616496        4.1337563933       -0.6104269859
 H         -6.0859530693        2.0795708729        1.4182320492
 H         -6.5276568108        1.7465470541       -0.2511609323
 H         -6.5359433462        0.4399255006        0.9381547460
 H          1.1685316815       -4.5018226062        0.2678326104
 H          4.9776215468        3.8091671608        1.2807837357

 ------------------------------------------------
 Generating MTD length from a flexibility measure
 ------------------------------------------------
 Calculating GFN0-xTB WBOs   ... done.
 Calculating NCI flexibility ... done.
     covalent flexibility measure :   0.326
 non-covalent flexibility measure :   0.503
 flexibility measure :   0.307
 t(MTD) / ps    :    10.0
 Σ(t(MTD)) / ps :   140.0 (14 MTDs)

 -----------------------------------
 Starting trial MTD to test settings
 -----------------------------------
 Trial MTD 1 runtime (1.0 ps) ...        0 min,  7.034 sec
 Estimated runtime for one MTD (10.0 ps) on a single thread: 1 min 10 sec
 Estimated runtime for a batch of 14 MTDs on 16 threads: 1 min 10 sec

********************************************************************************
**                    N E W   I T E R A T I O N  C Y C L E                    **
********************************************************************************

 ------------------------------
 Meta-Dynamics Iteration 1
 ------------------------------
 list of applied metadynamics Vbias parameters:
$metadyn    0.14100   1.300
$metadyn    0.07050   1.300
$metadyn    0.03525   1.300
$metadyn    0.14100   0.780
$metadyn    0.07050   0.780
$metadyn    0.03525   0.780
$metadyn    0.14100   0.468
$metadyn    0.07050   0.468
$metadyn    0.03525   0.468
$metadyn    0.14100   0.281
$metadyn    0.07050   0.281
$metadyn    0.03525   0.281
$metadyn    0.04700   0.100
$metadyn    0.23500   0.800

  ::::::::::::: starting MTD    9 :::::::::::::
  |   MD simulation time   :    10.0 ps       |
  |   target T             :   300.0 K        |
  |   timestep dt          :     5.0 fs       |
  |   dump interval(trj)   :   100.0 fs       |
  |   SHAKE algorithm      : true (all bonds) |
  |   dump interval(Vbias) :    1.00 ps       |
  |   Vbias prefactor (k)  :  0.0353 Eh       |
  |   Vbias exponent (α)   :  0.4680 bohr⁻²   |
  ::::::::::::: starting MTD   10 :::::::::::::
  |   MD simulation time   :    10.0 ps       |
  |   target T             :   300.0 K        |
  |   timestep dt          :     5.0 fs       |
  |   dump interval(trj)   :   100.0 fs       |
  |   SHAKE algorithm      : true (all bonds) |
  |   dump interval(Vbias) :    1.00 ps       |
  |   Vbias prefactor (k)  :  0.1410 Eh       |
  |   Vbias exponent (α)   :  0.2808 bohr⁻²   |
  ::::::::::::: starting MTD    8 :::::::::::::
  |   MD simulation time   :    10.0 ps       |
  |   target T             :   300.0 K        |
  |   timestep dt          :     5.0 fs       |
  |   dump interval(trj)   :   100.0 fs       |
  |   SHAKE algorithm      : true (all bonds) |
  |   dump interval(Vbias) :    1.00 ps       |
  |   Vbias prefactor (k)  :  0.0705 Eh       |
  |   Vbias exponent (α)   :  0.4680 bohr⁻²   |
  ::::::::::::: starting MTD    5 :::::::::::::
  |   MD simulation time   :    10.0 ps       |
  |   target T             :   300.0 K        |
  |   timestep dt          :     5.0 fs       |
  |   dump interval(trj)   :   100.0 fs       |
  |   SHAKE algorithm      : true (all bonds) |
  |   dump interval(Vbias) :    1.00 ps       |
  |   Vbias prefactor (k)  :  0.0705 Eh       |
  |   Vbias exponent (α)   :  0.7800 bohr⁻²   |
  ::::::::::::: starting MTD    4 :::::::::::::
  |   MD simulation time   :    10.0 ps       |
  |   target T             :   300.0 K        |
  |   timestep dt          :     5.0 fs       |
  |   dump interval(trj)   :   100.0 fs       |
  |   SHAKE algorithm      : true (all bonds) |
  |   dump interval(Vbias) :    1.00 ps       |
  |   Vbias prefactor (k)  :  0.1410 Eh       |
  |   Vbias exponent (α)   :  0.7800 bohr⁻²   |
  ::::::::::::: starting MTD    1 :::::::::::::
  |   MD simulation time   :    10.0 ps       |
  |   target T             :   300.0 K        |
  |   timestep dt          :     5.0 fs       |
  |   dump interval(trj)   :   100.0 fs       |
  |   SHAKE algorithm      : true (all bonds) |
  |   dump interval(Vbias) :    1.00 ps       |
  |   Vbias prefactor (k)  :  0.1410 Eh       |
  |   Vbias exponent (α)   :  1.3000 bohr⁻²   |
  ::::::::::::: starting MTD    2 :::::::::::::
  |   MD simulation time   :    10.0 ps       |
  |   target T             :   300.0 K        |
  |   timestep dt          :     5.0 fs       |
  |   dump interval(trj)   :   100.0 fs       |
  |   SHAKE algorithm      : true (all bonds) |
  |   dump interval(Vbias) :    1.00 ps       |
  |   Vbias prefactor (k)  :  0.0705 Eh       |
  |   Vbias exponent (α)   :  1.3000 bohr⁻²   |
  ::::::::::::: starting MTD   11 :::::::::::::
  |   MD simulation time   :    10.0 ps       |
  |   target T             :   300.0 K        |
  |   timestep dt          :     5.0 fs       |
  |   dump interval(trj)   :   100.0 fs       |
  |   SHAKE algorithm      : true (all bonds) |
  |   dump interval(Vbias) :    1.00 ps       |
  |   Vbias prefactor (k)  :  0.0705 Eh       |
  |   Vbias exponent (α)   :  0.2808 bohr⁻²   |
  ::::::::::::: starting MTD    7 :::::::::::::
  |   MD simulation time   :    10.0 ps       |
  |   target T             :   300.0 K        |
  |   timestep dt          :     5.0 fs       |
  |   dump interval(trj)   :   100.0 fs       |
  |   SHAKE algorithm      : true (all bonds) |
  |   dump interval(Vbias) :    1.00 ps       |
  |   Vbias prefactor (k)  :  0.1410 Eh       |
  |   Vbias exponent (α)   :  0.4680 bohr⁻²   |
  ::::::::::::: starting MTD   13 :::::::::::::
  |   MD simulation time   :    10.0 ps       |
  |   target T             :   300.0 K        |
  |   timestep dt          :     5.0 fs       |
  |   dump interval(trj)   :   100.0 fs       |
  |   SHAKE algorithm      : true (all bonds) |
  |   dump interval(Vbias) :    1.00 ps       |
  |   Vbias prefactor (k)  :  0.0470 Eh       |
  |   Vbias exponent (α)   :  0.1000 bohr⁻²   |
  ::::::::::::: starting MTD   14 :::::::::::::
  |   MD simulation time   :    10.0 ps       |
  |   target T             :   300.0 K        |
  |   timestep dt          :     5.0 fs       |
  |   dump interval(trj)   :   100.0 fs       |
  |   SHAKE algorithm      : true (all bonds) |
  |   dump interval(Vbias) :    1.00 ps       |
  |   Vbias prefactor (k)  :  0.2350 Eh       |
  |   Vbias exponent (α)   :  0.8000 bohr⁻²   |
  ::::::::::::: starting MTD   12 :::::::::::::
  |   MD simulation time   :    10.0 ps       |
  |   target T             :   300.0 K        |
  |   timestep dt          :     5.0 fs       |
  |   dump interval(trj)   :   100.0 fs       |
  |   SHAKE algorithm      : true (all bonds) |
  |   dump interval(Vbias) :    1.00 ps       |
  |   Vbias prefactor (k)  :  0.0353 Eh       |
  |   Vbias exponent (α)   :  0.2808 bohr⁻²   |
  ::::::::::::: starting MTD    3 :::::::::::::
  |   MD simulation time   :    10.0 ps       |
  |   target T             :   300.0 K        |
  |   timestep dt          :     5.0 fs       |
  |   dump interval(trj)   :   100.0 fs       |
  |   SHAKE algorithm      : true (all bonds) |
  |   dump interval(Vbias) :    1.00 ps       |
  |   Vbias prefactor (k)  :  0.0353 Eh       |
  |   Vbias exponent (α)   :  1.3000 bohr⁻²   |
  ::::::::::::: starting MTD    6 :::::::::::::
  |   MD simulation time   :    10.0 ps       |
  |   target T             :   300.0 K        |
  |   timestep dt          :     5.0 fs       |
  |   dump interval(trj)   :   100.0 fs       |
  |   SHAKE algorithm      : true (all bonds) |
  |   dump interval(Vbias) :    1.00 ps       |
  |   Vbias prefactor (k)  :  0.0353 Eh       |
  |   Vbias exponent (α)   :  0.7800 bohr⁻²   |
*MTD   2 completed successfully ...        1 min, 37.349 sec
*MTD  14 completed successfully ...        1 min, 37.456 sec
*MTD   1 completed successfully ...        1 min, 37.482 sec
*MTD   5 completed successfully ...        1 min, 37.563 sec
*MTD   3 completed successfully ...        1 min, 37.735 sec
*MTD   6 completed successfully ...        1 min, 37.838 sec
*MTD   4 completed successfully ...        1 min, 37.921 sec
*MTD   8 completed successfully ...        1 min, 38.082 sec
*MTD   9 completed successfully ...        1 min, 38.130 sec
*MTD  13 completed successfully ...        1 min, 38.210 sec
*MTD  12 completed successfully ...        1 min, 38.265 sec
*MTD   7 completed successfully ...        1 min, 38.348 sec
*MTD  11 completed successfully ...        1 min, 38.514 sec
*MTD  10 completed successfully ...        1 min, 38.714 sec

 ======================================
 |  Multilevel Ensemble Optimization  |
 ======================================
 Optimizing all 1386 structures from file "crest_dynamics.trj" ...
 ----------------------
 crude pre-optimization
 ----------------------
 Optimization engine: ANCOPT
 Hessian update type: BFGS
 E/G convergence criteria:  0.500E-03 Eh, 0.100E-01 Eh/a0
 maximum optimization steps: 200
 |>0.1% |>7.5% |>15.0% |>22.5% |>30.0% |>37.5% |>45.0% |>52.5% |>60.0% |>67.5% |>75.0% |>82.5% |>90.0% |>97.5% |>100.0%
 done.
> 1386 of 1386 structures successfully optimized (100.0% success)
> Total runtime for 1386 optimizations:
 * wall-time:     0 d,  0 h,  1 min, 26.163 sec
 *  cpu-time:     0 d,  0 h, 22 min,  8.700 sec
 * ratio c/w:    15.421 speedup
> Corresponding to approximately 0.062 sec per processed structure

CREGEN> running RMSDs ... done.
CREGEN> E lowest :   -82.77651
 1069 structures remain within    12.00 kcal/mol window
 ----------------------------------
 optimization with tight thresholds
 ----------------------------------
 Optimization engine: ANCOPT
 Hessian update type: BFGS
 E/G convergence criteria:  0.100E-05 Eh, 0.800E-03 Eh/a0
 maximum optimization steps: 200
 |>0.1% |>7.6% |>15.1% |>22.5% |>30.0% |>37.5% |>45.1% |>52.6% |>60.1% |>67.5% |>75.0% |>82.5% |>90.1% |>97.6% |>100.0%
 done.
> 1068 of 1069 structures successfully optimized (99.9% success)
> Total runtime for 1069 optimizations:
 * wall-time:     0 d,  0 h,  2 min, 17.018 sec
 *  cpu-time:     0 d,  0 h, 35 min, 24.644 sec
 * ratio c/w:    15.506 speedup
> Corresponding to approximately 0.128 sec per processed structure

CREGEN> running RMSDs ... done.
CREGEN> E lowest :   -82.77791
 296 structures remain within     6.00 kcal/mol window

 ------------------------------
 Meta-Dynamics Iteration 2
 ------------------------------
 list of applied metadynamics Vbias parameters:
$metadyn    0.14100   1.300
$metadyn    0.07050   1.300
$metadyn    0.03525   1.300
$metadyn    0.14100   0.780
$metadyn    0.07050   0.780
$metadyn    0.03525   0.780
$metadyn    0.14100   0.468
$metadyn    0.07050   0.468
$metadyn    0.03525   0.468
$metadyn    0.14100   0.281
$metadyn    0.07050   0.281
$metadyn    0.03525   0.281
$metadyn    0.04700   0.100
$metadyn    0.23500   0.800

  ::::::::::::: starting MTD    8 :::::::::::::
  |   MD simulation time   :    10.0 ps       |
  |   target T             :   300.0 K        |
  |   timestep dt          :     5.0 fs       |
  |   dump interval(trj)   :   100.0 fs       |
  |   SHAKE algorithm      : true (all bonds) |
  |   dump interval(Vbias) :    1.00 ps       |
  |   Vbias prefactor (k)  :  0.0705 Eh       |
  |   Vbias exponent (α)   :  0.4680 bohr⁻²   |
  ::::::::::::: starting MTD   12 :::::::::::::
  |   MD simulation time   :    10.0 ps       |
  |   target T             :   300.0 K        |
  |   timestep dt          :     5.0 fs       |
  |   dump interval(trj)   :   100.0 fs       |
  |   SHAKE algorithm      : true (all bonds) |
  |   dump interval(Vbias) :    1.00 ps       |
  |   Vbias prefactor (k)  :  0.0353 Eh       |
  |   Vbias exponent (α)   :  0.2808 bohr⁻²   |
  ::::::::::::: starting MTD    2 :::::::::::::
  |   MD simulation time   :    10.0 ps       |
  |   target T             :   300.0 K        |
  |   timestep dt          :     5.0 fs       |
  |   dump interval(trj)   :   100.0 fs       |
  |   SHAKE algorithm      : true (all bonds) |
  |   dump interval(Vbias) :    1.00 ps       |
  |   Vbias prefactor (k)  :  0.0705 Eh       |
  |   Vbias exponent (α)   :  1.3000 bohr⁻²   |
  ::::::::::::: starting MTD   14 :::::::::::::
  |   MD simulation time   :    10.0 ps       |
  |   target T             :   300.0 K        |
  |   timestep dt          :     5.0 fs       |
  |   dump interval(trj)   :   100.0 fs       |
  |   SHAKE algorithm      : true (all bonds) |
  |   dump interval(Vbias) :    1.00 ps       |
  |   Vbias prefactor (k)  :  0.2350 Eh       |
  |   Vbias exponent (α)   :  0.8000 bohr⁻²   |
  ::::::::::::: starting MTD    1 :::::::::::::
  |   MD simulation time   :    10.0 ps       |
  |   target T             :   300.0 K        |
  |   timestep dt          :     5.0 fs       |
  |   dump interval(trj)   :   100.0 fs       |
  |   SHAKE algorithm      : true (all bonds) |
  |   dump interval(Vbias) :    1.00 ps       |
  |   Vbias prefactor (k)  :  0.1410 Eh       |
  |   Vbias exponent (α)   :  1.3000 bohr⁻²   |
  ::::::::::::: starting MTD    9 :::::::::::::
  |   MD simulation time   :    10.0 ps       |
  |   target T             :   300.0 K        |
  |   timestep dt          :     5.0 fs       |
  |   dump interval(trj)   :   100.0 fs       |
  |   SHAKE algorithm      : true (all bonds) |
  |   dump interval(Vbias) :    1.00 ps       |
  |   Vbias prefactor (k)  :  0.0353 Eh       |
  |   Vbias exponent (α)   :  0.4680 bohr⁻²   |
  ::::::::::::: starting MTD    6 :::::::::::::
  |   MD simulation time   :    10.0 ps       |
  |   target T             :   300.0 K        |
  |   timestep dt          :     5.0 fs       |
  |   dump interval(trj)   :   100.0 fs       |
  |   SHAKE algorithm      : true (all bonds) |
  |   dump interval(Vbias) :    1.00 ps       |
  |   Vbias prefactor (k)  :  0.0353 Eh       |
  |   Vbias exponent (α)   :  0.7800 bohr⁻²   |
  ::::::::::::: starting MTD   11 :::::::::::::
  |   MD simulation time   :    10.0 ps       |
  |   target T             :   300.0 K        |
  |   timestep dt          :     5.0 fs       |
  |   dump interval(trj)   :   100.0 fs       |
  |   SHAKE algorithm      : true (all bonds) |
  |   dump interval(Vbias) :    1.00 ps       |
  |   Vbias prefactor (k)  :  0.0705 Eh       |
  |   Vbias exponent (α)   :  0.2808 bohr⁻²   |
  ::::::::::::: starting MTD    7 :::::::::::::
  |   MD simulation time   :    10.0 ps       |
  |   target T             :   300.0 K        |
  |   timestep dt          :     5.0 fs       |
  |   dump interval(trj)   :   100.0 fs       |
  |   SHAKE algorithm      : true (all bonds) |
  |   dump interval(Vbias) :    1.00 ps       |
  |   Vbias prefactor (k)  :  0.1410 Eh       |
  |   Vbias exponent (α)   :  0.4680 bohr⁻²   |
  ::::::::::::: starting MTD   10 :::::::::::::
  |   MD simulation time   :    10.0 ps       |
  |   target T             :   300.0 K        |
  |   timestep dt          :     5.0 fs       |
  |   dump interval(trj)   :   100.0 fs       |
  |   SHAKE algorithm      : true (all bonds) |
  |   dump interval(Vbias) :    1.00 ps       |
  |   Vbias prefactor (k)  :  0.1410 Eh       |
  |   Vbias exponent (α)   :  0.2808 bohr⁻²   |
  ::::::::::::: starting MTD   13 :::::::::::::
  |   MD simulation time   :    10.0 ps       |
  |   target T             :   300.0 K        |
  |   timestep dt          :     5.0 fs       |
  |   dump interval(trj)   :   100.0 fs       |
  |   SHAKE algorithm      : true (all bonds) |
  |   dump interval(Vbias) :    1.00 ps       |
  |   Vbias prefactor (k)  :  0.0470 Eh       |
  |   Vbias exponent (α)   :  0.1000 bohr⁻²   |
  ::::::::::::: starting MTD    3 :::::::::::::
  |   MD simulation time   :    10.0 ps       |
  |   target T             :   300.0 K        |
  |   timestep dt          :     5.0 fs       |
  |   dump interval(trj)   :   100.0 fs       |
  |   SHAKE algorithm      : true (all bonds) |
  |   dump interval(Vbias) :    1.00 ps       |
  |   Vbias prefactor (k)  :  0.0353 Eh       |
  |   Vbias exponent (α)   :  1.3000 bohr⁻²   |
  ::::::::::::: starting MTD    5 :::::::::::::
  |   MD simulation time   :    10.0 ps       |
  |   target T             :   300.0 K        |
  |   timestep dt          :     5.0 fs       |
  |   dump interval(trj)   :   100.0 fs       |
  |   SHAKE algorithm      : true (all bonds) |
  |   dump interval(Vbias) :    1.00 ps       |
  |   Vbias prefactor (k)  :  0.0705 Eh       |
  |   Vbias exponent (α)   :  0.7800 bohr⁻²   |
  ::::::::::::: starting MTD    4 :::::::::::::
  |   MD simulation time   :    10.0 ps       |
  |   target T             :   300.0 K        |
  |   timestep dt          :     5.0 fs       |
  |   dump interval(trj)   :   100.0 fs       |
  |   SHAKE algorithm      : true (all bonds) |
  |   dump interval(Vbias) :    1.00 ps       |
  |   Vbias prefactor (k)  :  0.1410 Eh       |
  |   Vbias exponent (α)   :  0.7800 bohr⁻²   |
*MTD   8 completed successfully ...        1 min, 38.209 sec
*MTD   7 completed successfully ...        1 min, 38.324 sec
*MTD   6 completed successfully ...        1 min, 38.331 sec
*MTD   1 completed successfully ...        1 min, 38.361 sec
*MTD   5 completed successfully ...        1 min, 38.575 sec
*MTD   4 completed successfully ...        1 min, 38.607 sec
*MTD   3 completed successfully ...        1 min, 38.635 sec
*MTD   2 completed successfully ...        1 min, 38.945 sec
*MTD  12 completed successfully ...        1 min, 38.956 sec
*MTD  10 completed successfully ...        1 min, 38.987 sec
*MTD  11 completed successfully ...        1 min, 39.193 sec
*MTD   9 completed successfully ...        1 min, 39.374 sec
*MTD  13 completed successfully ...        1 min, 39.430 sec
*MTD  14 completed successfully ...        1 min, 39.526 sec

 ======================================
 |  Multilevel Ensemble Optimization  |
 ======================================
 Optimizing all 1386 structures from file "crest_dynamics.trj" ...
 ----------------------
 crude pre-optimization
 ----------------------
 Optimization engine: ANCOPT
 Hessian update type: BFGS
 E/G convergence criteria:  0.500E-03 Eh, 0.100E-01 Eh/a0
 maximum optimization steps: 200
 |>0.1% |>7.5% |>15.0% |>22.5% |>30.0% |>37.5% |>45.0% |>52.5% |>60.0% |>67.5% |>75.0% |>82.5% |>90.0% |>97.5% |>100.0%
 done.
> 1386 of 1386 structures successfully optimized (100.0% success)
> Total runtime for 1386 optimizations:
 * wall-time:     0 d,  0 h,  1 min, 26.380 sec
 *  cpu-time:     0 d,  0 h, 22 min, 14.678 sec
 * ratio c/w:    15.451 speedup
> Corresponding to approximately 0.062 sec per processed structure

CREGEN> running RMSDs ... done.
CREGEN> E lowest :   -82.77640
 1130 structures remain within    12.00 kcal/mol window
 ----------------------------------
 optimization with tight thresholds
 ----------------------------------
 Optimization engine: ANCOPT
 Hessian update type: BFGS
 E/G convergence criteria:  0.100E-05 Eh, 0.800E-03 Eh/a0
 maximum optimization steps: 200
 |>0.1% |>7.5% |>15.0% |>22.6% |>30.0% |>37.5% |>45.0% |>52.6% |>60.0% |>67.5% |>75.0% |>82.6% |>90.1% |>97.5% |>100.0%
 done.
> 1127 of 1130 structures successfully optimized (99.7% success)
> Total runtime for 1130 optimizations:
 * wall-time:     0 d,  0 h,  2 min, 23.638 sec
 *  cpu-time:     0 d,  0 h, 37 min,  2.412 sec
 * ratio c/w:    15.472 speedup
> Corresponding to approximately 0.127 sec per processed structure

CREGEN> running RMSDs ... done.
CREGEN> E lowest :   -82.77791
 268 structures remain within     6.00 kcal/mol window

========================================
           MTD Simulations done         
========================================
 Collecting ensmbles.
CREGEN> running RMSDs ... done.
CREGEN> E lowest :   -82.77791
 497 structures remain within     6.00 kcal/mol window


 ===============================================
 Additional regular MDs on lowest 4 conformer(s)
 ===============================================
  :::::::::::::: starting MD   1 ::::::::::::::
  |   MD simulation time   :     5.0 ps       |
  |   target T             :   400.0 K        |
  |   timestep dt          :     5.0 fs       |
  |   dump interval(trj)   :   100.0 fs       |
  |   SHAKE algorithm      : true (all bonds) |
  :::::::::::::: starting MD   6 ::::::::::::::
  |   MD simulation time   :     5.0 ps       |
  |   target T             :   500.0 K        |
  |   timestep dt          :     5.0 fs       |
  |   dump interval(trj)   :   100.0 fs       |
  |   SHAKE algorithm      : true (all bonds) |
  :::::::::::::: starting MD   5 ::::::::::::::
  |   MD simulation time   :     5.0 ps       |
  |   target T             :   500.0 K        |
  |   timestep dt          :     5.0 fs       |
  |   dump interval(trj)   :   100.0 fs       |
  |   SHAKE algorithm      : true (all bonds) |
  :::::::::::::: starting MD   2 ::::::::::::::
  |   MD simulation time   :     5.0 ps       |
  |   target T             :   400.0 K        |
  |   timestep dt          :     5.0 fs       |
  |   dump interval(trj)   :   100.0 fs       |
  |   SHAKE algorithm      : true (all bonds) |
  :::::::::::::: starting MD   7 ::::::::::::::
  |   MD simulation time   :     5.0 ps       |
  |   target T             :   500.0 K        |
  |   timestep dt          :     5.0 fs       |
  |   dump interval(trj)   :   100.0 fs       |
  |   SHAKE algorithm      : true (all bonds) |
  :::::::::::::: starting MD   8 ::::::::::::::
  |   MD simulation time   :     5.0 ps       |
  |   target T             :   500.0 K        |
  |   timestep dt          :     5.0 fs       |
  |   dump interval(trj)   :   100.0 fs       |
  |   SHAKE algorithm      : true (all bonds) |
  :::::::::::::: starting MD   4 ::::::::::::::
  |   MD simulation time   :     5.0 ps       |
  |   target T             :   400.0 K        |
  |   timestep dt          :     5.0 fs       |
  |   dump interval(trj)   :   100.0 fs       |
  |   SHAKE algorithm      : true (all bonds) |
  :::::::::::::: starting MD   3 ::::::::::::::
  |   MD simulation time   :     5.0 ps       |
  |   target T             :   400.0 K        |
  |   timestep dt          :     5.0 fs       |
  |   dump interval(trj)   :   100.0 fs       |
  |   SHAKE algorithm      : true (all bonds) |
*MD   3 completed successfully ...        1 min,  4.435 sec
*MD   2 completed successfully ...        1 min,  5.152 sec
*MD   6 completed successfully ...        1 min,  6.366 sec
*MD   4 completed successfully ...        1 min,  6.684 sec
*MD   1 completed successfully ...        1 min,  7.498 sec
*MD   5 completed successfully ...        1 min,  7.527 sec
*MD   7 completed successfully ...        1 min,  8.021 sec
*MD   8 completed successfully ...        1 min,  8.451 sec
 Appending file crest_rotamers_1.xyz with new structures
 Optimizing all 889 structures from file "crest_rotamers_1.xyz" ...
 ----------------------------------
 optimization with tight thresholds
 ----------------------------------
 Optimization engine: ANCOPT
 Hessian update type: BFGS
 E/G convergence criteria:  0.100E-05 Eh, 0.800E-03 Eh/a0
 maximum optimization steps: 200
 |>0.1% |>10.0% |>20.0% |>30.0% |>40.0% |>50.1% |>60.1% |>70.1% |>80.1% |>90.1% |>100.0%
 done.
> 889 of 889 structures successfully optimized (100.0% success)
> Total runtime for 889 optimizations:
 * wall-time:     0 d,  0 h,  0 min, 50.646 sec
 *  cpu-time:     0 d,  0 h, 12 min, 54.815 sec
 * ratio c/w:    15.299 speedup
> Corresponding to approximately 0.057 sec per processed structure

CREGEN> running RMSDs ... done.
CREGEN> E lowest :   -82.77791
 528 structures remain within     6.00 kcal/mol window

     ========================================
     |        Structure Crossing (GC)       |
     ========================================

 =============================
  # threads =          16
 =============================
input  file name : crest_rotamers_2.xyz
number of atoms                :      47
number of points on xyz files  :     528
conformer energy window  /kcal :    6.00
CN per atom difference cut-off :  0.3000
RMSD threshold (Ang, Bohr)     :  0.2500  0.4724
max. # of generated structures :      500
 # in E window         528
 finished.
 average rmsd w.r.t input     :     1.00661
 number of clash discarded    :      138094
 removed identical structures :         978

 56 structures written to confcross.xyz


 ======================================
 |  Multilevel Ensemble Optimization  |
 ======================================
 Optimizing all 56 structures from file "confcross.xyz" ...
 ----------------------
 crude pre-optimization
 ----------------------
 Optimization engine: ANCOPT
 Hessian update type: BFGS
 E/G convergence criteria:  0.500E-03 Eh, 0.100E-01 Eh/a0
 maximum optimization steps: 200
 |>1.8% |>10.7% |>21.4% |>30.4% |>41.1% |>50.0% |>60.7% |>71.4% |>80.4% |>91.1% |>100.0%
 done.
> 56 of 56 structures successfully optimized (100.0% success)
> Total runtime for 56 optimizations:
 * wall-time:     0 d,  0 h,  0 min,  1.315 sec
 *  cpu-time:     0 d,  0 h,  0 min, 15.511 sec
 * ratio c/w:    11.799 speedup
> Corresponding to approximately 0.023 sec per processed structure

CREGEN> running RMSDs ... done.
CREGEN> E lowest :   -82.77791
 12 structures remain within    12.00 kcal/mol window
 ----------------------------------
 optimization with tight thresholds
 ----------------------------------
 Optimization engine: ANCOPT
 Hessian update type: BFGS
 E/G convergence criteria:  0.100E-05 Eh, 0.800E-03 Eh/a0
 maximum optimization steps: 200
 |>8.3% |>16.7% |>25.0% |>33.3% |>41.7% |>50.0% |>66.7% |>75.0% |>83.3% |>91.7% |>100.0%
 done.
> 12 of 12 structures successfully optimized (100.0% success)
> Total runtime for 12 optimizations:
 * wall-time:     0 d,  0 h,  0 min,  3.201 sec
 *  cpu-time:     0 d,  0 h,  0 min, 16.571 sec
 * ratio c/w:     5.177 speedup
> Corresponding to approximately 0.267 sec per processed structure

CREGEN> running RMSDs ... done.
CREGEN> E lowest :   -82.77791
 8 structures remain within     6.00 kcal/mol window
appending new structures to crest_rotamers_2.xyz
CREGEN> running RMSDs ... done.
CREGEN> E lowest :   -82.77791


   ================================================
   |           Final Geometry Optimization        |
   ================================================
 Optimizing all 530 structures from file "crest_rotamers_3.xyz" ...
 ---------------------------------------
 optimization with very tight thresholds
 ---------------------------------------
 Optimization engine: ANCOPT
 Hessian update type: BFGS
 E/G convergence criteria:  0.100E-06 Eh, 0.200E-03 Eh/a0
 maximum optimization steps: 200
 |>0.2% |>10.0% |>20.0% |>30.0% |>40.0% |>50.0% |>60.0% |>70.2% |>80.0% |>90.2% |>100.0%
 done.
> 530 of 530 structures successfully optimized (100.0% success)
> Total runtime for 530 optimizations:
 * wall-time:     0 d,  0 h,  0 min, 19.242 sec
 *  cpu-time:     0 d,  0 h,  4 min, 31.754 sec
 * ratio c/w:    14.123 speedup
> Corresponding to approximately 0.036 sec per processed structure

CREGEN> running RMSDs ... done.
CREGEN> E lowest :   -82.77791
 526 structures remain within     6.00 kcal/mol window


 --------------------------
 Final Ensemble Information
 --------------------------
 input  file name : crest_rotamers_3.xyz
 output file name : crest_rotamers_4.xyz
 number of atoms                :   47
 number of points on xyz files  :   530
 RMSD threshold                 :   0.1250
 Bconst threshold               :   0.0100
 population threshold           :   0.0500
 # fragment in coord            :     1
 # bonds in reference structure :    49
 number of reliable points      :   530
 sorting energy window (EWIN)   :    6.0000 / kcal*mol⁻¹
 reference state Etot           :  -82.777914929999994
 number of doubles removed by rot/RMSD         :           4
 total number unique points considered further :         526
       Erel/kcal        Etot weight/tot  conformer     set   degen     origin
       1   0.000   -82.77791    0.04487    0.40376       1       9
       2   0.000   -82.77791    0.04487
       3   0.000   -82.77791    0.04487
       4   0.000   -82.77791    0.04486
       5   0.000   -82.77791    0.04486
       6   0.000   -82.77791    0.04486
       7   0.000   -82.77791    0.04486
       8   0.000   -82.77791    0.04486
       9   0.000   -82.77791    0.04484
      10   0.422   -82.77724    0.02201    0.19809       2       9
      11   0.422   -82.77724    0.02201
      12   0.422   -82.77724    0.02201
      13   0.422   -82.77724    0.02201
      14   0.422   -82.77724    0.02201
      15   0.422   -82.77724    0.02201
      16   0.422   -82.77724    0.02201
      17   0.422   -82.77724    0.02201
      18   0.423   -82.77724    0.02200
      19   0.764   -82.77670    0.01237    0.08659       3       7
      20   0.764   -82.77670    0.01237
      21   0.764   -82.77670    0.01237
      22   0.764   -82.77670    0.01237
      23   0.764   -82.77670    0.01237
      24   0.764   -82.77670    0.01237
      25   0.764   -82.77670    0.01236
      26   0.874   -82.77652    0.01027    0.09240       4       9
      27   0.874   -82.77652    0.01027
      28   0.874   -82.77652    0.01027
      29   0.874   -82.77652    0.01027
      30   0.875   -82.77652    0.01027
      31   0.875   -82.77652    0.01027
      32   0.875   -82.77652    0.01027
      33   0.875   -82.77652    0.01027
      34   0.875   -82.77652    0.01026
      35   1.057   -82.77623    0.00755    0.05283       5       7
      36   1.057   -82.77623    0.00755
      37   1.057   -82.77623    0.00755
      38   1.057   -82.77623    0.00755
      39   1.057   -82.77623    0.00755
      40   1.057   -82.77623    0.00755
      41   1.057   -82.77623    0.00754
      42   1.238   -82.77594    0.00557    0.01113       6       2
      43   1.238   -82.77594    0.00556
      44   1.294   -82.77585    0.00506    0.03543       7       7
      45   1.294   -82.77585    0.00506
      46   1.294   -82.77585    0.00506
      47   1.294   -82.77585    0.00506
      48   1.294   -82.77585    0.00506
      49   1.294   -82.77585    0.00506
      50   1.294   -82.77585    0.00506
      51   1.485   -82.77555    0.00367    0.02567       8       7
      52   1.485   -82.77555    0.00367
      53   1.485   -82.77555    0.00367
      54   1.485   -82.77555    0.00367
      55   1.485   -82.77555    0.00367
      56   1.485   -82.77555    0.00367
      57   1.485   -82.77555    0.00367
      58   1.931   -82.77484    0.00173    0.00346       9       2
      59   1.931   -82.77484    0.00173
      60   1.938   -82.77483    0.00171    0.01025      10       6
      61   1.938   -82.77483    0.00171
      62   1.938   -82.77483    0.00171
      63   1.938   -82.77483    0.00171
      64   1.938   -82.77483    0.00171
      65   1.938   -82.77483    0.00171
      66   1.939   -82.77482    0.00170    0.00852      11       5
      67   1.939   -82.77482    0.00170
      68   1.939   -82.77482    0.00170
      69   1.940   -82.77482    0.00170
      70   1.940   -82.77482    0.00170
      71   2.000   -82.77473    0.00154    0.00770      12       5
      72   2.000   -82.77473    0.00154
      73   2.000   -82.77473    0.00154
      74   2.000   -82.77473    0.00154
      75   2.000   -82.77473    0.00154
      76   2.065   -82.77462    0.00138    0.00689      13       5
      77   2.065   -82.77462    0.00138
      78   2.066   -82.77462    0.00138
      79   2.066   -82.77462    0.00138
      80   2.066   -82.77462    0.00138
      81   2.231   -82.77436    0.00104    0.00625      14       6
      82   2.231   -82.77436    0.00104
      83   2.232   -82.77436    0.00104
      84   2.232   -82.77436    0.00104
      85   2.232   -82.77436    0.00104
      86   2.232   -82.77436    0.00104
      87   2.265   -82.77430    0.00098    0.00787      15       8
      88   2.265   -82.77430    0.00098
      89   2.265   -82.77430    0.00098
      90   2.265   -82.77430    0.00098
      91   2.265   -82.77430    0.00098
      92   2.265   -82.77430    0.00098
      93   2.266   -82.77430    0.00098
      94   2.266   -82.77430    0.00098
      95   2.346   -82.77418    0.00086    0.00429      16       5
      96   2.346   -82.77418    0.00086
      97   2.347   -82.77418    0.00086
      98   2.347   -82.77418    0.00086
      99   2.347   -82.77418    0.00086
     100   2.392   -82.77410    0.00080    0.00318      17       4
     101   2.392   -82.77410    0.00079
     102   2.392   -82.77410    0.00079
     103   2.392   -82.77410    0.00079
     104   2.659   -82.77368    0.00051    0.00152      18       3
     105   2.659   -82.77368    0.00051
     106   2.659   -82.77368    0.00051
     107   2.671   -82.77366    0.00050    0.00199      19       4
     108   2.671   -82.77366    0.00050
     109   2.671   -82.77366    0.00050
     110   2.671   -82.77366    0.00050
     111   2.733   -82.77356    0.00045    0.00089      20       2
     112   2.733   -82.77356    0.00045
     113   2.769   -82.77350    0.00042    0.00042      21       1
     114   2.867   -82.77335    0.00036    0.00250      22       7
     115   2.867   -82.77335    0.00036
     116   2.867   -82.77335    0.00036
     117   2.867   -82.77335    0.00036
     118   2.867   -82.77335    0.00036
     119   2.867   -82.77335    0.00036
     120   2.867   -82.77335    0.00036
     121   2.929   -82.77325    0.00032    0.00129      23       4
     122   2.929   -82.77325    0.00032
     123   2.929   -82.77325    0.00032
     124   2.929   -82.77325    0.00032
     125   2.935   -82.77324    0.00032    0.00095      24       3
     126   2.935   -82.77324    0.00032
     127   2.935   -82.77324    0.00032
     128   2.947   -82.77322    0.00031    0.00281      25       9
     129   2.947   -82.77322    0.00031
     130   2.947   -82.77322    0.00031
     131   2.947   -82.77322    0.00031
     132   2.947   -82.77322    0.00031
     133   2.947   -82.77322    0.00031
     134   2.947   -82.77322    0.00031
     135   2.947   -82.77322    0.00031
     136   2.947   -82.77322    0.00031
     137   2.949   -82.77322    0.00031    0.00031      26       1
     138   3.001   -82.77313    0.00028    0.00171      27       6
     139   3.001   -82.77313    0.00028
     140   3.001   -82.77313    0.00028
     141   3.001   -82.77313    0.00028
     142   3.001   -82.77313    0.00028
     143   3.001   -82.77313    0.00028
     144   3.005   -82.77313    0.00028    0.00113      28       4
     145   3.005   -82.77313    0.00028
     146   3.005   -82.77313    0.00028
     147   3.006   -82.77312    0.00028
     148   3.030   -82.77309    0.00027    0.00244      29       9
     149   3.030   -82.77309    0.00027
     150   3.030   -82.77309    0.00027
     151   3.030   -82.77309    0.00027
     152   3.030   -82.77309    0.00027
     153   3.030   -82.77309    0.00027
     154   3.031   -82.77309    0.00027
     155   3.031   -82.77309    0.00027
     156   3.031   -82.77309    0.00027
     157   3.062   -82.77303    0.00026    0.00128      30       5
     158   3.062   -82.77303    0.00026
     159   3.062   -82.77303    0.00026
     160   3.062   -82.77303    0.00026
     161   3.063   -82.77303    0.00026
     162   3.086   -82.77300    0.00025    0.00049      31       2
     163   3.086   -82.77300    0.00025
     164   3.099   -82.77298    0.00024    0.00121      32       5
     165   3.099   -82.77298    0.00024
     166   3.099   -82.77298    0.00024
     167   3.099   -82.77298    0.00024
     168   3.099   -82.77298    0.00024
     169   3.127   -82.77293    0.00023    0.00046      33       2
     170   3.127   -82.77293    0.00023
     171   3.214   -82.77279    0.00020    0.00020      34       1
     172   3.217   -82.77279    0.00020    0.00079      35       4
     173   3.217   -82.77279    0.00020
     174   3.218   -82.77279    0.00020
     175   3.218   -82.77279    0.00020
     176   3.243   -82.77275    0.00019    0.00170      36       9
     177   3.243   -82.77275    0.00019
     178   3.243   -82.77275    0.00019
     179   3.243   -82.77275    0.00019
     180   3.243   -82.77275    0.00019
     181   3.243   -82.77275    0.00019
     182   3.243   -82.77275    0.00019
     183   3.243   -82.77275    0.00019
     184   3.243   -82.77275    0.00019
     185   3.250   -82.77274    0.00019    0.00056      37       3
     186   3.250   -82.77274    0.00019
     187   3.251   -82.77273    0.00019
     188   3.304   -82.77265    0.00017    0.00136      38       8
     189   3.304   -82.77265    0.00017
     190   3.305   -82.77265    0.00017
     191   3.305   -82.77265    0.00017
     192   3.305   -82.77265    0.00017
     193   3.305   -82.77265    0.00017
     194   3.305   -82.77265    0.00017
     195   3.305   -82.77265    0.00017
     196   3.405   -82.77249    0.00014    0.00101      39       7
     197   3.405   -82.77249    0.00014
     198   3.405   -82.77249    0.00014
     199   3.405   -82.77249    0.00014
     200   3.405   -82.77249    0.00014
     201   3.405   -82.77249    0.00014
     202   3.405   -82.77249    0.00014
     203   3.431   -82.77245    0.00014    0.00096      40       7
     204   3.432   -82.77245    0.00014
     205   3.432   -82.77245    0.00014
     206   3.432   -82.77245    0.00014
     207   3.432   -82.77245    0.00014
     208   3.432   -82.77245    0.00014
     209   3.432   -82.77245    0.00014
     210   3.501   -82.77233    0.00012    0.00037      41       3
     211   3.502   -82.77233    0.00012
     212   3.502   -82.77233    0.00012
     213   3.512   -82.77232    0.00012    0.00012      42       1
     214   3.524   -82.77230    0.00012    0.00035      43       3
     215   3.524   -82.77230    0.00012
     216   3.524   -82.77230    0.00012
     217   3.555   -82.77225    0.00011    0.00034      44       3
     218   3.555   -82.77225    0.00011
     219   3.555   -82.77225    0.00011
     220   3.600   -82.77218    0.00010    0.00031      45       3
     221   3.600   -82.77218    0.00010
     222   3.600   -82.77218    0.00010
     223   3.690   -82.77203    0.00009    0.00027      46       3
     224   3.690   -82.77203    0.00009
     225   3.690   -82.77203    0.00009
     226   3.728   -82.77197    0.00008    0.00042      47       5
     227   3.729   -82.77197    0.00008
     228   3.729   -82.77197    0.00008
     229   3.729   -82.77197    0.00008
     230   3.729   -82.77197    0.00008
     231   3.735   -82.77196    0.00008    0.00058      48       7
     232   3.735   -82.77196    0.00008
     233   3.736   -82.77196    0.00008
     234   3.736   -82.77196    0.00008
     235   3.736   -82.77196    0.00008
     236   3.736   -82.77196    0.00008
     237   3.736   -82.77196    0.00008
     238   3.746   -82.77194    0.00008    0.00024      49       3
     239   3.746   -82.77194    0.00008
     240   3.746   -82.77194    0.00008
     241   3.775   -82.77190    0.00008    0.00031      50       4
     242   3.775   -82.77190    0.00008
     243   3.775   -82.77190    0.00008
     244   3.775   -82.77190    0.00008
     245   3.802   -82.77186    0.00007    0.00037      51       5
     246   3.802   -82.77186    0.00007
     247   3.803   -82.77186    0.00007
     248   3.803   -82.77186    0.00007
     249   3.803   -82.77185    0.00007
     250   3.807   -82.77185    0.00007    0.00029      52       4
     251   3.808   -82.77185    0.00007
     252   3.810   -82.77184    0.00007
     253   3.811   -82.77184    0.00007
     254   3.812   -82.77184    0.00007    0.00014      53       2
     255   3.813   -82.77184    0.00007
     256   3.830   -82.77181    0.00007    0.00021      54       3
     257   3.830   -82.77181    0.00007
     258   3.831   -82.77181    0.00007
     259   3.872   -82.77175    0.00007    0.00026      55       4
     260   3.872   -82.77174    0.00007
     261   3.872   -82.77174    0.00007
     262   3.872   -82.77174    0.00007
     263   3.966   -82.77159    0.00006    0.00011      56       2
     264   3.966   -82.77159    0.00006
     265   3.967   -82.77159    0.00006    0.00006      57       1
     266   4.026   -82.77150    0.00005    0.00015      58       3
     267   4.026   -82.77150    0.00005
     268   4.026   -82.77150    0.00005
     269   4.079   -82.77142    0.00005    0.00018      59       4
     270   4.079   -82.77141    0.00005
     271   4.079   -82.77142    0.00005
     272   4.079   -82.77141    0.00005
     273   4.079   -82.77141    0.00005    0.00005      60       1
     274   4.087   -82.77140    0.00005    0.00005      61       1
     275   4.121   -82.77135    0.00004    0.00030      62       7
     276   4.121   -82.77135    0.00004
     277   4.121   -82.77135    0.00004
     278   4.121   -82.77135    0.00004
     279   4.121   -82.77135    0.00004
     280   4.121   -82.77135    0.00004
     281   4.122   -82.77135    0.00004
     282   4.159   -82.77129    0.00004    0.00004      63       1
     283   4.291   -82.77108    0.00003    0.00016      64       5
     284   4.291   -82.77108    0.00003
     285   4.291   -82.77108    0.00003
     286   4.291   -82.77108    0.00003
     287   4.291   -82.77108    0.00003
     288   4.312   -82.77104    0.00003    0.00006      65       2
     289   4.312   -82.77104    0.00003
     290   4.353   -82.77098    0.00003    0.00009      66       3
     291   4.353   -82.77098    0.00003
     292   4.353   -82.77098    0.00003
     293   4.385   -82.77093    0.00003    0.00008      67       3
     294   4.385   -82.77093    0.00003
     295   4.385   -82.77093    0.00003
     296   4.398   -82.77091    0.00003    0.00011      68       4
     297   4.399   -82.77091    0.00003
     298   4.399   -82.77091    0.00003
     299   4.399   -82.77091    0.00003
     300   4.438   -82.77084    0.00003    0.00008      69       3
     301   4.438   -82.77084    0.00003
     302   4.438   -82.77084    0.00003
     303   4.449   -82.77082    0.00002    0.00005      70       2
     304   4.450   -82.77082    0.00002
     305   4.511   -82.77073    0.00002    0.00018      71       8
     306   4.511   -82.77073    0.00002
     307   4.511   -82.77073    0.00002
     308   4.511   -82.77073    0.00002
     309   4.511   -82.77073    0.00002
     310   4.511   -82.77073    0.00002
     311   4.511   -82.77073    0.00002
     312   4.511   -82.77073    0.00002
     313   4.534   -82.77069    0.00002    0.00002      72       1
     314   4.534   -82.77069    0.00002    0.00009      73       4
     315   4.535   -82.77069    0.00002
     316   4.535   -82.77069    0.00002
     317   4.535   -82.77069    0.00002
     318   4.544   -82.77067    0.00002    0.00013      74       6
     319   4.544   -82.77067    0.00002
     320   4.545   -82.77067    0.00002
     321   4.545   -82.77067    0.00002
     322   4.545   -82.77067    0.00002
     323   4.546   -82.77067    0.00002
     324   4.644   -82.77051    0.00002    0.00002      75       1
     325   4.687   -82.77045    0.00002    0.00002      76       1
     326   4.698   -82.77043    0.00002    0.00007      77       4
     327   4.698   -82.77043    0.00002
     328   4.698   -82.77043    0.00002
     329   4.698   -82.77043    0.00002
     330   4.768   -82.77032    0.00001    0.00003      78       2
     331   4.768   -82.77032    0.00001
     332   4.820   -82.77023    0.00001    0.00003      79       2
     333   4.820   -82.77023    0.00001
     334   4.834   -82.77021    0.00001    0.00004      80       3
     335   4.834   -82.77021    0.00001
     336   4.834   -82.77021    0.00001
     337   4.851   -82.77018    0.00001    0.00001      81       1
     338   4.898   -82.77011    0.00001    0.00001      82       1
     339   4.903   -82.77010    0.00001    0.00010      83       9
     340   4.903   -82.77010    0.00001
     341   4.903   -82.77010    0.00001
     342   4.903   -82.77010    0.00001
     343   4.903   -82.77010    0.00001
     344   4.903   -82.77010    0.00001
     345   4.903   -82.77010    0.00001
     346   4.903   -82.77010    0.00001
     347   4.903   -82.77010    0.00001
     348   4.913   -82.77009    0.00001    0.00002      84       2
     349   4.913   -82.77009    0.00001
     350   4.942   -82.77004    0.00001    0.00003      85       3
     351   4.943   -82.77004    0.00001
     352   4.943   -82.77004    0.00001
     353   4.946   -82.77003    0.00001    0.00001      86       1
     354   4.974   -82.76999    0.00001    0.00001      87       1
     355   4.978   -82.76998    0.00001    0.00003      88       3
     356   4.979   -82.76998    0.00001
     357   4.979   -82.76998    0.00001
     358   5.023   -82.76991    0.00001    0.00001      89       1
     359   5.033   -82.76989    0.00001    0.00003      90       3
     360   5.033   -82.76989    0.00001
     361   5.034   -82.76989    0.00001
     362   5.051   -82.76987    0.00001    0.00001      91       1
     363   5.098   -82.76979    0.00001    0.00005      92       6
     364   5.098   -82.76979    0.00001
     365   5.098   -82.76979    0.00001
     366   5.098   -82.76979    0.00001
     367   5.098   -82.76979    0.00001
     368   5.099   -82.76979    0.00001
     369   5.099   -82.76979    0.00001    0.00003      93       4
     370   5.099   -82.76979    0.00001
     371   5.099   -82.76979    0.00001
     372   5.099   -82.76979    0.00001
     373   5.099   -82.76979    0.00001    0.00002      94       2
     374   5.099   -82.76979    0.00001
     375   5.104   -82.76978    0.00001    0.00002      95       2
     376   5.104   -82.76978    0.00001
     377   5.135   -82.76973    0.00001    0.00002      96       2
     378   5.136   -82.76973    0.00001
     379   5.203   -82.76962    0.00001    0.00003      97       5
     380   5.203   -82.76962    0.00001
     381   5.203   -82.76962    0.00001
     382   5.203   -82.76962    0.00001
     383   5.203   -82.76962    0.00001
     384   5.209   -82.76961    0.00001    0.00003      98       4
     385   5.209   -82.76961    0.00001
     386   5.209   -82.76961    0.00001
     387   5.210   -82.76961    0.00001
     388   5.225   -82.76959    0.00001    0.00001      99       1
     389   5.225   -82.76959    0.00001    0.00001     100       1
     390   5.241   -82.76956    0.00001    0.00001     101       1
     391   5.249   -82.76955    0.00001    0.00001     102       1
     392   5.251   -82.76955    0.00001    0.00001     103       2
     393   5.252   -82.76955    0.00001
     394   5.258   -82.76954    0.00001    0.00002     104       3
     395   5.259   -82.76953    0.00001
     396   5.259   -82.76953    0.00001
     397   5.280   -82.76950    0.00001    0.00001     105       1
     398   5.295   -82.76948    0.00001    0.00001     106       2
     399   5.296   -82.76948    0.00001
     400   5.298   -82.76947    0.00001    0.00001     107       2
     401   5.298   -82.76947    0.00001
     402   5.304   -82.76946    0.00001    0.00001     108       1
     403   5.327   -82.76943    0.00001    0.00001     109       1
     404   5.333   -82.76942    0.00001    0.00001     110       2
     405   5.333   -82.76942    0.00001
     406   5.352   -82.76939    0.00001    0.00005     111       9
     407   5.352   -82.76939    0.00001
     408   5.352   -82.76939    0.00001
     409   5.352   -82.76939    0.00001
     410   5.352   -82.76939    0.00001
     411   5.353   -82.76939    0.00001
     412   5.353   -82.76939    0.00001
     413   5.353   -82.76938    0.00001
     414   5.353   -82.76938    0.00001
     415   5.357   -82.76938    0.00001    0.00001     112       1
     416   5.370   -82.76936    0.00001    0.00001     113       2
     417   5.371   -82.76936    0.00001
     418   5.373   -82.76935    0.00001    0.00001     114       1
     419   5.378   -82.76934    0.00001    0.00001     115       1
     420   5.394   -82.76932    0.00001    0.00001     116       2
     421   5.394   -82.76932    0.00001
     422   5.397   -82.76931    0.00001    0.00001     117       1
     423   5.432   -82.76926    0.00000    0.00000     118       1
     424   5.460   -82.76921    0.00000    0.00001     119       2
     425   5.460   -82.76921    0.00000
     426   5.480   -82.76918    0.00000    0.00001     120       2
     427   5.480   -82.76918    0.00000
     428   5.494   -82.76916    0.00000    0.00002     121       4
     429   5.494   -82.76916    0.00000
     430   5.494   -82.76916    0.00000
     431   5.495   -82.76916    0.00000
     432   5.507   -82.76914    0.00000    0.00000     122       1
     433   5.511   -82.76913    0.00000    0.00000     123       1
     434   5.526   -82.76911    0.00000    0.00000     124       1
     435   5.551   -82.76907    0.00000    0.00000     125       1
     436   5.556   -82.76906    0.00000    0.00001     126       3
     437   5.556   -82.76906    0.00000
     438   5.556   -82.76906    0.00000
     439   5.583   -82.76902    0.00000    0.00000     127       1
     440   5.593   -82.76900    0.00000    0.00003     128       7
     441   5.593   -82.76900    0.00000
     442   5.594   -82.76900    0.00000
     443   5.594   -82.76900    0.00000
     444   5.594   -82.76900    0.00000
     445   5.594   -82.76900    0.00000
     446   5.594   -82.76900    0.00000
     447   5.597   -82.76900    0.00000    0.00002     129       5
     448   5.597   -82.76900    0.00000
     449   5.597   -82.76900    0.00000
     450   5.597   -82.76900    0.00000
     451   5.597   -82.76900    0.00000
     452   5.607   -82.76898    0.00000    0.00002     130       5
     453   5.607   -82.76898    0.00000
     454   5.607   -82.76898    0.00000
     455   5.608   -82.76898    0.00000
     456   5.608   -82.76898    0.00000
     457   5.616   -82.76897    0.00000    0.00000     131       1
     458   5.629   -82.76894    0.00000    0.00001     132       3
     459   5.629   -82.76894    0.00000
     460   5.629   -82.76894    0.00000
     461   5.648   -82.76891    0.00000    0.00001     133       3
     462   5.648   -82.76891    0.00000
     463   5.648   -82.76891    0.00000
     464   5.656   -82.76890    0.00000    0.00000     134       1
     465   5.700   -82.76883    0.00000    0.00002     135       6
     466   5.700   -82.76883    0.00000
     467   5.700   -82.76883    0.00000
     468   5.700   -82.76883    0.00000
     469   5.701   -82.76883    0.00000
     470   5.701   -82.76883    0.00000
     471   5.716   -82.76881    0.00000    0.00000     136       1
     472   5.735   -82.76878    0.00000    0.00001     137       5
     473   5.735   -82.76878    0.00000
     474   5.735   -82.76878    0.00000
     475   5.735   -82.76878    0.00000
     476   5.735   -82.76877    0.00000
     477   5.739   -82.76877    0.00000    0.00000     138       1
     478   5.745   -82.76876    0.00000    0.00000     139       1
     479   5.763   -82.76873    0.00000    0.00001     140       3
     480   5.765   -82.76873    0.00000
     481   5.763   -82.76873    0.00000
     482   5.763   -82.76873    0.00000    0.00000     141       1
     483   5.771   -82.76872    0.00000    0.00000     142       1
     484   5.793   -82.76868    0.00000    0.00000     143       1
     485   5.795   -82.76868    0.00000    0.00000     144       1
     486   5.807   -82.76866    0.00000    0.00001     145       5
     487   5.807   -82.76866    0.00000
     488   5.807   -82.76866    0.00000
     489   5.807   -82.76866    0.00000
     490   5.808   -82.76866    0.00000
     491   5.822   -82.76864    0.00000    0.00000     146       1
     492   5.825   -82.76863    0.00000    0.00000     147       1
     493   5.839   -82.76861    0.00000    0.00000     148       1
     494   5.841   -82.76861    0.00000    0.00001     149       4
     495   5.841   -82.76861    0.00000
     496   5.841   -82.76861    0.00000
     497   5.841   -82.76861    0.00000
     498   5.842   -82.76861    0.00000    0.00000     150       1
     499   5.846   -82.76860    0.00000    0.00002     151       7
     500   5.846   -82.76860    0.00000
     501   5.846   -82.76860    0.00000
     502   5.846   -82.76860    0.00000
     503   5.847   -82.76860    0.00000
     504   5.847   -82.76860    0.00000
     505   5.847   -82.76860    0.00000
     506   5.854   -82.76859    0.00000    0.00000     152       1
     507   5.855   -82.76858    0.00000    0.00000     153       2
     508   5.855   -82.76858    0.00000
     509   5.858   -82.76858    0.00000    0.00001     154       4
     510   5.859   -82.76858    0.00000
     511   5.859   -82.76858    0.00000
     512   5.863   -82.76857    0.00000
     513   5.869   -82.76856    0.00000    0.00000     155       2
     514   5.870   -82.76856    0.00000
     515   5.913   -82.76849    0.00000    0.00001     156       5
     516   5.914   -82.76849    0.00000
     517   5.914   -82.76849    0.00000
     518   5.914   -82.76849    0.00000
     519   5.914   -82.76849    0.00000
     520   5.931   -82.76846    0.00000    0.00000     157       1
     521   5.936   -82.76846    0.00000    0.00000     158       1
     522   5.941   -82.76845    0.00000    0.00000     159       1
     523   5.964   -82.76841    0.00000    0.00000     160       1
     524   5.975   -82.76839    0.00000    0.00001     161       3
     525   5.975   -82.76839    0.00000
     526   5.976   -82.76839    0.00000
T /K                                  :   298.15
E lowest                              :   -82.77791
ensemble average energy (kcal)        :    0.622
ensemble entropy (J/mol K, cal/mol K) :   34.529    8.253
ensemble free energy (kcal/mol)       :   -2.461
population of lowest in %             :   40.376
 number of unique conformers for further calc          161
 list of relative energies saved as "crest.energies"

 -----------------
 Wall Time Summary
 -----------------
 CREST runtime (total)               0 d,  0 h, 13 min, 29.720 sec
 ------------------------------------------------------------------
 Trial metadynamics (MTD)   ...        0 min,  7.035 sec (  0.869%)
 Metadynamics (MTD)         ...        3 min, 19.592 sec ( 24.649%)
 Geometry optimization      ...        8 min, 49.004 sec ( 65.332%)
 Molecular dynamics (MD)    ...        1 min,  8.494 sec (  8.459%)
 Genetic crossing (GC)      ...        0 min,  4.890 sec (  0.604%)
 I/O and setup              ...        0 min,  0.706 sec (  0.087%)
 ------------------------------------------------------------------
 * wall-time:     0 d,  0 h, 13 min, 29.720 sec
 *  cpu-time:     0 d,  3 h, 15 min, 17.148 sec
 * ratio c/w:    14.471 speedup
 ------------------------------------------------------------------
 * Total number of energy+grad calls: 257729

 CREST terminated normally.
