
       в•”в•ђв•ђв•ђв•ђв•ђв•ђв•ђв•ђв•ђв•ђв•ђв•ђв•ђв•ђв•ђв•ђв•ђв•ђв•ђв•ђв•ђв•ђв•ђв•ђв•ђв•ђв•ђв•ђв•ђв•ђв•ђв•ђв•ђв•ђв•ђв•ђв•ђв•ђв•ђв•ђв•ђв•ђв•ђв•ђв•ђв•ђв•ђв•ђв•—
       в•‘                                                в•‘
       в•‘     в–€в–€в–€в–€в–€в–€в•—в–€в–€в–€в–€в–€в–€в•— в–€в–€в–€в–€в–€в–€в–€в•—в–€в–€в–€в–€в–€в–€в–€в•—в–€в–€в–€в–€в–€в–€в–€в–€в•—   в•‘
       в•‘    в–€в–€в•”в•ђв•ђв•ђв•ђв•ќв–€в–€в•”в•ђв•ђв–€в–€в•—в–€в–€в•”в•ђв•ђв•ђв•ђв•ќв–€в–€в•”в•ђв•ђв•ђв•ђв•ќв•љв•ђв•ђв–€в–€в•”в•ђв•ђв•ќ   в•‘
       в•‘    в–€в–€в•‘     в–€в–€в–€в–€в–€в–€в•”в•ќв–€в–€в–€в–€в–€в•—  в–€в–€в–€в–€в–€в–€в–€в•—   в–€в–€в•‘      в•‘
       в•‘    в–€в–€в•‘     в–€в–€в•”в•ђв•ђв–€в–€в•—в–€в–€в•”в•ђв•ђв•ќ  в•љв•ђв•ђв•ђв•ђв–€в–€в•‘   в–€в–€в•‘      в•‘
       в•‘    в•љв–€в–€в–€в–€в–€в–€в•—в–€в–€в•‘  в–€в–€в•‘в–€в–€в–€в–€в–€в–€в–€в•—в–€в–€в–€в–€в–€в–€в–€в•‘   в–€в–€в•‘      в•‘
       в•‘     в•љв•ђв•ђв•ђв•ђв•ђв•ќв•љв•ђв•ќ  в•љв•ђв•ќв•љв•ђв•ђв•ђв•ђв•ђв•ђв•ќв•љв•ђв•ђв•ђв•ђв•ђв•ђв•ќ   в•љв•ђв•ќ      в•‘
       в•‘                                                в•‘
       в•‘    Conformer-Rotamer Ensemble Sampling Tool    в•‘
       в•‘            based on the xTB methods            в•‘
       в•‘                                                в•‘
       в•љв•ђв•ђв•ђв•ђв•ђв•ђв•ђв•ђв•ђв•ђв•ђв•ђв•ђв•ђв•ђв•ђв•ђв•ђв•ђв•ђв•ђв•ђв•ђв•ђв•ђв•ђв•ђв•ђв•ђв•ђв•ђв•ђв•ђв•ђв•ђв•ђв•ђв•ђв•ђв•ђв•ђв•ђв•ђв•ђв•ђв•ђв•ђв•ђв•ќ
        Version 3.0.2, Mon, 29 September 16:25:59, 09/29/2025
        commit (c39758d) compiled by 'andrey@PC1'

   Cite work conducted with this code as

   вЂў P.Pracht, F.Bohle, S.Grimme, PCCP, 2020, 22, 7169-7192.
   вЂў S.Grimme, JCTC, 2019, 15, 2847-2862.
   вЂў P.Pracht, S.Grimme, C.Bannwarth, F.Bohle, S.Ehlert,
     G.Feldmann, J.Gorges, M.MГјller, T.Neudecker, C.Plett,
     S.Spicher, P.Steinbach, P.WesoЕ‚owski, F.Zeller,
     J. Chem. Phys., 2024, 160, 114110.

   for works involving QCG cite

   вЂў S.Spicher, C.Plett, P.Pracht, A.Hansen, S.Grimme,
     JCTC, 2022, 18 (5), 3174-3189.
   вЂў C.Plett, S. Grimme,
     Angew. Chem. Int. Ed. 2023, 62, e202214477.

   for works involving MECP screening cite

   вЂў P.Pracht, C.Bannwarth, JCTC, 2022, 18 (10), 6370-6385.

   Original code
     P.Pracht, S.Grimme, UniversitГ¤t Bonn, MCTC
   with help from (alphabetical order):
     C.Bannwarth, F.Bohle, S.Ehlert, G.Feldmann, J.Gorges,
     S.Grimme, C.Plett, P.Pracht, S.Spicher, P.Steinbach,
     P.Wesolowski, F.Zeller

   Online documentation is available at
   https://crest-lab.github.io/crest-docs/

   This program is distributed in the hope that it will be useful,
   but WITHOUT ANY WARRANTY; without even the implied warranty of
   MERCHANTABILITY or FITNESS FOR A PARTICULAR PURPOSE. See the
   GNU Lesser General Public License (LGPL) for more details.

 Command line input:
 $ ./crest m1_00_Vitamin_B6-uni_conformers-CLUST_1_gfn2_opt.xyz --T 16 --gfn2

  --T 16 (CPUs/Threads selected)
  --gfn2               : Use of GFN2-xTB requested.

> Setting up backup calculator ... done.
 ----------------
 Calculation info
 ----------------
> User-defined calculation level:
 : xTB calculation via tblite lib
 : GFN2-xTB level
 :   Molecular charge    : 0
 :   Fermi temperature   : 300.00000
 :   Accuracy            : 1.00000
 :   max SCC cycles      : 500


 -----------------------------
 Initial Geometry Optimization
 -----------------------------
 Geometry successfully optimized.

          в”Ќв”Ѓв”Ѓв”Ѓв”Ѓв”Ѓв”Ѓв”Ѓв”Ѓв”Ѓв”Ѓв”Ѓв”Ѓв”Ѓв”Ѓв”Ѓв”Ѓв”Ѓв”Ѓв”Ѓв”Ѓв”Ѓв”Ѓв”Ѓв”Ѓв”Ѓв”Ѓв”Ѓв”Ѓв”Ѓв”Ѓв”Ѓв”Ѓв”Ѓв”Ѓв”Ѓв”Ѓв”Ѓв”Ѓв”Ѓв”Ѓв”Ѓв”Ѓв”Ѓв”Ѓв”Ѓв”Ѓв”Ѓв”Ѓв”Ѓв”‘
          в”‚              CREST iMTD-GC SAMPLING             в”‚
          в”•в”Ѓв”Ѓв”Ѓв”Ѓв”Ѓв”Ѓв”Ѓв”Ѓв”Ѓв”Ѓв”Ѓв”Ѓв”Ѓв”Ѓв”Ѓв”Ѓв”Ѓв”Ѓв”Ѓв”Ѓв”Ѓв”Ѓв”Ѓв”Ѓв”Ѓв”Ѓв”Ѓв”Ѓв”Ѓв”Ѓв”Ѓв”Ѓв”Ѓв”Ѓв”Ѓв”Ѓв”Ѓв”Ѓв”Ѓв”Ѓв”Ѓв”Ѓв”Ѓв”Ѓв”Ѓв”Ѓв”Ѓв”Ѓв”Ѓв”™

 Input structure:
  23

 O          2.3713792423       -0.7499883859       -0.2056765125
 O          0.8456573786       -2.8859704848        0.4116371132
 O         -3.5176118198        0.6354304217        0.0215273284
 N          0.2200462662        2.0954895483        0.1267860883
 C         -0.0453471503       -0.6612778992       -0.1234746159
 C         -1.1727913755        0.1614659463       -0.0230362902
 C          1.2134845699       -0.0555628899       -0.1027532786
 C          1.2966234946        1.3432668865        0.0233343372
 C         -0.1536873348       -2.1621045521       -0.2904244621
 C         -2.5710668797       -0.4019020482       -0.0648773713
 C         -0.9732840235        1.5275846888        0.1043865926
 C          2.6324779399        2.0115893626        0.0359916346
 H         -1.1453822892       -2.5130276847        0.0124700478
 H         -0.0089579575       -2.4271264083       -1.3441957789
 H         -2.7033906318       -0.9640680933       -1.0035532039
 H         -2.7066440013       -1.1058622656        0.7741035235
 H         -1.8186441907        2.1925430110        0.1887372582
 H          3.2402973466        1.6157580618        0.8475921416
 H          3.1573448329        1.8085042186       -0.8957302292
 H          2.5003457140        3.0815150113        0.1590355419
 H          2.1733160009       -1.7031367865       -0.1818755198
 H          0.7276284122       -2.7422567526        1.3575573106
 H         -4.4006813478        0.2569042934       -0.0337332032

 ------------------------------------------------
 Generating MTD length from a flexibility measure
 ------------------------------------------------
 Calculating GFN0-xTB WBOs   ... done.
 Calculating NCI flexibility ... done.
     covalent flexibility measure :   0.164
 non-covalent flexibility measure :   0.749
 flexibility measure :   0.234
 t(MTD) / ps    :     5.0
 ОЈ(t(MTD)) / ps :    70.0 (14 MTDs)

 -----------------------------------
 Starting trial MTD to test settings
 -----------------------------------
 Trial MTD 1 runtime (1.0 ps) ...        0 min,  1.665 sec
 Estimated runtime for one MTD (5.0 ps) on a single thread: 8 sec
 Estimated runtime for a batch of 14 MTDs on 16 threads: 8 sec

********************************************************************************
**                    N E W   I T E R A T I O N  C Y C L E                    **
********************************************************************************

 ------------------------------
 Meta-Dynamics Iteration 1
 ------------------------------
 list of applied metadynamics Vbias parameters:
$metadyn    0.06900   1.300
$metadyn    0.03450   1.300
$metadyn    0.01725   1.300
$metadyn    0.06900   0.780
$metadyn    0.03450   0.780
$metadyn    0.01725   0.780
$metadyn    0.06900   0.468
$metadyn    0.03450   0.468
$metadyn    0.01725   0.468
$metadyn    0.06900   0.281
$metadyn    0.03450   0.281
$metadyn    0.01725   0.281
$metadyn    0.02300   0.100
$metadyn    0.11500   0.800

  ::::::::::::: starting MTD    4 :::::::::::::
  |   MD simulation time   :     5.0 ps       |
  |   target T             :   300.0 K        |
  |   timestep dt          :     5.0 fs       |
  |   dump interval(trj)   :   100.0 fs       |
  |   SHAKE algorithm      : true (all bonds) |
  |   dump interval(Vbias) :    1.00 ps       |
  |   Vbias prefactor (k)  :  0.0690 Eh       |
  |   Vbias exponent (О±)   :  0.7800 bohrвЃ»ВІ   |
  ::::::::::::: starting MTD   14 :::::::::::::
  |   MD simulation time   :     5.0 ps       |
  |   target T             :   300.0 K        |
  |   timestep dt          :     5.0 fs       |
  |   dump interval(trj)   :   100.0 fs       |
  |   SHAKE algorithm      : true (all bonds) |
  |   dump interval(Vbias) :    1.00 ps       |
  |   Vbias prefactor (k)  :  0.1150 Eh       |
  |   Vbias exponent (О±)   :  0.8000 bohrвЃ»ВІ   |
  ::::::::::::: starting MTD    6 :::::::::::::
  |   MD simulation time   :     5.0 ps       |
  |   target T             :   300.0 K        |
  |   timestep dt          :     5.0 fs       |
  |   dump interval(trj)   :   100.0 fs       |
  |   SHAKE algorithm      : true (all bonds) |
  |   dump interval(Vbias) :    1.00 ps       |
  |   Vbias prefactor (k)  :  0.0173 Eh       |
  |   Vbias exponent (О±)   :  0.7800 bohrвЃ»ВІ   |
  ::::::::::::: starting MTD    5 :::::::::::::
  |   MD simulation time   :     5.0 ps       |
  |   target T             :   300.0 K        |
  |   timestep dt          :     5.0 fs       |
  |   dump interval(trj)   :   100.0 fs       |
  |   SHAKE algorithm      : true (all bonds) |
  |   dump interval(Vbias) :    1.00 ps       |
  |   Vbias prefactor (k)  :  0.0345 Eh       |
  |   Vbias exponent (О±)   :  0.7800 bohrвЃ»ВІ   |
  ::::::::::::: starting MTD   13 :::::::::::::
  |   MD simulation time   :     5.0 ps       |
  |   target T             :   300.0 K        |
  |   timestep dt          :     5.0 fs       |
  |   dump interval(trj)   :   100.0 fs       |
  |   SHAKE algorithm      : true (all bonds) |
  |   dump interval(Vbias) :    1.00 ps       |
  |   Vbias prefactor (k)  :  0.0230 Eh       |
  |   Vbias exponent (О±)   :  0.1000 bohrвЃ»ВІ   |
  ::::::::::::: starting MTD   10 :::::::::::::
  |   MD simulation time   :     5.0 ps       |
  |   target T             :   300.0 K        |
  |   timestep dt          :     5.0 fs       |
  |   dump interval(trj)   :   100.0 fs       |
  |   SHAKE algorithm      : true (all bonds) |
  |   dump interval(Vbias) :    1.00 ps       |
  |   Vbias prefactor (k)  :  0.0690 Eh       |
  |   Vbias exponent (О±)   :  0.2808 bohrвЃ»ВІ   |
  ::::::::::::: starting MTD    8 :::::::::::::
  |   MD simulation time   :     5.0 ps       |
  |   target T             :   300.0 K        |
  |   timestep dt          :     5.0 fs       |
  |   dump interval(trj)   :   100.0 fs       |
  |   SHAKE algorithm      : true (all bonds) |
  |   dump interval(Vbias) :    1.00 ps       |
  |   Vbias prefactor (k)  :  0.0345 Eh       |
  |   Vbias exponent (О±)   :  0.4680 bohrвЃ»ВІ   |
  ::::::::::::: starting MTD    7 :::::::::::::
  |   MD simulation time   :     5.0 ps       |
  |   target T             :   300.0 K        |
  |   timestep dt          :     5.0 fs       |
  |   dump interval(trj)   :   100.0 fs       |
  |   SHAKE algorithm      : true (all bonds) |
  |   dump interval(Vbias) :    1.00 ps       |
  |   Vbias prefactor (k)  :  0.0690 Eh       |
  |   Vbias exponent (О±)   :  0.4680 bohrвЃ»ВІ   |
  ::::::::::::: starting MTD    9 :::::::::::::
  |   MD simulation time   :     5.0 ps       |
  |   target T             :   300.0 K        |
  |   timestep dt          :     5.0 fs       |
  |   dump interval(trj)   :   100.0 fs       |
  |   SHAKE algorithm      : true (all bonds) |
  |   dump interval(Vbias) :    1.00 ps       |
  |   Vbias prefactor (k)  :  0.0173 Eh       |
  |   Vbias exponent (О±)   :  0.4680 bohrвЃ»ВІ   |
  ::::::::::::: starting MTD   12 :::::::::::::
  |   MD simulation time   :     5.0 ps       |
  |   target T             :   300.0 K        |
  |   timestep dt          :     5.0 fs       |
  |   dump interval(trj)   :   100.0 fs       |
  |   SHAKE algorithm      : true (all bonds) |
  |   dump interval(Vbias) :    1.00 ps       |
  |   Vbias prefactor (k)  :  0.0173 Eh       |
  |   Vbias exponent (О±)   :  0.2808 bohrвЃ»ВІ   |
  ::::::::::::: starting MTD    1 :::::::::::::
  |   MD simulation time   :     5.0 ps       |
  |   target T             :   300.0 K        |
  |   timestep dt          :     5.0 fs       |
  |   dump interval(trj)   :   100.0 fs       |
  |   SHAKE algorithm      : true (all bonds) |
  |   dump interval(Vbias) :    1.00 ps       |
  |   Vbias prefactor (k)  :  0.0690 Eh       |
  |   Vbias exponent (О±)   :  1.3000 bohrвЃ»ВІ   |
  ::::::::::::: starting MTD   11 :::::::::::::
  |   MD simulation time   :     5.0 ps       |
  |   target T             :   300.0 K        |
  |   timestep dt          :     5.0 fs       |
  |   dump interval(trj)   :   100.0 fs       |
  |   SHAKE algorithm      : true (all bonds) |
  |   dump interval(Vbias) :    1.00 ps       |
  |   Vbias prefactor (k)  :  0.0345 Eh       |
  |   Vbias exponent (О±)   :  0.2808 bohrвЃ»ВІ   |
  ::::::::::::: starting MTD    2 :::::::::::::
  |   MD simulation time   :     5.0 ps       |
  |   target T             :   300.0 K        |
  |   timestep dt          :     5.0 fs       |
  |   dump interval(trj)   :   100.0 fs       |
  |   SHAKE algorithm      : true (all bonds) |
  |   dump interval(Vbias) :    1.00 ps       |
  |   Vbias prefactor (k)  :  0.0345 Eh       |
  |   Vbias exponent (О±)   :  1.3000 bohrвЃ»ВІ   |
  ::::::::::::: starting MTD    3 :::::::::::::
  |   MD simulation time   :     5.0 ps       |
  |   target T             :   300.0 K        |
  |   timestep dt          :     5.0 fs       |
  |   dump interval(trj)   :   100.0 fs       |
  |   SHAKE algorithm      : true (all bonds) |
  |   dump interval(Vbias) :    1.00 ps       |
  |   Vbias prefactor (k)  :  0.0173 Eh       |
  |   Vbias exponent (О±)   :  1.3000 bohrвЃ»ВІ   |
*MTD  14 completed successfully ...        0 min, 14.661 sec
*MTD  11 completed successfully ...        0 min, 14.671 sec
*MTD   9 completed successfully ...        0 min, 14.674 sec
*MTD   3 completed successfully ...        0 min, 14.704 sec
*MTD   5 completed successfully ...        0 min, 14.705 sec
*MTD   8 completed successfully ...        0 min, 14.755 sec
*MTD   4 completed successfully ...        0 min, 14.757 sec
*MTD  10 completed successfully ...        0 min, 14.783 sec
*MTD   7 completed successfully ...        0 min, 14.789 sec
*MTD   2 completed successfully ...        0 min, 14.803 sec
*MTD  12 completed successfully ...        0 min, 14.808 sec
*MTD   6 completed successfully ...        0 min, 14.815 sec
*MTD   1 completed successfully ...        0 min, 14.827 sec
*MTD  13 completed successfully ...        0 min, 14.829 sec

 ======================================
 |  Multilevel Ensemble Optimization  |
 ======================================
 Optimizing all 686 structures from file "crest_dynamics.trj" ...
 ----------------------
 crude pre-optimization
 ----------------------
 Optimization engine: ANCOPT
 Hessian update type: BFGS
 E/G convergence criteria:  0.500E-03 Eh, 0.100E-01 Eh/a0
 maximum optimization steps: 200
 |>0.1% |>10.1% |>20.1% |>30.0% |>40.1% |>50.0% |>60.1% |>70.1% |>80.0% |>90.1% |>100.0%
 done.
> 686 of 686 structures successfully optimized (100.0% success)
> Total runtime for 686 optimizations:
 * wall-time:     0 d,  0 h,  0 min,  7.118 sec
 *  cpu-time:     0 d,  0 h,  1 min, 45.531 sec
 * ratio c/w:    14.826 speedup
> Corresponding to approximately 0.010 sec per processed structure

CREGEN> running RMSDs ... done.
CREGEN> E lowest :   -37.85463
 530 structures remain within    12.00 kcal/mol window
 ----------------------------------
 optimization with tight thresholds
 ----------------------------------
 Optimization engine: ANCOPT
 Hessian update type: BFGS
 E/G convergence criteria:  0.100E-05 Eh, 0.800E-03 Eh/a0
 maximum optimization steps: 200
 |>0.2% |>10.0% |>20.0% |>30.0% |>40.0% |>50.0% |>60.0% |>70.2% |>80.0% |>90.2% |>100.0%
 done.
> 530 of 530 structures successfully optimized (100.0% success)
> Total runtime for 530 optimizations:
 * wall-time:     0 d,  0 h,  0 min, 11.963 sec
 *  cpu-time:     0 d,  0 h,  2 min, 55.667 sec
 * ratio c/w:    14.684 speedup
> Corresponding to approximately 0.023 sec per processed structure

CREGEN> running RMSDs ... done.
CREGEN> E lowest :   -37.85487
 151 structures remain within     6.00 kcal/mol window

 ------------------------------
 Meta-Dynamics Iteration 2
 ------------------------------
 list of applied metadynamics Vbias parameters:
$metadyn    0.06900   1.300
$metadyn    0.03450   1.300
$metadyn    0.01725   1.300
$metadyn    0.06900   0.780
$metadyn    0.03450   0.780
$metadyn    0.01725   0.780
$metadyn    0.06900   0.468
$metadyn    0.03450   0.468
$metadyn    0.01725   0.468
$metadyn    0.06900   0.281
$metadyn    0.03450   0.281
$metadyn    0.01725   0.281
$metadyn    0.02300   0.100
$metadyn    0.11500   0.800

  ::::::::::::: starting MTD   13 :::::::::::::
  |   MD simulation time   :     5.0 ps       |
  |   target T             :   300.0 K        |
  |   timestep dt          :     5.0 fs       |
  |   dump interval(trj)   :   100.0 fs       |
  |   SHAKE algorithm      : true (all bonds) |
  |   dump interval(Vbias) :    1.00 ps       |
  |   Vbias prefactor (k)  :  0.0230 Eh       |
  |   Vbias exponent (О±)   :  0.1000 bohrвЃ»ВІ   |
  ::::::::::::: starting MTD    5 :::::::::::::
  |   MD simulation time   :     5.0 ps       |
  |   target T             :   300.0 K        |
  |   timestep dt          :     5.0 fs       |
  |   dump interval(trj)   :   100.0 fs       |
  |   SHAKE algorithm      : true (all bonds) |
  |   dump interval(Vbias) :    1.00 ps       |
  |   Vbias prefactor (k)  :  0.0345 Eh       |
  |   Vbias exponent (О±)   :  0.7800 bohrвЃ»ВІ   |
  ::::::::::::: starting MTD    6 :::::::::::::
  |   MD simulation time   :     5.0 ps       |
  |   target T             :   300.0 K        |
  |   timestep dt          :     5.0 fs       |
  |   dump interval(trj)   :   100.0 fs       |
  |   SHAKE algorithm      : true (all bonds) |
  |   dump interval(Vbias) :    1.00 ps       |
  |   Vbias prefactor (k)  :  0.0173 Eh       |
  |   Vbias exponent (О±)   :  0.7800 bohrвЃ»ВІ   |
  ::::::::::::: starting MTD    1 :::::::::::::
  |   MD simulation time   :     5.0 ps       |
  |   target T             :   300.0 K        |
  |   timestep dt          :     5.0 fs       |
  |   dump interval(trj)   :   100.0 fs       |
  |   SHAKE algorithm      : true (all bonds) |
  |   dump interval(Vbias) :    1.00 ps       |
  |   Vbias prefactor (k)  :  0.0690 Eh       |
  |   Vbias exponent (О±)   :  1.3000 bohrвЃ»ВІ   |
  ::::::::::::: starting MTD    7 :::::::::::::
  |   MD simulation time   :     5.0 ps       |
  |   target T             :   300.0 K        |
  |   timestep dt          :     5.0 fs       |
  |   dump interval(trj)   :   100.0 fs       |
  |   SHAKE algorithm      : true (all bonds) |
  |   dump interval(Vbias) :    1.00 ps       |
  |   Vbias prefactor (k)  :  0.0690 Eh       |
  |   Vbias exponent (О±)   :  0.4680 bohrвЃ»ВІ   |
  ::::::::::::: starting MTD    2 :::::::::::::
  |   MD simulation time   :     5.0 ps       |
  |   target T             :   300.0 K        |
  |   timestep dt          :     5.0 fs       |
  |   dump interval(trj)   :   100.0 fs       |
  |   SHAKE algorithm      : true (all bonds) |
  |   dump interval(Vbias) :    1.00 ps       |
  |   Vbias prefactor (k)  :  0.0345 Eh       |
  |   Vbias exponent (О±)   :  1.3000 bohrвЃ»ВІ   |
  ::::::::::::: starting MTD   14 :::::::::::::
  |   MD simulation time   :     5.0 ps       |
  |   target T             :   300.0 K        |
  |   timestep dt          :     5.0 fs       |
  |   dump interval(trj)   :   100.0 fs       |
  |   SHAKE algorithm      : true (all bonds) |
  |   dump interval(Vbias) :    1.00 ps       |
  |   Vbias prefactor (k)  :  0.1150 Eh       |
  |   Vbias exponent (О±)   :  0.8000 bohrвЃ»ВІ   |
  ::::::::::::: starting MTD    8 :::::::::::::
  |   MD simulation time   :     5.0 ps       |
  |   target T             :   300.0 K        |
  |   timestep dt          :     5.0 fs       |
  |   dump interval(trj)   :   100.0 fs       |
  |   SHAKE algorithm      : true (all bonds) |
  |   dump interval(Vbias) :    1.00 ps       |
  |   Vbias prefactor (k)  :  0.0345 Eh       |
  |   Vbias exponent (О±)   :  0.4680 bohrвЃ»ВІ   |
  ::::::::::::: starting MTD    3 :::::::::::::
  |   MD simulation time   :     5.0 ps       |
  |   target T             :   300.0 K        |
  |   timestep dt          :     5.0 fs       |
  |   dump interval(trj)   :   100.0 fs       |
  |   SHAKE algorithm      : true (all bonds) |
  |   dump interval(Vbias) :    1.00 ps       |
  |   Vbias prefactor (k)  :  0.0173 Eh       |
  |   Vbias exponent (О±)   :  1.3000 bohrвЃ»ВІ   |
  ::::::::::::: starting MTD    9 :::::::::::::
  |   MD simulation time   :     5.0 ps       |
  |   target T             :   300.0 K        |
  |   timestep dt          :     5.0 fs       |
  |   dump interval(trj)   :   100.0 fs       |
  |   SHAKE algorithm      : true (all bonds) |
  |   dump interval(Vbias) :    1.00 ps       |
  |   Vbias prefactor (k)  :  0.0173 Eh       |
  |   Vbias exponent (О±)   :  0.4680 bohrвЃ»ВІ   |
  ::::::::::::: starting MTD   12 :::::::::::::
  |   MD simulation time   :     5.0 ps       |
  |   target T             :   300.0 K        |
  |   timestep dt          :     5.0 fs       |
  |   dump interval(trj)   :   100.0 fs       |
  |   SHAKE algorithm      : true (all bonds) |
  |   dump interval(Vbias) :    1.00 ps       |
  |   Vbias prefactor (k)  :  0.0173 Eh       |
  |   Vbias exponent (О±)   :  0.2808 bohrвЃ»ВІ   |
  ::::::::::::: starting MTD    4 :::::::::::::
  |   MD simulation time   :     5.0 ps       |
  |   target T             :   300.0 K        |
  |   timestep dt          :     5.0 fs       |
  |   dump interval(trj)   :   100.0 fs       |
  |   SHAKE algorithm      : true (all bonds) |
  |   dump interval(Vbias) :    1.00 ps       |
  |   Vbias prefactor (k)  :  0.0690 Eh       |
  |   Vbias exponent (О±)   :  0.7800 bohrвЃ»ВІ   |
  ::::::::::::: starting MTD   10 :::::::::::::
  |   MD simulation time   :     5.0 ps       |
  |   target T             :   300.0 K        |
  |   timestep dt          :     5.0 fs       |
  |   dump interval(trj)   :   100.0 fs       |
  |   SHAKE algorithm      : true (all bonds) |
  |   dump interval(Vbias) :    1.00 ps       |
  |   Vbias prefactor (k)  :  0.0690 Eh       |
  |   Vbias exponent (О±)   :  0.2808 bohrвЃ»ВІ   |
  ::::::::::::: starting MTD   11 :::::::::::::
  |   MD simulation time   :     5.0 ps       |
  |   target T             :   300.0 K        |
  |   timestep dt          :     5.0 fs       |
  |   dump interval(trj)   :   100.0 fs       |
  |   SHAKE algorithm      : true (all bonds) |
  |   dump interval(Vbias) :    1.00 ps       |
  |   Vbias prefactor (k)  :  0.0345 Eh       |
  |   Vbias exponent (О±)   :  0.2808 bohrвЃ»ВІ   |
*MTD   9 completed successfully ...        0 min, 14.689 sec
*MTD   7 completed successfully ...        0 min, 14.719 sec
*MTD   8 completed successfully ...        0 min, 14.740 sec
*MTD   6 completed successfully ...        0 min, 14.771 sec
*MTD   5 completed successfully ...        0 min, 14.777 sec
*MTD  11 completed successfully ...        0 min, 14.781 sec
*MTD  13 completed successfully ...        0 min, 14.786 sec
*MTD   1 completed successfully ...        0 min, 14.786 sec
*MTD  12 completed successfully ...        0 min, 14.805 sec
*MTD   4 completed successfully ...        0 min, 14.815 sec
*MTD   2 completed successfully ...        0 min, 14.821 sec
*MTD  14 completed successfully ...        0 min, 14.830 sec
*MTD   3 completed successfully ...        0 min, 14.834 sec
*MTD  10 completed successfully ...        0 min, 14.837 sec

 ======================================
 |  Multilevel Ensemble Optimization  |
 ======================================
 Optimizing all 686 structures from file "crest_dynamics.trj" ...
 ----------------------
 crude pre-optimization
 ----------------------
 Optimization engine: ANCOPT
 Hessian update type: BFGS
 E/G convergence criteria:  0.500E-03 Eh, 0.100E-01 Eh/a0
 maximum optimization steps: 200
 |>0.1% |>10.1% |>20.1% |>30.0% |>40.1% |>50.0% |>60.1% |>70.1% |>80.0% |>90.1% |>100.0%
 done.
> 686 of 686 structures successfully optimized (100.0% success)
> Total runtime for 686 optimizations:
 * wall-time:     0 d,  0 h,  0 min,  7.547 sec
 *  cpu-time:     0 d,  0 h,  1 min, 51.262 sec
 * ratio c/w:    14.743 speedup
> Corresponding to approximately 0.011 sec per processed structure

CREGEN> running RMSDs ... done.
CREGEN> E lowest :   -37.85470
 556 structures remain within    12.00 kcal/mol window
 ----------------------------------
 optimization with tight thresholds
 ----------------------------------
 Optimization engine: ANCOPT
 Hessian update type: BFGS
 E/G convergence criteria:  0.100E-05 Eh, 0.800E-03 Eh/a0
 maximum optimization steps: 200
 |>0.2% |>10.1% |>20.1% |>30.0% |>40.1% |>50.0% |>60.1% |>70.1% |>80.0% |>90.1% |>100.0%
 done.
> 556 of 556 structures successfully optimized (100.0% success)
> Total runtime for 556 optimizations:
 * wall-time:     0 d,  0 h,  0 min, 12.655 sec
 *  cpu-time:     0 d,  0 h,  3 min,  6.098 sec
 * ratio c/w:    14.705 speedup
> Corresponding to approximately 0.023 sec per processed structure

CREGEN> running RMSDs ... done.
CREGEN> E lowest :   -37.85487
 125 structures remain within     6.00 kcal/mol window

========================================
           MTD Simulations done         
========================================
 Collecting ensmbles.
CREGEN> running RMSDs ... done.
CREGEN> E lowest :   -37.85487
 173 structures remain within     6.00 kcal/mol window


 ===============================================
 Additional regular MDs on lowest 4 conformer(s)
 ===============================================
  :::::::::::::: starting MD   1 ::::::::::::::
  |   MD simulation time   :     2.5 ps       |
  |   target T             :   400.0 K        |
  |   timestep dt          :     5.0 fs       |
  |   dump interval(trj)   :   100.0 fs       |
  |   SHAKE algorithm      : true (all bonds) |
  :::::::::::::: starting MD   8 ::::::::::::::
  |   MD simulation time   :     2.5 ps       |
  |   target T             :   500.0 K        |
  |   timestep dt          :     5.0 fs       |
  |   dump interval(trj)   :   100.0 fs       |
  |   SHAKE algorithm      : true (all bonds) |
  :::::::::::::: starting MD   7 ::::::::::::::
  |   MD simulation time   :     2.5 ps       |
  |   target T             :   500.0 K        |
  |   timestep dt          :     5.0 fs       |
  |   dump interval(trj)   :   100.0 fs       |
  |   SHAKE algorithm      : true (all bonds) |
  :::::::::::::: starting MD   6 ::::::::::::::
  |   MD simulation time   :     2.5 ps       |
  |   target T             :   500.0 K        |
  |   timestep dt          :     5.0 fs       |
  |   dump interval(trj)   :   100.0 fs       |
  |   SHAKE algorithm      : true (all bonds) |
  :::::::::::::: starting MD   5 ::::::::::::::
  |   MD simulation time   :     2.5 ps       |
  |   target T             :   500.0 K        |
  |   timestep dt          :     5.0 fs       |
  |   dump interval(trj)   :   100.0 fs       |
  |   SHAKE algorithm      : true (all bonds) |
  :::::::::::::: starting MD   4 ::::::::::::::
  |   MD simulation time   :     2.5 ps       |
  |   target T             :   400.0 K        |
  |   timestep dt          :     5.0 fs       |
  |   dump interval(trj)   :   100.0 fs       |
  |   SHAKE algorithm      : true (all bonds) |
  :::::::::::::: starting MD   3 ::::::::::::::
  |   MD simulation time   :     2.5 ps       |
  |   target T             :   400.0 K        |
  |   timestep dt          :     5.0 fs       |
  |   dump interval(trj)   :   100.0 fs       |
  |   SHAKE algorithm      : true (all bonds) |
  :::::::::::::: starting MD   2 ::::::::::::::
  |   MD simulation time   :     2.5 ps       |
  |   target T             :   400.0 K        |
  |   timestep dt          :     5.0 fs       |
  |   dump interval(trj)   :   100.0 fs       |
  |   SHAKE algorithm      : true (all bonds) |
*MD   2 completed successfully ...        0 min,  9.198 sec
*MD   1 completed successfully ...        0 min,  9.267 sec
*MD   6 completed successfully ...        0 min,  9.279 sec
*MD   3 completed successfully ...        0 min,  9.310 sec
*MD   4 completed successfully ...        0 min,  9.313 sec
*MD   8 completed successfully ...        0 min,  9.320 sec
*MD   5 completed successfully ...        0 min,  9.386 sec
*MD   7 completed successfully ...        0 min,  9.451 sec
 Appending file crest_rotamers_1.xyz with new structures
 Optimizing all 365 structures from file "crest_rotamers_1.xyz" ...
 ----------------------------------
 optimization with tight thresholds
 ----------------------------------
 Optimization engine: ANCOPT
 Hessian update type: BFGS
 E/G convergence criteria:  0.100E-05 Eh, 0.800E-03 Eh/a0
 maximum optimization steps: 200
 |>0.3% |>10.1% |>20.0% |>30.1% |>40.0% |>50.1% |>60.0% |>70.1% |>80.0% |>90.1% |>100.0%
 done.
> 365 of 365 structures successfully optimized (100.0% success)
> Total runtime for 365 optimizations:
 * wall-time:     0 d,  0 h,  0 min,  6.336 sec
 *  cpu-time:     0 d,  0 h,  1 min, 32.771 sec
 * ratio c/w:    14.643 speedup
> Corresponding to approximately 0.017 sec per processed structure

CREGEN> running RMSDs ... done.
CREGEN> E lowest :   -37.85487
 183 structures remain within     6.00 kcal/mol window

     ========================================
     |        Structure Crossing (GC)       |
     ========================================

 =============================
  # threads =          16
 =============================
input  file name : crest_rotamers_2.xyz
number of atoms                :      23
number of points on xyz files  :     183
conformer energy window  /kcal :    6.00
CN per atom difference cut-off :  0.3000
RMSD threshold (Ang, Bohr)     :  0.2500  0.4724
max. # of generated structures :      250
 # in E window         183
  10.2 % done
 finished.
 average rmsd w.r.t input     :     1.52955
 number of clash discarded    :       16268
 removed identical structures :         241

 144 structures written to confcross.xyz


 ======================================
 |  Multilevel Ensemble Optimization  |
 ======================================
 Optimizing all 144 structures from file "confcross.xyz" ...
 ----------------------
 crude pre-optimization
 ----------------------
 Optimization engine: ANCOPT
 Hessian update type: BFGS
 E/G convergence criteria:  0.500E-03 Eh, 0.100E-01 Eh/a0
 maximum optimization steps: 200
 |>0.7% |>10.4% |>20.1% |>30.6% |>40.3% |>50.0% |>60.4% |>70.1% |>80.6% |>90.3% |>100.0%
 done.
> 144 of 144 structures successfully optimized (100.0% success)
> Total runtime for 144 optimizations:
 * wall-time:     0 d,  0 h,  0 min,  1.209 sec
 *  cpu-time:     0 d,  0 h,  0 min, 16.877 sec
 * ratio c/w:    13.959 speedup
> Corresponding to approximately 0.008 sec per processed structure

CREGEN> running RMSDs ... done.
CREGEN> E lowest :   -37.85487
 116 structures remain within    12.00 kcal/mol window
 ----------------------------------
 optimization with tight thresholds
 ----------------------------------
 Optimization engine: ANCOPT
 Hessian update type: BFGS
 E/G convergence criteria:  0.100E-05 Eh, 0.800E-03 Eh/a0
 maximum optimization steps: 200
 |>0.9% |>10.3% |>20.7% |>30.2% |>40.5% |>50.0% |>60.3% |>70.7% |>80.2% |>90.5% |>100.0%
 done.
> 116 of 116 structures successfully optimized (100.0% success)
> Total runtime for 116 optimizations:
 * wall-time:     0 d,  0 h,  0 min,  2.836 sec
 *  cpu-time:     0 d,  0 h,  0 min, 39.375 sec
 * ratio c/w:    13.885 speedup
> Corresponding to approximately 0.024 sec per processed structure

CREGEN> running RMSDs ... done.
CREGEN> E lowest :   -37.85487
 75 structures remain within     6.00 kcal/mol window
appending new structures to crest_rotamers_2.xyz
CREGEN> running RMSDs ... done.
CREGEN> E lowest :   -37.85487


   ================================================
   |           Final Geometry Optimization        |
   ================================================
 Optimizing all 208 structures from file "crest_rotamers_3.xyz" ...
 ---------------------------------------
 optimization with very tight thresholds
 ---------------------------------------
 Optimization engine: ANCOPT
 Hessian update type: BFGS
 E/G convergence criteria:  0.100E-06 Eh, 0.200E-03 Eh/a0
 maximum optimization steps: 200
 |>0.5% |>10.1% |>20.2% |>30.3% |>40.4% |>50.0% |>60.1% |>70.2% |>80.3% |>90.4% |>100.0%
 done.
> 208 of 208 structures successfully optimized (100.0% success)
> Total runtime for 208 optimizations:
 * wall-time:     0 d,  0 h,  0 min,  1.573 sec
 *  cpu-time:     0 d,  0 h,  0 min, 19.875 sec
 * ratio c/w:    12.639 speedup
> Corresponding to approximately 0.008 sec per processed structure

CREGEN> running RMSDs ... done.
CREGEN> E lowest :   -37.85487
 199 structures remain within     6.00 kcal/mol window


 --------------------------
 Final Ensemble Information
 --------------------------
 input  file name : crest_rotamers_3.xyz
 output file name : crest_rotamers_4.xyz
 number of atoms                :   23
 number of points on xyz files  :   208
 RMSD threshold                 :   0.1250
 Bconst threshold               :   0.0100
 population threshold           :   0.0500
 # fragment in coord            :     1
 # bonds in reference structure :    23
 number of reliable points      :   208
 sorting energy window (EWIN)   :    6.0000 / kcal*molвЃ»В№
 reference state Etot           :  -37.854874080000002
 number of doubles removed by rot/RMSD         :           9
 total number unique points considered further :         199
       Erel/kcal        Etot weight/tot  conformer     set   degen     origin
       1   0.000   -37.85487    0.04801    0.28807       1       6
       2   0.000   -37.85487    0.04801
       3   0.000   -37.85487    0.04801
       4   0.000   -37.85487    0.04801
       5   0.000   -37.85487    0.04801
       6   0.000   -37.85487    0.04801
       7   0.151   -37.85463    0.03722    0.22328       2       6
       8   0.151   -37.85463    0.03722
       9   0.151   -37.85463    0.03722
      10   0.151   -37.85463    0.03721
      11   0.151   -37.85463    0.03721
      12   0.151   -37.85463    0.03721
      13   0.486   -37.85410    0.02116    0.10579       3       5
      14   0.486   -37.85410    0.02116
      15   0.486   -37.85410    0.02116
      16   0.486   -37.85410    0.02116
      17   0.486   -37.85410    0.02115
      18   0.617   -37.85389    0.01695    0.06781       4       4
      19   0.617   -37.85389    0.01695
      20   0.617   -37.85389    0.01695
      21   0.617   -37.85389    0.01695
      22   0.623   -37.85388    0.01680    0.01680       5       1
      23   0.768   -37.85365    0.01315    0.07893       6       6
      24   0.768   -37.85365    0.01315
      25   0.768   -37.85365    0.01315
      26   0.768   -37.85365    0.01315
      27   0.768   -37.85365    0.01315
      28   0.768   -37.85365    0.01315
      29   1.067   -37.85317    0.00794    0.04763       7       6
      30   1.067   -37.85317    0.00794
      31   1.067   -37.85317    0.00794
      32   1.067   -37.85317    0.00794
      33   1.067   -37.85317    0.00794
      34   1.067   -37.85317    0.00794
      35   1.098   -37.85312    0.00754    0.02262       8       3
      36   1.098   -37.85312    0.00754
      37   1.098   -37.85312    0.00754
      38   1.232   -37.85291    0.00601    0.03605       9       6
      39   1.232   -37.85291    0.00601
      40   1.232   -37.85291    0.00601
      41   1.232   -37.85291    0.00601
      42   1.233   -37.85291    0.00601
      43   1.233   -37.85291    0.00601
      44   1.502   -37.85248    0.00382    0.02290      10       6
      45   1.502   -37.85248    0.00382
      46   1.502   -37.85248    0.00382
      47   1.502   -37.85248    0.00382
      48   1.502   -37.85248    0.00382
      49   1.502   -37.85248    0.00382
      50   1.588   -37.85234    0.00330    0.01978      11       6
      51   1.588   -37.85234    0.00330
      52   1.588   -37.85234    0.00330
      53   1.588   -37.85234    0.00330
      54   1.588   -37.85234    0.00330
      55   1.588   -37.85234    0.00330
      56   1.840   -37.85194    0.00216    0.01294      12       6
      57   1.840   -37.85194    0.00216
      58   1.840   -37.85194    0.00216
      59   1.840   -37.85194    0.00216
      60   1.840   -37.85194    0.00216
      61   1.840   -37.85194    0.00216
      62   1.920   -37.85181    0.00189    0.00943      13       5
      63   1.920   -37.85181    0.00189
      64   1.920   -37.85181    0.00189
      65   1.920   -37.85181    0.00189
      66   1.920   -37.85181    0.00188
      67   2.142   -37.85146    0.00129    0.00777      14       6
      68   2.142   -37.85146    0.00129
      69   2.142   -37.85146    0.00129
      70   2.142   -37.85146    0.00129
      71   2.143   -37.85146    0.00129
      72   2.143   -37.85146    0.00129
      73   2.186   -37.85139    0.00120    0.00481      15       4
      74   2.186   -37.85139    0.00120
      75   2.186   -37.85139    0.00120
      76   2.186   -37.85139    0.00120
      77   2.226   -37.85133    0.00112    0.00675      16       6
      78   2.226   -37.85133    0.00112
      79   2.226   -37.85133    0.00112
      80   2.226   -37.85133    0.00112
      81   2.226   -37.85133    0.00112
      82   2.226   -37.85133    0.00112
      83   2.227   -37.85133    0.00112    0.00674      17       6
      84   2.227   -37.85133    0.00112
      85   2.227   -37.85133    0.00112
      86   2.227   -37.85133    0.00112
      87   2.227   -37.85133    0.00112
      88   2.227   -37.85133    0.00112
      89   2.394   -37.85106    0.00085    0.00424      18       5
      90   2.394   -37.85106    0.00085
      91   2.394   -37.85106    0.00085
      92   2.394   -37.85106    0.00085
      93   2.394   -37.85106    0.00085
      94   2.531   -37.85084    0.00067    0.00336      19       5
      95   2.531   -37.85084    0.00067
      96   2.531   -37.85084    0.00067
      97   2.531   -37.85084    0.00067
      98   2.531   -37.85084    0.00067
      99   2.781   -37.85044    0.00044    0.00265      20       6
     100   2.781   -37.85044    0.00044
     101   2.781   -37.85044    0.00044
     102   2.781   -37.85044    0.00044
     103   2.781   -37.85044    0.00044
     104   2.781   -37.85044    0.00044
     105   2.807   -37.85040    0.00042    0.00169      21       4
     106   2.807   -37.85040    0.00042
     107   2.807   -37.85040    0.00042
     108   2.807   -37.85040    0.00042
     109   2.861   -37.85032    0.00039    0.00116      22       3
     110   2.861   -37.85032    0.00039
     111   2.861   -37.85032    0.00039
     112   2.978   -37.85013    0.00032    0.00190      23       6
     113   2.978   -37.85013    0.00032
     114   2.978   -37.85013    0.00032
     115   2.978   -37.85013    0.00032
     116   2.978   -37.85013    0.00032
     117   2.978   -37.85013    0.00032
     118   2.999   -37.85009    0.00031    0.00092      24       3
     119   2.999   -37.85009    0.00031
     120   2.999   -37.85009    0.00031
     121   3.009   -37.85008    0.00030    0.00030      25       1
     122   3.248   -37.84970    0.00020    0.00040      26       2
     123   3.248   -37.84970    0.00020
     124   3.248   -37.84970    0.00020    0.00120      27       6
     125   3.248   -37.84970    0.00020
     126   3.248   -37.84970    0.00020
     127   3.248   -37.84970    0.00020
     128   3.248   -37.84970    0.00020
     129   3.248   -37.84970    0.00020
     130   3.346   -37.84954    0.00017    0.00051      28       3
     131   3.346   -37.84954    0.00017
     132   3.346   -37.84954    0.00017
     133   3.390   -37.84947    0.00016    0.00079      29       5
     134   3.390   -37.84947    0.00016
     135   3.390   -37.84947    0.00016
     136   3.390   -37.84947    0.00016
     137   3.390   -37.84947    0.00016
     138   3.402   -37.84945    0.00015    0.00093      30       6
     139   3.402   -37.84945    0.00015
     140   3.402   -37.84945    0.00015
     141   3.402   -37.84945    0.00015
     142   3.402   -37.84945    0.00015
     143   3.402   -37.84945    0.00015
     144   3.587   -37.84916    0.00011    0.00057      31       5
     145   3.587   -37.84916    0.00011
     146   3.587   -37.84916    0.00011
     147   3.587   -37.84916    0.00011
     148   3.587   -37.84916    0.00011
     149   3.891   -37.84867    0.00007    0.00020      32       3
     150   3.891   -37.84867    0.00007
     151   3.891   -37.84867    0.00007
     152   3.921   -37.84863    0.00006    0.00026      33       4
     153   3.921   -37.84863    0.00006
     154   3.921   -37.84863    0.00006
     155   3.921   -37.84863    0.00006
     156   4.012   -37.84848    0.00006    0.00006      34       1
     157   4.077   -37.84838    0.00005    0.00010      35       2
     158   4.077   -37.84838    0.00005
     159   4.213   -37.84816    0.00004    0.00012      36       3
     160   4.213   -37.84816    0.00004
     161   4.213   -37.84816    0.00004
     162   4.302   -37.84802    0.00003    0.00003      37       1
     163   4.350   -37.84794    0.00003    0.00019      38       6
     164   4.350   -37.84794    0.00003
     165   4.350   -37.84794    0.00003
     166   4.350   -37.84794    0.00003
     167   4.350   -37.84794    0.00003
     168   4.350   -37.84794    0.00003
     169   4.411   -37.84784    0.00003    0.00003      39       1
     170   4.729   -37.84734    0.00002    0.00010      40       6
     171   4.729   -37.84734    0.00002
     172   4.729   -37.84734    0.00002
     173   4.729   -37.84734    0.00002
     174   4.729   -37.84734    0.00002
     175   4.730   -37.84734    0.00002
     176   4.788   -37.84724    0.00001    0.00006      41       4
     177   4.788   -37.84724    0.00001
     178   4.788   -37.84724    0.00001
     179   4.788   -37.84724    0.00001
     180   4.999   -37.84691    0.00001    0.00003      42       3
     181   4.999   -37.84691    0.00001
     182   4.999   -37.84691    0.00001
     183   5.046   -37.84683    0.00001    0.00005      43       5
     184   5.046   -37.84683    0.00001
     185   5.046   -37.84683    0.00001
     186   5.046   -37.84683    0.00001
     187   5.046   -37.84683    0.00001
     188   5.238   -37.84653    0.00001    0.00003      44       4
     189   5.238   -37.84653    0.00001
     190   5.238   -37.84653    0.00001
     191   5.238   -37.84653    0.00001
     192   5.272   -37.84647    0.00001    0.00004      45       6
     193   5.272   -37.84647    0.00001
     194   5.272   -37.84647    0.00001
     195   5.272   -37.84647    0.00001
     196   5.272   -37.84647    0.00001
     197   5.272   -37.84647    0.00001
     198   5.277   -37.84646    0.00001    0.00001      46       1
     199   5.703   -37.84579    0.00000    0.00000      47       1
T /K                                  :   298.15
E lowest                              :   -37.85487
ensemble average energy (kcal)        :    0.547
ensemble entropy (J/mol K, cal/mol K) :   32.912    7.866
ensemble free energy (kcal/mol)       :   -2.345
population of lowest in %             :   28.807
 number of unique conformers for further calc           47
 list of relative energies saved as "crest.energies"

 -----------------
 Wall Time Summary
 -----------------
 CREST runtime (total)               0 d,  0 h,  1 min, 34.744 sec
 ------------------------------------------------------------------
 Trial metadynamics (MTD)   ...        0 min,  1.666 sec (  1.758%)
 Metadynamics (MTD)         ...        0 min, 29.971 sec ( 31.633%)
 Geometry optimization      ...        0 min, 49.008 sec ( 51.727%)
 Molecular dynamics (MD)    ...        0 min,  9.461 sec (  9.986%)
 Genetic crossing (GC)      ...        0 min,  4.365 sec (  4.607%)
 I/O and setup              ...        0 min,  0.273 sec (  0.288%)
 ------------------------------------------------------------------
 * wall-time:     0 d,  0 h,  1 min, 34.744 sec
 *  cpu-time:     0 d,  0 h, 21 min, 22.473 sec
 * ratio c/w:    13.536 speedup
 ------------------------------------------------------------------
 * Total number of energy+grad calls: 92251

 CREST terminated normally.
