  23
 Etot=         -37.8468685129
 O          1.5141112207       -1.9602809193        0.2616572715
 O         -1.9840903159       -1.8032825025       -0.7330326703
 O         -3.1243773705        0.6299241782       -0.0880465269
 N          1.6274024362        1.6245748352       -0.1808505722
 C         -0.2617189530       -0.3809748095        0.2368043858
 C         -0.6537068245        0.9542048525        0.1245818050
 C          1.1062340718       -0.6701338083        0.1344689517
 C          2.0217552434        0.3665008590       -0.0764329343
 C         -1.2218868314       -1.5370752046        0.4165542385
 C         -2.0644599314        1.4916496885        0.2585219331
 C          0.3454822722        1.9037924247       -0.0842488027
 C          3.4952060398        0.1027944098       -0.1988417771
 H         -0.6478453225       -2.4448884237        0.6075470925
 H         -1.8675418014       -1.3512990117        1.2927770672
 H         -2.1920147487        1.8616731866        1.2864952911
 H         -2.1605147022        2.3499481824       -0.4140472580
 H          0.0928503136        2.9519221551       -0.1760527407
 H          3.7085755431       -0.5499842598       -1.0463895404
 H          3.9994976190        1.0509046178       -0.3576518506
 H          3.8903124455       -0.3536756143        0.7097233067
 H          2.4683800055       -2.0084600341        0.1267208982
 H         -2.4697153587       -0.9959190663       -0.9688809622
 H         -3.3531919676        0.0735183618        0.6640003314
  23
 Etot=         -37.8468685138
 O          1.5140998487       -1.9602770113        0.2616584747
 O         -1.9841010002       -1.8032864875       -0.7330351377
 O         -3.1243842695        0.6299241352       -0.0880507873
 N          1.6274179768        1.6245803917       -0.1808560483
 C         -0.2617192063       -0.3809728420        0.2368294700
 C         -0.6536946774        0.9542074589        0.1246026468
 C          1.1062380816       -0.6701370575        0.1344586381
 C          2.0217511722        0.3664936888       -0.0764432844
 C         -1.2218894562       -1.5370791056        0.4165520368
 C         -2.0644610709        1.4916439681        0.2585145142
 C          0.3454763072        1.9037909651       -0.0842608384
 C          3.4952026984        0.1027965605       -0.1988329813
 H         -0.6478395293       -2.4448863087        0.6075421139
 H         -1.8675414326       -1.3512866919        1.2927736355
 H         -2.1920117072        1.8616618318        1.2864834174
 H         -2.1605207275        2.3499560894       -0.4140429057
 H          0.0928529912        2.9519214673       -0.1760455468
 H          3.7085703303       -0.5499750101       -1.0463828518
 H          3.9994979597        1.0509017418       -0.3576605540
 H          3.8903204205       -0.3536797952        0.7097266172
 H          2.4683860871       -2.0084596198        0.1267223713
 H         -2.4697119858       -0.9959182305       -0.9688816835
 H         -3.3531957277        0.0735139590        0.6640056206
