  51
 Etot=         -95.3131055297
 O         -7.7752513385       -0.3669224925       -0.0155932721
 O         -3.3121894948       -0.4316725595        2.3936967889
 O         -6.2123739369       -1.4526868571       -1.1795379678
 O         -7.6036325260        2.8843152592       -0.5126898560
 O         -6.6151058058        1.5706869981       -2.0144934719
 O          7.8588197173       -1.0546797110       -1.1794269588
 N         -4.2092229416       -0.5628614201        0.3353504708
 N          1.8395511700       -2.2775927767       -0.8886402499
 N          5.1214075077       -1.2527231592       -0.3712818225
 N          4.0201662257        1.0418143709        0.7464915863
 N          7.8739211269        1.0719433572       -0.4183394067
 N          6.0230644611        2.1583518591        0.5333320015
 N          7.9851817347        3.2864049733        0.2762237143
 C         -5.5429705683       -0.2737955277        0.8026103772
 C         -5.7029616090        1.2083701277        1.1800654158
 C         -5.4262585703        2.1574129006        0.0077247940
 C         -3.1692461814       -0.6709045436        1.2061885468
 C         -1.8720481340       -1.0690599866        0.6149819240
 C         -6.5216673351       -0.7561441664       -0.2514965449
 C          0.6542476490       -1.8477990623       -0.3501370433
 C          3.0634947518       -2.4909117157       -0.1571460479
 C         -1.5738001623       -0.9808473488       -0.7447231452
 C         -0.8823665406       -1.5364542307        1.4783956225
 C         -0.3364808262       -1.3587882440       -1.2131623185
 C          0.3542575662       -1.9244392008        1.0146860975
 C         -6.5770153314        2.1532417735       -0.9637444227
 C          3.8662487281       -1.2270091931        0.0354582488
 C          5.8492512632       -0.1489316633       -0.2202473451
 C          3.3205665721       -0.0561352179        0.5890413560
 C          5.3011036585        1.0238014640        0.3543998502
 C          7.2457632867       -0.1535744759       -0.6629218503
 C          7.2587064965        2.1556724045        0.1509190517
 H         -5.7375902359       -0.8565292995        1.7183252574
 H         -6.7077561407        1.3760036439        1.5677532398
 H         -4.9810150181        1.4054013551        1.9732745417
 H         -4.5155328540        1.8539921060       -0.5084581919
 H         -5.3125858260        3.1702795967        0.3941468312
 H         -4.1561855748       -0.9563905252       -0.5931207097
 H          3.6866399174       -3.1981763685       -0.7112372347
 H          2.8304818102       -2.9321544204        0.8146595570
 H         -2.2950369697       -0.5892784406       -1.4468685069
 H         -1.1106780710       -1.5877288154        2.5323300836
 H          1.9744343766       -2.0344738351       -1.8592503763
 H         -0.1153128315       -1.2789216580       -2.2685921134
 H          1.0873055418       -2.2860726136        1.7188932994
 H          2.2878159056       -0.0110976379        0.9097588350
 H         -8.3588350740       -0.7004188530       -0.7164285305
 H          8.8418772131        1.1318383792       -0.7137463827
 H         -8.3472302671        2.8527309353       -1.1344881836
 H          7.5528970921        4.0397688365        0.7818341349
 H          8.9847213104        3.2758522505        0.1806097616
  51
 Etot=         -95.3131055368
 O         -7.7752485283       -0.3669324609       -0.0155898273
 O         -3.3121900770       -0.4316665160        2.3937029629
 O         -6.2123645099       -1.4526776775       -1.1795527134
 O         -7.6036349329        2.8843096898       -0.5126848094
 O         -6.6151074422        1.5706888092       -2.0144944392
 O          7.8588238724       -1.0546924332       -1.1794331702
 N         -4.2092187911       -0.5628679317        0.3353496398
 N          1.8395490884       -2.2775817105       -0.8886362008
 N          5.1214215610       -1.2527150081       -0.3712740028
 N          4.0201692551        1.0418142740        0.7464842513
 N          7.8739112487        1.0719351284       -0.4183313089
 N          6.0230583105        2.1583481795        0.5333294421
 N          7.9851818140        3.2863994695        0.2762260968
 C         -5.5429691605       -0.2737932532        0.8026113336
 C         -5.7029671154        1.2083720680        1.1800639941
 C         -5.4262629010        2.1574126944        0.0077270572
 C         -3.1692406396       -0.6709088914        1.2061882715
 C         -1.8720473924       -1.0690555384        0.6149852145
 C         -6.5216671306       -0.7561521723       -0.2514793716
 C          0.6542487204       -1.8477999686       -0.3501374422
 C          3.0634956431       -2.4909103714       -0.1571465316
 C         -1.5737976729       -0.9808437256       -0.7447279098
 C         -0.8823640350       -1.5364572174        1.4783977714
 C         -0.3364780142       -1.3587851455       -1.2131604419
 C          0.3542575599       -1.9244423084        1.0146853228
 C         -6.5770153311        2.1532472798       -0.9637447155
 C          3.8662361561       -1.2270103535        0.0354626701
 C          5.8492431542       -0.1489385868       -0.2202442977
 C          3.3205672376       -0.0561383232        0.5890299534
 C          5.3011162807        1.0237978755        0.3543938762
 C          7.2457546897       -0.1535524518       -0.6629073136
 C          7.2587231886        2.1556725302        0.1509135800
 H         -5.7375889327       -0.8565193528        1.7183234335
 H         -6.7077687304        1.3760032239        1.5677565375
 H         -4.9810211408        1.4054037190        1.9732740597
 H         -4.5155348407        1.8539920561       -0.5084624843
 H         -5.3125867831        3.1702763316        0.3941435220
 H         -4.1561839026       -0.9563814273       -0.5931215166
 H          3.6866392061       -3.1981754240       -0.7112397519
 H          2.8304849866       -2.9321571820        0.8146575751
 H         -2.2950345745       -0.5892719343       -1.4468661552
 H         -1.1106782222       -1.5877316651        2.5323301635
 H          1.9744313514       -2.0344803251       -1.8592495220
 H         -0.1153115670       -1.2789182314       -2.2685915633
 H          1.0873049999       -2.2860779586        1.7188928881
 H          2.2878204700       -0.0110980385        0.9097496277
 H         -8.3588382090       -0.7004289614       -0.7164252542
 H          8.8418733819        1.1318386158       -0.7137481662
 H         -8.3472308218        2.8527351285       -1.1344960238
 H          7.5528944214        4.0397691438        0.7818375580
 H          8.9847197185        3.2758529002        0.1806075646
