  14
 Etot=         -26.4299131846
 O         -2.3596873363        1.0081918309       -0.3404595072
 O         -2.2544652930       -1.0957426993        0.3440591231
 N          1.8768887033       -1.1660958205       -0.1837901349
 C         -0.1912331317        0.0163346301        0.0151568540
 C          0.4993184091        1.2135299408        0.1922866841
 C          0.5605275606       -1.1483756444       -0.1610103263
 C          1.8837798795        1.1925998661        0.1737407552
 C          2.5230711694       -0.0239021016       -0.0211479128
 C         -1.6794529212       -0.0917410679        0.0316888788
 H         -0.0211292961        2.1455148238        0.3774032895
 H          0.0575127121       -2.0966257280       -0.2921539286
 H          2.4527933332        2.0979658170        0.3153878279
 H          3.6025522237       -0.0905983149       -0.0413795090
 H         -1.7820160768        1.7337830782       -0.6116077997
  14
 Etot=         -26.4299131803
 O         -2.3596953821        1.0081843337       -0.3404812606
 O         -2.2544588783       -1.0957380878        0.3440763001
 N          1.8768862458       -1.1661013292       -0.1837688472
 C         -0.1912305187        0.0163373341        0.0151602675
 C          0.4993186726        1.2135405015        0.1922415469
 C          0.5605305202       -1.1483829670       -0.1609553132
 C          1.8837810372        1.1926018710        0.1737362801
 C          2.5230706383       -0.0239100344       -0.0211118384
 C         -1.6794523550       -0.0917354473        0.0317099214
 H         -0.0211233300        2.1455080125        0.3774600089
 H          0.0575117578       -2.0966136932       -0.2922335597
 H          2.4527940200        2.0979712402        0.3153593021
 H          3.6025507176       -0.0906001867       -0.0413934196
 H         -1.7820232093        1.7337770632       -0.6116250941
  14
 Etot=         -26.4299131859
 O         -2.3596931773        1.0081948419       -0.3404570097
 O         -2.2544603773       -1.0957419632        0.3440612205
 N          1.8768876596       -1.1660982198       -0.1837892178
 C         -0.1912313690        0.0163342131        0.0151484865
 C          0.4993167237        1.2135329851        0.1922650226
 C          0.5605314817       -1.1483785177       -0.1610074304
 C          1.8837796217        1.1926018308        0.1737316814
 C          2.5230707658       -0.0239056995       -0.0211338697
 C         -1.6794518313       -0.0917410149        0.0316904789
 H         -0.0211289695        2.1455108745        0.3774207925
 H          0.0575159500       -2.0966270045       -0.2921697245
 H          2.4527913571        2.0979706232        0.3153636342
 H          3.6025516705       -0.0906028963       -0.0413549924
 H         -1.7820195698        1.7337885576       -0.6115947780
