  51
 Etot=         -95.3355831940
 O         -6.0408638929       -0.9575992602       -0.3533812056
 O         -2.3199111963       -1.1714450907        2.5942851389
 O         -4.2113435289       -1.6823816608       -1.4037642991
 O         -1.4035137119        1.5063213452       -1.4031743331
 O         -1.8998317306        3.0978030706        0.0787163400
 O          4.7623669771        1.8103640578        1.1876070811
 N         -2.5522024826       -0.5818636250        0.4296065017
 N          3.2844545330       -3.1077556880        0.1281608381
 N          3.8243770934       -0.3578064103       -0.4760646859
 N          1.5554417151        0.2166524552       -1.9488474915
 N          2.7485857034        2.7904797162        0.8838236985
 N          1.0987949562        2.0156357746       -0.5888580177
 N          0.6643841598        3.8145449641        0.7344630910
 C         -3.9521277551       -0.2665755954        0.5361960670
 C         -4.2613333495        1.2355906006        0.3998504963
 C         -3.6884494956        1.8428960451       -0.8882913149
 C         -1.8737519414       -1.1540068675        1.4618185206
 C         -0.5473353686       -1.7128674361        1.0991434205
 C         -4.7205246469       -1.0526200926       -0.5160871445
 C          1.9962764386       -2.7050802948        0.4727914899
 C          3.7860915997       -2.6584834025       -1.1712522479
 C         -0.3074540116       -2.3161429005       -0.1333945183
 C          0.4761937740       -1.6923990195        2.0443076136
 C          0.9411219005       -2.8159034769       -0.4370446559
 C          1.7313803110       -2.1689895553        1.7348895974
 C         -2.2335295894        2.2146735288       -0.6875604075
 C          3.3386528643       -1.2299798425       -1.3390482650
 C          3.1827617367        0.7925260915       -0.3106527884
 C          2.2591722760       -0.8666678090       -2.1667864603
 C          1.9431246261        1.0188448346       -0.9522396378
 C          3.6919477897        1.7883378646        0.6335356127
 C          1.4933673699        2.8487587291        0.3375255108
 H         -4.2801514679       -0.5998428332        1.5299752915
 H         -5.3449378423        1.3549051379        0.4190377151
 H         -3.8410830340        1.7640344752        1.2568082035
 H         -4.2305711062        2.7618700615       -1.1171010518
 H         -3.7758706323        1.1526977185       -1.7267376117
 H         -2.1713443227       -0.6316727546       -0.5040026942
 H          3.3811330976       -3.2873953934       -1.9673358153
 H          4.8724929112       -2.7411676023       -1.1654264664
 H         -1.1024285667       -2.4206921409       -0.8572562626
 H          0.2736997122       -1.2657273148        3.0151928812
 H          3.9417288557       -2.8924967066        0.8684243330
 H          1.1041863507       -3.2999264849       -1.3868160391
 H          2.5298007826       -2.1074630898        2.4611985065
 H          1.9566199485       -1.4717128190       -3.0105617970
 H         -6.5077572262       -1.4710776450       -1.0323592835
 H          3.0307828480        3.4926701193        1.5584909789
 H         -0.4316227975        1.7178108060       -1.2143455400
 H         -0.3229680054        3.7072510120        0.4680437415
 H          0.8939521460        4.3872448995        1.5275002934
  51
 Etot=         -95.3355832012
 O         -6.0408587101       -0.9575958601       -0.3533844593
 O         -2.3199102004       -1.1714467508        2.5942824762
 O         -4.2113430664       -1.6823766965       -1.4037703899
 O         -1.4035138720        1.5063260384       -1.4031730607
 O         -1.8998247531        3.0978170202        0.0787201694
 O          4.7623548143        1.8103625203        1.1876006617
 N         -2.5522027400       -0.5818648323        0.4296051020
 N          3.2844543954       -3.1077574038        0.1281611417
 N          3.8243720200       -0.3578019816       -0.4760606764
 N          1.5554400435        0.2166574448       -1.9488516628
 N          2.7485871091        2.7904773965        0.8838211467
 N          1.0987900921        2.0156418771       -0.5888494938
 N          0.6643886198        3.8145377470        0.7344590044
 C         -3.9521321101       -0.2665764167        0.5361967454
 C         -4.2613318037        1.2355932501        0.3998439690
 C         -3.6884443798        1.8428984639       -0.8882924939
 C         -1.8737603801       -1.1539995891        1.4618282810
 C         -0.5473307127       -1.7128586470        1.0991356444
 C         -4.7205244082       -1.0526423276       -0.5160713349
 C          1.9962741027       -2.7050737542        0.4727859451
 C          3.7860917084       -2.6584820984       -1.1712505546
 C         -0.3074564609       -2.3161566706       -0.1333900866
 C          0.4761895301       -1.6924032581        2.0443135459
 C          0.9411194431       -2.8159122572       -0.4370370932
 C          1.7313847611       -2.1689938570        1.7348901373
 C         -2.2335328768        2.2146507911       -0.6875634065
 C          3.3386510766       -1.2299771977       -1.3390508018
 C          3.1827647715        0.7925181491       -0.3106548738
 C          2.2591880348       -0.8666636297       -2.1667997363
 C          1.9431260200        1.0188350491       -0.9522358703
 C          3.6919715154        1.7883379588        0.6335434399
 C          1.4933585284        2.8487660226        0.3375189580
 H         -4.2801519135       -0.5998436248        1.5299729828
 H         -5.3449325511        1.3549053559        0.4190408141
 H         -3.8410859144        1.7640383337        1.2568059344
 H         -4.2305738089        2.7618710816       -1.1171005360
 H         -3.7758706274        1.1526987094       -1.7267371728
 H         -2.1713452270       -0.6316706089       -0.5040045882
 H          3.3811323299       -3.2873938365       -1.9673330628
 H          4.8724920699       -2.7411706190       -1.1654257363
 H         -1.1024305747       -2.4206890313       -0.8572620468
 H          0.2736999572       -1.2657264206        3.0151956479
 H          3.9417303415       -2.8924974119        0.8684241973
 H          1.1041886329       -3.2999180271       -1.3868235973
 H          2.5298016440       -2.1074607396        2.4612001362
 H          1.9566111648       -1.4717211213       -3.0105589152
 H         -6.5077552221       -1.4710763216       -1.0323590561
 H          3.0307825880        3.4926706746        1.5584921981
 H         -0.4316231872        1.7178139841       -1.2143472066
 H         -0.3229753467        3.7072544764        0.4680456502
 H          0.8939503073        4.3872491422        1.5275069115
